=> creating model 'resnet50'
Epoch: [0][   0/5005]	Time 10.116 (10.116)	Data  1.914 ( 1.914)	Loss 7.1332e+00 (7.1332e+00)	Acc@1   0.00 (  0.00)	Acc@5   0.00 (  0.00)
Epoch: [0][  10/5005]	Time  0.694 ( 1.523)	Data  0.000 ( 0.174)	Loss 8.2098e+00 (8.0481e+00)	Acc@1   0.00 (  0.00)	Acc@5   0.39 (  0.39)
Epoch: [0][  20/5005]	Time  0.696 ( 1.130)	Data  0.000 ( 0.108)	Loss 7.6365e+00 (8.0139e+00)	Acc@1   0.00 (  0.07)	Acc@5   0.00 (  0.47)
Epoch: [0][  30/5005]	Time  0.696 ( 0.990)	Data  0.000 ( 0.085)	Loss 7.4307e+00 (7.8597e+00)	Acc@1   0.00 (  0.09)	Acc@5   0.00 (  0.43)
Epoch: [0][  40/5005]	Time  0.697 ( 0.919)	Data  0.000 ( 0.073)	Loss 6.9953e+00 (7.6763e+00)	Acc@1   0.00 (  0.10)	Acc@5   0.00 (  0.50)
Epoch: [0][  50/5005]	Time  0.702 ( 0.875)	Data  0.000 ( 0.065)	Loss 6.9478e+00 (7.5409e+00)	Acc@1   0.00 (  0.13)	Acc@5   0.78 (  0.55)
/opt/conda/lib/python3.6/site-packages/PIL/TiffImagePlugin.py:754: UserWarning: Possibly corrupt EXIF data.  Expecting to read 19660800 bytes but only got 0. Skipping tag 0
  " Skipping tag %s" % (size, len(data), tag))
/opt/conda/lib/python3.6/site-packages/PIL/TiffImagePlugin.py:754: UserWarning: Possibly corrupt EXIF data.  Expecting to read 18481152 bytes but only got 0. Skipping tag 0
  " Skipping tag %s" % (size, len(data), tag))
/opt/conda/lib/python3.6/site-packages/PIL/TiffImagePlugin.py:754: UserWarning: Possibly corrupt EXIF data.  Expecting to read 37093376 bytes but only got 0. Skipping tag 0
  " Skipping tag %s" % (size, len(data), tag))
/opt/conda/lib/python3.6/site-packages/PIL/TiffImagePlugin.py:754: UserWarning: Possibly corrupt EXIF data.  Expecting to read 39976960 bytes but only got 0. Skipping tag 0
  " Skipping tag %s" % (size, len(data), tag))
/opt/conda/lib/python3.6/site-packages/PIL/TiffImagePlugin.py:754: UserWarning: Possibly corrupt EXIF data.  Expecting to read 34865152 bytes but only got 0. Skipping tag 0
  " Skipping tag %s" % (size, len(data), tag))
/opt/conda/lib/python3.6/site-packages/PIL/TiffImagePlugin.py:771: UserWarning: Corrupt EXIF data.  Expecting to read 12 bytes but only got 10.
  warnings.warn(str(msg))
Epoch: [0][  60/5005]	Time  0.698 ( 0.847)	Data  0.000 ( 0.061)	Loss 6.9224e+00 (7.4424e+00)	Acc@1   0.00 (  0.12)	Acc@5   0.39 (  0.54)
Epoch: [0][  70/5005]	Time  0.711 ( 0.826)	Data  0.000 ( 0.057)	Loss 6.9151e+00 (7.3687e+00)	Acc@1   0.00 (  0.13)	Acc@5   0.39 (  0.56)
Epoch: [0][  80/5005]	Time  0.705 ( 0.811)	Data  0.000 ( 0.054)	Loss 6.9032e+00 (7.3170e+00)	Acc@1   0.00 (  0.12)	Acc@5   0.39 (  0.55)
Epoch: [0][  90/5005]	Time  0.703 ( 0.798)	Data  0.000 ( 0.052)	Loss 6.9002e+00 (7.2757e+00)	Acc@1   0.39 (  0.12)	Acc@5   0.78 (  0.55)
Epoch: [0][ 100/5005]	Time  0.701 ( 0.789)	Data  0.000 ( 0.051)	Loss 6.9162e+00 (7.2405e+00)	Acc@1   0.00 (  0.12)	Acc@5   0.00 (  0.55)
Epoch: [0][ 110/5005]	Time  0.699 ( 0.781)	Data  0.000 ( 0.049)	Loss 6.9082e+00 (7.2109e+00)	Acc@1   0.00 (  0.12)	Acc@5   0.39 (  0.54)
Epoch: [0][ 120/5005]	Time  0.703 ( 0.774)	Data  0.000 ( 0.048)	Loss 6.9067e+00 (7.1870e+00)	Acc@1   0.39 (  0.12)	Acc@5   1.56 (  0.55)
Epoch: [0][ 130/5005]	Time  0.701 ( 0.769)	Data  0.000 ( 0.047)	Loss 6.9038e+00 (7.1662e+00)	Acc@1   0.39 (  0.13)	Acc@5   0.39 (  0.54)
Epoch: [0][ 140/5005]	Time  0.700 ( 0.764)	Data  0.000 ( 0.047)	Loss 6.9056e+00 (7.1487e+00)	Acc@1   0.00 (  0.12)	Acc@5   0.00 (  0.53)
Epoch: [0][ 150/5005]	Time  0.701 ( 0.760)	Data  0.000 ( 0.046)	Loss 6.9462e+00 (7.1335e+00)	Acc@1   0.00 (  0.12)	Acc@5   0.39 (  0.53)
Epoch: [0][ 160/5005]	Time  0.700 ( 0.756)	Data  0.000 ( 0.045)	Loss 6.8915e+00 (7.1190e+00)	Acc@1   0.00 (  0.13)	Acc@5   1.95 (  0.57)
Epoch: [0][ 170/5005]	Time  0.698 ( 0.753)	Data  0.000 ( 0.045)	Loss 6.9120e+00 (7.1068e+00)	Acc@1   0.00 (  0.13)	Acc@5   0.39 (  0.56)
Epoch: [0][ 180/5005]	Time  0.699 ( 0.750)	Data  0.000 ( 0.044)	Loss 6.9085e+00 (7.0952e+00)	Acc@1   0.39 (  0.13)	Acc@5   0.39 (  0.56)
/opt/conda/lib/python3.6/site-packages/PIL/TiffImagePlugin.py:754: UserWarning: Possibly corrupt EXIF data.  Expecting to read 2555904 bytes but only got 0. Skipping tag 0
  " Skipping tag %s" % (size, len(data), tag))
Epoch: [0][ 190/5005]	Time  0.700 ( 0.748)	Data  0.000 ( 0.044)	Loss 6.8911e+00 (7.0848e+00)	Acc@1   0.00 (  0.13)	Acc@5   0.39 (  0.58)
Epoch: [0][ 200/5005]	Time  0.703 ( 0.745)	Data  0.000 ( 0.043)	Loss 6.8769e+00 (7.0756e+00)	Acc@1   0.78 (  0.13)	Acc@5   1.56 (  0.59)
Epoch: [0][ 210/5005]	Time  0.701 ( 0.743)	Data  0.000 ( 0.043)	Loss 6.9108e+00 (7.0673e+00)	Acc@1   0.00 (  0.14)	Acc@5   0.00 (  0.58)
Epoch: [0][ 220/5005]	Time  0.706 ( 0.741)	Data  0.000 ( 0.043)	Loss 6.8837e+00 (7.0593e+00)	Acc@1   0.39 (  0.14)	Acc@5   1.56 (  0.60)
Epoch: [0][ 230/5005]	Time  0.698 ( 0.740)	Data  0.000 ( 0.042)	Loss 6.9003e+00 (7.0526e+00)	Acc@1   0.00 (  0.14)	Acc@5   0.39 (  0.59)
/opt/conda/lib/python3.6/site-packages/PIL/TiffImagePlugin.py:754: UserWarning: Possibly corrupt EXIF data.  Expecting to read 2555904 bytes but only got 0. Skipping tag 0
  " Skipping tag %s" % (size, len(data), tag))
Epoch: [0][ 240/5005]	Time  0.698 ( 0.738)	Data  0.000 ( 0.042)	Loss 6.8877e+00 (7.0460e+00)	Acc@1   0.00 (  0.15)	Acc@5   0.39 (  0.62)
Epoch: [0][ 250/5005]	Time  0.700 ( 0.736)	Data  0.000 ( 0.042)	Loss 6.8968e+00 (7.0401e+00)	Acc@1   0.00 (  0.14)	Acc@5   0.39 (  0.63)
Epoch: [0][ 260/5005]	Time  0.699 ( 0.735)	Data  0.000 ( 0.042)	Loss 6.8755e+00 (7.0347e+00)	Acc@1   0.39 (  0.15)	Acc@5   0.78 (  0.63)
Epoch: [0][ 270/5005]	Time  0.700 ( 0.734)	Data  0.000 ( 0.041)	Loss 6.8951e+00 (7.0303e+00)	Acc@1   0.00 (  0.15)	Acc@5   0.39 (  0.63)
Epoch: [0][ 280/5005]	Time  0.700 ( 0.733)	Data  0.000 ( 0.041)	Loss 6.8776e+00 (7.0251e+00)	Acc@1   0.00 (  0.15)	Acc@5   0.39 (  0.64)
Epoch: [0][ 290/5005]	Time  0.698 ( 0.731)	Data  0.000 ( 0.041)	Loss 6.9164e+00 (7.0208e+00)	Acc@1   0.39 (  0.15)	Acc@5   1.17 (  0.65)
Epoch: [0][ 300/5005]	Time  0.700 ( 0.730)	Data  0.000 ( 0.041)	Loss 6.8915e+00 (7.0165e+00)	Acc@1   0.00 (  0.15)	Acc@5   0.00 (  0.65)
Epoch: [0][ 310/5005]	Time  0.700 ( 0.729)	Data  0.000 ( 0.041)	Loss 6.8904e+00 (7.0125e+00)	Acc@1   0.00 (  0.15)	Acc@5   1.17 (  0.65)
Epoch: [0][ 320/5005]	Time  0.704 ( 0.729)	Data  0.000 ( 0.041)	Loss 6.8926e+00 (7.0085e+00)	Acc@1   0.00 (  0.15)	Acc@5   0.39 (  0.65)
Epoch: [0][ 330/5005]	Time  0.699 ( 0.728)	Data  0.000 ( 0.040)	Loss 6.8571e+00 (7.0046e+00)	Acc@1   0.00 (  0.16)	Acc@5   1.95 (  0.67)
Epoch: [0][ 340/5005]	Time  0.699 ( 0.727)	Data  0.000 ( 0.040)	Loss 6.8721e+00 (7.0012e+00)	Acc@1   0.78 (  0.16)	Acc@5   1.95 (  0.68)
Epoch: [0][ 350/5005]	Time  0.699 ( 0.726)	Data  0.000 ( 0.040)	Loss 6.8787e+00 (6.9978e+00)	Acc@1   0.78 (  0.16)	Acc@5   1.56 (  0.70)
Epoch: [0][ 360/5005]	Time  0.701 ( 0.726)	Data  0.000 ( 0.040)	Loss 6.8661e+00 (6.9946e+00)	Acc@1   0.39 (  0.17)	Acc@5   1.17 (  0.72)
Epoch: [0][ 370/5005]	Time  0.701 ( 0.725)	Data  0.000 ( 0.040)	Loss 6.8520e+00 (6.9916e+00)	Acc@1   1.17 (  0.17)	Acc@5   1.95 (  0.73)
Epoch: [0][ 380/5005]	Time  0.699 ( 0.724)	Data  0.000 ( 0.040)	Loss 6.8754e+00 (6.9889e+00)	Acc@1   0.00 (  0.17)	Acc@5   0.39 (  0.73)
Epoch: [0][ 390/5005]	Time  0.700 ( 0.724)	Data  0.000 ( 0.040)	Loss 6.8778e+00 (6.9863e+00)	Acc@1   0.00 (  0.17)	Acc@5   1.17 (  0.73)
Epoch: [0][ 400/5005]	Time  0.697 ( 0.723)	Data  0.000 ( 0.040)	Loss 6.8814e+00 (6.9838e+00)	Acc@1   0.39 (  0.17)	Acc@5   1.56 (  0.74)
Epoch: [0][ 410/5005]	Time  0.699 ( 0.723)	Data  0.000 ( 0.039)	Loss 6.8516e+00 (6.9811e+00)	Acc@1   0.00 (  0.17)	Acc@5   0.78 (  0.75)
Epoch: [0][ 420/5005]	Time  0.704 ( 0.722)	Data  0.000 ( 0.039)	Loss 6.8747e+00 (6.9786e+00)	Acc@1   0.00 (  0.17)	Acc@5   2.34 (  0.76)
Epoch: [0][ 430/5005]	Time  0.723 ( 0.722)	Data  0.000 ( 0.039)	Loss 6.8769e+00 (6.9760e+00)	Acc@1   0.00 (  0.17)	Acc@5   1.17 (  0.78)
Epoch: [0][ 440/5005]	Time  0.701 ( 0.721)	Data  0.000 ( 0.039)	Loss 6.8604e+00 (6.9735e+00)	Acc@1   0.39 (  0.17)	Acc@5   1.56 (  0.78)
Epoch: [0][ 450/5005]	Time  0.699 ( 0.721)	Data  0.000 ( 0.039)	Loss 6.8635e+00 (6.9707e+00)	Acc@1   1.17 (  0.18)	Acc@5   1.95 (  0.80)
Epoch: [0][ 460/5005]	Time  0.703 ( 0.721)	Data  0.000 ( 0.039)	Loss 6.8594e+00 (6.9688e+00)	Acc@1   0.00 (  0.18)	Acc@5   0.39 (  0.80)
Epoch: [0][ 470/5005]	Time  0.699 ( 0.720)	Data  0.000 ( 0.039)	Loss 6.8415e+00 (6.9664e+00)	Acc@1   0.00 (  0.18)	Acc@5   0.39 (  0.81)
Epoch: [0][ 480/5005]	Time  0.704 ( 0.720)	Data  0.000 ( 0.039)	Loss 6.8523e+00 (6.9639e+00)	Acc@1   0.39 (  0.18)	Acc@5   1.56 (  0.82)
Epoch: [0][ 490/5005]	Time  0.711 ( 0.719)	Data  0.000 ( 0.039)	Loss 6.8271e+00 (6.9612e+00)	Acc@1   0.39 (  0.18)	Acc@5   2.34 (  0.84)
Epoch: [0][ 500/5005]	Time  0.700 ( 0.719)	Data  0.000 ( 0.039)	Loss 6.8335e+00 (6.9589e+00)	Acc@1   0.39 (  0.18)	Acc@5   1.56 (  0.85)
Epoch: [0][ 510/5005]	Time  0.704 ( 0.719)	Data  0.000 ( 0.039)	Loss 6.8178e+00 (6.9564e+00)	Acc@1   0.39 (  0.18)	Acc@5   1.17 (  0.86)
Epoch: [0][ 520/5005]	Time  0.706 ( 0.718)	Data  0.000 ( 0.039)	Loss 6.8380e+00 (6.9541e+00)	Acc@1   0.00 (  0.18)	Acc@5   0.78 (  0.86)
Epoch: [0][ 530/5005]	Time  0.699 ( 0.718)	Data  0.000 ( 0.039)	Loss 6.8375e+00 (6.9515e+00)	Acc@1   0.78 (  0.19)	Acc@5   1.95 (  0.87)
Epoch: [0][ 540/5005]	Time  0.703 ( 0.718)	Data  0.000 ( 0.039)	Loss 6.8020e+00 (6.9490e+00)	Acc@1   0.00 (  0.19)	Acc@5   0.39 (  0.88)
Epoch: [0][ 550/5005]	Time  0.702 ( 0.718)	Data  0.000 ( 0.039)	Loss 6.7979e+00 (6.9461e+00)	Acc@1   0.78 (  0.19)	Acc@5   2.34 (  0.89)
Epoch: [0][ 560/5005]	Time  0.700 ( 0.717)	Data  0.000 ( 0.039)	Loss 6.8858e+00 (6.9435e+00)	Acc@1   0.00 (  0.19)	Acc@5   0.78 (  0.91)
Epoch: [0][ 570/5005]	Time  0.698 ( 0.717)	Data  0.000 ( 0.038)	Loss 6.8029e+00 (6.9410e+00)	Acc@1   0.39 (  0.19)	Acc@5   1.95 (  0.92)
Epoch: [0][ 580/5005]	Time  0.700 ( 0.717)	Data  0.000 ( 0.038)	Loss 6.7879e+00 (6.9386e+00)	Acc@1   0.00 (  0.19)	Acc@5   0.39 (  0.93)
Epoch: [0][ 590/5005]	Time  0.712 ( 0.717)	Data  0.000 ( 0.038)	Loss 6.7753e+00 (6.9360e+00)	Acc@1   0.00 (  0.19)	Acc@5   1.17 (  0.93)
Epoch: [0][ 600/5005]	Time  0.715 ( 0.716)	Data  0.000 ( 0.038)	Loss 6.8170e+00 (6.9335e+00)	Acc@1   0.39 (  0.20)	Acc@5   1.95 (  0.95)
Epoch: [0][ 610/5005]	Time  0.708 ( 0.716)	Data  0.000 ( 0.038)	Loss 6.7713e+00 (6.9306e+00)	Acc@1   0.78 (  0.20)	Acc@5   2.34 (  0.96)
Epoch: [0][ 620/5005]	Time  0.702 ( 0.716)	Data  0.000 ( 0.038)	Loss 6.6981e+00 (6.9279e+00)	Acc@1   0.78 (  0.21)	Acc@5   1.56 (  0.97)
Epoch: [0][ 630/5005]	Time  0.702 ( 0.716)	Data  0.000 ( 0.038)	Loss 6.7055e+00 (6.9249e+00)	Acc@1   0.39 (  0.22)	Acc@5   2.34 (  0.98)
Epoch: [0][ 640/5005]	Time  0.698 ( 0.715)	Data  0.000 ( 0.038)	Loss 6.7646e+00 (6.9222e+00)	Acc@1   0.00 (  0.22)	Acc@5   1.56 (  1.00)
Epoch: [0][ 650/5005]	Time  0.698 ( 0.715)	Data  0.000 ( 0.038)	Loss 6.6772e+00 (6.9192e+00)	Acc@1   0.78 (  0.22)	Acc@5   3.91 (  1.01)
Epoch: [0][ 660/5005]	Time  0.700 ( 0.715)	Data  0.000 ( 0.038)	Loss 6.7290e+00 (6.9168e+00)	Acc@1   0.78 (  0.22)	Acc@5   1.56 (  1.02)
Epoch: [0][ 670/5005]	Time  0.699 ( 0.715)	Data  0.000 ( 0.038)	Loss 6.6990e+00 (6.9142e+00)	Acc@1   0.39 (  0.23)	Acc@5   2.34 (  1.03)
Epoch: [0][ 680/5005]	Time  0.702 ( 0.714)	Data  0.000 ( 0.038)	Loss 6.7742e+00 (6.9115e+00)	Acc@1   0.00 (  0.23)	Acc@5   0.78 (  1.04)
Epoch: [0][ 690/5005]	Time  0.712 ( 0.714)	Data  0.000 ( 0.038)	Loss 6.7239e+00 (6.9084e+00)	Acc@1   0.78 (  0.23)	Acc@5   1.95 (  1.05)
Epoch: [0][ 700/5005]	Time  0.699 ( 0.714)	Data  0.000 ( 0.038)	Loss 6.6547e+00 (6.9054e+00)	Acc@1   0.39 (  0.23)	Acc@5   2.73 (  1.07)
Epoch: [0][ 710/5005]	Time  0.698 ( 0.714)	Data  0.000 ( 0.038)	Loss 6.6860e+00 (6.9022e+00)	Acc@1   0.78 (  0.24)	Acc@5   1.56 (  1.08)
Epoch: [0][ 720/5005]	Time  0.699 ( 0.714)	Data  0.000 ( 0.038)	Loss 6.7135e+00 (6.8992e+00)	Acc@1   0.78 (  0.24)	Acc@5   1.95 (  1.09)
Epoch: [0][ 730/5005]	Time  0.698 ( 0.714)	Data  0.000 ( 0.038)	Loss 6.7008e+00 (6.8967e+00)	Acc@1   0.39 (  0.24)	Acc@5   2.73 (  1.10)
Epoch: [0][ 740/5005]	Time  0.698 ( 0.713)	Data  0.000 ( 0.038)	Loss 6.6515e+00 (6.8940e+00)	Acc@1   0.78 (  0.24)	Acc@5   1.95 (  1.11)
Epoch: [0][ 750/5005]	Time  0.713 ( 0.713)	Data  0.000 ( 0.038)	Loss 6.6438e+00 (6.8911e+00)	Acc@1   0.00 (  0.25)	Acc@5   0.78 (  1.12)
Epoch: [0][ 760/5005]	Time  0.707 ( 0.713)	Data  0.000 ( 0.038)	Loss 6.6635e+00 (6.8881e+00)	Acc@1   0.00 (  0.25)	Acc@5   1.95 (  1.14)
Epoch: [0][ 770/5005]	Time  0.699 ( 0.713)	Data  0.000 ( 0.038)	Loss 6.6814e+00 (6.8852e+00)	Acc@1   1.17 (  0.25)	Acc@5   2.34 (  1.15)
Epoch: [0][ 780/5005]	Time  0.708 ( 0.713)	Data  0.000 ( 0.038)	Loss 6.7412e+00 (6.8825e+00)	Acc@1   0.39 (  0.26)	Acc@5   0.78 (  1.15)
Epoch: [0][ 790/5005]	Time  0.705 ( 0.713)	Data  0.000 ( 0.038)	Loss 6.6879e+00 (6.8796e+00)	Acc@1   0.39 (  0.26)	Acc@5   1.56 (  1.16)
Epoch: [0][ 800/5005]	Time  0.711 ( 0.712)	Data  0.000 ( 0.038)	Loss 6.6556e+00 (6.8771e+00)	Acc@1   0.39 (  0.26)	Acc@5   1.17 (  1.18)
Epoch: [0][ 810/5005]	Time  0.703 ( 0.712)	Data  0.000 ( 0.038)	Loss 6.6632e+00 (6.8743e+00)	Acc@1   0.00 (  0.26)	Acc@5   1.56 (  1.18)
Epoch: [0][ 820/5005]	Time  0.705 ( 0.712)	Data  0.000 ( 0.038)	Loss 6.6840e+00 (6.8714e+00)	Acc@1   0.78 (  0.26)	Acc@5   2.34 (  1.19)
Epoch: [0][ 830/5005]	Time  0.697 ( 0.712)	Data  0.000 ( 0.038)	Loss 6.6460e+00 (6.8685e+00)	Acc@1   0.39 (  0.26)	Acc@5   1.95 (  1.20)
Epoch: [0][ 840/5005]	Time  0.700 ( 0.712)	Data  0.000 ( 0.038)	Loss 6.5216e+00 (6.8653e+00)	Acc@1   0.39 (  0.27)	Acc@5   3.12 (  1.22)
Epoch: [0][ 850/5005]	Time  0.700 ( 0.712)	Data  0.002 ( 0.038)	Loss 6.6558e+00 (6.8625e+00)	Acc@1   0.00 (  0.27)	Acc@5   1.56 (  1.23)
Epoch: [0][ 860/5005]	Time  0.698 ( 0.712)	Data  0.000 ( 0.038)	Loss 6.5810e+00 (6.8597e+00)	Acc@1   0.00 (  0.27)	Acc@5   1.56 (  1.25)
Epoch: [0][ 870/5005]	Time  0.713 ( 0.712)	Data  0.000 ( 0.038)	Loss 6.5432e+00 (6.8567e+00)	Acc@1   0.39 (  0.27)	Acc@5   3.52 (  1.26)
Epoch: [0][ 880/5005]	Time  0.697 ( 0.711)	Data  0.000 ( 0.038)	Loss 6.5599e+00 (6.8534e+00)	Acc@1   0.39 (  0.28)	Acc@5   2.73 (  1.28)
Epoch: [0][ 890/5005]	Time  0.699 ( 0.711)	Data  0.000 ( 0.038)	Loss 6.5333e+00 (6.8506e+00)	Acc@1   0.39 (  0.28)	Acc@5   1.56 (  1.29)
Epoch: [0][ 900/5005]	Time  0.703 ( 0.711)	Data  0.000 ( 0.037)	Loss 6.5571e+00 (6.8475e+00)	Acc@1   1.17 (  0.28)	Acc@5   3.91 (  1.31)
Epoch: [0][ 910/5005]	Time  0.697 ( 0.711)	Data  0.000 ( 0.037)	Loss 6.5061e+00 (6.8446e+00)	Acc@1   0.78 (  0.29)	Acc@5   1.95 (  1.33)
Epoch: [0][ 920/5005]	Time  0.704 ( 0.711)	Data  0.000 ( 0.037)	Loss 6.5402e+00 (6.8415e+00)	Acc@1   0.39 (  0.30)	Acc@5   2.73 (  1.34)
Epoch: [0][ 930/5005]	Time  0.703 ( 0.711)	Data  0.000 ( 0.037)	Loss 6.5597e+00 (6.8385e+00)	Acc@1   1.56 (  0.30)	Acc@5   4.30 (  1.36)
Epoch: [0][ 940/5005]	Time  0.702 ( 0.711)	Data  0.000 ( 0.037)	Loss 6.5543e+00 (6.8353e+00)	Acc@1   0.39 (  0.30)	Acc@5   2.34 (  1.37)
Epoch: [0][ 950/5005]	Time  0.698 ( 0.711)	Data  0.000 ( 0.037)	Loss 6.5540e+00 (6.8322e+00)	Acc@1   0.39 (  0.31)	Acc@5   3.91 (  1.39)
Epoch: [0][ 960/5005]	Time  0.700 ( 0.711)	Data  0.000 ( 0.037)	Loss 6.4504e+00 (6.8289e+00)	Acc@1   0.78 (  0.32)	Acc@5   1.56 (  1.40)
Epoch: [0][ 970/5005]	Time  0.701 ( 0.711)	Data  0.000 ( 0.037)	Loss 6.5127e+00 (6.8260e+00)	Acc@1   1.56 (  0.32)	Acc@5   3.12 (  1.42)
Epoch: [0][ 980/5005]	Time  0.698 ( 0.710)	Data  0.000 ( 0.037)	Loss 6.4988e+00 (6.8227e+00)	Acc@1   1.17 (  0.32)	Acc@5   2.73 (  1.44)
Epoch: [0][ 990/5005]	Time  0.699 ( 0.710)	Data  0.000 ( 0.037)	Loss 6.5554e+00 (6.8197e+00)	Acc@1   0.39 (  0.33)	Acc@5   1.95 (  1.45)
Epoch: [0][1000/5005]	Time  0.704 ( 0.710)	Data  0.000 ( 0.037)	Loss 6.4819e+00 (6.8168e+00)	Acc@1   1.56 (  0.33)	Acc@5   3.52 (  1.47)
Epoch: [0][1010/5005]	Time  0.704 ( 0.710)	Data  0.000 ( 0.037)	Loss 6.5197e+00 (6.8135e+00)	Acc@1   0.78 (  0.34)	Acc@5   2.73 (  1.48)
Epoch: [0][1020/5005]	Time  0.699 ( 0.710)	Data  0.000 ( 0.037)	Loss 6.4376e+00 (6.8102e+00)	Acc@1   1.95 (  0.34)	Acc@5   3.12 (  1.50)
Epoch: [0][1030/5005]	Time  0.703 ( 0.710)	Data  0.000 ( 0.037)	Loss 6.5037e+00 (6.8072e+00)	Acc@1   1.56 (  0.35)	Acc@5   2.73 (  1.51)
Epoch: [0][1040/5005]	Time  0.698 ( 0.710)	Data  0.000 ( 0.037)	Loss 6.4836e+00 (6.8038e+00)	Acc@1   1.95 (  0.36)	Acc@5   4.69 (  1.53)
Epoch: [0][1050/5005]	Time  0.698 ( 0.710)	Data  0.000 ( 0.037)	Loss 6.4493e+00 (6.8005e+00)	Acc@1   0.39 (  0.36)	Acc@5   2.34 (  1.55)
Epoch: [0][1060/5005]	Time  0.697 ( 0.710)	Data  0.000 ( 0.037)	Loss 6.5399e+00 (6.7973e+00)	Acc@1   0.00 (  0.36)	Acc@5   1.95 (  1.56)
Epoch: [0][1070/5005]	Time  0.700 ( 0.710)	Data  0.000 ( 0.037)	Loss 6.4311e+00 (6.7941e+00)	Acc@1   1.17 (  0.37)	Acc@5   2.34 (  1.58)
Epoch: [0][1080/5005]	Time  0.701 ( 0.710)	Data  0.000 ( 0.037)	Loss 6.4694e+00 (6.7909e+00)	Acc@1   0.78 (  0.37)	Acc@5   3.12 (  1.60)
Epoch: [0][1090/5005]	Time  0.704 ( 0.710)	Data  0.000 ( 0.037)	Loss 6.5043e+00 (6.7877e+00)	Acc@1   0.39 (  0.38)	Acc@5   2.73 (  1.62)
Epoch: [0][1100/5005]	Time  0.712 ( 0.710)	Data  0.000 ( 0.037)	Loss 6.5133e+00 (6.7845e+00)	Acc@1   0.78 (  0.38)	Acc@5   3.12 (  1.64)
Epoch: [0][1110/5005]	Time  0.698 ( 0.709)	Data  0.000 ( 0.037)	Loss 6.3690e+00 (6.7811e+00)	Acc@1   0.39 (  0.38)	Acc@5   1.95 (  1.65)
Epoch: [0][1120/5005]	Time  0.700 ( 0.709)	Data  0.000 ( 0.037)	Loss 6.3770e+00 (6.7776e+00)	Acc@1   1.56 (  0.39)	Acc@5   4.30 (  1.67)
Epoch: [0][1130/5005]	Time  0.704 ( 0.709)	Data  0.000 ( 0.037)	Loss 6.3445e+00 (6.7741e+00)	Acc@1   1.56 (  0.40)	Acc@5   5.47 (  1.69)
Epoch: [0][1140/5005]	Time  0.698 ( 0.709)	Data  0.000 ( 0.037)	Loss 6.2830e+00 (6.7707e+00)	Acc@1   2.73 (  0.41)	Acc@5   6.25 (  1.71)
Epoch: [0][1150/5005]	Time  0.699 ( 0.709)	Data  0.000 ( 0.037)	Loss 6.3737e+00 (6.7672e+00)	Acc@1   1.17 (  0.41)	Acc@5   3.91 (  1.73)
Epoch: [0][1160/5005]	Time  0.700 ( 0.709)	Data  0.000 ( 0.037)	Loss 6.4138e+00 (6.7639e+00)	Acc@1   1.17 (  0.42)	Acc@5   3.12 (  1.74)
Epoch: [0][1170/5005]	Time  0.701 ( 0.709)	Data  0.000 ( 0.037)	Loss 6.3225e+00 (6.7605e+00)	Acc@1   1.56 (  0.42)	Acc@5   5.08 (  1.76)
Epoch: [0][1180/5005]	Time  0.700 ( 0.709)	Data  0.000 ( 0.037)	Loss 6.4052e+00 (6.7573e+00)	Acc@1   1.17 (  0.43)	Acc@5   3.91 (  1.78)
Epoch: [0][1190/5005]	Time  0.698 ( 0.709)	Data  0.000 ( 0.037)	Loss 6.3065e+00 (6.7537e+00)	Acc@1   0.78 (  0.43)	Acc@5   3.52 (  1.80)
Epoch: [0][1200/5005]	Time  0.700 ( 0.709)	Data  0.000 ( 0.037)	Loss 6.2174e+00 (6.7500e+00)	Acc@1   0.78 (  0.43)	Acc@5   3.91 (  1.82)
Epoch: [0][1210/5005]	Time  0.704 ( 0.709)	Data  0.000 ( 0.037)	Loss 6.2816e+00 (6.7465e+00)	Acc@1   1.56 (  0.44)	Acc@5   4.69 (  1.85)
Epoch: [0][1220/5005]	Time  0.700 ( 0.709)	Data  0.000 ( 0.037)	Loss 6.2961e+00 (6.7431e+00)	Acc@1   1.95 (  0.45)	Acc@5   3.12 (  1.87)
Epoch: [0][1230/5005]	Time  0.700 ( 0.709)	Data  0.000 ( 0.037)	Loss 6.2913e+00 (6.7397e+00)	Acc@1   1.17 (  0.45)	Acc@5   5.08 (  1.89)
Epoch: [0][1240/5005]	Time  0.702 ( 0.709)	Data  0.000 ( 0.037)	Loss 6.3380e+00 (6.7363e+00)	Acc@1   2.34 (  0.46)	Acc@5   4.30 (  1.91)
Epoch: [0][1250/5005]	Time  0.699 ( 0.708)	Data  0.000 ( 0.037)	Loss 6.2717e+00 (6.7329e+00)	Acc@1   1.56 (  0.46)	Acc@5   4.30 (  1.93)
Epoch: [0][1260/5005]	Time  0.699 ( 0.708)	Data  0.000 ( 0.037)	Loss 6.3230e+00 (6.7294e+00)	Acc@1   1.95 (  0.47)	Acc@5   5.47 (  1.95)
Epoch: [0][1270/5005]	Time  0.699 ( 0.708)	Data  0.000 ( 0.037)	Loss 6.2566e+00 (6.7260e+00)	Acc@1   0.78 (  0.47)	Acc@5   4.69 (  1.96)
Epoch: [0][1280/5005]	Time  0.699 ( 0.708)	Data  0.000 ( 0.037)	Loss 6.2598e+00 (6.7226e+00)	Acc@1   1.17 (  0.48)	Acc@5   4.30 (  1.99)
Epoch: [0][1290/5005]	Time  0.699 ( 0.708)	Data  0.000 ( 0.037)	Loss 6.3775e+00 (6.7192e+00)	Acc@1   0.39 (  0.48)	Acc@5   3.12 (  2.01)
Epoch: [0][1300/5005]	Time  0.700 ( 0.708)	Data  0.000 ( 0.037)	Loss 6.1429e+00 (6.7156e+00)	Acc@1   1.95 (  0.49)	Acc@5   7.03 (  2.03)
Epoch: [0][1310/5005]	Time  0.697 ( 0.708)	Data  0.000 ( 0.037)	Loss 6.1306e+00 (6.7116e+00)	Acc@1   1.17 (  0.49)	Acc@5   3.52 (  2.06)
Epoch: [0][1320/5005]	Time  0.713 ( 0.708)	Data  0.000 ( 0.037)	Loss 6.1741e+00 (6.7078e+00)	Acc@1   1.95 (  0.50)	Acc@5   5.47 (  2.09)
Epoch: [0][1330/5005]	Time  0.704 ( 0.708)	Data  0.000 ( 0.037)	Loss 6.2152e+00 (6.7042e+00)	Acc@1   1.56 (  0.50)	Acc@5   3.91 (  2.10)
Epoch: [0][1340/5005]	Time  0.699 ( 0.708)	Data  0.000 ( 0.037)	Loss 6.1183e+00 (6.7003e+00)	Acc@1   2.73 (  0.51)	Acc@5   7.42 (  2.13)
Epoch: [0][1350/5005]	Time  0.705 ( 0.708)	Data  0.000 ( 0.037)	Loss 6.1808e+00 (6.6969e+00)	Acc@1   1.56 (  0.52)	Acc@5   6.25 (  2.15)
Epoch: [0][1360/5005]	Time  0.700 ( 0.708)	Data  0.000 ( 0.037)	Loss 6.1576e+00 (6.6931e+00)	Acc@1   1.95 (  0.52)	Acc@5   6.64 (  2.18)
Epoch: [0][1370/5005]	Time  0.698 ( 0.708)	Data  0.000 ( 0.037)	Loss 6.3673e+00 (6.6899e+00)	Acc@1   1.17 (  0.53)	Acc@5   5.86 (  2.20)
Epoch: [0][1380/5005]	Time  0.700 ( 0.708)	Data  0.000 ( 0.037)	Loss 6.1792e+00 (6.6865e+00)	Acc@1   1.56 (  0.54)	Acc@5   4.30 (  2.22)
Epoch: [0][1390/5005]	Time  0.698 ( 0.708)	Data  0.000 ( 0.037)	Loss 6.0254e+00 (6.6828e+00)	Acc@1   2.73 (  0.54)	Acc@5   8.20 (  2.24)
Epoch: [0][1400/5005]	Time  0.713 ( 0.708)	Data  0.000 ( 0.037)	Loss 6.1101e+00 (6.6789e+00)	Acc@1   2.34 (  0.55)	Acc@5   5.47 (  2.27)
Epoch: [0][1410/5005]	Time  0.704 ( 0.708)	Data  0.000 ( 0.037)	Loss 6.1087e+00 (6.6750e+00)	Acc@1   1.95 (  0.56)	Acc@5   5.47 (  2.30)
Epoch: [0][1420/5005]	Time  0.705 ( 0.708)	Data  0.000 ( 0.037)	Loss 6.1470e+00 (6.6712e+00)	Acc@1   0.39 (  0.57)	Acc@5   6.25 (  2.32)
Epoch: [0][1430/5005]	Time  0.703 ( 0.708)	Data  0.000 ( 0.037)	Loss 6.1164e+00 (6.6675e+00)	Acc@1   1.17 (  0.57)	Acc@5   5.47 (  2.34)
Epoch: [0][1440/5005]	Time  0.700 ( 0.708)	Data  0.000 ( 0.037)	Loss 6.2316e+00 (6.6639e+00)	Acc@1   1.95 (  0.58)	Acc@5   5.86 (  2.38)
Epoch: [0][1450/5005]	Time  0.704 ( 0.708)	Data  0.000 ( 0.037)	Loss 6.0574e+00 (6.6599e+00)	Acc@1   2.34 (  0.59)	Acc@5   6.64 (  2.41)
Epoch: [0][1460/5005]	Time  0.700 ( 0.708)	Data  0.000 ( 0.037)	Loss 6.0826e+00 (6.6563e+00)	Acc@1   1.56 (  0.59)	Acc@5   4.69 (  2.43)
Epoch: [0][1470/5005]	Time  0.704 ( 0.707)	Data  0.000 ( 0.037)	Loss 6.1860e+00 (6.6527e+00)	Acc@1   1.95 (  0.60)	Acc@5   6.25 (  2.45)
Epoch: [0][1480/5005]	Time  0.699 ( 0.707)	Data  0.000 ( 0.037)	Loss 6.1111e+00 (6.6491e+00)	Acc@1   1.95 (  0.61)	Acc@5   5.86 (  2.47)
Epoch: [0][1490/5005]	Time  0.705 ( 0.707)	Data  0.000 ( 0.037)	Loss 6.1266e+00 (6.6452e+00)	Acc@1   2.73 (  0.61)	Acc@5   5.08 (  2.50)
Epoch: [0][1500/5005]	Time  0.701 ( 0.707)	Data  0.000 ( 0.037)	Loss 5.9504e+00 (6.6414e+00)	Acc@1   3.12 (  0.62)	Acc@5   8.59 (  2.52)
Epoch: [0][1510/5005]	Time  0.704 ( 0.707)	Data  0.000 ( 0.037)	Loss 6.1702e+00 (6.6378e+00)	Acc@1   1.17 (  0.63)	Acc@5   4.30 (  2.55)
Epoch: [0][1520/5005]	Time  0.714 ( 0.707)	Data  0.000 ( 0.037)	Loss 6.1693e+00 (6.6343e+00)	Acc@1   1.56 (  0.64)	Acc@5   5.86 (  2.57)
Epoch: [0][1530/5005]	Time  0.699 ( 0.707)	Data  0.000 ( 0.037)	Loss 6.0611e+00 (6.6307e+00)	Acc@1   2.34 (  0.64)	Acc@5   7.03 (  2.60)
Epoch: [0][1540/5005]	Time  0.701 ( 0.707)	Data  0.000 ( 0.037)	Loss 6.0238e+00 (6.6269e+00)	Acc@1   1.95 (  0.65)	Acc@5   6.64 (  2.63)
Epoch: [0][1550/5005]	Time  0.700 ( 0.707)	Data  0.000 ( 0.037)	Loss 6.1062e+00 (6.6232e+00)	Acc@1   2.73 (  0.66)	Acc@5  10.16 (  2.66)
Epoch: [0][1560/5005]	Time  0.704 ( 0.707)	Data  0.000 ( 0.037)	Loss 6.0589e+00 (6.6194e+00)	Acc@1   1.56 (  0.67)	Acc@5   5.86 (  2.69)
Epoch: [0][1570/5005]	Time  0.700 ( 0.707)	Data  0.000 ( 0.037)	Loss 6.0225e+00 (6.6157e+00)	Acc@1   2.73 (  0.68)	Acc@5   6.64 (  2.72)
Epoch: [0][1580/5005]	Time  0.700 ( 0.707)	Data  0.000 ( 0.037)	Loss 6.1939e+00 (6.6123e+00)	Acc@1   1.56 (  0.69)	Acc@5   5.08 (  2.75)
Epoch: [0][1590/5005]	Time  0.702 ( 0.707)	Data  0.000 ( 0.037)	Loss 5.9413e+00 (6.6085e+00)	Acc@1   2.34 (  0.70)	Acc@5   8.59 (  2.78)
Epoch: [0][1600/5005]	Time  0.700 ( 0.707)	Data  0.000 ( 0.037)	Loss 5.9618e+00 (6.6045e+00)	Acc@1   1.95 (  0.71)	Acc@5   6.25 (  2.81)
Epoch: [0][1610/5005]	Time  0.701 ( 0.707)	Data  0.000 ( 0.037)	Loss 5.9620e+00 (6.6008e+00)	Acc@1   2.73 (  0.71)	Acc@5  11.33 (  2.84)
Epoch: [0][1620/5005]	Time  0.697 ( 0.707)	Data  0.000 ( 0.037)	Loss 6.0822e+00 (6.5971e+00)	Acc@1   4.69 (  0.72)	Acc@5   8.20 (  2.87)
Epoch: [0][1630/5005]	Time  0.704 ( 0.707)	Data  0.000 ( 0.037)	Loss 5.9789e+00 (6.5935e+00)	Acc@1   2.73 (  0.74)	Acc@5   8.59 (  2.90)
Epoch: [0][1640/5005]	Time  0.699 ( 0.707)	Data  0.000 ( 0.037)	Loss 5.9454e+00 (6.5898e+00)	Acc@1   2.73 (  0.74)	Acc@5   7.42 (  2.93)
Epoch: [0][1650/5005]	Time  0.701 ( 0.707)	Data  0.000 ( 0.037)	Loss 5.9450e+00 (6.5860e+00)	Acc@1   1.56 (  0.75)	Acc@5   7.42 (  2.95)
Epoch: [0][1660/5005]	Time  0.701 ( 0.707)	Data  0.000 ( 0.037)	Loss 5.9169e+00 (6.5820e+00)	Acc@1   3.12 (  0.76)	Acc@5   7.42 (  2.99)
Epoch: [0][1670/5005]	Time  0.698 ( 0.707)	Data  0.000 ( 0.037)	Loss 5.9367e+00 (6.5782e+00)	Acc@1   1.17 (  0.77)	Acc@5   7.81 (  3.02)
Epoch: [0][1680/5005]	Time  0.700 ( 0.707)	Data  0.000 ( 0.037)	Loss 5.9294e+00 (6.5744e+00)	Acc@1   2.34 (  0.78)	Acc@5  11.72 (  3.05)
Epoch: [0][1690/5005]	Time  0.703 ( 0.707)	Data  0.000 ( 0.037)	Loss 5.8666e+00 (6.5708e+00)	Acc@1   2.73 (  0.79)	Acc@5   9.77 (  3.08)
Epoch: [0][1700/5005]	Time  0.702 ( 0.707)	Data  0.000 ( 0.037)	Loss 6.0219e+00 (6.5670e+00)	Acc@1   2.34 (  0.80)	Acc@5   6.25 (  3.11)
Epoch: [0][1710/5005]	Time  0.701 ( 0.707)	Data  0.000 ( 0.037)	Loss 5.9368e+00 (6.5633e+00)	Acc@1   1.56 (  0.81)	Acc@5   8.59 (  3.15)
Epoch: [0][1720/5005]	Time  0.702 ( 0.707)	Data  0.000 ( 0.037)	Loss 5.9085e+00 (6.5598e+00)	Acc@1   2.34 (  0.82)	Acc@5   7.42 (  3.17)
Epoch: [0][1730/5005]	Time  0.701 ( 0.707)	Data  0.000 ( 0.037)	Loss 5.9172e+00 (6.5562e+00)	Acc@1   1.95 (  0.83)	Acc@5   5.86 (  3.20)
Epoch: [0][1740/5005]	Time  0.703 ( 0.706)	Data  0.000 ( 0.037)	Loss 5.9888e+00 (6.5525e+00)	Acc@1   3.12 (  0.84)	Acc@5   7.03 (  3.24)
Epoch: [0][1750/5005]	Time  0.699 ( 0.706)	Data  0.000 ( 0.037)	Loss 5.9660e+00 (6.5488e+00)	Acc@1   1.95 (  0.85)	Acc@5  10.16 (  3.27)
Epoch: [0][1760/5005]	Time  0.700 ( 0.706)	Data  0.000 ( 0.037)	Loss 6.0414e+00 (6.5452e+00)	Acc@1   1.56 (  0.86)	Acc@5   6.25 (  3.30)
Epoch: [0][1770/5005]	Time  0.697 ( 0.706)	Data  0.000 ( 0.037)	Loss 5.9766e+00 (6.5418e+00)	Acc@1   2.34 (  0.87)	Acc@5   9.77 (  3.33)
Epoch: [0][1780/5005]	Time  0.701 ( 0.706)	Data  0.000 ( 0.037)	Loss 5.9562e+00 (6.5382e+00)	Acc@1   0.78 (  0.88)	Acc@5   6.64 (  3.37)
Epoch: [0][1790/5005]	Time  0.711 ( 0.706)	Data  0.000 ( 0.037)	Loss 5.8433e+00 (6.5346e+00)	Acc@1   2.73 (  0.88)	Acc@5   8.59 (  3.40)
Epoch: [0][1800/5005]	Time  0.703 ( 0.706)	Data  0.000 ( 0.037)	Loss 5.8055e+00 (6.5306e+00)	Acc@1   2.34 (  0.89)	Acc@5  12.50 (  3.43)
/opt/conda/lib/python3.6/site-packages/PIL/TiffImagePlugin.py:771: UserWarning: Corrupt EXIF data.  Expecting to read 4 bytes but only got 0.
  warnings.warn(str(msg))
Epoch: [0][1810/5005]	Time  0.699 ( 0.706)	Data  0.000 ( 0.037)	Loss 5.8867e+00 (6.5269e+00)	Acc@1   2.34 (  0.91)	Acc@5   9.77 (  3.47)
Epoch: [0][1820/5005]	Time  0.700 ( 0.706)	Data  0.000 ( 0.037)	Loss 5.8791e+00 (6.5231e+00)	Acc@1   3.12 (  0.92)	Acc@5   8.20 (  3.50)
Epoch: [0][1830/5005]	Time  0.703 ( 0.706)	Data  0.000 ( 0.037)	Loss 5.8807e+00 (6.5192e+00)	Acc@1   1.56 (  0.93)	Acc@5  10.55 (  3.54)
Epoch: [0][1840/5005]	Time  0.701 ( 0.706)	Data  0.000 ( 0.037)	Loss 5.8921e+00 (6.5158e+00)	Acc@1   2.73 (  0.94)	Acc@5   8.98 (  3.57)
Epoch: [0][1850/5005]	Time  0.698 ( 0.706)	Data  0.000 ( 0.037)	Loss 5.8909e+00 (6.5121e+00)	Acc@1   3.91 (  0.95)	Acc@5   8.98 (  3.60)
Epoch: [0][1860/5005]	Time  0.704 ( 0.706)	Data  0.000 ( 0.037)	Loss 5.7943e+00 (6.5084e+00)	Acc@1   3.91 (  0.96)	Acc@5  10.55 (  3.64)
Epoch: [0][1870/5005]	Time  0.698 ( 0.706)	Data  0.000 ( 0.037)	Loss 5.9455e+00 (6.5050e+00)	Acc@1   3.12 (  0.97)	Acc@5   8.98 (  3.68)
Epoch: [0][1880/5005]	Time  0.699 ( 0.706)	Data  0.000 ( 0.037)	Loss 5.6903e+00 (6.5013e+00)	Acc@1   3.52 (  0.98)	Acc@5  12.11 (  3.71)
Epoch: [0][1890/5005]	Time  0.713 ( 0.706)	Data  0.000 ( 0.037)	Loss 5.6961e+00 (6.4975e+00)	Acc@1   5.08 (  1.00)	Acc@5  13.28 (  3.75)
Epoch: [0][1900/5005]	Time  0.699 ( 0.706)	Data  0.000 ( 0.037)	Loss 5.7827e+00 (6.4934e+00)	Acc@1   2.34 (  1.01)	Acc@5  10.94 (  3.79)
Epoch: [0][1910/5005]	Time  0.702 ( 0.706)	Data  0.000 ( 0.037)	Loss 5.7911e+00 (6.4897e+00)	Acc@1   2.73 (  1.02)	Acc@5   9.77 (  3.82)
Epoch: [0][1920/5005]	Time  0.705 ( 0.706)	Data  0.000 ( 0.037)	Loss 5.6978e+00 (6.4862e+00)	Acc@1   3.91 (  1.03)	Acc@5  12.50 (  3.86)
Epoch: [0][1930/5005]	Time  0.699 ( 0.706)	Data  0.000 ( 0.037)	Loss 5.6818e+00 (6.4825e+00)	Acc@1   4.30 (  1.04)	Acc@5  10.94 (  3.90)
Epoch: [0][1940/5005]	Time  0.699 ( 0.706)	Data  0.000 ( 0.037)	Loss 5.7852e+00 (6.4790e+00)	Acc@1   3.52 (  1.05)	Acc@5  11.72 (  3.94)
Epoch: [0][1950/5005]	Time  0.708 ( 0.706)	Data  0.000 ( 0.037)	Loss 5.6772e+00 (6.4751e+00)	Acc@1   2.34 (  1.06)	Acc@5   8.59 (  3.97)
Epoch: [0][1960/5005]	Time  0.701 ( 0.706)	Data  0.000 ( 0.037)	Loss 5.7394e+00 (6.4715e+00)	Acc@1   2.34 (  1.07)	Acc@5  11.72 (  4.00)
Epoch: [0][1970/5005]	Time  0.698 ( 0.706)	Data  0.000 ( 0.037)	Loss 5.6376e+00 (6.4678e+00)	Acc@1   3.12 (  1.08)	Acc@5  11.33 (  4.03)
Epoch: [0][1980/5005]	Time  0.701 ( 0.706)	Data  0.000 ( 0.037)	Loss 5.7011e+00 (6.4643e+00)	Acc@1   3.52 (  1.10)	Acc@5  10.55 (  4.07)
Epoch: [0][1990/5005]	Time  0.701 ( 0.706)	Data  0.000 ( 0.037)	Loss 5.6751e+00 (6.4607e+00)	Acc@1   4.30 (  1.11)	Acc@5  13.28 (  4.11)
Epoch: [0][2000/5005]	Time  0.700 ( 0.706)	Data  0.000 ( 0.037)	Loss 5.9861e+00 (6.4570e+00)	Acc@1   1.95 (  1.12)	Acc@5  10.16 (  4.14)
Epoch: [0][2010/5005]	Time  0.705 ( 0.706)	Data  0.000 ( 0.037)	Loss 5.7594e+00 (6.4533e+00)	Acc@1   2.34 (  1.13)	Acc@5  12.89 (  4.18)
Epoch: [0][2020/5005]	Time  0.699 ( 0.706)	Data  0.000 ( 0.037)	Loss 5.6759e+00 (6.4494e+00)	Acc@1   5.86 (  1.15)	Acc@5  13.28 (  4.22)
Epoch: [0][2030/5005]	Time  0.701 ( 0.706)	Data  0.000 ( 0.037)	Loss 5.6859e+00 (6.4458e+00)	Acc@1   4.30 (  1.16)	Acc@5  10.94 (  4.25)
Epoch: [0][2040/5005]	Time  0.699 ( 0.706)	Data  0.000 ( 0.037)	Loss 5.8746e+00 (6.4423e+00)	Acc@1   1.95 (  1.17)	Acc@5  10.55 (  4.29)
Epoch: [0][2050/5005]	Time  0.700 ( 0.706)	Data  0.000 ( 0.037)	Loss 5.6652e+00 (6.4385e+00)	Acc@1   4.69 (  1.18)	Acc@5  11.33 (  4.33)
Epoch: [0][2060/5005]	Time  0.700 ( 0.706)	Data  0.000 ( 0.037)	Loss 5.5842e+00 (6.4347e+00)	Acc@1   4.30 (  1.19)	Acc@5  12.50 (  4.37)
Epoch: [0][2070/5005]	Time  0.698 ( 0.706)	Data  0.000 ( 0.037)	Loss 5.8333e+00 (6.4312e+00)	Acc@1   2.34 (  1.20)	Acc@5   9.77 (  4.40)
Epoch: [0][2080/5005]	Time  0.699 ( 0.706)	Data  0.000 ( 0.037)	Loss 5.5088e+00 (6.4275e+00)	Acc@1   4.30 (  1.22)	Acc@5  16.80 (  4.44)
Epoch: [0][2090/5005]	Time  0.712 ( 0.706)	Data  0.000 ( 0.037)	Loss 5.6974e+00 (6.4238e+00)	Acc@1   2.73 (  1.23)	Acc@5   8.98 (  4.48)
Epoch: [0][2100/5005]	Time  0.699 ( 0.706)	Data  0.000 ( 0.037)	Loss 5.5923e+00 (6.4200e+00)	Acc@1   3.91 (  1.24)	Acc@5  12.89 (  4.52)
Epoch: [0][2110/5005]	Time  0.705 ( 0.706)	Data  0.000 ( 0.037)	Loss 5.6440e+00 (6.4162e+00)	Acc@1   3.12 (  1.25)	Acc@5  11.72 (  4.56)
Epoch: [0][2120/5005]	Time  0.703 ( 0.706)	Data  0.000 ( 0.037)	Loss 5.6300e+00 (6.4126e+00)	Acc@1   3.52 (  1.26)	Acc@5  14.84 (  4.60)
Epoch: [0][2130/5005]	Time  0.700 ( 0.706)	Data  0.000 ( 0.037)	Loss 5.6723e+00 (6.4090e+00)	Acc@1   5.47 (  1.28)	Acc@5  11.33 (  4.64)
Epoch: [0][2140/5005]	Time  0.703 ( 0.706)	Data  0.000 ( 0.037)	Loss 5.6081e+00 (6.4055e+00)	Acc@1   4.30 (  1.29)	Acc@5  13.67 (  4.68)
Epoch: [0][2150/5005]	Time  0.698 ( 0.706)	Data  0.000 ( 0.037)	Loss 5.6490e+00 (6.4019e+00)	Acc@1   4.30 (  1.30)	Acc@5  12.11 (  4.71)
Epoch: [0][2160/5005]	Time  0.698 ( 0.705)	Data  0.000 ( 0.037)	Loss 5.7991e+00 (6.3985e+00)	Acc@1   3.12 (  1.31)	Acc@5  10.94 (  4.74)
Epoch: [0][2170/5005]	Time  0.702 ( 0.705)	Data  0.000 ( 0.037)	Loss 5.6844e+00 (6.3949e+00)	Acc@1   2.73 (  1.32)	Acc@5  12.50 (  4.78)
Epoch: [0][2180/5005]	Time  0.700 ( 0.705)	Data  0.000 ( 0.037)	Loss 5.5156e+00 (6.3912e+00)	Acc@1   3.52 (  1.34)	Acc@5  17.97 (  4.82)
Epoch: [0][2190/5005]	Time  0.701 ( 0.705)	Data  0.000 ( 0.037)	Loss 5.8813e+00 (6.3876e+00)	Acc@1   2.34 (  1.35)	Acc@5  10.55 (  4.86)
Epoch: [0][2200/5005]	Time  0.699 ( 0.705)	Data  0.000 ( 0.037)	Loss 5.5114e+00 (6.3840e+00)	Acc@1   3.52 (  1.36)	Acc@5  13.67 (  4.90)
Epoch: [0][2210/5005]	Time  0.699 ( 0.705)	Data  0.000 ( 0.037)	Loss 5.4030e+00 (6.3800e+00)	Acc@1   5.08 (  1.38)	Acc@5  16.02 (  4.95)
Epoch: [0][2220/5005]	Time  0.699 ( 0.705)	Data  0.000 ( 0.037)	Loss 5.5618e+00 (6.3764e+00)	Acc@1   5.86 (  1.39)	Acc@5  14.06 (  4.99)
Epoch: [0][2230/5005]	Time  0.706 ( 0.705)	Data  0.000 ( 0.037)	Loss 5.4575e+00 (6.3727e+00)	Acc@1   3.52 (  1.40)	Acc@5  14.45 (  5.03)
Epoch: [0][2240/5005]	Time  0.703 ( 0.705)	Data  0.000 ( 0.037)	Loss 5.5944e+00 (6.3691e+00)	Acc@1   3.91 (  1.42)	Acc@5  11.72 (  5.07)
Epoch: [0][2250/5005]	Time  0.700 ( 0.705)	Data  0.000 ( 0.037)	Loss 5.6927e+00 (6.3655e+00)	Acc@1   4.30 (  1.43)	Acc@5  12.11 (  5.11)
Epoch: [0][2260/5005]	Time  0.700 ( 0.705)	Data  0.000 ( 0.037)	Loss 5.6304e+00 (6.3621e+00)	Acc@1   2.73 (  1.45)	Acc@5  11.33 (  5.15)
Epoch: [0][2270/5005]	Time  0.704 ( 0.705)	Data  0.000 ( 0.037)	Loss 5.5217e+00 (6.3584e+00)	Acc@1   3.12 (  1.46)	Acc@5  12.50 (  5.19)
Epoch: [0][2280/5005]	Time  0.702 ( 0.705)	Data  0.000 ( 0.037)	Loss 5.7010e+00 (6.3550e+00)	Acc@1   4.30 (  1.48)	Acc@5  12.50 (  5.23)
Epoch: [0][2290/5005]	Time  0.705 ( 0.705)	Data  0.000 ( 0.037)	Loss 5.6139e+00 (6.3516e+00)	Acc@1   2.73 (  1.49)	Acc@5  12.50 (  5.26)
Epoch: [0][2300/5005]	Time  0.702 ( 0.705)	Data  0.000 ( 0.037)	Loss 5.4377e+00 (6.3480e+00)	Acc@1   5.47 (  1.50)	Acc@5  16.80 (  5.30)
Epoch: [0][2310/5005]	Time  0.701 ( 0.705)	Data  0.000 ( 0.037)	Loss 5.5514e+00 (6.3443e+00)	Acc@1   3.52 (  1.52)	Acc@5  16.41 (  5.34)
Epoch: [0][2320/5005]	Time  0.718 ( 0.705)	Data  0.000 ( 0.037)	Loss 5.5421e+00 (6.3409e+00)	Acc@1   5.47 (  1.53)	Acc@5  16.02 (  5.38)
Epoch: [0][2330/5005]	Time  0.699 ( 0.705)	Data  0.000 ( 0.036)	Loss 5.5067e+00 (6.3372e+00)	Acc@1   3.91 (  1.55)	Acc@5  12.89 (  5.42)
/opt/conda/lib/python3.6/site-packages/PIL/TiffImagePlugin.py:754: UserWarning: Possibly corrupt EXIF data.  Expecting to read 2555904 bytes but only got 0. Skipping tag 0
  " Skipping tag %s" % (size, len(data), tag))
Epoch: [0][2340/5005]	Time  0.716 ( 0.705)	Data  0.000 ( 0.036)	Loss 5.4019e+00 (6.3338e+00)	Acc@1   5.86 (  1.56)	Acc@5  17.58 (  5.46)
Epoch: [0][2350/5005]	Time  0.699 ( 0.705)	Data  0.000 ( 0.036)	Loss 5.5702e+00 (6.3304e+00)	Acc@1   2.34 (  1.57)	Acc@5  14.45 (  5.49)
Epoch: [0][2360/5005]	Time  0.699 ( 0.705)	Data  0.000 ( 0.036)	Loss 5.4160e+00 (6.3268e+00)	Acc@1   5.47 (  1.58)	Acc@5  15.23 (  5.54)
Epoch: [0][2370/5005]	Time  0.700 ( 0.705)	Data  0.000 ( 0.036)	Loss 5.4987e+00 (6.3232e+00)	Acc@1   3.91 (  1.60)	Acc@5  14.06 (  5.58)
Epoch: [0][2380/5005]	Time  0.703 ( 0.705)	Data  0.000 ( 0.036)	Loss 5.4840e+00 (6.3195e+00)	Acc@1   4.30 (  1.61)	Acc@5  12.50 (  5.62)
Epoch: [0][2390/5005]	Time  0.700 ( 0.705)	Data  0.000 ( 0.036)	Loss 5.5039e+00 (6.3161e+00)	Acc@1   5.08 (  1.62)	Acc@5  17.58 (  5.66)
Epoch: [0][2400/5005]	Time  0.699 ( 0.705)	Data  0.000 ( 0.036)	Loss 5.4879e+00 (6.3125e+00)	Acc@1   3.52 (  1.63)	Acc@5  15.62 (  5.69)
Epoch: [0][2410/5005]	Time  0.701 ( 0.705)	Data  0.000 ( 0.036)	Loss 5.3623e+00 (6.3089e+00)	Acc@1   4.30 (  1.65)	Acc@5  17.97 (  5.74)
Epoch: [0][2420/5005]	Time  0.702 ( 0.705)	Data  0.000 ( 0.036)	Loss 5.4023e+00 (6.3052e+00)	Acc@1   2.73 (  1.66)	Acc@5  13.67 (  5.78)
Epoch: [0][2430/5005]	Time  0.699 ( 0.705)	Data  0.000 ( 0.036)	Loss 5.3200e+00 (6.3019e+00)	Acc@1   5.47 (  1.68)	Acc@5  17.19 (  5.82)
Epoch: [0][2440/5005]	Time  0.699 ( 0.705)	Data  0.000 ( 0.036)	Loss 5.5649e+00 (6.2985e+00)	Acc@1   2.73 (  1.69)	Acc@5  12.89 (  5.85)
Epoch: [0][2450/5005]	Time  0.710 ( 0.705)	Data  0.000 ( 0.036)	Loss 5.4387e+00 (6.2952e+00)	Acc@1   5.08 (  1.70)	Acc@5  17.97 (  5.89)
Epoch: [0][2460/5005]	Time  0.698 ( 0.705)	Data  0.000 ( 0.036)	Loss 5.5090e+00 (6.2917e+00)	Acc@1   5.08 (  1.72)	Acc@5  15.23 (  5.93)
Epoch: [0][2470/5005]	Time  0.700 ( 0.705)	Data  0.000 ( 0.036)	Loss 5.3212e+00 (6.2884e+00)	Acc@1   4.69 (  1.73)	Acc@5  17.97 (  5.97)
Epoch: [0][2480/5005]	Time  0.699 ( 0.705)	Data  0.000 ( 0.036)	Loss 5.2841e+00 (6.2848e+00)	Acc@1   7.81 (  1.74)	Acc@5  17.19 (  6.01)
Epoch: [0][2490/5005]	Time  0.699 ( 0.705)	Data  0.000 ( 0.036)	Loss 5.3989e+00 (6.2812e+00)	Acc@1   4.30 (  1.76)	Acc@5  18.36 (  6.05)
Epoch: [0][2500/5005]	Time  0.700 ( 0.705)	Data  0.000 ( 0.036)	Loss 5.3514e+00 (6.2779e+00)	Acc@1   3.91 (  1.78)	Acc@5  15.62 (  6.09)
Epoch: [0][2510/5005]	Time  0.699 ( 0.705)	Data  0.000 ( 0.036)	Loss 5.4376e+00 (6.2745e+00)	Acc@1   4.69 (  1.79)	Acc@5  18.36 (  6.14)
Epoch: [0][2520/5005]	Time  0.700 ( 0.705)	Data  0.000 ( 0.036)	Loss 5.3366e+00 (6.2711e+00)	Acc@1   5.86 (  1.80)	Acc@5  21.09 (  6.18)
Epoch: [0][2530/5005]	Time  0.700 ( 0.705)	Data  0.000 ( 0.036)	Loss 5.4509e+00 (6.2677e+00)	Acc@1   3.52 (  1.82)	Acc@5  14.06 (  6.22)
Epoch: [0][2540/5005]	Time  0.703 ( 0.705)	Data  0.000 ( 0.036)	Loss 5.3736e+00 (6.2642e+00)	Acc@1   5.47 (  1.83)	Acc@5  16.80 (  6.26)
Epoch: [0][2550/5005]	Time  0.698 ( 0.705)	Data  0.000 ( 0.036)	Loss 5.3054e+00 (6.2607e+00)	Acc@1   7.03 (  1.85)	Acc@5  15.62 (  6.30)
Epoch: [0][2560/5005]	Time  0.703 ( 0.705)	Data  0.000 ( 0.036)	Loss 5.5067e+00 (6.2576e+00)	Acc@1   5.08 (  1.86)	Acc@5  13.28 (  6.34)
Epoch: [0][2570/5005]	Time  0.705 ( 0.705)	Data  0.000 ( 0.036)	Loss 5.5697e+00 (6.2544e+00)	Acc@1   3.52 (  1.88)	Acc@5  14.06 (  6.38)
Epoch: [0][2580/5005]	Time  0.702 ( 0.705)	Data  0.000 ( 0.036)	Loss 5.2930e+00 (6.2509e+00)	Acc@1   6.64 (  1.89)	Acc@5  16.41 (  6.42)
Epoch: [0][2590/5005]	Time  0.699 ( 0.705)	Data  0.000 ( 0.036)	Loss 5.3099e+00 (6.2476e+00)	Acc@1   5.47 (  1.90)	Acc@5  18.36 (  6.45)
Epoch: [0][2600/5005]	Time  0.701 ( 0.705)	Data  0.000 ( 0.036)	Loss 5.2842e+00 (6.2441e+00)	Acc@1   4.30 (  1.92)	Acc@5  17.97 (  6.49)
Epoch: [0][2610/5005]	Time  0.700 ( 0.705)	Data  0.000 ( 0.036)	Loss 5.3749e+00 (6.2406e+00)	Acc@1   5.47 (  1.94)	Acc@5  17.19 (  6.54)
Epoch: [0][2620/5005]	Time  0.699 ( 0.705)	Data  0.000 ( 0.036)	Loss 5.1143e+00 (6.2372e+00)	Acc@1   8.98 (  1.95)	Acc@5  23.83 (  6.58)
Epoch: [0][2630/5005]	Time  0.703 ( 0.705)	Data  0.000 ( 0.036)	Loss 5.4318e+00 (6.2340e+00)	Acc@1   4.69 (  1.97)	Acc@5  14.45 (  6.62)
Epoch: [0][2640/5005]	Time  0.701 ( 0.705)	Data  0.000 ( 0.036)	Loss 5.2276e+00 (6.2308e+00)	Acc@1   7.42 (  1.98)	Acc@5  21.09 (  6.66)
Epoch: [0][2650/5005]	Time  0.700 ( 0.705)	Data  0.000 ( 0.036)	Loss 5.3370e+00 (6.2274e+00)	Acc@1   7.42 (  2.00)	Acc@5  15.62 (  6.70)
Epoch: [0][2660/5005]	Time  0.704 ( 0.705)	Data  0.000 ( 0.036)	Loss 5.3080e+00 (6.2241e+00)	Acc@1   6.64 (  2.01)	Acc@5  20.70 (  6.74)
Epoch: [0][2670/5005]	Time  0.699 ( 0.705)	Data  0.000 ( 0.036)	Loss 5.4174e+00 (6.2206e+00)	Acc@1   5.08 (  2.03)	Acc@5  17.58 (  6.79)
Epoch: [0][2680/5005]	Time  0.700 ( 0.705)	Data  0.000 ( 0.036)	Loss 5.3940e+00 (6.2175e+00)	Acc@1   2.73 (  2.04)	Acc@5  16.41 (  6.83)
/opt/conda/lib/python3.6/site-packages/PIL/TiffImagePlugin.py:754: UserWarning: Possibly corrupt EXIF data.  Expecting to read 2555904 bytes but only got 0. Skipping tag 0
  " Skipping tag %s" % (size, len(data), tag))
Epoch: [0][2690/5005]	Time  0.700 ( 0.705)	Data  0.000 ( 0.036)	Loss 5.4544e+00 (6.2144e+00)	Acc@1   5.86 (  2.05)	Acc@5  16.02 (  6.86)
Epoch: [0][2700/5005]	Time  0.700 ( 0.705)	Data  0.000 ( 0.036)	Loss 5.3756e+00 (6.2112e+00)	Acc@1   5.47 (  2.07)	Acc@5  16.02 (  6.90)
Epoch: [0][2710/5005]	Time  0.705 ( 0.705)	Data  0.000 ( 0.036)	Loss 5.4573e+00 (6.2080e+00)	Acc@1   6.25 (  2.08)	Acc@5  16.41 (  6.94)
Epoch: [0][2720/5005]	Time  0.701 ( 0.705)	Data  0.000 ( 0.036)	Loss 5.3085e+00 (6.2049e+00)	Acc@1   7.03 (  2.09)	Acc@5  18.36 (  6.98)
Epoch: [0][2730/5005]	Time  0.699 ( 0.705)	Data  0.000 ( 0.036)	Loss 5.4094e+00 (6.2017e+00)	Acc@1   4.69 (  2.11)	Acc@5  15.23 (  7.01)
Epoch: [0][2740/5005]	Time  0.699 ( 0.705)	Data  0.000 ( 0.036)	Loss 5.3580e+00 (6.1985e+00)	Acc@1   5.08 (  2.12)	Acc@5  15.62 (  7.05)
Epoch: [0][2750/5005]	Time  0.700 ( 0.705)	Data  0.000 ( 0.036)	Loss 5.1953e+00 (6.1954e+00)	Acc@1   6.64 (  2.14)	Acc@5  17.97 (  7.08)
Epoch: [0][2760/5005]	Time  0.704 ( 0.705)	Data  0.000 ( 0.036)	Loss 5.2422e+00 (6.1922e+00)	Acc@1   5.47 (  2.15)	Acc@5  20.31 (  7.13)
Epoch: [0][2770/5005]	Time  0.703 ( 0.705)	Data  0.000 ( 0.036)	Loss 5.2053e+00 (6.1890e+00)	Acc@1  10.55 (  2.17)	Acc@5  20.70 (  7.17)
Epoch: [0][2780/5005]	Time  0.700 ( 0.705)	Data  0.000 ( 0.036)	Loss 5.4104e+00 (6.1857e+00)	Acc@1   8.98 (  2.19)	Acc@5  20.70 (  7.21)
Epoch: [0][2790/5005]	Time  0.699 ( 0.705)	Data  0.000 ( 0.036)	Loss 5.2821e+00 (6.1824e+00)	Acc@1   4.69 (  2.20)	Acc@5  17.97 (  7.25)
Epoch: [0][2800/5005]	Time  0.703 ( 0.705)	Data  0.000 ( 0.036)	Loss 5.2546e+00 (6.1791e+00)	Acc@1   9.38 (  2.22)	Acc@5  18.75 (  7.29)
Epoch: [0][2810/5005]	Time  0.701 ( 0.705)	Data  0.000 ( 0.036)	Loss 5.1263e+00 (6.1758e+00)	Acc@1   5.47 (  2.23)	Acc@5  20.31 (  7.33)
Epoch: [0][2820/5005]	Time  0.699 ( 0.705)	Data  0.000 ( 0.036)	Loss 5.1989e+00 (6.1725e+00)	Acc@1   5.86 (  2.25)	Acc@5  20.70 (  7.38)
Epoch: [0][2830/5005]	Time  0.700 ( 0.705)	Data  0.000 ( 0.036)	Loss 5.2345e+00 (6.1694e+00)	Acc@1   3.12 (  2.26)	Acc@5  19.14 (  7.42)
Epoch: [0][2840/5005]	Time  0.700 ( 0.705)	Data  0.000 ( 0.036)	Loss 5.4512e+00 (6.1662e+00)	Acc@1   4.69 (  2.28)	Acc@5  16.41 (  7.46)
Epoch: [0][2850/5005]	Time  0.700 ( 0.705)	Data  0.000 ( 0.036)	Loss 5.1952e+00 (6.1630e+00)	Acc@1   3.12 (  2.29)	Acc@5  20.31 (  7.50)
Epoch: [0][2860/5005]	Time  0.698 ( 0.705)	Data  0.000 ( 0.036)	Loss 5.2477e+00 (6.1596e+00)	Acc@1   8.20 (  2.31)	Acc@5  22.27 (  7.54)
Epoch: [0][2870/5005]	Time  0.701 ( 0.705)	Data  0.000 ( 0.036)	Loss 5.2911e+00 (6.1566e+00)	Acc@1   4.30 (  2.32)	Acc@5  16.41 (  7.58)
Epoch: [0][2880/5005]	Time  0.699 ( 0.705)	Data  0.000 ( 0.036)	Loss 5.2578e+00 (6.1533e+00)	Acc@1   7.42 (  2.34)	Acc@5  19.14 (  7.62)
Epoch: [0][2890/5005]	Time  0.700 ( 0.705)	Data  0.000 ( 0.036)	Loss 5.3239e+00 (6.1502e+00)	Acc@1   7.81 (  2.36)	Acc@5  19.14 (  7.67)
Epoch: [0][2900/5005]	Time  0.700 ( 0.705)	Data  0.000 ( 0.036)	Loss 5.3370e+00 (6.1473e+00)	Acc@1   5.86 (  2.37)	Acc@5  17.19 (  7.70)
Epoch: [0][2910/5005]	Time  0.699 ( 0.705)	Data  0.000 ( 0.036)	Loss 5.2851e+00 (6.1444e+00)	Acc@1   6.64 (  2.39)	Acc@5  20.31 (  7.74)
Epoch: [0][2920/5005]	Time  0.711 ( 0.705)	Data  0.000 ( 0.036)	Loss 5.2664e+00 (6.1413e+00)	Acc@1   7.81 (  2.40)	Acc@5  19.92 (  7.78)
Epoch: [0][2930/5005]	Time  0.703 ( 0.705)	Data  0.000 ( 0.036)	Loss 5.2890e+00 (6.1381e+00)	Acc@1   4.69 (  2.42)	Acc@5  20.31 (  7.82)
Epoch: [0][2940/5005]	Time  0.699 ( 0.705)	Data  0.000 ( 0.036)	Loss 5.1155e+00 (6.1349e+00)	Acc@1   7.03 (  2.44)	Acc@5  21.88 (  7.87)
Epoch: [0][2950/5005]	Time  0.705 ( 0.705)	Data  0.000 ( 0.036)	Loss 5.3006e+00 (6.1318e+00)	Acc@1   6.64 (  2.45)	Acc@5  21.09 (  7.91)
Epoch: [0][2960/5005]	Time  0.742 ( 0.705)	Data  0.000 ( 0.036)	Loss 5.3393e+00 (6.1288e+00)	Acc@1   7.42 (  2.47)	Acc@5  17.97 (  7.95)
Epoch: [0][2970/5005]	Time  0.703 ( 0.705)	Data  0.000 ( 0.036)	Loss 5.3237e+00 (6.1256e+00)	Acc@1   7.03 (  2.49)	Acc@5  19.53 (  7.99)
Epoch: [0][2980/5005]	Time  0.700 ( 0.705)	Data  0.000 ( 0.036)	Loss 5.1783e+00 (6.1225e+00)	Acc@1   9.38 (  2.51)	Acc@5  23.83 (  8.04)
Epoch: [0][2990/5005]	Time  0.700 ( 0.704)	Data  0.000 ( 0.036)	Loss 5.3007e+00 (6.1195e+00)	Acc@1   6.25 (  2.52)	Acc@5  20.70 (  8.08)
Epoch: [0][3000/5005]	Time  0.711 ( 0.704)	Data  0.000 ( 0.036)	Loss 5.1529e+00 (6.1167e+00)	Acc@1  10.55 (  2.54)	Acc@5  18.75 (  8.11)
Epoch: [0][3010/5005]	Time  0.703 ( 0.704)	Data  0.000 ( 0.036)	Loss 5.2243e+00 (6.1137e+00)	Acc@1   7.03 (  2.55)	Acc@5  19.92 (  8.15)
Epoch: [0][3020/5005]	Time  0.699 ( 0.704)	Data  0.000 ( 0.036)	Loss 5.1421e+00 (6.1103e+00)	Acc@1   8.20 (  2.57)	Acc@5  19.92 (  8.20)
Epoch: [0][3030/5005]	Time  0.700 ( 0.704)	Data  0.000 ( 0.036)	Loss 5.4214e+00 (6.1071e+00)	Acc@1   4.69 (  2.59)	Acc@5  15.62 (  8.24)
Epoch: [0][3040/5005]	Time  0.702 ( 0.704)	Data  0.000 ( 0.036)	Loss 5.1888e+00 (6.1041e+00)	Acc@1  11.72 (  2.61)	Acc@5  19.14 (  8.28)
Epoch: [0][3050/5005]	Time  0.704 ( 0.704)	Data  0.000 ( 0.036)	Loss 5.1209e+00 (6.1009e+00)	Acc@1   6.25 (  2.62)	Acc@5  24.22 (  8.32)
Epoch: [0][3060/5005]	Time  0.701 ( 0.704)	Data  0.000 ( 0.036)	Loss 5.1955e+00 (6.0979e+00)	Acc@1   8.20 (  2.64)	Acc@5  16.41 (  8.36)
Epoch: [0][3070/5005]	Time  0.701 ( 0.704)	Data  0.000 ( 0.036)	Loss 4.9819e+00 (6.0947e+00)	Acc@1   8.98 (  2.66)	Acc@5  21.88 (  8.40)
Epoch: [0][3080/5005]	Time  0.703 ( 0.704)	Data  0.000 ( 0.036)	Loss 5.1793e+00 (6.0918e+00)	Acc@1   5.47 (  2.67)	Acc@5  19.53 (  8.44)
Epoch: [0][3090/5005]	Time  0.699 ( 0.704)	Data  0.000 ( 0.036)	Loss 5.1290e+00 (6.0887e+00)	Acc@1  10.16 (  2.69)	Acc@5  21.48 (  8.49)
Epoch: [0][3100/5005]	Time  0.704 ( 0.704)	Data  0.000 ( 0.036)	Loss 5.1923e+00 (6.0856e+00)	Acc@1  10.55 (  2.71)	Acc@5  21.48 (  8.53)
Epoch: [0][3110/5005]	Time  0.699 ( 0.704)	Data  0.000 ( 0.036)	Loss 5.1656e+00 (6.0828e+00)	Acc@1   5.08 (  2.73)	Acc@5  21.09 (  8.57)
Epoch: [0][3120/5005]	Time  0.704 ( 0.704)	Data  0.000 ( 0.036)	Loss 5.1640e+00 (6.0797e+00)	Acc@1   5.86 (  2.74)	Acc@5  17.58 (  8.61)
Epoch: [0][3130/5005]	Time  0.699 ( 0.704)	Data  0.000 ( 0.036)	Loss 5.0903e+00 (6.0767e+00)	Acc@1  10.16 (  2.76)	Acc@5  22.66 (  8.65)
Epoch: [0][3140/5005]	Time  0.711 ( 0.704)	Data  0.000 ( 0.036)	Loss 5.0590e+00 (6.0737e+00)	Acc@1   8.20 (  2.77)	Acc@5  22.27 (  8.69)
Epoch: [0][3150/5005]	Time  0.700 ( 0.704)	Data  0.000 ( 0.036)	Loss 5.0521e+00 (6.0707e+00)	Acc@1   6.64 (  2.79)	Acc@5  21.48 (  8.73)
Epoch: [0][3160/5005]	Time  0.699 ( 0.704)	Data  0.000 ( 0.036)	Loss 5.0516e+00 (6.0676e+00)	Acc@1   7.81 (  2.81)	Acc@5  20.70 (  8.77)
Epoch: [0][3170/5005]	Time  0.699 ( 0.704)	Data  0.000 ( 0.036)	Loss 5.3621e+00 (6.0647e+00)	Acc@1   6.64 (  2.82)	Acc@5  19.53 (  8.81)
Epoch: [0][3180/5005]	Time  0.704 ( 0.704)	Data  0.000 ( 0.036)	Loss 5.2126e+00 (6.0620e+00)	Acc@1   7.81 (  2.84)	Acc@5  21.48 (  8.85)
Epoch: [0][3190/5005]	Time  0.698 ( 0.704)	Data  0.000 ( 0.036)	Loss 4.9914e+00 (6.0588e+00)	Acc@1   5.86 (  2.85)	Acc@5  23.83 (  8.89)
Epoch: [0][3200/5005]	Time  0.700 ( 0.704)	Data  0.000 ( 0.036)	Loss 5.0444e+00 (6.0558e+00)	Acc@1   7.81 (  2.87)	Acc@5  18.75 (  8.93)
Epoch: [0][3210/5005]	Time  0.702 ( 0.704)	Data  0.000 ( 0.036)	Loss 5.2959e+00 (6.0530e+00)	Acc@1   7.42 (  2.88)	Acc@5  19.14 (  8.97)
Epoch: [0][3220/5005]	Time  0.701 ( 0.704)	Data  0.000 ( 0.036)	Loss 5.0206e+00 (6.0502e+00)	Acc@1   7.81 (  2.90)	Acc@5  23.05 (  9.01)
Epoch: [0][3230/5005]	Time  0.698 ( 0.704)	Data  0.000 ( 0.036)	Loss 4.9415e+00 (6.0473e+00)	Acc@1   9.77 (  2.91)	Acc@5  23.44 (  9.05)
Epoch: [0][3240/5005]	Time  0.702 ( 0.704)	Data  0.000 ( 0.036)	Loss 4.9702e+00 (6.0442e+00)	Acc@1  10.16 (  2.93)	Acc@5  21.09 (  9.09)
Epoch: [0][3250/5005]	Time  0.703 ( 0.704)	Data  0.000 ( 0.036)	Loss 4.9700e+00 (6.0412e+00)	Acc@1   6.64 (  2.95)	Acc@5  20.70 (  9.14)
Epoch: [0][3260/5005]	Time  0.699 ( 0.704)	Data  0.000 ( 0.036)	Loss 5.0818e+00 (6.0383e+00)	Acc@1   8.20 (  2.96)	Acc@5  24.22 (  9.18)
Epoch: [0][3270/5005]	Time  0.704 ( 0.704)	Data  0.000 ( 0.036)	Loss 5.2631e+00 (6.0355e+00)	Acc@1   7.03 (  2.98)	Acc@5  23.05 (  9.22)
Epoch: [0][3280/5005]	Time  0.704 ( 0.704)	Data  0.000 ( 0.036)	Loss 5.2722e+00 (6.0326e+00)	Acc@1   5.08 (  2.99)	Acc@5  17.97 (  9.26)
Epoch: [0][3290/5005]	Time  0.700 ( 0.704)	Data  0.000 ( 0.036)	Loss 4.9789e+00 (6.0295e+00)	Acc@1   7.42 (  3.01)	Acc@5  25.78 (  9.30)
Epoch: [0][3300/5005]	Time  0.704 ( 0.704)	Data  0.000 ( 0.036)	Loss 5.1896e+00 (6.0267e+00)	Acc@1   8.20 (  3.02)	Acc@5  21.88 (  9.34)
Epoch: [0][3310/5005]	Time  0.699 ( 0.704)	Data  0.000 ( 0.036)	Loss 5.0905e+00 (6.0238e+00)	Acc@1   9.38 (  3.04)	Acc@5  23.83 (  9.38)
Epoch: [0][3320/5005]	Time  0.705 ( 0.704)	Data  0.000 ( 0.036)	Loss 4.9144e+00 (6.0209e+00)	Acc@1   8.20 (  3.06)	Acc@5  23.44 (  9.42)
Epoch: [0][3330/5005]	Time  0.698 ( 0.704)	Data  0.000 ( 0.036)	Loss 5.0652e+00 (6.0179e+00)	Acc@1  10.55 (  3.08)	Acc@5  24.22 (  9.46)
Epoch: [0][3340/5005]	Time  0.703 ( 0.704)	Data  0.000 ( 0.036)	Loss 4.9920e+00 (6.0151e+00)	Acc@1  10.16 (  3.09)	Acc@5  26.17 (  9.50)
Epoch: [0][3350/5005]	Time  0.700 ( 0.704)	Data  0.000 ( 0.036)	Loss 4.9520e+00 (6.0122e+00)	Acc@1  12.50 (  3.11)	Acc@5  26.17 (  9.54)
Epoch: [0][3360/5005]	Time  0.699 ( 0.704)	Data  0.000 ( 0.036)	Loss 4.9449e+00 (6.0093e+00)	Acc@1   8.98 (  3.13)	Acc@5  26.95 (  9.59)
Epoch: [0][3370/5005]	Time  0.701 ( 0.704)	Data  0.000 ( 0.036)	Loss 5.1006e+00 (6.0064e+00)	Acc@1   5.47 (  3.14)	Acc@5  19.14 (  9.63)
Epoch: [0][3380/5005]	Time  0.701 ( 0.704)	Data  0.000 ( 0.036)	Loss 4.9870e+00 (6.0033e+00)	Acc@1  12.11 (  3.16)	Acc@5  24.61 (  9.67)
Epoch: [0][3390/5005]	Time  0.702 ( 0.704)	Data  0.000 ( 0.036)	Loss 5.0601e+00 (6.0004e+00)	Acc@1  10.94 (  3.18)	Acc@5  26.17 (  9.71)
Epoch: [0][3400/5005]	Time  0.699 ( 0.704)	Data  0.000 ( 0.036)	Loss 4.8134e+00 (5.9973e+00)	Acc@1   7.81 (  3.20)	Acc@5  28.91 (  9.76)
Epoch: [0][3410/5005]	Time  0.699 ( 0.704)	Data  0.000 ( 0.036)	Loss 5.0469e+00 (5.9944e+00)	Acc@1   9.77 (  3.22)	Acc@5  22.66 (  9.80)
Epoch: [0][3420/5005]	Time  0.704 ( 0.704)	Data  0.000 ( 0.036)	Loss 5.0513e+00 (5.9914e+00)	Acc@1  10.55 (  3.23)	Acc@5  23.83 (  9.84)
Epoch: [0][3430/5005]	Time  0.696 ( 0.704)	Data  0.000 ( 0.036)	Loss 5.1328e+00 (5.9888e+00)	Acc@1   8.59 (  3.25)	Acc@5  25.78 (  9.88)
Epoch: [0][3440/5005]	Time  0.707 ( 0.704)	Data  0.000 ( 0.036)	Loss 4.9255e+00 (5.9859e+00)	Acc@1   8.98 (  3.27)	Acc@5  23.44 (  9.92)
Epoch: [0][3450/5005]	Time  0.712 ( 0.704)	Data  0.000 ( 0.036)	Loss 4.9788e+00 (5.9831e+00)	Acc@1   8.98 (  3.28)	Acc@5  22.27 (  9.96)
Epoch: [0][3460/5005]	Time  0.698 ( 0.704)	Data  0.000 ( 0.036)	Loss 4.9433e+00 (5.9801e+00)	Acc@1  11.72 (  3.30)	Acc@5  23.44 ( 10.01)
Epoch: [0][3470/5005]	Time  0.698 ( 0.704)	Data  0.000 ( 0.036)	Loss 4.8685e+00 (5.9771e+00)	Acc@1   9.38 (  3.32)	Acc@5  23.83 ( 10.05)
Epoch: [0][3480/5005]	Time  0.701 ( 0.704)	Data  0.000 ( 0.036)	Loss 5.0816e+00 (5.9743e+00)	Acc@1   9.38 (  3.33)	Acc@5  19.92 ( 10.09)
Epoch: [0][3490/5005]	Time  0.698 ( 0.704)	Data  0.000 ( 0.036)	Loss 5.0242e+00 (5.9717e+00)	Acc@1   7.42 (  3.35)	Acc@5  25.39 ( 10.13)
Epoch: [0][3500/5005]	Time  0.700 ( 0.704)	Data  0.000 ( 0.036)	Loss 5.1209e+00 (5.9689e+00)	Acc@1   8.20 (  3.37)	Acc@5  23.44 ( 10.17)
Epoch: [0][3510/5005]	Time  0.701 ( 0.704)	Data  0.000 ( 0.036)	Loss 5.1733e+00 (5.9662e+00)	Acc@1   5.08 (  3.38)	Acc@5  21.09 ( 10.20)
Epoch: [0][3520/5005]	Time  0.699 ( 0.704)	Data  0.000 ( 0.036)	Loss 5.0411e+00 (5.9633e+00)	Acc@1   8.59 (  3.40)	Acc@5  24.22 ( 10.24)
Epoch: [0][3530/5005]	Time  0.703 ( 0.704)	Data  0.000 ( 0.036)	Loss 4.8556e+00 (5.9605e+00)	Acc@1  10.94 (  3.41)	Acc@5  25.78 ( 10.29)
Epoch: [0][3540/5005]	Time  0.699 ( 0.704)	Data  0.000 ( 0.036)	Loss 4.8657e+00 (5.9578e+00)	Acc@1  11.72 (  3.43)	Acc@5  27.73 ( 10.32)
Epoch: [0][3550/5005]	Time  0.702 ( 0.704)	Data  0.000 ( 0.036)	Loss 4.5837e+00 (5.9549e+00)	Acc@1  15.23 (  3.45)	Acc@5  32.81 ( 10.37)
Epoch: [0][3560/5005]	Time  0.702 ( 0.704)	Data  0.000 ( 0.036)	Loss 4.8265e+00 (5.9520e+00)	Acc@1   8.59 (  3.47)	Acc@5  29.30 ( 10.41)
Epoch: [0][3570/5005]	Time  0.698 ( 0.704)	Data  0.000 ( 0.036)	Loss 4.6528e+00 (5.9491e+00)	Acc@1  14.45 (  3.48)	Acc@5  28.12 ( 10.45)
Epoch: [0][3580/5005]	Time  0.702 ( 0.704)	Data  0.000 ( 0.036)	Loss 4.9158e+00 (5.9462e+00)	Acc@1  10.55 (  3.50)	Acc@5  26.95 ( 10.49)
Epoch: [0][3590/5005]	Time  0.700 ( 0.704)	Data  0.000 ( 0.036)	Loss 5.0831e+00 (5.9432e+00)	Acc@1  12.11 (  3.52)	Acc@5  21.88 ( 10.54)
Epoch: [0][3600/5005]	Time  0.700 ( 0.704)	Data  0.000 ( 0.036)	Loss 4.7793e+00 (5.9403e+00)	Acc@1   8.20 (  3.53)	Acc@5  24.61 ( 10.58)
Epoch: [0][3610/5005]	Time  0.699 ( 0.704)	Data  0.000 ( 0.036)	Loss 5.2362e+00 (5.9375e+00)	Acc@1   5.47 (  3.55)	Acc@5  19.92 ( 10.62)
Epoch: [0][3620/5005]	Time  0.702 ( 0.704)	Data  0.000 ( 0.036)	Loss 4.9866e+00 (5.9347e+00)	Acc@1  11.33 (  3.57)	Acc@5  22.66 ( 10.66)
Epoch: [0][3630/5005]	Time  0.699 ( 0.704)	Data  0.000 ( 0.036)	Loss 4.9578e+00 (5.9318e+00)	Acc@1   9.38 (  3.59)	Acc@5  22.66 ( 10.70)
Epoch: [0][3640/5005]	Time  0.701 ( 0.704)	Data  0.000 ( 0.036)	Loss 4.7603e+00 (5.9291e+00)	Acc@1  10.16 (  3.61)	Acc@5  26.56 ( 10.74)
Epoch: [0][3650/5005]	Time  0.699 ( 0.704)	Data  0.000 ( 0.036)	Loss 4.9215e+00 (5.9265e+00)	Acc@1   8.98 (  3.62)	Acc@5  27.73 ( 10.78)
Epoch: [0][3660/5005]	Time  0.700 ( 0.704)	Data  0.000 ( 0.036)	Loss 5.0618e+00 (5.9236e+00)	Acc@1   8.20 (  3.64)	Acc@5  23.05 ( 10.82)
Epoch: [0][3670/5005]	Time  0.704 ( 0.704)	Data  0.000 ( 0.036)	Loss 4.8631e+00 (5.9208e+00)	Acc@1  13.67 (  3.66)	Acc@5  28.52 ( 10.86)
Epoch: [0][3680/5005]	Time  0.700 ( 0.704)	Data  0.000 ( 0.036)	Loss 4.5666e+00 (5.9178e+00)	Acc@1  16.41 (  3.68)	Acc@5  30.08 ( 10.90)
Epoch: [0][3690/5005]	Time  0.699 ( 0.704)	Data  0.000 ( 0.036)	Loss 4.8931e+00 (5.9149e+00)	Acc@1   8.20 (  3.69)	Acc@5  25.39 ( 10.94)
Epoch: [0][3700/5005]	Time  0.699 ( 0.704)	Data  0.000 ( 0.036)	Loss 4.9386e+00 (5.9122e+00)	Acc@1  11.72 (  3.71)	Acc@5  25.00 ( 10.98)
Epoch: [0][3710/5005]	Time  0.698 ( 0.704)	Data  0.000 ( 0.036)	Loss 4.8955e+00 (5.9094e+00)	Acc@1  12.89 (  3.73)	Acc@5  27.73 ( 11.02)
Epoch: [0][3720/5005]	Time  0.704 ( 0.704)	Data  0.000 ( 0.036)	Loss 5.0207e+00 (5.9066e+00)	Acc@1  10.16 (  3.75)	Acc@5  26.56 ( 11.06)
Epoch: [0][3730/5005]	Time  0.704 ( 0.704)	Data  0.000 ( 0.036)	Loss 4.7718e+00 (5.9039e+00)	Acc@1   9.38 (  3.76)	Acc@5  26.17 ( 11.10)
Epoch: [0][3740/5005]	Time  0.703 ( 0.704)	Data  0.000 ( 0.036)	Loss 4.8002e+00 (5.9011e+00)	Acc@1  12.11 (  3.78)	Acc@5  27.73 ( 11.15)
Epoch: [0][3750/5005]	Time  0.705 ( 0.704)	Data  0.000 ( 0.036)	Loss 4.8631e+00 (5.8981e+00)	Acc@1  10.55 (  3.80)	Acc@5  25.78 ( 11.19)
Epoch: [0][3760/5005]	Time  0.702 ( 0.704)	Data  0.000 ( 0.036)	Loss 4.9658e+00 (5.8954e+00)	Acc@1   9.38 (  3.82)	Acc@5  25.00 ( 11.23)
Epoch: [0][3770/5005]	Time  0.703 ( 0.704)	Data  0.000 ( 0.036)	Loss 4.8329e+00 (5.8926e+00)	Acc@1   9.77 (  3.84)	Acc@5  25.00 ( 11.27)
Epoch: [0][3780/5005]	Time  0.700 ( 0.704)	Data  0.000 ( 0.036)	Loss 4.7834e+00 (5.8898e+00)	Acc@1  12.89 (  3.86)	Acc@5  29.30 ( 11.31)
Epoch: [0][3790/5005]	Time  0.705 ( 0.704)	Data  0.000 ( 0.036)	Loss 4.7686e+00 (5.8870e+00)	Acc@1  12.11 (  3.88)	Acc@5  30.08 ( 11.36)
Epoch: [0][3800/5005]	Time  0.697 ( 0.704)	Data  0.000 ( 0.036)	Loss 4.8339e+00 (5.8842e+00)	Acc@1   9.77 (  3.89)	Acc@5  25.39 ( 11.40)
Epoch: [0][3810/5005]	Time  0.703 ( 0.704)	Data  0.000 ( 0.036)	Loss 4.7740e+00 (5.8813e+00)	Acc@1  12.89 (  3.91)	Acc@5  26.56 ( 11.44)
Epoch: [0][3820/5005]	Time  0.703 ( 0.704)	Data  0.000 ( 0.036)	Loss 4.8346e+00 (5.8786e+00)	Acc@1  10.16 (  3.93)	Acc@5  27.34 ( 11.48)
Epoch: [0][3830/5005]	Time  0.698 ( 0.704)	Data  0.000 ( 0.036)	Loss 4.8785e+00 (5.8759e+00)	Acc@1   9.38 (  3.95)	Acc@5  28.52 ( 11.52)
Epoch: [0][3840/5005]	Time  0.705 ( 0.704)	Data  0.000 ( 0.036)	Loss 4.7370e+00 (5.8731e+00)	Acc@1   9.38 (  3.96)	Acc@5  30.86 ( 11.56)
Epoch: [0][3850/5005]	Time  0.703 ( 0.704)	Data  0.000 ( 0.036)	Loss 4.7169e+00 (5.8704e+00)	Acc@1  11.72 (  3.98)	Acc@5  30.08 ( 11.60)
Epoch: [0][3860/5005]	Time  0.700 ( 0.704)	Data  0.000 ( 0.036)	Loss 4.6803e+00 (5.8677e+00)	Acc@1  11.72 (  4.00)	Acc@5  29.69 ( 11.64)
Epoch: [0][3870/5005]	Time  0.702 ( 0.704)	Data  0.000 ( 0.036)	Loss 4.8091e+00 (5.8648e+00)	Acc@1  12.11 (  4.02)	Acc@5  28.12 ( 11.68)
Epoch: [0][3880/5005]	Time  0.700 ( 0.704)	Data  0.000 ( 0.036)	Loss 4.6925e+00 (5.8621e+00)	Acc@1  13.67 (  4.04)	Acc@5  30.47 ( 11.72)
Epoch: [0][3890/5005]	Time  0.699 ( 0.704)	Data  0.000 ( 0.036)	Loss 4.7312e+00 (5.8595e+00)	Acc@1  12.11 (  4.06)	Acc@5  25.00 ( 11.76)
Epoch: [0][3900/5005]	Time  0.698 ( 0.704)	Data  0.000 ( 0.036)	Loss 4.6793e+00 (5.8566e+00)	Acc@1  11.72 (  4.08)	Acc@5  30.47 ( 11.80)
Epoch: [0][3910/5005]	Time  0.700 ( 0.704)	Data  0.000 ( 0.036)	Loss 4.8798e+00 (5.8538e+00)	Acc@1  10.16 (  4.09)	Acc@5  25.78 ( 11.84)
Epoch: [0][3920/5005]	Time  0.699 ( 0.704)	Data  0.000 ( 0.036)	Loss 5.0528e+00 (5.8514e+00)	Acc@1   7.81 (  4.11)	Acc@5  23.44 ( 11.88)
Epoch: [0][3930/5005]	Time  0.699 ( 0.704)	Data  0.000 ( 0.036)	Loss 4.6872e+00 (5.8488e+00)	Acc@1  14.84 (  4.13)	Acc@5  29.69 ( 11.91)
Epoch: [0][3940/5005]	Time  0.699 ( 0.704)	Data  0.000 ( 0.036)	Loss 4.5987e+00 (5.8462e+00)	Acc@1  10.55 (  4.14)	Acc@5  26.56 ( 11.95)
Epoch: [0][3950/5005]	Time  0.699 ( 0.704)	Data  0.000 ( 0.036)	Loss 4.9459e+00 (5.8434e+00)	Acc@1   9.77 (  4.16)	Acc@5  21.88 ( 11.99)
Epoch: [0][3960/5005]	Time  0.696 ( 0.704)	Data  0.000 ( 0.036)	Loss 5.0272e+00 (5.8409e+00)	Acc@1   9.77 (  4.18)	Acc@5  24.22 ( 12.03)
Epoch: [0][3970/5005]	Time  0.699 ( 0.704)	Data  0.000 ( 0.036)	Loss 4.8700e+00 (5.8382e+00)	Acc@1   7.81 (  4.20)	Acc@5  26.95 ( 12.07)
Epoch: [0][3980/5005]	Time  0.698 ( 0.704)	Data  0.000 ( 0.036)	Loss 4.4953e+00 (5.8354e+00)	Acc@1  13.67 (  4.22)	Acc@5  32.42 ( 12.11)
Epoch: [0][3990/5005]	Time  0.700 ( 0.704)	Data  0.000 ( 0.036)	Loss 4.7806e+00 (5.8326e+00)	Acc@1  12.89 (  4.24)	Acc@5  26.17 ( 12.16)
Epoch: [0][4000/5005]	Time  0.700 ( 0.704)	Data  0.000 ( 0.036)	Loss 4.9751e+00 (5.8300e+00)	Acc@1  10.16 (  4.25)	Acc@5  26.56 ( 12.19)
Epoch: [0][4010/5005]	Time  0.700 ( 0.704)	Data  0.000 ( 0.036)	Loss 4.7252e+00 (5.8273e+00)	Acc@1  12.11 (  4.27)	Acc@5  28.52 ( 12.23)
Epoch: [0][4020/5005]	Time  0.698 ( 0.704)	Data  0.000 ( 0.036)	Loss 4.6690e+00 (5.8246e+00)	Acc@1  10.16 (  4.29)	Acc@5  30.08 ( 12.27)
Epoch: [0][4030/5005]	Time  0.699 ( 0.704)	Data  0.000 ( 0.036)	Loss 4.4129e+00 (5.8220e+00)	Acc@1  13.67 (  4.31)	Acc@5  34.77 ( 12.31)
Epoch: [0][4040/5005]	Time  0.703 ( 0.704)	Data  0.000 ( 0.036)	Loss 4.6774e+00 (5.8196e+00)	Acc@1  11.72 (  4.33)	Acc@5  26.95 ( 12.35)
Epoch: [0][4050/5005]	Time  0.698 ( 0.704)	Data  0.000 ( 0.036)	Loss 4.7462e+00 (5.8170e+00)	Acc@1   9.38 (  4.34)	Acc@5  31.25 ( 12.39)
Epoch: [0][4060/5005]	Time  0.704 ( 0.704)	Data  0.000 ( 0.036)	Loss 4.9115e+00 (5.8145e+00)	Acc@1   9.77 (  4.36)	Acc@5  22.66 ( 12.43)
Epoch: [0][4070/5005]	Time  0.699 ( 0.704)	Data  0.000 ( 0.036)	Loss 4.6978e+00 (5.8120e+00)	Acc@1  15.23 (  4.37)	Acc@5  28.91 ( 12.46)
Epoch: [0][4080/5005]	Time  0.704 ( 0.704)	Data  0.000 ( 0.036)	Loss 4.7383e+00 (5.8094e+00)	Acc@1  13.28 (  4.39)	Acc@5  30.86 ( 12.50)
Epoch: [0][4090/5005]	Time  0.697 ( 0.704)	Data  0.000 ( 0.036)	Loss 4.6150e+00 (5.8067e+00)	Acc@1  11.33 (  4.41)	Acc@5  31.64 ( 12.54)
Epoch: [0][4100/5005]	Time  0.700 ( 0.704)	Data  0.000 ( 0.036)	Loss 4.7536e+00 (5.8042e+00)	Acc@1  10.94 (  4.43)	Acc@5  27.73 ( 12.58)
Epoch: [0][4110/5005]	Time  0.697 ( 0.704)	Data  0.000 ( 0.036)	Loss 4.5624e+00 (5.8016e+00)	Acc@1  16.80 (  4.44)	Acc@5  34.77 ( 12.62)
Epoch: [0][4120/5005]	Time  0.702 ( 0.704)	Data  0.000 ( 0.036)	Loss 4.7498e+00 (5.7991e+00)	Acc@1  13.67 (  4.46)	Acc@5  26.56 ( 12.66)
Epoch: [0][4130/5005]	Time  0.714 ( 0.704)	Data  0.000 ( 0.036)	Loss 4.7892e+00 (5.7964e+00)	Acc@1  12.11 (  4.48)	Acc@5  30.47 ( 12.70)
Epoch: [0][4140/5005]	Time  0.699 ( 0.704)	Data  0.000 ( 0.036)	Loss 4.5705e+00 (5.7937e+00)	Acc@1  11.72 (  4.50)	Acc@5  31.64 ( 12.74)
Epoch: [0][4150/5005]	Time  0.702 ( 0.703)	Data  0.000 ( 0.036)	Loss 4.6533e+00 (5.7911e+00)	Acc@1  17.97 (  4.52)	Acc@5  33.20 ( 12.78)
Epoch: [0][4160/5005]	Time  0.697 ( 0.703)	Data  0.000 ( 0.036)	Loss 4.7845e+00 (5.7884e+00)	Acc@1  10.55 (  4.54)	Acc@5  27.34 ( 12.83)
Epoch: [0][4170/5005]	Time  0.703 ( 0.703)	Data  0.000 ( 0.036)	Loss 4.3317e+00 (5.7858e+00)	Acc@1  14.45 (  4.56)	Acc@5  32.81 ( 12.87)
Epoch: [0][4180/5005]	Time  0.699 ( 0.703)	Data  0.000 ( 0.036)	Loss 4.7137e+00 (5.7831e+00)	Acc@1  10.16 (  4.58)	Acc@5  31.25 ( 12.91)
Epoch: [0][4190/5005]	Time  0.704 ( 0.703)	Data  0.000 ( 0.036)	Loss 4.6903e+00 (5.7806e+00)	Acc@1  13.28 (  4.59)	Acc@5  31.25 ( 12.94)
Epoch: [0][4200/5005]	Time  0.704 ( 0.703)	Data  0.000 ( 0.036)	Loss 4.6982e+00 (5.7780e+00)	Acc@1  12.89 (  4.61)	Acc@5  29.69 ( 12.98)
Epoch: [0][4210/5005]	Time  0.702 ( 0.703)	Data  0.000 ( 0.036)	Loss 4.7509e+00 (5.7754e+00)	Acc@1  11.33 (  4.63)	Acc@5  28.91 ( 13.02)
Epoch: [0][4220/5005]	Time  0.702 ( 0.703)	Data  0.000 ( 0.036)	Loss 4.7003e+00 (5.7730e+00)	Acc@1  14.06 (  4.64)	Acc@5  32.42 ( 13.06)
Epoch: [0][4230/5005]	Time  0.700 ( 0.703)	Data  0.000 ( 0.036)	Loss 4.7054e+00 (5.7704e+00)	Acc@1  12.89 (  4.66)	Acc@5  29.69 ( 13.10)
Epoch: [0][4240/5005]	Time  0.702 ( 0.703)	Data  0.000 ( 0.036)	Loss 4.6272e+00 (5.7677e+00)	Acc@1  11.33 (  4.68)	Acc@5  31.64 ( 13.14)
Epoch: [0][4250/5005]	Time  0.700 ( 0.703)	Data  0.000 ( 0.036)	Loss 4.6554e+00 (5.7652e+00)	Acc@1  11.33 (  4.70)	Acc@5  28.52 ( 13.18)
Epoch: [0][4260/5005]	Time  0.700 ( 0.703)	Data  0.000 ( 0.036)	Loss 4.5498e+00 (5.7625e+00)	Acc@1  11.72 (  4.72)	Acc@5  33.59 ( 13.23)
Epoch: [0][4270/5005]	Time  0.705 ( 0.703)	Data  0.000 ( 0.036)	Loss 4.7731e+00 (5.7600e+00)	Acc@1   9.38 (  4.73)	Acc@5  23.05 ( 13.26)
Epoch: [0][4280/5005]	Time  0.704 ( 0.703)	Data  0.000 ( 0.036)	Loss 4.4977e+00 (5.7575e+00)	Acc@1  15.23 (  4.75)	Acc@5  33.59 ( 13.30)
Epoch: [0][4290/5005]	Time  0.703 ( 0.703)	Data  0.000 ( 0.036)	Loss 4.8101e+00 (5.7549e+00)	Acc@1  13.28 (  4.77)	Acc@5  26.17 ( 13.34)
Epoch: [0][4300/5005]	Time  0.699 ( 0.703)	Data  0.000 ( 0.036)	Loss 4.3873e+00 (5.7523e+00)	Acc@1  12.11 (  4.79)	Acc@5  33.59 ( 13.38)
Epoch: [0][4310/5005]	Time  0.700 ( 0.703)	Data  0.000 ( 0.036)	Loss 4.8346e+00 (5.7497e+00)	Acc@1  10.16 (  4.80)	Acc@5  27.34 ( 13.42)
Epoch: [0][4320/5005]	Time  0.704 ( 0.703)	Data  0.000 ( 0.036)	Loss 4.6563e+00 (5.7472e+00)	Acc@1  14.45 (  4.82)	Acc@5  31.25 ( 13.46)
Epoch: [0][4330/5005]	Time  0.699 ( 0.703)	Data  0.000 ( 0.036)	Loss 4.4644e+00 (5.7445e+00)	Acc@1  13.67 (  4.84)	Acc@5  31.25 ( 13.50)
Epoch: [0][4340/5005]	Time  0.699 ( 0.703)	Data  0.000 ( 0.036)	Loss 4.6516e+00 (5.7421e+00)	Acc@1  12.89 (  4.86)	Acc@5  36.33 ( 13.54)
Epoch: [0][4350/5005]	Time  0.703 ( 0.703)	Data  0.000 ( 0.036)	Loss 4.6800e+00 (5.7394e+00)	Acc@1  14.06 (  4.88)	Acc@5  31.25 ( 13.58)
Epoch: [0][4360/5005]	Time  0.698 ( 0.703)	Data  0.000 ( 0.036)	Loss 4.6067e+00 (5.7368e+00)	Acc@1  14.84 (  4.90)	Acc@5  33.98 ( 13.62)
Epoch: [0][4370/5005]	Time  0.702 ( 0.703)	Data  0.000 ( 0.036)	Loss 4.4987e+00 (5.7341e+00)	Acc@1  12.89 (  4.92)	Acc@5  32.03 ( 13.67)
Epoch: [0][4380/5005]	Time  0.714 ( 0.703)	Data  0.000 ( 0.036)	Loss 4.5799e+00 (5.7313e+00)	Acc@1  14.06 (  4.94)	Acc@5  31.64 ( 13.71)
Epoch: [0][4390/5005]	Time  0.700 ( 0.703)	Data  0.000 ( 0.036)	Loss 4.5743e+00 (5.7288e+00)	Acc@1  11.72 (  4.96)	Acc@5  34.38 ( 13.75)
Epoch: [0][4400/5005]	Time  0.705 ( 0.703)	Data  0.000 ( 0.036)	Loss 4.5960e+00 (5.7263e+00)	Acc@1  14.45 (  4.98)	Acc@5  34.38 ( 13.79)
Epoch: [0][4410/5005]	Time  0.698 ( 0.703)	Data  0.000 ( 0.036)	Loss 4.7601e+00 (5.7237e+00)	Acc@1  13.67 (  5.00)	Acc@5  28.91 ( 13.83)
Epoch: [0][4420/5005]	Time  0.700 ( 0.703)	Data  0.000 ( 0.036)	Loss 4.5406e+00 (5.7211e+00)	Acc@1  15.62 (  5.02)	Acc@5  35.55 ( 13.87)
Epoch: [0][4430/5005]	Time  0.702 ( 0.703)	Data  0.000 ( 0.036)	Loss 4.5216e+00 (5.7185e+00)	Acc@1  15.62 (  5.03)	Acc@5  34.38 ( 13.91)
Epoch: [0][4440/5005]	Time  0.699 ( 0.703)	Data  0.000 ( 0.036)	Loss 4.5477e+00 (5.7160e+00)	Acc@1  17.97 (  5.05)	Acc@5  33.20 ( 13.95)
Epoch: [0][4450/5005]	Time  0.699 ( 0.703)	Data  0.000 ( 0.036)	Loss 4.4262e+00 (5.7133e+00)	Acc@1  15.62 (  5.07)	Acc@5  33.98 ( 13.99)
Epoch: [0][4460/5005]	Time  0.701 ( 0.703)	Data  0.000 ( 0.036)	Loss 4.5795e+00 (5.7108e+00)	Acc@1  12.11 (  5.09)	Acc@5  30.86 ( 14.04)
Epoch: [0][4470/5005]	Time  0.704 ( 0.703)	Data  0.000 ( 0.036)	Loss 4.5974e+00 (5.7083e+00)	Acc@1  12.50 (  5.11)	Acc@5  28.91 ( 14.07)
Epoch: [0][4480/5005]	Time  0.702 ( 0.703)	Data  0.000 ( 0.036)	Loss 4.6753e+00 (5.7058e+00)	Acc@1   9.77 (  5.13)	Acc@5  25.78 ( 14.11)
Epoch: [0][4490/5005]	Time  0.703 ( 0.703)	Data  0.000 ( 0.036)	Loss 4.4928e+00 (5.7032e+00)	Acc@1  15.23 (  5.15)	Acc@5  31.25 ( 14.16)
Epoch: [0][4500/5005]	Time  0.700 ( 0.703)	Data  0.000 ( 0.036)	Loss 4.4317e+00 (5.7007e+00)	Acc@1  16.02 (  5.17)	Acc@5  34.77 ( 14.19)
Epoch: [0][4510/5005]	Time  0.701 ( 0.703)	Data  0.000 ( 0.036)	Loss 4.5602e+00 (5.6981e+00)	Acc@1  14.45 (  5.19)	Acc@5  31.25 ( 14.23)
Epoch: [0][4520/5005]	Time  0.703 ( 0.703)	Data  0.000 ( 0.036)	Loss 4.5136e+00 (5.6957e+00)	Acc@1  12.89 (  5.21)	Acc@5  32.81 ( 14.27)
Epoch: [0][4530/5005]	Time  0.702 ( 0.703)	Data  0.000 ( 0.036)	Loss 4.3736e+00 (5.6932e+00)	Acc@1  12.50 (  5.23)	Acc@5  35.16 ( 14.32)
Epoch: [0][4540/5005]	Time  0.700 ( 0.703)	Data  0.000 ( 0.036)	Loss 4.7525e+00 (5.6906e+00)	Acc@1  12.11 (  5.25)	Acc@5  27.73 ( 14.36)
Epoch: [0][4550/5005]	Time  0.697 ( 0.703)	Data  0.000 ( 0.036)	Loss 4.5557e+00 (5.6882e+00)	Acc@1  15.23 (  5.27)	Acc@5  32.42 ( 14.40)
Epoch: [0][4560/5005]	Time  0.702 ( 0.703)	Data  0.000 ( 0.036)	Loss 4.4734e+00 (5.6857e+00)	Acc@1  15.23 (  5.29)	Acc@5  32.42 ( 14.44)
Epoch: [0][4570/5005]	Time  0.704 ( 0.703)	Data  0.000 ( 0.036)	Loss 4.4694e+00 (5.6831e+00)	Acc@1  13.28 (  5.31)	Acc@5  35.16 ( 14.48)
Epoch: [0][4580/5005]	Time  0.699 ( 0.703)	Data  0.000 ( 0.036)	Loss 4.7613e+00 (5.6807e+00)	Acc@1  17.58 (  5.32)	Acc@5  28.91 ( 14.52)
Epoch: [0][4590/5005]	Time  0.698 ( 0.703)	Data  0.000 ( 0.036)	Loss 4.5905e+00 (5.6782e+00)	Acc@1  14.06 (  5.34)	Acc@5  28.91 ( 14.56)
Epoch: [0][4600/5005]	Time  0.697 ( 0.703)	Data  0.000 ( 0.036)	Loss 4.4201e+00 (5.6756e+00)	Acc@1  14.84 (  5.36)	Acc@5  35.55 ( 14.60)
Epoch: [0][4610/5005]	Time  0.701 ( 0.703)	Data  0.000 ( 0.036)	Loss 4.4540e+00 (5.6732e+00)	Acc@1  12.89 (  5.38)	Acc@5  33.20 ( 14.64)
Epoch: [0][4620/5005]	Time  0.703 ( 0.703)	Data  0.000 ( 0.036)	Loss 4.5480e+00 (5.6707e+00)	Acc@1  10.55 (  5.40)	Acc@5  31.64 ( 14.68)
Epoch: [0][4630/5005]	Time  0.704 ( 0.703)	Data  0.000 ( 0.036)	Loss 4.4329e+00 (5.6683e+00)	Acc@1  13.67 (  5.42)	Acc@5  35.55 ( 14.71)
Epoch: [0][4640/5005]	Time  0.703 ( 0.703)	Data  0.000 ( 0.036)	Loss 4.6790e+00 (5.6660e+00)	Acc@1  14.06 (  5.43)	Acc@5  30.08 ( 14.75)
Epoch: [0][4650/5005]	Time  0.717 ( 0.703)	Data  0.000 ( 0.036)	Loss 4.5441e+00 (5.6636e+00)	Acc@1  17.58 (  5.45)	Acc@5  32.81 ( 14.79)
Epoch: [0][4660/5005]	Time  0.708 ( 0.703)	Data  0.000 ( 0.036)	Loss 4.3555e+00 (5.6610e+00)	Acc@1  15.62 (  5.47)	Acc@5  37.50 ( 14.83)
Epoch: [0][4670/5005]	Time  0.699 ( 0.703)	Data  0.000 ( 0.036)	Loss 4.6245e+00 (5.6585e+00)	Acc@1  14.84 (  5.49)	Acc@5  31.64 ( 14.87)
Epoch: [0][4680/5005]	Time  0.704 ( 0.703)	Data  0.000 ( 0.036)	Loss 4.3609e+00 (5.6560e+00)	Acc@1  16.80 (  5.51)	Acc@5  35.94 ( 14.91)
Epoch: [0][4690/5005]	Time  0.699 ( 0.703)	Data  0.000 ( 0.036)	Loss 4.5450e+00 (5.6535e+00)	Acc@1  15.62 (  5.53)	Acc@5  32.42 ( 14.95)
Epoch: [0][4700/5005]	Time  0.699 ( 0.703)	Data  0.000 ( 0.036)	Loss 4.4651e+00 (5.6510e+00)	Acc@1  15.62 (  5.55)	Acc@5  30.86 ( 14.99)
Epoch: [0][4710/5005]	Time  0.700 ( 0.703)	Data  0.000 ( 0.036)	Loss 4.4481e+00 (5.6487e+00)	Acc@1  12.50 (  5.57)	Acc@5  32.42 ( 15.02)
Epoch: [0][4720/5005]	Time  0.700 ( 0.703)	Data  0.000 ( 0.036)	Loss 4.5914e+00 (5.6464e+00)	Acc@1  19.14 (  5.59)	Acc@5  33.59 ( 15.06)
/opt/conda/lib/python3.6/site-packages/PIL/TiffImagePlugin.py:754: UserWarning: Possibly corrupt EXIF data.  Expecting to read 1835008 bytes but only got 0. Skipping tag 0
  " Skipping tag %s" % (size, len(data), tag))
Epoch: [0][4730/5005]	Time  0.699 ( 0.703)	Data  0.000 ( 0.036)	Loss 4.3083e+00 (5.6440e+00)	Acc@1  17.19 (  5.61)	Acc@5  36.72 ( 15.10)
Epoch: [0][4740/5005]	Time  0.703 ( 0.703)	Data  0.000 ( 0.036)	Loss 4.6353e+00 (5.6415e+00)	Acc@1  13.67 (  5.63)	Acc@5  31.25 ( 15.14)
Epoch: [0][4750/5005]	Time  0.704 ( 0.703)	Data  0.000 ( 0.036)	Loss 4.8096e+00 (5.6391e+00)	Acc@1   9.38 (  5.65)	Acc@5  26.95 ( 15.18)
Epoch: [0][4760/5005]	Time  0.698 ( 0.703)	Data  0.000 ( 0.036)	Loss 4.5004e+00 (5.6368e+00)	Acc@1  13.67 (  5.66)	Acc@5  34.38 ( 15.21)
Epoch: [0][4770/5005]	Time  0.700 ( 0.703)	Data  0.000 ( 0.036)	Loss 4.7093e+00 (5.6344e+00)	Acc@1  12.11 (  5.68)	Acc@5  30.86 ( 15.25)
Epoch: [0][4780/5005]	Time  0.699 ( 0.703)	Data  0.000 ( 0.036)	Loss 4.7617e+00 (5.6321e+00)	Acc@1   9.77 (  5.70)	Acc@5  30.86 ( 15.29)
Epoch: [0][4790/5005]	Time  0.700 ( 0.703)	Data  0.000 ( 0.036)	Loss 4.5024e+00 (5.6299e+00)	Acc@1  14.84 (  5.72)	Acc@5  33.98 ( 15.32)
Epoch: [0][4800/5005]	Time  0.703 ( 0.703)	Data  0.000 ( 0.036)	Loss 4.4547e+00 (5.6277e+00)	Acc@1  12.89 (  5.73)	Acc@5  39.06 ( 15.36)
Epoch: [0][4810/5005]	Time  0.703 ( 0.703)	Data  0.000 ( 0.036)	Loss 4.6531e+00 (5.6253e+00)	Acc@1  10.16 (  5.75)	Acc@5  28.52 ( 15.39)
Epoch: [0][4820/5005]	Time  0.699 ( 0.703)	Data  0.000 ( 0.036)	Loss 4.5322e+00 (5.6231e+00)	Acc@1  13.67 (  5.77)	Acc@5  30.47 ( 15.43)
Epoch: [0][4830/5005]	Time  0.703 ( 0.703)	Data  0.000 ( 0.036)	Loss 4.4606e+00 (5.6208e+00)	Acc@1  16.41 (  5.79)	Acc@5  37.89 ( 15.47)
Epoch: [0][4840/5005]	Time  0.703 ( 0.703)	Data  0.000 ( 0.036)	Loss 4.2555e+00 (5.6182e+00)	Acc@1  14.45 (  5.81)	Acc@5  35.55 ( 15.51)
Epoch: [0][4850/5005]	Time  0.705 ( 0.703)	Data  0.000 ( 0.036)	Loss 4.7398e+00 (5.6158e+00)	Acc@1  10.16 (  5.82)	Acc@5  27.73 ( 15.55)
Epoch: [0][4860/5005]	Time  0.698 ( 0.703)	Data  0.000 ( 0.036)	Loss 4.7403e+00 (5.6134e+00)	Acc@1  13.28 (  5.84)	Acc@5  30.08 ( 15.59)
Epoch: [0][4870/5005]	Time  0.699 ( 0.703)	Data  0.000 ( 0.036)	Loss 4.3056e+00 (5.6110e+00)	Acc@1  15.23 (  5.86)	Acc@5  38.67 ( 15.62)
Epoch: [0][4880/5005]	Time  0.704 ( 0.703)	Data  0.000 ( 0.036)	Loss 4.1014e+00 (5.6085e+00)	Acc@1  15.23 (  5.88)	Acc@5  37.89 ( 15.66)
Epoch: [0][4890/5005]	Time  0.700 ( 0.703)	Data  0.000 ( 0.036)	Loss 4.4925e+00 (5.6062e+00)	Acc@1  10.94 (  5.90)	Acc@5  32.81 ( 15.70)
Epoch: [0][4900/5005]	Time  0.699 ( 0.703)	Data  0.000 ( 0.036)	Loss 4.4073e+00 (5.6040e+00)	Acc@1  16.80 (  5.91)	Acc@5  37.11 ( 15.73)
Epoch: [0][4910/5005]	Time  0.710 ( 0.703)	Data  0.000 ( 0.036)	Loss 4.2841e+00 (5.6015e+00)	Acc@1  17.97 (  5.94)	Acc@5  36.72 ( 15.77)
Epoch: [0][4920/5005]	Time  0.699 ( 0.703)	Data  0.000 ( 0.036)	Loss 4.4625e+00 (5.5991e+00)	Acc@1  17.19 (  5.95)	Acc@5  36.72 ( 15.81)
Epoch: [0][4930/5005]	Time  0.708 ( 0.703)	Data  0.000 ( 0.036)	Loss 4.6110e+00 (5.5968e+00)	Acc@1  10.94 (  5.97)	Acc@5  31.64 ( 15.85)
Epoch: [0][4940/5005]	Time  0.698 ( 0.703)	Data  0.000 ( 0.036)	Loss 4.5765e+00 (5.5946e+00)	Acc@1  12.89 (  5.99)	Acc@5  32.03 ( 15.88)
Epoch: [0][4950/5005]	Time  0.703 ( 0.703)	Data  0.000 ( 0.036)	Loss 4.4897e+00 (5.5923e+00)	Acc@1  13.67 (  6.01)	Acc@5  32.81 ( 15.92)
Epoch: [0][4960/5005]	Time  0.704 ( 0.703)	Data  0.000 ( 0.036)	Loss 4.4736e+00 (5.5898e+00)	Acc@1  12.89 (  6.03)	Acc@5  35.55 ( 15.96)
Epoch: [0][4970/5005]	Time  0.699 ( 0.703)	Data  0.000 ( 0.036)	Loss 4.7383e+00 (5.5875e+00)	Acc@1  13.28 (  6.04)	Acc@5  32.03 ( 16.00)
Epoch: [0][4980/5005]	Time  0.698 ( 0.703)	Data  0.000 ( 0.036)	Loss 4.5587e+00 (5.5851e+00)	Acc@1  13.67 (  6.06)	Acc@5  31.25 ( 16.04)
Epoch: [0][4990/5005]	Time  0.697 ( 0.703)	Data  0.000 ( 0.036)	Loss 4.4926e+00 (5.5828e+00)	Acc@1  18.75 (  6.08)	Acc@5  32.81 ( 16.07)
Epoch: [0][5000/5005]	Time  0.700 ( 0.703)	Data  0.000 ( 0.036)	Loss 4.4620e+00 (5.5806e+00)	Acc@1  15.62 (  6.10)	Acc@5  34.77 ( 16.11)
Test: [  0/196]	Time  2.008 ( 2.008)	Loss 2.8542e+00 (2.8542e+00)	Acc@1  37.11 ( 37.11)	Acc@5  68.75 ( 68.75)
Test: [ 10/196]	Time  0.222 ( 0.466)	Loss 4.6967e+00 (4.2354e+00)	Acc@1   8.20 ( 16.34)	Acc@5  22.66 ( 36.90)
Test: [ 20/196]	Time  0.524 ( 0.398)	Loss 4.2751e+00 (4.1640e+00)	Acc@1  19.14 ( 17.75)	Acc@5  40.62 ( 39.86)
Test: [ 30/196]	Time  0.220 ( 0.361)	Loss 4.3878e+00 (4.0803e+00)	Acc@1   9.77 ( 18.60)	Acc@5  35.55 ( 41.46)
Test: [ 40/196]	Time  0.482 ( 0.350)	Loss 4.4508e+00 (4.2258e+00)	Acc@1   9.38 ( 15.90)	Acc@5  30.08 ( 37.66)
Test: [ 50/196]	Time  0.237 ( 0.336)	Loss 4.0788e+00 (4.2381e+00)	Acc@1  10.55 ( 15.42)	Acc@5  39.45 ( 37.29)
Test: [ 60/196]	Time  0.239 ( 0.332)	Loss 4.4323e+00 (4.2484e+00)	Acc@1   7.42 ( 15.16)	Acc@5  31.64 ( 37.03)
Test: [ 70/196]	Time  0.240 ( 0.330)	Loss 5.0670e+00 (4.2607e+00)	Acc@1   8.20 ( 15.54)	Acc@5  22.66 ( 36.94)
Test: [ 80/196]	Time  0.238 ( 0.328)	Loss 5.3502e+00 (4.2581e+00)	Acc@1   1.56 ( 15.51)	Acc@5  12.50 ( 37.10)
Test: [ 90/196]	Time  0.588 ( 0.329)	Loss 5.2503e+00 (4.3130e+00)	Acc@1   4.30 ( 14.88)	Acc@5  17.19 ( 36.10)
Test: [100/196]	Time  0.224 ( 0.325)	Loss 4.9920e+00 (4.3305e+00)	Acc@1   5.08 ( 14.92)	Acc@5  19.92 ( 35.80)
Test: [110/196]	Time  0.531 ( 0.325)	Loss 4.5178e+00 (4.3398e+00)	Acc@1  13.28 ( 14.96)	Acc@5  36.72 ( 35.63)
Test: [120/196]	Time  0.221 ( 0.323)	Loss 4.9228e+00 (4.3600e+00)	Acc@1   9.38 ( 14.96)	Acc@5  28.52 ( 35.44)
Test: [130/196]	Time  0.569 ( 0.324)	Loss 4.5609e+00 (4.3734e+00)	Acc@1  12.50 ( 14.80)	Acc@5  32.42 ( 35.18)
Test: [140/196]	Time  0.224 ( 0.323)	Loss 4.5694e+00 (4.3942e+00)	Acc@1  12.89 ( 14.66)	Acc@5  33.59 ( 34.72)
Test: [150/196]	Time  0.492 ( 0.321)	Loss 4.9691e+00 (4.4285e+00)	Acc@1  12.11 ( 14.45)	Acc@5  26.56 ( 34.18)
Test: [160/196]	Time  0.225 ( 0.320)	Loss 4.2612e+00 (4.4289e+00)	Acc@1  18.75 ( 14.58)	Acc@5  35.94 ( 34.13)
Test: [170/196]	Time  0.551 ( 0.319)	Loss 3.4720e+00 (4.4426e+00)	Acc@1  24.61 ( 14.36)	Acc@5  58.59 ( 33.89)
Test: [180/196]	Time  0.225 ( 0.317)	Loss 4.2049e+00 (4.4511e+00)	Acc@1  10.55 ( 14.21)	Acc@5  30.86 ( 33.62)
Test: [190/196]	Time  0.474 ( 0.317)	Loss 3.9360e+00 (4.4209e+00)	Acc@1  14.06 ( 14.49)	Acc@5  42.19 ( 34.20)
 * Acc@1 14.856 Acc@5 34.670