main.py:94: UserWarning: You have chosen a specific GPU. This will completely disable data parallelism.
  warnings.warn('You have chosen a specific GPU. This will completely '
Use GPU: 0 for training
=> creating model 'resnet50'
Epoch: [0][   0/5005]	Time  8.026 ( 8.026)	Data  1.923 ( 1.923)	Loss 7.0747e+00 (7.0747e+00)	Acc@1   0.39 (  0.39)	Acc@5   0.39 (  0.39)
Epoch: [0][  10/5005]	Time  0.734 ( 1.374)	Data  0.000 ( 0.175)	Loss 8.1530e+00 (7.9628e+00)	Acc@1   0.00 (  0.11)	Acc@5   1.56 (  0.71)
Epoch: [0][  20/5005]	Time  0.736 ( 1.070)	Data  0.000 ( 0.108)	Loss 9.3901e+00 (8.1571e+00)	Acc@1   0.00 (  0.09)	Acc@5   0.39 (  0.54)
Epoch: [0][  30/5005]	Time  0.737 ( 0.963)	Data  0.000 ( 0.085)	Loss 7.2384e+00 (7.8744e+00)	Acc@1   0.39 (  0.09)	Acc@5   1.17 (  0.58)
Epoch: [0][  40/5005]	Time  0.735 ( 0.908)	Data  0.000 ( 0.073)	Loss 7.0909e+00 (7.7048e+00)	Acc@1   0.00 (  0.09)	Acc@5   0.39 (  0.55)
Epoch: [0][  50/5005]	Time  0.741 ( 0.874)	Data  0.000 ( 0.065)	Loss 6.9990e+00 (7.5629e+00)	Acc@1   0.00 (  0.09)	Acc@5   0.39 (  0.51)
Epoch: [0][  60/5005]	Time  0.721 ( 0.852)	Data  0.001 ( 0.060)	Loss 6.9109e+00 (7.4565e+00)	Acc@1   0.00 (  0.08)	Acc@5   0.00 (  0.49)
Epoch: [0][  70/5005]	Time  0.740 ( 0.836)	Data  0.000 ( 0.057)	Loss 6.9105e+00 (7.3810e+00)	Acc@1   0.39 (  0.08)	Acc@5   1.17 (  0.49)
Epoch: [0][  80/5005]	Time  0.738 ( 0.824)	Data  0.000 ( 0.054)	Loss 6.9344e+00 (7.3256e+00)	Acc@1   0.39 (  0.08)	Acc@5   0.39 (  0.48)
Epoch: [0][  90/5005]	Time  0.739 ( 0.814)	Data  0.000 ( 0.052)	Loss 6.9169e+00 (7.2806e+00)	Acc@1   0.00 (  0.09)	Acc@5   0.78 (  0.51)
Epoch: [0][ 100/5005]	Time  0.735 ( 0.807)	Data  0.000 ( 0.050)	Loss 6.9097e+00 (7.2440e+00)	Acc@1   0.00 (  0.10)	Acc@5   0.39 (  0.50)
Epoch: [0][ 110/5005]	Time  0.744 ( 0.801)	Data  0.000 ( 0.049)	Loss 6.9288e+00 (7.2144e+00)	Acc@1   0.00 (  0.10)	Acc@5   0.00 (  0.50)
Epoch: [0][ 120/5005]	Time  0.737 ( 0.796)	Data  0.000 ( 0.048)	Loss 6.9139e+00 (7.1894e+00)	Acc@1   0.00 (  0.10)	Acc@5   0.78 (  0.51)
Epoch: [0][ 130/5005]	Time  0.739 ( 0.791)	Data  0.000 ( 0.047)	Loss 6.9112e+00 (7.1683e+00)	Acc@1   0.00 (  0.09)	Acc@5   0.78 (  0.51)
Epoch: [0][ 140/5005]	Time  0.738 ( 0.788)	Data  0.000 ( 0.046)	Loss 6.9021e+00 (7.1499e+00)	Acc@1   0.00 (  0.09)	Acc@5   0.78 (  0.52)
Epoch: [0][ 150/5005]	Time  0.737 ( 0.784)	Data  0.000 ( 0.045)	Loss 6.9128e+00 (7.1339e+00)	Acc@1   0.00 (  0.10)	Acc@5   0.00 (  0.53)
Epoch: [0][ 160/5005]	Time  0.740 ( 0.781)	Data  0.000 ( 0.045)	Loss 6.9206e+00 (7.1199e+00)	Acc@1   0.00 (  0.10)	Acc@5   0.78 (  0.54)
Epoch: [0][ 170/5005]	Time  0.736 ( 0.779)	Data  0.000 ( 0.044)	Loss 6.9064e+00 (7.1079e+00)	Acc@1   0.39 (  0.10)	Acc@5   0.39 (  0.53)
Epoch: [0][ 180/5005]	Time  0.737 ( 0.777)	Data  0.000 ( 0.044)	Loss 6.8988e+00 (7.0968e+00)	Acc@1   0.39 (  0.11)	Acc@5   0.39 (  0.53)
Epoch: [0][ 190/5005]	Time  0.739 ( 0.775)	Data  0.000 ( 0.043)	Loss 6.9253e+00 (7.0869e+00)	Acc@1   0.39 (  0.10)	Acc@5   1.17 (  0.53)
Epoch: [0][ 200/5005]	Time  0.739 ( 0.773)	Data  0.001 ( 0.043)	Loss 6.9040e+00 (7.0779e+00)	Acc@1   0.00 (  0.10)	Acc@5   0.39 (  0.53)
Epoch: [0][ 210/5005]	Time  0.737 ( 0.771)	Data  0.000 ( 0.042)	Loss 6.9144e+00 (7.0698e+00)	Acc@1   0.00 (  0.11)	Acc@5   1.17 (  0.55)
Epoch: [0][ 220/5005]	Time  0.738 ( 0.770)	Data  0.000 ( 0.042)	Loss 6.9056e+00 (7.0622e+00)	Acc@1   0.39 (  0.11)	Acc@5   0.39 (  0.57)
Epoch: [0][ 230/5005]	Time  0.739 ( 0.768)	Data  0.000 ( 0.042)	Loss 6.9128e+00 (7.0553e+00)	Acc@1   0.00 (  0.11)	Acc@5   0.00 (  0.56)
Epoch: [0][ 240/5005]	Time  0.737 ( 0.767)	Data  0.000 ( 0.042)	Loss 6.9002e+00 (7.0493e+00)	Acc@1   0.39 (  0.12)	Acc@5   1.56 (  0.58)
Epoch: [0][ 250/5005]	Time  0.738 ( 0.766)	Data  0.000 ( 0.041)	Loss 6.9078e+00 (7.0433e+00)	Acc@1   0.00 (  0.12)	Acc@5   0.39 (  0.60)
Epoch: [0][ 260/5005]	Time  0.741 ( 0.765)	Data  0.000 ( 0.041)	Loss 6.8915e+00 (7.0377e+00)	Acc@1   0.00 (  0.12)	Acc@5   0.39 (  0.60)
Epoch: [0][ 270/5005]	Time  0.740 ( 0.764)	Data  0.000 ( 0.041)	Loss 6.8943e+00 (7.0322e+00)	Acc@1   0.00 (  0.13)	Acc@5   0.00 (  0.61)
Epoch: [0][ 280/5005]	Time  0.738 ( 0.763)	Data  0.000 ( 0.041)	Loss 6.8919e+00 (7.0274e+00)	Acc@1   0.00 (  0.13)	Acc@5   0.39 (  0.61)
Epoch: [0][ 290/5005]	Time  0.746 ( 0.763)	Data  0.000 ( 0.040)	Loss 6.8790e+00 (7.0226e+00)	Acc@1   1.17 (  0.13)	Acc@5   1.56 (  0.62)
Epoch: [0][ 300/5005]	Time  0.737 ( 0.762)	Data  0.000 ( 0.040)	Loss 6.8646e+00 (7.0179e+00)	Acc@1   0.00 (  0.13)	Acc@5   1.17 (  0.63)
Epoch: [0][ 310/5005]	Time  0.736 ( 0.761)	Data  0.000 ( 0.040)	Loss 6.8921e+00 (7.0133e+00)	Acc@1   0.00 (  0.13)	Acc@5   0.39 (  0.64)
Epoch: [0][ 320/5005]	Time  0.738 ( 0.760)	Data  0.000 ( 0.040)	Loss 6.8627e+00 (7.0088e+00)	Acc@1   0.00 (  0.14)	Acc@5   1.17 (  0.66)
Epoch: [0][ 330/5005]	Time  0.736 ( 0.760)	Data  0.000 ( 0.040)	Loss 6.8664e+00 (7.0046e+00)	Acc@1   0.39 (  0.14)	Acc@5   1.95 (  0.67)
Epoch: [0][ 340/5005]	Time  0.762 ( 0.759)	Data  0.000 ( 0.040)	Loss 6.8629e+00 (7.0004e+00)	Acc@1   0.39 (  0.14)	Acc@5   0.78 (  0.67)
Epoch: [0][ 350/5005]	Time  0.741 ( 0.759)	Data  0.000 ( 0.039)	Loss 6.8432e+00 (6.9959e+00)	Acc@1   0.39 (  0.15)	Acc@5   0.78 (  0.69)
Epoch: [0][ 360/5005]	Time  0.739 ( 0.758)	Data  0.000 ( 0.039)	Loss 6.8511e+00 (6.9919e+00)	Acc@1   0.39 (  0.15)	Acc@5   1.17 (  0.70)
Epoch: [0][ 370/5005]	Time  0.740 ( 0.757)	Data  0.000 ( 0.039)	Loss 6.8555e+00 (6.9881e+00)	Acc@1   0.00 (  0.15)	Acc@5   1.17 (  0.71)
Epoch: [0][ 380/5005]	Time  0.736 ( 0.757)	Data  0.000 ( 0.039)	Loss 6.8739e+00 (6.9843e+00)	Acc@1   0.00 (  0.15)	Acc@5   1.17 (  0.72)
Epoch: [0][ 390/5005]	Time  0.739 ( 0.756)	Data  0.000 ( 0.039)	Loss 6.7726e+00 (6.9800e+00)	Acc@1   0.78 (  0.16)	Acc@5   1.56 (  0.75)
Epoch: [0][ 400/5005]	Time  0.739 ( 0.756)	Data  0.000 ( 0.039)	Loss 6.8331e+00 (6.9760e+00)	Acc@1   0.00 (  0.16)	Acc@5   1.95 (  0.76)
Epoch: [0][ 410/5005]	Time  0.737 ( 0.756)	Data  0.000 ( 0.039)	Loss 6.8202e+00 (6.9718e+00)	Acc@1   0.39 (  0.17)	Acc@5   1.17 (  0.78)
Epoch: [0][ 420/5005]	Time  0.733 ( 0.755)	Data  0.001 ( 0.039)	Loss 6.7921e+00 (6.9679e+00)	Acc@1   0.00 (  0.17)	Acc@5   0.39 (  0.79)
Epoch: [0][ 430/5005]	Time  0.740 ( 0.755)	Data  0.000 ( 0.039)	Loss 6.7686e+00 (6.9635e+00)	Acc@1   0.39 (  0.18)	Acc@5   1.95 (  0.81)
Epoch: [0][ 440/5005]	Time  0.740 ( 0.755)	Data  0.000 ( 0.039)	Loss 6.7949e+00 (6.9601e+00)	Acc@1   0.00 (  0.18)	Acc@5   0.39 (  0.82)
Epoch: [0][ 450/5005]	Time  0.765 ( 0.754)	Data  0.000 ( 0.038)	Loss 6.7823e+00 (6.9566e+00)	Acc@1   1.17 (  0.19)	Acc@5   1.95 (  0.83)
Epoch: [0][ 460/5005]	Time  0.758 ( 0.754)	Data  0.000 ( 0.038)	Loss 6.7678e+00 (6.9532e+00)	Acc@1   0.00 (  0.19)	Acc@5   2.34 (  0.85)
Epoch: [0][ 470/5005]	Time  0.769 ( 0.754)	Data  0.000 ( 0.038)	Loss 6.8162e+00 (6.9495e+00)	Acc@1   0.00 (  0.18)	Acc@5   1.17 (  0.86)
Epoch: [0][ 480/5005]	Time  0.746 ( 0.753)	Data  0.000 ( 0.038)	Loss 6.7626e+00 (6.9461e+00)	Acc@1   0.00 (  0.19)	Acc@5   1.17 (  0.88)
Epoch: [0][ 490/5005]	Time  0.737 ( 0.753)	Data  0.000 ( 0.038)	Loss 6.7553e+00 (6.9426e+00)	Acc@1   0.39 (  0.19)	Acc@5   1.17 (  0.89)
Epoch: [0][ 500/5005]	Time  0.728 ( 0.753)	Data  0.001 ( 0.038)	Loss 6.8807e+00 (6.9395e+00)	Acc@1   0.39 (  0.20)	Acc@5   0.39 (  0.91)
Epoch: [0][ 510/5005]	Time  0.737 ( 0.753)	Data  0.000 ( 0.038)	Loss 6.7480e+00 (6.9363e+00)	Acc@1   0.78 (  0.20)	Acc@5   1.56 (  0.92)
Epoch: [0][ 520/5005]	Time  0.754 ( 0.752)	Data  0.000 ( 0.038)	Loss 6.7299e+00 (6.9331e+00)	Acc@1   0.39 (  0.21)	Acc@5   2.73 (  0.94)
Epoch: [0][ 530/5005]	Time  0.740 ( 0.752)	Data  0.000 ( 0.038)	Loss 6.7378e+00 (6.9295e+00)	Acc@1   1.17 (  0.21)	Acc@5   2.73 (  0.95)
Epoch: [0][ 540/5005]	Time  0.736 ( 0.752)	Data  0.000 ( 0.038)	Loss 6.7347e+00 (6.9259e+00)	Acc@1   0.00 (  0.21)	Acc@5   1.17 (  0.97)
Epoch: [0][ 550/5005]	Time  0.738 ( 0.752)	Data  0.000 ( 0.038)	Loss 6.7693e+00 (6.9222e+00)	Acc@1   0.78 (  0.22)	Acc@5   1.56 (  0.98)
Epoch: [0][ 560/5005]	Time  0.741 ( 0.751)	Data  0.000 ( 0.038)	Loss 6.7871e+00 (6.9182e+00)	Acc@1   0.00 (  0.22)	Acc@5   1.56 (  1.00)
Epoch: [0][ 570/5005]	Time  0.738 ( 0.751)	Data  0.000 ( 0.038)	Loss 6.6962e+00 (6.9147e+00)	Acc@1   1.17 (  0.23)	Acc@5   2.73 (  1.02)
Epoch: [0][ 580/5005]	Time  0.738 ( 0.751)	Data  0.000 ( 0.038)	Loss 6.6653e+00 (6.9113e+00)	Acc@1   0.00 (  0.23)	Acc@5   2.73 (  1.03)
Epoch: [0][ 590/5005]	Time  0.737 ( 0.751)	Data  0.000 ( 0.038)	Loss 6.7080e+00 (6.9082e+00)	Acc@1   1.56 (  0.24)	Acc@5   2.73 (  1.05)
Epoch: [0][ 600/5005]	Time  0.740 ( 0.751)	Data  0.000 ( 0.038)	Loss 6.5934e+00 (6.9045e+00)	Acc@1   0.78 (  0.24)	Acc@5   2.34 (  1.06)
Epoch: [0][ 610/5005]	Time  0.738 ( 0.750)	Data  0.000 ( 0.038)	Loss 6.7311e+00 (6.9012e+00)	Acc@1   0.00 (  0.24)	Acc@5   1.56 (  1.08)
Epoch: [0][ 620/5005]	Time  0.738 ( 0.750)	Data  0.000 ( 0.037)	Loss 6.7352e+00 (6.8980e+00)	Acc@1   0.00 (  0.25)	Acc@5   1.95 (  1.10)
Epoch: [0][ 630/5005]	Time  0.742 ( 0.750)	Data  0.000 ( 0.037)	Loss 6.6752e+00 (6.8949e+00)	Acc@1   0.39 (  0.26)	Acc@5   2.73 (  1.12)
Epoch: [0][ 640/5005]	Time  0.748 ( 0.750)	Data  0.000 ( 0.037)	Loss 6.6274e+00 (6.8914e+00)	Acc@1   0.39 (  0.26)	Acc@5   3.52 (  1.13)
Epoch: [0][ 650/5005]	Time  0.739 ( 0.750)	Data  0.000 ( 0.037)	Loss 6.6798e+00 (6.8878e+00)	Acc@1   0.78 (  0.27)	Acc@5   2.73 (  1.16)
Epoch: [0][ 660/5005]	Time  0.738 ( 0.750)	Data  0.000 ( 0.037)	Loss 6.6921e+00 (6.8845e+00)	Acc@1   0.00 (  0.27)	Acc@5   1.56 (  1.16)
Epoch: [0][ 670/5005]	Time  0.744 ( 0.749)	Data  0.000 ( 0.037)	Loss 6.7241e+00 (6.8811e+00)	Acc@1   0.00 (  0.28)	Acc@5   1.56 (  1.18)
Epoch: [0][ 680/5005]	Time  0.736 ( 0.749)	Data  0.000 ( 0.037)	Loss 6.6313e+00 (6.8774e+00)	Acc@1   0.00 (  0.28)	Acc@5   1.95 (  1.20)
Epoch: [0][ 690/5005]	Time  0.744 ( 0.749)	Data  0.000 ( 0.037)	Loss 6.6061e+00 (6.8741e+00)	Acc@1   1.17 (  0.28)	Acc@5   3.52 (  1.21)
Epoch: [0][ 700/5005]	Time  0.738 ( 0.749)	Data  0.000 ( 0.037)	Loss 6.6335e+00 (6.8706e+00)	Acc@1   0.00 (  0.29)	Acc@5   1.95 (  1.22)
Epoch: [0][ 710/5005]	Time  0.738 ( 0.749)	Data  0.000 ( 0.037)	Loss 6.7113e+00 (6.8671e+00)	Acc@1   0.00 (  0.29)	Acc@5   1.95 (  1.25)
Epoch: [0][ 720/5005]	Time  0.740 ( 0.749)	Data  0.000 ( 0.037)	Loss 6.6196e+00 (6.8633e+00)	Acc@1   1.95 (  0.30)	Acc@5   3.12 (  1.27)
Epoch: [0][ 730/5005]	Time  0.737 ( 0.749)	Data  0.000 ( 0.037)	Loss 6.6250e+00 (6.8599e+00)	Acc@1   0.00 (  0.30)	Acc@5   2.73 (  1.29)
Epoch: [0][ 740/5005]	Time  0.739 ( 0.749)	Data  0.000 ( 0.037)	Loss 6.5722e+00 (6.8563e+00)	Acc@1   0.78 (  0.31)	Acc@5   2.34 (  1.30)
Epoch: [0][ 750/5005]	Time  0.738 ( 0.748)	Data  0.000 ( 0.037)	Loss 6.5440e+00 (6.8527e+00)	Acc@1   0.39 (  0.31)	Acc@5   1.95 (  1.32)
Epoch: [0][ 760/5005]	Time  0.756 ( 0.748)	Data  0.000 ( 0.037)	Loss 6.5382e+00 (6.8493e+00)	Acc@1   0.78 (  0.31)	Acc@5   2.73 (  1.33)
Epoch: [0][ 770/5005]	Time  0.757 ( 0.748)	Data  0.000 ( 0.037)	Loss 6.5563e+00 (6.8456e+00)	Acc@1   0.39 (  0.32)	Acc@5   2.34 (  1.35)
Epoch: [0][ 780/5005]	Time  0.736 ( 0.748)	Data  0.000 ( 0.037)	Loss 6.6269e+00 (6.8419e+00)	Acc@1   0.78 (  0.32)	Acc@5   1.56 (  1.38)
Epoch: [0][ 790/5005]	Time  0.740 ( 0.748)	Data  0.000 ( 0.037)	Loss 6.5338e+00 (6.8384e+00)	Acc@1   0.78 (  0.33)	Acc@5   3.52 (  1.39)
Epoch: [0][ 800/5005]	Time  0.751 ( 0.748)	Data  0.000 ( 0.037)	Loss 6.5422e+00 (6.8352e+00)	Acc@1   0.39 (  0.33)	Acc@5   1.95 (  1.41)
Epoch: [0][ 810/5005]	Time  0.751 ( 0.748)	Data  0.000 ( 0.037)	Loss 6.5893e+00 (6.8316e+00)	Acc@1   1.56 (  0.34)	Acc@5   3.52 (  1.44)
Epoch: [0][ 820/5005]	Time  0.740 ( 0.748)	Data  0.000 ( 0.037)	Loss 6.6496e+00 (6.8282e+00)	Acc@1   0.39 (  0.35)	Acc@5   1.17 (  1.45)
Epoch: [0][ 830/5005]	Time  0.739 ( 0.748)	Data  0.000 ( 0.037)	Loss 6.5795e+00 (6.8250e+00)	Acc@1   0.00 (  0.35)	Acc@5   0.78 (  1.47)
Epoch: [0][ 840/5005]	Time  0.743 ( 0.748)	Data  0.000 ( 0.037)	Loss 6.4452e+00 (6.8216e+00)	Acc@1   1.17 (  0.35)	Acc@5   5.47 (  1.48)
Epoch: [0][ 850/5005]	Time  0.737 ( 0.747)	Data  0.000 ( 0.037)	Loss 6.5559e+00 (6.8180e+00)	Acc@1   1.17 (  0.36)	Acc@5   3.52 (  1.51)
Epoch: [0][ 860/5005]	Time  0.739 ( 0.747)	Data  0.000 ( 0.037)	Loss 6.5296e+00 (6.8142e+00)	Acc@1   1.17 (  0.36)	Acc@5   3.12 (  1.54)
Epoch: [0][ 870/5005]	Time  0.721 ( 0.747)	Data  0.001 ( 0.037)	Loss 6.5493e+00 (6.8108e+00)	Acc@1   0.39 (  0.36)	Acc@5   2.73 (  1.55)
Epoch: [0][ 880/5005]	Time  0.738 ( 0.747)	Data  0.000 ( 0.037)	Loss 6.4989e+00 (6.8075e+00)	Acc@1   0.00 (  0.37)	Acc@5   3.91 (  1.58)
Epoch: [0][ 890/5005]	Time  0.741 ( 0.747)	Data  0.000 ( 0.037)	Loss 6.4918e+00 (6.8042e+00)	Acc@1   0.78 (  0.38)	Acc@5   2.34 (  1.59)
Epoch: [0][ 900/5005]	Time  0.729 ( 0.747)	Data  0.001 ( 0.037)	Loss 6.4123e+00 (6.8005e+00)	Acc@1   1.17 (  0.38)	Acc@5   4.30 (  1.61)
Epoch: [0][ 910/5005]	Time  0.736 ( 0.747)	Data  0.001 ( 0.037)	Loss 6.4966e+00 (6.7970e+00)	Acc@1   0.39 (  0.39)	Acc@5   2.73 (  1.63)
Epoch: [0][ 920/5005]	Time  0.742 ( 0.747)	Data  0.001 ( 0.037)	Loss 6.4775e+00 (6.7932e+00)	Acc@1   1.56 (  0.40)	Acc@5   4.69 (  1.65)
Epoch: [0][ 930/5005]	Time  0.745 ( 0.747)	Data  0.000 ( 0.037)	Loss 6.4043e+00 (6.7896e+00)	Acc@1   1.95 (  0.41)	Acc@5   6.25 (  1.68)
Epoch: [0][ 940/5005]	Time  0.721 ( 0.747)	Data  0.001 ( 0.037)	Loss 6.4695e+00 (6.7861e+00)	Acc@1   0.78 (  0.41)	Acc@5   4.30 (  1.71)
Epoch: [0][ 950/5005]	Time  0.764 ( 0.747)	Data  0.000 ( 0.037)	Loss 6.5376e+00 (6.7827e+00)	Acc@1   0.00 (  0.42)	Acc@5   3.12 (  1.73)
Epoch: [0][ 960/5005]	Time  0.738 ( 0.747)	Data  0.000 ( 0.037)	Loss 6.4260e+00 (6.7792e+00)	Acc@1   0.78 (  0.42)	Acc@5   4.30 (  1.75)
Epoch: [0][ 970/5005]	Time  0.736 ( 0.746)	Data  0.000 ( 0.037)	Loss 6.4639e+00 (6.7759e+00)	Acc@1   0.78 (  0.43)	Acc@5   3.12 (  1.77)
Epoch: [0][ 980/5005]	Time  0.767 ( 0.746)	Data  0.000 ( 0.037)	Loss 6.4230e+00 (6.7724e+00)	Acc@1   0.39 (  0.43)	Acc@5   4.30 (  1.79)
Epoch: [0][ 990/5005]	Time  0.754 ( 0.746)	Data  0.000 ( 0.037)	Loss 6.4237e+00 (6.7693e+00)	Acc@1   0.78 (  0.44)	Acc@5   3.52 (  1.81)
Epoch: [0][1000/5005]	Time  0.719 ( 0.746)	Data  0.002 ( 0.037)	Loss 6.4553e+00 (6.7654e+00)	Acc@1   2.34 (  0.45)	Acc@5   3.52 (  1.84)
Epoch: [0][1010/5005]	Time  0.740 ( 0.746)	Data  0.000 ( 0.037)	Loss 6.3958e+00 (6.7620e+00)	Acc@1   1.17 (  0.45)	Acc@5   3.12 (  1.86)
Epoch: [0][1020/5005]	Time  0.748 ( 0.746)	Data  0.000 ( 0.037)	Loss 6.3810e+00 (6.7580e+00)	Acc@1   1.56 (  0.46)	Acc@5   5.08 (  1.89)
Epoch: [0][1030/5005]	Time  0.740 ( 0.746)	Data  0.000 ( 0.037)	Loss 6.3670e+00 (6.7543e+00)	Acc@1   2.73 (  0.47)	Acc@5   4.69 (  1.92)
Epoch: [0][1040/5005]	Time  0.720 ( 0.746)	Data  0.001 ( 0.037)	Loss 6.3740e+00 (6.7507e+00)	Acc@1   1.17 (  0.47)	Acc@5   2.73 (  1.94)
Epoch: [0][1050/5005]	Time  0.739 ( 0.746)	Data  0.000 ( 0.036)	Loss 6.2772e+00 (6.7468e+00)	Acc@1   1.56 (  0.48)	Acc@5   5.08 (  1.97)
Epoch: [0][1060/5005]	Time  0.738 ( 0.746)	Data  0.000 ( 0.036)	Loss 6.3608e+00 (6.7432e+00)	Acc@1   0.00 (  0.48)	Acc@5   3.91 (  1.99)
Epoch: [0][1070/5005]	Time  0.740 ( 0.746)	Data  0.000 ( 0.036)	Loss 6.4289e+00 (6.7394e+00)	Acc@1   0.78 (  0.49)	Acc@5   3.12 (  2.02)
Epoch: [0][1080/5005]	Time  0.739 ( 0.746)	Data  0.000 ( 0.036)	Loss 6.3524e+00 (6.7356e+00)	Acc@1   1.17 (  0.50)	Acc@5   4.69 (  2.05)
Epoch: [0][1090/5005]	Time  0.737 ( 0.746)	Data  0.000 ( 0.036)	Loss 6.4215e+00 (6.7324e+00)	Acc@1   1.56 (  0.50)	Acc@5   3.12 (  2.06)
Epoch: [0][1100/5005]	Time  0.738 ( 0.746)	Data  0.000 ( 0.036)	Loss 6.3574e+00 (6.7286e+00)	Acc@1   1.95 (  0.51)	Acc@5   5.47 (  2.08)
Epoch: [0][1110/5005]	Time  0.737 ( 0.746)	Data  0.001 ( 0.036)	Loss 6.3099e+00 (6.7251e+00)	Acc@1   1.56 (  0.51)	Acc@5   5.86 (  2.10)
Epoch: [0][1120/5005]	Time  0.741 ( 0.746)	Data  0.000 ( 0.036)	Loss 6.2162e+00 (6.7211e+00)	Acc@1   2.34 (  0.52)	Acc@5   5.47 (  2.13)
Epoch: [0][1130/5005]	Time  0.745 ( 0.746)	Data  0.000 ( 0.036)	Loss 6.2696e+00 (6.7175e+00)	Acc@1   0.00 (  0.53)	Acc@5   5.08 (  2.15)
Epoch: [0][1140/5005]	Time  0.738 ( 0.746)	Data  0.000 ( 0.036)	Loss 6.2129e+00 (6.7135e+00)	Acc@1   1.95 (  0.54)	Acc@5   4.69 (  2.18)
Epoch: [0][1150/5005]	Time  0.739 ( 0.746)	Data  0.000 ( 0.036)	Loss 6.3488e+00 (6.7100e+00)	Acc@1   0.78 (  0.54)	Acc@5   4.69 (  2.21)
Epoch: [0][1160/5005]	Time  0.738 ( 0.746)	Data  0.000 ( 0.036)	Loss 6.3013e+00 (6.7063e+00)	Acc@1   1.17 (  0.55)	Acc@5   4.69 (  2.23)
Epoch: [0][1170/5005]	Time  0.739 ( 0.745)	Data  0.000 ( 0.036)	Loss 6.1509e+00 (6.7023e+00)	Acc@1   0.78 (  0.56)	Acc@5   5.08 (  2.27)
Epoch: [0][1180/5005]	Time  0.739 ( 0.745)	Data  0.000 ( 0.036)	Loss 6.2712e+00 (6.6984e+00)	Acc@1   0.78 (  0.57)	Acc@5   5.86 (  2.30)
Epoch: [0][1190/5005]	Time  0.765 ( 0.745)	Data  0.000 ( 0.036)	Loss 6.1849e+00 (6.6945e+00)	Acc@1   1.95 (  0.57)	Acc@5   5.86 (  2.33)
Epoch: [0][1200/5005]	Time  0.767 ( 0.745)	Data  0.000 ( 0.036)	Loss 6.1697e+00 (6.6908e+00)	Acc@1   1.56 (  0.58)	Acc@5   5.86 (  2.35)
Epoch: [0][1210/5005]	Time  0.739 ( 0.745)	Data  0.000 ( 0.036)	Loss 6.1622e+00 (6.6871e+00)	Acc@1   0.78 (  0.59)	Acc@5   6.25 (  2.38)
Epoch: [0][1220/5005]	Time  0.740 ( 0.745)	Data  0.000 ( 0.036)	Loss 6.1795e+00 (6.6834e+00)	Acc@1   1.17 (  0.60)	Acc@5   7.42 (  2.41)
Epoch: [0][1230/5005]	Time  0.740 ( 0.745)	Data  0.000 ( 0.036)	Loss 6.1261e+00 (6.6795e+00)	Acc@1   1.95 (  0.60)	Acc@5   6.64 (  2.44)
Epoch: [0][1240/5005]	Time  0.740 ( 0.745)	Data  0.000 ( 0.036)	Loss 6.1863e+00 (6.6760e+00)	Acc@1   2.73 (  0.61)	Acc@5   7.42 (  2.47)
Epoch: [0][1250/5005]	Time  0.725 ( 0.745)	Data  0.001 ( 0.036)	Loss 6.1178e+00 (6.6720e+00)	Acc@1   2.73 (  0.62)	Acc@5   5.08 (  2.50)
Epoch: [0][1260/5005]	Time  0.739 ( 0.745)	Data  0.000 ( 0.036)	Loss 6.1893e+00 (6.6678e+00)	Acc@1   2.34 (  0.63)	Acc@5   7.03 (  2.53)
Epoch: [0][1270/5005]	Time  0.740 ( 0.745)	Data  0.000 ( 0.036)	Loss 6.2286e+00 (6.6641e+00)	Acc@1   1.17 (  0.64)	Acc@5   3.91 (  2.56)
Epoch: [0][1280/5005]	Time  0.738 ( 0.745)	Data  0.000 ( 0.036)	Loss 6.1521e+00 (6.6600e+00)	Acc@1   0.39 (  0.65)	Acc@5   3.52 (  2.60)
Epoch: [0][1290/5005]	Time  0.739 ( 0.745)	Data  0.000 ( 0.036)	Loss 6.2156e+00 (6.6558e+00)	Acc@1   1.56 (  0.66)	Acc@5   7.42 (  2.63)
Epoch: [0][1300/5005]	Time  0.739 ( 0.745)	Data  0.000 ( 0.036)	Loss 6.0669e+00 (6.6520e+00)	Acc@1   1.17 (  0.67)	Acc@5   3.91 (  2.66)
Epoch: [0][1310/5005]	Time  0.738 ( 0.745)	Data  0.000 ( 0.036)	Loss 6.0319e+00 (6.6483e+00)	Acc@1   1.95 (  0.68)	Acc@5   7.81 (  2.69)
Epoch: [0][1320/5005]	Time  0.750 ( 0.745)	Data  0.000 ( 0.036)	Loss 6.2674e+00 (6.6446e+00)	Acc@1   2.34 (  0.69)	Acc@5   4.69 (  2.71)
Epoch: [0][1330/5005]	Time  0.740 ( 0.745)	Data  0.000 ( 0.036)	Loss 6.0553e+00 (6.6407e+00)	Acc@1   1.56 (  0.69)	Acc@5   6.64 (  2.75)
Epoch: [0][1340/5005]	Time  0.741 ( 0.745)	Data  0.000 ( 0.036)	Loss 6.2213e+00 (6.6369e+00)	Acc@1   1.95 (  0.70)	Acc@5   7.81 (  2.78)
Epoch: [0][1350/5005]	Time  0.737 ( 0.745)	Data  0.000 ( 0.036)	Loss 6.1525e+00 (6.6329e+00)	Acc@1   2.34 (  0.71)	Acc@5   5.86 (  2.81)
Epoch: [0][1360/5005]	Time  0.738 ( 0.745)	Data  0.000 ( 0.036)	Loss 5.9633e+00 (6.6289e+00)	Acc@1   3.52 (  0.72)	Acc@5   8.20 (  2.85)
Epoch: [0][1370/5005]	Time  0.739 ( 0.745)	Data  0.000 ( 0.036)	Loss 6.2695e+00 (6.6251e+00)	Acc@1   1.56 (  0.73)	Acc@5   4.69 (  2.88)
Epoch: [0][1380/5005]	Time  0.737 ( 0.745)	Data  0.000 ( 0.036)	Loss 5.9835e+00 (6.6211e+00)	Acc@1   3.12 (  0.74)	Acc@5   7.81 (  2.90)
Epoch: [0][1390/5005]	Time  0.739 ( 0.745)	Data  0.000 ( 0.036)	Loss 5.9966e+00 (6.6175e+00)	Acc@1   1.95 (  0.75)	Acc@5   7.81 (  2.94)
Epoch: [0][1400/5005]	Time  0.752 ( 0.745)	Data  0.000 ( 0.036)	Loss 6.1623e+00 (6.6136e+00)	Acc@1   0.78 (  0.76)	Acc@5   6.25 (  2.97)
Epoch: [0][1410/5005]	Time  0.751 ( 0.745)	Data  0.000 ( 0.036)	Loss 6.0963e+00 (6.6099e+00)	Acc@1   1.95 (  0.77)	Acc@5   6.64 (  3.00)
Epoch: [0][1420/5005]	Time  0.742 ( 0.745)	Data  0.000 ( 0.036)	Loss 5.9908e+00 (6.6057e+00)	Acc@1   1.17 (  0.78)	Acc@5   5.08 (  3.03)
Epoch: [0][1430/5005]	Time  0.739 ( 0.745)	Data  0.000 ( 0.036)	Loss 6.1171e+00 (6.6018e+00)	Acc@1   1.95 (  0.79)	Acc@5   7.81 (  3.06)
Epoch: [0][1440/5005]	Time  0.736 ( 0.745)	Data  0.000 ( 0.036)	Loss 6.1668e+00 (6.5979e+00)	Acc@1   0.78 (  0.80)	Acc@5   5.47 (  3.09)
Epoch: [0][1450/5005]	Time  0.738 ( 0.745)	Data  0.000 ( 0.036)	Loss 5.9330e+00 (6.5939e+00)	Acc@1   3.91 (  0.81)	Acc@5  10.55 (  3.13)
Epoch: [0][1460/5005]	Time  0.741 ( 0.745)	Data  0.000 ( 0.036)	Loss 5.9864e+00 (6.5902e+00)	Acc@1   1.56 (  0.81)	Acc@5   7.42 (  3.16)
Epoch: [0][1470/5005]	Time  0.741 ( 0.745)	Data  0.000 ( 0.036)	Loss 5.9539e+00 (6.5859e+00)	Acc@1   3.12 (  0.82)	Acc@5  10.55 (  3.20)
Epoch: [0][1480/5005]	Time  0.739 ( 0.744)	Data  0.000 ( 0.036)	Loss 5.9430e+00 (6.5822e+00)	Acc@1   2.34 (  0.83)	Acc@5   8.59 (  3.23)
Epoch: [0][1490/5005]	Time  0.740 ( 0.744)	Data  0.000 ( 0.036)	Loss 5.9898e+00 (6.5783e+00)	Acc@1   3.52 (  0.84)	Acc@5  10.16 (  3.26)
Epoch: [0][1500/5005]	Time  0.731 ( 0.744)	Data  0.001 ( 0.036)	Loss 6.1094e+00 (6.5743e+00)	Acc@1   0.78 (  0.85)	Acc@5   6.25 (  3.30)
Epoch: [0][1510/5005]	Time  0.744 ( 0.744)	Data  0.000 ( 0.036)	Loss 5.9891e+00 (6.5705e+00)	Acc@1   1.17 (  0.86)	Acc@5   8.59 (  3.33)
Epoch: [0][1520/5005]	Time  0.749 ( 0.744)	Data  0.000 ( 0.036)	Loss 5.9510e+00 (6.5665e+00)	Acc@1   1.95 (  0.88)	Acc@5   9.38 (  3.37)
Epoch: [0][1530/5005]	Time  0.737 ( 0.744)	Data  0.000 ( 0.036)	Loss 6.0736e+00 (6.5627e+00)	Acc@1   1.95 (  0.89)	Acc@5   9.77 (  3.40)
Epoch: [0][1540/5005]	Time  0.741 ( 0.744)	Data  0.000 ( 0.036)	Loss 5.7920e+00 (6.5586e+00)	Acc@1   1.95 (  0.89)	Acc@5  10.94 (  3.44)
Epoch: [0][1550/5005]	Time  0.740 ( 0.744)	Data  0.000 ( 0.036)	Loss 5.8658e+00 (6.5544e+00)	Acc@1   1.17 (  0.91)	Acc@5   8.98 (  3.48)
Epoch: [0][1560/5005]	Time  0.749 ( 0.744)	Data  0.000 ( 0.036)	Loss 5.9551e+00 (6.5503e+00)	Acc@1   1.95 (  0.91)	Acc@5   8.59 (  3.51)
Epoch: [0][1570/5005]	Time  0.738 ( 0.744)	Data  0.000 ( 0.036)	Loss 5.9807e+00 (6.5466e+00)	Acc@1   2.34 (  0.92)	Acc@5   8.98 (  3.54)
Epoch: [0][1580/5005]	Time  0.739 ( 0.744)	Data  0.000 ( 0.036)	Loss 5.9254e+00 (6.5427e+00)	Acc@1   1.56 (  0.93)	Acc@5   7.03 (  3.58)
Epoch: [0][1590/5005]	Time  0.737 ( 0.744)	Data  0.000 ( 0.036)	Loss 5.8310e+00 (6.5386e+00)	Acc@1   2.34 (  0.95)	Acc@5   7.81 (  3.62)
Epoch: [0][1600/5005]	Time  0.740 ( 0.744)	Data  0.000 ( 0.036)	Loss 6.0551e+00 (6.5348e+00)	Acc@1   0.78 (  0.96)	Acc@5   4.69 (  3.65)
Epoch: [0][1610/5005]	Time  0.760 ( 0.744)	Data  0.000 ( 0.036)	Loss 5.8028e+00 (6.5307e+00)	Acc@1   3.52 (  0.97)	Acc@5  10.16 (  3.69)
Epoch: [0][1620/5005]	Time  0.736 ( 0.744)	Data  0.000 ( 0.036)	Loss 5.8388e+00 (6.5266e+00)	Acc@1   3.12 (  0.98)	Acc@5  11.72 (  3.73)
Epoch: [0][1630/5005]	Time  0.738 ( 0.744)	Data  0.000 ( 0.036)	Loss 6.0714e+00 (6.5228e+00)	Acc@1   1.17 (  0.99)	Acc@5   7.03 (  3.76)
Epoch: [0][1640/5005]	Time  0.741 ( 0.744)	Data  0.000 ( 0.036)	Loss 5.9151e+00 (6.5187e+00)	Acc@1   2.73 (  1.01)	Acc@5   8.98 (  3.81)
Epoch: [0][1650/5005]	Time  0.738 ( 0.744)	Data  0.000 ( 0.036)	Loss 5.9323e+00 (6.5146e+00)	Acc@1   1.17 (  1.02)	Acc@5   7.42 (  3.84)
Epoch: [0][1660/5005]	Time  0.739 ( 0.744)	Data  0.000 ( 0.036)	Loss 5.7142e+00 (6.5103e+00)	Acc@1   1.95 (  1.03)	Acc@5  10.94 (  3.89)
Epoch: [0][1670/5005]	Time  0.741 ( 0.744)	Data  0.000 ( 0.036)	Loss 5.7117e+00 (6.5064e+00)	Acc@1   0.78 (  1.05)	Acc@5  10.94 (  3.92)
Epoch: [0][1680/5005]	Time  0.732 ( 0.744)	Data  0.001 ( 0.036)	Loss 5.9217e+00 (6.5023e+00)	Acc@1   1.17 (  1.06)	Acc@5   3.91 (  3.96)
Epoch: [0][1690/5005]	Time  0.740 ( 0.744)	Data  0.000 ( 0.036)	Loss 5.8959e+00 (6.4986e+00)	Acc@1   2.34 (  1.07)	Acc@5   8.98 (  4.00)
Epoch: [0][1700/5005]	Time  0.740 ( 0.744)	Data  0.000 ( 0.036)	Loss 5.7323e+00 (6.4945e+00)	Acc@1   4.69 (  1.08)	Acc@5  14.45 (  4.04)
Epoch: [0][1710/5005]	Time  0.740 ( 0.744)	Data  0.000 ( 0.036)	Loss 5.8369e+00 (6.4906e+00)	Acc@1   4.30 (  1.09)	Acc@5  11.33 (  4.08)
Epoch: [0][1720/5005]	Time  0.738 ( 0.744)	Data  0.000 ( 0.036)	Loss 5.9212e+00 (6.4868e+00)	Acc@1   3.12 (  1.10)	Acc@5   9.38 (  4.12)
/home/leafz/PyTorch-Learning/virenv/lib/python3.6/site-packages/PIL/TiffImagePlugin.py:804: UserWarning: Corrupt EXIF data.  Expecting to read 4 bytes but only got 0.
  warnings.warn(str(msg))
Epoch: [0][1730/5005]	Time  0.736 ( 0.744)	Data  0.001 ( 0.036)	Loss 5.8400e+00 (6.4829e+00)	Acc@1   1.17 (  1.12)	Acc@5  11.33 (  4.16)
Epoch: [0][1740/5005]	Time  0.740 ( 0.744)	Data  0.000 ( 0.036)	Loss 5.7018e+00 (6.4787e+00)	Acc@1   1.56 (  1.13)	Acc@5  11.72 (  4.20)
Epoch: [0][1750/5005]	Time  0.742 ( 0.744)	Data  0.000 ( 0.036)	Loss 5.7075e+00 (6.4745e+00)	Acc@1   1.95 (  1.14)	Acc@5  12.11 (  4.25)
Epoch: [0][1760/5005]	Time  0.740 ( 0.744)	Data  0.000 ( 0.036)	Loss 5.8134e+00 (6.4705e+00)	Acc@1   2.73 (  1.16)	Acc@5  10.94 (  4.30)
Epoch: [0][1770/5005]	Time  0.723 ( 0.744)	Data  0.001 ( 0.036)	Loss 5.6182e+00 (6.4665e+00)	Acc@1   4.30 (  1.17)	Acc@5  15.23 (  4.34)
Epoch: [0][1780/5005]	Time  0.765 ( 0.744)	Data  0.000 ( 0.036)	Loss 5.8960e+00 (6.4623e+00)	Acc@1   2.34 (  1.18)	Acc@5  10.16 (  4.38)
Epoch: [0][1790/5005]	Time  0.739 ( 0.744)	Data  0.000 ( 0.036)	Loss 5.7140e+00 (6.4580e+00)	Acc@1   3.12 (  1.19)	Acc@5  10.16 (  4.42)
Epoch: [0][1800/5005]	Time  0.722 ( 0.744)	Data  0.002 ( 0.036)	Loss 5.6360e+00 (6.4539e+00)	Acc@1   2.73 (  1.21)	Acc@5  12.89 (  4.46)
Epoch: [0][1810/5005]	Time  0.749 ( 0.744)	Data  0.000 ( 0.036)	Loss 5.7108e+00 (6.4504e+00)	Acc@1   3.12 (  1.22)	Acc@5  10.94 (  4.49)
Epoch: [0][1820/5005]	Time  0.738 ( 0.744)	Data  0.000 ( 0.036)	Loss 5.7842e+00 (6.4466e+00)	Acc@1   3.91 (  1.23)	Acc@5  12.11 (  4.53)
Epoch: [0][1830/5005]	Time  0.740 ( 0.744)	Data  0.000 ( 0.036)	Loss 5.7317e+00 (6.4429e+00)	Acc@1   1.95 (  1.25)	Acc@5  11.72 (  4.57)
Epoch: [0][1840/5005]	Time  0.729 ( 0.744)	Data  0.000 ( 0.036)	Loss 5.5874e+00 (6.4387e+00)	Acc@1   5.47 (  1.26)	Acc@5  14.84 (  4.61)
Epoch: [0][1850/5005]	Time  0.740 ( 0.744)	Data  0.000 ( 0.036)	Loss 5.7010e+00 (6.4346e+00)	Acc@1   4.69 (  1.27)	Acc@5  12.50 (  4.65)
Epoch: [0][1860/5005]	Time  0.739 ( 0.744)	Data  0.000 ( 0.036)	Loss 5.8363e+00 (6.4308e+00)	Acc@1   3.52 (  1.29)	Acc@5   9.77 (  4.69)
Epoch: [0][1870/5005]	Time  0.738 ( 0.744)	Data  0.000 ( 0.036)	Loss 5.5920e+00 (6.4266e+00)	Acc@1   4.30 (  1.30)	Acc@5  12.89 (  4.73)
Epoch: [0][1880/5005]	Time  0.740 ( 0.744)	Data  0.000 ( 0.036)	Loss 5.6741e+00 (6.4229e+00)	Acc@1   3.91 (  1.31)	Acc@5  14.06 (  4.77)
Epoch: [0][1890/5005]	Time  0.740 ( 0.744)	Data  0.000 ( 0.036)	Loss 5.7150e+00 (6.4187e+00)	Acc@1   4.30 (  1.33)	Acc@5  12.11 (  4.81)
Epoch: [0][1900/5005]	Time  0.718 ( 0.744)	Data  0.002 ( 0.036)	Loss 5.6877e+00 (6.4150e+00)	Acc@1   4.69 (  1.34)	Acc@5  12.11 (  4.85)
Epoch: [0][1910/5005]	Time  0.763 ( 0.744)	Data  0.000 ( 0.036)	Loss 5.7575e+00 (6.4110e+00)	Acc@1   2.73 (  1.36)	Acc@5  10.94 (  4.89)
Epoch: [0][1920/5005]	Time  0.738 ( 0.744)	Data  0.001 ( 0.036)	Loss 5.6578e+00 (6.4070e+00)	Acc@1   4.30 (  1.37)	Acc@5  13.28 (  4.94)
Epoch: [0][1930/5005]	Time  0.740 ( 0.744)	Data  0.000 ( 0.036)	Loss 5.6239e+00 (6.4029e+00)	Acc@1   5.08 (  1.38)	Acc@5  10.55 (  4.98)
Epoch: [0][1940/5005]	Time  0.737 ( 0.743)	Data  0.000 ( 0.036)	Loss 5.5447e+00 (6.3990e+00)	Acc@1   4.69 (  1.40)	Acc@5  14.06 (  5.02)
Epoch: [0][1950/5005]	Time  0.743 ( 0.743)	Data  0.000 ( 0.036)	Loss 5.6915e+00 (6.3952e+00)	Acc@1   3.91 (  1.41)	Acc@5  13.67 (  5.06)
Epoch: [0][1960/5005]	Time  0.742 ( 0.743)	Data  0.000 ( 0.036)	Loss 5.7702e+00 (6.3913e+00)	Acc@1   2.73 (  1.43)	Acc@5  10.16 (  5.10)
Epoch: [0][1970/5005]	Time  0.745 ( 0.743)	Data  0.000 ( 0.036)	Loss 5.5476e+00 (6.3874e+00)	Acc@1   7.42 (  1.44)	Acc@5  16.80 (  5.14)
Epoch: [0][1980/5005]	Time  0.743 ( 0.743)	Data  0.000 ( 0.036)	Loss 5.4841e+00 (6.3834e+00)	Acc@1   6.64 (  1.46)	Acc@5  14.84 (  5.18)
Epoch: [0][1990/5005]	Time  0.739 ( 0.743)	Data  0.000 ( 0.036)	Loss 5.6462e+00 (6.3796e+00)	Acc@1   5.86 (  1.47)	Acc@5  15.62 (  5.23)
Epoch: [0][2000/5005]	Time  0.737 ( 0.743)	Data  0.000 ( 0.036)	Loss 5.5748e+00 (6.3756e+00)	Acc@1   2.34 (  1.48)	Acc@5  10.55 (  5.27)
Epoch: [0][2010/5005]	Time  0.738 ( 0.743)	Data  0.000 ( 0.036)	Loss 5.4541e+00 (6.3717e+00)	Acc@1   7.03 (  1.50)	Acc@5  16.02 (  5.31)
Epoch: [0][2020/5005]	Time  0.741 ( 0.743)	Data  0.000 ( 0.036)	Loss 5.5683e+00 (6.3678e+00)	Acc@1   2.73 (  1.51)	Acc@5  12.11 (  5.35)
Epoch: [0][2030/5005]	Time  0.755 ( 0.743)	Data  0.000 ( 0.036)	Loss 5.5399e+00 (6.3637e+00)	Acc@1   6.25 (  1.53)	Acc@5  17.58 (  5.40)
Epoch: [0][2040/5005]	Time  0.738 ( 0.743)	Data  0.000 ( 0.036)	Loss 5.6770e+00 (6.3598e+00)	Acc@1   3.12 (  1.55)	Acc@5  12.50 (  5.45)
Epoch: [0][2050/5005]	Time  0.744 ( 0.743)	Data  0.000 ( 0.036)	Loss 5.6220e+00 (6.3560e+00)	Acc@1   2.73 (  1.56)	Acc@5  14.45 (  5.49)
Epoch: [0][2060/5005]	Time  0.740 ( 0.743)	Data  0.000 ( 0.036)	Loss 5.6871e+00 (6.3520e+00)	Acc@1   3.91 (  1.58)	Acc@5  14.45 (  5.53)
Epoch: [0][2070/5005]	Time  0.743 ( 0.743)	Data  0.000 ( 0.036)	Loss 5.5856e+00 (6.3482e+00)	Acc@1   5.86 (  1.60)	Acc@5  15.62 (  5.58)
Epoch: [0][2080/5005]	Time  0.738 ( 0.743)	Data  0.000 ( 0.036)	Loss 5.5133e+00 (6.3445e+00)	Acc@1   4.30 (  1.61)	Acc@5   9.77 (  5.62)
Epoch: [0][2090/5005]	Time  0.746 ( 0.743)	Data  0.000 ( 0.036)	Loss 5.5087e+00 (6.3410e+00)	Acc@1   3.52 (  1.62)	Acc@5  15.62 (  5.66)
Epoch: [0][2100/5005]	Time  0.741 ( 0.743)	Data  0.000 ( 0.036)	Loss 5.5448e+00 (6.3373e+00)	Acc@1   5.08 (  1.64)	Acc@5  15.62 (  5.70)
Epoch: [0][2110/5005]	Time  0.742 ( 0.743)	Data  0.000 ( 0.036)	Loss 5.5925e+00 (6.3335e+00)	Acc@1   3.91 (  1.65)	Acc@5  12.50 (  5.74)
Epoch: [0][2120/5005]	Time  0.742 ( 0.743)	Data  0.000 ( 0.036)	Loss 5.3809e+00 (6.3295e+00)	Acc@1   5.08 (  1.67)	Acc@5  13.67 (  5.79)
Epoch: [0][2130/5005]	Time  0.735 ( 0.743)	Data  0.001 ( 0.036)	Loss 5.5538e+00 (6.3255e+00)	Acc@1   3.12 (  1.68)	Acc@5  10.55 (  5.83)
Epoch: [0][2140/5005]	Time  0.740 ( 0.743)	Data  0.000 ( 0.036)	Loss 5.5056e+00 (6.3218e+00)	Acc@1   5.08 (  1.70)	Acc@5   9.77 (  5.87)
Epoch: [0][2150/5005]	Time  0.739 ( 0.743)	Data  0.000 ( 0.036)	Loss 5.6997e+00 (6.3183e+00)	Acc@1   5.08 (  1.72)	Acc@5  14.06 (  5.91)
Epoch: [0][2160/5005]	Time  0.739 ( 0.743)	Data  0.000 ( 0.036)	Loss 5.4469e+00 (6.3145e+00)	Acc@1   4.69 (  1.73)	Acc@5  15.23 (  5.95)
Epoch: [0][2170/5005]	Time  0.759 ( 0.743)	Data  0.000 ( 0.036)	Loss 5.6074e+00 (6.3109e+00)	Acc@1   7.42 (  1.75)	Acc@5  17.19 (  5.99)
Epoch: [0][2180/5005]	Time  0.743 ( 0.743)	Data  0.000 ( 0.036)	Loss 5.3843e+00 (6.3070e+00)	Acc@1   8.20 (  1.77)	Acc@5  18.75 (  6.04)
Epoch: [0][2190/5005]	Time  0.746 ( 0.743)	Data  0.000 ( 0.036)	Loss 5.5557e+00 (6.3034e+00)	Acc@1   4.69 (  1.78)	Acc@5  12.50 (  6.08)
Epoch: [0][2200/5005]	Time  0.737 ( 0.743)	Data  0.000 ( 0.036)	Loss 5.6293e+00 (6.2997e+00)	Acc@1   3.12 (  1.80)	Acc@5  11.72 (  6.13)
Epoch: [0][2210/5005]	Time  0.739 ( 0.743)	Data  0.000 ( 0.036)	Loss 5.4200e+00 (6.2961e+00)	Acc@1   7.03 (  1.81)	Acc@5  18.36 (  6.16)
Epoch: [0][2220/5005]	Time  0.740 ( 0.743)	Data  0.000 ( 0.036)	Loss 5.6116e+00 (6.2924e+00)	Acc@1   3.52 (  1.83)	Acc@5  11.33 (  6.20)
Epoch: [0][2230/5005]	Time  0.739 ( 0.743)	Data  0.000 ( 0.036)	Loss 5.4600e+00 (6.2888e+00)	Acc@1   4.30 (  1.84)	Acc@5  16.02 (  6.24)
Epoch: [0][2240/5005]	Time  0.741 ( 0.743)	Data  0.000 ( 0.036)	Loss 5.4376e+00 (6.2850e+00)	Acc@1   4.69 (  1.86)	Acc@5  16.02 (  6.29)
Epoch: [0][2250/5005]	Time  0.737 ( 0.743)	Data  0.000 ( 0.036)	Loss 5.6411e+00 (6.2817e+00)	Acc@1   5.47 (  1.87)	Acc@5  13.67 (  6.32)
Epoch: [0][2260/5005]	Time  0.744 ( 0.743)	Data  0.000 ( 0.036)	Loss 5.4049e+00 (6.2779e+00)	Acc@1   3.91 (  1.89)	Acc@5  17.19 (  6.37)
Epoch: [0][2270/5005]	Time  0.740 ( 0.743)	Data  0.000 ( 0.036)	Loss 5.6121e+00 (6.2745e+00)	Acc@1   2.73 (  1.90)	Acc@5  13.67 (  6.41)
Epoch: [0][2280/5005]	Time  0.734 ( 0.743)	Data  0.001 ( 0.036)	Loss 5.4584e+00 (6.2707e+00)	Acc@1   5.86 (  1.92)	Acc@5  17.19 (  6.45)
Epoch: [0][2290/5005]	Time  0.742 ( 0.743)	Data  0.000 ( 0.036)	Loss 5.5022e+00 (6.2670e+00)	Acc@1   6.25 (  1.93)	Acc@5  13.67 (  6.49)
Epoch: [0][2300/5005]	Time  0.738 ( 0.743)	Data  0.000 ( 0.036)	Loss 5.4447e+00 (6.2632e+00)	Acc@1   6.25 (  1.95)	Acc@5  15.23 (  6.54)
Epoch: [0][2310/5005]	Time  0.738 ( 0.743)	Data  0.000 ( 0.036)	Loss 5.3522e+00 (6.2595e+00)	Acc@1   7.81 (  1.97)	Acc@5  18.75 (  6.59)
Epoch: [0][2320/5005]	Time  0.743 ( 0.743)	Data  0.000 ( 0.036)	Loss 5.2433e+00 (6.2560e+00)	Acc@1   8.20 (  1.98)	Acc@5  22.27 (  6.62)
Epoch: [0][2330/5005]	Time  0.766 ( 0.743)	Data  0.000 ( 0.036)	Loss 5.5142e+00 (6.2523e+00)	Acc@1   4.30 (  2.00)	Acc@5  14.06 (  6.67)
Epoch: [0][2340/5005]	Time  0.739 ( 0.743)	Data  0.000 ( 0.036)	Loss 5.5255e+00 (6.2488e+00)	Acc@1   5.08 (  2.02)	Acc@5  15.23 (  6.71)
Epoch: [0][2350/5005]	Time  0.764 ( 0.743)	Data  0.000 ( 0.036)	Loss 5.2303e+00 (6.2449e+00)	Acc@1   7.03 (  2.03)	Acc@5  19.14 (  6.75)
Epoch: [0][2360/5005]	Time  0.744 ( 0.743)	Data  0.000 ( 0.036)	Loss 5.4167e+00 (6.2411e+00)	Acc@1   6.25 (  2.05)	Acc@5  17.19 (  6.80)
Epoch: [0][2370/5005]	Time  0.739 ( 0.743)	Data  0.000 ( 0.036)	Loss 5.2346e+00 (6.2376e+00)	Acc@1   6.64 (  2.06)	Acc@5  19.53 (  6.84)
Epoch: [0][2380/5005]	Time  0.738 ( 0.743)	Data  0.000 ( 0.036)	Loss 5.3127e+00 (6.2339e+00)	Acc@1   6.64 (  2.08)	Acc@5  18.75 (  6.89)
Epoch: [0][2390/5005]	Time  0.740 ( 0.743)	Data  0.000 ( 0.036)	Loss 5.3164e+00 (6.2302e+00)	Acc@1   5.47 (  2.09)	Acc@5  16.41 (  6.94)
Epoch: [0][2400/5005]	Time  0.722 ( 0.743)	Data  0.001 ( 0.036)	Loss 5.1952e+00 (6.2266e+00)	Acc@1   5.86 (  2.11)	Acc@5  20.70 (  6.98)
Epoch: [0][2410/5005]	Time  0.715 ( 0.743)	Data  0.002 ( 0.036)	Loss 5.1447e+00 (6.2231e+00)	Acc@1   6.25 (  2.13)	Acc@5  21.09 (  7.03)
Epoch: [0][2420/5005]	Time  0.740 ( 0.743)	Data  0.000 ( 0.036)	Loss 5.2893e+00 (6.2193e+00)	Acc@1   5.08 (  2.14)	Acc@5  15.62 (  7.07)
Epoch: [0][2430/5005]	Time  0.737 ( 0.743)	Data  0.000 ( 0.036)	Loss 5.0579e+00 (6.2157e+00)	Acc@1   5.86 (  2.16)	Acc@5  23.05 (  7.12)
Epoch: [0][2440/5005]	Time  0.737 ( 0.743)	Data  0.000 ( 0.036)	Loss 5.2110e+00 (6.2121e+00)	Acc@1   7.42 (  2.18)	Acc@5  21.48 (  7.16)
Epoch: [0][2450/5005]	Time  0.761 ( 0.743)	Data  0.000 ( 0.036)	Loss 5.4150e+00 (6.2086e+00)	Acc@1   6.25 (  2.20)	Acc@5  17.58 (  7.21)
Epoch: [0][2460/5005]	Time  0.743 ( 0.743)	Data  0.000 ( 0.036)	Loss 5.3388e+00 (6.2052e+00)	Acc@1   5.08 (  2.22)	Acc@5  18.75 (  7.25)
Epoch: [0][2470/5005]	Time  0.741 ( 0.743)	Data  0.000 ( 0.036)	Loss 5.2217e+00 (6.2017e+00)	Acc@1   5.08 (  2.23)	Acc@5  17.19 (  7.29)
Epoch: [0][2480/5005]	Time  0.738 ( 0.743)	Data  0.000 ( 0.036)	Loss 5.2086e+00 (6.1979e+00)	Acc@1   3.91 (  2.25)	Acc@5  19.92 (  7.34)
Epoch: [0][2490/5005]	Time  0.739 ( 0.743)	Data  0.000 ( 0.036)	Loss 5.5509e+00 (6.1946e+00)	Acc@1   5.08 (  2.27)	Acc@5  15.23 (  7.39)
Epoch: [0][2500/5005]	Time  0.738 ( 0.743)	Data  0.000 ( 0.036)	Loss 5.3016e+00 (6.1911e+00)	Acc@1   5.08 (  2.28)	Acc@5  16.80 (  7.43)
Epoch: [0][2510/5005]	Time  0.741 ( 0.743)	Data  0.001 ( 0.036)	Loss 5.2220e+00 (6.1875e+00)	Acc@1   7.42 (  2.30)	Acc@5  19.92 (  7.48)
Epoch: [0][2520/5005]	Time  0.741 ( 0.743)	Data  0.000 ( 0.036)	Loss 5.4300e+00 (6.1842e+00)	Acc@1   6.64 (  2.32)	Acc@5  15.62 (  7.52)
Epoch: [0][2530/5005]	Time  0.741 ( 0.743)	Data  0.000 ( 0.036)	Loss 5.2343e+00 (6.1806e+00)	Acc@1   7.42 (  2.33)	Acc@5  17.58 (  7.56)
Epoch: [0][2540/5005]	Time  0.743 ( 0.743)	Data  0.000 ( 0.036)	Loss 5.3549e+00 (6.1772e+00)	Acc@1   8.98 (  2.35)	Acc@5  18.75 (  7.60)
Epoch: [0][2550/5005]	Time  0.739 ( 0.743)	Data  0.000 ( 0.036)	Loss 5.4797e+00 (6.1738e+00)	Acc@1   5.86 (  2.37)	Acc@5  13.28 (  7.65)
Epoch: [0][2560/5005]	Time  0.756 ( 0.743)	Data  0.000 ( 0.036)	Loss 5.3126e+00 (6.1703e+00)	Acc@1   5.08 (  2.39)	Acc@5  14.06 (  7.69)
Epoch: [0][2570/5005]	Time  0.739 ( 0.743)	Data  0.000 ( 0.036)	Loss 5.2867e+00 (6.1667e+00)	Acc@1   5.47 (  2.40)	Acc@5  18.75 (  7.73)
Epoch: [0][2580/5005]	Time  0.742 ( 0.743)	Data  0.000 ( 0.036)	Loss 5.2387e+00 (6.1630e+00)	Acc@1   5.86 (  2.42)	Acc@5  19.14 (  7.78)
Epoch: [0][2590/5005]	Time  0.739 ( 0.743)	Data  0.000 ( 0.036)	Loss 5.1553e+00 (6.1594e+00)	Acc@1   5.86 (  2.44)	Acc@5  19.53 (  7.83)
Epoch: [0][2600/5005]	Time  0.756 ( 0.743)	Data  0.000 ( 0.036)	Loss 5.4289e+00 (6.1562e+00)	Acc@1   3.12 (  2.46)	Acc@5  16.02 (  7.87)
Epoch: [0][2610/5005]	Time  0.757 ( 0.743)	Data  0.000 ( 0.036)	Loss 5.0054e+00 (6.1527e+00)	Acc@1   8.59 (  2.47)	Acc@5  23.83 (  7.92)
Epoch: [0][2620/5005]	Time  0.740 ( 0.743)	Data  0.000 ( 0.036)	Loss 5.4422e+00 (6.1495e+00)	Acc@1   5.08 (  2.49)	Acc@5  19.53 (  7.96)
Epoch: [0][2630/5005]	Time  0.739 ( 0.743)	Data  0.000 ( 0.036)	Loss 5.3558e+00 (6.1461e+00)	Acc@1   4.30 (  2.50)	Acc@5  19.92 (  8.01)
Epoch: [0][2640/5005]	Time  0.739 ( 0.743)	Data  0.000 ( 0.036)	Loss 5.3378e+00 (6.1428e+00)	Acc@1   6.64 (  2.52)	Acc@5  17.19 (  8.05)
Epoch: [0][2650/5005]	Time  0.760 ( 0.743)	Data  0.001 ( 0.036)	Loss 5.1281e+00 (6.1393e+00)	Acc@1   8.59 (  2.54)	Acc@5  23.44 (  8.10)
Epoch: [0][2660/5005]	Time  0.741 ( 0.743)	Data  0.000 ( 0.036)	Loss 5.2352e+00 (6.1358e+00)	Acc@1   8.59 (  2.56)	Acc@5  22.66 (  8.14)
Epoch: [0][2670/5005]	Time  0.741 ( 0.743)	Data  0.000 ( 0.036)	Loss 5.1112e+00 (6.1326e+00)	Acc@1   6.64 (  2.58)	Acc@5  22.66 (  8.19)
Epoch: [0][2680/5005]	Time  0.737 ( 0.743)	Data  0.000 ( 0.036)	Loss 5.1490e+00 (6.1292e+00)	Acc@1  10.16 (  2.60)	Acc@5  21.09 (  8.24)
Epoch: [0][2690/5005]	Time  0.742 ( 0.743)	Data  0.000 ( 0.036)	Loss 5.1745e+00 (6.1258e+00)	Acc@1   7.03 (  2.62)	Acc@5  19.92 (  8.28)
Epoch: [0][2700/5005]	Time  0.722 ( 0.743)	Data  0.002 ( 0.036)	Loss 5.2029e+00 (6.1224e+00)	Acc@1   8.20 (  2.63)	Acc@5  21.48 (  8.32)
Epoch: [0][2710/5005]	Time  0.739 ( 0.743)	Data  0.000 ( 0.036)	Loss 5.0373e+00 (6.1191e+00)	Acc@1  10.94 (  2.65)	Acc@5  23.05 (  8.37)
Epoch: [0][2720/5005]	Time  0.750 ( 0.743)	Data  0.000 ( 0.036)	Loss 5.0549e+00 (6.1155e+00)	Acc@1   7.42 (  2.67)	Acc@5  24.22 (  8.42)
Epoch: [0][2730/5005]	Time  0.740 ( 0.743)	Data  0.000 ( 0.036)	Loss 5.2046e+00 (6.1123e+00)	Acc@1   9.38 (  2.69)	Acc@5  17.97 (  8.46)
Epoch: [0][2740/5005]	Time  0.739 ( 0.743)	Data  0.001 ( 0.036)	Loss 5.3010e+00 (6.1092e+00)	Acc@1   6.64 (  2.70)	Acc@5  20.70 (  8.50)
Epoch: [0][2750/5005]	Time  0.741 ( 0.743)	Data  0.000 ( 0.036)	Loss 5.2736e+00 (6.1059e+00)	Acc@1   3.91 (  2.72)	Acc@5  14.84 (  8.54)
Epoch: [0][2760/5005]	Time  0.745 ( 0.743)	Data  0.000 ( 0.036)	Loss 5.2908e+00 (6.1028e+00)	Acc@1   7.03 (  2.73)	Acc@5  17.58 (  8.58)
Epoch: [0][2770/5005]	Time  0.754 ( 0.743)	Data  0.000 ( 0.036)	Loss 5.3031e+00 (6.0996e+00)	Acc@1   6.25 (  2.75)	Acc@5  17.58 (  8.62)
Epoch: [0][2780/5005]	Time  0.737 ( 0.743)	Data  0.000 ( 0.036)	Loss 5.1169e+00 (6.0963e+00)	Acc@1  10.94 (  2.77)	Acc@5  24.22 (  8.66)
Epoch: [0][2790/5005]	Time  0.738 ( 0.743)	Data  0.000 ( 0.036)	Loss 5.1419e+00 (6.0930e+00)	Acc@1   9.38 (  2.79)	Acc@5  21.48 (  8.71)
Epoch: [0][2800/5005]	Time  0.740 ( 0.743)	Data  0.000 ( 0.036)	Loss 5.1376e+00 (6.0900e+00)	Acc@1   9.38 (  2.80)	Acc@5  22.66 (  8.74)
Epoch: [0][2810/5005]	Time  0.740 ( 0.743)	Data  0.000 ( 0.036)	Loss 5.2215e+00 (6.0867e+00)	Acc@1   7.03 (  2.82)	Acc@5  19.53 (  8.79)
Epoch: [0][2820/5005]	Time  0.741 ( 0.743)	Data  0.000 ( 0.036)	Loss 5.1620e+00 (6.0835e+00)	Acc@1   5.47 (  2.84)	Acc@5  17.58 (  8.83)
Epoch: [0][2830/5005]	Time  0.741 ( 0.743)	Data  0.000 ( 0.036)	Loss 5.1529e+00 (6.0801e+00)	Acc@1   6.64 (  2.86)	Acc@5  19.53 (  8.87)
Epoch: [0][2840/5005]	Time  0.741 ( 0.743)	Data  0.000 ( 0.036)	Loss 4.9098e+00 (6.0767e+00)	Acc@1  10.55 (  2.88)	Acc@5  26.56 (  8.92)
Epoch: [0][2850/5005]	Time  0.740 ( 0.743)	Data  0.000 ( 0.036)	Loss 5.3258e+00 (6.0735e+00)	Acc@1   8.98 (  2.90)	Acc@5  17.97 (  8.97)
Epoch: [0][2860/5005]	Time  0.741 ( 0.743)	Data  0.000 ( 0.036)	Loss 5.0922e+00 (6.0701e+00)	Acc@1   7.81 (  2.92)	Acc@5  21.48 (  9.01)
Epoch: [0][2870/5005]	Time  0.739 ( 0.743)	Data  0.000 ( 0.036)	Loss 4.8492e+00 (6.0667e+00)	Acc@1   7.81 (  2.93)	Acc@5  24.61 (  9.05)
Epoch: [0][2880/5005]	Time  0.746 ( 0.743)	Data  0.000 ( 0.036)	Loss 5.3328e+00 (6.0636e+00)	Acc@1   7.81 (  2.95)	Acc@5  15.23 (  9.10)
Epoch: [0][2890/5005]	Time  0.740 ( 0.743)	Data  0.000 ( 0.036)	Loss 5.0305e+00 (6.0605e+00)	Acc@1   8.59 (  2.97)	Acc@5  24.61 (  9.14)
Epoch: [0][2900/5005]	Time  0.748 ( 0.743)	Data  0.000 ( 0.036)	Loss 5.2609e+00 (6.0572e+00)	Acc@1   5.08 (  2.99)	Acc@5  21.09 (  9.18)
Epoch: [0][2910/5005]	Time  0.742 ( 0.743)	Data  0.000 ( 0.036)	Loss 4.9468e+00 (6.0540e+00)	Acc@1   9.38 (  3.01)	Acc@5  19.53 (  9.23)
Epoch: [0][2920/5005]	Time  0.726 ( 0.743)	Data  0.002 ( 0.036)	Loss 5.2579e+00 (6.0506e+00)	Acc@1   8.59 (  3.02)	Acc@5  20.31 (  9.27)
Epoch: [0][2930/5005]	Time  0.738 ( 0.743)	Data  0.000 ( 0.036)	Loss 4.8812e+00 (6.0476e+00)	Acc@1  12.50 (  3.04)	Acc@5  25.78 (  9.31)
Epoch: [0][2940/5005]	Time  0.739 ( 0.743)	Data  0.000 ( 0.036)	Loss 5.2580e+00 (6.0445e+00)	Acc@1   6.64 (  3.06)	Acc@5  20.31 (  9.35)
Epoch: [0][2950/5005]	Time  0.739 ( 0.743)	Data  0.000 ( 0.036)	Loss 5.2930e+00 (6.0415e+00)	Acc@1   7.03 (  3.07)	Acc@5  21.09 (  9.39)
Epoch: [0][2960/5005]	Time  0.746 ( 0.743)	Data  0.000 ( 0.036)	Loss 5.0641e+00 (6.0385e+00)	Acc@1   9.38 (  3.09)	Acc@5  21.88 (  9.43)
Epoch: [0][2970/5005]	Time  0.740 ( 0.743)	Data  0.000 ( 0.036)	Loss 5.0515e+00 (6.0354e+00)	Acc@1  10.94 (  3.11)	Acc@5  23.83 (  9.47)
Epoch: [0][2980/5005]	Time  0.729 ( 0.743)	Data  0.001 ( 0.036)	Loss 5.0277e+00 (6.0323e+00)	Acc@1   9.38 (  3.12)	Acc@5  24.22 (  9.52)
Epoch: [0][2990/5005]	Time  0.740 ( 0.743)	Data  0.000 ( 0.036)	Loss 5.0320e+00 (6.0288e+00)	Acc@1   6.64 (  3.14)	Acc@5  20.31 (  9.56)
Epoch: [0][3000/5005]	Time  0.737 ( 0.742)	Data  0.000 ( 0.036)	Loss 4.9396e+00 (6.0256e+00)	Acc@1   8.20 (  3.16)	Acc@5  21.48 (  9.61)
Epoch: [0][3010/5005]	Time  0.713 ( 0.742)	Data  0.001 ( 0.036)	Loss 4.9849e+00 (6.0225e+00)	Acc@1   9.77 (  3.18)	Acc@5  24.22 (  9.65)
Epoch: [0][3020/5005]	Time  0.739 ( 0.742)	Data  0.000 ( 0.036)	Loss 5.0995e+00 (6.0192e+00)	Acc@1  10.55 (  3.20)	Acc@5  20.31 (  9.70)
Epoch: [0][3030/5005]	Time  0.738 ( 0.742)	Data  0.000 ( 0.036)	Loss 5.0688e+00 (6.0162e+00)	Acc@1   9.77 (  3.22)	Acc@5  23.05 (  9.74)
Epoch: [0][3040/5005]	Time  0.736 ( 0.742)	Data  0.001 ( 0.036)	Loss 5.1527e+00 (6.0131e+00)	Acc@1   9.38 (  3.24)	Acc@5  21.48 (  9.78)
Epoch: [0][3050/5005]	Time  0.738 ( 0.742)	Data  0.000 ( 0.036)	Loss 5.0914e+00 (6.0101e+00)	Acc@1  10.55 (  3.25)	Acc@5  21.48 (  9.82)
Epoch: [0][3060/5005]	Time  0.737 ( 0.742)	Data  0.000 ( 0.036)	Loss 4.9546e+00 (6.0070e+00)	Acc@1  10.94 (  3.27)	Acc@5  29.69 (  9.87)
Epoch: [0][3070/5005]	Time  0.742 ( 0.742)	Data  0.001 ( 0.036)	Loss 5.2309e+00 (6.0040e+00)	Acc@1   6.64 (  3.29)	Acc@5  20.31 (  9.91)
Epoch: [0][3080/5005]	Time  0.741 ( 0.742)	Data  0.000 ( 0.036)	Loss 5.0180e+00 (6.0006e+00)	Acc@1   5.47 (  3.31)	Acc@5  23.44 (  9.96)
Epoch: [0][3090/5005]	Time  0.741 ( 0.742)	Data  0.000 ( 0.036)	Loss 4.9412e+00 (5.9974e+00)	Acc@1   9.38 (  3.32)	Acc@5  26.17 ( 10.00)
Epoch: [0][3100/5005]	Time  0.738 ( 0.742)	Data  0.000 ( 0.036)	Loss 5.0455e+00 (5.9942e+00)	Acc@1   5.86 (  3.34)	Acc@5  21.09 ( 10.04)
Epoch: [0][3110/5005]	Time  0.739 ( 0.742)	Data  0.000 ( 0.036)	Loss 4.9858e+00 (5.9913e+00)	Acc@1   9.77 (  3.36)	Acc@5  23.44 ( 10.08)
Epoch: [0][3120/5005]	Time  0.737 ( 0.742)	Data  0.000 ( 0.036)	Loss 5.1410e+00 (5.9883e+00)	Acc@1  10.94 (  3.37)	Acc@5  26.95 ( 10.13)
Epoch: [0][3130/5005]	Time  0.721 ( 0.742)	Data  0.001 ( 0.036)	Loss 5.1948e+00 (5.9852e+00)	Acc@1   8.20 (  3.39)	Acc@5  20.70 ( 10.17)
Epoch: [0][3140/5005]	Time  0.732 ( 0.742)	Data  0.001 ( 0.036)	Loss 4.9614e+00 (5.9822e+00)	Acc@1  10.16 (  3.41)	Acc@5  24.61 ( 10.21)
Epoch: [0][3150/5005]	Time  0.739 ( 0.742)	Data  0.000 ( 0.036)	Loss 5.0472e+00 (5.9791e+00)	Acc@1   8.98 (  3.43)	Acc@5  23.05 ( 10.26)
Epoch: [0][3160/5005]	Time  0.750 ( 0.742)	Data  0.000 ( 0.036)	Loss 4.8738e+00 (5.9761e+00)	Acc@1  10.94 (  3.44)	Acc@5  28.52 ( 10.29)
Epoch: [0][3170/5005]	Time  0.739 ( 0.742)	Data  0.000 ( 0.036)	Loss 5.0991e+00 (5.9732e+00)	Acc@1  10.94 (  3.46)	Acc@5  22.27 ( 10.34)
Epoch: [0][3180/5005]	Time  0.741 ( 0.742)	Data  0.000 ( 0.036)	Loss 5.1216e+00 (5.9700e+00)	Acc@1   8.98 (  3.48)	Acc@5  21.09 ( 10.38)
Epoch: [0][3190/5005]	Time  0.742 ( 0.742)	Data  0.000 ( 0.036)	Loss 4.9442e+00 (5.9669e+00)	Acc@1   8.20 (  3.50)	Acc@5  26.95 ( 10.43)
Epoch: [0][3200/5005]	Time  0.739 ( 0.742)	Data  0.000 ( 0.036)	Loss 5.0301e+00 (5.9639e+00)	Acc@1   9.38 (  3.51)	Acc@5  24.61 ( 10.47)
Epoch: [0][3210/5005]	Time  0.744 ( 0.742)	Data  0.000 ( 0.036)	Loss 4.9797e+00 (5.9608e+00)	Acc@1   8.59 (  3.53)	Acc@5  24.61 ( 10.51)
Epoch: [0][3220/5005]	Time  0.737 ( 0.742)	Data  0.000 ( 0.036)	Loss 4.9510e+00 (5.9577e+00)	Acc@1   9.38 (  3.55)	Acc@5  23.44 ( 10.56)
Epoch: [0][3230/5005]	Time  0.751 ( 0.742)	Data  0.000 ( 0.036)	Loss 5.0260e+00 (5.9548e+00)	Acc@1  11.33 (  3.57)	Acc@5  26.17 ( 10.60)
Epoch: [0][3240/5005]	Time  0.740 ( 0.742)	Data  0.000 ( 0.036)	Loss 4.9326e+00 (5.9518e+00)	Acc@1  12.11 (  3.59)	Acc@5  26.17 ( 10.64)
Epoch: [0][3250/5005]	Time  0.752 ( 0.742)	Data  0.000 ( 0.036)	Loss 5.2101e+00 (5.9488e+00)	Acc@1   8.98 (  3.60)	Acc@5  21.88 ( 10.69)
Epoch: [0][3260/5005]	Time  0.739 ( 0.742)	Data  0.000 ( 0.036)	Loss 4.9742e+00 (5.9458e+00)	Acc@1   8.59 (  3.62)	Acc@5  25.00 ( 10.73)
Epoch: [0][3270/5005]	Time  0.740 ( 0.742)	Data  0.001 ( 0.036)	Loss 5.1009e+00 (5.9430e+00)	Acc@1   8.20 (  3.64)	Acc@5  22.27 ( 10.77)
Epoch: [0][3280/5005]	Time  0.744 ( 0.742)	Data  0.000 ( 0.036)	Loss 5.1713e+00 (5.9401e+00)	Acc@1   8.98 (  3.66)	Acc@5  21.09 ( 10.81)
Epoch: [0][3290/5005]	Time  0.739 ( 0.742)	Data  0.000 ( 0.036)	Loss 4.8884e+00 (5.9370e+00)	Acc@1  12.11 (  3.68)	Acc@5  28.12 ( 10.86)
Epoch: [0][3300/5005]	Time  0.737 ( 0.742)	Data  0.000 ( 0.036)	Loss 4.8988e+00 (5.9339e+00)	Acc@1   8.98 (  3.70)	Acc@5  22.66 ( 10.90)
Epoch: [0][3310/5005]	Time  0.766 ( 0.742)	Data  0.000 ( 0.036)	Loss 4.8120e+00 (5.9309e+00)	Acc@1  12.50 (  3.72)	Acc@5  30.08 ( 10.95)
Epoch: [0][3320/5005]	Time  0.742 ( 0.742)	Data  0.000 ( 0.036)	Loss 5.2173e+00 (5.9279e+00)	Acc@1   7.03 (  3.74)	Acc@5  18.75 ( 10.99)
Epoch: [0][3330/5005]	Time  0.737 ( 0.742)	Data  0.000 ( 0.036)	Loss 5.0240e+00 (5.9252e+00)	Acc@1   8.98 (  3.76)	Acc@5  22.27 ( 11.03)
Epoch: [0][3340/5005]	Time  0.739 ( 0.742)	Data  0.000 ( 0.036)	Loss 4.9711e+00 (5.9222e+00)	Acc@1   9.38 (  3.77)	Acc@5  27.73 ( 11.08)
Epoch: [0][3350/5005]	Time  0.729 ( 0.742)	Data  0.002 ( 0.036)	Loss 5.0595e+00 (5.9192e+00)	Acc@1   8.98 (  3.79)	Acc@5  22.66 ( 11.12)
Epoch: [0][3360/5005]	Time  0.739 ( 0.742)	Data  0.000 ( 0.036)	Loss 4.8783e+00 (5.9163e+00)	Acc@1   8.20 (  3.81)	Acc@5  23.83 ( 11.16)
Epoch: [0][3370/5005]	Time  0.740 ( 0.742)	Data  0.000 ( 0.036)	Loss 4.8686e+00 (5.9131e+00)	Acc@1   9.38 (  3.83)	Acc@5  25.39 ( 11.20)
Epoch: [0][3380/5005]	Time  0.738 ( 0.742)	Data  0.001 ( 0.036)	Loss 5.0095e+00 (5.9100e+00)	Acc@1  13.67 (  3.85)	Acc@5  27.73 ( 11.25)
Epoch: [0][3390/5005]	Time  0.739 ( 0.742)	Data  0.000 ( 0.036)	Loss 4.8360e+00 (5.9069e+00)	Acc@1   9.77 (  3.87)	Acc@5  22.66 ( 11.29)
Epoch: [0][3400/5005]	Time  0.746 ( 0.742)	Data  0.000 ( 0.036)	Loss 5.0735e+00 (5.9039e+00)	Acc@1  11.72 (  3.89)	Acc@5  23.83 ( 11.34)
Epoch: [0][3410/5005]	Time  0.722 ( 0.742)	Data  0.002 ( 0.036)	Loss 4.8872e+00 (5.9008e+00)	Acc@1   7.81 (  3.91)	Acc@5  28.12 ( 11.38)
Epoch: [0][3420/5005]	Time  0.739 ( 0.742)	Data  0.000 ( 0.036)	Loss 4.6743e+00 (5.8977e+00)	Acc@1   9.77 (  3.93)	Acc@5  26.56 ( 11.43)
Epoch: [0][3430/5005]	Time  0.737 ( 0.742)	Data  0.000 ( 0.036)	Loss 4.8099e+00 (5.8947e+00)	Acc@1  13.28 (  3.95)	Acc@5  30.08 ( 11.47)
Epoch: [0][3440/5005]	Time  0.738 ( 0.742)	Data  0.000 ( 0.036)	Loss 4.8237e+00 (5.8918e+00)	Acc@1  10.94 (  3.96)	Acc@5  28.91 ( 11.51)
Epoch: [0][3450/5005]	Time  0.740 ( 0.742)	Data  0.000 ( 0.036)	Loss 4.9085e+00 (5.8891e+00)	Acc@1   9.38 (  3.98)	Acc@5  23.83 ( 11.55)
Epoch: [0][3460/5005]	Time  0.743 ( 0.742)	Data  0.000 ( 0.036)	Loss 4.8028e+00 (5.8863e+00)	Acc@1   8.59 (  4.00)	Acc@5  26.95 ( 11.59)
Epoch: [0][3470/5005]	Time  0.740 ( 0.742)	Data  0.000 ( 0.036)	Loss 4.9232e+00 (5.8835e+00)	Acc@1  10.55 (  4.02)	Acc@5  22.66 ( 11.64)
Epoch: [0][3480/5005]	Time  0.740 ( 0.742)	Data  0.000 ( 0.036)	Loss 4.8940e+00 (5.8805e+00)	Acc@1   8.98 (  4.04)	Acc@5  29.69 ( 11.68)
Epoch: [0][3490/5005]	Time  0.730 ( 0.742)	Data  0.001 ( 0.036)	Loss 4.7776e+00 (5.8774e+00)	Acc@1  12.89 (  4.06)	Acc@5  26.17 ( 11.73)
Epoch: [0][3500/5005]	Time  0.738 ( 0.742)	Data  0.000 ( 0.036)	Loss 5.1127e+00 (5.8746e+00)	Acc@1   8.59 (  4.08)	Acc@5  24.22 ( 11.77)
Epoch: [0][3510/5005]	Time  0.754 ( 0.742)	Data  0.000 ( 0.036)	Loss 4.8125e+00 (5.8718e+00)	Acc@1  10.16 (  4.10)	Acc@5  28.52 ( 11.81)
Epoch: [0][3520/5005]	Time  0.724 ( 0.742)	Data  0.001 ( 0.036)	Loss 4.8933e+00 (5.8690e+00)	Acc@1   8.98 (  4.11)	Acc@5  24.22 ( 11.85)
Epoch: [0][3530/5005]	Time  0.746 ( 0.742)	Data  0.000 ( 0.035)	Loss 4.8285e+00 (5.8662e+00)	Acc@1   8.59 (  4.13)	Acc@5  24.61 ( 11.89)
Epoch: [0][3540/5005]	Time  0.742 ( 0.742)	Data  0.000 ( 0.035)	Loss 4.7335e+00 (5.8632e+00)	Acc@1  10.94 (  4.15)	Acc@5  29.69 ( 11.94)
Epoch: [0][3550/5005]	Time  0.748 ( 0.742)	Data  0.000 ( 0.035)	Loss 4.8098e+00 (5.8602e+00)	Acc@1   9.38 (  4.17)	Acc@5  26.95 ( 11.98)
Epoch: [0][3560/5005]	Time  0.737 ( 0.742)	Data  0.000 ( 0.035)	Loss 4.7717e+00 (5.8573e+00)	Acc@1  10.94 (  4.19)	Acc@5  27.34 ( 12.02)
Epoch: [0][3570/5005]	Time  0.738 ( 0.742)	Data  0.000 ( 0.035)	Loss 4.7616e+00 (5.8543e+00)	Acc@1  10.55 (  4.21)	Acc@5  27.73 ( 12.07)
Epoch: [0][3580/5005]	Time  0.737 ( 0.742)	Data  0.000 ( 0.035)	Loss 4.7942e+00 (5.8513e+00)	Acc@1  10.16 (  4.23)	Acc@5  23.83 ( 12.11)
Epoch: [0][3590/5005]	Time  0.740 ( 0.742)	Data  0.000 ( 0.035)	Loss 5.0950e+00 (5.8485e+00)	Acc@1   8.98 (  4.25)	Acc@5  21.48 ( 12.15)
Epoch: [0][3600/5005]	Time  0.741 ( 0.742)	Data  0.000 ( 0.035)	Loss 5.0436e+00 (5.8458e+00)	Acc@1   8.20 (  4.26)	Acc@5  21.88 ( 12.19)
Epoch: [0][3610/5005]	Time  0.742 ( 0.742)	Data  0.000 ( 0.035)	Loss 4.9285e+00 (5.8430e+00)	Acc@1  12.50 (  4.28)	Acc@5  26.17 ( 12.23)
Epoch: [0][3620/5005]	Time  0.740 ( 0.742)	Data  0.000 ( 0.035)	Loss 4.7098e+00 (5.8402e+00)	Acc@1  12.11 (  4.30)	Acc@5  26.95 ( 12.27)
Epoch: [0][3630/5005]	Time  0.738 ( 0.742)	Data  0.000 ( 0.035)	Loss 4.7770e+00 (5.8372e+00)	Acc@1  12.89 (  4.32)	Acc@5  28.91 ( 12.32)
Epoch: [0][3640/5005]	Time  0.739 ( 0.742)	Data  0.000 ( 0.035)	Loss 4.7559e+00 (5.8344e+00)	Acc@1  12.89 (  4.34)	Acc@5  29.69 ( 12.36)
Epoch: [0][3650/5005]	Time  0.741 ( 0.742)	Data  0.000 ( 0.035)	Loss 4.7743e+00 (5.8316e+00)	Acc@1  11.72 (  4.36)	Acc@5  25.39 ( 12.40)
Epoch: [0][3660/5005]	Time  0.740 ( 0.742)	Data  0.000 ( 0.035)	Loss 4.9405e+00 (5.8286e+00)	Acc@1  10.16 (  4.38)	Acc@5  25.00 ( 12.45)
Epoch: [0][3670/5005]	Time  0.739 ( 0.742)	Data  0.000 ( 0.035)	Loss 4.7700e+00 (5.8258e+00)	Acc@1  11.33 (  4.40)	Acc@5  23.83 ( 12.48)
Epoch: [0][3680/5005]	Time  0.739 ( 0.742)	Data  0.000 ( 0.035)	Loss 4.8635e+00 (5.8230e+00)	Acc@1  11.72 (  4.42)	Acc@5  27.73 ( 12.53)
Epoch: [0][3690/5005]	Time  0.739 ( 0.742)	Data  0.000 ( 0.035)	Loss 4.7848e+00 (5.8200e+00)	Acc@1   9.38 (  4.44)	Acc@5  26.17 ( 12.58)
Epoch: [0][3700/5005]	Time  0.740 ( 0.742)	Data  0.000 ( 0.035)	Loss 4.9495e+00 (5.8173e+00)	Acc@1  10.16 (  4.46)	Acc@5  28.91 ( 12.62)
Epoch: [0][3710/5005]	Time  0.738 ( 0.742)	Data  0.001 ( 0.035)	Loss 4.6107e+00 (5.8144e+00)	Acc@1  13.28 (  4.48)	Acc@5  32.81 ( 12.66)
Epoch: [0][3720/5005]	Time  0.766 ( 0.742)	Data  0.000 ( 0.035)	Loss 4.6965e+00 (5.8115e+00)	Acc@1  10.55 (  4.50)	Acc@5  26.56 ( 12.70)
Epoch: [0][3730/5005]	Time  0.738 ( 0.742)	Data  0.000 ( 0.035)	Loss 4.7221e+00 (5.8087e+00)	Acc@1  11.72 (  4.52)	Acc@5  27.73 ( 12.74)
Epoch: [0][3740/5005]	Time  0.740 ( 0.742)	Data  0.000 ( 0.035)	Loss 4.9143e+00 (5.8059e+00)	Acc@1  11.33 (  4.54)	Acc@5  23.05 ( 12.79)
Epoch: [0][3750/5005]	Time  0.738 ( 0.742)	Data  0.000 ( 0.035)	Loss 4.7695e+00 (5.8034e+00)	Acc@1  11.33 (  4.55)	Acc@5  27.73 ( 12.82)
Epoch: [0][3760/5005]	Time  0.740 ( 0.742)	Data  0.000 ( 0.035)	Loss 4.9378e+00 (5.8008e+00)	Acc@1  15.23 (  4.57)	Acc@5  24.22 ( 12.86)
Epoch: [0][3770/5005]	Time  0.760 ( 0.742)	Data  0.000 ( 0.035)	Loss 4.7084e+00 (5.7978e+00)	Acc@1  12.11 (  4.59)	Acc@5  28.12 ( 12.90)
Epoch: [0][3780/5005]	Time  0.739 ( 0.742)	Data  0.000 ( 0.035)	Loss 4.6884e+00 (5.7950e+00)	Acc@1  13.67 (  4.61)	Acc@5  32.42 ( 12.94)
Epoch: [0][3790/5005]	Time  0.722 ( 0.742)	Data  0.002 ( 0.035)	Loss 4.7172e+00 (5.7924e+00)	Acc@1  13.67 (  4.63)	Acc@5  28.12 ( 12.98)
Epoch: [0][3800/5005]	Time  0.741 ( 0.742)	Data  0.000 ( 0.035)	Loss 4.7596e+00 (5.7897e+00)	Acc@1  10.55 (  4.64)	Acc@5  29.30 ( 13.02)
Epoch: [0][3810/5005]	Time  0.742 ( 0.742)	Data  0.000 ( 0.035)	Loss 4.6494e+00 (5.7869e+00)	Acc@1  12.89 (  4.66)	Acc@5  31.64 ( 13.06)
Epoch: [0][3820/5005]	Time  0.740 ( 0.742)	Data  0.000 ( 0.035)	Loss 4.6366e+00 (5.7841e+00)	Acc@1  10.55 (  4.68)	Acc@5  28.52 ( 13.10)
Epoch: [0][3830/5005]	Time  0.738 ( 0.742)	Data  0.000 ( 0.035)	Loss 4.8076e+00 (5.7814e+00)	Acc@1  12.50 (  4.70)	Acc@5  30.08 ( 13.15)
Epoch: [0][3840/5005]	Time  0.738 ( 0.742)	Data  0.000 ( 0.035)	Loss 4.7465e+00 (5.7786e+00)	Acc@1  12.50 (  4.72)	Acc@5  26.95 ( 13.19)
Epoch: [0][3850/5005]	Time  0.749 ( 0.742)	Data  0.000 ( 0.035)	Loss 4.6229e+00 (5.7757e+00)	Acc@1  10.16 (  4.74)	Acc@5  32.81 ( 13.24)
Epoch: [0][3860/5005]	Time  0.738 ( 0.742)	Data  0.000 ( 0.035)	Loss 4.9511e+00 (5.7731e+00)	Acc@1  10.55 (  4.76)	Acc@5  26.95 ( 13.28)
Epoch: [0][3870/5005]	Time  0.738 ( 0.742)	Data  0.000 ( 0.035)	Loss 4.7521e+00 (5.7704e+00)	Acc@1  12.89 (  4.78)	Acc@5  30.47 ( 13.32)
Epoch: [0][3880/5005]	Time  0.699 ( 0.742)	Data  0.000 ( 0.035)	Loss 4.6361e+00 (5.7676e+00)	Acc@1  19.53 (  4.80)	Acc@5  34.77 ( 13.36)
Epoch: [0][3890/5005]	Time  0.740 ( 0.742)	Data  0.000 ( 0.035)	Loss 4.6543e+00 (5.7648e+00)	Acc@1  12.50 (  4.82)	Acc@5  31.64 ( 13.41)
Epoch: [0][3900/5005]	Time  0.741 ( 0.742)	Data  0.000 ( 0.035)	Loss 4.5854e+00 (5.7620e+00)	Acc@1  14.06 (  4.84)	Acc@5  30.86 ( 13.45)
Epoch: [0][3910/5005]	Time  0.742 ( 0.742)	Data  0.000 ( 0.035)	Loss 4.7094e+00 (5.7592e+00)	Acc@1  10.16 (  4.86)	Acc@5  24.22 ( 13.49)
Epoch: [0][3920/5005]	Time  0.738 ( 0.742)	Data  0.000 ( 0.035)	Loss 4.8951e+00 (5.7567e+00)	Acc@1  14.06 (  4.87)	Acc@5  29.69 ( 13.53)
Epoch: [0][3930/5005]	Time  0.739 ( 0.742)	Data  0.000 ( 0.035)	Loss 4.6055e+00 (5.7540e+00)	Acc@1  14.06 (  4.90)	Acc@5  34.38 ( 13.58)
Epoch: [0][3940/5005]	Time  0.739 ( 0.742)	Data  0.000 ( 0.035)	Loss 4.6641e+00 (5.7514e+00)	Acc@1  10.55 (  4.91)	Acc@5  26.56 ( 13.62)
Epoch: [0][3950/5005]	Time  0.737 ( 0.742)	Data  0.000 ( 0.035)	Loss 4.6032e+00 (5.7486e+00)	Acc@1  15.23 (  4.93)	Acc@5  31.64 ( 13.66)
Epoch: [0][3960/5005]	Time  0.738 ( 0.742)	Data  0.000 ( 0.035)	Loss 4.6813e+00 (5.7460e+00)	Acc@1  12.50 (  4.95)	Acc@5  33.98 ( 13.71)
Epoch: [0][3970/5005]	Time  0.757 ( 0.742)	Data  0.000 ( 0.035)	Loss 4.7383e+00 (5.7433e+00)	Acc@1  12.50 (  4.97)	Acc@5  27.34 ( 13.75)
Epoch: [0][3980/5005]	Time  0.742 ( 0.742)	Data  0.000 ( 0.035)	Loss 4.5168e+00 (5.7406e+00)	Acc@1  12.11 (  4.99)	Acc@5  35.16 ( 13.79)
Epoch: [0][3990/5005]	Time  0.739 ( 0.742)	Data  0.000 ( 0.035)	Loss 4.7916e+00 (5.7377e+00)	Acc@1  10.55 (  5.01)	Acc@5  26.17 ( 13.83)
Epoch: [0][4000/5005]	Time  0.738 ( 0.742)	Data  0.000 ( 0.035)	Loss 4.6169e+00 (5.7351e+00)	Acc@1  10.94 (  5.03)	Acc@5  33.20 ( 13.87)
Epoch: [0][4010/5005]	Time  0.738 ( 0.742)	Data  0.000 ( 0.035)	Loss 4.5211e+00 (5.7324e+00)	Acc@1  13.28 (  5.05)	Acc@5  34.77 ( 13.92)
Epoch: [0][4020/5005]	Time  0.746 ( 0.742)	Data  0.001 ( 0.035)	Loss 4.7407e+00 (5.7297e+00)	Acc@1  15.23 (  5.07)	Acc@5  30.86 ( 13.96)
Epoch: [0][4030/5005]	Time  0.752 ( 0.742)	Data  0.000 ( 0.035)	Loss 4.6539e+00 (5.7272e+00)	Acc@1  13.28 (  5.09)	Acc@5  30.86 ( 14.00)
Epoch: [0][4040/5005]	Time  0.741 ( 0.742)	Data  0.000 ( 0.035)	Loss 4.8050e+00 (5.7246e+00)	Acc@1  12.50 (  5.10)	Acc@5  28.12 ( 14.04)
Epoch: [0][4050/5005]	Time  0.738 ( 0.742)	Data  0.000 ( 0.035)	Loss 4.5883e+00 (5.7219e+00)	Acc@1  14.06 (  5.12)	Acc@5  29.69 ( 14.08)
Epoch: [0][4060/5005]	Time  0.741 ( 0.742)	Data  0.000 ( 0.035)	Loss 4.5629e+00 (5.7191e+00)	Acc@1  12.89 (  5.14)	Acc@5  27.73 ( 14.12)
Epoch: [0][4070/5005]	Time  0.740 ( 0.742)	Data  0.000 ( 0.035)	Loss 4.6550e+00 (5.7163e+00)	Acc@1  13.28 (  5.16)	Acc@5  30.86 ( 14.16)
Epoch: [0][4080/5005]	Time  0.739 ( 0.742)	Data  0.000 ( 0.035)	Loss 4.6680e+00 (5.7136e+00)	Acc@1  12.89 (  5.18)	Acc@5  30.08 ( 14.20)
Epoch: [0][4090/5005]	Time  0.739 ( 0.742)	Data  0.000 ( 0.035)	Loss 4.2914e+00 (5.7108e+00)	Acc@1  17.97 (  5.20)	Acc@5  36.33 ( 14.25)
Epoch: [0][4100/5005]	Time  0.738 ( 0.742)	Data  0.000 ( 0.035)	Loss 4.8543e+00 (5.7082e+00)	Acc@1  11.33 (  5.22)	Acc@5  26.56 ( 14.29)
Epoch: [0][4110/5005]	Time  0.739 ( 0.742)	Data  0.000 ( 0.035)	Loss 4.6849e+00 (5.7054e+00)	Acc@1  13.67 (  5.24)	Acc@5  33.20 ( 14.33)
Epoch: [0][4120/5005]	Time  0.740 ( 0.742)	Data  0.000 ( 0.035)	Loss 4.6018e+00 (5.7028e+00)	Acc@1  14.06 (  5.26)	Acc@5  32.03 ( 14.38)
Epoch: [0][4130/5005]	Time  0.742 ( 0.742)	Data  0.000 ( 0.035)	Loss 4.7259e+00 (5.7002e+00)	Acc@1  12.89 (  5.28)	Acc@5  31.25 ( 14.42)
Epoch: [0][4140/5005]	Time  0.740 ( 0.742)	Data  0.000 ( 0.035)	Loss 4.4552e+00 (5.6975e+00)	Acc@1  13.67 (  5.30)	Acc@5  35.16 ( 14.46)
Epoch: [0][4150/5005]	Time  0.737 ( 0.742)	Data  0.000 ( 0.035)	Loss 4.5710e+00 (5.6948e+00)	Acc@1  11.72 (  5.31)	Acc@5  33.20 ( 14.50)
Epoch: [0][4160/5005]	Time  0.764 ( 0.742)	Data  0.000 ( 0.035)	Loss 4.4992e+00 (5.6922e+00)	Acc@1  14.84 (  5.33)	Acc@5  32.81 ( 14.54)
Epoch: [0][4170/5005]	Time  0.739 ( 0.742)	Data  0.000 ( 0.035)	Loss 4.5106e+00 (5.6896e+00)	Acc@1  13.67 (  5.35)	Acc@5  34.38 ( 14.58)
Epoch: [0][4180/5005]	Time  0.737 ( 0.742)	Data  0.000 ( 0.035)	Loss 4.5699e+00 (5.6870e+00)	Acc@1  14.06 (  5.37)	Acc@5  31.64 ( 14.62)
Epoch: [0][4190/5005]	Time  0.740 ( 0.742)	Data  0.000 ( 0.035)	Loss 4.5091e+00 (5.6844e+00)	Acc@1  17.58 (  5.39)	Acc@5  35.94 ( 14.66)
Epoch: [0][4200/5005]	Time  0.720 ( 0.742)	Data  0.002 ( 0.035)	Loss 4.5163e+00 (5.6816e+00)	Acc@1  11.72 (  5.41)	Acc@5  31.64 ( 14.70)
Epoch: [0][4210/5005]	Time  0.744 ( 0.742)	Data  0.000 ( 0.035)	Loss 4.4499e+00 (5.6788e+00)	Acc@1  14.84 (  5.43)	Acc@5  31.64 ( 14.74)
Epoch: [0][4220/5005]	Time  0.741 ( 0.742)	Data  0.000 ( 0.035)	Loss 4.8499e+00 (5.6762e+00)	Acc@1  12.50 (  5.45)	Acc@5  27.73 ( 14.79)
Epoch: [0][4230/5005]	Time  0.738 ( 0.742)	Data  0.000 ( 0.035)	Loss 4.4572e+00 (5.6734e+00)	Acc@1  13.28 (  5.47)	Acc@5  36.33 ( 14.83)
Epoch: [0][4240/5005]	Time  0.738 ( 0.742)	Data  0.000 ( 0.035)	Loss 4.6037e+00 (5.6709e+00)	Acc@1  13.28 (  5.49)	Acc@5  32.81 ( 14.87)
Epoch: [0][4250/5005]	Time  0.740 ( 0.742)	Data  0.000 ( 0.035)	Loss 4.4277e+00 (5.6681e+00)	Acc@1  14.06 (  5.51)	Acc@5  32.81 ( 14.91)
Epoch: [0][4260/5005]	Time  0.742 ( 0.742)	Data  0.000 ( 0.035)	Loss 4.5922e+00 (5.6656e+00)	Acc@1  12.89 (  5.52)	Acc@5  32.03 ( 14.95)
Epoch: [0][4270/5005]	Time  0.739 ( 0.742)	Data  0.000 ( 0.035)	Loss 4.3766e+00 (5.6628e+00)	Acc@1  18.36 (  5.55)	Acc@5  31.25 ( 14.99)
Epoch: [0][4280/5005]	Time  0.742 ( 0.742)	Data  0.000 ( 0.035)	Loss 4.8066e+00 (5.6604e+00)	Acc@1  11.72 (  5.57)	Acc@5  30.08 ( 15.03)
Epoch: [0][4290/5005]	Time  0.740 ( 0.742)	Data  0.000 ( 0.035)	Loss 4.5803e+00 (5.6580e+00)	Acc@1  13.28 (  5.58)	Acc@5  31.25 ( 15.07)
Epoch: [0][4300/5005]	Time  0.740 ( 0.742)	Data  0.000 ( 0.035)	Loss 4.5813e+00 (5.6554e+00)	Acc@1  11.33 (  5.60)	Acc@5  34.38 ( 15.11)
Epoch: [0][4310/5005]	Time  0.739 ( 0.742)	Data  0.000 ( 0.035)	Loss 4.4532e+00 (5.6526e+00)	Acc@1  13.28 (  5.62)	Acc@5  34.38 ( 15.16)
Epoch: [0][4320/5005]	Time  0.740 ( 0.742)	Data  0.000 ( 0.035)	Loss 4.4618e+00 (5.6498e+00)	Acc@1  13.28 (  5.65)	Acc@5  32.42 ( 15.20)
Epoch: [0][4330/5005]	Time  0.736 ( 0.742)	Data  0.000 ( 0.035)	Loss 4.4797e+00 (5.6472e+00)	Acc@1  11.33 (  5.66)	Acc@5  33.98 ( 15.24)
Epoch: [0][4340/5005]	Time  0.737 ( 0.742)	Data  0.000 ( 0.035)	Loss 4.3556e+00 (5.6444e+00)	Acc@1  16.02 (  5.68)	Acc@5  34.38 ( 15.28)
Epoch: [0][4350/5005]	Time  0.740 ( 0.742)	Data  0.000 ( 0.035)	Loss 4.3478e+00 (5.6418e+00)	Acc@1  15.62 (  5.70)	Acc@5  37.50 ( 15.33)
Epoch: [0][4360/5005]	Time  0.740 ( 0.742)	Data  0.000 ( 0.035)	Loss 4.5236e+00 (5.6391e+00)	Acc@1  12.89 (  5.72)	Acc@5  33.20 ( 15.37)
Epoch: [0][4370/5005]	Time  0.738 ( 0.742)	Data  0.000 ( 0.035)	Loss 4.5093e+00 (5.6366e+00)	Acc@1  15.62 (  5.74)	Acc@5  35.16 ( 15.41)
Epoch: [0][4380/5005]	Time  0.740 ( 0.742)	Data  0.000 ( 0.035)	Loss 4.3370e+00 (5.6340e+00)	Acc@1  17.58 (  5.76)	Acc@5  37.11 ( 15.45)
Epoch: [0][4390/5005]	Time  0.739 ( 0.742)	Data  0.000 ( 0.035)	Loss 4.4493e+00 (5.6315e+00)	Acc@1  16.41 (  5.78)	Acc@5  32.03 ( 15.49)
Epoch: [0][4400/5005]	Time  0.739 ( 0.742)	Data  0.000 ( 0.035)	Loss 4.2835e+00 (5.6290e+00)	Acc@1  16.41 (  5.79)	Acc@5  35.94 ( 15.53)
Epoch: [0][4410/5005]	Time  0.740 ( 0.742)	Data  0.000 ( 0.035)	Loss 4.6953e+00 (5.6266e+00)	Acc@1  10.94 (  5.81)	Acc@5  24.22 ( 15.56)
Epoch: [0][4420/5005]	Time  0.740 ( 0.742)	Data  0.000 ( 0.035)	Loss 4.4129e+00 (5.6239e+00)	Acc@1  16.80 (  5.83)	Acc@5  36.33 ( 15.60)
Epoch: [0][4430/5005]	Time  0.739 ( 0.742)	Data  0.000 ( 0.035)	Loss 4.5576e+00 (5.6214e+00)	Acc@1  16.41 (  5.85)	Acc@5  31.25 ( 15.64)
Epoch: [0][4440/5005]	Time  0.742 ( 0.742)	Data  0.000 ( 0.035)	Loss 4.5829e+00 (5.6189e+00)	Acc@1  14.84 (  5.87)	Acc@5  30.86 ( 15.68)
Epoch: [0][4450/5005]	Time  0.740 ( 0.742)	Data  0.000 ( 0.035)	Loss 4.3973e+00 (5.6163e+00)	Acc@1  17.58 (  5.90)	Acc@5  34.38 ( 15.72)
Epoch: [0][4460/5005]	Time  0.740 ( 0.742)	Data  0.000 ( 0.035)	Loss 4.4735e+00 (5.6138e+00)	Acc@1  14.45 (  5.92)	Acc@5  32.42 ( 15.76)
Epoch: [0][4470/5005]	Time  0.738 ( 0.742)	Data  0.000 ( 0.035)	Loss 4.5893e+00 (5.6115e+00)	Acc@1  12.11 (  5.93)	Acc@5  32.42 ( 15.80)
Epoch: [0][4480/5005]	Time  0.738 ( 0.742)	Data  0.000 ( 0.035)	Loss 4.4994e+00 (5.6090e+00)	Acc@1  16.02 (  5.95)	Acc@5  33.98 ( 15.84)
Epoch: [0][4490/5005]	Time  0.744 ( 0.742)	Data  0.000 ( 0.035)	Loss 4.4301e+00 (5.6064e+00)	Acc@1  17.58 (  5.97)	Acc@5  36.33 ( 15.88)
Epoch: [0][4500/5005]	Time  0.741 ( 0.742)	Data  0.000 ( 0.035)	Loss 4.4896e+00 (5.6038e+00)	Acc@1  13.28 (  5.99)	Acc@5  31.25 ( 15.92)
Epoch: [0][4510/5005]	Time  0.739 ( 0.742)	Data  0.000 ( 0.035)	Loss 4.3781e+00 (5.6012e+00)	Acc@1  17.97 (  6.01)	Acc@5  37.50 ( 15.96)
Epoch: [0][4520/5005]	Time  0.730 ( 0.742)	Data  0.002 ( 0.035)	Loss 4.6668e+00 (5.5988e+00)	Acc@1  12.11 (  6.03)	Acc@5  29.69 ( 16.00)
Epoch: [0][4530/5005]	Time  0.740 ( 0.742)	Data  0.000 ( 0.035)	Loss 4.5672e+00 (5.5963e+00)	Acc@1  16.41 (  6.05)	Acc@5  30.08 ( 16.04)
Epoch: [0][4540/5005]	Time  0.737 ( 0.742)	Data  0.000 ( 0.035)	Loss 4.4894e+00 (5.5937e+00)	Acc@1  13.67 (  6.07)	Acc@5  34.38 ( 16.08)
Epoch: [0][4550/5005]	Time  0.737 ( 0.742)	Data  0.000 ( 0.035)	Loss 4.6306e+00 (5.5911e+00)	Acc@1  13.67 (  6.09)	Acc@5  30.08 ( 16.12)
Epoch: [0][4560/5005]	Time  0.755 ( 0.742)	Data  0.000 ( 0.035)	Loss 4.4757e+00 (5.5886e+00)	Acc@1  16.41 (  6.11)	Acc@5  36.33 ( 16.16)
Epoch: [0][4570/5005]	Time  0.738 ( 0.742)	Data  0.000 ( 0.035)	Loss 4.2271e+00 (5.5861e+00)	Acc@1  17.97 (  6.13)	Acc@5  41.80 ( 16.20)
Epoch: [0][4580/5005]	Time  0.748 ( 0.742)	Data  0.000 ( 0.035)	Loss 4.6578e+00 (5.5837e+00)	Acc@1  14.06 (  6.15)	Acc@5  30.08 ( 16.24)
Epoch: [0][4590/5005]	Time  0.738 ( 0.742)	Data  0.000 ( 0.035)	Loss 4.4282e+00 (5.5810e+00)	Acc@1  18.36 (  6.17)	Acc@5  31.64 ( 16.28)
Epoch: [0][4600/5005]	Time  0.739 ( 0.742)	Data  0.000 ( 0.035)	Loss 4.5488e+00 (5.5786e+00)	Acc@1  14.45 (  6.19)	Acc@5  33.20 ( 16.32)
Epoch: [0][4610/5005]	Time  0.719 ( 0.742)	Data  0.001 ( 0.035)	Loss 4.3867e+00 (5.5760e+00)	Acc@1  17.97 (  6.22)	Acc@5  33.20 ( 16.36)
Epoch: [0][4620/5005]	Time  0.745 ( 0.742)	Data  0.000 ( 0.035)	Loss 4.4014e+00 (5.5735e+00)	Acc@1  14.45 (  6.24)	Acc@5  35.55 ( 16.40)
Epoch: [0][4630/5005]	Time  0.740 ( 0.742)	Data  0.000 ( 0.035)	Loss 4.4524e+00 (5.5710e+00)	Acc@1  18.36 (  6.26)	Acc@5  32.81 ( 16.44)
Epoch: [0][4640/5005]	Time  0.734 ( 0.742)	Data  0.002 ( 0.035)	Loss 4.4112e+00 (5.5688e+00)	Acc@1  16.41 (  6.27)	Acc@5  33.98 ( 16.47)
Epoch: [0][4650/5005]	Time  0.739 ( 0.742)	Data  0.000 ( 0.035)	Loss 4.4908e+00 (5.5663e+00)	Acc@1  17.58 (  6.29)	Acc@5  32.81 ( 16.51)
Epoch: [0][4660/5005]	Time  0.737 ( 0.742)	Data  0.000 ( 0.035)	Loss 4.3810e+00 (5.5639e+00)	Acc@1  16.41 (  6.31)	Acc@5  34.77 ( 16.55)
Epoch: [0][4670/5005]	Time  0.739 ( 0.742)	Data  0.000 ( 0.035)	Loss 4.3929e+00 (5.5614e+00)	Acc@1  16.41 (  6.34)	Acc@5  35.94 ( 16.59)
Epoch: [0][4680/5005]	Time  0.739 ( 0.742)	Data  0.000 ( 0.035)	Loss 4.4890e+00 (5.5588e+00)	Acc@1  12.50 (  6.36)	Acc@5  35.16 ( 16.63)
Epoch: [0][4690/5005]	Time  0.740 ( 0.742)	Data  0.000 ( 0.035)	Loss 4.4149e+00 (5.5563e+00)	Acc@1  12.50 (  6.38)	Acc@5  37.89 ( 16.67)
Epoch: [0][4700/5005]	Time  0.741 ( 0.742)	Data  0.000 ( 0.035)	Loss 4.4704e+00 (5.5538e+00)	Acc@1  13.28 (  6.40)	Acc@5  34.38 ( 16.71)
Epoch: [0][4710/5005]	Time  0.740 ( 0.742)	Data  0.000 ( 0.035)	Loss 4.3373e+00 (5.5514e+00)	Acc@1  17.19 (  6.42)	Acc@5  35.55 ( 16.75)
Epoch: [0][4720/5005]	Time  0.740 ( 0.742)	Data  0.000 ( 0.035)	Loss 4.4161e+00 (5.5491e+00)	Acc@1  16.80 (  6.43)	Acc@5  34.77 ( 16.78)
Epoch: [0][4730/5005]	Time  0.740 ( 0.742)	Data  0.000 ( 0.035)	Loss 4.4852e+00 (5.5467e+00)	Acc@1  14.45 (  6.45)	Acc@5  33.59 ( 16.82)
Epoch: [0][4740/5005]	Time  0.739 ( 0.742)	Data  0.000 ( 0.035)	Loss 4.3866e+00 (5.5444e+00)	Acc@1  18.75 (  6.47)	Acc@5  39.06 ( 16.86)
Epoch: [0][4750/5005]	Time  0.739 ( 0.742)	Data  0.000 ( 0.035)	Loss 4.2851e+00 (5.5419e+00)	Acc@1  18.36 (  6.49)	Acc@5  35.16 ( 16.90)
Epoch: [0][4760/5005]	Time  0.764 ( 0.742)	Data  0.000 ( 0.035)	Loss 4.3447e+00 (5.5394e+00)	Acc@1  15.62 (  6.51)	Acc@5  37.50 ( 16.94)
Epoch: [0][4770/5005]	Time  0.740 ( 0.742)	Data  0.000 ( 0.035)	Loss 4.5330e+00 (5.5372e+00)	Acc@1  13.67 (  6.53)	Acc@5  30.08 ( 16.97)
Epoch: [0][4780/5005]	Time  0.739 ( 0.742)	Data  0.000 ( 0.035)	Loss 4.1734e+00 (5.5347e+00)	Acc@1  16.80 (  6.55)	Acc@5  41.41 ( 17.01)
Epoch: [0][4790/5005]	Time  0.739 ( 0.742)	Data  0.000 ( 0.035)	Loss 4.0889e+00 (5.5322e+00)	Acc@1  21.48 (  6.57)	Acc@5  40.23 ( 17.05)
Epoch: [0][4800/5005]	Time  0.740 ( 0.742)	Data  0.000 ( 0.035)	Loss 4.3757e+00 (5.5297e+00)	Acc@1  12.11 (  6.59)	Acc@5  36.33 ( 17.09)
Epoch: [0][4810/5005]	Time  0.738 ( 0.742)	Data  0.000 ( 0.035)	Loss 4.3231e+00 (5.5272e+00)	Acc@1  16.80 (  6.60)	Acc@5  37.11 ( 17.13)
Epoch: [0][4820/5005]	Time  0.721 ( 0.742)	Data  0.001 ( 0.035)	Loss 4.3703e+00 (5.5250e+00)	Acc@1  15.23 (  6.62)	Acc@5  35.16 ( 17.17)
Epoch: [0][4830/5005]	Time  0.740 ( 0.742)	Data  0.000 ( 0.035)	Loss 4.3829e+00 (5.5225e+00)	Acc@1  17.19 (  6.64)	Acc@5  38.67 ( 17.21)
Epoch: [0][4840/5005]	Time  0.740 ( 0.742)	Data  0.001 ( 0.035)	Loss 4.4546e+00 (5.5201e+00)	Acc@1  17.58 (  6.66)	Acc@5  31.25 ( 17.25)
Epoch: [0][4850/5005]	Time  0.763 ( 0.742)	Data  0.000 ( 0.035)	Loss 4.3509e+00 (5.5178e+00)	Acc@1  16.41 (  6.68)	Acc@5  35.94 ( 17.29)
Epoch: [0][4860/5005]	Time  0.739 ( 0.742)	Data  0.000 ( 0.035)	Loss 4.2334e+00 (5.5154e+00)	Acc@1  17.97 (  6.70)	Acc@5  35.16 ( 17.32)
Epoch: [0][4870/5005]	Time  0.765 ( 0.742)	Data  0.000 ( 0.035)	Loss 4.2031e+00 (5.5131e+00)	Acc@1  19.53 (  6.72)	Acc@5  39.06 ( 17.36)
Epoch: [0][4880/5005]	Time  0.738 ( 0.742)	Data  0.000 ( 0.035)	Loss 4.4994e+00 (5.5107e+00)	Acc@1  13.28 (  6.74)	Acc@5  32.03 ( 17.40)
Epoch: [0][4890/5005]	Time  0.739 ( 0.742)	Data  0.000 ( 0.035)	Loss 4.4026e+00 (5.5083e+00)	Acc@1  14.84 (  6.76)	Acc@5  31.64 ( 17.44)
Epoch: [0][4900/5005]	Time  0.740 ( 0.742)	Data  0.000 ( 0.035)	Loss 4.2316e+00 (5.5060e+00)	Acc@1  18.36 (  6.78)	Acc@5  39.06 ( 17.48)
Epoch: [0][4910/5005]	Time  0.736 ( 0.742)	Data  0.001 ( 0.035)	Loss 4.1106e+00 (5.5035e+00)	Acc@1  19.92 (  6.80)	Acc@5  42.97 ( 17.52)
Epoch: [0][4920/5005]	Time  0.738 ( 0.742)	Data  0.000 ( 0.035)	Loss 4.4153e+00 (5.5012e+00)	Acc@1  14.06 (  6.82)	Acc@5  36.33 ( 17.56)
Epoch: [0][4930/5005]	Time  0.737 ( 0.742)	Data  0.000 ( 0.035)	Loss 4.4158e+00 (5.4990e+00)	Acc@1  12.11 (  6.84)	Acc@5  35.94 ( 17.60)
Epoch: [0][4940/5005]	Time  0.739 ( 0.742)	Data  0.000 ( 0.035)	Loss 4.1569e+00 (5.4967e+00)	Acc@1  18.75 (  6.86)	Acc@5  44.53 ( 17.64)
Epoch: [0][4950/5005]	Time  0.738 ( 0.742)	Data  0.001 ( 0.035)	Loss 4.4259e+00 (5.4944e+00)	Acc@1  14.84 (  6.88)	Acc@5  35.16 ( 17.67)
Epoch: [0][4960/5005]	Time  0.739 ( 0.742)	Data  0.000 ( 0.035)	Loss 4.3812e+00 (5.4919e+00)	Acc@1  14.45 (  6.90)	Acc@5  33.98 ( 17.72)
Epoch: [0][4970/5005]	Time  0.740 ( 0.742)	Data  0.000 ( 0.035)	Loss 4.1546e+00 (5.4894e+00)	Acc@1  19.53 (  6.92)	Acc@5  41.02 ( 17.76)
Epoch: [0][4980/5005]	Time  0.741 ( 0.742)	Data  0.000 ( 0.035)	Loss 4.1467e+00 (5.4869e+00)	Acc@1  18.36 (  6.94)	Acc@5  37.50 ( 17.80)
Epoch: [0][4990/5005]	Time  0.738 ( 0.742)	Data  0.000 ( 0.035)	Loss 4.5078e+00 (5.4847e+00)	Acc@1  17.58 (  6.96)	Acc@5  32.81 ( 17.83)
Epoch: [0][5000/5005]	Time  0.738 ( 0.742)	Data  0.000 ( 0.035)	Loss 4.4844e+00 (5.4824e+00)	Acc@1  17.19 (  6.98)	Acc@5  37.50 ( 17.87)
Test: [  0/196]	Time  2.696 ( 2.696)	Loss 3.5464e+00 (3.5464e+00)	Acc@1  24.61 ( 24.61)	Acc@5  61.72 ( 61.72)
Test: [ 10/196]	Time  0.221 ( 0.647)	Loss 4.4231e+00 (4.1885e+00)	Acc@1  15.23 ( 18.08)	Acc@5  31.64 ( 39.81)
Test: [ 20/196]	Time  1.051 ( 0.569)	Loss 4.1696e+00 (4.0790e+00)	Acc@1  24.61 ( 20.13)	Acc@5  43.36 ( 42.09)
Test: [ 30/196]	Time  0.222 ( 0.513)	Loss 3.6406e+00 (4.0765e+00)	Acc@1  15.23 ( 19.61)	Acc@5  47.27 ( 41.96)
Test: [ 40/196]	Time  1.035 ( 0.502)	Loss 5.1840e+00 (4.1794e+00)	Acc@1   5.47 ( 17.54)	Acc@5  16.80 ( 39.30)
Test: [ 50/196]	Time  0.222 ( 0.485)	Loss 3.6792e+00 (4.1975e+00)	Acc@1  20.70 ( 16.82)	Acc@5  50.39 ( 39.00)
Test: [ 60/196]	Time  0.279 ( 0.485)	Loss 4.5812e+00 (4.2372e+00)	Acc@1  10.94 ( 16.13)	Acc@5  27.34 ( 38.13)
Test: [ 70/196]	Time  0.221 ( 0.486)	Loss 4.8584e+00 (4.2396e+00)	Acc@1  11.72 ( 16.70)	Acc@5  27.34 ( 38.22)
Test: [ 80/196]	Time  0.413 ( 0.482)	Loss 4.8449e+00 (4.2130e+00)	Acc@1   4.30 ( 16.91)	Acc@5  28.52 ( 38.82)
Test: [ 90/196]	Time  0.222 ( 0.479)	Loss 5.5633e+00 (4.2562e+00)	Acc@1   3.12 ( 16.29)	Acc@5  14.45 ( 37.82)
Test: [100/196]	Time  0.237 ( 0.473)	Loss 5.2590e+00 (4.2770e+00)	Acc@1   2.34 ( 15.86)	Acc@5  12.89 ( 37.22)
Test: [110/196]	Time  0.221 ( 0.477)	Loss 4.1699e+00 (4.2835e+00)	Acc@1  23.44 ( 15.81)	Acc@5  40.23 ( 36.98)
Test: [120/196]	Time  0.237 ( 0.471)	Loss 4.7742e+00 (4.3056e+00)	Acc@1  11.72 ( 15.72)	Acc@5  30.08 ( 36.61)
Test: [130/196]	Time  0.616 ( 0.473)	Loss 4.1920e+00 (4.3167e+00)	Acc@1  25.78 ( 15.67)	Acc@5  42.97 ( 36.47)
Test: [140/196]	Time  0.222 ( 0.471)	Loss 4.6692e+00 (4.3273e+00)	Acc@1   6.64 ( 15.71)	Acc@5  28.52 ( 36.23)
Test: [150/196]	Time  1.124 ( 0.470)	Loss 4.6847e+00 (4.3509e+00)	Acc@1  11.72 ( 15.52)	Acc@5  29.69 ( 35.75)
Test: [160/196]	Time  0.222 ( 0.468)	Loss 3.9352e+00 (4.3615e+00)	Acc@1  26.17 ( 15.54)	Acc@5  43.75 ( 35.58)
Test: [170/196]	Time  1.121 ( 0.469)	Loss 3.5650e+00 (4.3757e+00)	Acc@1  24.22 ( 15.34)	Acc@5  53.91 ( 35.22)
Test: [180/196]	Time  0.222 ( 0.466)	Loss 3.5233e+00 (4.3670e+00)	Acc@1  21.48 ( 15.47)	Acc@5  51.17 ( 35.39)
Test: [190/196]	Time  1.037 ( 0.467)	Loss 3.8457e+00 (4.3457e+00)	Acc@1  23.05 ( 15.76)	Acc@5  44.92 ( 35.82)
 * Acc@1 16.016 Acc@5 36.080