=> creating model 'resnet50'
=> creating model 'resnet50'
=> creating model 'resnet50'
=> creating model 'resnet50'
Selected optimization level O2:  FP16 training with FP32 batchnorm and FP32 master weights.

Defaults for this optimization level are:
enabled                : True
opt_level              : O2
cast_model_type        : torch.float16
patch_torch_functions  : False
keep_batchnorm_fp32    : True
master_weights         : True
loss_scale             : dynamic
Processing user overrides (additional kwargs that are not None)...
After processing overrides, optimization options are:
enabled                : True
opt_level              : O2
cast_model_type        : torch.float16
patch_torch_functions  : False
keep_batchnorm_fp32    : True
master_weights         : True
loss_scale             : dynamic
Gradient overflow.  Skipping step, loss scaler 0 reducing loss scale to 32768.0
Gradient overflow.  Skipping step, loss scaler 0 reducing loss scale to 32768.0
Gradient overflow.  Skipping step, loss scaler 0 reducing loss scale to 32768.0
Gradient overflow.  Skipping step, loss scaler 0 reducing loss scale to 32768.0
Gradient overflow.  Skipping step, loss scaler 0 reducing loss scale to 16384.0
Gradient overflow.  Skipping step, loss scaler 0 reducing loss scale to 16384.0
Gradient overflow.  Skipping step, loss scaler 0 reducing loss scale to 16384.0
Gradient overflow.  Skipping step, loss scaler 0 reducing loss scale to 16384.0
Gradient overflow.  Skipping step, loss scaler 0 reducing loss scale to 8192.0
Gradient overflow.  Skipping step, loss scaler 0 reducing loss scale to 8192.0
Gradient overflow.  Skipping step, loss scaler 0 reducing loss scale to 8192.0
Gradient overflow.  Skipping step, loss scaler 0 reducing loss scale to 8192.0
/opt/conda/lib/python3.6/site-packages/torch/distributed/distributed_c10d.py:100: UserWarning: torch.distributed.reduce_op is deprecated, please use torch.distributed.ReduceOp instead
  warnings.warn("torch.distributed.reduce_op is deprecated, please use "
/opt/conda/lib/python3.6/site-packages/torch/distributed/distributed_c10d.py:100: UserWarning: torch.distributed.reduce_op is deprecated, please use torch.distributed.ReduceOp instead
  warnings.warn("torch.distributed.reduce_op is deprecated, please use "
/opt/conda/lib/python3.6/site-packages/torch/distributed/distributed_c10d.py:100: UserWarning: torch.distributed.reduce_op is deprecated, please use torch.distributed.ReduceOp instead
  warnings.warn("torch.distributed.reduce_op is deprecated, please use "
/opt/conda/lib/python3.6/site-packages/torch/distributed/distributed_c10d.py:100: UserWarning: torch.distributed.reduce_op is deprecated, please use torch.distributed.ReduceOp instead
  warnings.warn("torch.distributed.reduce_op is deprecated, please use "
Epoch: [0][10/1252]	Time 1.554 (1.554)	Speed 658.834 (658.834)	Loss 7.0890302658 (7.0890)	Prec@1 0.098 (0.098)	Prec@5 0.488 (0.488)
Epoch: [0][20/1252]	Time 0.328 (0.941)	Speed 3125.059 (1088.242)	Loss 7.0281629562 (7.0586)	Prec@1 0.195 (0.146)	Prec@5 0.293 (0.391)
Epoch: [0][30/1252]	Time 0.318 (0.733)	Speed 3219.814 (1396.386)	Loss 6.9674944878 (7.0282)	Prec@1 0.000 (0.098)	Prec@5 0.391 (0.391)
Epoch: [0][40/1252]	Time 0.338 (0.635)	Speed 3029.060 (1613.854)	Loss 6.9690461159 (7.0134)	Prec@1 0.293 (0.146)	Prec@5 0.684 (0.464)
Epoch: [0][50/1252]	Time 0.331 (0.574)	Speed 3095.364 (1784.693)	Loss 6.9009780884 (6.9909)	Prec@1 0.293 (0.176)	Prec@5 1.074 (0.586)
Epoch: [0][60/1252]	Time 0.336 (0.534)	Speed 3045.438 (1916.956)	Loss 6.9168925285 (6.9786)	Prec@1 0.098 (0.163)	Prec@5 0.586 (0.586)
Epoch: [0][70/1252]	Time 0.325 (0.504)	Speed 3153.457 (2030.708)	Loss 6.9146099091 (6.9695)	Prec@1 0.195 (0.167)	Prec@5 1.074 (0.656)
Epoch: [0][80/1252]	Time 0.324 (0.482)	Speed 3162.504 (2125.805)	Loss 6.9174842834 (6.9630)	Prec@1 0.098 (0.159)	Prec@5 0.684 (0.659)
Epoch: [0][90/1252]	Time 0.324 (0.464)	Speed 3157.716 (2205.902)	Loss 6.9004111290 (6.9560)	Prec@1 0.195 (0.163)	Prec@5 0.977 (0.694)
Epoch: [0][100/1252]	Time 0.330 (0.451)	Speed 3107.628 (2271.822)	Loss 6.8974657059 (6.9502)	Prec@1 0.293 (0.176)	Prec@5 0.781 (0.703)
/opt/conda/lib/python3.6/site-packages/PIL/TiffImagePlugin.py:754: UserWarning: Possibly corrupt EXIF data.  Expecting to read 2555904 bytes but only got 0. Skipping tag 0
  " Skipping tag %s" % (size, len(data), tag))
Epoch: [0][110/1252]	Time 0.320 (0.439)	Speed 3196.904 (2333.200)	Loss 6.8990244865 (6.9455)	Prec@1 0.195 (0.178)	Prec@5 0.586 (0.692)
Epoch: [0][120/1252]	Time 0.321 (0.429)	Speed 3192.366 (2386.728)	Loss 6.9052166939 (6.9422)	Prec@1 0.195 (0.179)	Prec@5 0.781 (0.700)
/opt/conda/lib/python3.6/site-packages/PIL/TiffImagePlugin.py:771: UserWarning: Corrupt EXIF data.  Expecting to read 4 bytes but only got 0.
  warnings.warn(str(msg))
Epoch: [0][130/1252]	Time 0.327 (0.421)	Speed 3134.604 (2431.351)	Loss 6.8985133171 (6.9388)	Prec@1 0.098 (0.173)	Prec@5 0.586 (0.691)
Epoch: [0][140/1252]	Time 0.321 (0.414)	Speed 3193.962 (2473.536)	Loss 6.8684396744 (6.9338)	Prec@1 0.293 (0.181)	Prec@5 0.977 (0.711)
Epoch: [0][150/1252]	Time 0.329 (0.408)	Speed 3114.010 (2507.924)	Loss 6.8895940781 (6.9308)	Prec@1 0.195 (0.182)	Prec@5 1.270 (0.749)
Epoch: [0][160/1252]	Time 0.323 (0.403)	Speed 3168.698 (2541.042)	Loss 6.8913555145 (6.9284)	Prec@1 0.098 (0.177)	Prec@5 1.074 (0.769)
Epoch: [0][170/1252]	Time 0.318 (0.398)	Speed 3221.497 (2573.011)	Loss 6.8801226616 (6.9255)	Prec@1 0.293 (0.184)	Prec@5 1.660 (0.821)
Epoch: [0][180/1252]	Time 0.329 (0.394)	Speed 3110.331 (2597.945)	Loss 6.8693652153 (6.9224)	Prec@1 0.195 (0.184)	Prec@5 1.270 (0.846)
Epoch: [0][190/1252]	Time 0.319 (0.390)	Speed 3212.614 (2624.372)	Loss 6.8893575668 (6.9207)	Prec@1 0.391 (0.195)	Prec@5 1.953 (0.905)
Epoch: [0][200/1252]	Time 0.328 (0.387)	Speed 3117.212 (2645.284)	Loss 6.8469085693 (6.9170)	Prec@1 0.293 (0.200)	Prec@5 1.562 (0.938)
Epoch: [0][210/1252]	Time 0.325 (0.384)	Speed 3150.808 (2665.650)	Loss 6.8779368401 (6.9151)	Prec@1 0.391 (0.209)	Prec@5 1.074 (0.944)
/opt/conda/lib/python3.6/site-packages/PIL/TiffImagePlugin.py:754: UserWarning: Possibly corrupt EXIF data.  Expecting to read 2555904 bytes but only got 0. Skipping tag 0
  " Skipping tag %s" % (size, len(data), tag))
Epoch: [0][220/1252]	Time 0.321 (0.381)	Speed 3185.773 (2685.580)	Loss 6.8513278961 (6.9122)	Prec@1 0.293 (0.213)	Prec@5 1.270 (0.959)
Epoch: [0][230/1252]	Time 0.322 (0.379)	Speed 3182.721 (2703.943)	Loss 6.8161878586 (6.9080)	Prec@1 0.098 (0.208)	Prec@5 1.953 (1.002)
Epoch: [0][240/1252]	Time 0.323 (0.376)	Speed 3170.704 (2720.631)	Loss 6.7897181511 (6.9031)	Prec@1 0.488 (0.220)	Prec@5 2.051 (1.046)
Epoch: [0][250/1252]	Time 0.324 (0.374)	Speed 3159.118 (2735.820)	Loss 6.7994289398 (6.8990)	Prec@1 0.781 (0.242)	Prec@5 1.758 (1.074)
Epoch: [0][260/1252]	Time 0.320 (0.372)	Speed 3203.987 (2751.282)	Loss 6.7722597122 (6.8941)	Prec@1 0.391 (0.248)	Prec@5 2.051 (1.112)
Epoch: [0][270/1252]	Time 0.328 (0.371)	Speed 3119.986 (2763.377)	Loss 6.7329268456 (6.8881)	Prec@1 0.488 (0.257)	Prec@5 1.758 (1.136)
Epoch: [0][280/1252]	Time 0.324 (0.369)	Speed 3161.647 (2775.865)	Loss 6.7489423752 (6.8832)	Prec@1 0.293 (0.258)	Prec@5 1.562 (1.151)
Epoch: [0][290/1252]	Time 0.327 (0.367)	Speed 3135.153 (2786.878)	Loss 6.7244815826 (6.8777)	Prec@1 0.586 (0.269)	Prec@5 1.367 (1.158)
Epoch: [0][300/1252]	Time 0.321 (0.366)	Speed 3188.986 (2798.641)	Loss 6.7157754898 (6.8723)	Prec@1 0.488 (0.277)	Prec@5 2.148 (1.191)
Epoch: [0][310/1252]	Time 0.321 (0.364)	Speed 3192.795 (2809.831)	Loss 6.7028455734 (6.8668)	Prec@1 1.074 (0.302)	Prec@5 2.832 (1.244)
Epoch: [0][320/1252]	Time 0.322 (0.363)	Speed 3181.784 (2820.133)	Loss 6.6345148087 (6.8596)	Prec@1 1.270 (0.333)	Prec@5 3.516 (1.315)
Epoch: [0][330/1252]	Time 0.320 (0.362)	Speed 3196.830 (2830.239)	Loss 6.6449003220 (6.8531)	Prec@1 1.562 (0.370)	Prec@5 3.711 (1.388)
Epoch: [0][340/1252]	Time 0.330 (0.361)	Speed 3106.052 (2837.650)	Loss 6.6044220924 (6.8457)	Prec@1 0.586 (0.376)	Prec@5 2.344 (1.416)
Epoch: [0][350/1252]	Time 0.320 (0.360)	Speed 3203.605 (2846.942)	Loss 6.5690517426 (6.8378)	Prec@1 0.684 (0.385)	Prec@5 3.418 (1.473)
Epoch: [0][360/1252]	Time 0.328 (0.359)	Speed 3118.051 (2853.835)	Loss 6.5521407127 (6.8299)	Prec@1 0.879 (0.399)	Prec@5 3.613 (1.533)
Epoch: [0][370/1252]	Time 0.321 (0.358)	Speed 3185.255 (2861.883)	Loss 6.5218262672 (6.8216)	Prec@1 0.977 (0.414)	Prec@5 3.809 (1.594)
Epoch: [0][380/1252]	Time 0.324 (0.357)	Speed 3160.472 (2869.016)	Loss 6.5253596306 (6.8138)	Prec@1 1.562 (0.445)	Prec@5 4.395 (1.668)
Epoch: [0][390/1252]	Time 0.323 (0.356)	Speed 3171.390 (2876.047)	Loss 6.5535473824 (6.8071)	Prec@1 1.074 (0.461)	Prec@5 3.223 (1.708)
/opt/conda/lib/python3.6/site-packages/PIL/TiffImagePlugin.py:754: UserWarning: Possibly corrupt EXIF data.  Expecting to read 2555904 bytes but only got 0. Skipping tag 0
  " Skipping tag %s" % (size, len(data), tag))
Epoch: [0][400/1252]	Time 0.326 (0.355)	Speed 3137.308 (2882.047)	Loss 6.4513449669 (6.7982)	Prec@1 0.977 (0.474)	Prec@5 4.492 (1.777)
/opt/conda/lib/python3.6/site-packages/PIL/TiffImagePlugin.py:754: UserWarning: Possibly corrupt EXIF data.  Expecting to read 1835008 bytes but only got 0. Skipping tag 0
  " Skipping tag %s" % (size, len(data), tag))
Epoch: [0][410/1252]	Time 0.322 (0.354)	Speed 3177.863 (2888.605)	Loss 6.4187583923 (6.7890)	Prec@1 0.879 (0.484)	Prec@5 4.492 (1.844)
Epoch: [0][420/1252]	Time 0.320 (0.354)	Speed 3196.416 (2895.244)	Loss 6.4288511276 (6.7804)	Prec@1 1.367 (0.505)	Prec@5 4.297 (1.902)
Epoch: [0][430/1252]	Time 0.323 (0.353)	Speed 3167.697 (2901.046)	Loss 6.4707994461 (6.7732)	Prec@1 0.879 (0.513)	Prec@5 3.809 (1.946)
Epoch: [0][440/1252]	Time 0.324 (0.352)	Speed 3164.399 (2906.544)	Loss 6.3501634598 (6.7636)	Prec@1 1.855 (0.544)	Prec@5 5.664 (2.031)
Epoch: [0][450/1252]	Time 0.329 (0.352)	Speed 3113.443 (2910.842)	Loss 6.3662500381 (6.7547)	Prec@1 0.586 (0.545)	Prec@5 4.980 (2.096)
Epoch: [0][460/1252]	Time 0.326 (0.351)	Speed 3142.518 (2915.515)	Loss 6.3825006485 (6.7466)	Prec@1 1.953 (0.575)	Prec@5 4.980 (2.159)
Epoch: [0][470/1252]	Time 0.322 (0.351)	Speed 3183.656 (2920.749)	Loss 6.2621970177 (6.7363)	Prec@1 2.051 (0.607)	Prec@5 5.762 (2.236)
Epoch: [0][480/1252]	Time 0.328 (0.350)	Speed 3125.064 (2924.733)	Loss 6.2819523811 (6.7269)	Prec@1 1.465 (0.625)	Prec@5 5.664 (2.307)
Epoch: [0][490/1252]	Time 0.321 (0.350)	Speed 3191.865 (2929.737)	Loss 6.2430272102 (6.7170)	Prec@1 2.051 (0.654)	Prec@5 7.031 (2.404)
Epoch: [0][500/1252]	Time 0.325 (0.349)	Speed 3150.849 (2933.854)	Loss 6.2198386192 (6.7071)	Prec@1 1.660 (0.674)	Prec@5 7.227 (2.500)
/opt/conda/lib/python3.6/site-packages/PIL/TiffImagePlugin.py:754: UserWarning: Possibly corrupt EXIF data.  Expecting to read 2555904 bytes but only got 0. Skipping tag 0
  " Skipping tag %s" % (size, len(data), tag))
Epoch: [0][510/1252]	Time 0.321 (0.348)	Speed 3188.141 (2938.450)	Loss 6.2501010895 (6.6981)	Prec@1 2.441 (0.708)	Prec@5 6.934 (2.587)
Epoch: [0][520/1252]	Time 0.324 (0.348)	Speed 3163.001 (2942.467)	Loss 6.1813635826 (6.6882)	Prec@1 2.539 (0.744)	Prec@5 7.324 (2.678)
/opt/conda/lib/python3.6/site-packages/PIL/TiffImagePlugin.py:754: UserWarning: Possibly corrupt EXIF data.  Expecting to read 19660800 bytes but only got 0. Skipping tag 0
  " Skipping tag %s" % (size, len(data), tag))
/opt/conda/lib/python3.6/site-packages/PIL/TiffImagePlugin.py:754: UserWarning: Possibly corrupt EXIF data.  Expecting to read 18481152 bytes but only got 0. Skipping tag 0
  " Skipping tag %s" % (size, len(data), tag))
/opt/conda/lib/python3.6/site-packages/PIL/TiffImagePlugin.py:754: UserWarning: Possibly corrupt EXIF data.  Expecting to read 37093376 bytes but only got 0. Skipping tag 0
  " Skipping tag %s" % (size, len(data), tag))
/opt/conda/lib/python3.6/site-packages/PIL/TiffImagePlugin.py:754: UserWarning: Possibly corrupt EXIF data.  Expecting to read 39976960 bytes but only got 0. Skipping tag 0
  " Skipping tag %s" % (size, len(data), tag))
/opt/conda/lib/python3.6/site-packages/PIL/TiffImagePlugin.py:754: UserWarning: Possibly corrupt EXIF data.  Expecting to read 34865152 bytes but only got 0. Skipping tag 0
  " Skipping tag %s" % (size, len(data), tag))
/opt/conda/lib/python3.6/site-packages/PIL/TiffImagePlugin.py:771: UserWarning: Corrupt EXIF data.  Expecting to read 12 bytes but only got 10.
  warnings.warn(str(msg))
Epoch: [0][530/1252]	Time 0.328 (0.348)	Speed 3123.831 (2945.694)	Loss 6.1101856232 (6.6773)	Prec@1 2.051 (0.768)	Prec@5 8.398 (2.786)
Epoch: [0][540/1252]	Time 0.320 (0.347)	Speed 3199.288 (2950.024)	Loss 6.1805763245 (6.6681)	Prec@1 2.148 (0.794)	Prec@5 6.250 (2.850)
Epoch: [0][550/1252]	Time 0.326 (0.347)	Speed 3138.771 (2953.253)	Loss 6.0465002060 (6.6568)	Prec@1 3.027 (0.835)	Prec@5 8.594 (2.955)
Epoch: [0][560/1252]	Time 0.322 (0.346)	Speed 3177.202 (2956.975)	Loss 6.1035470963 (6.6469)	Prec@1 2.148 (0.858)	Prec@5 7.324 (3.033)
Epoch: [0][570/1252]	Time 0.323 (0.346)	Speed 3169.525 (2960.458)	Loss 6.0108752251 (6.6357)	Prec@1 2.832 (0.893)	Prec@5 8.105 (3.122)
Epoch: [0][580/1252]	Time 0.321 (0.345)	Speed 3186.371 (2964.081)	Loss 6.0020570755 (6.6248)	Prec@1 2.539 (0.921)	Prec@5 8.398 (3.213)
Epoch: [0][590/1252]	Time 0.321 (0.345)	Speed 3187.717 (2967.610)	Loss 5.9871215820 (6.6140)	Prec@1 2.832 (0.953)	Prec@5 8.398 (3.300)
Epoch: [0][600/1252]	Time 0.339 (0.345)	Speed 3023.898 (2968.531)	Loss 5.9413118362 (6.6028)	Prec@1 4.297 (1.009)	Prec@5 10.352 (3.418)
Epoch: [0][610/1252]	Time 0.320 (0.345)	Speed 3204.289 (2972.116)	Loss 5.9362416267 (6.5918)	Prec@1 3.516 (1.050)	Prec@5 11.230 (3.546)
Epoch: [0][620/1252]	Time 0.322 (0.344)	Speed 3184.417 (2975.315)	Loss 5.9748544693 (6.5819)	Prec@1 2.832 (1.079)	Prec@5 9.766 (3.646)
Epoch: [0][630/1252]	Time 0.323 (0.344)	Speed 3170.005 (2978.219)	Loss 5.9336051941 (6.5716)	Prec@1 2.832 (1.107)	Prec@5 8.887 (3.730)
Epoch: [0][640/1252]	Time 0.329 (0.344)	Speed 3108.616 (2980.172)	Loss 5.9089188576 (6.5613)	Prec@1 3.516 (1.144)	Prec@5 9.863 (3.825)
Epoch: [0][650/1252]	Time 0.324 (0.343)	Speed 3161.518 (2982.804)	Loss 5.8884963989 (6.5509)	Prec@1 2.344 (1.163)	Prec@5 9.375 (3.911)
Epoch: [0][660/1252]	Time 0.321 (0.343)	Speed 3189.846 (2985.740)	Loss 5.8922824860 (6.5409)	Prec@1 3.125 (1.193)	Prec@5 9.570 (3.997)
Epoch: [0][670/1252]	Time 0.329 (0.343)	Speed 3110.659 (2987.531)	Loss 5.9321460724 (6.5318)	Prec@1 3.125 (1.221)	Prec@5 10.254 (4.090)
Epoch: [0][680/1252]	Time 0.320 (0.342)	Speed 3196.294 (2990.403)	Loss 5.7503113747 (6.5203)	Prec@1 3.516 (1.255)	Prec@5 12.012 (4.206)
Epoch: [0][690/1252]	Time 0.324 (0.342)	Speed 3163.138 (2992.772)	Loss 5.7384858131 (6.5090)	Prec@1 4.297 (1.299)	Prec@5 12.305 (4.324)
Epoch: [0][700/1252]	Time 0.325 (0.342)	Speed 3154.377 (2994.964)	Loss 5.8303871155 (6.4993)	Prec@1 2.832 (1.321)	Prec@5 10.547 (4.413)
Epoch: [0][710/1252]	Time 0.328 (0.342)	Speed 3119.976 (2996.655)	Loss 5.6804962158 (6.4878)	Prec@1 3.613 (1.353)	Prec@5 11.621 (4.514)
Epoch: [0][720/1252]	Time 0.325 (0.341)	Speed 3149.834 (2998.680)	Loss 5.6974687576 (6.4768)	Prec@1 3.418 (1.382)	Prec@5 11.426 (4.610)
Epoch: [0][730/1252]	Time 0.322 (0.341)	Speed 3181.484 (3001.043)	Loss 5.7476172447 (6.4668)	Prec@1 3.711 (1.414)	Prec@5 11.621 (4.706)
Epoch: [0][740/1252]	Time 0.321 (0.341)	Speed 3187.185 (3003.413)	Loss 5.8664016724 (6.4587)	Prec@1 3.125 (1.437)	Prec@5 9.766 (4.775)
Epoch: [0][750/1252]	Time 0.328 (0.341)	Speed 3117.586 (3004.880)	Loss 5.7223820686 (6.4489)	Prec@1 3.613 (1.466)	Prec@5 11.328 (4.862)
Epoch: [0][760/1252]	Time 0.321 (0.341)	Speed 3192.560 (3007.206)	Loss 5.6490578651 (6.4384)	Prec@1 6.152 (1.528)	Prec@5 14.355 (4.987)
Epoch: [0][770/1252]	Time 0.327 (0.340)	Speed 3135.629 (3008.807)	Loss 5.6212248802 (6.4278)	Prec@1 3.613 (1.555)	Prec@5 13.379 (5.096)
Epoch: [0][780/1252]	Time 0.327 (0.340)	Speed 3135.179 (3010.362)	Loss 5.6501750946 (6.4178)	Prec@1 4.688 (1.595)	Prec@5 13.672 (5.206)
Epoch: [0][790/1252]	Time 0.323 (0.340)	Speed 3167.597 (3012.255)	Loss 5.6974825859 (6.4087)	Prec@1 4.297 (1.629)	Prec@5 13.477 (5.311)
Epoch: [0][800/1252]	Time 0.325 (0.340)	Speed 3152.175 (3013.927)	Loss 5.7901115417 (6.4009)	Prec@1 3.809 (1.656)	Prec@5 10.938 (5.381)
Epoch: [0][810/1252]	Time 0.331 (0.340)	Speed 3096.374 (3014.918)	Loss 5.6487236023 (6.3916)	Prec@1 3.613 (1.681)	Prec@5 12.598 (5.470)
Epoch: [0][820/1252]	Time 0.321 (0.339)	Speed 3193.055 (3016.971)	Loss 5.6309404373 (6.3824)	Prec@1 5.371 (1.726)	Prec@5 13.086 (5.563)
Epoch: [0][830/1252]	Time 0.328 (0.339)	Speed 3117.338 (3018.142)	Loss 5.5534725189 (6.3724)	Prec@1 5.078 (1.766)	Prec@5 14.551 (5.671)
Epoch: [0][840/1252]	Time 0.320 (0.339)	Speed 3198.730 (3020.172)	Loss 5.5891265869 (6.3631)	Prec@1 4.395 (1.797)	Prec@5 13.770 (5.768)
Epoch: [0][850/1252]	Time 0.325 (0.339)	Speed 3151.766 (3021.656)	Loss 5.6714262962 (6.3549)	Prec@1 3.516 (1.818)	Prec@5 12.891 (5.851)
Epoch: [0][860/1252]	Time 0.322 (0.339)	Speed 3177.159 (3023.377)	Loss 5.5518126488 (6.3456)	Prec@1 6.055 (1.867)	Prec@5 16.016 (5.970)
Epoch: [0][870/1252]	Time 0.321 (0.338)	Speed 3190.946 (3025.203)	Loss 5.5634403229 (6.3366)	Prec@1 4.590 (1.898)	Prec@5 13.770 (6.059)
Epoch: [0][880/1252]	Time 0.326 (0.338)	Speed 3141.615 (3026.477)	Loss 5.4213457108 (6.3262)	Prec@1 7.031 (1.956)	Prec@5 16.309 (6.176)
Epoch: [0][890/1252]	Time 0.318 (0.338)	Speed 3219.993 (3028.522)	Loss 5.5069875717 (6.3170)	Prec@1 5.371 (1.995)	Prec@5 15.234 (6.277)
Epoch: [0][900/1252]	Time 0.321 (0.338)	Speed 3194.457 (3030.271)	Loss 5.4083528519 (6.3069)	Prec@1 6.250 (2.042)	Prec@5 18.848 (6.417)
Epoch: [0][910/1252]	Time 0.318 (0.338)	Speed 3216.803 (3032.203)	Loss 5.4425640106 (6.2974)	Prec@1 7.227 (2.099)	Prec@5 16.992 (6.533)
Epoch: [0][920/1252]	Time 0.325 (0.338)	Speed 3146.420 (3033.400)	Loss 5.4256477356 (6.2879)	Prec@1 4.980 (2.130)	Prec@5 17.969 (6.658)
Epoch: [0][930/1252]	Time 0.323 (0.337)	Speed 3166.109 (3034.768)	Loss 5.5362644196 (6.2798)	Prec@1 5.176 (2.163)	Prec@5 14.941 (6.747)
Epoch: [0][940/1252]	Time 0.325 (0.337)	Speed 3148.116 (3035.931)	Loss 5.3988018036 (6.2705)	Prec@1 6.055 (2.205)	Prec@5 16.699 (6.853)
Epoch: [0][950/1252]	Time 0.332 (0.337)	Speed 3084.174 (3036.431)	Loss 5.3575663567 (6.2609)	Prec@1 5.957 (2.244)	Prec@5 18.652 (6.977)
Epoch: [0][960/1252]	Time 0.325 (0.337)	Speed 3146.285 (3037.535)	Loss 5.3170108795 (6.2510)	Prec@1 6.543 (2.289)	Prec@5 19.238 (7.104)
Epoch: [0][970/1252]	Time 0.326 (0.337)	Speed 3145.188 (3038.608)	Loss 5.3959670067 (6.2422)	Prec@1 6.250 (2.330)	Prec@5 16.309 (7.199)
Epoch: [0][980/1252]	Time 0.325 (0.337)	Speed 3149.874 (3039.703)	Loss 5.3414659500 (6.2330)	Prec@1 4.883 (2.356)	Prec@5 18.359 (7.313)
Epoch: [0][990/1252]	Time 0.324 (0.337)	Speed 3164.669 (3040.916)	Loss 5.2054357529 (6.2226)	Prec@1 6.738 (2.400)	Prec@5 18.848 (7.430)
Epoch: [0][1000/1252]	Time 0.328 (0.337)	Speed 3120.220 (3041.689)	Loss 5.2877373695 (6.2133)	Prec@1 6.543 (2.441)	Prec@5 18.066 (7.536)
Epoch: [0][1010/1252]	Time 0.325 (0.337)	Speed 3150.349 (3042.728)	Loss 5.2167448997 (6.2034)	Prec@1 7.324 (2.490)	Prec@5 20.215 (7.662)
Epoch: [0][1020/1252]	Time 0.330 (0.336)	Speed 3101.456 (3043.293)	Loss 5.2538628578 (6.1941)	Prec@1 6.836 (2.532)	Prec@5 18.750 (7.770)
Epoch: [0][1030/1252]	Time 0.323 (0.336)	Speed 3166.473 (3044.443)	Loss 5.3165464401 (6.1856)	Prec@1 6.836 (2.574)	Prec@5 18.457 (7.874)
Epoch: [0][1040/1252]	Time 0.322 (0.336)	Speed 3176.367 (3045.659)	Loss 5.2796306610 (6.1769)	Prec@1 6.934 (2.616)	Prec@5 19.336 (7.984)
Epoch: [0][1050/1252]	Time 0.324 (0.336)	Speed 3157.873 (3046.691)	Loss 5.2398090363 (6.1680)	Prec@1 9.082 (2.678)	Prec@5 21.094 (8.109)
Epoch: [0][1060/1252]	Time 0.324 (0.336)	Speed 3157.968 (3047.704)	Loss 5.3520784378 (6.1603)	Prec@1 5.957 (2.709)	Prec@5 15.430 (8.178)
Epoch: [0][1070/1252]	Time 0.320 (0.336)	Speed 3199.880 (3049.059)	Loss 5.2434282303 (6.1517)	Prec@1 5.664 (2.736)	Prec@5 19.824 (8.287)
Epoch: [0][1080/1252]	Time 0.320 (0.336)	Speed 3196.180 (3050.359)	Loss 5.1968727112 (6.1428)	Prec@1 7.324 (2.779)	Prec@5 20.117 (8.397)
Epoch: [0][1090/1252]	Time 0.328 (0.336)	Speed 3120.180 (3050.985)	Loss 5.2210683823 (6.1344)	Prec@1 7.324 (2.820)	Prec@5 18.848 (8.493)
Epoch: [0][1100/1252]	Time 0.322 (0.336)	Speed 3176.138 (3052.079)	Loss 5.2425980568 (6.1263)	Prec@1 8.203 (2.869)	Prec@5 21.094 (8.607)
Epoch: [0][1110/1252]	Time 0.319 (0.335)	Speed 3209.843 (3053.431)	Loss 5.2881951332 (6.1187)	Prec@1 7.715 (2.913)	Prec@5 20.605 (8.715)
Epoch: [0][1120/1252]	Time 0.323 (0.335)	Speed 3174.888 (3054.474)	Loss 5.1301107407 (6.1099)	Prec@1 8.008 (2.958)	Prec@5 23.438 (8.847)
Epoch: [0][1130/1252]	Time 0.325 (0.335)	Speed 3147.391 (3055.272)	Loss 5.0897626877 (6.1009)	Prec@1 9.375 (3.015)	Prec@5 21.973 (8.963)
Epoch: [0][1140/1252]	Time 0.327 (0.335)	Speed 3131.641 (3055.926)	Loss 5.1428136826 (6.0925)	Prec@1 7.520 (3.055)	Prec@5 21.777 (9.075)
Epoch: [0][1150/1252]	Time 0.324 (0.335)	Speed 3160.738 (3056.807)	Loss 5.0547518730 (6.0835)	Prec@1 10.059 (3.116)	Prec@5 25.098 (9.215)
Epoch: [0][1160/1252]	Time 0.323 (0.335)	Speed 3173.078 (3057.773)	Loss 4.9816784859 (6.0740)	Prec@1 8.203 (3.160)	Prec@5 23.535 (9.338)
Epoch: [0][1170/1252]	Time 0.323 (0.335)	Speed 3169.732 (3058.697)	Loss 5.1283726692 (6.0659)	Prec@1 8.594 (3.206)	Prec@5 21.484 (9.442)
Epoch: [0][1180/1252]	Time 0.333 (0.335)	Speed 3074.863 (3058.833)	Loss 4.9701886177 (6.0566)	Prec@1 9.570 (3.260)	Prec@5 24.219 (9.567)
Epoch: [0][1190/1252]	Time 0.327 (0.335)	Speed 3134.391 (3059.453)	Loss 5.1129932404 (6.0487)	Prec@1 9.277 (3.310)	Prec@5 23.340 (9.683)
Epoch: [0][1200/1252]	Time 0.327 (0.335)	Speed 3129.360 (3060.022)	Loss 5.0850896835 (6.0406)	Prec@1 8.301 (3.352)	Prec@5 21.387 (9.780)
Epoch: [0][1210/1252]	Time 0.325 (0.335)	Speed 3151.572 (3060.757)	Loss 5.0687584877 (6.0326)	Prec@1 8.984 (3.399)	Prec@5 21.094 (9.874)
Epoch: [0][1220/1252]	Time 0.328 (0.335)	Speed 3125.469 (3061.277)	Loss 5.1311774254 (6.0252)	Prec@1 7.715 (3.434)	Prec@5 22.461 (9.977)
Epoch: [0][1230/1252]	Time 0.321 (0.334)	Speed 3191.530 (3062.293)	Loss 5.0223560333 (6.0171)	Prec@1 8.691 (3.477)	Prec@5 22.852 (10.082)
Epoch: [0][1240/1252]	Time 0.324 (0.334)	Speed 3157.868 (3063.040)	Loss 5.0159893036 (6.0090)	Prec@1 8.594 (3.518)	Prec@5 24.219 (10.196)
Epoch: [0][1250/1252]	Time 0.323 (0.334)	Speed 3171.508 (3063.879)	Loss 4.9077739716 (6.0002)	Prec@1 10.352 (3.573)	Prec@5 25.684 (10.320)
Test: [10/49]	Time 0.128 (0.538)	Speed 7991.306 (1903.493)	Loss 5.4091 (5.3798)	Prec@1 7.031 (7.168)	Prec@5 18.848 (18.486)
Test: [20/49]	Time 0.961 (0.467)	Speed 1065.257 (2194.640)	Loss 5.4227 (5.3868)	Prec@1 6.348 (7.310)	Prec@5 17.969 (18.687)
Test: [30/49]	Time 0.107 (0.425)	Speed 9564.180 (2407.098)	Loss 5.4168 (5.3832)	Prec@1 7.715 (7.194)	Prec@5 18.457 (18.636)
Test: [40/49]	Time 0.975 (0.413)	Speed 1050.318 (2481.833)	Loss 5.3973 (5.3865)	Prec@1 6.543 (7.173)	Prec@5 18.262 (18.638)
 * Prec@1 7.190 Prec@5 18.744
 * Prec@1 7.190 Prec@5 18.744
 * Prec@1 7.190 Prec@5 18.744
 * Prec@1 7.190 Prec@5 18.744