=> creating model 'resnet50'
Selected optimization level O0:  Pure FP32 training.

Defaults for this optimization level are:
enabled                : True
opt_level              : O0
cast_model_type        : torch.float32
patch_torch_functions  : False
keep_batchnorm_fp32    : None
master_weights         : False
loss_scale             : 1.0
Processing user overrides (additional kwargs that are not None)...
After processing overrides, optimization options are:
enabled                : True
opt_level              : O0
cast_model_type        : torch.float32
patch_torch_functions  : False
keep_batchnorm_fp32    : None
master_weights         : False
loss_scale             : 1.0
Epoch: [0][10/5005]	Time 1.582 (1.582)	Speed 161.832 (161.832)	Loss 7.1184535027 (7.1185)	Prec@1 0.000 (0.000)	Prec@5 0.000 (0.000)
Epoch: [0][20/5005]	Time 0.756 (1.169)	Speed 338.758 (219.029)	Loss 7.0621562004 (7.0903)	Prec@1 0.391 (0.195)	Prec@5 1.562 (0.781)
Epoch: [0][30/5005]	Time 0.686 (1.008)	Speed 373.449 (254.045)	Loss 7.0260105133 (7.0689)	Prec@1 0.000 (0.130)	Prec@5 0.781 (0.781)
Epoch: [0][40/5005]	Time 0.686 (0.927)	Speed 373.359 (276.103)	Loss 7.0712132454 (7.0695)	Prec@1 0.000 (0.098)	Prec@5 0.781 (0.781)
Epoch: [0][50/5005]	Time 0.686 (0.879)	Speed 373.115 (291.248)	Loss 6.9796004295 (7.0515)	Prec@1 0.391 (0.156)	Prec@5 0.781 (0.781)
Epoch: [0][60/5005]	Time 0.686 (0.847)	Speed 373.201 (302.313)	Loss 7.0059967041 (7.0439)	Prec@1 0.781 (0.260)	Prec@5 0.781 (0.781)
Epoch: [0][70/5005]	Time 0.687 (0.824)	Speed 372.736 (310.699)	Loss 7.0629119873 (7.0466)	Prec@1 0.391 (0.279)	Prec@5 0.781 (0.781)
Epoch: [0][80/5005]	Time 0.687 (0.807)	Speed 372.888 (317.314)	Loss 6.9665236473 (7.0366)	Prec@1 0.000 (0.244)	Prec@5 0.000 (0.684)
Epoch: [0][90/5005]	Time 0.687 (0.793)	Speed 372.740 (322.645)	Loss 6.9895029068 (7.0314)	Prec@1 0.000 (0.217)	Prec@5 0.000 (0.608)
Epoch: [0][100/5005]	Time 0.687 (0.783)	Speed 372.775 (327.043)	Loss 6.9938626289 (7.0276)	Prec@1 0.000 (0.195)	Prec@5 0.000 (0.547)
Epoch: [0][110/5005]	Time 0.686 (0.774)	Speed 373.148 (330.758)	Loss 6.9780077934 (7.0231)	Prec@1 0.000 (0.178)	Prec@5 0.000 (0.497)
Epoch: [0][120/5005]	Time 0.687 (0.767)	Speed 372.783 (333.895)	Loss 6.9251837730 (7.0150)	Prec@1 0.000 (0.163)	Prec@5 0.391 (0.488)
Epoch: [0][130/5005]	Time 0.687 (0.761)	Speed 372.597 (336.584)	Loss 6.9656801224 (7.0112)	Prec@1 0.391 (0.180)	Prec@5 1.172 (0.541)
Epoch: [0][140/5005]	Time 0.686 (0.755)	Speed 372.941 (338.944)	Loss 6.9129424095 (7.0041)	Prec@1 0.000 (0.167)	Prec@5 1.172 (0.586)
Epoch: [0][150/5005]	Time 0.686 (0.751)	Speed 373.111 (341.026)	Loss 6.9225192070 (6.9987)	Prec@1 0.781 (0.208)	Prec@5 1.953 (0.677)
Epoch: [0][160/5005]	Time 0.686 (0.747)	Speed 372.951 (342.860)	Loss 6.9499444962 (6.9957)	Prec@1 0.000 (0.195)	Prec@5 0.391 (0.659)
Epoch: [0][170/5005]	Time 0.687 (0.743)	Speed 372.786 (344.487)	Loss 6.9234762192 (6.9914)	Prec@1 0.000 (0.184)	Prec@5 0.781 (0.666)
Epoch: [0][180/5005]	Time 0.687 (0.740)	Speed 372.810 (345.947)	Loss 6.9196848869 (6.9874)	Prec@1 0.000 (0.174)	Prec@5 0.391 (0.651)
Epoch: [0][190/5005]	Time 0.687 (0.737)	Speed 372.823 (347.265)	Loss 6.9212617874 (6.9839)	Prec@1 0.391 (0.185)	Prec@5 0.781 (0.658)
Epoch: [0][200/5005]	Time 0.687 (0.735)	Speed 372.429 (348.442)	Loss 6.9300079346 (6.9812)	Prec@1 0.000 (0.176)	Prec@5 0.391 (0.645)
Epoch: [0][210/5005]	Time 0.687 (0.732)	Speed 372.866 (349.532)	Loss 6.8946099281 (6.9771)	Prec@1 0.000 (0.167)	Prec@5 1.172 (0.670)
Epoch: [0][220/5005]	Time 0.687 (0.730)	Speed 372.694 (350.522)	Loss 6.9253449440 (6.9748)	Prec@1 0.391 (0.178)	Prec@5 0.391 (0.657)
Epoch: [0][230/5005]	Time 0.687 (0.728)	Speed 372.720 (351.432)	Loss 6.9476590157 (6.9736)	Prec@1 0.000 (0.170)	Prec@5 0.391 (0.645)
/opt/conda/lib/python3.6/site-packages/PIL/TiffImagePlugin.py:771: UserWarning: Corrupt EXIF data.  Expecting to read 4 bytes but only got 0.
  warnings.warn(str(msg))
Epoch: [0][240/5005]	Time 0.688 (0.727)	Speed 372.136 (352.249)	Loss 6.9316797256 (6.9718)	Prec@1 0.000 (0.163)	Prec@5 0.000 (0.618)
Epoch: [0][250/5005]	Time 0.689 (0.725)	Speed 371.455 (352.979)	Loss 6.9004092216 (6.9690)	Prec@1 0.000 (0.156)	Prec@5 0.391 (0.609)
Epoch: [0][260/5005]	Time 0.689 (0.724)	Speed 371.405 (353.654)	Loss 6.9005398750 (6.9664)	Prec@1 0.391 (0.165)	Prec@5 0.391 (0.601)
Epoch: [0][270/5005]	Time 0.690 (0.723)	Speed 371.146 (354.272)	Loss 6.9180216789 (6.9646)	Prec@1 0.391 (0.174)	Prec@5 1.953 (0.651)
Epoch: [0][280/5005]	Time 0.689 (0.721)	Speed 371.625 (354.864)	Loss 6.9367985725 (6.9636)	Prec@1 0.781 (0.195)	Prec@5 0.781 (0.656)
Epoch: [0][290/5005]	Time 0.687 (0.720)	Speed 372.704 (355.451)	Loss 6.9580378532 (6.9634)	Prec@1 0.000 (0.189)	Prec@5 0.000 (0.633)
Epoch: [0][300/5005]	Time 0.687 (0.719)	Speed 372.730 (356.001)	Loss 6.9579887390 (6.9632)	Prec@1 0.000 (0.182)	Prec@5 0.781 (0.638)
Epoch: [0][310/5005]	Time 0.687 (0.718)	Speed 372.589 (356.513)	Loss 6.9325323105 (6.9622)	Prec@1 0.000 (0.176)	Prec@5 0.000 (0.617)
Epoch: [0][320/5005]	Time 0.687 (0.717)	Speed 372.615 (356.995)	Loss 6.9049906731 (6.9604)	Prec@1 0.391 (0.183)	Prec@5 1.172 (0.635)
Epoch: [0][330/5005]	Time 0.689 (0.716)	Speed 371.698 (357.423)	Loss 6.9380517006 (6.9597)	Prec@1 0.781 (0.201)	Prec@5 0.781 (0.639)
Epoch: [0][340/5005]	Time 0.689 (0.715)	Speed 371.754 (357.829)	Loss 6.9113287926 (6.9583)	Prec@1 0.000 (0.195)	Prec@5 0.391 (0.632)
Epoch: [0][350/5005]	Time 0.686 (0.715)	Speed 373.301 (358.253)	Loss 6.9212799072 (6.9573)	Prec@1 0.391 (0.201)	Prec@5 0.781 (0.636)
Epoch: [0][360/5005]	Time 0.688 (0.714)	Speed 371.902 (358.619)	Loss 6.9030456543 (6.9558)	Prec@1 0.000 (0.195)	Prec@5 0.000 (0.618)
Epoch: [0][370/5005]	Time 0.688 (0.713)	Speed 372.229 (358.974)	Loss 6.9475488663 (6.9555)	Prec@1 0.391 (0.201)	Prec@5 0.781 (0.623)
Epoch: [0][380/5005]	Time 0.688 (0.712)	Speed 371.842 (359.301)	Loss 6.9231953621 (6.9547)	Prec@1 0.391 (0.206)	Prec@5 0.781 (0.627)
Epoch: [0][390/5005]	Time 0.686 (0.712)	Speed 373.081 (359.641)	Loss 6.8961362839 (6.9532)	Prec@1 0.000 (0.200)	Prec@5 1.172 (0.641)
Epoch: [0][400/5005]	Time 0.686 (0.711)	Speed 373.168 (359.968)	Loss 6.8895726204 (6.9516)	Prec@1 0.391 (0.205)	Prec@5 0.781 (0.645)
Epoch: [0][410/5005]	Time 0.688 (0.711)	Speed 371.842 (360.248)	Loss 6.9023766518 (6.9504)	Prec@1 0.000 (0.200)	Prec@5 0.781 (0.648)
Epoch: [0][420/5005]	Time 0.686 (0.710)	Speed 372.934 (360.540)	Loss 6.8644857407 (6.9483)	Prec@1 0.000 (0.195)	Prec@5 0.781 (0.651)
/opt/conda/lib/python3.6/site-packages/PIL/TiffImagePlugin.py:754: UserWarning: Possibly corrupt EXIF data.  Expecting to read 2555904 bytes but only got 0. Skipping tag 0
  " Skipping tag %s" % (size, len(data), tag))
Epoch: [0][430/5005]	Time 0.686 (0.709)	Speed 372.993 (360.820)	Loss 6.8961963654 (6.9471)	Prec@1 0.391 (0.200)	Prec@5 0.781 (0.654)
Epoch: [0][440/5005]	Time 0.688 (0.709)	Speed 371.951 (361.066)	Loss 6.8992080688 (6.9460)	Prec@1 0.391 (0.204)	Prec@5 1.562 (0.675)
Epoch: [0][450/5005]	Time 0.688 (0.709)	Speed 371.949 (361.301)	Loss 6.9239845276 (6.9456)	Prec@1 0.000 (0.200)	Prec@5 0.781 (0.677)
Epoch: [0][460/5005]	Time 0.688 (0.708)	Speed 372.066 (361.528)	Loss 6.9247326851 (6.9451)	Prec@1 0.391 (0.204)	Prec@5 0.391 (0.671)
Epoch: [0][470/5005]	Time 0.688 (0.708)	Speed 372.283 (361.751)	Loss 6.8988757133 (6.9441)	Prec@1 0.391 (0.208)	Prec@5 1.562 (0.690)
Epoch: [0][480/5005]	Time 0.690 (0.707)	Speed 371.146 (361.941)	Loss 6.9081678391 (6.9434)	Prec@1 0.000 (0.203)	Prec@5 0.781 (0.692)
Epoch: [0][490/5005]	Time 0.688 (0.707)	Speed 372.359 (362.148)	Loss 6.8952178955 (6.9424)	Prec@1 0.000 (0.199)	Prec@5 0.781 (0.694)
Epoch: [0][500/5005]	Time 0.687 (0.707)	Speed 372.477 (362.349)	Loss 6.8603324890 (6.9407)	Prec@1 0.000 (0.195)	Prec@5 1.953 (0.719)
Epoch: [0][510/5005]	Time 0.687 (0.706)	Speed 372.806 (362.549)	Loss 6.8932967186 (6.9398)	Prec@1 0.391 (0.199)	Prec@5 0.781 (0.720)
Epoch: [0][520/5005]	Time 0.687 (0.706)	Speed 372.522 (362.735)	Loss 6.8322238922 (6.9377)	Prec@1 0.391 (0.203)	Prec@5 1.953 (0.744)
Epoch: [0][530/5005]	Time 0.688 (0.705)	Speed 372.233 (362.910)	Loss 6.9102888107 (6.9372)	Prec@1 0.000 (0.199)	Prec@5 0.781 (0.744)
Epoch: [0][540/5005]	Time 0.687 (0.705)	Speed 372.460 (363.082)	Loss 6.9036889076 (6.9366)	Prec@1 0.000 (0.195)	Prec@5 0.781 (0.745)
Epoch: [0][550/5005]	Time 0.686 (0.705)	Speed 373.042 (363.259)	Loss 6.8943643570 (6.9358)	Prec@1 0.000 (0.192)	Prec@5 0.781 (0.746)
Epoch: [0][560/5005]	Time 0.687 (0.704)	Speed 372.888 (363.426)	Loss 6.9137535095 (6.9354)	Prec@1 1.172 (0.209)	Prec@5 2.344 (0.774)
Epoch: [0][570/5005]	Time 0.686 (0.704)	Speed 372.935 (363.589)	Loss 6.9046487808 (6.9349)	Prec@1 0.781 (0.219)	Prec@5 1.562 (0.788)
Epoch: [0][580/5005]	Time 0.686 (0.704)	Speed 373.043 (363.748)	Loss 6.9182157516 (6.9346)	Prec@1 0.000 (0.216)	Prec@5 0.000 (0.775)
Epoch: [0][590/5005]	Time 0.685 (0.703)	Speed 373.565 (363.910)	Loss 6.8682413101 (6.9335)	Prec@1 0.391 (0.218)	Prec@5 0.781 (0.775)
Epoch: [0][600/5005]	Time 0.686 (0.703)	Speed 373.285 (364.062)	Loss 6.8286070824 (6.9317)	Prec@1 0.000 (0.215)	Prec@5 2.734 (0.807)
Epoch: [0][610/5005]	Time 0.688 (0.703)	Speed 372.102 (364.191)	Loss 6.8957772255 (6.9312)	Prec@1 0.391 (0.218)	Prec@5 0.781 (0.807)
Epoch: [0][620/5005]	Time 0.686 (0.703)	Speed 373.113 (364.332)	Loss 6.9126105309 (6.9309)	Prec@1 0.000 (0.214)	Prec@5 0.391 (0.800)
/opt/conda/lib/python3.6/site-packages/PIL/TiffImagePlugin.py:754: UserWarning: Possibly corrupt EXIF data.  Expecting to read 2555904 bytes but only got 0. Skipping tag 0
  " Skipping tag %s" % (size, len(data), tag))
Epoch: [0][630/5005]	Time 0.685 (0.702)	Speed 373.563 (364.475)	Loss 6.8753347397 (6.9300)	Prec@1 0.000 (0.211)	Prec@5 0.391 (0.794)
Epoch: [0][640/5005]	Time 0.688 (0.702)	Speed 372.345 (364.595)	Loss 6.8870568275 (6.9293)	Prec@1 0.391 (0.214)	Prec@5 0.781 (0.793)
Epoch: [0][650/5005]	Time 0.686 (0.702)	Speed 373.009 (364.722)	Loss 6.8582930565 (6.9282)	Prec@1 0.000 (0.210)	Prec@5 0.781 (0.793)
Epoch: [0][660/5005]	Time 0.686 (0.702)	Speed 373.273 (364.849)	Loss 6.9447050095 (6.9285)	Prec@1 0.000 (0.207)	Prec@5 0.781 (0.793)
Epoch: [0][670/5005]	Time 0.686 (0.701)	Speed 373.405 (364.973)	Loss 6.8616623878 (6.9275)	Prec@1 0.391 (0.210)	Prec@5 1.562 (0.805)
Epoch: [0][680/5005]	Time 0.686 (0.701)	Speed 373.266 (365.093)	Loss 6.8963942528 (6.9270)	Prec@1 0.000 (0.207)	Prec@5 0.781 (0.804)
Epoch: [0][690/5005]	Time 0.686 (0.701)	Speed 373.078 (365.206)	Loss 6.9244065285 (6.9270)	Prec@1 0.000 (0.204)	Prec@5 1.562 (0.815)
Epoch: [0][700/5005]	Time 0.685 (0.701)	Speed 373.484 (365.322)	Loss 6.9211034775 (6.9269)	Prec@1 0.000 (0.201)	Prec@5 0.000 (0.804)
Epoch: [0][710/5005]	Time 0.686 (0.701)	Speed 373.004 (365.428)	Loss 6.9350066185 (6.9270)	Prec@1 0.391 (0.204)	Prec@5 1.172 (0.809)
Epoch: [0][720/5005]	Time 0.686 (0.700)	Speed 373.211 (365.533)	Loss 6.8336334229 (6.9257)	Prec@1 0.391 (0.206)	Prec@5 0.781 (0.808)
Epoch: [0][730/5005]	Time 0.685 (0.700)	Speed 373.590 (365.641)	Loss 6.8844804764 (6.9251)	Prec@1 0.000 (0.203)	Prec@5 0.391 (0.803)
Epoch: [0][740/5005]	Time 0.688 (0.700)	Speed 372.063 (365.727)	Loss 6.8560323715 (6.9242)	Prec@1 0.000 (0.201)	Prec@5 0.000 (0.792)
Epoch: [0][750/5005]	Time 0.687 (0.700)	Speed 372.731 (365.818)	Loss 6.9291977882 (6.9243)	Prec@1 0.000 (0.198)	Prec@5 1.172 (0.797)
Epoch: [0][760/5005]	Time 0.686 (0.700)	Speed 373.248 (365.914)	Loss 6.9087162018 (6.9241)	Prec@1 0.000 (0.195)	Prec@5 0.781 (0.797)
Epoch: [0][770/5005]	Time 0.686 (0.699)	Speed 373.117 (366.006)	Loss 6.9118733406 (6.9239)	Prec@1 0.000 (0.193)	Prec@5 0.391 (0.791)
Epoch: [0][780/5005]	Time 0.686 (0.699)	Speed 373.301 (366.098)	Loss 6.9357805252 (6.9241)	Prec@1 0.391 (0.195)	Prec@5 0.391 (0.786)
Epoch: [0][790/5005]	Time 0.685 (0.699)	Speed 373.570 (366.190)	Loss 6.9141731262 (6.9239)	Prec@1 0.000 (0.193)	Prec@5 1.172 (0.791)
Epoch: [0][800/5005]	Time 0.686 (0.699)	Speed 373.406 (366.279)	Loss 6.8687000275 (6.9232)	Prec@1 0.000 (0.190)	Prec@5 1.172 (0.796)
Epoch: [0][810/5005]	Time 0.685 (0.699)	Speed 373.609 (366.368)	Loss 6.8630466461 (6.9225)	Prec@1 0.391 (0.193)	Prec@5 1.562 (0.805)
Epoch: [0][820/5005]	Time 0.686 (0.699)	Speed 373.025 (366.447)	Loss 6.8646202087 (6.9218)	Prec@1 0.000 (0.191)	Prec@5 0.391 (0.800)
Epoch: [0][830/5005]	Time 0.685 (0.698)	Speed 373.538 (366.531)	Loss 6.7432370186 (6.9196)	Prec@1 0.391 (0.193)	Prec@5 2.344 (0.819)
Epoch: [0][840/5005]	Time 0.686 (0.698)	Speed 373.095 (366.608)	Loss 6.8003568649 (6.9182)	Prec@1 0.781 (0.200)	Prec@5 1.562 (0.828)
Epoch: [0][850/5005]	Time 0.701 (0.698)	Speed 365.147 (366.591)	Loss 6.8099255562 (6.9169)	Prec@1 0.000 (0.198)	Prec@5 1.562 (0.836)
Epoch: [0][860/5005]	Time 0.729 (0.699)	Speed 350.998 (366.402)	Loss 6.9075708389 (6.9168)	Prec@1 0.391 (0.200)	Prec@5 0.781 (0.836)
Epoch: [0][870/5005]	Time 0.705 (0.699)	Speed 363.365 (366.366)	Loss 6.8251047134 (6.9158)	Prec@1 0.781 (0.207)	Prec@5 1.953 (0.849)
Epoch: [0][880/5005]	Time 0.745 (0.699)	Speed 343.547 (366.090)	Loss 6.8927574158 (6.9155)	Prec@1 0.391 (0.209)	Prec@5 1.172 (0.852)
Epoch: [0][890/5005]	Time 0.685 (0.699)	Speed 373.863 (366.176)	Loss 6.7410297394 (6.9136)	Prec@1 0.781 (0.215)	Prec@5 2.734 (0.873)
Epoch: [0][900/5005]	Time 0.686 (0.699)	Speed 373.321 (366.253)	Loss 6.8346142769 (6.9127)	Prec@1 0.000 (0.213)	Prec@5 0.781 (0.872)
Epoch: [0][910/5005]	Time 0.685 (0.699)	Speed 373.538 (366.332)	Loss 6.7894129753 (6.9113)	Prec@1 1.562 (0.228)	Prec@5 2.344 (0.889)
Epoch: [0][920/5005]	Time 0.685 (0.699)	Speed 373.619 (366.410)	Loss 6.8224086761 (6.9104)	Prec@1 0.391 (0.229)	Prec@5 1.953 (0.900)
Epoch: [0][930/5005]	Time 0.686 (0.699)	Speed 373.390 (366.483)	Loss 6.8516249657 (6.9097)	Prec@1 0.000 (0.227)	Prec@5 1.172 (0.903)
Epoch: [0][940/5005]	Time 0.685 (0.698)	Speed 373.849 (366.560)	Loss 6.7807278633 (6.9084)	Prec@1 0.781 (0.233)	Prec@5 1.953 (0.914)
Epoch: [0][950/5005]	Time 0.687 (0.698)	Speed 372.841 (366.625)	Loss 6.8594222069 (6.9078)	Prec@1 0.000 (0.230)	Prec@5 0.391 (0.909)
Epoch: [0][960/5005]	Time 0.686 (0.698)	Speed 373.348 (366.694)	Loss 6.8665099144 (6.9074)	Prec@1 0.781 (0.236)	Prec@5 2.344 (0.924)
Epoch: [0][970/5005]	Time 0.685 (0.698)	Speed 373.542 (366.763)	Loss 6.7832837105 (6.9061)	Prec@1 0.000 (0.234)	Prec@5 1.172 (0.926)
Epoch: [0][980/5005]	Time 0.685 (0.698)	Speed 373.799 (366.834)	Loss 6.7432522774 (6.9045)	Prec@1 0.781 (0.239)	Prec@5 2.344 (0.941)
Epoch: [0][990/5005]	Time 0.685 (0.698)	Speed 373.567 (366.900)	Loss 6.7777557373 (6.9032)	Prec@1 0.391 (0.241)	Prec@5 1.953 (0.951)
Epoch: [0][1000/5005]	Time 0.686 (0.698)	Speed 373.358 (366.964)	Loss 6.7512602806 (6.9017)	Prec@1 0.391 (0.242)	Prec@5 1.172 (0.953)
Epoch: [0][1010/5005]	Time 0.688 (0.698)	Speed 372.235 (367.015)	Loss 6.7573471069 (6.9002)	Prec@1 0.391 (0.244)	Prec@5 2.344 (0.967)
Epoch: [0][1020/5005]	Time 0.685 (0.697)	Speed 373.650 (367.079)	Loss 6.9031457901 (6.9003)	Prec@1 0.000 (0.241)	Prec@5 0.391 (0.961)
Epoch: [0][1030/5005]	Time 0.685 (0.697)	Speed 373.462 (367.140)	Loss 6.7541208267 (6.8989)	Prec@1 0.000 (0.239)	Prec@5 2.344 (0.975)
Epoch: [0][1040/5005]	Time 0.685 (0.697)	Speed 373.691 (367.202)	Loss 6.7539720535 (6.8975)	Prec@1 0.781 (0.244)	Prec@5 2.734 (0.992)
Epoch: [0][1050/5005]	Time 0.686 (0.697)	Speed 373.243 (367.259)	Loss 6.7276940346 (6.8958)	Prec@1 0.391 (0.246)	Prec@5 2.344 (1.004)
Epoch: [0][1060/5005]	Time 0.686 (0.697)	Speed 373.367 (367.315)	Loss 6.7381811142 (6.8944)	Prec@1 0.781 (0.251)	Prec@5 1.562 (1.010)
Epoch: [0][1070/5005]	Time 0.686 (0.697)	Speed 373.257 (367.370)	Loss 6.7402811050 (6.8929)	Prec@1 0.391 (0.252)	Prec@5 2.344 (1.022)
Epoch: [0][1080/5005]	Time 0.685 (0.697)	Speed 373.699 (367.428)	Loss 6.8014669418 (6.8921)	Prec@1 0.391 (0.253)	Prec@5 1.562 (1.027)
Epoch: [0][1090/5005]	Time 0.686 (0.697)	Speed 373.253 (367.480)	Loss 6.8426542282 (6.8916)	Prec@1 0.781 (0.258)	Prec@5 1.562 (1.032)
Epoch: [0][1100/5005]	Time 0.686 (0.697)	Speed 373.273 (367.532)	Loss 6.7768497467 (6.8906)	Prec@1 0.000 (0.256)	Prec@5 0.391 (1.026)
Epoch: [0][1110/5005]	Time 0.686 (0.696)	Speed 373.172 (367.582)	Loss 6.7573728561 (6.8894)	Prec@1 0.781 (0.260)	Prec@5 1.953 (1.035)
Epoch: [0][1120/5005]	Time 0.686 (0.696)	Speed 373.275 (367.632)	Loss 6.7458615303 (6.8881)	Prec@1 0.391 (0.262)	Prec@5 2.344 (1.046)
Epoch: [0][1130/5005]	Time 0.686 (0.696)	Speed 373.155 (367.680)	Loss 6.7485804558 (6.8869)	Prec@1 0.781 (0.266)	Prec@5 2.344 (1.058)
Epoch: [0][1140/5005]	Time 0.686 (0.696)	Speed 373.346 (367.729)	Loss 6.7616715431 (6.8858)	Prec@1 0.781 (0.271)	Prec@5 2.344 (1.069)
Epoch: [0][1150/5005]	Time 0.686 (0.696)	Speed 373.235 (367.777)	Loss 6.6402883530 (6.8836)	Prec@1 0.781 (0.275)	Prec@5 2.734 (1.084)
Epoch: [0][1160/5005]	Time 0.686 (0.696)	Speed 373.311 (367.824)	Loss 6.7726764679 (6.8827)	Prec@1 0.000 (0.273)	Prec@5 1.172 (1.084)
Epoch: [0][1170/5005]	Time 0.686 (0.696)	Speed 373.396 (367.870)	Loss 6.6353611946 (6.8806)	Prec@1 0.391 (0.274)	Prec@5 2.734 (1.098)
Epoch: [0][1180/5005]	Time 0.686 (0.696)	Speed 373.232 (367.915)	Loss 6.7947998047 (6.8798)	Prec@1 0.000 (0.271)	Prec@5 0.391 (1.092)
Epoch: [0][1190/5005]	Time 0.685 (0.696)	Speed 373.480 (367.961)	Loss 6.6411237717 (6.8778)	Prec@1 1.172 (0.279)	Prec@5 3.516 (1.113)
Epoch: [0][1200/5005]	Time 0.686 (0.696)	Speed 372.994 (368.003)	Loss 6.6582531929 (6.8760)	Prec@1 1.172 (0.286)	Prec@5 1.953 (1.120)
Epoch: [0][1210/5005]	Time 0.686 (0.696)	Speed 373.083 (368.044)	Loss 6.7154674530 (6.8747)	Prec@1 0.000 (0.284)	Prec@5 1.562 (1.123)
Epoch: [0][1220/5005]	Time 0.686 (0.695)	Speed 373.352 (368.087)	Loss 6.6179752350 (6.8726)	Prec@1 1.172 (0.291)	Prec@5 3.516 (1.143)
Epoch: [0][1230/5005]	Time 0.685 (0.695)	Speed 373.511 (368.131)	Loss 6.6493992805 (6.8707)	Prec@1 1.172 (0.299)	Prec@5 3.516 (1.162)
Epoch: [0][1240/5005]	Time 0.686 (0.695)	Speed 373.048 (368.170)	Loss 6.6586046219 (6.8690)	Prec@1 0.391 (0.299)	Prec@5 1.953 (1.169)
Epoch: [0][1250/5005]	Time 0.685 (0.695)	Speed 373.636 (368.213)	Loss 6.6352396011 (6.8672)	Prec@1 0.391 (0.300)	Prec@5 2.344 (1.178)
Epoch: [0][1260/5005]	Time 0.685 (0.695)	Speed 373.657 (368.255)	Loss 6.6993694305 (6.8658)	Prec@1 1.172 (0.307)	Prec@5 2.734 (1.190)
Epoch: [0][1270/5005]	Time 0.685 (0.695)	Speed 373.504 (368.296)	Loss 6.6987295151 (6.8645)	Prec@1 0.391 (0.308)	Prec@5 1.953 (1.196)
Epoch: [0][1280/5005]	Time 0.686 (0.695)	Speed 372.911 (368.332)	Loss 6.6637048721 (6.8630)	Prec@1 0.781 (0.311)	Prec@5 2.734 (1.208)
Epoch: [0][1290/5005]	Time 0.687 (0.695)	Speed 372.641 (368.365)	Loss 6.7287826538 (6.8619)	Prec@1 0.781 (0.315)	Prec@5 2.344 (1.217)
Epoch: [0][1300/5005]	Time 0.686 (0.695)	Speed 373.282 (368.402)	Loss 6.5734167099 (6.8597)	Prec@1 0.000 (0.312)	Prec@5 1.953 (1.223)
Epoch: [0][1310/5005]	Time 0.686 (0.695)	Speed 372.995 (368.437)	Loss 6.5186700821 (6.8571)	Prec@1 1.953 (0.325)	Prec@5 3.906 (1.243)
Epoch: [0][1320/5005]	Time 0.686 (0.695)	Speed 373.359 (368.473)	Loss 6.6732048988 (6.8557)	Prec@1 0.000 (0.323)	Prec@5 1.953 (1.249)
Epoch: [0][1330/5005]	Time 0.685 (0.695)	Speed 373.525 (368.511)	Loss 6.6047120094 (6.8538)	Prec@1 0.391 (0.323)	Prec@5 2.734 (1.260)
Epoch: [0][1340/5005]	Time 0.685 (0.695)	Speed 373.575 (368.548)	Loss 6.6359386444 (6.8522)	Prec@1 0.000 (0.321)	Prec@5 2.344 (1.268)
Epoch: [0][1350/5005]	Time 0.686 (0.695)	Speed 373.339 (368.583)	Loss 6.5555920601 (6.8500)	Prec@1 1.562 (0.330)	Prec@5 3.906 (1.288)
Epoch: [0][1360/5005]	Time 0.686 (0.694)	Speed 373.283 (368.617)	Loss 6.5825128555 (6.8480)	Prec@1 0.391 (0.330)	Prec@5 4.297 (1.310)
Epoch: [0][1370/5005]	Time 0.686 (0.694)	Speed 372.956 (368.649)	Loss 6.5014314651 (6.8455)	Prec@1 0.391 (0.331)	Prec@5 1.562 (1.312)
Epoch: [0][1380/5005]	Time 0.686 (0.694)	Speed 373.110 (368.681)	Loss 6.5415873528 (6.8433)	Prec@1 1.172 (0.337)	Prec@5 3.125 (1.325)
Epoch: [0][1390/5005]	Time 0.686 (0.694)	Speed 373.247 (368.713)	Loss 6.6326942444 (6.8418)	Prec@1 0.000 (0.334)	Prec@5 3.516 (1.340)
Epoch: [0][1400/5005]	Time 0.686 (0.694)	Speed 373.020 (368.744)	Loss 6.6120986938 (6.8401)	Prec@1 0.391 (0.335)	Prec@5 2.734 (1.350)
Epoch: [0][1410/5005]	Time 0.688 (0.694)	Speed 372.188 (368.768)	Loss 6.5533170700 (6.8381)	Prec@1 1.172 (0.341)	Prec@5 3.125 (1.363)
Epoch: [0][1420/5005]	Time 0.685 (0.694)	Speed 373.840 (368.803)	Loss 6.5361309052 (6.8360)	Prec@1 1.172 (0.347)	Prec@5 3.516 (1.378)
Epoch: [0][1430/5005]	Time 0.685 (0.694)	Speed 373.630 (368.836)	Loss 6.5622777939 (6.8341)	Prec@1 0.391 (0.347)	Prec@5 3.516 (1.393)
Epoch: [0][1440/5005]	Time 0.685 (0.694)	Speed 373.549 (368.869)	Loss 6.4917283058 (6.8317)	Prec@1 1.172 (0.353)	Prec@5 3.516 (1.408)
Epoch: [0][1450/5005]	Time 0.685 (0.694)	Speed 373.625 (368.901)	Loss 6.4915366173 (6.8293)	Prec@1 0.391 (0.353)	Prec@5 2.344 (1.414)
Epoch: [0][1460/5005]	Time 0.685 (0.694)	Speed 373.904 (368.935)	Loss 6.4987707138 (6.8271)	Prec@1 0.781 (0.356)	Prec@5 3.516 (1.429)
Epoch: [0][1470/5005]	Time 0.685 (0.694)	Speed 373.512 (368.966)	Loss 6.5516309738 (6.8252)	Prec@1 1.562 (0.364)	Prec@5 4.297 (1.448)
Epoch: [0][1480/5005]	Time 0.686 (0.694)	Speed 373.434 (368.995)	Loss 6.4524989128 (6.8227)	Prec@1 0.000 (0.362)	Prec@5 2.344 (1.454)
Epoch: [0][1490/5005]	Time 0.685 (0.694)	Speed 373.542 (369.026)	Loss 6.4965710640 (6.8205)	Prec@1 0.781 (0.364)	Prec@5 3.516 (1.468)
Epoch: [0][1500/5005]	Time 0.684 (0.694)	Speed 374.067 (369.059)	Loss 6.4671964645 (6.8181)	Prec@1 0.781 (0.367)	Prec@5 3.125 (1.479)
Epoch: [0][1510/5005]	Time 0.686 (0.694)	Speed 373.343 (369.087)	Loss 6.4488143921 (6.8157)	Prec@1 1.172 (0.373)	Prec@5 7.031 (1.516)
Epoch: [0][1520/5005]	Time 0.686 (0.694)	Speed 373.269 (369.114)	Loss 6.4926877022 (6.8136)	Prec@1 0.781 (0.375)	Prec@5 2.734 (1.524)
Epoch: [0][1530/5005]	Time 0.685 (0.693)	Speed 373.618 (369.143)	Loss 6.4199233055 (6.8110)	Prec@1 0.781 (0.378)	Prec@5 4.688 (1.545)
Epoch: [0][1540/5005]	Time 0.685 (0.693)	Speed 373.762 (369.173)	Loss 6.4321017265 (6.8085)	Prec@1 1.172 (0.383)	Prec@5 5.078 (1.568)
Epoch: [0][1550/5005]	Time 0.685 (0.693)	Speed 373.837 (369.202)	Loss 6.5000114441 (6.8065)	Prec@1 0.391 (0.383)	Prec@5 2.344 (1.573)
Epoch: [0][1560/5005]	Time 0.685 (0.693)	Speed 373.628 (369.230)	Loss 6.5337495804 (6.8048)	Prec@1 0.781 (0.386)	Prec@5 3.906 (1.588)
Epoch: [0][1570/5005]	Time 0.685 (0.693)	Speed 373.773 (369.259)	Loss 6.5242900848 (6.8030)	Prec@1 0.781 (0.388)	Prec@5 3.906 (1.602)
Epoch: [0][1580/5005]	Time 0.685 (0.693)	Speed 373.597 (369.286)	Loss 6.5548477173 (6.8014)	Prec@1 1.562 (0.396)	Prec@5 4.297 (1.619)
Epoch: [0][1590/5005]	Time 0.686 (0.693)	Speed 373.151 (369.310)	Loss 6.4329247475 (6.7991)	Prec@1 1.953 (0.405)	Prec@5 7.422 (1.656)
Epoch: [0][1600/5005]	Time 0.686 (0.693)	Speed 373.183 (369.334)	Loss 6.4262299538 (6.7968)	Prec@1 0.781 (0.408)	Prec@5 4.297 (1.672)
Epoch: [0][1610/5005]	Time 0.685 (0.693)	Speed 373.458 (369.359)	Loss 6.3933138847 (6.7943)	Prec@1 2.344 (0.420)	Prec@5 5.469 (1.696)
Epoch: [0][1620/5005]	Time 0.685 (0.693)	Speed 373.905 (369.387)	Loss 6.3833956718 (6.7917)	Prec@1 1.172 (0.424)	Prec@5 5.469 (1.719)
Epoch: [0][1630/5005]	Time 0.686 (0.693)	Speed 373.106 (369.410)	Loss 6.5558776855 (6.7903)	Prec@1 0.781 (0.427)	Prec@5 4.297 (1.735)
Epoch: [0][1640/5005]	Time 0.689 (0.693)	Speed 371.799 (369.424)	Loss 6.4583377838 (6.7883)	Prec@1 1.562 (0.433)	Prec@5 4.297 (1.751)
Epoch: [0][1650/5005]	Time 0.689 (0.693)	Speed 371.669 (369.438)	Loss 6.3666791916 (6.7857)	Prec@1 1.562 (0.440)	Prec@5 8.203 (1.790)
Epoch: [0][1660/5005]	Time 0.686 (0.693)	Speed 373.103 (369.460)	Loss 6.2628388405 (6.7826)	Prec@1 3.125 (0.457)	Prec@5 7.031 (1.821)
Epoch: [0][1670/5005]	Time 0.685 (0.693)	Speed 373.572 (369.484)	Loss 6.3880920410 (6.7802)	Prec@1 2.344 (0.468)	Prec@5 6.641 (1.850)
Epoch: [0][1680/5005]	Time 0.685 (0.693)	Speed 373.908 (369.510)	Loss 6.2013368607 (6.7768)	Prec@1 1.562 (0.474)	Prec@5 5.469 (1.872)
Epoch: [0][1690/5005]	Time 0.687 (0.693)	Speed 372.764 (369.529)	Loss 6.3951892853 (6.7745)	Prec@1 0.781 (0.476)	Prec@5 3.125 (1.879)
Epoch: [0][1700/5005]	Time 0.686 (0.693)	Speed 373.159 (369.550)	Loss 6.1887636185 (6.7711)	Prec@1 2.344 (0.487)	Prec@5 7.031 (1.909)
Epoch: [0][1710/5005]	Time 0.685 (0.693)	Speed 373.927 (369.576)	Loss 6.3110265732 (6.7684)	Prec@1 2.734 (0.500)	Prec@5 5.469 (1.930)
Epoch: [0][1720/5005]	Time 0.686 (0.693)	Speed 372.932 (369.595)	Loss 6.4655060768 (6.7666)	Prec@1 0.391 (0.500)	Prec@5 3.125 (1.937)
Epoch: [0][1730/5005]	Time 0.685 (0.693)	Speed 373.793 (369.619)	Loss 6.2204980850 (6.7634)	Prec@1 0.781 (0.501)	Prec@5 5.859 (1.960)
Epoch: [0][1740/5005]	Time 0.686 (0.693)	Speed 373.352 (369.640)	Loss 6.4289636612 (6.7615)	Prec@1 1.172 (0.505)	Prec@5 5.469 (1.980)
Epoch: [0][1750/5005]	Time 0.685 (0.693)	Speed 373.731 (369.663)	Loss 6.3206515312 (6.7590)	Prec@1 2.344 (0.516)	Prec@5 7.422 (2.011)
Epoch: [0][1760/5005]	Time 0.685 (0.692)	Speed 373.727 (369.686)	Loss 6.2361102104 (6.7560)	Prec@1 0.391 (0.515)	Prec@5 3.125 (2.017)
Epoch: [0][1770/5005]	Time 0.685 (0.692)	Speed 373.706 (369.709)	Loss 6.3829441071 (6.7539)	Prec@1 2.734 (0.527)	Prec@5 5.859 (2.039)
Epoch: [0][1780/5005]	Time 0.685 (0.692)	Speed 373.636 (369.730)	Loss 6.3454732895 (6.7516)	Prec@1 1.562 (0.533)	Prec@5 5.859 (2.061)
Epoch: [0][1790/5005]	Time 0.685 (0.692)	Speed 373.589 (369.752)	Loss 6.3866257668 (6.7496)	Prec@1 0.781 (0.535)	Prec@5 4.297 (2.073)
Epoch: [0][1800/5005]	Time 0.685 (0.692)	Speed 373.719 (369.774)	Loss 6.4023313522 (6.7477)	Prec@1 1.953 (0.543)	Prec@5 4.297 (2.086)
Epoch: [0][1810/5005]	Time 0.685 (0.692)	Speed 373.651 (369.795)	Loss 6.3861341476 (6.7457)	Prec@1 1.953 (0.550)	Prec@5 7.031 (2.113)
Epoch: [0][1820/5005]	Time 0.685 (0.692)	Speed 373.476 (369.815)	Loss 6.1922469139 (6.7426)	Prec@1 0.781 (0.552)	Prec@5 6.641 (2.138)
Epoch: [0][1830/5005]	Time 0.685 (0.692)	Speed 373.686 (369.836)	Loss 6.2877140045 (6.7401)	Prec@1 1.953 (0.559)	Prec@5 4.297 (2.150)
Epoch: [0][1840/5005]	Time 0.687 (0.692)	Speed 372.870 (369.852)	Loss 6.2631468773 (6.7375)	Prec@1 0.391 (0.558)	Prec@5 5.859 (2.170)
Epoch: [0][1850/5005]	Time 0.688 (0.692)	Speed 372.047 (369.864)	Loss 6.2284889221 (6.7348)	Prec@1 0.781 (0.560)	Prec@5 6.250 (2.192)
Epoch: [0][1860/5005]	Time 0.685 (0.692)	Speed 373.772 (369.885)	Loss 6.1696419716 (6.7318)	Prec@1 1.172 (0.563)	Prec@5 5.859 (2.211)
Epoch: [0][1870/5005]	Time 0.686 (0.692)	Speed 373.312 (369.903)	Loss 6.1836352348 (6.7288)	Prec@1 1.172 (0.566)	Prec@5 6.250 (2.233)
Epoch: [0][1880/5005]	Time 0.686 (0.692)	Speed 373.186 (369.920)	Loss 6.2230315208 (6.7261)	Prec@1 1.172 (0.569)	Prec@5 5.469 (2.250)
Epoch: [0][1890/5005]	Time 0.686 (0.692)	Speed 373.087 (369.937)	Loss 6.3785390854 (6.7243)	Prec@1 0.781 (0.570)	Prec@5 3.125 (2.255)
Epoch: [0][1900/5005]	Time 0.685 (0.692)	Speed 373.593 (369.956)	Loss 6.0814719200 (6.7209)	Prec@1 2.344 (0.580)	Prec@5 7.812 (2.284)
Epoch: [0][1910/5005]	Time 0.685 (0.692)	Speed 373.628 (369.975)	Loss 6.2934975624 (6.7187)	Prec@1 1.172 (0.583)	Prec@5 4.688 (2.297)
Epoch: [0][1920/5005]	Time 0.685 (0.692)	Speed 373.560 (369.993)	Loss 6.1414442062 (6.7157)	Prec@1 2.344 (0.592)	Prec@5 8.594 (2.330)
Epoch: [0][1930/5005]	Time 0.685 (0.692)	Speed 373.744 (370.013)	Loss 6.1759929657 (6.7129)	Prec@1 3.125 (0.605)	Prec@5 7.812 (2.358)
/opt/conda/lib/python3.6/site-packages/PIL/TiffImagePlugin.py:754: UserWarning: Possibly corrupt EXIF data.  Expecting to read 2555904 bytes but only got 0. Skipping tag 0
  " Skipping tag %s" % (size, len(data), tag))
Epoch: [0][1940/5005]	Time 0.685 (0.692)	Speed 373.510 (370.030)	Loss 6.1728949547 (6.7101)	Prec@1 1.172 (0.608)	Prec@5 5.078 (2.372)
Epoch: [0][1950/5005]	Time 0.686 (0.692)	Speed 373.422 (370.048)	Loss 6.2792911530 (6.7079)	Prec@1 2.344 (0.617)	Prec@5 5.469 (2.388)
Epoch: [0][1960/5005]	Time 0.685 (0.692)	Speed 373.658 (370.066)	Loss 6.1967496872 (6.7053)	Prec@1 1.562 (0.622)	Prec@5 3.906 (2.396)
Epoch: [0][1970/5005]	Time 0.685 (0.692)	Speed 373.834 (370.085)	Loss 6.2307038307 (6.7029)	Prec@1 1.172 (0.625)	Prec@5 3.125 (2.399)
Epoch: [0][1980/5005]	Time 0.685 (0.692)	Speed 373.594 (370.102)	Loss 6.2822666168 (6.7007)	Prec@1 3.516 (0.639)	Prec@5 9.766 (2.436)
Epoch: [0][1990/5005]	Time 0.685 (0.692)	Speed 373.884 (370.121)	Loss 6.1350617409 (6.6979)	Prec@1 1.562 (0.644)	Prec@5 6.250 (2.456)
Epoch: [0][2000/5005]	Time 0.685 (0.692)	Speed 373.826 (370.140)	Loss 6.2395277023 (6.6956)	Prec@1 2.344 (0.652)	Prec@5 4.688 (2.467)
Epoch: [0][2010/5005]	Time 0.685 (0.692)	Speed 373.451 (370.156)	Loss 6.2950367928 (6.6936)	Prec@1 2.344 (0.661)	Prec@5 5.859 (2.484)
Epoch: [0][2020/5005]	Time 0.685 (0.692)	Speed 373.606 (370.173)	Loss 6.0782308578 (6.6906)	Prec@1 2.344 (0.669)	Prec@5 7.422 (2.508)
Epoch: [0][2030/5005]	Time 0.686 (0.692)	Speed 373.138 (370.187)	Loss 6.1622748375 (6.6880)	Prec@1 2.734 (0.679)	Prec@5 7.812 (2.534)
Epoch: [0][2040/5005]	Time 0.685 (0.692)	Speed 373.626 (370.204)	Loss 6.2368278503 (6.6858)	Prec@1 0.781 (0.680)	Prec@5 5.078 (2.547)
Epoch: [0][2050/5005]	Time 0.686 (0.691)	Speed 373.352 (370.219)	Loss 6.0937523842 (6.6829)	Prec@1 1.953 (0.686)	Prec@5 7.812 (2.572)
Epoch: [0][2060/5005]	Time 0.686 (0.691)	Speed 372.942 (370.232)	Loss 6.1466078758 (6.6803)	Prec@1 1.172 (0.688)	Prec@5 3.516 (2.577)
Epoch: [0][2070/5005]	Time 0.685 (0.691)	Speed 373.650 (370.249)	Loss 6.0391788483 (6.6772)	Prec@1 1.953 (0.694)	Prec@5 5.859 (2.593)
Epoch: [0][2080/5005]	Time 0.686 (0.691)	Speed 373.430 (370.264)	Loss 5.9608035088 (6.6737)	Prec@1 4.297 (0.712)	Prec@5 8.984 (2.624)
Epoch: [0][2090/5005]	Time 0.685 (0.691)	Speed 373.594 (370.280)	Loss 6.0125927925 (6.6706)	Prec@1 1.562 (0.716)	Prec@5 7.031 (2.645)
Epoch: [0][2100/5005]	Time 0.685 (0.691)	Speed 373.825 (370.296)	Loss 6.1470093727 (6.6681)	Prec@1 1.172 (0.718)	Prec@5 6.250 (2.662)
Epoch: [0][2110/5005]	Time 0.685 (0.691)	Speed 373.901 (370.313)	Loss 6.0142788887 (6.6650)	Prec@1 1.172 (0.720)	Prec@5 7.812 (2.686)
Epoch: [0][2120/5005]	Time 0.685 (0.691)	Speed 373.966 (370.330)	Loss 5.9675588608 (6.6617)	Prec@1 3.906 (0.735)	Prec@5 8.984 (2.716)
Epoch: [0][2130/5005]	Time 0.685 (0.691)	Speed 373.653 (370.346)	Loss 6.0312123299 (6.6587)	Prec@1 1.172 (0.737)	Prec@5 6.641 (2.734)
Epoch: [0][2140/5005]	Time 0.685 (0.691)	Speed 373.652 (370.361)	Loss 5.8915562630 (6.6551)	Prec@1 1.562 (0.741)	Prec@5 8.203 (2.760)
Epoch: [0][2150/5005]	Time 0.685 (0.691)	Speed 373.839 (370.377)	Loss 6.1245083809 (6.6527)	Prec@1 2.734 (0.750)	Prec@5 6.641 (2.778)
Epoch: [0][2160/5005]	Time 0.685 (0.691)	Speed 373.549 (370.392)	Loss 6.1294569969 (6.6502)	Prec@1 0.781 (0.751)	Prec@5 7.422 (2.799)
Epoch: [0][2170/5005]	Time 0.685 (0.691)	Speed 373.618 (370.406)	Loss 6.0740952492 (6.6476)	Prec@1 2.734 (0.760)	Prec@5 8.984 (2.828)
Epoch: [0][2180/5005]	Time 0.685 (0.691)	Speed 373.769 (370.422)	Loss 5.9954953194 (6.6446)	Prec@1 3.516 (0.772)	Prec@5 10.156 (2.862)
Epoch: [0][2190/5005]	Time 0.684 (0.691)	Speed 374.038 (370.438)	Loss 6.0664410591 (6.6420)	Prec@1 3.125 (0.783)	Prec@5 8.594 (2.888)
Epoch: [0][2200/5005]	Time 0.685 (0.691)	Speed 373.850 (370.453)	Loss 6.0358281136 (6.6392)	Prec@1 2.344 (0.790)	Prec@5 7.031 (2.907)
Epoch: [0][2210/5005]	Time 0.684 (0.691)	Speed 374.057 (370.470)	Loss 6.0436997414 (6.6365)	Prec@1 2.734 (0.799)	Prec@5 6.250 (2.922)
Epoch: [0][2220/5005]	Time 0.685 (0.691)	Speed 373.989 (370.485)	Loss 5.8562059402 (6.6330)	Prec@1 2.734 (0.808)	Prec@5 12.109 (2.963)
Epoch: [0][2230/5005]	Time 0.686 (0.691)	Speed 373.292 (370.498)	Loss 5.9512948990 (6.6299)	Prec@1 3.516 (0.820)	Prec@5 12.109 (3.004)
Epoch: [0][2240/5005]	Time 0.685 (0.691)	Speed 373.891 (370.513)	Loss 6.1131086349 (6.6276)	Prec@1 1.562 (0.823)	Prec@5 7.031 (3.022)
Epoch: [0][2250/5005]	Time 0.685 (0.691)	Speed 373.820 (370.527)	Loss 6.0123863220 (6.6249)	Prec@1 3.125 (0.833)	Prec@5 11.719 (3.061)
Epoch: [0][2260/5005]	Time 0.685 (0.691)	Speed 373.919 (370.542)	Loss 6.2209563255 (6.6231)	Prec@1 2.734 (0.842)	Prec@5 7.422 (3.080)
Epoch: [0][2270/5005]	Time 0.685 (0.691)	Speed 373.806 (370.557)	Loss 6.0812878609 (6.6207)	Prec@1 3.906 (0.855)	Prec@5 8.203 (3.103)
Epoch: [0][2280/5005]	Time 0.685 (0.691)	Speed 373.858 (370.571)	Loss 6.2123770714 (6.6189)	Prec@1 1.953 (0.860)	Prec@5 5.469 (3.113)
Epoch: [0][2290/5005]	Time 0.685 (0.691)	Speed 373.638 (370.584)	Loss 6.0997500420 (6.6167)	Prec@1 1.953 (0.865)	Prec@5 9.375 (3.140)
Epoch: [0][2300/5005]	Time 0.685 (0.691)	Speed 373.915 (370.599)	Loss 5.9536881447 (6.6138)	Prec@1 3.906 (0.878)	Prec@5 8.203 (3.162)
Epoch: [0][2310/5005]	Time 0.686 (0.691)	Speed 373.449 (370.611)	Loss 6.0231890678 (6.6112)	Prec@1 2.344 (0.884)	Prec@5 6.250 (3.176)
Epoch: [0][2320/5005]	Time 0.685 (0.691)	Speed 373.776 (370.624)	Loss 5.9173221588 (6.6082)	Prec@1 1.953 (0.889)	Prec@5 10.547 (3.208)
Epoch: [0][2330/5005]	Time 0.685 (0.691)	Speed 373.940 (370.638)	Loss 5.8699674606 (6.6051)	Prec@1 2.344 (0.895)	Prec@5 8.984 (3.232)
Epoch: [0][2340/5005]	Time 0.686 (0.691)	Speed 373.371 (370.650)	Loss 5.8456554413 (6.6018)	Prec@1 2.344 (0.901)	Prec@5 10.547 (3.264)
Epoch: [0][2350/5005]	Time 0.684 (0.691)	Speed 374.502 (370.666)	Loss 5.8635530472 (6.5987)	Prec@1 3.516 (0.913)	Prec@5 11.719 (3.300)
Epoch: [0][2360/5005]	Time 0.685 (0.691)	Speed 373.631 (370.679)	Loss 5.8424792290 (6.5955)	Prec@1 1.953 (0.917)	Prec@5 8.203 (3.320)
Epoch: [0][2370/5005]	Time 0.684 (0.691)	Speed 374.075 (370.693)	Loss 5.9960098267 (6.5929)	Prec@1 3.125 (0.926)	Prec@5 7.422 (3.338)
Epoch: [0][2380/5005]	Time 0.686 (0.691)	Speed 373.400 (370.704)	Loss 5.8847975731 (6.5900)	Prec@1 5.078 (0.944)	Prec@5 12.109 (3.374)
Epoch: [0][2390/5005]	Time 0.685 (0.691)	Speed 373.922 (370.718)	Loss 6.0801644325 (6.5878)	Prec@1 2.344 (0.950)	Prec@5 7.812 (3.393)
Epoch: [0][2400/5005]	Time 0.685 (0.691)	Speed 373.793 (370.730)	Loss 5.9505066872 (6.5852)	Prec@1 2.344 (0.955)	Prec@5 11.328 (3.426)
Epoch: [0][2410/5005]	Time 0.685 (0.691)	Speed 373.841 (370.743)	Loss 5.7653856277 (6.5818)	Prec@1 2.344 (0.961)	Prec@5 8.984 (3.449)
Epoch: [0][2420/5005]	Time 0.685 (0.690)	Speed 373.639 (370.755)	Loss 6.0258464813 (6.5795)	Prec@1 1.562 (0.964)	Prec@5 10.156 (3.477)
Epoch: [0][2430/5005]	Time 0.685 (0.690)	Speed 373.815 (370.767)	Loss 5.8930220604 (6.5767)	Prec@1 4.688 (0.979)	Prec@5 9.766 (3.503)
Epoch: [0][2440/5005]	Time 0.685 (0.690)	Speed 373.866 (370.780)	Loss 5.8911247253 (6.5738)	Prec@1 2.734 (0.986)	Prec@5 7.812 (3.520)
Epoch: [0][2450/5005]	Time 0.685 (0.690)	Speed 373.551 (370.791)	Loss 5.7950711250 (6.5707)	Prec@1 3.125 (0.995)	Prec@5 10.938 (3.551)
Epoch: [0][2460/5005]	Time 0.685 (0.690)	Speed 373.905 (370.804)	Loss 6.0017514229 (6.5684)	Prec@1 3.516 (1.005)	Prec@5 9.375 (3.574)
Epoch: [0][2470/5005]	Time 0.685 (0.690)	Speed 373.863 (370.816)	Loss 5.7802667618 (6.5652)	Prec@1 5.469 (1.023)	Prec@5 10.156 (3.601)
Epoch: [0][2480/5005]	Time 0.685 (0.690)	Speed 373.747 (370.828)	Loss 5.9415655136 (6.5626)	Prec@1 1.953 (1.027)	Prec@5 9.375 (3.624)
Epoch: [0][2490/5005]	Time 0.686 (0.690)	Speed 373.180 (370.837)	Loss 5.8786740303 (6.5599)	Prec@1 4.297 (1.040)	Prec@5 10.938 (3.654)
Epoch: [0][2500/5005]	Time 0.687 (0.690)	Speed 372.479 (370.844)	Loss 5.7272057533 (6.5566)	Prec@1 3.125 (1.048)	Prec@5 13.281 (3.692)
Epoch: [0][2510/5005]	Time 0.685 (0.690)	Speed 373.779 (370.855)	Loss 5.8967361450 (6.5539)	Prec@1 3.125 (1.057)	Prec@5 10.156 (3.718)
Epoch: [0][2520/5005]	Time 0.685 (0.690)	Speed 373.902 (370.867)	Loss 5.9909486771 (6.5517)	Prec@1 2.734 (1.063)	Prec@5 9.375 (3.740)
Epoch: [0][2530/5005]	Time 0.685 (0.690)	Speed 373.657 (370.878)	Loss 6.0688476562 (6.5498)	Prec@1 3.906 (1.075)	Prec@5 9.766 (3.764)
Epoch: [0][2540/5005]	Time 0.684 (0.690)	Speed 374.043 (370.891)	Loss 5.8062500954 (6.5469)	Prec@1 3.516 (1.084)	Prec@5 14.062 (3.805)
Epoch: [0][2550/5005]	Time 0.685 (0.690)	Speed 373.633 (370.901)	Loss 5.8755559921 (6.5442)	Prec@1 3.516 (1.094)	Prec@5 8.594 (3.824)
Epoch: [0][2560/5005]	Time 0.684 (0.690)	Speed 374.060 (370.914)	Loss 5.7588748932 (6.5412)	Prec@1 3.906 (1.105)	Prec@5 13.281 (3.860)
Epoch: [0][2570/5005]	Time 0.685 (0.690)	Speed 373.622 (370.924)	Loss 5.6911063194 (6.5379)	Prec@1 5.469 (1.122)	Prec@5 10.938 (3.888)
Epoch: [0][2580/5005]	Time 0.687 (0.690)	Speed 372.449 (370.930)	Loss 5.8833956718 (6.5353)	Prec@1 2.734 (1.128)	Prec@5 9.375 (3.909)
Epoch: [0][2590/5005]	Time 0.686 (0.690)	Speed 373.043 (370.938)	Loss 5.7295813560 (6.5322)	Prec@1 3.906 (1.139)	Prec@5 12.891 (3.944)
Epoch: [0][2600/5005]	Time 0.685 (0.690)	Speed 373.548 (370.948)	Loss 5.8011775017 (6.5294)	Prec@1 2.344 (1.143)	Prec@5 9.375 (3.965)
Epoch: [0][2610/5005]	Time 0.685 (0.690)	Speed 373.660 (370.958)	Loss 5.8416399956 (6.5268)	Prec@1 2.344 (1.148)	Prec@5 11.719 (3.995)
Epoch: [0][2620/5005]	Time 0.685 (0.690)	Speed 373.504 (370.968)	Loss 5.8779740334 (6.5243)	Prec@1 3.516 (1.157)	Prec@5 9.766 (4.017)
Epoch: [0][2630/5005]	Time 0.688 (0.690)	Speed 371.956 (370.972)	Loss 5.8973631859 (6.5219)	Prec@1 1.953 (1.160)	Prec@5 9.375 (4.037)
Epoch: [0][2640/5005]	Time 0.687 (0.690)	Speed 372.426 (370.977)	Loss 5.7282190323 (6.5189)	Prec@1 3.516 (1.169)	Prec@5 12.891 (4.070)
Epoch: [0][2650/5005]	Time 0.685 (0.690)	Speed 373.637 (370.987)	Loss 5.7223458290 (6.5159)	Prec@1 3.906 (1.179)	Prec@5 10.938 (4.096)
Epoch: [0][2660/5005]	Time 0.687 (0.690)	Speed 372.794 (370.994)	Loss 5.9189233780 (6.5137)	Prec@1 1.562 (1.181)	Prec@5 9.375 (4.116)
Epoch: [0][2670/5005]	Time 0.686 (0.690)	Speed 373.178 (371.002)	Loss 5.7253494263 (6.5107)	Prec@1 4.688 (1.194)	Prec@5 12.891 (4.149)
Epoch: [0][2680/5005]	Time 0.685 (0.690)	Speed 373.574 (371.012)	Loss 5.7557992935 (6.5079)	Prec@1 4.297 (1.205)	Prec@5 14.453 (4.188)
Epoch: [0][2690/5005]	Time 0.686 (0.690)	Speed 373.060 (371.019)	Loss 5.9539003372 (6.5058)	Prec@1 4.297 (1.217)	Prec@5 12.500 (4.218)
Epoch: [0][2700/5005]	Time 0.688 (0.690)	Speed 372.346 (371.024)	Loss 5.7805581093 (6.5031)	Prec@1 3.516 (1.225)	Prec@5 11.328 (4.245)
Epoch: [0][2710/5005]	Time 0.687 (0.690)	Speed 372.410 (371.029)	Loss 5.8621511459 (6.5008)	Prec@1 1.953 (1.228)	Prec@5 8.594 (4.261)
Epoch: [0][2720/5005]	Time 0.685 (0.690)	Speed 373.823 (371.039)	Loss 5.8125853539 (6.4982)	Prec@1 3.906 (1.238)	Prec@5 10.156 (4.283)
Epoch: [0][2730/5005]	Time 0.686 (0.690)	Speed 373.384 (371.048)	Loss 5.9255032539 (6.4961)	Prec@1 3.125 (1.245)	Prec@5 11.328 (4.308)
Epoch: [0][2740/5005]	Time 0.685 (0.690)	Speed 373.589 (371.057)	Loss 5.8664436340 (6.4938)	Prec@1 3.906 (1.255)	Prec@5 10.938 (4.333)
Epoch: [0][2750/5005]	Time 0.687 (0.690)	Speed 372.566 (371.063)	Loss 5.8081398010 (6.4914)	Prec@1 2.734 (1.260)	Prec@5 9.766 (4.352)
Epoch: [0][2760/5005]	Time 0.686 (0.690)	Speed 373.445 (371.071)	Loss 5.6989469528 (6.4885)	Prec@1 2.734 (1.265)	Prec@5 13.281 (4.385)
Epoch: [0][2770/5005]	Time 0.685 (0.690)	Speed 373.619 (371.080)	Loss 5.6489477158 (6.4854)	Prec@1 4.297 (1.276)	Prec@5 10.156 (4.405)
Epoch: [0][2780/5005]	Time 0.685 (0.690)	Speed 373.993 (371.091)	Loss 5.7612962723 (6.4828)	Prec@1 4.297 (1.287)	Prec@5 11.719 (4.432)
Epoch: [0][2790/5005]	Time 0.684 (0.690)	Speed 374.041 (371.101)	Loss 5.6796116829 (6.4800)	Prec@1 3.906 (1.296)	Prec@5 12.891 (4.462)
Epoch: [0][2800/5005]	Time 0.685 (0.690)	Speed 373.830 (371.111)	Loss 5.8254799843 (6.4776)	Prec@1 2.344 (1.300)	Prec@5 10.938 (4.485)
Epoch: [0][2810/5005]	Time 0.684 (0.690)	Speed 374.018 (371.121)	Loss 5.7766933441 (6.4751)	Prec@1 5.859 (1.316)	Prec@5 16.016 (4.526)
Epoch: [0][2820/5005]	Time 0.684 (0.690)	Speed 374.176 (371.132)	Loss 5.5454115868 (6.4718)	Prec@1 6.250 (1.334)	Prec@5 18.750 (4.577)
Epoch: [0][2830/5005]	Time 0.684 (0.690)	Speed 374.263 (371.143)	Loss 5.6262378693 (6.4688)	Prec@1 2.734 (1.339)	Prec@5 10.547 (4.598)
Epoch: [0][2840/5005]	Time 0.684 (0.690)	Speed 374.151 (371.153)	Loss 5.7702093124 (6.4664)	Prec@1 2.734 (1.344)	Prec@5 8.984 (4.613)
/opt/conda/lib/python3.6/site-packages/PIL/TiffImagePlugin.py:754: UserWarning: Possibly corrupt EXIF data.  Expecting to read 19660800 bytes but only got 0. Skipping tag 0
  " Skipping tag %s" % (size, len(data), tag))
/opt/conda/lib/python3.6/site-packages/PIL/TiffImagePlugin.py:754: UserWarning: Possibly corrupt EXIF data.  Expecting to read 18481152 bytes but only got 0. Skipping tag 0
  " Skipping tag %s" % (size, len(data), tag))
/opt/conda/lib/python3.6/site-packages/PIL/TiffImagePlugin.py:754: UserWarning: Possibly corrupt EXIF data.  Expecting to read 37093376 bytes but only got 0. Skipping tag 0
  " Skipping tag %s" % (size, len(data), tag))
/opt/conda/lib/python3.6/site-packages/PIL/TiffImagePlugin.py:754: UserWarning: Possibly corrupt EXIF data.  Expecting to read 39976960 bytes but only got 0. Skipping tag 0
  " Skipping tag %s" % (size, len(data), tag))
/opt/conda/lib/python3.6/site-packages/PIL/TiffImagePlugin.py:754: UserWarning: Possibly corrupt EXIF data.  Expecting to read 34865152 bytes but only got 0. Skipping tag 0
  " Skipping tag %s" % (size, len(data), tag))
/opt/conda/lib/python3.6/site-packages/PIL/TiffImagePlugin.py:771: UserWarning: Corrupt EXIF data.  Expecting to read 12 bytes but only got 10.
  warnings.warn(str(msg))
Epoch: [0][2850/5005]	Time 0.683 (0.690)	Speed 374.555 (371.165)	Loss 5.7061295509 (6.4637)	Prec@1 5.859 (1.360)	Prec@5 11.328 (4.637)
Epoch: [0][2860/5005]	Time 0.684 (0.690)	Speed 374.052 (371.175)	Loss 5.5973691940 (6.4607)	Prec@1 3.906 (1.369)	Prec@5 17.969 (4.683)
Epoch: [0][2870/5005]	Time 0.684 (0.690)	Speed 374.542 (371.187)	Loss 5.9502768517 (6.4589)	Prec@1 3.125 (1.375)	Prec@5 9.375 (4.700)
Epoch: [0][2880/5005]	Time 0.686 (0.690)	Speed 373.293 (371.194)	Loss 5.7432641983 (6.4564)	Prec@1 4.297 (1.385)	Prec@5 12.109 (4.725)
Epoch: [0][2890/5005]	Time 0.684 (0.690)	Speed 374.188 (371.204)	Loss 5.6408810616 (6.4536)	Prec@1 5.078 (1.398)	Prec@5 14.453 (4.759)
Epoch: [0][2900/5005]	Time 0.684 (0.690)	Speed 374.107 (371.214)	Loss 5.5577640533 (6.4505)	Prec@1 4.297 (1.408)	Prec@5 15.625 (4.797)
Epoch: [0][2910/5005]	Time 0.684 (0.690)	Speed 374.217 (371.224)	Loss 5.7149109840 (6.4480)	Prec@1 1.953 (1.409)	Prec@5 8.984 (4.811)
Epoch: [0][2920/5005]	Time 0.684 (0.690)	Speed 374.336 (371.235)	Loss 5.6052727699 (6.4451)	Prec@1 5.078 (1.422)	Prec@5 14.453 (4.844)
Epoch: [0][2930/5005]	Time 0.684 (0.690)	Speed 374.040 (371.245)	Loss 5.6905860901 (6.4425)	Prec@1 3.516 (1.429)	Prec@5 14.062 (4.875)
Epoch: [0][2940/5005]	Time 0.684 (0.690)	Speed 374.524 (371.256)	Loss 5.6992888451 (6.4400)	Prec@1 5.078 (1.442)	Prec@5 13.672 (4.905)
Epoch: [0][2950/5005]	Time 0.684 (0.690)	Speed 374.390 (371.266)	Loss 5.6223835945 (6.4372)	Prec@1 3.906 (1.450)	Prec@5 13.672 (4.935)
Epoch: [0][2960/5005]	Time 0.685 (0.690)	Speed 373.921 (371.275)	Loss 5.5617852211 (6.4343)	Prec@1 5.469 (1.464)	Prec@5 17.969 (4.979)
Epoch: [0][2970/5005]	Time 0.684 (0.689)	Speed 374.206 (371.285)	Loss 5.6664614677 (6.4317)	Prec@1 3.516 (1.470)	Prec@5 13.672 (5.008)
Epoch: [0][2980/5005]	Time 0.684 (0.689)	Speed 374.113 (371.294)	Loss 5.5480685234 (6.4287)	Prec@1 3.516 (1.477)	Prec@5 14.062 (5.039)
Epoch: [0][2990/5005]	Time 0.684 (0.689)	Speed 374.226 (371.304)	Loss 5.6823515892 (6.4262)	Prec@1 7.031 (1.496)	Prec@5 13.281 (5.066)
Epoch: [0][3000/5005]	Time 0.685 (0.689)	Speed 373.782 (371.312)	Loss 5.6069841385 (6.4235)	Prec@1 5.469 (1.509)	Prec@5 13.672 (5.095)
Epoch: [0][3010/5005]	Time 0.686 (0.689)	Speed 373.090 (371.318)	Loss 5.5497846603 (6.4206)	Prec@1 5.078 (1.521)	Prec@5 16.016 (5.131)
Epoch: [0][3020/5005]	Time 0.683 (0.689)	Speed 374.986 (371.330)	Loss 5.7259502411 (6.4183)	Prec@1 2.344 (1.524)	Prec@5 8.203 (5.142)
Epoch: [0][3030/5005]	Time 0.684 (0.689)	Speed 374.360 (371.340)	Loss 5.5478620529 (6.4154)	Prec@1 4.297 (1.533)	Prec@5 18.359 (5.185)
Epoch: [0][3040/5005]	Time 0.684 (0.689)	Speed 374.333 (371.350)	Loss 5.5870971680 (6.4127)	Prec@1 3.906 (1.541)	Prec@5 17.578 (5.226)
Epoch: [0][3050/5005]	Time 0.684 (0.689)	Speed 374.459 (371.360)	Loss 5.6766166687 (6.4103)	Prec@1 4.688 (1.551)	Prec@5 13.672 (5.254)
Epoch: [0][3060/5005]	Time 0.684 (0.689)	Speed 374.034 (371.369)	Loss 5.6207742691 (6.4077)	Prec@1 3.906 (1.559)	Prec@5 11.719 (5.275)
Epoch: [0][3070/5005]	Time 0.684 (0.689)	Speed 374.472 (371.379)	Loss 5.7634434700 (6.4056)	Prec@1 2.344 (1.561)	Prec@5 11.719 (5.296)
Epoch: [0][3080/5005]	Time 0.683 (0.689)	Speed 374.800 (371.390)	Loss 5.6702013016 (6.4032)	Prec@1 3.516 (1.568)	Prec@5 15.625 (5.329)
Epoch: [0][3090/5005]	Time 0.684 (0.689)	Speed 374.139 (371.398)	Loss 5.5756945610 (6.4005)	Prec@1 3.906 (1.575)	Prec@5 14.062 (5.358)
Epoch: [0][3100/5005]	Time 0.684 (0.689)	Speed 374.441 (371.408)	Loss 5.5792317390 (6.3979)	Prec@1 1.953 (1.576)	Prec@5 11.328 (5.377)
Epoch: [0][3110/5005]	Time 0.684 (0.689)	Speed 374.520 (371.418)	Loss 5.5524597168 (6.3952)	Prec@1 4.297 (1.585)	Prec@5 13.672 (5.403)
Epoch: [0][3120/5005]	Time 0.683 (0.689)	Speed 374.591 (371.428)	Loss 5.4936575890 (6.3923)	Prec@1 5.469 (1.598)	Prec@5 14.062 (5.431)
Epoch: [0][3130/5005]	Time 0.684 (0.689)	Speed 374.106 (371.437)	Loss 5.4646415710 (6.3893)	Prec@1 5.469 (1.610)	Prec@5 18.750 (5.474)
Epoch: [0][3140/5005]	Time 0.683 (0.689)	Speed 374.551 (371.447)	Loss 5.5155191422 (6.3865)	Prec@1 5.469 (1.622)	Prec@5 13.672 (5.500)
Epoch: [0][3150/5005]	Time 0.684 (0.689)	Speed 374.310 (371.456)	Loss 5.6297235489 (6.3841)	Prec@1 3.125 (1.627)	Prec@5 14.844 (5.530)
Epoch: [0][3160/5005]	Time 0.684 (0.689)	Speed 374.137 (371.464)	Loss 5.5380187035 (6.3815)	Prec@1 5.469 (1.639)	Prec@5 14.062 (5.557)
Epoch: [0][3170/5005]	Time 0.684 (0.689)	Speed 374.421 (371.473)	Loss 5.6751370430 (6.3792)	Prec@1 3.906 (1.646)	Prec@5 10.547 (5.572)
Epoch: [0][3180/5005]	Time 0.684 (0.689)	Speed 374.349 (371.482)	Loss 5.5952448845 (6.3768)	Prec@1 4.297 (1.655)	Prec@5 13.672 (5.598)
Epoch: [0][3190/5005]	Time 0.684 (0.689)	Speed 374.246 (371.491)	Loss 5.5222678185 (6.3741)	Prec@1 7.812 (1.674)	Prec@5 16.406 (5.632)
Epoch: [0][3200/5005]	Time 0.684 (0.689)	Speed 374.276 (371.499)	Loss 5.6053342819 (6.3717)	Prec@1 4.297 (1.682)	Prec@5 13.672 (5.657)
Epoch: [0][3210/5005]	Time 0.684 (0.689)	Speed 374.456 (371.509)	Loss 5.6881518364 (6.3695)	Prec@1 5.859 (1.695)	Prec@5 15.625 (5.688)
Epoch: [0][3220/5005]	Time 0.684 (0.689)	Speed 374.308 (371.517)	Loss 5.5438818932 (6.3670)	Prec@1 4.688 (1.704)	Prec@5 14.453 (5.715)
Epoch: [0][3230/5005]	Time 0.684 (0.689)	Speed 374.320 (371.526)	Loss 5.4111599922 (6.3640)	Prec@1 5.078 (1.715)	Prec@5 13.281 (5.738)
Epoch: [0][3240/5005]	Time 0.684 (0.689)	Speed 374.481 (371.535)	Loss 5.6922149658 (6.3620)	Prec@1 7.031 (1.731)	Prec@5 12.500 (5.759)
Epoch: [0][3250/5005]	Time 0.684 (0.689)	Speed 374.264 (371.543)	Loss 5.5740017891 (6.3595)	Prec@1 4.297 (1.739)	Prec@5 13.281 (5.782)
Epoch: [0][3260/5005]	Time 0.684 (0.689)	Speed 374.103 (371.551)	Loss 5.5131974220 (6.3569)	Prec@1 5.469 (1.751)	Prec@5 16.797 (5.816)
Epoch: [0][3270/5005]	Time 0.683 (0.689)	Speed 374.657 (371.560)	Loss 5.5005202293 (6.3543)	Prec@1 5.078 (1.761)	Prec@5 16.797 (5.850)
Epoch: [0][3280/5005]	Time 0.684 (0.689)	Speed 374.456 (371.569)	Loss 5.5227823257 (6.3518)	Prec@1 6.641 (1.776)	Prec@5 17.969 (5.887)
Epoch: [0][3290/5005]	Time 0.684 (0.689)	Speed 374.523 (371.578)	Loss 5.4952116013 (6.3492)	Prec@1 6.250 (1.789)	Prec@5 16.406 (5.919)
Epoch: [0][3300/5005]	Time 0.685 (0.689)	Speed 373.767 (371.585)	Loss 5.4898691177 (6.3466)	Prec@1 4.688 (1.798)	Prec@5 14.844 (5.946)
Epoch: [0][3310/5005]	Time 0.687 (0.689)	Speed 372.788 (371.588)	Loss 5.4472708702 (6.3439)	Prec@1 7.031 (1.814)	Prec@5 18.359 (5.983)
Epoch: [0][3320/5005]	Time 0.684 (0.689)	Speed 374.038 (371.596)	Loss 5.5678896904 (6.3415)	Prec@1 5.469 (1.825)	Prec@5 17.578 (6.018)
Epoch: [0][3330/5005]	Time 0.684 (0.689)	Speed 374.054 (371.603)	Loss 5.4000148773 (6.3387)	Prec@1 5.078 (1.835)	Prec@5 16.406 (6.049)
Epoch: [0][3340/5005]	Time 0.684 (0.689)	Speed 374.474 (371.611)	Loss 5.5419135094 (6.3363)	Prec@1 4.688 (1.843)	Prec@5 12.891 (6.070)
Epoch: [0][3350/5005]	Time 0.684 (0.689)	Speed 374.441 (371.620)	Loss 5.4507288933 (6.3337)	Prec@1 6.641 (1.858)	Prec@5 19.141 (6.109)
Epoch: [0][3360/5005]	Time 0.685 (0.689)	Speed 373.783 (371.626)	Loss 5.4903554916 (6.3311)	Prec@1 5.469 (1.868)	Prec@5 14.062 (6.133)
Epoch: [0][3370/5005]	Time 0.684 (0.689)	Speed 374.254 (371.634)	Loss 5.3743267059 (6.3283)	Prec@1 7.422 (1.885)	Prec@5 14.453 (6.157)
Epoch: [0][3380/5005]	Time 0.685 (0.689)	Speed 373.982 (371.641)	Loss 5.4365253448 (6.3257)	Prec@1 6.250 (1.898)	Prec@5 14.453 (6.182)
Epoch: [0][3390/5005]	Time 0.684 (0.689)	Speed 373.997 (371.648)	Loss 5.3718004227 (6.3229)	Prec@1 5.078 (1.907)	Prec@5 16.797 (6.213)
Epoch: [0][3400/5005]	Time 0.684 (0.689)	Speed 374.114 (371.655)	Loss 5.4674859047 (6.3203)	Prec@1 5.078 (1.916)	Prec@5 14.062 (6.236)
Epoch: [0][3410/5005]	Time 0.685 (0.689)	Speed 373.770 (371.661)	Loss 5.5354356766 (6.3180)	Prec@1 5.469 (1.927)	Prec@5 15.234 (6.263)
Epoch: [0][3420/5005]	Time 0.684 (0.689)	Speed 374.105 (371.668)	Loss 5.3745994568 (6.3153)	Prec@1 7.422 (1.943)	Prec@5 16.797 (6.293)
Epoch: [0][3430/5005]	Time 0.685 (0.689)	Speed 373.934 (371.675)	Loss 5.5511574745 (6.3131)	Prec@1 5.859 (1.954)	Prec@5 14.844 (6.318)
Epoch: [0][3440/5005]	Time 0.684 (0.689)	Speed 374.349 (371.683)	Loss 5.4840021133 (6.3106)	Prec@1 6.641 (1.968)	Prec@5 15.625 (6.345)
Epoch: [0][3450/5005]	Time 0.687 (0.689)	Speed 372.747 (371.686)	Loss 5.2732939720 (6.3076)	Prec@1 7.031 (1.983)	Prec@5 20.703 (6.387)
Epoch: [0][3460/5005]	Time 0.684 (0.689)	Speed 374.117 (371.693)	Loss 5.4310097694 (6.3051)	Prec@1 7.812 (1.999)	Prec@5 17.188 (6.418)
Epoch: [0][3470/5005]	Time 0.685 (0.689)	Speed 373.742 (371.699)	Loss 5.3881430626 (6.3025)	Prec@1 4.688 (2.007)	Prec@5 16.406 (6.447)
Epoch: [0][3480/5005]	Time 0.685 (0.689)	Speed 373.755 (371.704)	Loss 5.5667605400 (6.3003)	Prec@1 5.469 (2.017)	Prec@5 15.625 (6.473)
Epoch: [0][3490/5005]	Time 0.686 (0.689)	Speed 373.150 (371.709)	Loss 5.7695856094 (6.2988)	Prec@1 4.688 (2.025)	Prec@5 11.328 (6.487)
Epoch: [0][3500/5005]	Time 0.686 (0.689)	Speed 373.289 (371.713)	Loss 5.4094276428 (6.2963)	Prec@1 5.469 (2.035)	Prec@5 16.406 (6.516)
Epoch: [0][3510/5005]	Time 0.686 (0.689)	Speed 373.376 (371.718)	Loss 5.3790225983 (6.2937)	Prec@1 7.422 (2.050)	Prec@5 16.016 (6.543)
Epoch: [0][3520/5005]	Time 0.685 (0.689)	Speed 373.590 (371.723)	Loss 5.5332326889 (6.2915)	Prec@1 5.078 (2.059)	Prec@5 14.844 (6.566)
Epoch: [0][3530/5005]	Time 0.686 (0.689)	Speed 373.427 (371.728)	Loss 5.3345069885 (6.2888)	Prec@1 5.469 (2.068)	Prec@5 17.969 (6.599)
Epoch: [0][3540/5005]	Time 0.686 (0.689)	Speed 373.411 (371.733)	Loss 5.5055317879 (6.2866)	Prec@1 5.078 (2.077)	Prec@5 14.844 (6.622)
Epoch: [0][3550/5005]	Time 0.686 (0.689)	Speed 373.427 (371.737)	Loss 5.5528688431 (6.2845)	Prec@1 6.641 (2.090)	Prec@5 16.797 (6.651)
Epoch: [0][3560/5005]	Time 0.687 (0.689)	Speed 372.826 (371.740)	Loss 5.6089797020 (6.2826)	Prec@1 7.812 (2.106)	Prec@5 18.359 (6.683)
Epoch: [0][3570/5005]	Time 0.686 (0.689)	Speed 373.341 (371.745)	Loss 5.4112377167 (6.2802)	Prec@1 5.859 (2.116)	Prec@5 14.453 (6.705)
Epoch: [0][3580/5005]	Time 0.686 (0.689)	Speed 373.449 (371.750)	Loss 5.1520767212 (6.2770)	Prec@1 7.422 (2.131)	Prec@5 19.531 (6.741)
Epoch: [0][3590/5005]	Time 0.686 (0.689)	Speed 373.255 (371.754)	Loss 5.2732725143 (6.2742)	Prec@1 7.422 (2.146)	Prec@5 19.922 (6.778)
Epoch: [0][3600/5005]	Time 0.686 (0.689)	Speed 373.214 (371.758)	Loss 5.3574118614 (6.2717)	Prec@1 7.422 (2.160)	Prec@5 19.141 (6.812)
Epoch: [0][3610/5005]	Time 0.686 (0.689)	Speed 373.165 (371.762)	Loss 5.3102450371 (6.2690)	Prec@1 7.422 (2.175)	Prec@5 19.922 (6.848)
Epoch: [0][3620/5005]	Time 0.686 (0.689)	Speed 373.243 (371.766)	Loss 5.3050704002 (6.2664)	Prec@1 7.422 (2.189)	Prec@5 19.531 (6.883)
Epoch: [0][3630/5005]	Time 0.686 (0.689)	Speed 373.282 (371.770)	Loss 5.3715291023 (6.2639)	Prec@1 5.859 (2.200)	Prec@5 16.797 (6.911)
Epoch: [0][3640/5005]	Time 0.687 (0.689)	Speed 372.851 (371.773)	Loss 5.5825138092 (6.2620)	Prec@1 6.250 (2.211)	Prec@5 17.188 (6.939)
Epoch: [0][3650/5005]	Time 0.686 (0.689)	Speed 373.152 (371.777)	Loss 5.3622374535 (6.2596)	Prec@1 7.422 (2.225)	Prec@5 16.797 (6.966)
Epoch: [0][3660/5005]	Time 0.686 (0.689)	Speed 373.235 (371.781)	Loss 5.2728886604 (6.2569)	Prec@1 6.641 (2.237)	Prec@5 19.922 (7.001)
Epoch: [0][3670/5005]	Time 0.686 (0.689)	Speed 373.041 (371.784)	Loss 5.2918777466 (6.2542)	Prec@1 6.250 (2.248)	Prec@5 16.016 (7.026)
Epoch: [0][3680/5005]	Time 0.685 (0.689)	Speed 373.472 (371.789)	Loss 5.2734255791 (6.2516)	Prec@1 6.641 (2.260)	Prec@5 13.281 (7.043)
Epoch: [0][3690/5005]	Time 0.686 (0.689)	Speed 373.380 (371.793)	Loss 5.5410485268 (6.2496)	Prec@1 5.859 (2.270)	Prec@5 16.016 (7.067)
Epoch: [0][3700/5005]	Time 0.686 (0.689)	Speed 373.095 (371.796)	Loss 5.2615981102 (6.2470)	Prec@1 9.375 (2.289)	Prec@5 18.359 (7.098)
Epoch: [0][3710/5005]	Time 0.686 (0.689)	Speed 373.182 (371.800)	Loss 5.3319387436 (6.2445)	Prec@1 6.250 (2.300)	Prec@5 17.578 (7.126)
Epoch: [0][3720/5005]	Time 0.686 (0.689)	Speed 373.000 (371.803)	Loss 5.3048410416 (6.2420)	Prec@1 7.422 (2.313)	Prec@5 17.969 (7.155)
Epoch: [0][3730/5005]	Time 0.686 (0.689)	Speed 373.142 (371.807)	Loss 5.3373222351 (6.2396)	Prec@1 5.469 (2.322)	Prec@5 17.969 (7.184)
Epoch: [0][3740/5005]	Time 0.686 (0.689)	Speed 373.202 (371.811)	Loss 5.3976593018 (6.2373)	Prec@1 5.859 (2.331)	Prec@5 17.969 (7.213)
Epoch: [0][3750/5005]	Time 0.686 (0.689)	Speed 373.348 (371.815)	Loss 5.2063689232 (6.2346)	Prec@1 8.984 (2.349)	Prec@5 21.484 (7.251)
Epoch: [0][3760/5005]	Time 0.685 (0.689)	Speed 373.620 (371.819)	Loss 5.3953366280 (6.2323)	Prec@1 6.641 (2.360)	Prec@5 18.750 (7.282)
Epoch: [0][3770/5005]	Time 0.686 (0.688)	Speed 373.396 (371.824)	Loss 5.3987207413 (6.2301)	Prec@1 5.859 (2.370)	Prec@5 16.016 (7.305)
Epoch: [0][3780/5005]	Time 0.690 (0.689)	Speed 371.113 (371.822)	Loss 5.3768944740 (6.2279)	Prec@1 7.422 (2.383)	Prec@5 19.141 (7.336)
Epoch: [0][3790/5005]	Time 0.688 (0.689)	Speed 372.066 (371.822)	Loss 5.1785006523 (6.2251)	Prec@1 7.031 (2.395)	Prec@5 22.266 (7.375)
Epoch: [0][3800/5005]	Time 0.686 (0.688)	Speed 373.072 (371.826)	Loss 5.3184671402 (6.2227)	Prec@1 8.594 (2.412)	Prec@5 16.797 (7.400)
Epoch: [0][3810/5005]	Time 0.685 (0.688)	Speed 373.603 (371.830)	Loss 5.5703597069 (6.2210)	Prec@1 7.422 (2.425)	Prec@5 15.625 (7.422)
Epoch: [0][3820/5005]	Time 0.686 (0.688)	Speed 373.316 (371.834)	Loss 5.3280229568 (6.2187)	Prec@1 5.859 (2.434)	Prec@5 17.578 (7.448)
Epoch: [0][3830/5005]	Time 0.687 (0.688)	Speed 372.826 (371.837)	Loss 5.3256397247 (6.2163)	Prec@1 8.203 (2.449)	Prec@5 21.875 (7.486)
Epoch: [0][3840/5005]	Time 0.685 (0.688)	Speed 373.542 (371.841)	Loss 5.2417964935 (6.2138)	Prec@1 7.422 (2.462)	Prec@5 20.312 (7.520)
Epoch: [0][3850/5005]	Time 0.686 (0.688)	Speed 373.208 (371.845)	Loss 5.3666458130 (6.2116)	Prec@1 8.203 (2.477)	Prec@5 18.359 (7.548)
Epoch: [0][3860/5005]	Time 0.688 (0.688)	Speed 372.020 (371.845)	Loss 5.2119016647 (6.2090)	Prec@1 7.031 (2.488)	Prec@5 19.922 (7.580)
Epoch: [0][3870/5005]	Time 0.686 (0.688)	Speed 373.229 (371.849)	Loss 5.4848017693 (6.2071)	Prec@1 8.203 (2.503)	Prec@5 18.359 (7.608)
Epoch: [0][3880/5005]	Time 0.685 (0.688)	Speed 373.490 (371.853)	Loss 5.3792090416 (6.2050)	Prec@1 7.812 (2.517)	Prec@5 19.531 (7.638)
Epoch: [0][3890/5005]	Time 0.685 (0.688)	Speed 373.725 (371.858)	Loss 5.2689065933 (6.2026)	Prec@1 8.203 (2.532)	Prec@5 19.141 (7.668)
Epoch: [0][3900/5005]	Time 0.685 (0.688)	Speed 373.562 (371.862)	Loss 5.4601287842 (6.2007)	Prec@1 4.297 (2.536)	Prec@5 14.062 (7.684)
Epoch: [0][3910/5005]	Time 0.685 (0.688)	Speed 373.473 (371.866)	Loss 5.3116507530 (6.1984)	Prec@1 7.031 (2.548)	Prec@5 21.484 (7.720)
Epoch: [0][3920/5005]	Time 0.686 (0.688)	Speed 373.328 (371.870)	Loss 5.2416000366 (6.1960)	Prec@1 7.812 (2.561)	Prec@5 21.094 (7.754)
Epoch: [0][3930/5005]	Time 0.685 (0.688)	Speed 373.619 (371.874)	Loss 5.2816438675 (6.1936)	Prec@1 8.203 (2.575)	Prec@5 21.875 (7.790)
/opt/conda/lib/python3.6/site-packages/PIL/TiffImagePlugin.py:754: UserWarning: Possibly corrupt EXIF data.  Expecting to read 1835008 bytes but only got 0. Skipping tag 0
  " Skipping tag %s" % (size, len(data), tag))
Epoch: [0][3940/5005]	Time 0.685 (0.688)	Speed 373.539 (371.879)	Loss 5.1934185028 (6.1911)	Prec@1 8.594 (2.591)	Prec@5 18.359 (7.816)
Epoch: [0][3950/5005]	Time 0.686 (0.688)	Speed 373.212 (371.882)	Loss 5.3605723381 (6.1890)	Prec@1 3.906 (2.594)	Prec@5 18.359 (7.843)
Epoch: [0][3960/5005]	Time 0.686 (0.688)	Speed 373.327 (371.886)	Loss 5.3779149055 (6.1869)	Prec@1 8.203 (2.608)	Prec@5 17.969 (7.869)
Epoch: [0][3970/5005]	Time 0.688 (0.688)	Speed 372.097 (371.886)	Loss 5.1130275726 (6.1842)	Prec@1 9.766 (2.626)	Prec@5 24.219 (7.910)
Epoch: [0][3980/5005]	Time 0.687 (0.688)	Speed 372.497 (371.888)	Loss 5.0302534103 (6.1813)	Prec@1 10.156 (2.645)	Prec@5 22.656 (7.947)
Epoch: [0][3990/5005]	Time 0.686 (0.688)	Speed 373.422 (371.891)	Loss 5.2010207176 (6.1789)	Prec@1 8.203 (2.659)	Prec@5 18.750 (7.974)
Epoch: [0][4000/5005]	Time 0.687 (0.688)	Speed 372.873 (371.894)	Loss 5.2376799583 (6.1765)	Prec@1 8.203 (2.673)	Prec@5 19.922 (8.004)
Epoch: [0][4010/5005]	Time 0.688 (0.688)	Speed 371.835 (371.894)	Loss 5.3170595169 (6.1744)	Prec@1 4.688 (2.678)	Prec@5 17.188 (8.027)
Epoch: [0][4020/5005]	Time 0.687 (0.688)	Speed 372.394 (371.895)	Loss 5.3622751236 (6.1724)	Prec@1 7.422 (2.690)	Prec@5 19.922 (8.056)
Epoch: [0][4030/5005]	Time 0.686 (0.688)	Speed 373.341 (371.899)	Loss 5.1613636017 (6.1699)	Prec@1 5.078 (2.696)	Prec@5 22.266 (8.092)
Epoch: [0][4040/5005]	Time 0.687 (0.688)	Speed 372.690 (371.901)	Loss 4.9743890762 (6.1669)	Prec@1 9.766 (2.713)	Prec@5 24.219 (8.132)
Epoch: [0][4050/5005]	Time 0.686 (0.688)	Speed 372.971 (371.903)	Loss 5.4696702957 (6.1652)	Prec@1 4.297 (2.717)	Prec@5 14.844 (8.148)
Epoch: [0][4060/5005]	Time 0.686 (0.688)	Speed 373.181 (371.906)	Loss 5.0267820358 (6.1624)	Prec@1 6.641 (2.727)	Prec@5 19.141 (8.175)
Epoch: [0][4070/5005]	Time 0.685 (0.688)	Speed 373.530 (371.910)	Loss 5.4083089828 (6.1605)	Prec@1 5.078 (2.732)	Prec@5 17.578 (8.198)
Epoch: [0][4080/5005]	Time 0.685 (0.688)	Speed 373.467 (371.914)	Loss 5.2026896477 (6.1582)	Prec@1 9.766 (2.750)	Prec@5 22.266 (8.233)
Epoch: [0][4090/5005]	Time 0.686 (0.688)	Speed 373.183 (371.917)	Loss 5.1953220367 (6.1558)	Prec@1 7.422 (2.761)	Prec@5 19.141 (8.259)
Epoch: [0][4100/5005]	Time 0.685 (0.688)	Speed 373.518 (371.921)	Loss 5.2424860001 (6.1536)	Prec@1 8.594 (2.775)	Prec@5 19.922 (8.288)
Epoch: [0][4110/5005]	Time 0.685 (0.688)	Speed 373.503 (371.925)	Loss 5.0694432259 (6.1510)	Prec@1 7.422 (2.787)	Prec@5 22.266 (8.322)
Epoch: [0][4120/5005]	Time 0.686 (0.688)	Speed 373.289 (371.928)	Loss 5.3077888489 (6.1489)	Prec@1 7.422 (2.798)	Prec@5 19.531 (8.349)
Epoch: [0][4130/5005]	Time 0.685 (0.688)	Speed 373.497 (371.932)	Loss 5.0226626396 (6.1462)	Prec@1 10.156 (2.816)	Prec@5 25.000 (8.389)
Epoch: [0][4140/5005]	Time 0.686 (0.688)	Speed 373.421 (371.936)	Loss 5.2311930656 (6.1440)	Prec@1 7.031 (2.826)	Prec@5 21.875 (8.422)
Epoch: [0][4150/5005]	Time 0.686 (0.688)	Speed 373.005 (371.938)	Loss 5.1428222656 (6.1416)	Prec@1 8.203 (2.839)	Prec@5 22.266 (8.455)
Epoch: [0][4160/5005]	Time 0.686 (0.688)	Speed 373.248 (371.941)	Loss 5.2878232002 (6.1395)	Prec@1 5.859 (2.846)	Prec@5 17.969 (8.478)
Epoch: [0][4170/5005]	Time 0.686 (0.688)	Speed 373.304 (371.944)	Loss 5.0253267288 (6.1368)	Prec@1 8.203 (2.859)	Prec@5 21.484 (8.509)
Epoch: [0][4180/5005]	Time 0.686 (0.688)	Speed 373.288 (371.948)	Loss 5.2252550125 (6.1347)	Prec@1 8.594 (2.873)	Prec@5 19.922 (8.537)
Epoch: [0][4190/5005]	Time 0.686 (0.688)	Speed 372.989 (371.950)	Loss 5.0681624413 (6.1321)	Prec@1 9.375 (2.888)	Prec@5 25.000 (8.576)
Epoch: [0][4200/5005]	Time 0.687 (0.688)	Speed 372.853 (371.952)	Loss 5.2491226196 (6.1300)	Prec@1 7.422 (2.899)	Prec@5 18.359 (8.599)
Epoch: [0][4210/5005]	Time 0.689 (0.688)	Speed 371.673 (371.952)	Loss 5.3493533134 (6.1282)	Prec@1 8.203 (2.912)	Prec@5 18.750 (8.623)
Epoch: [0][4220/5005]	Time 0.689 (0.688)	Speed 371.606 (371.951)	Loss 5.1323204041 (6.1258)	Prec@1 5.469 (2.918)	Prec@5 18.750 (8.647)
Epoch: [0][4230/5005]	Time 0.688 (0.688)	Speed 371.987 (371.951)	Loss 5.4144344330 (6.1241)	Prec@1 7.812 (2.929)	Prec@5 20.703 (8.676)
Epoch: [0][4240/5005]	Time 0.686 (0.688)	Speed 373.236 (371.954)	Loss 5.3207144737 (6.1222)	Prec@1 7.031 (2.939)	Prec@5 19.922 (8.702)
Epoch: [0][4250/5005]	Time 0.686 (0.688)	Speed 373.279 (371.957)	Loss 5.1559100151 (6.1199)	Prec@1 6.250 (2.947)	Prec@5 22.656 (8.735)
Epoch: [0][4260/5005]	Time 0.686 (0.688)	Speed 373.145 (371.960)	Loss 5.1115965843 (6.1176)	Prec@1 9.766 (2.963)	Prec@5 23.438 (8.770)
Epoch: [0][4270/5005]	Time 0.686 (0.688)	Speed 373.200 (371.963)	Loss 5.0069155693 (6.1150)	Prec@1 8.984 (2.977)	Prec@5 23.828 (8.805)
Epoch: [0][4280/5005]	Time 0.688 (0.688)	Speed 371.868 (371.963)	Loss 5.2956595421 (6.1131)	Prec@1 7.031 (2.986)	Prec@5 20.312 (8.832)
Epoch: [0][4290/5005]	Time 0.687 (0.688)	Speed 372.878 (371.965)	Loss 4.9439034462 (6.1103)	Prec@1 8.984 (3.000)	Prec@5 24.219 (8.868)
Epoch: [0][4300/5005]	Time 0.689 (0.688)	Speed 371.425 (371.963)	Loss 4.7883796692 (6.1073)	Prec@1 11.328 (3.020)	Prec@5 27.734 (8.912)
Epoch: [0][4310/5005]	Time 0.690 (0.688)	Speed 371.277 (371.962)	Loss 5.0694694519 (6.1049)	Prec@1 6.250 (3.027)	Prec@5 22.266 (8.943)
Epoch: [0][4320/5005]	Time 0.686 (0.688)	Speed 372.974 (371.964)	Loss 5.0687532425 (6.1025)	Prec@1 8.203 (3.039)	Prec@5 22.656 (8.974)
Epoch: [0][4330/5005]	Time 0.686 (0.688)	Speed 373.212 (371.967)	Loss 5.3175687790 (6.1006)	Prec@1 6.641 (3.047)	Prec@5 17.969 (8.995)
Epoch: [0][4340/5005]	Time 0.686 (0.688)	Speed 373.090 (371.970)	Loss 5.3316802979 (6.0989)	Prec@1 7.422 (3.057)	Prec@5 18.359 (9.017)
Epoch: [0][4350/5005]	Time 0.686 (0.688)	Speed 373.276 (371.973)	Loss 5.0054454803 (6.0964)	Prec@1 8.984 (3.071)	Prec@5 24.609 (9.053)
Epoch: [0][4360/5005]	Time 0.687 (0.688)	Speed 372.413 (371.974)	Loss 5.1298732758 (6.0941)	Prec@1 8.984 (3.085)	Prec@5 19.531 (9.077)
Epoch: [0][4370/5005]	Time 0.686 (0.688)	Speed 373.169 (371.976)	Loss 5.2625460625 (6.0922)	Prec@1 12.109 (3.105)	Prec@5 20.703 (9.103)
Epoch: [0][4380/5005]	Time 0.686 (0.688)	Speed 373.391 (371.980)	Loss 5.0177884102 (6.0898)	Prec@1 7.031 (3.114)	Prec@5 19.531 (9.127)
Epoch: [0][4390/5005]	Time 0.686 (0.688)	Speed 373.319 (371.983)	Loss 5.2113823891 (6.0878)	Prec@1 7.422 (3.124)	Prec@5 20.312 (9.153)
Epoch: [0][4400/5005]	Time 0.686 (0.688)	Speed 373.042 (371.985)	Loss 5.1856274605 (6.0857)	Prec@1 6.641 (3.132)	Prec@5 22.656 (9.183)
Epoch: [0][4410/5005]	Time 0.685 (0.688)	Speed 373.581 (371.989)	Loss 5.1418662071 (6.0836)	Prec@1 8.594 (3.144)	Prec@5 22.266 (9.213)
Epoch: [0][4420/5005]	Time 0.686 (0.688)	Speed 372.932 (371.991)	Loss 5.1488990784 (6.0815)	Prec@1 7.422 (3.154)	Prec@5 21.484 (9.241)
Epoch: [0][4430/5005]	Time 0.686 (0.688)	Speed 373.362 (371.994)	Loss 4.9977540970 (6.0790)	Prec@1 9.375 (3.168)	Prec@5 23.828 (9.274)
Epoch: [0][4440/5005]	Time 0.688 (0.688)	Speed 372.326 (371.995)	Loss 5.1631727219 (6.0770)	Prec@1 8.984 (3.181)	Prec@5 17.578 (9.292)
Epoch: [0][4450/5005]	Time 0.689 (0.688)	Speed 371.732 (371.994)	Loss 5.0481209755 (6.0747)	Prec@1 6.250 (3.188)	Prec@5 22.656 (9.322)
Epoch: [0][4460/5005]	Time 0.689 (0.688)	Speed 371.616 (371.993)	Loss 4.9124312401 (6.0720)	Prec@1 12.500 (3.209)	Prec@5 27.344 (9.363)
Epoch: [0][4470/5005]	Time 0.689 (0.688)	Speed 371.686 (371.992)	Loss 4.9702296257 (6.0696)	Prec@1 9.766 (3.224)	Prec@5 23.438 (9.394)
/opt/conda/lib/python3.6/site-packages/PIL/TiffImagePlugin.py:754: UserWarning: Possibly corrupt EXIF data.  Expecting to read 2555904 bytes but only got 0. Skipping tag 0
  " Skipping tag %s" % (size, len(data), tag))
Epoch: [0][4480/5005]	Time 0.686 (0.688)	Speed 373.223 (371.995)	Loss 5.1378645897 (6.0675)	Prec@1 7.422 (3.233)	Prec@5 19.141 (9.416)
Epoch: [0][4490/5005]	Time 0.686 (0.688)	Speed 373.016 (371.997)	Loss 5.0894002914 (6.0653)	Prec@1 12.500 (3.254)	Prec@5 25.000 (9.451)
Epoch: [0][4500/5005]	Time 0.686 (0.688)	Speed 373.413 (372.001)	Loss 5.1373763084 (6.0633)	Prec@1 8.984 (3.266)	Prec@5 19.531 (9.473)
Epoch: [0][4510/5005]	Time 0.685 (0.688)	Speed 373.520 (372.004)	Loss 4.9716100693 (6.0608)	Prec@1 10.156 (3.282)	Prec@5 24.219 (9.506)
Epoch: [0][4520/5005]	Time 0.686 (0.688)	Speed 373.342 (372.007)	Loss 4.9660181999 (6.0584)	Prec@1 9.766 (3.296)	Prec@5 22.266 (9.534)
Epoch: [0][4530/5005]	Time 0.686 (0.688)	Speed 373.126 (372.009)	Loss 5.0986480713 (6.0563)	Prec@1 9.375 (3.310)	Prec@5 22.266 (9.562)
Epoch: [0][4540/5005]	Time 0.685 (0.688)	Speed 373.576 (372.013)	Loss 5.0562119484 (6.0541)	Prec@1 9.375 (3.323)	Prec@5 24.609 (9.595)
Epoch: [0][4550/5005]	Time 0.689 (0.688)	Speed 371.662 (372.012)	Loss 5.0829272270 (6.0520)	Prec@1 7.031 (3.331)	Prec@5 22.266 (9.623)
Epoch: [0][4560/5005]	Time 0.687 (0.688)	Speed 372.376 (372.013)	Loss 5.0943584442 (6.0499)	Prec@1 6.641 (3.338)	Prec@5 22.266 (9.651)
Epoch: [0][4570/5005]	Time 0.685 (0.688)	Speed 373.500 (372.016)	Loss 5.2074513435 (6.0480)	Prec@1 7.812 (3.348)	Prec@5 19.922 (9.673)
Epoch: [0][4580/5005]	Time 0.686 (0.688)	Speed 373.364 (372.019)	Loss 5.0206394196 (6.0458)	Prec@1 5.859 (3.354)	Prec@5 23.438 (9.703)
Epoch: [0][4590/5005]	Time 0.688 (0.688)	Speed 371.833 (372.019)	Loss 5.2071657181 (6.0440)	Prec@1 9.375 (3.367)	Prec@5 23.047 (9.732)
Epoch: [0][4600/5005]	Time 0.685 (0.688)	Speed 373.656 (372.022)	Loss 5.1750860214 (6.0421)	Prec@1 7.812 (3.376)	Prec@5 18.750 (9.752)
Epoch: [0][4610/5005]	Time 0.686 (0.688)	Speed 373.234 (372.025)	Loss 5.1160249710 (6.0401)	Prec@1 8.594 (3.388)	Prec@5 21.875 (9.778)
Epoch: [0][4620/5005]	Time 0.688 (0.688)	Speed 372.139 (372.025)	Loss 5.0620498657 (6.0379)	Prec@1 5.859 (3.393)	Prec@5 21.094 (9.803)
Epoch: [0][4630/5005]	Time 0.689 (0.688)	Speed 371.463 (372.024)	Loss 4.9145860672 (6.0355)	Prec@1 8.984 (3.405)	Prec@5 24.219 (9.834)
Epoch: [0][4640/5005]	Time 0.686 (0.688)	Speed 373.435 (372.027)	Loss 5.1431922913 (6.0336)	Prec@1 6.641 (3.412)	Prec@5 17.578 (9.851)
Epoch: [0][4650/5005]	Time 0.686 (0.688)	Speed 373.260 (372.029)	Loss 5.1993179321 (6.0318)	Prec@1 8.594 (3.423)	Prec@5 19.531 (9.871)
Epoch: [0][4660/5005]	Time 0.686 (0.688)	Speed 373.280 (372.032)	Loss 4.9097976685 (6.0294)	Prec@1 9.766 (3.437)	Prec@5 26.953 (9.908)
Epoch: [0][4670/5005]	Time 0.685 (0.688)	Speed 373.649 (372.036)	Loss 4.9061250687 (6.0270)	Prec@1 7.031 (3.445)	Prec@5 22.266 (9.935)
Epoch: [0][4680/5005]	Time 0.686 (0.688)	Speed 373.374 (372.038)	Loss 5.1179504395 (6.0250)	Prec@1 10.156 (3.459)	Prec@5 22.266 (9.961)
Epoch: [0][4690/5005]	Time 0.685 (0.688)	Speed 373.657 (372.042)	Loss 5.0873513222 (6.0230)	Prec@1 9.766 (3.472)	Prec@5 21.484 (9.986)
Epoch: [0][4700/5005]	Time 0.686 (0.688)	Speed 373.424 (372.045)	Loss 4.9885973930 (6.0208)	Prec@1 8.594 (3.483)	Prec@5 22.656 (10.012)
Epoch: [0][4710/5005]	Time 0.685 (0.688)	Speed 373.822 (372.049)	Loss 4.9727883339 (6.0186)	Prec@1 9.375 (3.496)	Prec@5 23.828 (10.042)
Epoch: [0][4720/5005]	Time 0.686 (0.688)	Speed 372.950 (372.050)	Loss 5.1940603256 (6.0169)	Prec@1 7.031 (3.503)	Prec@5 21.094 (10.065)
Epoch: [0][4730/5005]	Time 0.686 (0.688)	Speed 373.341 (372.053)	Loss 4.9300370216 (6.0146)	Prec@1 12.500 (3.522)	Prec@5 25.391 (10.098)
Epoch: [0][4740/5005]	Time 0.686 (0.688)	Speed 373.142 (372.055)	Loss 4.8919734955 (6.0122)	Prec@1 8.594 (3.533)	Prec@5 25.000 (10.129)
Epoch: [0][4750/5005]	Time 0.686 (0.688)	Speed 373.255 (372.058)	Loss 4.8792886734 (6.0098)	Prec@1 12.891 (3.553)	Prec@5 25.781 (10.162)
Epoch: [0][4760/5005]	Time 0.686 (0.688)	Speed 373.326 (372.061)	Loss 4.9950962067 (6.0077)	Prec@1 9.766 (3.566)	Prec@5 22.266 (10.187)
Epoch: [0][4770/5005]	Time 0.686 (0.688)	Speed 373.446 (372.063)	Loss 4.8745093346 (6.0053)	Prec@1 9.375 (3.578)	Prec@5 28.516 (10.226)
Epoch: [0][4780/5005]	Time 0.686 (0.688)	Speed 373.420 (372.066)	Loss 4.8386607170 (6.0029)	Prec@1 10.156 (3.592)	Prec@5 29.688 (10.267)
Epoch: [0][4790/5005]	Time 0.687 (0.688)	Speed 372.768 (372.068)	Loss 4.7860050201 (6.0003)	Prec@1 8.984 (3.603)	Prec@5 26.953 (10.301)
Epoch: [0][4800/5005]	Time 0.686 (0.688)	Speed 373.257 (372.070)	Loss 5.2922763824 (5.9989)	Prec@1 7.031 (3.610)	Prec@5 20.703 (10.323)
Epoch: [0][4810/5005]	Time 0.687 (0.688)	Speed 372.764 (372.072)	Loss 4.9198527336 (5.9966)	Prec@1 10.547 (3.624)	Prec@5 23.828 (10.351)
Epoch: [0][4820/5005]	Time 0.686 (0.688)	Speed 373.351 (372.074)	Loss 4.9659156799 (5.9945)	Prec@1 9.375 (3.636)	Prec@5 23.047 (10.377)
Epoch: [0][4830/5005]	Time 0.686 (0.688)	Speed 373.200 (372.077)	Loss 4.9934082031 (5.9924)	Prec@1 8.203 (3.646)	Prec@5 25.000 (10.408)
Epoch: [0][4840/5005]	Time 0.686 (0.688)	Speed 373.159 (372.079)	Loss 4.8145241737 (5.9900)	Prec@1 10.156 (3.659)	Prec@5 25.391 (10.439)
Epoch: [0][4850/5005]	Time 0.686 (0.688)	Speed 373.082 (372.081)	Loss 5.0493588448 (5.9880)	Prec@1 10.547 (3.673)	Prec@5 21.484 (10.462)
Epoch: [0][4860/5005]	Time 0.687 (0.688)	Speed 372.577 (372.082)	Loss 4.7835698128 (5.9855)	Prec@1 9.375 (3.685)	Prec@5 31.250 (10.504)
Epoch: [0][4870/5005]	Time 0.689 (0.688)	Speed 371.515 (372.081)	Loss 5.1830172539 (5.9839)	Prec@1 10.156 (3.699)	Prec@5 21.484 (10.527)
Epoch: [0][4880/5005]	Time 0.687 (0.688)	Speed 372.882 (372.082)	Loss 5.0240898132 (5.9819)	Prec@1 9.766 (3.711)	Prec@5 23.438 (10.553)
Epoch: [0][4890/5005]	Time 0.686 (0.688)	Speed 373.059 (372.084)	Loss 4.9338850975 (5.9798)	Prec@1 9.766 (3.723)	Prec@5 23.828 (10.580)
Epoch: [0][4900/5005]	Time 0.685 (0.688)	Speed 373.552 (372.087)	Loss 4.7433967590 (5.9773)	Prec@1 10.156 (3.736)	Prec@5 28.516 (10.617)
Epoch: [0][4910/5005]	Time 0.686 (0.688)	Speed 373.106 (372.089)	Loss 4.8452401161 (5.9750)	Prec@1 8.594 (3.746)	Prec@5 25.391 (10.647)
Epoch: [0][4920/5005]	Time 0.686 (0.688)	Speed 373.012 (372.091)	Loss 5.0315022469 (5.9730)	Prec@1 9.375 (3.758)	Prec@5 21.094 (10.668)
Epoch: [0][4930/5005]	Time 0.688 (0.688)	Speed 372.304 (372.092)	Loss 4.7953119278 (5.9707)	Prec@1 10.156 (3.771)	Prec@5 28.516 (10.705)
Epoch: [0][4940/5005]	Time 0.688 (0.688)	Speed 371.982 (372.092)	Loss 4.8124294281 (5.9683)	Prec@1 13.281 (3.790)	Prec@5 28.906 (10.741)
Epoch: [0][4950/5005]	Time 0.686 (0.688)	Speed 373.264 (372.094)	Loss 4.8866147995 (5.9661)	Prec@1 11.719 (3.806)	Prec@5 26.953 (10.774)
Epoch: [0][4960/5005]	Time 0.688 (0.688)	Speed 372.319 (372.094)	Loss 4.7233395576 (5.9636)	Prec@1 11.328 (3.821)	Prec@5 28.516 (10.810)
Epoch: [0][4970/5005]	Time 0.689 (0.688)	Speed 371.778 (372.094)	Loss 5.0384073257 (5.9618)	Prec@1 9.766 (3.833)	Prec@5 24.219 (10.837)
Epoch: [0][4980/5005]	Time 0.686 (0.688)	Speed 373.173 (372.096)	Loss 4.9224224091 (5.9597)	Prec@1 13.672 (3.853)	Prec@5 26.172 (10.868)
Epoch: [0][4990/5005]	Time 0.686 (0.688)	Speed 372.945 (372.098)	Loss 4.8119430542 (5.9574)	Prec@1 11.328 (3.868)	Prec@5 26.562 (10.899)
Epoch: [0][5000/5005]	Time 0.688 (0.688)	Speed 372.150 (372.098)	Loss 4.8060216904 (5.9551)	Prec@1 11.719 (3.884)	Prec@5 28.516 (10.934)
Test: [10/196]	Time 0.211 (0.448)	Speed 1212.988 (571.960)	Loss 5.5598 (5.4890)	Prec@1 2.734 (6.719)	Prec@5 11.328 (19.805)
Test: [20/196]	Time 0.372 (0.356)	Speed 688.118 (719.318)	Loss 4.5537 (5.3429)	Prec@1 14.062 (8.262)	Prec@5 42.578 (22.188)
Test: [30/196]	Time 0.223 (0.318)	Speed 1149.673 (804.018)	Loss 4.7087 (5.2314)	Prec@1 14.844 (8.997)	Prec@5 33.984 (24.141)
Test: [40/196]	Time 0.228 (0.302)	Speed 1120.659 (848.781)	Loss 5.6821 (5.3767)	Prec@1 0.391 (7.510)	Prec@5 5.078 (21.240)
Test: [50/196]	Time 0.210 (0.295)	Speed 1220.731 (867.009)	Loss 5.7755 (5.4959)	Prec@1 3.906 (6.625)	Prec@5 17.578 (19.383)
Test: [60/196]	Time 0.211 (0.295)	Speed 1212.536 (869.266)	Loss 6.0280 (5.5536)	Prec@1 5.859 (6.133)	Prec@5 17.969 (18.424)
Test: [70/196]	Time 0.211 (0.291)	Speed 1213.656 (880.619)	Loss 5.9884 (5.5263)	Prec@1 5.469 (6.657)	Prec@5 13.281 (18.884)
Test: [80/196]	Time 0.210 (0.288)	Speed 1216.188 (890.240)	Loss 4.2040 (5.4855)	Prec@1 19.531 (6.953)	Prec@5 42.578 (19.458)
Test: [90/196]	Time 0.210 (0.283)	Speed 1221.148 (903.219)	Loss 5.1222 (5.4539)	Prec@1 7.422 (6.931)	Prec@5 21.875 (19.501)
Test: [100/196]	Time 0.212 (0.280)	Speed 1208.782 (915.185)	Loss 4.0935 (5.4159)	Prec@1 17.969 (6.945)	Prec@5 39.453 (19.727)
Test: [110/196]	Time 0.210 (0.279)	Speed 1216.660 (919.061)	Loss 5.9049 (5.3856)	Prec@1 3.125 (7.010)	Prec@5 13.672 (19.762)
Test: [120/196]	Time 0.212 (0.276)	Speed 1206.222 (927.064)	Loss 5.2880 (5.3712)	Prec@1 4.297 (6.986)	Prec@5 13.281 (19.730)
Test: [130/196]	Time 0.210 (0.274)	Speed 1216.175 (934.918)	Loss 5.1422 (5.3398)	Prec@1 4.688 (7.136)	Prec@5 15.234 (19.919)
Test: [140/196]	Time 0.210 (0.270)	Speed 1217.107 (946.802)	Loss 5.3273 (5.3314)	Prec@1 14.062 (7.333)	Prec@5 19.531 (19.905)
Test: [150/196]	Time 0.211 (0.270)	Speed 1211.481 (949.633)	Loss 5.8668 (5.3275)	Prec@1 2.734 (7.302)	Prec@5 8.984 (19.703)
Test: [160/196]	Time 0.211 (0.269)	Speed 1214.223 (951.886)	Loss 4.9828 (5.3094)	Prec@1 5.859 (7.363)	Prec@5 22.656 (19.856)
Test: [170/196]	Time 0.211 (0.268)	Speed 1212.465 (954.048)	Loss 5.5521 (5.3185)	Prec@1 0.781 (7.183)	Prec@5 8.984 (19.499)
Test: [180/196]	Time 0.210 (0.267)	Speed 1216.332 (958.721)	Loss 3.9469 (5.2889)	Prec@1 20.312 (7.467)	Prec@5 44.531 (20.002)
Test: [190/196]	Time 0.211 (0.267)	Speed 1212.884 (960.111)	Loss 5.3897 (5.2659)	Prec@1 6.641 (7.603)	Prec@5 16.797 (20.366)
 * Prec@1 7.822 Prec@5 20.642