=> creating model 'resnet50'
Selected optimization level O1:  Insert automatic casts around Pytorch functions and Tensor methods.

Defaults for this optimization level are:
enabled                : True
opt_level              : O1
cast_model_type        : None
patch_torch_functions  : True
keep_batchnorm_fp32    : None
master_weights         : None
loss_scale             : dynamic
Processing user overrides (additional kwargs that are not None)...
After processing overrides, optimization options are:
enabled                : True
opt_level              : O1
cast_model_type        : None
patch_torch_functions  : True
keep_batchnorm_fp32    : None
master_weights         : None
loss_scale             : dynamic
Gradient overflow.  Skipping step, loss scaler 0 reducing loss scale to 32768.0
Gradient overflow.  Skipping step, loss scaler 0 reducing loss scale to 16384.0
Epoch: [0][10/5005]	Time 1.293 (1.293)	Speed 197.975 (197.975)	Loss 7.0562157631 (7.0562)	Prec@1 0.000 (0.000)	Prec@5 1.172 (1.172)
Epoch: [0][20/5005]	Time 0.321 (0.807)	Speed 798.491 (317.284)	Loss 7.0877995491 (7.0720)	Prec@1 0.000 (0.000)	Prec@5 0.781 (0.977)
Epoch: [0][30/5005]	Time 0.319 (0.644)	Speed 801.890 (397.322)	Loss 7.0755071640 (7.0732)	Prec@1 0.000 (0.000)	Prec@5 0.781 (0.911)
Epoch: [0][40/5005]	Time 0.321 (0.563)	Speed 797.759 (454.335)	Loss 7.0262494087 (7.0614)	Prec@1 0.000 (0.000)	Prec@5 0.781 (0.879)
Epoch: [0][50/5005]	Time 0.319 (0.515)	Speed 801.279 (497.410)	Loss 7.0211763382 (7.0534)	Prec@1 0.000 (0.000)	Prec@5 0.781 (0.859)
Epoch: [0][60/5005]	Time 0.321 (0.482)	Speed 798.196 (530.743)	Loss 6.9956684113 (7.0438)	Prec@1 0.391 (0.065)	Prec@5 0.391 (0.781)
Epoch: [0][70/5005]	Time 0.319 (0.459)	Speed 802.102 (557.697)	Loss 7.0199346542 (7.0404)	Prec@1 0.000 (0.056)	Prec@5 0.000 (0.670)
Epoch: [0][80/5005]	Time 0.320 (0.442)	Speed 799.748 (579.625)	Loss 7.0370445251 (7.0399)	Prec@1 0.000 (0.049)	Prec@5 0.391 (0.635)
Epoch: [0][90/5005]	Time 0.321 (0.428)	Speed 796.982 (597.739)	Loss 7.0016622543 (7.0357)	Prec@1 0.000 (0.043)	Prec@5 0.000 (0.564)
Epoch: [0][100/5005]	Time 0.321 (0.418)	Speed 798.516 (613.156)	Loss 6.9755086899 (7.0297)	Prec@1 0.000 (0.039)	Prec@5 1.562 (0.664)
Epoch: [0][110/5005]	Time 0.320 (0.409)	Speed 801.159 (626.521)	Loss 6.9967503548 (7.0267)	Prec@1 0.000 (0.036)	Prec@5 0.781 (0.675)
Epoch: [0][120/5005]	Time 0.322 (0.401)	Speed 795.780 (637.826)	Loss 6.9470152855 (7.0200)	Prec@1 0.391 (0.065)	Prec@5 0.781 (0.684)
Epoch: [0][130/5005]	Time 0.321 (0.395)	Speed 798.543 (647.856)	Loss 6.9601049423 (7.0154)	Prec@1 0.391 (0.090)	Prec@5 0.781 (0.691)
Epoch: [0][140/5005]	Time 0.322 (0.390)	Speed 795.117 (656.542)	Loss 6.9137673378 (7.0082)	Prec@1 0.000 (0.084)	Prec@5 0.391 (0.670)
Epoch: [0][150/5005]	Time 0.321 (0.385)	Speed 797.054 (664.350)	Loss 6.9247131348 (7.0026)	Prec@1 0.000 (0.078)	Prec@5 0.000 (0.625)
Epoch: [0][160/5005]	Time 0.319 (0.381)	Speed 801.578 (671.535)	Loss 6.9490880966 (6.9993)	Prec@1 0.000 (0.073)	Prec@5 0.391 (0.610)
Epoch: [0][170/5005]	Time 0.321 (0.378)	Speed 798.167 (677.861)	Loss 6.9014539719 (6.9935)	Prec@1 0.000 (0.069)	Prec@5 0.391 (0.597)
Epoch: [0][180/5005]	Time 0.319 (0.374)	Speed 802.313 (683.753)	Loss 6.9035081863 (6.9885)	Prec@1 0.000 (0.065)	Prec@5 0.781 (0.608)
Epoch: [0][190/5005]	Time 0.319 (0.371)	Speed 802.923 (689.137)	Loss 6.9207482338 (6.9849)	Prec@1 0.000 (0.062)	Prec@5 0.391 (0.596)
Epoch: [0][200/5005]	Time 0.318 (0.369)	Speed 805.209 (694.140)	Loss 6.9105305672 (6.9812)	Prec@1 0.000 (0.059)	Prec@5 0.391 (0.586)
Epoch: [0][210/5005]	Time 0.320 (0.366)	Speed 800.579 (698.562)	Loss 6.9303574562 (6.9788)	Prec@1 0.000 (0.056)	Prec@5 0.000 (0.558)
Epoch: [0][220/5005]	Time 0.321 (0.364)	Speed 797.136 (702.511)	Loss 6.9085264206 (6.9756)	Prec@1 0.391 (0.071)	Prec@5 1.172 (0.586)
Epoch: [0][230/5005]	Time 0.319 (0.362)	Speed 802.981 (706.354)	Loss 6.8956208229 (6.9721)	Prec@1 0.391 (0.085)	Prec@5 2.344 (0.662)
Epoch: [0][240/5005]	Time 0.319 (0.361)	Speed 803.035 (709.915)	Loss 6.9055166245 (6.9694)	Prec@1 0.000 (0.081)	Prec@5 0.781 (0.667)
Epoch: [0][250/5005]	Time 0.321 (0.359)	Speed 798.399 (713.076)	Loss 6.9363741875 (6.9680)	Prec@1 0.000 (0.078)	Prec@5 0.391 (0.656)
Epoch: [0][260/5005]	Time 0.322 (0.358)	Speed 794.987 (715.913)	Loss 6.9225139618 (6.9663)	Prec@1 0.000 (0.075)	Prec@5 1.172 (0.676)
Epoch: [0][270/5005]	Time 0.324 (0.356)	Speed 791.273 (718.447)	Loss 6.9277000427 (6.9649)	Prec@1 0.391 (0.087)	Prec@5 1.562 (0.709)
Epoch: [0][280/5005]	Time 0.322 (0.355)	Speed 795.562 (720.943)	Loss 6.9154591560 (6.9631)	Prec@1 0.000 (0.084)	Prec@5 0.781 (0.711)
Epoch: [0][290/5005]	Time 0.320 (0.354)	Speed 799.716 (723.400)	Loss 6.9131183624 (6.9614)	Prec@1 0.000 (0.081)	Prec@5 0.000 (0.687)
Epoch: [0][300/5005]	Time 0.319 (0.353)	Speed 801.918 (725.769)	Loss 6.9368882179 (6.9606)	Prec@1 0.000 (0.078)	Prec@5 0.391 (0.677)
Epoch: [0][310/5005]	Time 0.320 (0.352)	Speed 800.518 (727.962)	Loss 6.9305634499 (6.9596)	Prec@1 0.000 (0.076)	Prec@5 0.391 (0.668)
Epoch: [0][320/5005]	Time 0.320 (0.351)	Speed 801.037 (730.043)	Loss 6.9182572365 (6.9583)	Prec@1 0.000 (0.073)	Prec@5 0.391 (0.659)
Epoch: [0][330/5005]	Time 0.321 (0.350)	Speed 797.345 (731.915)	Loss 6.9336285591 (6.9575)	Prec@1 0.000 (0.071)	Prec@5 0.391 (0.651)
Epoch: [0][340/5005]	Time 0.319 (0.349)	Speed 802.956 (733.825)	Loss 6.9217681885 (6.9565)	Prec@1 0.000 (0.069)	Prec@5 0.000 (0.632)
Epoch: [0][350/5005]	Time 0.319 (0.348)	Speed 801.315 (735.595)	Loss 6.8942914009 (6.9547)	Prec@1 0.000 (0.067)	Prec@5 0.391 (0.625)
Epoch: [0][360/5005]	Time 0.319 (0.347)	Speed 802.873 (737.311)	Loss 6.9363255501 (6.9542)	Prec@1 0.000 (0.065)	Prec@5 0.391 (0.618)
Epoch: [0][370/5005]	Time 0.319 (0.346)	Speed 803.094 (738.947)	Loss 6.9317836761 (6.9536)	Prec@1 0.000 (0.063)	Prec@5 0.000 (0.602)
Epoch: [0][380/5005]	Time 0.322 (0.346)	Speed 796.047 (740.344)	Loss 6.9015698433 (6.9522)	Prec@1 0.000 (0.062)	Prec@5 0.391 (0.596)
Epoch: [0][390/5005]	Time 0.319 (0.345)	Speed 802.000 (741.807)	Loss 6.9159855843 (6.9513)	Prec@1 0.000 (0.060)	Prec@5 0.391 (0.591)
Epoch: [0][400/5005]	Time 0.319 (0.344)	Speed 802.921 (743.221)	Loss 6.9179019928 (6.9505)	Prec@1 0.781 (0.078)	Prec@5 1.953 (0.625)
Epoch: [0][410/5005]	Time 0.320 (0.344)	Speed 800.566 (744.522)	Loss 6.9062051773 (6.9494)	Prec@1 0.000 (0.076)	Prec@5 0.391 (0.619)
Epoch: [0][420/5005]	Time 0.320 (0.343)	Speed 801.067 (745.775)	Loss 6.9212551117 (6.9487)	Prec@1 0.000 (0.074)	Prec@5 0.000 (0.605)
Epoch: [0][430/5005]	Time 0.319 (0.343)	Speed 802.176 (746.996)	Loss 6.8929657936 (6.9474)	Prec@1 0.000 (0.073)	Prec@5 0.391 (0.600)
Epoch: [0][440/5005]	Time 0.320 (0.342)	Speed 800.546 (748.134)	Loss 6.8835353851 (6.9460)	Prec@1 0.000 (0.071)	Prec@5 0.391 (0.595)
Epoch: [0][450/5005]	Time 0.318 (0.342)	Speed 804.552 (749.301)	Loss 6.8647699356 (6.9442)	Prec@1 0.391 (0.078)	Prec@5 1.562 (0.616)
Epoch: [0][460/5005]	Time 0.318 (0.341)	Speed 804.071 (750.413)	Loss 6.8719334602 (6.9426)	Prec@1 0.000 (0.076)	Prec@5 0.781 (0.620)
Epoch: [0][470/5005]	Time 0.321 (0.341)	Speed 798.398 (751.373)	Loss 6.9363565445 (6.9425)	Prec@1 0.000 (0.075)	Prec@5 0.000 (0.607)
Epoch: [0][480/5005]	Time 0.318 (0.340)	Speed 804.483 (752.408)	Loss 6.8777213097 (6.9411)	Prec@1 0.391 (0.081)	Prec@5 0.781 (0.610)
Epoch: [0][490/5005]	Time 0.319 (0.340)	Speed 803.258 (753.382)	Loss 6.8744983673 (6.9398)	Prec@1 0.000 (0.080)	Prec@5 1.562 (0.630)
Epoch: [0][500/5005]	Time 0.319 (0.339)	Speed 802.880 (754.312)	Loss 6.8760666847 (6.9385)	Prec@1 0.781 (0.094)	Prec@5 0.781 (0.633)
Epoch: [0][510/5005]	Time 0.319 (0.339)	Speed 803.195 (755.213)	Loss 6.8561263084 (6.9369)	Prec@1 0.391 (0.100)	Prec@5 1.172 (0.643)
Epoch: [0][520/5005]	Time 0.318 (0.339)	Speed 803.925 (756.094)	Loss 6.9395928383 (6.9369)	Prec@1 0.000 (0.098)	Prec@5 0.781 (0.646)
Epoch: [0][530/5005]	Time 0.321 (0.338)	Speed 798.088 (756.845)	Loss 6.8976211548 (6.9362)	Prec@1 0.000 (0.096)	Prec@5 1.172 (0.656)
Epoch: [0][540/5005]	Time 0.319 (0.338)	Speed 801.950 (757.634)	Loss 6.9146366119 (6.9358)	Prec@1 0.000 (0.094)	Prec@5 0.391 (0.651)
Epoch: [0][550/5005]	Time 0.318 (0.338)	Speed 804.651 (758.440)	Loss 6.9064712524 (6.9352)	Prec@1 0.000 (0.092)	Prec@5 0.781 (0.653)
Epoch: [0][560/5005]	Time 0.319 (0.337)	Speed 801.360 (759.166)	Loss 6.8995351791 (6.9346)	Prec@1 0.000 (0.091)	Prec@5 0.000 (0.642)
Epoch: [0][570/5005]	Time 0.321 (0.337)	Speed 797.169 (759.802)	Loss 6.9365940094 (6.9346)	Prec@1 0.000 (0.089)	Prec@5 0.000 (0.630)
Epoch: [0][580/5005]	Time 0.320 (0.337)	Speed 801.164 (760.479)	Loss 6.9015836716 (6.9341)	Prec@1 0.391 (0.094)	Prec@5 0.391 (0.626)
Epoch: [0][590/5005]	Time 0.320 (0.336)	Speed 800.813 (761.128)	Loss 6.9709172249 (6.9347)	Prec@1 0.000 (0.093)	Prec@5 0.781 (0.629)
Epoch: [0][600/5005]	Time 0.320 (0.336)	Speed 799.779 (761.742)	Loss 6.9116458893 (6.9343)	Prec@1 0.391 (0.098)	Prec@5 1.562 (0.645)
Epoch: [0][610/5005]	Time 0.320 (0.336)	Speed 799.776 (762.336)	Loss 6.9038290977 (6.9338)	Prec@1 0.391 (0.102)	Prec@5 0.781 (0.647)
Epoch: [0][620/5005]	Time 0.318 (0.336)	Speed 805.027 (762.989)	Loss 6.8869738579 (6.9331)	Prec@1 0.391 (0.107)	Prec@5 1.562 (0.662)
Epoch: [0][630/5005]	Time 0.318 (0.335)	Speed 805.812 (763.633)	Loss 6.9376974106 (6.9331)	Prec@1 0.000 (0.105)	Prec@5 0.391 (0.657)
Epoch: [0][640/5005]	Time 0.320 (0.335)	Speed 799.718 (764.172)	Loss 6.9126410484 (6.9328)	Prec@1 0.781 (0.116)	Prec@5 0.781 (0.659)
Epoch: [0][650/5005]	Time 0.319 (0.335)	Speed 802.679 (764.736)	Loss 6.9218807220 (6.9326)	Prec@1 0.000 (0.114)	Prec@5 0.391 (0.655)
Epoch: [0][660/5005]	Time 0.321 (0.335)	Speed 797.160 (765.208)	Loss 6.9141073227 (6.9324)	Prec@1 0.000 (0.112)	Prec@5 0.391 (0.651)
Epoch: [0][670/5005]	Time 0.317 (0.334)	Speed 806.310 (765.790)	Loss 6.8662767410 (6.9314)	Prec@1 0.391 (0.117)	Prec@5 1.562 (0.665)
Epoch: [0][680/5005]	Time 0.318 (0.334)	Speed 805.705 (766.349)	Loss 6.8666205406 (6.9304)	Prec@1 0.000 (0.115)	Prec@5 0.391 (0.661)
Epoch: [0][690/5005]	Time 0.321 (0.334)	Speed 798.509 (766.796)	Loss 6.8651332855 (6.9295)	Prec@1 0.391 (0.119)	Prec@5 1.172 (0.668)
Epoch: [0][700/5005]	Time 0.322 (0.334)	Speed 795.208 (767.188)	Loss 6.8620290756 (6.9285)	Prec@1 0.391 (0.123)	Prec@5 1.562 (0.681)
Epoch: [0][710/5005]	Time 0.320 (0.333)	Speed 801.230 (767.647)	Loss 6.8632917404 (6.9276)	Prec@1 0.781 (0.132)	Prec@5 1.172 (0.688)
Epoch: [0][720/5005]	Time 0.319 (0.333)	Speed 802.313 (768.108)	Loss 6.9086365700 (6.9273)	Prec@1 0.391 (0.136)	Prec@5 1.562 (0.700)
Epoch: [0][730/5005]	Time 0.318 (0.333)	Speed 804.853 (768.589)	Loss 6.8865957260 (6.9268)	Prec@1 0.000 (0.134)	Prec@5 1.172 (0.706)
Epoch: [0][740/5005]	Time 0.320 (0.333)	Speed 800.949 (769.009)	Loss 6.8470406532 (6.9257)	Prec@1 0.391 (0.137)	Prec@5 1.172 (0.713)
Epoch: [0][750/5005]	Time 0.320 (0.333)	Speed 800.913 (769.417)	Loss 6.8652510643 (6.9249)	Prec@1 1.172 (0.151)	Prec@5 1.953 (0.729)
Epoch: [0][760/5005]	Time 0.319 (0.333)	Speed 801.956 (769.828)	Loss 6.7969737053 (6.9232)	Prec@1 0.781 (0.159)	Prec@5 1.172 (0.735)
Epoch: [0][770/5005]	Time 0.322 (0.332)	Speed 795.809 (770.155)	Loss 6.8909416199 (6.9228)	Prec@1 0.000 (0.157)	Prec@5 1.562 (0.746)
Epoch: [0][780/5005]	Time 0.318 (0.332)	Speed 805.490 (770.588)	Loss 6.8618483543 (6.9220)	Prec@1 0.000 (0.155)	Prec@5 0.391 (0.741)
Epoch: [0][790/5005]	Time 0.320 (0.332)	Speed 800.125 (770.949)	Loss 6.8459839821 (6.9210)	Prec@1 0.781 (0.163)	Prec@5 1.953 (0.757)
Epoch: [0][800/5005]	Time 0.320 (0.332)	Speed 799.903 (771.298)	Loss 6.8080019951 (6.9196)	Prec@1 1.172 (0.176)	Prec@5 2.344 (0.776)
Epoch: [0][810/5005]	Time 0.321 (0.332)	Speed 797.206 (771.607)	Loss 6.8292617798 (6.9185)	Prec@1 0.000 (0.174)	Prec@5 0.000 (0.767)
Epoch: [0][820/5005]	Time 0.320 (0.332)	Speed 799.037 (771.930)	Loss 6.8718523979 (6.9179)	Prec@1 0.781 (0.181)	Prec@5 1.562 (0.776)
Epoch: [0][830/5005]	Time 0.318 (0.331)	Speed 803.996 (772.301)	Loss 6.8680181503 (6.9173)	Prec@1 0.000 (0.179)	Prec@5 1.562 (0.786)
Epoch: [0][840/5005]	Time 0.319 (0.331)	Speed 803.106 (772.654)	Loss 6.8428997993 (6.9165)	Prec@1 0.391 (0.181)	Prec@5 1.953 (0.800)
Epoch: [0][850/5005]	Time 0.323 (0.331)	Speed 791.357 (772.869)	Loss 6.8455252647 (6.9156)	Prec@1 0.391 (0.184)	Prec@5 1.562 (0.809)
Epoch: [0][860/5005]	Time 0.318 (0.331)	Speed 805.006 (773.228)	Loss 6.8314514160 (6.9146)	Prec@1 0.391 (0.186)	Prec@5 1.562 (0.818)
Epoch: [0][870/5005]	Time 0.319 (0.331)	Speed 802.190 (773.549)	Loss 6.8984904289 (6.9145)	Prec@1 0.000 (0.184)	Prec@5 0.000 (0.808)
Epoch: [0][880/5005]	Time 0.320 (0.331)	Speed 801.004 (773.850)	Loss 6.9100646973 (6.9144)	Prec@1 0.781 (0.191)	Prec@5 0.781 (0.808)
Epoch: [0][890/5005]	Time 0.320 (0.331)	Speed 800.276 (774.138)	Loss 6.8488082886 (6.9137)	Prec@1 0.391 (0.193)	Prec@5 0.391 (0.803)
Epoch: [0][900/5005]	Time 0.321 (0.331)	Speed 796.946 (774.384)	Loss 6.8098821640 (6.9125)	Prec@1 0.391 (0.195)	Prec@5 0.781 (0.803)
Epoch: [0][910/5005]	Time 0.319 (0.330)	Speed 802.701 (774.684)	Loss 6.8197503090 (6.9115)	Prec@1 0.391 (0.197)	Prec@5 0.391 (0.798)
Epoch: [0][920/5005]	Time 0.320 (0.330)	Speed 800.127 (774.952)	Loss 6.7816200256 (6.9101)	Prec@1 0.781 (0.204)	Prec@5 1.953 (0.811)
Epoch: [0][930/5005]	Time 0.320 (0.330)	Speed 801.013 (775.223)	Loss 6.8075175285 (6.9090)	Prec@1 1.172 (0.214)	Prec@5 1.562 (0.819)
Epoch: [0][940/5005]	Time 0.319 (0.330)	Speed 802.083 (775.500)	Loss 6.8539304733 (6.9084)	Prec@1 0.391 (0.216)	Prec@5 1.562 (0.827)
Epoch: [0][950/5005]	Time 0.318 (0.330)	Speed 804.738 (775.796)	Loss 6.7420792580 (6.9066)	Prec@1 0.391 (0.218)	Prec@5 2.344 (0.843)
Epoch: [0][960/5005]	Time 0.321 (0.330)	Speed 798.563 (776.027)	Loss 6.7886776924 (6.9054)	Prec@1 0.781 (0.224)	Prec@5 1.172 (0.846)
Epoch: [0][970/5005]	Time 0.321 (0.330)	Speed 798.092 (776.248)	Loss 6.7702684402 (6.9040)	Prec@1 0.781 (0.230)	Prec@5 2.734 (0.866)
Epoch: [0][980/5005]	Time 0.321 (0.330)	Speed 797.471 (776.459)	Loss 6.7884445190 (6.9028)	Prec@1 0.391 (0.231)	Prec@5 1.562 (0.873)
Epoch: [0][990/5005]	Time 0.318 (0.330)	Speed 805.107 (776.738)	Loss 6.8228569031 (6.9020)	Prec@1 0.391 (0.233)	Prec@5 0.781 (0.872)
Epoch: [0][1000/5005]	Time 0.318 (0.329)	Speed 805.008 (777.011)	Loss 6.7775378227 (6.9008)	Prec@1 0.781 (0.238)	Prec@5 1.953 (0.883)
Epoch: [0][1010/5005]	Time 0.319 (0.329)	Speed 803.729 (777.267)	Loss 6.7892646790 (6.8997)	Prec@1 1.172 (0.248)	Prec@5 3.906 (0.913)
Epoch: [0][1020/5005]	Time 0.319 (0.329)	Speed 802.228 (777.504)	Loss 6.8010282516 (6.8987)	Prec@1 0.391 (0.249)	Prec@5 1.562 (0.919)
Epoch: [0][1030/5005]	Time 0.318 (0.329)	Speed 805.072 (777.762)	Loss 6.7976098061 (6.8977)	Prec@1 0.391 (0.250)	Prec@5 1.172 (0.922)
Epoch: [0][1040/5005]	Time 0.322 (0.329)	Speed 795.559 (777.930)	Loss 6.8346548080 (6.8971)	Prec@1 0.000 (0.248)	Prec@5 1.953 (0.931)
Epoch: [0][1050/5005]	Time 0.321 (0.329)	Speed 797.501 (778.112)	Loss 6.7942538261 (6.8962)	Prec@1 0.000 (0.246)	Prec@5 0.391 (0.926)
Epoch: [0][1060/5005]	Time 0.324 (0.329)	Speed 791.175 (778.233)	Loss 6.7774829865 (6.8950)	Prec@1 0.391 (0.247)	Prec@5 1.172 (0.929)
Epoch: [0][1070/5005]	Time 0.319 (0.329)	Speed 802.246 (778.451)	Loss 6.7937049866 (6.8941)	Prec@1 0.000 (0.245)	Prec@5 1.562 (0.935)
Epoch: [0][1080/5005]	Time 0.321 (0.329)	Speed 798.329 (778.630)	Loss 6.7468066216 (6.8927)	Prec@1 0.781 (0.250)	Prec@5 2.734 (0.951)
Epoch: [0][1090/5005]	Time 0.320 (0.329)	Speed 799.089 (778.813)	Loss 6.7835116386 (6.8917)	Prec@1 0.391 (0.251)	Prec@5 1.953 (0.960)
Epoch: [0][1100/5005]	Time 0.319 (0.329)	Speed 802.812 (779.025)	Loss 6.7305512428 (6.8903)	Prec@1 0.000 (0.249)	Prec@5 0.781 (0.959)
Epoch: [0][1110/5005]	Time 0.320 (0.329)	Speed 800.907 (779.217)	Loss 6.7189459801 (6.8887)	Prec@1 1.172 (0.257)	Prec@5 2.344 (0.971)
Epoch: [0][1120/5005]	Time 0.319 (0.328)	Speed 801.894 (779.413)	Loss 6.7814502716 (6.8878)	Prec@1 0.000 (0.255)	Prec@5 0.781 (0.970)
Epoch: [0][1130/5005]	Time 0.319 (0.328)	Speed 801.995 (779.608)	Loss 6.7335729599 (6.8864)	Prec@1 0.000 (0.252)	Prec@5 1.172 (0.971)
Epoch: [0][1140/5005]	Time 0.319 (0.328)	Speed 803.751 (779.813)	Loss 6.7439484596 (6.8851)	Prec@1 1.172 (0.260)	Prec@5 2.344 (0.983)
Epoch: [0][1150/5005]	Time 0.318 (0.328)	Speed 804.794 (780.024)	Loss 6.6473522186 (6.8831)	Prec@1 0.391 (0.262)	Prec@5 1.562 (0.988)
Epoch: [0][1160/5005]	Time 0.319 (0.328)	Speed 801.768 (780.206)	Loss 6.7284746170 (6.8817)	Prec@1 0.391 (0.263)	Prec@5 2.344 (1.000)
Epoch: [0][1170/5005]	Time 0.322 (0.328)	Speed 795.941 (780.338)	Loss 6.8367071152 (6.8814)	Prec@1 0.000 (0.260)	Prec@5 1.172 (1.002)
Epoch: [0][1180/5005]	Time 0.319 (0.328)	Speed 803.607 (780.529)	Loss 6.6595897675 (6.8795)	Prec@1 0.781 (0.265)	Prec@5 3.516 (1.023)
Epoch: [0][1190/5005]	Time 0.319 (0.328)	Speed 802.693 (780.711)	Loss 6.7231884003 (6.8782)	Prec@1 1.172 (0.272)	Prec@5 3.125 (1.041)
/opt/conda/lib/python3.6/site-packages/PIL/TiffImagePlugin.py:754: UserWarning: Possibly corrupt EXIF data.  Expecting to read 2555904 bytes but only got 0. Skipping tag 0
  " Skipping tag %s" % (size, len(data), tag))
Epoch: [0][1200/5005]	Time 0.318 (0.328)	Speed 804.068 (780.900)	Loss 6.6909584999 (6.8766)	Prec@1 1.172 (0.280)	Prec@5 1.562 (1.045)
Epoch: [0][1210/5005]	Time 0.321 (0.328)	Speed 796.330 (781.025)	Loss 6.6864438057 (6.8750)	Prec@1 0.781 (0.284)	Prec@5 2.734 (1.059)
Epoch: [0][1220/5005]	Time 0.319 (0.328)	Speed 802.516 (781.196)	Loss 6.7106332779 (6.8737)	Prec@1 0.391 (0.285)	Prec@5 1.172 (1.060)
Epoch: [0][1230/5005]	Time 0.319 (0.328)	Speed 801.482 (781.357)	Loss 6.6648559570 (6.8720)	Prec@1 0.391 (0.286)	Prec@5 2.344 (1.070)
Epoch: [0][1240/5005]	Time 0.320 (0.328)	Speed 800.949 (781.511)	Loss 6.6796970367 (6.8704)	Prec@1 0.000 (0.284)	Prec@5 2.734 (1.084)
Epoch: [0][1250/5005]	Time 0.319 (0.327)	Speed 803.204 (781.680)	Loss 6.6481895447 (6.8687)	Prec@1 0.000 (0.281)	Prec@5 2.734 (1.097)
Epoch: [0][1260/5005]	Time 0.319 (0.327)	Speed 803.523 (781.849)	Loss 6.6376214027 (6.8668)	Prec@1 0.781 (0.285)	Prec@5 2.344 (1.107)
Epoch: [0][1270/5005]	Time 0.320 (0.327)	Speed 799.521 (781.985)	Loss 6.5979833603 (6.8647)	Prec@1 0.781 (0.289)	Prec@5 3.516 (1.126)
Epoch: [0][1280/5005]	Time 0.319 (0.327)	Speed 802.549 (782.141)	Loss 6.6119856834 (6.8627)	Prec@1 1.172 (0.296)	Prec@5 3.906 (1.147)
Epoch: [0][1290/5005]	Time 0.320 (0.327)	Speed 800.583 (782.281)	Loss 6.6198601723 (6.8608)	Prec@1 0.391 (0.297)	Prec@5 2.344 (1.157)
Epoch: [0][1300/5005]	Time 0.321 (0.327)	Speed 797.103 (782.393)	Loss 6.6325569153 (6.8591)	Prec@1 0.781 (0.300)	Prec@5 3.125 (1.172)
Epoch: [0][1310/5005]	Time 0.322 (0.327)	Speed 793.817 (782.479)	Loss 6.7109065056 (6.8580)	Prec@1 0.391 (0.301)	Prec@5 2.734 (1.184)
Epoch: [0][1320/5005]	Time 0.319 (0.327)	Speed 802.813 (782.629)	Loss 6.6040368080 (6.8560)	Prec@1 1.953 (0.314)	Prec@5 4.688 (1.210)
Epoch: [0][1330/5005]	Time 0.318 (0.327)	Speed 804.151 (782.787)	Loss 6.6925964355 (6.8548)	Prec@1 0.391 (0.314)	Prec@5 1.953 (1.216)
Epoch: [0][1340/5005]	Time 0.320 (0.327)	Speed 800.969 (782.919)	Loss 6.6394200325 (6.8532)	Prec@1 0.781 (0.318)	Prec@5 2.344 (1.224)
Epoch: [0][1350/5005]	Time 0.321 (0.327)	Speed 796.330 (783.017)	Loss 6.6417307854 (6.8516)	Prec@1 0.781 (0.321)	Prec@5 3.125 (1.238)
Epoch: [0][1360/5005]	Time 0.317 (0.327)	Speed 807.571 (783.192)	Loss 6.6136112213 (6.8499)	Prec@1 1.953 (0.333)	Prec@5 4.297 (1.261)
Epoch: [0][1370/5005]	Time 0.319 (0.327)	Speed 803.197 (783.334)	Loss 6.5782027245 (6.8479)	Prec@1 1.172 (0.339)	Prec@5 3.906 (1.280)
Epoch: [0][1380/5005]	Time 0.321 (0.327)	Speed 797.262 (783.434)	Loss 6.5494637489 (6.8457)	Prec@1 1.172 (0.345)	Prec@5 4.297 (1.302)
Epoch: [0][1390/5005]	Time 0.318 (0.327)	Speed 804.424 (783.581)	Loss 6.5476641655 (6.8436)	Prec@1 0.391 (0.346)	Prec@5 4.297 (1.324)
Epoch: [0][1400/5005]	Time 0.320 (0.327)	Speed 800.424 (783.699)	Loss 6.4949498177 (6.8411)	Prec@1 0.781 (0.349)	Prec@5 3.906 (1.342)
Epoch: [0][1410/5005]	Time 0.320 (0.327)	Speed 799.048 (783.805)	Loss 6.6439852715 (6.8397)	Prec@1 1.172 (0.355)	Prec@5 3.125 (1.355)
Epoch: [0][1420/5005]	Time 0.320 (0.327)	Speed 800.963 (783.924)	Loss 6.5923805237 (6.8380)	Prec@1 0.391 (0.355)	Prec@5 3.125 (1.367)
Epoch: [0][1430/5005]	Time 0.321 (0.327)	Speed 798.702 (784.025)	Loss 6.5959463120 (6.8363)	Prec@1 0.781 (0.358)	Prec@5 3.125 (1.379)
Epoch: [0][1440/5005]	Time 0.320 (0.326)	Speed 800.619 (784.138)	Loss 6.4559063911 (6.8336)	Prec@1 1.953 (0.369)	Prec@5 5.078 (1.405)
Epoch: [0][1450/5005]	Time 0.323 (0.326)	Speed 793.529 (784.202)	Loss 6.6163043976 (6.8321)	Prec@1 0.781 (0.372)	Prec@5 3.516 (1.420)
Epoch: [0][1460/5005]	Time 0.321 (0.326)	Speed 798.744 (784.300)	Loss 6.5180745125 (6.8300)	Prec@1 1.562 (0.380)	Prec@5 3.516 (1.434)
Epoch: [0][1470/5005]	Time 0.318 (0.326)	Speed 805.586 (784.441)	Loss 6.4920177460 (6.8277)	Prec@1 1.562 (0.388)	Prec@5 4.297 (1.454)
Epoch: [0][1480/5005]	Time 0.321 (0.326)	Speed 796.324 (784.520)	Loss 6.5124096870 (6.8256)	Prec@1 0.781 (0.391)	Prec@5 3.906 (1.470)
Epoch: [0][1490/5005]	Time 0.322 (0.326)	Speed 794.831 (784.588)	Loss 6.5715231895 (6.8238)	Prec@1 1.172 (0.396)	Prec@5 4.297 (1.489)
Epoch: [0][1500/5005]	Time 0.319 (0.326)	Speed 803.453 (784.711)	Loss 6.5308794975 (6.8219)	Prec@1 0.781 (0.398)	Prec@5 2.734 (1.497)
Epoch: [0][1510/5005]	Time 0.323 (0.326)	Speed 792.152 (784.760)	Loss 6.5209555626 (6.8199)	Prec@1 0.000 (0.396)	Prec@5 1.562 (1.498)
Epoch: [0][1520/5005]	Time 0.324 (0.326)	Speed 791.208 (784.802)	Loss 6.5030717850 (6.8178)	Prec@1 0.781 (0.398)	Prec@5 4.297 (1.516)
Epoch: [0][1530/5005]	Time 0.321 (0.326)	Speed 798.375 (784.889)	Loss 6.3165197372 (6.8145)	Prec@1 1.953 (0.408)	Prec@5 6.250 (1.547)
Epoch: [0][1540/5005]	Time 0.325 (0.326)	Speed 787.577 (784.906)	Loss 6.4170084000 (6.8120)	Prec@1 1.562 (0.416)	Prec@5 2.734 (1.555)
Epoch: [0][1550/5005]	Time 0.322 (0.326)	Speed 794.582 (784.968)	Loss 6.4246597290 (6.8095)	Prec@1 1.953 (0.426)	Prec@5 5.859 (1.583)
Epoch: [0][1560/5005]	Time 0.320 (0.326)	Speed 799.165 (785.058)	Loss 6.5495882034 (6.8078)	Prec@1 1.172 (0.431)	Prec@5 3.125 (1.593)
Epoch: [0][1570/5005]	Time 0.322 (0.326)	Speed 795.744 (785.125)	Loss 6.4950895309 (6.8058)	Prec@1 0.781 (0.433)	Prec@5 2.734 (1.600)
Epoch: [0][1580/5005]	Time 0.321 (0.326)	Speed 796.489 (785.196)	Loss 6.4086899757 (6.8033)	Prec@1 1.172 (0.438)	Prec@5 4.297 (1.617)
Epoch: [0][1590/5005]	Time 0.324 (0.326)	Speed 791.141 (785.233)	Loss 6.4726505280 (6.8012)	Prec@1 1.953 (0.447)	Prec@5 4.297 (1.634)
Epoch: [0][1600/5005]	Time 0.324 (0.326)	Speed 791.073 (785.269)	Loss 6.3792452812 (6.7986)	Prec@1 0.781 (0.449)	Prec@5 6.641 (1.665)
Epoch: [0][1610/5005]	Time 0.327 (0.326)	Speed 782.901 (785.254)	Loss 6.4361224174 (6.7963)	Prec@1 1.562 (0.456)	Prec@5 5.469 (1.689)
Epoch: [0][1620/5005]	Time 0.328 (0.326)	Speed 781.139 (785.229)	Loss 6.3207964897 (6.7934)	Prec@1 1.953 (0.465)	Prec@5 8.594 (1.731)
Epoch: [0][1630/5005]	Time 0.325 (0.326)	Speed 788.677 (785.250)	Loss 6.3293752670 (6.7905)	Prec@1 1.562 (0.472)	Prec@5 5.078 (1.752)
Epoch: [0][1640/5005]	Time 0.324 (0.326)	Speed 790.704 (785.283)	Loss 6.4943037033 (6.7887)	Prec@1 0.781 (0.474)	Prec@5 2.734 (1.758)
Epoch: [0][1650/5005]	Time 0.323 (0.326)	Speed 793.702 (785.333)	Loss 6.4273481369 (6.7865)	Prec@1 1.562 (0.481)	Prec@5 4.688 (1.776)
Epoch: [0][1660/5005]	Time 0.324 (0.326)	Speed 790.393 (785.364)	Loss 6.3685665131 (6.7840)	Prec@1 1.562 (0.487)	Prec@5 3.516 (1.786)
Epoch: [0][1670/5005]	Time 0.322 (0.326)	Speed 794.861 (785.420)	Loss 6.2019443512 (6.7805)	Prec@1 1.172 (0.491)	Prec@5 7.031 (1.817)
Epoch: [0][1680/5005]	Time 0.320 (0.326)	Speed 799.382 (785.501)	Loss 6.3523898125 (6.7780)	Prec@1 1.172 (0.495)	Prec@5 7.422 (1.851)
Epoch: [0][1690/5005]	Time 0.319 (0.326)	Speed 803.440 (785.605)	Loss 6.3801593781 (6.7756)	Prec@1 1.562 (0.502)	Prec@5 7.422 (1.884)
Epoch: [0][1700/5005]	Time 0.321 (0.326)	Speed 798.418 (785.679)	Loss 6.2589297295 (6.7726)	Prec@1 3.125 (0.517)	Prec@5 4.297 (1.898)
Epoch: [0][1710/5005]	Time 0.324 (0.326)	Speed 790.461 (785.707)	Loss 6.2482709885 (6.7695)	Prec@1 0.391 (0.516)	Prec@5 5.078 (1.917)
Epoch: [0][1720/5005]	Time 0.322 (0.326)	Speed 795.869 (785.765)	Loss 6.3303723335 (6.7670)	Prec@1 1.953 (0.525)	Prec@5 5.469 (1.937)
Epoch: [0][1730/5005]	Time 0.322 (0.326)	Speed 795.209 (785.819)	Loss 6.2771639824 (6.7641)	Prec@1 0.781 (0.526)	Prec@5 5.078 (1.955)
Epoch: [0][1740/5005]	Time 0.320 (0.326)	Speed 799.854 (785.899)	Loss 6.4650073051 (6.7624)	Prec@1 0.781 (0.528)	Prec@5 5.078 (1.973)
Epoch: [0][1750/5005]	Time 0.322 (0.326)	Speed 794.279 (785.946)	Loss 6.4263854027 (6.7605)	Prec@1 0.781 (0.529)	Prec@5 4.297 (1.987)
Epoch: [0][1760/5005]	Time 0.323 (0.326)	Speed 792.378 (785.982)	Loss 6.3979649544 (6.7584)	Prec@1 1.172 (0.533)	Prec@5 4.688 (2.002)
Epoch: [0][1770/5005]	Time 0.324 (0.326)	Speed 789.979 (786.005)	Loss 6.3031711578 (6.7559)	Prec@1 2.344 (0.543)	Prec@5 5.859 (2.024)
Epoch: [0][1780/5005]	Time 0.322 (0.326)	Speed 795.261 (786.056)	Loss 6.3384599686 (6.7535)	Prec@1 1.562 (0.549)	Prec@5 5.078 (2.041)
Epoch: [0][1790/5005]	Time 0.322 (0.326)	Speed 795.870 (786.110)	Loss 6.2298979759 (6.7506)	Prec@1 2.344 (0.559)	Prec@5 8.594 (2.078)
Epoch: [0][1800/5005]	Time 0.322 (0.326)	Speed 795.435 (786.161)	Loss 6.3500089645 (6.7484)	Prec@1 2.344 (0.569)	Prec@5 4.688 (2.092)
Epoch: [0][1810/5005]	Time 0.323 (0.326)	Speed 792.354 (786.195)	Loss 6.1495032310 (6.7451)	Prec@1 0.781 (0.570)	Prec@5 7.422 (2.121)
Epoch: [0][1820/5005]	Time 0.323 (0.326)	Speed 791.661 (786.225)	Loss 6.1156148911 (6.7416)	Prec@1 2.344 (0.579)	Prec@5 7.031 (2.148)
Epoch: [0][1830/5005]	Time 0.321 (0.326)	Speed 798.637 (786.292)	Loss 6.2901387215 (6.7391)	Prec@1 1.562 (0.585)	Prec@5 3.516 (2.156)
Epoch: [0][1840/5005]	Time 0.324 (0.326)	Speed 789.474 (786.309)	Loss 6.2208609581 (6.7363)	Prec@1 1.172 (0.588)	Prec@5 7.031 (2.182)
Epoch: [0][1850/5005]	Time 0.320 (0.326)	Speed 800.641 (786.385)	Loss 6.2522225380 (6.7337)	Prec@1 0.781 (0.589)	Prec@5 7.812 (2.213)
Epoch: [0][1860/5005]	Time 0.319 (0.326)	Speed 801.600 (786.466)	Loss 6.0754070282 (6.7302)	Prec@1 3.906 (0.607)	Prec@5 9.375 (2.251)
Epoch: [0][1870/5005]	Time 0.325 (0.326)	Speed 788.233 (786.475)	Loss 6.3494687080 (6.7281)	Prec@1 0.391 (0.606)	Prec@5 5.078 (2.266)
Epoch: [0][1880/5005]	Time 0.322 (0.325)	Speed 794.849 (786.519)	Loss 6.1290740967 (6.7250)	Prec@1 3.125 (0.619)	Prec@5 8.984 (2.302)
Epoch: [0][1890/5005]	Time 0.322 (0.325)	Speed 793.981 (786.558)	Loss 6.2059521675 (6.7222)	Prec@1 0.781 (0.620)	Prec@5 6.250 (2.323)
Epoch: [0][1900/5005]	Time 0.322 (0.325)	Speed 795.859 (786.607)	Loss 6.1223158836 (6.7190)	Prec@1 1.953 (0.627)	Prec@5 5.078 (2.338)
Epoch: [0][1910/5005]	Time 0.320 (0.325)	Speed 800.439 (786.678)	Loss 6.1488013268 (6.7161)	Prec@1 1.172 (0.630)	Prec@5 6.641 (2.360)
Epoch: [0][1920/5005]	Time 0.322 (0.325)	Speed 794.435 (786.718)	Loss 6.2552614212 (6.7137)	Prec@1 2.344 (0.639)	Prec@5 7.031 (2.384)
Epoch: [0][1930/5005]	Time 0.321 (0.325)	Speed 796.855 (786.770)	Loss 6.0890469551 (6.7104)	Prec@1 2.344 (0.648)	Prec@5 5.469 (2.400)
Epoch: [0][1940/5005]	Time 0.323 (0.325)	Speed 792.833 (786.801)	Loss 6.1278009415 (6.7074)	Prec@1 0.391 (0.646)	Prec@5 6.641 (2.422)
Epoch: [0][1950/5005]	Time 0.322 (0.325)	Speed 795.054 (786.843)	Loss 6.3051033020 (6.7054)	Prec@1 0.781 (0.647)	Prec@5 3.906 (2.430)
Epoch: [0][1960/5005]	Time 0.321 (0.325)	Speed 796.478 (786.891)	Loss 6.2404994965 (6.7030)	Prec@1 1.953 (0.654)	Prec@5 4.297 (2.439)
Epoch: [0][1970/5005]	Time 0.325 (0.325)	Speed 786.723 (786.890)	Loss 6.1270933151 (6.7001)	Prec@1 1.562 (0.658)	Prec@5 6.250 (2.459)
Epoch: [0][1980/5005]	Time 0.319 (0.325)	Speed 802.965 (786.970)	Loss 6.2154040337 (6.6976)	Prec@1 1.953 (0.665)	Prec@5 6.641 (2.480)
Epoch: [0][1990/5005]	Time 0.320 (0.325)	Speed 800.652 (787.037)	Loss 6.1412167549 (6.6948)	Prec@1 1.172 (0.667)	Prec@5 6.641 (2.501)
Epoch: [0][2000/5005]	Time 0.319 (0.325)	Speed 803.598 (787.119)	Loss 6.1159648895 (6.6919)	Prec@1 3.906 (0.684)	Prec@5 9.375 (2.535)
Epoch: [0][2010/5005]	Time 0.319 (0.325)	Speed 802.063 (787.192)	Loss 6.1704602242 (6.6893)	Prec@1 1.953 (0.690)	Prec@5 6.641 (2.556)
Epoch: [0][2020/5005]	Time 0.320 (0.325)	Speed 799.817 (787.253)	Loss 6.1064553261 (6.6864)	Prec@1 1.562 (0.694)	Prec@5 8.203 (2.584)
Epoch: [0][2030/5005]	Time 0.319 (0.325)	Speed 802.638 (787.327)	Loss 6.1198740005 (6.6837)	Prec@1 3.125 (0.706)	Prec@5 7.812 (2.609)
Epoch: [0][2040/5005]	Time 0.322 (0.325)	Speed 795.411 (787.367)	Loss 6.1511406898 (6.6810)	Prec@1 1.562 (0.710)	Prec@5 6.250 (2.627)
Epoch: [0][2050/5005]	Time 0.320 (0.325)	Speed 798.835 (787.422)	Loss 6.0849132538 (6.6781)	Prec@1 2.344 (0.718)	Prec@5 6.250 (2.645)
Epoch: [0][2060/5005]	Time 0.322 (0.325)	Speed 794.873 (787.458)	Loss 6.1369962692 (6.6755)	Prec@1 0.391 (0.717)	Prec@5 5.078 (2.657)
Epoch: [0][2070/5005]	Time 0.318 (0.325)	Speed 804.022 (787.536)	Loss 6.2952818871 (6.6737)	Prec@1 0.781 (0.717)	Prec@5 6.250 (2.674)
Epoch: [0][2080/5005]	Time 0.327 (0.325)	Speed 783.638 (787.517)	Loss 5.9307188988 (6.6701)	Prec@1 1.953 (0.723)	Prec@5 7.031 (2.695)
Epoch: [0][2090/5005]	Time 0.321 (0.325)	Speed 797.821 (787.566)	Loss 5.9098143578 (6.6665)	Prec@1 2.734 (0.733)	Prec@5 12.109 (2.740)
Epoch: [0][2100/5005]	Time 0.323 (0.325)	Speed 792.725 (787.590)	Loss 6.1056098938 (6.6638)	Prec@1 2.344 (0.740)	Prec@5 7.031 (2.760)
Epoch: [0][2110/5005]	Time 0.320 (0.325)	Speed 799.259 (787.645)	Loss 6.0503325462 (6.6609)	Prec@1 4.297 (0.757)	Prec@5 10.156 (2.795)
Epoch: [0][2120/5005]	Time 0.322 (0.325)	Speed 794.021 (787.675)	Loss 6.0954465866 (6.6582)	Prec@1 1.562 (0.761)	Prec@5 7.031 (2.815)
Epoch: [0][2130/5005]	Time 0.324 (0.325)	Speed 790.264 (787.687)	Loss 5.9649057388 (6.6550)	Prec@1 3.516 (0.774)	Prec@5 8.203 (2.841)
Epoch: [0][2140/5005]	Time 0.321 (0.325)	Speed 797.917 (787.734)	Loss 5.9758782387 (6.6518)	Prec@1 3.125 (0.785)	Prec@5 8.594 (2.868)
Epoch: [0][2150/5005]	Time 0.322 (0.325)	Speed 794.613 (787.766)	Loss 6.0533533096 (6.6490)	Prec@1 1.172 (0.787)	Prec@5 7.812 (2.891)
Epoch: [0][2160/5005]	Time 0.321 (0.325)	Speed 797.630 (787.811)	Loss 5.9632296562 (6.6458)	Prec@1 3.516 (0.799)	Prec@5 8.594 (2.917)
Epoch: [0][2170/5005]	Time 0.323 (0.325)	Speed 793.663 (787.837)	Loss 6.0395526886 (6.6430)	Prec@1 1.953 (0.805)	Prec@5 7.031 (2.936)
Epoch: [0][2180/5005]	Time 0.319 (0.325)	Speed 801.338 (787.898)	Loss 6.1571578979 (6.6408)	Prec@1 0.000 (0.801)	Prec@5 6.250 (2.951)
Epoch: [0][2190/5005]	Time 0.322 (0.325)	Speed 795.940 (787.935)	Loss 5.9016251564 (6.6374)	Prec@1 3.516 (0.813)	Prec@5 8.984 (2.979)
Epoch: [0][2200/5005]	Time 0.320 (0.325)	Speed 800.337 (787.990)	Loss 6.0693836212 (6.6349)	Prec@1 2.344 (0.820)	Prec@5 8.594 (3.004)
Epoch: [0][2210/5005]	Time 0.319 (0.325)	Speed 803.671 (788.060)	Loss 5.9292078018 (6.6317)	Prec@1 1.953 (0.825)	Prec@5 8.984 (3.031)
Epoch: [0][2220/5005]	Time 0.320 (0.325)	Speed 800.335 (788.114)	Loss 6.0304150581 (6.6289)	Prec@1 2.734 (0.834)	Prec@5 8.203 (3.055)
Epoch: [0][2230/5005]	Time 0.320 (0.325)	Speed 799.684 (788.165)	Loss 6.0149240494 (6.6262)	Prec@1 3.125 (0.844)	Prec@5 5.469 (3.065)
Epoch: [0][2240/5005]	Time 0.321 (0.325)	Speed 797.652 (788.207)	Loss 6.0480008125 (6.6236)	Prec@1 3.125 (0.854)	Prec@5 8.984 (3.092)
Epoch: [0][2250/5005]	Time 0.320 (0.325)	Speed 799.332 (788.256)	Loss 6.0903882980 (6.6212)	Prec@1 2.734 (0.863)	Prec@5 8.984 (3.118)
Epoch: [0][2260/5005]	Time 0.321 (0.325)	Speed 797.330 (788.296)	Loss 5.9271426201 (6.6182)	Prec@1 2.344 (0.869)	Prec@5 10.547 (3.151)
Epoch: [0][2270/5005]	Time 0.324 (0.325)	Speed 790.686 (788.306)	Loss 6.1377902031 (6.6161)	Prec@1 3.125 (0.879)	Prec@5 8.594 (3.175)
Epoch: [0][2280/5005]	Time 0.323 (0.325)	Speed 792.173 (788.323)	Loss 5.9395556450 (6.6131)	Prec@1 1.562 (0.882)	Prec@5 7.422 (3.194)
Epoch: [0][2290/5005]	Time 0.320 (0.325)	Speed 799.522 (788.371)	Loss 5.9338340759 (6.6101)	Prec@1 3.906 (0.896)	Prec@5 10.938 (3.227)
Epoch: [0][2300/5005]	Time 0.321 (0.325)	Speed 798.241 (788.414)	Loss 5.9753351212 (6.6074)	Prec@1 3.516 (0.907)	Prec@5 8.594 (3.251)
Epoch: [0][2310/5005]	Time 0.325 (0.325)	Speed 788.788 (788.415)	Loss 6.0124096870 (6.6048)	Prec@1 1.953 (0.911)	Prec@5 8.984 (3.276)
Epoch: [0][2320/5005]	Time 0.321 (0.325)	Speed 797.903 (788.456)	Loss 6.0596089363 (6.6024)	Prec@1 2.734 (0.919)	Prec@5 7.422 (3.293)
/opt/conda/lib/python3.6/site-packages/PIL/TiffImagePlugin.py:754: UserWarning: Possibly corrupt EXIF data.  Expecting to read 2555904 bytes but only got 0. Skipping tag 0
  " Skipping tag %s" % (size, len(data), tag))
Epoch: [0][2330/5005]	Time 0.319 (0.325)	Speed 803.224 (788.518)	Loss 5.9474763870 (6.5996)	Prec@1 2.734 (0.927)	Prec@5 8.203 (3.314)
Epoch: [0][2340/5005]	Time 0.319 (0.325)	Speed 802.689 (788.577)	Loss 5.9146399498 (6.5967)	Prec@1 3.125 (0.936)	Prec@5 12.109 (3.352)
Epoch: [0][2350/5005]	Time 0.320 (0.325)	Speed 800.391 (788.627)	Loss 5.9888172150 (6.5941)	Prec@1 2.344 (0.942)	Prec@5 7.812 (3.371)
Epoch: [0][2360/5005]	Time 0.320 (0.325)	Speed 800.157 (788.675)	Loss 5.9037723541 (6.5912)	Prec@1 2.734 (0.950)	Prec@5 7.031 (3.387)
Epoch: [0][2370/5005]	Time 0.323 (0.325)	Speed 792.447 (788.691)	Loss 5.9106926918 (6.5883)	Prec@1 4.297 (0.964)	Prec@5 10.938 (3.418)
Epoch: [0][2380/5005]	Time 0.322 (0.325)	Speed 794.014 (788.713)	Loss 5.8584985733 (6.5853)	Prec@1 3.906 (0.977)	Prec@5 11.328 (3.452)
Epoch: [0][2390/5005]	Time 0.319 (0.325)	Speed 801.412 (788.765)	Loss 5.9079790115 (6.5824)	Prec@1 2.734 (0.984)	Prec@5 10.938 (3.483)
Epoch: [0][2400/5005]	Time 0.324 (0.325)	Speed 789.704 (788.769)	Loss 5.9147434235 (6.5796)	Prec@1 5.859 (1.004)	Prec@5 10.938 (3.514)
Epoch: [0][2410/5005]	Time 0.320 (0.325)	Speed 800.926 (788.819)	Loss 5.8417029381 (6.5766)	Prec@1 3.125 (1.013)	Prec@5 10.156 (3.542)
Epoch: [0][2420/5005]	Time 0.319 (0.325)	Speed 802.961 (788.876)	Loss 5.8304624557 (6.5735)	Prec@1 3.516 (1.023)	Prec@5 12.109 (3.577)
Epoch: [0][2430/5005]	Time 0.321 (0.324)	Speed 797.436 (788.911)	Loss 5.8603043556 (6.5706)	Prec@1 3.906 (1.035)	Prec@5 10.156 (3.604)
Epoch: [0][2440/5005]	Time 0.320 (0.324)	Speed 798.950 (788.952)	Loss 5.9870233536 (6.5682)	Prec@1 1.953 (1.039)	Prec@5 8.984 (3.626)
Epoch: [0][2450/5005]	Time 0.319 (0.324)	Speed 803.575 (789.011)	Loss 5.8402247429 (6.5652)	Prec@1 3.125 (1.048)	Prec@5 12.109 (3.661)
Epoch: [0][2460/5005]	Time 0.321 (0.324)	Speed 796.740 (789.042)	Loss 5.7538895607 (6.5619)	Prec@1 5.078 (1.064)	Prec@5 10.547 (3.689)
Epoch: [0][2470/5005]	Time 0.320 (0.324)	Speed 800.189 (789.086)	Loss 5.9759526253 (6.5595)	Prec@1 1.172 (1.064)	Prec@5 7.422 (3.704)
Epoch: [0][2480/5005]	Time 0.321 (0.324)	Speed 798.607 (789.124)	Loss 6.0337200165 (6.5574)	Prec@1 2.344 (1.069)	Prec@5 10.156 (3.730)
Epoch: [0][2490/5005]	Time 0.322 (0.324)	Speed 795.883 (789.151)	Loss 5.8509144783 (6.5546)	Prec@1 4.297 (1.082)	Prec@5 10.547 (3.757)
Epoch: [0][2500/5005]	Time 0.320 (0.324)	Speed 800.910 (789.197)	Loss 5.8508262634 (6.5517)	Prec@1 3.906 (1.094)	Prec@5 9.766 (3.781)
Epoch: [0][2510/5005]	Time 0.323 (0.324)	Speed 793.270 (789.213)	Loss 5.7916564941 (6.5487)	Prec@1 3.516 (1.103)	Prec@5 9.766 (3.805)
Epoch: [0][2520/5005]	Time 0.324 (0.324)	Speed 790.067 (789.217)	Loss 5.7903690338 (6.5457)	Prec@1 3.516 (1.113)	Prec@5 10.938 (3.833)
Epoch: [0][2530/5005]	Time 0.323 (0.324)	Speed 793.009 (789.232)	Loss 5.9788303375 (6.5435)	Prec@1 3.125 (1.121)	Prec@5 12.109 (3.866)
Epoch: [0][2540/5005]	Time 0.319 (0.324)	Speed 802.954 (789.285)	Loss 5.9206032753 (6.5410)	Prec@1 3.125 (1.129)	Prec@5 10.156 (3.891)
Epoch: [0][2550/5005]	Time 0.323 (0.324)	Speed 793.399 (789.301)	Loss 5.7508616447 (6.5379)	Prec@1 3.906 (1.140)	Prec@5 7.422 (3.905)
Epoch: [0][2560/5005]	Time 0.325 (0.324)	Speed 787.647 (789.294)	Loss 5.7477083206 (6.5348)	Prec@1 3.516 (1.149)	Prec@5 12.891 (3.940)
Epoch: [0][2570/5005]	Time 0.322 (0.324)	Speed 795.506 (789.318)	Loss 5.7354488373 (6.5317)	Prec@1 5.859 (1.167)	Prec@5 12.891 (3.975)
Epoch: [0][2580/5005]	Time 0.324 (0.324)	Speed 789.870 (789.321)	Loss 5.8259925842 (6.5290)	Prec@1 2.734 (1.173)	Prec@5 9.766 (3.997)
Epoch: [0][2590/5005]	Time 0.321 (0.324)	Speed 796.403 (789.348)	Loss 5.9721550941 (6.5268)	Prec@1 3.125 (1.181)	Prec@5 9.375 (4.018)
Epoch: [0][2600/5005]	Time 0.322 (0.324)	Speed 795.039 (789.369)	Loss 5.8627452850 (6.5243)	Prec@1 3.125 (1.188)	Prec@5 9.766 (4.040)
Epoch: [0][2610/5005]	Time 0.319 (0.324)	Speed 802.050 (789.417)	Loss 5.6846323013 (6.5211)	Prec@1 3.906 (1.199)	Prec@5 11.328 (4.068)
Epoch: [0][2620/5005]	Time 0.325 (0.324)	Speed 787.585 (789.410)	Loss 5.6632928848 (6.5178)	Prec@1 2.734 (1.205)	Prec@5 12.500 (4.100)
Epoch: [0][2630/5005]	Time 0.323 (0.324)	Speed 793.708 (789.426)	Loss 5.7027673721 (6.5147)	Prec@1 3.516 (1.213)	Prec@5 15.234 (4.142)
Epoch: [0][2640/5005]	Time 0.325 (0.324)	Speed 787.758 (789.420)	Loss 5.7814860344 (6.5119)	Prec@1 3.516 (1.222)	Prec@5 10.156 (4.165)
Epoch: [0][2650/5005]	Time 0.323 (0.324)	Speed 792.801 (789.433)	Loss 5.8385095596 (6.5094)	Prec@1 0.781 (1.221)	Prec@5 7.812 (4.179)
Epoch: [0][2660/5005]	Time 0.322 (0.324)	Speed 793.869 (789.449)	Loss 5.7295427322 (6.5064)	Prec@1 2.734 (1.226)	Prec@5 10.938 (4.204)
Epoch: [0][2670/5005]	Time 0.318 (0.324)	Speed 804.150 (789.503)	Loss 5.7518343925 (6.5036)	Prec@1 3.125 (1.233)	Prec@5 14.062 (4.241)
Epoch: [0][2680/5005]	Time 0.321 (0.324)	Speed 798.388 (789.536)	Loss 5.8483958244 (6.5012)	Prec@1 3.516 (1.242)	Prec@5 11.719 (4.269)
Epoch: [0][2690/5005]	Time 0.325 (0.324)	Speed 787.901 (789.530)	Loss 5.7126059532 (6.4982)	Prec@1 4.688 (1.255)	Prec@5 12.891 (4.301)
Epoch: [0][2700/5005]	Time 0.325 (0.324)	Speed 788.485 (789.526)	Loss 5.8090825081 (6.4957)	Prec@1 4.297 (1.266)	Prec@5 11.328 (4.327)
Epoch: [0][2710/5005]	Time 0.324 (0.324)	Speed 789.499 (789.526)	Loss 5.7446765900 (6.4929)	Prec@1 4.297 (1.277)	Prec@5 10.938 (4.352)
Epoch: [0][2720/5005]	Time 0.324 (0.324)	Speed 790.631 (789.530)	Loss 5.5889301300 (6.4896)	Prec@1 5.078 (1.291)	Prec@5 13.672 (4.386)
Epoch: [0][2730/5005]	Time 0.320 (0.324)	Speed 799.457 (789.566)	Loss 5.8155884743 (6.4871)	Prec@1 5.078 (1.305)	Prec@5 12.109 (4.414)
Epoch: [0][2740/5005]	Time 0.323 (0.324)	Speed 791.823 (789.574)	Loss 5.8484168053 (6.4848)	Prec@1 3.516 (1.313)	Prec@5 11.719 (4.441)
Epoch: [0][2750/5005]	Time 0.321 (0.324)	Speed 797.955 (789.605)	Loss 5.8103566170 (6.4823)	Prec@1 4.297 (1.324)	Prec@5 10.938 (4.464)
Epoch: [0][2760/5005]	Time 0.320 (0.324)	Speed 800.797 (789.645)	Loss 5.7225747108 (6.4796)	Prec@1 2.344 (1.328)	Prec@5 8.594 (4.479)
Epoch: [0][2770/5005]	Time 0.321 (0.324)	Speed 796.654 (789.670)	Loss 5.6768836975 (6.4767)	Prec@1 5.469 (1.343)	Prec@5 13.672 (4.513)
Epoch: [0][2780/5005]	Time 0.326 (0.324)	Speed 785.826 (789.656)	Loss 5.6982107162 (6.4739)	Prec@1 3.125 (1.349)	Prec@5 10.547 (4.534)
Epoch: [0][2790/5005]	Time 0.327 (0.324)	Speed 783.860 (789.635)	Loss 5.9345808029 (6.4720)	Prec@1 3.516 (1.357)	Prec@5 8.594 (4.549)
Epoch: [0][2800/5005]	Time 0.320 (0.324)	Speed 799.691 (789.670)	Loss 5.8020133972 (6.4696)	Prec@1 2.734 (1.362)	Prec@5 10.938 (4.572)
Epoch: [0][2810/5005]	Time 0.319 (0.324)	Speed 802.335 (789.715)	Loss 5.7657775879 (6.4671)	Prec@1 3.516 (1.369)	Prec@5 10.938 (4.594)
Epoch: [0][2820/5005]	Time 0.323 (0.324)	Speed 793.298 (789.727)	Loss 5.5894975662 (6.4639)	Prec@1 6.250 (1.387)	Prec@5 14.453 (4.629)
Epoch: [0][2830/5005]	Time 0.321 (0.324)	Speed 798.648 (789.758)	Loss 5.6939539909 (6.4612)	Prec@1 4.297 (1.397)	Prec@5 12.109 (4.656)
Epoch: [0][2840/5005]	Time 0.329 (0.324)	Speed 778.778 (789.719)	Loss 5.6937837601 (6.4585)	Prec@1 5.469 (1.411)	Prec@5 13.281 (4.686)
Epoch: [0][2850/5005]	Time 0.328 (0.324)	Speed 779.887 (789.684)	Loss 5.7021818161 (6.4559)	Prec@1 4.297 (1.421)	Prec@5 10.938 (4.708)
Epoch: [0][2860/5005]	Time 0.319 (0.324)	Speed 802.454 (789.728)	Loss 5.7083106041 (6.4533)	Prec@1 4.297 (1.431)	Prec@5 12.109 (4.734)
Epoch: [0][2870/5005]	Time 0.322 (0.324)	Speed 794.162 (789.744)	Loss 5.5315790176 (6.4500)	Prec@1 4.297 (1.441)	Prec@5 14.453 (4.768)
Epoch: [0][2880/5005]	Time 0.321 (0.324)	Speed 798.385 (789.773)	Loss 5.5344676971 (6.4469)	Prec@1 6.250 (1.458)	Prec@5 15.234 (4.804)
Epoch: [0][2890/5005]	Time 0.322 (0.324)	Speed 793.945 (789.788)	Loss 5.6166434288 (6.4440)	Prec@1 3.125 (1.464)	Prec@5 11.719 (4.828)
Epoch: [0][2900/5005]	Time 0.323 (0.324)	Speed 792.174 (789.796)	Loss 5.6065039635 (6.4411)	Prec@1 3.516 (1.471)	Prec@5 13.672 (4.859)
Epoch: [0][2910/5005]	Time 0.321 (0.324)	Speed 797.473 (789.822)	Loss 5.8647866249 (6.4391)	Prec@1 4.688 (1.482)	Prec@5 14.062 (4.890)
Epoch: [0][2920/5005]	Time 0.320 (0.324)	Speed 800.467 (789.858)	Loss 5.4340867996 (6.4357)	Prec@1 5.469 (1.496)	Prec@5 17.969 (4.935)
Epoch: [0][2930/5005]	Time 0.324 (0.324)	Speed 790.183 (789.859)	Loss 5.7240366936 (6.4333)	Prec@1 2.734 (1.500)	Prec@5 12.891 (4.962)
Epoch: [0][2940/5005]	Time 0.320 (0.324)	Speed 800.445 (789.895)	Loss 5.6059956551 (6.4304)	Prec@1 4.297 (1.509)	Prec@5 11.719 (4.985)
Epoch: [0][2950/5005]	Time 0.320 (0.324)	Speed 800.416 (789.930)	Loss 5.8125853539 (6.4283)	Prec@1 5.078 (1.521)	Prec@5 11.719 (5.008)
Epoch: [0][2960/5005]	Time 0.321 (0.324)	Speed 798.133 (789.957)	Loss 5.5084576607 (6.4252)	Prec@1 8.984 (1.547)	Prec@5 17.578 (5.050)
Epoch: [0][2970/5005]	Time 0.332 (0.324)	Speed 772.055 (789.896)	Loss 5.5690641403 (6.4224)	Prec@1 4.688 (1.557)	Prec@5 15.234 (5.085)
Epoch: [0][2980/5005]	Time 0.330 (0.324)	Speed 775.461 (789.846)	Loss 5.5931110382 (6.4196)	Prec@1 3.906 (1.565)	Prec@5 12.891 (5.111)
Epoch: [0][2990/5005]	Time 0.322 (0.324)	Speed 795.278 (789.864)	Loss 5.5619568825 (6.4167)	Prec@1 4.297 (1.574)	Prec@5 14.062 (5.141)
Epoch: [0][3000/5005]	Time 0.320 (0.324)	Speed 799.650 (789.896)	Loss 5.8267674446 (6.4147)	Prec@1 2.344 (1.577)	Prec@5 8.984 (5.154)
Epoch: [0][3010/5005]	Time 0.326 (0.324)	Speed 785.071 (789.880)	Loss 5.6307377815 (6.4121)	Prec@1 4.688 (1.587)	Prec@5 15.234 (5.187)
Epoch: [0][3020/5005]	Time 0.323 (0.324)	Speed 792.609 (789.889)	Loss 5.6162648201 (6.4095)	Prec@1 5.078 (1.599)	Prec@5 14.844 (5.219)
Epoch: [0][3030/5005]	Time 0.321 (0.324)	Speed 796.690 (789.912)	Loss 5.7465815544 (6.4073)	Prec@1 5.469 (1.611)	Prec@5 11.719 (5.241)
Epoch: [0][3040/5005]	Time 0.321 (0.324)	Speed 797.910 (789.938)	Loss 5.7666177750 (6.4052)	Prec@1 2.734 (1.615)	Prec@5 12.500 (5.264)
Epoch: [0][3050/5005]	Time 0.322 (0.324)	Speed 795.417 (789.955)	Loss 5.5818696022 (6.4025)	Prec@1 5.859 (1.629)	Prec@5 13.281 (5.291)
Epoch: [0][3060/5005]	Time 0.330 (0.324)	Speed 776.334 (789.910)	Loss 5.5265974998 (6.3996)	Prec@1 6.250 (1.644)	Prec@5 16.406 (5.327)
Epoch: [0][3070/5005]	Time 0.322 (0.324)	Speed 796.094 (789.930)	Loss 5.5161986351 (6.3968)	Prec@1 5.859 (1.658)	Prec@5 17.578 (5.367)
Epoch: [0][3080/5005]	Time 0.320 (0.324)	Speed 800.187 (789.963)	Loss 5.6026682854 (6.3942)	Prec@1 4.688 (1.668)	Prec@5 14.062 (5.395)
Epoch: [0][3090/5005]	Time 0.321 (0.324)	Speed 797.706 (789.988)	Loss 5.5085282326 (6.3913)	Prec@1 4.688 (1.678)	Prec@5 14.453 (5.425)
Epoch: [0][3100/5005]	Time 0.324 (0.324)	Speed 791.176 (789.992)	Loss 5.5405001640 (6.3886)	Prec@1 3.906 (1.685)	Prec@5 16.016 (5.459)
Epoch: [0][3110/5005]	Time 0.319 (0.324)	Speed 801.842 (790.029)	Loss 5.5224599838 (6.3858)	Prec@1 4.688 (1.694)	Prec@5 16.016 (5.493)
Epoch: [0][3120/5005]	Time 0.320 (0.324)	Speed 799.249 (790.058)	Loss 5.4424757957 (6.3828)	Prec@1 5.469 (1.706)	Prec@5 14.844 (5.523)
Epoch: [0][3130/5005]	Time 0.322 (0.324)	Speed 795.222 (790.075)	Loss 5.3097019196 (6.3793)	Prec@1 6.250 (1.721)	Prec@5 18.750 (5.565)
Epoch: [0][3140/5005]	Time 0.323 (0.324)	Speed 792.297 (790.082)	Loss 5.6284527779 (6.3769)	Prec@1 5.078 (1.732)	Prec@5 13.672 (5.591)
Epoch: [0][3150/5005]	Time 0.325 (0.324)	Speed 787.197 (790.073)	Loss 5.6092233658 (6.3745)	Prec@1 5.078 (1.742)	Prec@5 10.938 (5.608)
Epoch: [0][3160/5005]	Time 0.325 (0.324)	Speed 787.498 (790.065)	Loss 5.4990763664 (6.3717)	Prec@1 6.250 (1.757)	Prec@5 14.453 (5.636)
Epoch: [0][3170/5005]	Time 0.320 (0.324)	Speed 798.932 (790.092)	Loss 5.5646247864 (6.3692)	Prec@1 6.250 (1.771)	Prec@5 14.844 (5.665)
Epoch: [0][3180/5005]	Time 0.320 (0.324)	Speed 798.815 (790.119)	Loss 5.6788263321 (6.3670)	Prec@1 5.078 (1.781)	Prec@5 12.500 (5.686)
Epoch: [0][3190/5005]	Time 0.322 (0.324)	Speed 793.817 (790.131)	Loss 5.5830965042 (6.3646)	Prec@1 7.031 (1.798)	Prec@5 17.188 (5.722)
Epoch: [0][3200/5005]	Time 0.326 (0.324)	Speed 784.666 (790.114)	Loss 5.5641260147 (6.3621)	Prec@1 3.906 (1.804)	Prec@5 14.844 (5.751)
Epoch: [0][3210/5005]	Time 0.320 (0.324)	Speed 800.340 (790.145)	Loss 5.5636429787 (6.3596)	Prec@1 4.688 (1.813)	Prec@5 14.062 (5.777)
Epoch: [0][3220/5005]	Time 0.323 (0.324)	Speed 791.407 (790.149)	Loss 5.4598941803 (6.3568)	Prec@1 3.516 (1.818)	Prec@5 11.328 (5.794)
Epoch: [0][3230/5005]	Time 0.323 (0.324)	Speed 792.775 (790.157)	Loss 5.5786147118 (6.3544)	Prec@1 5.859 (1.831)	Prec@5 14.844 (5.822)
Epoch: [0][3240/5005]	Time 0.321 (0.324)	Speed 797.112 (790.178)	Loss 5.3834829330 (6.3514)	Prec@1 8.203 (1.851)	Prec@5 19.141 (5.863)
Epoch: [0][3250/5005]	Time 0.325 (0.324)	Speed 786.569 (790.167)	Loss 5.6234464645 (6.3491)	Prec@1 5.078 (1.861)	Prec@5 14.453 (5.889)
Epoch: [0][3260/5005]	Time 0.324 (0.324)	Speed 791.331 (790.171)	Loss 5.5075645447 (6.3466)	Prec@1 5.078 (1.870)	Prec@5 14.844 (5.917)
Epoch: [0][3270/5005]	Time 0.321 (0.324)	Speed 797.271 (790.192)	Loss 5.7844991684 (6.3448)	Prec@1 3.516 (1.875)	Prec@5 11.719 (5.935)
Epoch: [0][3280/5005]	Time 0.321 (0.324)	Speed 797.649 (790.215)	Loss 5.4637136459 (6.3422)	Prec@1 3.516 (1.880)	Prec@5 14.844 (5.962)
Epoch: [0][3290/5005]	Time 0.323 (0.324)	Speed 793.185 (790.224)	Loss 5.6551003456 (6.3401)	Prec@1 3.906 (1.887)	Prec@5 12.891 (5.983)
Epoch: [0][3300/5005]	Time 0.326 (0.324)	Speed 785.179 (790.208)	Loss 5.6315231323 (6.3379)	Prec@1 3.125 (1.890)	Prec@5 11.328 (5.999)
Epoch: [0][3310/5005]	Time 0.323 (0.324)	Speed 793.618 (790.219)	Loss 5.5415120125 (6.3355)	Prec@1 3.125 (1.894)	Prec@5 13.672 (6.022)
Epoch: [0][3320/5005]	Time 0.322 (0.324)	Speed 793.811 (790.229)	Loss 5.6847500801 (6.3335)	Prec@1 3.906 (1.900)	Prec@5 11.328 (6.038)
Epoch: [0][3330/5005]	Time 0.319 (0.324)	Speed 802.213 (790.265)	Loss 5.6152811050 (6.3314)	Prec@1 4.688 (1.909)	Prec@5 13.281 (6.060)
Epoch: [0][3340/5005]	Time 0.320 (0.324)	Speed 799.838 (790.293)	Loss 5.4507904053 (6.3288)	Prec@1 4.688 (1.917)	Prec@5 14.062 (6.084)
Epoch: [0][3350/5005]	Time 0.320 (0.324)	Speed 798.951 (790.319)	Loss 5.5547780991 (6.3264)	Prec@1 5.859 (1.929)	Prec@5 14.062 (6.108)
Epoch: [0][3360/5005]	Time 0.326 (0.324)	Speed 785.925 (790.306)	Loss 5.5222740173 (6.3241)	Prec@1 6.641 (1.943)	Prec@5 16.016 (6.137)
Epoch: [0][3370/5005]	Time 0.322 (0.324)	Speed 796.109 (790.323)	Loss 5.4975709915 (6.3216)	Prec@1 5.078 (1.952)	Prec@5 15.234 (6.164)
Epoch: [0][3380/5005]	Time 0.320 (0.324)	Speed 798.792 (790.348)	Loss 5.3973503113 (6.3189)	Prec@1 5.469 (1.962)	Prec@5 17.188 (6.197)
Epoch: [0][3390/5005]	Time 0.319 (0.324)	Speed 803.282 (790.385)	Loss 5.4072427750 (6.3162)	Prec@1 6.250 (1.975)	Prec@5 16.797 (6.228)
Epoch: [0][3400/5005]	Time 0.324 (0.324)	Speed 791.314 (790.388)	Loss 5.5954127312 (6.3141)	Prec@1 3.516 (1.980)	Prec@5 13.281 (6.249)
Epoch: [0][3410/5005]	Time 0.327 (0.324)	Speed 781.800 (790.362)	Loss 5.2826271057 (6.3110)	Prec@1 4.688 (1.987)	Prec@5 20.312 (6.290)
Epoch: [0][3420/5005]	Time 0.328 (0.324)	Speed 780.030 (790.332)	Loss 5.5683312416 (6.3089)	Prec@1 3.125 (1.991)	Prec@5 11.719 (6.306)
Epoch: [0][3430/5005]	Time 0.323 (0.324)	Speed 793.527 (790.341)	Loss 5.6110572815 (6.3068)	Prec@1 5.469 (2.001)	Prec@5 14.844 (6.331)
Epoch: [0][3440/5005]	Time 0.320 (0.324)	Speed 799.401 (790.367)	Loss 5.4632387161 (6.3044)	Prec@1 7.031 (2.016)	Prec@5 17.578 (6.364)
Epoch: [0][3450/5005]	Time 0.326 (0.324)	Speed 785.676 (790.353)	Loss 5.3896889687 (6.3017)	Prec@1 8.203 (2.034)	Prec@5 18.750 (6.399)
Epoch: [0][3460/5005]	Time 0.327 (0.324)	Speed 782.375 (790.330)	Loss 5.3820858002 (6.2991)	Prec@1 6.641 (2.047)	Prec@5 19.922 (6.439)
Epoch: [0][3470/5005]	Time 0.321 (0.324)	Speed 798.193 (790.353)	Loss 5.2704682350 (6.2961)	Prec@1 5.469 (2.057)	Prec@5 18.750 (6.474)
Epoch: [0][3480/5005]	Time 0.328 (0.324)	Speed 780.099 (790.323)	Loss 5.4105587006 (6.2936)	Prec@1 3.516 (2.061)	Prec@5 12.891 (6.492)
Epoch: [0][3490/5005]	Time 0.321 (0.324)	Speed 796.481 (790.340)	Loss 5.3402113914 (6.2908)	Prec@1 6.250 (2.073)	Prec@5 16.797 (6.522)
Epoch: [0][3500/5005]	Time 0.321 (0.324)	Speed 796.904 (790.359)	Loss 5.4135770798 (6.2883)	Prec@1 8.203 (2.090)	Prec@5 18.359 (6.556)
Epoch: [0][3510/5005]	Time 0.320 (0.324)	Speed 799.755 (790.385)	Loss 5.3864660263 (6.2857)	Prec@1 4.688 (2.098)	Prec@5 16.406 (6.584)
Epoch: [0][3520/5005]	Time 0.326 (0.324)	Speed 785.492 (790.371)	Loss 5.4622488022 (6.2834)	Prec@1 4.688 (2.105)	Prec@5 15.625 (6.610)
Epoch: [0][3530/5005]	Time 0.318 (0.324)	Speed 804.804 (790.411)	Loss 5.5311913490 (6.2813)	Prec@1 4.297 (2.111)	Prec@5 16.406 (6.637)
Epoch: [0][3540/5005]	Time 0.322 (0.324)	Speed 795.680 (790.426)	Loss 5.2040557861 (6.2782)	Prec@1 5.469 (2.121)	Prec@5 20.312 (6.676)
Epoch: [0][3550/5005]	Time 0.322 (0.324)	Speed 794.444 (790.437)	Loss 5.4336404800 (6.2759)	Prec@1 5.859 (2.131)	Prec@5 17.578 (6.707)
Epoch: [0][3560/5005]	Time 0.319 (0.324)	Speed 803.405 (790.473)	Loss 5.4954948425 (6.2737)	Prec@1 3.125 (2.134)	Prec@5 14.453 (6.728)
Epoch: [0][3570/5005]	Time 0.321 (0.324)	Speed 798.661 (790.496)	Loss 5.3512473106 (6.2711)	Prec@1 7.812 (2.150)	Prec@5 21.094 (6.769)
Epoch: [0][3580/5005]	Time 0.321 (0.324)	Speed 796.600 (790.513)	Loss 5.4819498062 (6.2689)	Prec@1 5.078 (2.158)	Prec@5 15.625 (6.793)
Epoch: [0][3590/5005]	Time 0.324 (0.324)	Speed 791.063 (790.514)	Loss 5.3315377235 (6.2663)	Prec@1 4.688 (2.165)	Prec@5 17.578 (6.823)
Epoch: [0][3600/5005]	Time 0.325 (0.324)	Speed 788.681 (790.509)	Loss 5.5443062782 (6.2643)	Prec@1 3.516 (2.169)	Prec@5 15.234 (6.847)
Epoch: [0][3610/5005]	Time 0.325 (0.324)	Speed 787.690 (790.502)	Loss 5.5035595894 (6.2622)	Prec@1 5.859 (2.179)	Prec@5 15.625 (6.871)
Epoch: [0][3620/5005]	Time 0.323 (0.324)	Speed 792.290 (790.506)	Loss 5.5158734322 (6.2601)	Prec@1 5.859 (2.189)	Prec@5 16.016 (6.896)
Epoch: [0][3630/5005]	Time 0.323 (0.324)	Speed 792.708 (790.513)	Loss 5.3526492119 (6.2576)	Prec@1 7.812 (2.205)	Prec@5 19.141 (6.930)
Epoch: [0][3640/5005]	Time 0.320 (0.324)	Speed 798.998 (790.536)	Loss 5.4242057800 (6.2553)	Prec@1 4.688 (2.212)	Prec@5 15.625 (6.954)
Epoch: [0][3650/5005]	Time 0.322 (0.324)	Speed 794.338 (790.546)	Loss 5.5348577499 (6.2533)	Prec@1 4.688 (2.219)	Prec@5 14.062 (6.973)
Epoch: [0][3660/5005]	Time 0.322 (0.324)	Speed 795.445 (790.559)	Loss 5.3982768059 (6.2510)	Prec@1 7.812 (2.234)	Prec@5 15.234 (6.996)
/opt/conda/lib/python3.6/site-packages/PIL/TiffImagePlugin.py:754: UserWarning: Possibly corrupt EXIF data.  Expecting to read 1835008 bytes but only got 0. Skipping tag 0
  " Skipping tag %s" % (size, len(data), tag))
Epoch: [0][3670/5005]	Time 0.322 (0.324)	Speed 795.966 (790.574)	Loss 5.3673911095 (6.2486)	Prec@1 5.078 (2.242)	Prec@5 19.531 (7.030)
Epoch: [0][3680/5005]	Time 0.320 (0.324)	Speed 799.340 (790.597)	Loss 5.3096079826 (6.2460)	Prec@1 6.250 (2.252)	Prec@5 16.797 (7.057)
Epoch: [0][3690/5005]	Time 0.323 (0.324)	Speed 792.718 (790.603)	Loss 5.1952037811 (6.2432)	Prec@1 7.812 (2.268)	Prec@5 21.484 (7.096)
Epoch: [0][3700/5005]	Time 0.320 (0.324)	Speed 799.971 (790.628)	Loss 5.0930056572 (6.2401)	Prec@1 6.641 (2.279)	Prec@5 18.750 (7.127)
Epoch: [0][3710/5005]	Time 0.322 (0.324)	Speed 794.011 (790.637)	Loss 5.1429738998 (6.2371)	Prec@1 7.031 (2.292)	Prec@5 22.266 (7.168)
Epoch: [0][3720/5005]	Time 0.336 (0.324)	Speed 761.373 (790.556)	Loss 5.2350296974 (6.2344)	Prec@1 8.203 (2.308)	Prec@5 18.750 (7.199)
Epoch: [0][3730/5005]	Time 0.325 (0.324)	Speed 788.665 (790.551)	Loss 5.4532365799 (6.2323)	Prec@1 6.250 (2.319)	Prec@5 19.141 (7.231)
Epoch: [0][3740/5005]	Time 0.323 (0.324)	Speed 792.982 (790.557)	Loss 5.1925659180 (6.2295)	Prec@1 5.859 (2.328)	Prec@5 21.484 (7.269)
Epoch: [0][3750/5005]	Time 0.321 (0.324)	Speed 797.444 (790.575)	Loss 5.3607716560 (6.2272)	Prec@1 6.250 (2.339)	Prec@5 19.922 (7.303)
Epoch: [0][3760/5005]	Time 0.325 (0.324)	Speed 788.770 (790.570)	Loss 5.3536248207 (6.2249)	Prec@1 6.250 (2.349)	Prec@5 15.234 (7.324)
Epoch: [0][3770/5005]	Time 0.324 (0.324)	Speed 791.299 (790.572)	Loss 5.2594156265 (6.2223)	Prec@1 7.031 (2.361)	Prec@5 17.578 (7.351)
Epoch: [0][3780/5005]	Time 0.322 (0.324)	Speed 795.619 (790.586)	Loss 5.2117300034 (6.2197)	Prec@1 3.906 (2.365)	Prec@5 18.359 (7.381)
Epoch: [0][3790/5005]	Time 0.322 (0.324)	Speed 795.027 (790.597)	Loss 5.3062877655 (6.2173)	Prec@1 7.812 (2.380)	Prec@5 21.875 (7.419)
Epoch: [0][3800/5005]	Time 0.319 (0.324)	Speed 801.468 (790.625)	Loss 5.3308725357 (6.2149)	Prec@1 8.594 (2.396)	Prec@5 16.406 (7.442)
Epoch: [0][3810/5005]	Time 0.320 (0.324)	Speed 799.065 (790.647)	Loss 5.4516820908 (6.2129)	Prec@1 5.469 (2.404)	Prec@5 16.406 (7.466)
Epoch: [0][3820/5005]	Time 0.323 (0.324)	Speed 792.929 (790.653)	Loss 5.5159430504 (6.2111)	Prec@1 5.859 (2.413)	Prec@5 14.844 (7.485)
Epoch: [0][3830/5005]	Time 0.322 (0.324)	Speed 794.893 (790.664)	Loss 5.2417397499 (6.2086)	Prec@1 7.812 (2.427)	Prec@5 21.094 (7.521)
Epoch: [0][3840/5005]	Time 0.326 (0.324)	Speed 784.304 (790.648)	Loss 5.3769445419 (6.2064)	Prec@1 5.469 (2.435)	Prec@5 20.312 (7.554)
Epoch: [0][3850/5005]	Time 0.322 (0.324)	Speed 796.125 (790.662)	Loss 4.9765973091 (6.2032)	Prec@1 10.156 (2.455)	Prec@5 24.219 (7.597)
Epoch: [0][3860/5005]	Time 0.327 (0.324)	Speed 783.703 (790.644)	Loss 5.2240381241 (6.2007)	Prec@1 5.859 (2.464)	Prec@5 19.531 (7.628)
Epoch: [0][3870/5005]	Time 0.320 (0.324)	Speed 799.523 (790.666)	Loss 5.1299872398 (6.1979)	Prec@1 8.203 (2.479)	Prec@5 24.609 (7.672)
Epoch: [0][3880/5005]	Time 0.320 (0.324)	Speed 799.514 (790.689)	Loss 5.2343249321 (6.1954)	Prec@1 5.859 (2.488)	Prec@5 16.016 (7.694)
Epoch: [0][3890/5005]	Time 0.321 (0.324)	Speed 798.137 (790.708)	Loss 5.3919305801 (6.1934)	Prec@1 7.031 (2.499)	Prec@5 19.531 (7.724)
Epoch: [0][3900/5005]	Time 0.319 (0.324)	Speed 801.718 (790.736)	Loss 5.2691259384 (6.1910)	Prec@1 7.422 (2.512)	Prec@5 18.750 (7.752)
Epoch: [0][3910/5005]	Time 0.322 (0.324)	Speed 794.879 (790.746)	Loss 5.3021993637 (6.1887)	Prec@1 5.078 (2.519)	Prec@5 17.578 (7.778)
Epoch: [0][3920/5005]	Time 0.321 (0.324)	Speed 798.579 (790.766)	Loss 5.3031220436 (6.1865)	Prec@1 6.641 (2.529)	Prec@5 18.750 (7.806)
Epoch: [0][3930/5005]	Time 0.320 (0.324)	Speed 799.249 (790.787)	Loss 5.0182113647 (6.1835)	Prec@1 7.422 (2.542)	Prec@5 19.531 (7.835)
Epoch: [0][3940/5005]	Time 0.321 (0.324)	Speed 797.914 (790.805)	Loss 5.3139481544 (6.1813)	Prec@1 5.469 (2.549)	Prec@5 16.797 (7.858)
Epoch: [0][3950/5005]	Time 0.323 (0.324)	Speed 792.053 (790.808)	Loss 5.2611002922 (6.1789)	Prec@1 9.375 (2.566)	Prec@5 17.578 (7.883)
Epoch: [0][3960/5005]	Time 0.331 (0.324)	Speed 772.528 (790.761)	Loss 5.1804175377 (6.1764)	Prec@1 8.984 (2.582)	Prec@5 21.484 (7.917)
Epoch: [0][3970/5005]	Time 0.324 (0.324)	Speed 790.920 (790.762)	Loss 5.1881308556 (6.1739)	Prec@1 6.641 (2.593)	Prec@5 20.312 (7.948)
Epoch: [0][3980/5005]	Time 0.325 (0.324)	Speed 788.740 (790.756)	Loss 5.2491164207 (6.1716)	Prec@1 7.422 (2.605)	Prec@5 20.703 (7.980)
Epoch: [0][3990/5005]	Time 0.323 (0.324)	Speed 792.493 (790.761)	Loss 5.2550539970 (6.1693)	Prec@1 7.812 (2.618)	Prec@5 19.922 (8.010)
Epoch: [0][4000/5005]	Time 0.325 (0.324)	Speed 788.310 (790.755)	Loss 5.2346949577 (6.1670)	Prec@1 4.688 (2.623)	Prec@5 16.406 (8.031)
Epoch: [0][4010/5005]	Time 0.321 (0.324)	Speed 797.549 (790.771)	Loss 5.3334269524 (6.1649)	Prec@1 5.859 (2.631)	Prec@5 17.188 (8.054)
/opt/conda/lib/python3.6/site-packages/PIL/TiffImagePlugin.py:754: UserWarning: Possibly corrupt EXIF data.  Expecting to read 19660800 bytes but only got 0. Skipping tag 0
  " Skipping tag %s" % (size, len(data), tag))
/opt/conda/lib/python3.6/site-packages/PIL/TiffImagePlugin.py:754: UserWarning: Possibly corrupt EXIF data.  Expecting to read 18481152 bytes but only got 0. Skipping tag 0
  " Skipping tag %s" % (size, len(data), tag))
/opt/conda/lib/python3.6/site-packages/PIL/TiffImagePlugin.py:754: UserWarning: Possibly corrupt EXIF data.  Expecting to read 37093376 bytes but only got 0. Skipping tag 0
  " Skipping tag %s" % (size, len(data), tag))
/opt/conda/lib/python3.6/site-packages/PIL/TiffImagePlugin.py:754: UserWarning: Possibly corrupt EXIF data.  Expecting to read 39976960 bytes but only got 0. Skipping tag 0
  " Skipping tag %s" % (size, len(data), tag))
/opt/conda/lib/python3.6/site-packages/PIL/TiffImagePlugin.py:754: UserWarning: Possibly corrupt EXIF data.  Expecting to read 34865152 bytes but only got 0. Skipping tag 0
  " Skipping tag %s" % (size, len(data), tag))
/opt/conda/lib/python3.6/site-packages/PIL/TiffImagePlugin.py:771: UserWarning: Corrupt EXIF data.  Expecting to read 12 bytes but only got 10.
  warnings.warn(str(msg))
Epoch: [0][4020/5005]	Time 0.320 (0.324)	Speed 798.942 (790.792)	Loss 5.2160248756 (6.1625)	Prec@1 7.031 (2.642)	Prec@5 17.188 (8.077)
Epoch: [0][4030/5005]	Time 0.325 (0.324)	Speed 787.384 (790.783)	Loss 5.2072458267 (6.1602)	Prec@1 5.469 (2.649)	Prec@5 16.797 (8.098)
Epoch: [0][4040/5005]	Time 0.324 (0.324)	Speed 790.712 (790.783)	Loss 5.3004293442 (6.1580)	Prec@1 3.906 (2.652)	Prec@5 14.453 (8.114)
Epoch: [0][4050/5005]	Time 0.329 (0.324)	Speed 778.559 (790.752)	Loss 5.2744345665 (6.1559)	Prec@1 5.078 (2.658)	Prec@5 20.703 (8.145)
Epoch: [0][4060/5005]	Time 0.324 (0.324)	Speed 789.603 (790.749)	Loss 5.1456618309 (6.1534)	Prec@1 8.203 (2.672)	Prec@5 21.484 (8.178)
Epoch: [0][4070/5005]	Time 0.320 (0.324)	Speed 799.843 (790.772)	Loss 5.4353694916 (6.1516)	Prec@1 6.250 (2.681)	Prec@5 15.625 (8.196)
Epoch: [0][4080/5005]	Time 0.321 (0.324)	Speed 796.524 (790.786)	Loss 5.2203016281 (6.1493)	Prec@1 6.641 (2.690)	Prec@5 21.094 (8.228)
Epoch: [0][4090/5005]	Time 0.323 (0.324)	Speed 791.860 (790.788)	Loss 5.1440901756 (6.1469)	Prec@1 9.766 (2.708)	Prec@5 19.531 (8.256)
Epoch: [0][4100/5005]	Time 0.320 (0.324)	Speed 799.624 (790.809)	Loss 5.3623967171 (6.1450)	Prec@1 3.906 (2.711)	Prec@5 16.016 (8.275)
Epoch: [0][4110/5005]	Time 0.322 (0.324)	Speed 796.204 (790.822)	Loss 5.3160066605 (6.1429)	Prec@1 5.859 (2.718)	Prec@5 18.359 (8.299)
/opt/conda/lib/python3.6/site-packages/PIL/TiffImagePlugin.py:771: UserWarning: Corrupt EXIF data.  Expecting to read 4 bytes but only got 0.
  warnings.warn(str(msg))
Epoch: [0][4120/5005]	Time 0.328 (0.324)	Speed 780.545 (790.797)	Loss 5.2914037704 (6.1409)	Prec@1 8.984 (2.733)	Prec@5 19.531 (8.326)
Epoch: [0][4130/5005]	Time 0.324 (0.324)	Speed 791.025 (790.798)	Loss 5.0649313927 (6.1383)	Prec@1 8.594 (2.748)	Prec@5 25.000 (8.367)
Epoch: [0][4140/5005]	Time 0.320 (0.324)	Speed 798.800 (790.817)	Loss 5.0444226265 (6.1356)	Prec@1 7.812 (2.760)	Prec@5 23.438 (8.403)
Epoch: [0][4150/5005]	Time 0.324 (0.324)	Speed 791.264 (790.818)	Loss 5.3061251640 (6.1336)	Prec@1 6.250 (2.768)	Prec@5 16.406 (8.422)
Epoch: [0][4160/5005]	Time 0.332 (0.324)	Speed 772.127 (790.772)	Loss 5.3794689178 (6.1318)	Prec@1 8.203 (2.781)	Prec@5 16.016 (8.441)
Epoch: [0][4170/5005]	Time 0.323 (0.324)	Speed 791.575 (790.774)	Loss 5.1925711632 (6.1296)	Prec@1 9.766 (2.798)	Prec@5 17.969 (8.464)
Epoch: [0][4180/5005]	Time 0.322 (0.324)	Speed 796.057 (790.786)	Loss 5.0815386772 (6.1271)	Prec@1 7.812 (2.810)	Prec@5 23.438 (8.499)
Epoch: [0][4190/5005]	Time 0.321 (0.324)	Speed 796.609 (790.800)	Loss 5.1273474693 (6.1247)	Prec@1 10.156 (2.828)	Prec@5 21.875 (8.531)
Epoch: [0][4200/5005]	Time 0.320 (0.324)	Speed 799.118 (790.820)	Loss 5.1291871071 (6.1223)	Prec@1 8.203 (2.840)	Prec@5 21.875 (8.563)
Epoch: [0][4210/5005]	Time 0.324 (0.324)	Speed 790.832 (790.820)	Loss 5.1318607330 (6.1199)	Prec@1 8.594 (2.854)	Prec@5 20.703 (8.592)
Epoch: [0][4220/5005]	Time 0.321 (0.324)	Speed 798.572 (790.838)	Loss 5.0018429756 (6.1173)	Prec@1 8.594 (2.868)	Prec@5 19.922 (8.619)
Epoch: [0][4230/5005]	Time 0.323 (0.324)	Speed 791.701 (790.840)	Loss 5.1331219673 (6.1150)	Prec@1 6.250 (2.876)	Prec@5 19.141 (8.644)
Epoch: [0][4240/5005]	Time 0.320 (0.324)	Speed 800.858 (790.863)	Loss 4.7690620422 (6.1118)	Prec@1 13.672 (2.901)	Prec@5 29.297 (8.692)
Epoch: [0][4250/5005]	Time 0.320 (0.324)	Speed 800.922 (790.887)	Loss 5.2184481621 (6.1097)	Prec@1 7.812 (2.913)	Prec@5 17.188 (8.712)
Epoch: [0][4260/5005]	Time 0.321 (0.324)	Speed 797.980 (790.903)	Loss 5.1458578110 (6.1074)	Prec@1 9.375 (2.928)	Prec@5 22.656 (8.745)
Epoch: [0][4270/5005]	Time 0.322 (0.324)	Speed 794.832 (790.912)	Loss 4.8864831924 (6.1046)	Prec@1 11.328 (2.948)	Prec@5 25.000 (8.783)
Epoch: [0][4280/5005]	Time 0.324 (0.324)	Speed 789.828 (790.910)	Loss 4.9023742676 (6.1018)	Prec@1 8.984 (2.962)	Prec@5 27.734 (8.827)
Epoch: [0][4290/5005]	Time 0.325 (0.324)	Speed 787.667 (790.902)	Loss 5.0800180435 (6.0994)	Prec@1 8.594 (2.975)	Prec@5 22.266 (8.859)
Epoch: [0][4300/5005]	Time 0.325 (0.324)	Speed 786.631 (790.892)	Loss 5.1968355179 (6.0973)	Prec@1 3.906 (2.977)	Prec@5 19.141 (8.883)
Epoch: [0][4310/5005]	Time 0.319 (0.324)	Speed 802.466 (790.919)	Loss 5.2763099670 (6.0954)	Prec@1 8.984 (2.991)	Prec@5 23.047 (8.915)
Epoch: [0][4320/5005]	Time 0.323 (0.324)	Speed 793.238 (790.924)	Loss 5.1621818542 (6.0932)	Prec@1 5.859 (2.998)	Prec@5 19.922 (8.941)
Epoch: [0][4330/5005]	Time 0.329 (0.324)	Speed 778.537 (790.895)	Loss 5.1953125000 (6.0911)	Prec@1 6.641 (3.006)	Prec@5 21.875 (8.971)
Epoch: [0][4340/5005]	Time 0.328 (0.324)	Speed 780.441 (790.871)	Loss 5.1561331749 (6.0890)	Prec@1 8.203 (3.018)	Prec@5 24.609 (9.007)
Epoch: [0][4350/5005]	Time 0.324 (0.324)	Speed 790.171 (790.869)	Loss 5.2109832764 (6.0870)	Prec@1 8.203 (3.030)	Prec@5 17.969 (9.027)
Epoch: [0][4360/5005]	Time 0.319 (0.324)	Speed 801.275 (790.893)	Loss 5.0630774498 (6.0846)	Prec@1 8.594 (3.043)	Prec@5 20.703 (9.054)
Epoch: [0][4370/5005]	Time 0.320 (0.324)	Speed 798.775 (790.910)	Loss 5.2289323807 (6.0827)	Prec@1 7.422 (3.053)	Prec@5 18.359 (9.076)
Epoch: [0][4380/5005]	Time 0.319 (0.324)	Speed 802.147 (790.936)	Loss 5.1264853477 (6.0805)	Prec@1 8.594 (3.065)	Prec@5 22.266 (9.106)
Epoch: [0][4390/5005]	Time 0.321 (0.324)	Speed 798.377 (790.953)	Loss 4.9214940071 (6.0778)	Prec@1 8.594 (3.078)	Prec@5 25.391 (9.143)
Epoch: [0][4400/5005]	Time 0.330 (0.324)	Speed 776.601 (790.919)	Loss 5.1679224968 (6.0758)	Prec@1 6.641 (3.086)	Prec@5 17.578 (9.162)
Epoch: [0][4410/5005]	Time 0.323 (0.324)	Speed 793.681 (790.926)	Loss 4.9498376846 (6.0732)	Prec@1 9.375 (3.100)	Prec@5 25.781 (9.200)
Epoch: [0][4420/5005]	Time 0.327 (0.324)	Speed 783.070 (790.908)	Loss 5.0098080635 (6.0708)	Prec@1 8.203 (3.112)	Prec@5 24.609 (9.234)
Epoch: [0][4430/5005]	Time 0.320 (0.324)	Speed 798.783 (790.925)	Loss 5.0778861046 (6.0686)	Prec@1 7.812 (3.122)	Prec@5 19.531 (9.258)
Epoch: [0][4440/5005]	Time 0.320 (0.324)	Speed 801.070 (790.948)	Loss 5.0963301659 (6.0664)	Prec@1 6.250 (3.129)	Prec@5 21.094 (9.284)
Epoch: [0][4450/5005]	Time 0.319 (0.324)	Speed 802.970 (790.974)	Loss 5.1229701042 (6.0643)	Prec@1 7.422 (3.139)	Prec@5 19.922 (9.308)
Epoch: [0][4460/5005]	Time 0.324 (0.324)	Speed 790.150 (790.973)	Loss 4.9206614494 (6.0617)	Prec@1 11.328 (3.157)	Prec@5 26.953 (9.348)
Epoch: [0][4470/5005]	Time 0.324 (0.324)	Speed 789.046 (790.968)	Loss 5.0327534676 (6.0594)	Prec@1 8.984 (3.170)	Prec@5 23.438 (9.379)
Epoch: [0][4480/5005]	Time 0.327 (0.324)	Speed 781.977 (790.948)	Loss 5.2187547684 (6.0575)	Prec@1 5.859 (3.176)	Prec@5 20.312 (9.404)
Epoch: [0][4490/5005]	Time 0.320 (0.324)	Speed 800.038 (790.968)	Loss 5.0536837578 (6.0553)	Prec@1 9.375 (3.190)	Prec@5 25.000 (9.439)
Epoch: [0][4500/5005]	Time 0.320 (0.324)	Speed 799.978 (790.988)	Loss 5.0515112877 (6.0531)	Prec@1 8.203 (3.201)	Prec@5 22.266 (9.467)
Epoch: [0][4510/5005]	Time 0.322 (0.324)	Speed 794.781 (790.996)	Loss 4.8829584122 (6.0505)	Prec@1 10.938 (3.219)	Prec@5 24.219 (9.500)
Epoch: [0][4520/5005]	Time 0.325 (0.324)	Speed 788.821 (790.991)	Loss 5.3664765358 (6.0489)	Prec@1 5.859 (3.224)	Prec@5 16.016 (9.514)
Epoch: [0][4530/5005]	Time 0.327 (0.324)	Speed 783.810 (790.975)	Loss 5.0267930031 (6.0467)	Prec@1 10.156 (3.240)	Prec@5 25.781 (9.550)
Epoch: [0][4540/5005]	Time 0.325 (0.324)	Speed 787.382 (790.967)	Loss 4.9533834457 (6.0443)	Prec@1 9.766 (3.254)	Prec@5 25.391 (9.585)
Epoch: [0][4550/5005]	Time 0.323 (0.324)	Speed 792.467 (790.971)	Loss 5.1222333908 (6.0423)	Prec@1 5.859 (3.260)	Prec@5 22.656 (9.614)
Epoch: [0][4560/5005]	Time 0.321 (0.324)	Speed 797.581 (790.985)	Loss 4.8994355202 (6.0397)	Prec@1 10.547 (3.276)	Prec@5 23.828 (9.645)
Epoch: [0][4570/5005]	Time 0.322 (0.324)	Speed 795.057 (790.994)	Loss 4.9902238846 (6.0375)	Prec@1 9.766 (3.290)	Prec@5 26.953 (9.683)
Epoch: [0][4580/5005]	Time 0.321 (0.324)	Speed 798.572 (791.010)	Loss 4.9828181267 (6.0351)	Prec@1 8.594 (3.302)	Prec@5 24.219 (9.714)
Epoch: [0][4590/5005]	Time 0.322 (0.324)	Speed 794.364 (791.018)	Loss 5.1511249542 (6.0332)	Prec@1 7.812 (3.311)	Prec@5 24.219 (9.746)
Epoch: [0][4600/5005]	Time 0.321 (0.324)	Speed 798.703 (791.034)	Loss 5.3027796745 (6.0316)	Prec@1 6.641 (3.319)	Prec@5 17.188 (9.762)
Epoch: [0][4610/5005]	Time 0.320 (0.324)	Speed 798.917 (791.051)	Loss 5.1217346191 (6.0297)	Prec@1 8.984 (3.331)	Prec@5 20.312 (9.785)
Epoch: [0][4620/5005]	Time 0.324 (0.324)	Speed 790.904 (791.051)	Loss 5.1750688553 (6.0278)	Prec@1 9.375 (3.344)	Prec@5 19.141 (9.805)
Epoch: [0][4630/5005]	Time 0.324 (0.324)	Speed 789.006 (791.046)	Loss 4.6719021797 (6.0249)	Prec@1 15.234 (3.370)	Prec@5 32.031 (9.853)
Epoch: [0][4640/5005]	Time 0.324 (0.324)	Speed 789.456 (791.043)	Loss 5.0428762436 (6.0228)	Prec@1 12.500 (3.389)	Prec@5 21.094 (9.878)
Epoch: [0][4650/5005]	Time 0.323 (0.324)	Speed 793.706 (791.049)	Loss 4.9461588860 (6.0205)	Prec@1 12.109 (3.408)	Prec@5 27.344 (9.915)
Epoch: [0][4660/5005]	Time 0.323 (0.324)	Speed 791.609 (791.050)	Loss 4.9373617172 (6.0181)	Prec@1 11.328 (3.425)	Prec@5 24.219 (9.946)
Epoch: [0][4670/5005]	Time 0.325 (0.324)	Speed 787.518 (791.042)	Loss 5.0128664970 (6.0160)	Prec@1 10.547 (3.440)	Prec@5 26.562 (9.981)
Epoch: [0][4680/5005]	Time 0.322 (0.324)	Speed 795.691 (791.052)	Loss 4.9645142555 (6.0137)	Prec@1 8.984 (3.452)	Prec@5 25.391 (10.014)
Epoch: [0][4690/5005]	Time 0.320 (0.324)	Speed 798.794 (791.068)	Loss 4.8800811768 (6.0113)	Prec@1 13.672 (3.474)	Prec@5 29.688 (10.056)
Epoch: [0][4700/5005]	Time 0.320 (0.324)	Speed 799.145 (791.085)	Loss 4.9917774200 (6.0091)	Prec@1 8.203 (3.484)	Prec@5 22.266 (10.082)
Epoch: [0][4710/5005]	Time 0.325 (0.324)	Speed 787.520 (791.078)	Loss 4.8314576149 (6.0066)	Prec@1 13.281 (3.505)	Prec@5 24.609 (10.113)
Epoch: [0][4720/5005]	Time 0.321 (0.324)	Speed 797.373 (791.091)	Loss 4.8075938225 (6.0041)	Prec@1 12.109 (3.523)	Prec@5 27.344 (10.150)
Epoch: [0][4730/5005]	Time 0.323 (0.324)	Speed 792.885 (791.095)	Loss 5.0755519867 (6.0021)	Prec@1 9.766 (3.536)	Prec@5 24.219 (10.179)
Epoch: [0][4740/5005]	Time 0.319 (0.324)	Speed 801.805 (791.117)	Loss 4.8230333328 (5.9996)	Prec@1 10.547 (3.551)	Prec@5 26.172 (10.213)
Epoch: [0][4750/5005]	Time 0.328 (0.324)	Speed 780.818 (791.095)	Loss 4.9321317673 (5.9974)	Prec@1 9.766 (3.564)	Prec@5 22.266 (10.238)
Epoch: [0][4760/5005]	Time 0.321 (0.324)	Speed 798.210 (791.110)	Loss 5.1476616859 (5.9956)	Prec@1 6.641 (3.571)	Prec@5 23.828 (10.267)
Epoch: [0][4770/5005]	Time 0.324 (0.324)	Speed 790.624 (791.109)	Loss 5.1013803482 (5.9937)	Prec@1 11.719 (3.588)	Prec@5 25.000 (10.298)
Epoch: [0][4780/5005]	Time 0.321 (0.324)	Speed 798.208 (791.124)	Loss 4.8396492004 (5.9913)	Prec@1 10.156 (3.601)	Prec@5 24.609 (10.328)
Epoch: [0][4790/5005]	Time 0.328 (0.324)	Speed 781.567 (791.103)	Loss 5.0988330841 (5.9895)	Prec@1 11.328 (3.618)	Prec@5 26.562 (10.362)
Epoch: [0][4800/5005]	Time 0.325 (0.324)	Speed 788.007 (791.097)	Loss 5.0843176842 (5.9876)	Prec@1 7.031 (3.625)	Prec@5 26.562 (10.396)
Epoch: [0][4810/5005]	Time 0.325 (0.324)	Speed 788.169 (791.091)	Loss 5.0549387932 (5.9856)	Prec@1 11.328 (3.641)	Prec@5 25.000 (10.426)
Epoch: [0][4820/5005]	Time 0.320 (0.324)	Speed 800.781 (791.111)	Loss 5.1160945892 (5.9838)	Prec@1 8.203 (3.650)	Prec@5 22.656 (10.451)
Epoch: [0][4830/5005]	Time 0.324 (0.324)	Speed 790.888 (791.110)	Loss 4.8533616066 (5.9815)	Prec@1 10.547 (3.664)	Prec@5 26.562 (10.485)
Epoch: [0][4840/5005]	Time 0.320 (0.324)	Speed 799.664 (791.128)	Loss 4.9041681290 (5.9793)	Prec@1 7.031 (3.671)	Prec@5 25.000 (10.515)
Epoch: [0][4850/5005]	Time 0.323 (0.324)	Speed 791.421 (791.128)	Loss 4.8717656136 (5.9770)	Prec@1 11.719 (3.688)	Prec@5 27.344 (10.549)
Epoch: [0][4860/5005]	Time 0.324 (0.324)	Speed 789.721 (791.125)	Loss 5.1463398933 (5.9753)	Prec@1 7.031 (3.695)	Prec@5 22.266 (10.573)
Epoch: [0][4870/5005]	Time 0.325 (0.324)	Speed 787.287 (791.118)	Loss 4.6690511703 (5.9726)	Prec@1 13.672 (3.715)	Prec@5 30.469 (10.614)
Epoch: [0][4880/5005]	Time 0.321 (0.324)	Speed 798.440 (791.132)	Loss 5.1879625320 (5.9710)	Prec@1 8.594 (3.725)	Prec@5 21.875 (10.637)
Epoch: [0][4890/5005]	Time 0.321 (0.324)	Speed 798.456 (791.147)	Loss 4.9971847534 (5.9690)	Prec@1 8.203 (3.735)	Prec@5 22.656 (10.662)
Epoch: [0][4900/5005]	Time 0.319 (0.324)	Speed 803.382 (791.172)	Loss 5.0630445480 (5.9671)	Prec@1 10.547 (3.748)	Prec@5 22.266 (10.686)
Epoch: [0][4910/5005]	Time 0.321 (0.324)	Speed 797.323 (791.184)	Loss 4.8661537170 (5.9649)	Prec@1 11.328 (3.764)	Prec@5 30.078 (10.725)
Epoch: [0][4920/5005]	Time 0.320 (0.324)	Speed 800.300 (791.203)	Loss 4.7221660614 (5.9624)	Prec@1 10.547 (3.778)	Prec@5 28.125 (10.760)
Epoch: [0][4930/5005]	Time 0.321 (0.324)	Speed 796.808 (791.214)	Loss 4.9778003693 (5.9604)	Prec@1 9.375 (3.789)	Prec@5 23.047 (10.785)
Epoch: [0][4940/5005]	Time 0.324 (0.324)	Speed 790.964 (791.213)	Loss 5.1590905190 (5.9588)	Prec@1 6.641 (3.795)	Prec@5 22.266 (10.809)
Epoch: [0][4950/5005]	Time 0.320 (0.324)	Speed 801.082 (791.233)	Loss 4.7246508598 (5.9563)	Prec@1 11.328 (3.810)	Prec@5 29.688 (10.847)
Epoch: [0][4960/5005]	Time 0.327 (0.324)	Speed 783.613 (791.218)	Loss 4.9787821770 (5.9543)	Prec@1 7.422 (3.817)	Prec@5 24.609 (10.874)
Epoch: [0][4970/5005]	Time 0.329 (0.324)	Speed 777.232 (791.189)	Loss 4.7314801216 (5.9518)	Prec@1 8.594 (3.827)	Prec@5 31.250 (10.915)
Epoch: [0][4980/5005]	Time 0.324 (0.324)	Speed 790.116 (791.187)	Loss 4.9633412361 (5.9498)	Prec@1 12.500 (3.844)	Prec@5 27.344 (10.948)
Epoch: [0][4990/5005]	Time 0.322 (0.324)	Speed 796.135 (791.197)	Loss 5.0350584984 (5.9480)	Prec@1 10.156 (3.857)	Prec@5 25.781 (10.978)
Epoch: [0][5000/5005]	Time 0.327 (0.324)	Speed 781.924 (791.178)	Loss 4.9921455383 (5.9461)	Prec@1 8.203 (3.866)	Prec@5 21.875 (11.000)
Test: [10/196]	Time 0.106 (0.476)	Speed 2404.996 (537.349)	Loss 4.9850 (4.9115)	Prec@1 3.906 (9.062)	Prec@5 18.750 (26.016)
Test: [20/196]	Time 0.968 (0.417)	Speed 264.435 (614.281)	Loss 4.2155 (4.9238)	Prec@1 19.141 (9.629)	Prec@5 42.578 (26.152)
Test: [30/196]	Time 0.106 (0.368)	Speed 2408.897 (695.745)	Loss 4.5384 (4.7899)	Prec@1 16.797 (11.549)	Prec@5 35.938 (28.841)
Test: [40/196]	Time 0.392 (0.358)	Speed 653.587 (715.427)	Loss 5.0255 (4.8522)	Prec@1 2.344 (9.883)	Prec@5 17.578 (26.426)
Test: [50/196]	Time 0.107 (0.350)	Speed 2392.563 (730.781)	Loss 4.5984 (4.9213)	Prec@1 18.359 (9.172)	Prec@5 31.250 (25.031)
Test: [60/196]	Time 0.106 (0.345)	Speed 2413.033 (741.592)	Loss 5.4872 (4.8941)	Prec@1 2.344 (8.945)	Prec@5 8.984 (24.961)
Test: [70/196]	Time 0.106 (0.344)	Speed 2407.493 (743.114)	Loss 5.2905 (4.8726)	Prec@1 3.125 (9.269)	Prec@5 8.984 (25.167)
Test: [80/196]	Time 0.107 (0.337)	Speed 2395.777 (760.714)	Loss 3.7932 (4.8933)	Prec@1 19.141 (9.062)	Prec@5 45.703 (24.932)
Test: [90/196]	Time 0.120 (0.337)	Speed 2137.642 (760.727)	Loss 5.2222 (4.9340)	Prec@1 7.812 (8.715)	Prec@5 23.047 (24.275)
Test: [100/196]	Time 0.122 (0.332)	Speed 2095.801 (772.043)	Loss 4.3767 (4.9401)	Prec@1 12.500 (8.734)	Prec@5 38.672 (24.395)
Test: [110/196]	Time 0.106 (0.334)	Speed 2410.265 (766.217)	Loss 5.2046 (4.9457)	Prec@1 1.172 (8.601)	Prec@5 14.453 (24.347)
Test: [120/196]	Time 0.114 (0.328)	Speed 2241.936 (779.367)	Loss 5.2648 (4.9716)	Prec@1 8.984 (8.447)	Prec@5 24.219 (23.926)
Test: [130/196]	Time 0.106 (0.328)	Speed 2408.595 (780.068)	Loss 5.1296 (4.9778)	Prec@1 1.172 (8.612)	Prec@5 15.625 (23.825)
Test: [140/196]	Time 0.107 (0.322)	Speed 2400.737 (794.409)	Loss 4.9693 (4.9986)	Prec@1 12.891 (8.658)	Prec@5 26.953 (23.552)
Test: [150/196]	Time 0.107 (0.323)	Speed 2384.217 (793.576)	Loss 5.5736 (5.0130)	Prec@1 1.562 (8.523)	Prec@5 10.547 (23.320)
Test: [160/196]	Time 0.107 (0.321)	Speed 2403.419 (797.998)	Loss 4.4599 (5.0267)	Prec@1 16.406 (8.459)	Prec@5 35.156 (23.076)
Test: [170/196]	Time 0.106 (0.322)	Speed 2404.210 (795.906)	Loss 5.1161 (5.0354)	Prec@1 1.172 (8.267)	Prec@5 15.625 (22.801)
Test: [180/196]	Time 0.109 (0.319)	Speed 2354.083 (803.709)	Loss 4.6675 (5.0217)	Prec@1 11.719 (8.487)	Prec@5 25.391 (23.062)
Test: [190/196]	Time 0.107 (0.320)	Speed 2397.468 (800.876)	Loss 5.1574 (5.0015)	Prec@1 8.594 (8.705)	Prec@5 20.703 (23.493)
 * Prec@1 9.118 Prec@5 24.084