=> creating model 'resnet50'
=> creating model 'resnet50'
=> creating model 'resnet50'
=> creating model 'resnet50'
Selected optimization level O3:  Pure FP16 training.
Defaults for this optimization level are:
enabled                : True
opt_level              : O3
cast_model_type        : torch.float16
patch_torch_functions  : False
keep_batchnorm_fp32    : False
master_weights         : False
loss_scale             : 1.0
Processing user overrides (additional kwargs that are not None)...
After processing overrides, optimization options are:
enabled                : True
opt_level              : O3
cast_model_type        : torch.float16
patch_torch_functions  : False
keep_batchnorm_fp32    : True
master_weights         : False
loss_scale             : 1.0
/opt/conda/lib/python3.6/site-packages/torch/distributed/distributed_c10d.py:100: UserWarning: torch.distributed.reduce_op is deprecated, please use torch.distributed.ReduceOp instead
  warnings.warn("torch.distributed.reduce_op is deprecated, please use "
/opt/conda/lib/python3.6/site-packages/torch/distributed/distributed_c10d.py:100: UserWarning: torch.distributed.reduce_op is deprecated, please use torch.distributed.ReduceOp instead
  warnings.warn("torch.distributed.reduce_op is deprecated, please use "
/opt/conda/lib/python3.6/site-packages/torch/distributed/distributed_c10d.py:100: UserWarning: torch.distributed.reduce_op is deprecated, please use torch.distributed.ReduceOp instead
  warnings.warn("torch.distributed.reduce_op is deprecated, please use "
/opt/conda/lib/python3.6/site-packages/torch/distributed/distributed_c10d.py:100: UserWarning: torch.distributed.reduce_op is deprecated, please use torch.distributed.ReduceOp instead
  warnings.warn("torch.distributed.reduce_op is deprecated, please use "
Epoch: [0][10/1252]	Time 1.576 (1.576)	Speed 649.836 (649.836)	Loss 7.0605487823 (7.0605)	Prec@1 0.000 (0.000)	Prec@5 0.293 (0.293)
Epoch: [0][20/1252]	Time 0.313 (0.944)	Speed 3271.324 (1084.284)	Loss 7.0148949623 (7.0377)	Prec@1 0.000 (0.000)	Prec@5 0.586 (0.439)
Epoch: [0][30/1252]	Time 0.313 (0.734)	Speed 3276.623 (1395.526)	Loss 6.9862518311 (7.0206)	Prec@1 0.000 (0.000)	Prec@5 0.293 (0.391)
Epoch: [0][40/1252]	Time 0.312 (0.628)	Speed 3279.514 (1629.560)	Loss 6.9442214966 (7.0015)	Prec@1 0.098 (0.024)	Prec@5 0.391 (0.391)
Epoch: [0][50/1252]	Time 0.314 (0.565)	Speed 3263.840 (1810.913)	Loss 6.9191474915 (6.9850)	Prec@1 0.293 (0.078)	Prec@5 0.977 (0.508)
Epoch: [0][60/1252]	Time 0.312 (0.523)	Speed 3279.236 (1956.955)	Loss 6.9184765816 (6.9739)	Prec@1 0.000 (0.065)	Prec@5 0.586 (0.521)
Epoch: [0][70/1252]	Time 0.313 (0.493)	Speed 3269.452 (2076.012)	Loss 6.9181299210 (6.9660)	Prec@1 0.000 (0.056)	Prec@5 0.391 (0.502)
Epoch: [0][80/1252]	Time 0.313 (0.471)	Speed 3272.833 (2175.453)	Loss 6.9284596443 (6.9613)	Prec@1 0.098 (0.061)	Prec@5 0.488 (0.500)
Epoch: [0][90/1252]	Time 0.314 (0.453)	Speed 3256.425 (2258.764)	Loss 6.9095630646 (6.9555)	Prec@1 0.000 (0.054)	Prec@5 0.977 (0.553)
Epoch: [0][100/1252]	Time 0.314 (0.439)	Speed 3265.048 (2330.593)	Loss 6.8959908485 (6.9496)	Prec@1 0.293 (0.078)	Prec@5 1.562 (0.654)
/opt/conda/lib/python3.6/site-packages/PIL/TiffImagePlugin.py:754: UserWarning: Possibly corrupt EXIF data.  Expecting to read 2555904 bytes but only got 0. Skipping tag 0
  " Skipping tag %s" % (size, len(data), tag))
Epoch: [0][110/1252]	Time 0.312 (0.428)	Speed 3277.590 (2393.460)	Loss 6.8882169724 (6.9440)	Prec@1 0.195 (0.089)	Prec@5 0.977 (0.684)
Epoch: [0][120/1252]	Time 0.315 (0.418)	Speed 3251.913 (2447.298)	Loss 6.8995785713 (6.9403)	Prec@1 0.098 (0.090)	Prec@5 0.684 (0.684)
/opt/conda/lib/python3.6/site-packages/PIL/TiffImagePlugin.py:771: UserWarning: Corrupt EXIF data.  Expecting to read 4 bytes but only got 0.
  warnings.warn(str(msg))
Epoch: [0][130/1252]	Time 0.314 (0.410)	Speed 3259.486 (2495.123)	Loss 6.8904829025 (6.9365)	Prec@1 0.293 (0.105)	Prec@5 0.781 (0.691)
Epoch: [0][140/1252]	Time 0.315 (0.404)	Speed 3254.705 (2537.422)	Loss 6.8993663788 (6.9338)	Prec@1 0.195 (0.112)	Prec@5 0.586 (0.684)
Epoch: [0][150/1252]	Time 0.312 (0.397)	Speed 3279.372 (2576.280)	Loss 6.8821406364 (6.9304)	Prec@1 0.000 (0.104)	Prec@5 1.172 (0.716)
Epoch: [0][160/1252]	Time 0.312 (0.392)	Speed 3278.012 (2611.217)	Loss 6.9042768478 (6.9287)	Prec@1 0.391 (0.122)	Prec@5 0.781 (0.720)
Epoch: [0][170/1252]	Time 0.312 (0.387)	Speed 3278.475 (2642.858)	Loss 6.8930568695 (6.9266)	Prec@1 0.195 (0.126)	Prec@5 1.270 (0.753)
Epoch: [0][180/1252]	Time 0.312 (0.383)	Speed 3277.152 (2671.585)	Loss 6.9002299309 (6.9252)	Prec@1 0.391 (0.141)	Prec@5 1.172 (0.776)
Epoch: [0][190/1252]	Time 0.313 (0.380)	Speed 3269.338 (2697.543)	Loss 6.9112992287 (6.9244)	Prec@1 0.488 (0.159)	Prec@5 1.562 (0.817)
Epoch: [0][200/1252]	Time 0.313 (0.376)	Speed 3271.485 (2721.415)	Loss 6.8991560936 (6.9232)	Prec@1 0.195 (0.161)	Prec@5 0.488 (0.801)
Epoch: [0][210/1252]	Time 0.314 (0.373)	Speed 3265.566 (2743.182)	Loss 6.8652091026 (6.9204)	Prec@1 0.195 (0.163)	Prec@5 1.367 (0.828)
/opt/conda/lib/python3.6/site-packages/PIL/TiffImagePlugin.py:754: UserWarning: Possibly corrupt EXIF data.  Expecting to read 2555904 bytes but only got 0. Skipping tag 0
  " Skipping tag %s" % (size, len(data), tag))
Epoch: [0][220/1252]	Time 0.312 (0.371)	Speed 3278.615 (2763.697)	Loss 6.8619928360 (6.9178)	Prec@1 0.391 (0.173)	Prec@5 1.465 (0.857)
Epoch: [0][230/1252]	Time 0.312 (0.368)	Speed 3278.162 (2782.685)	Loss 6.8630523682 (6.9154)	Prec@1 0.098 (0.170)	Prec@5 0.879 (0.858)
Epoch: [0][240/1252]	Time 0.312 (0.366)	Speed 3279.303 (2800.355)	Loss 6.8533816338 (6.9128)	Prec@1 0.195 (0.171)	Prec@5 1.562 (0.887)
Epoch: [0][250/1252]	Time 0.317 (0.364)	Speed 3234.989 (2815.486)	Loss 6.8829498291 (6.9116)	Prec@1 0.488 (0.184)	Prec@5 1.270 (0.902)
Epoch: [0][260/1252]	Time 0.312 (0.362)	Speed 3278.192 (2830.854)	Loss 6.8196182251 (6.9081)	Prec@1 0.586 (0.199)	Prec@5 2.246 (0.954)
Epoch: [0][270/1252]	Time 0.312 (0.360)	Speed 3280.285 (2845.292)	Loss 6.7746315002 (6.9031)	Prec@1 0.391 (0.206)	Prec@5 1.562 (0.977)
Epoch: [0][280/1252]	Time 0.315 (0.358)	Speed 3255.228 (2858.147)	Loss 6.8246564865 (6.9003)	Prec@1 0.195 (0.206)	Prec@5 1.562 (0.997)
Epoch: [0][290/1252]	Time 0.314 (0.357)	Speed 3257.715 (2870.286)	Loss 6.8109583855 (6.8972)	Prec@1 0.391 (0.212)	Prec@5 1.660 (1.020)
Epoch: [0][300/1252]	Time 0.312 (0.355)	Speed 3281.147 (2882.317)	Loss 6.7961955070 (6.8939)	Prec@1 0.391 (0.218)	Prec@5 1.660 (1.042)
Epoch: [0][310/1252]	Time 0.314 (0.354)	Speed 3264.421 (2893.241)	Loss 6.7496299744 (6.8892)	Prec@1 0.684 (0.233)	Prec@5 2.441 (1.087)
Epoch: [0][320/1252]	Time 0.313 (0.353)	Speed 3275.941 (2903.842)	Loss 6.7222089767 (6.8840)	Prec@1 1.172 (0.262)	Prec@5 2.734 (1.138)
Epoch: [0][330/1252]	Time 0.314 (0.351)	Speed 3259.368 (2913.472)	Loss 6.7245392799 (6.8792)	Prec@1 0.879 (0.281)	Prec@5 2.441 (1.178)
Epoch: [0][340/1252]	Time 0.312 (0.350)	Speed 3280.356 (2923.088)	Loss 6.6706938744 (6.8730)	Prec@1 0.000 (0.273)	Prec@5 1.855 (1.198)
Epoch: [0][350/1252]	Time 0.312 (0.349)	Speed 3280.943 (2932.226)	Loss 6.6747455597 (6.8674)	Prec@1 0.488 (0.279)	Prec@5 2.637 (1.239)
Epoch: [0][360/1252]	Time 0.314 (0.348)	Speed 3264.286 (2940.535)	Loss 6.6136260033 (6.8603)	Prec@1 0.879 (0.296)	Prec@5 3.418 (1.299)
Epoch: [0][370/1252]	Time 0.312 (0.347)	Speed 3283.736 (2948.865)	Loss 6.5946683884 (6.8531)	Prec@1 0.781 (0.309)	Prec@5 2.441 (1.330)
Epoch: [0][380/1252]	Time 0.313 (0.346)	Speed 3271.228 (2956.532)	Loss 6.6387577057 (6.8475)	Prec@1 0.781 (0.321)	Prec@5 3.418 (1.385)
Epoch: [0][390/1252]	Time 0.314 (0.346)	Speed 3264.232 (2963.695)	Loss 6.6258678436 (6.8418)	Prec@1 0.781 (0.333)	Prec@5 3.516 (1.440)
/opt/conda/lib/python3.6/site-packages/PIL/TiffImagePlugin.py:754: UserWarning: Possibly corrupt EXIF data.  Expecting to read 2555904 bytes but only got 0. Skipping tag 0
  " Skipping tag %s" % (size, len(data), tag))
Epoch: [0][400/1252]	Time 0.313 (0.345)	Speed 3267.070 (2970.591)	Loss 6.5283250809 (6.8340)	Prec@1 1.270 (0.356)	Prec@5 3.809 (1.499)
/opt/conda/lib/python3.6/site-packages/PIL/TiffImagePlugin.py:754: UserWarning: Possibly corrupt EXIF data.  Expecting to read 1835008 bytes but only got 0. Skipping tag 0
  " Skipping tag %s" % (size, len(data), tag))
Epoch: [0][410/1252]	Time 0.312 (0.344)	Speed 3280.840 (2977.458)	Loss 6.4877815247 (6.8255)	Prec@1 1.270 (0.379)	Prec@5 5.273 (1.591)
Epoch: [0][420/1252]	Time 0.312 (0.343)	Speed 3280.412 (2984.020)	Loss 6.4783120155 (6.8173)	Prec@1 0.977 (0.393)	Prec@5 4.297 (1.656)
Epoch: [0][430/1252]	Time 0.312 (0.342)	Speed 3281.318 (2990.321)	Loss 6.5255236626 (6.8105)	Prec@1 1.074 (0.409)	Prec@5 3.027 (1.687)
Epoch: [0][440/1252]	Time 0.313 (0.342)	Speed 3271.418 (2996.172)	Loss 6.4676218033 (6.8027)	Prec@1 2.051 (0.446)	Prec@5 5.273 (1.769)
Epoch: [0][450/1252]	Time 0.312 (0.341)	Speed 3279.851 (3001.942)	Loss 6.4870548248 (6.7957)	Prec@1 0.586 (0.449)	Prec@5 3.809 (1.814)
Epoch: [0][460/1252]	Time 0.312 (0.340)	Speed 3281.474 (3007.511)	Loss 6.4568557739 (6.7883)	Prec@1 2.051 (0.484)	Prec@5 5.566 (1.896)
Epoch: [0][470/1252]	Time 0.312 (0.340)	Speed 3280.871 (3012.852)	Loss 6.3559103012 (6.7791)	Prec@1 1.660 (0.509)	Prec@5 5.176 (1.966)
Epoch: [0][480/1252]	Time 0.313 (0.339)	Speed 3274.799 (3017.881)	Loss 6.3493504524 (6.7702)	Prec@1 1.270 (0.525)	Prec@5 5.078 (2.030)
Epoch: [0][490/1252]	Time 0.313 (0.339)	Speed 3272.226 (3022.676)	Loss 6.3498306274 (6.7616)	Prec@1 1.367 (0.542)	Prec@5 5.273 (2.097)
Epoch: [0][500/1252]	Time 0.313 (0.338)	Speed 3276.593 (3027.368)	Loss 6.3129935265 (6.7526)	Prec@1 0.879 (0.549)	Prec@5 5.273 (2.160)
/opt/conda/lib/python3.6/site-packages/PIL/TiffImagePlugin.py:754: UserWarning: Possibly corrupt EXIF data.  Expecting to read 2555904 bytes but only got 0. Skipping tag 0
  " Skipping tag %s" % (size, len(data), tag))
Epoch: [0][510/1252]	Time 0.312 (0.338)	Speed 3280.497 (3031.955)	Loss 6.3409690857 (6.7445)	Prec@1 2.148 (0.580)	Prec@5 6.152 (2.238)
Epoch: [0][520/1252]	Time 0.312 (0.337)	Speed 3280.235 (3036.375)	Loss 6.2745423317 (6.7355)	Prec@1 1.953 (0.607)	Prec@5 5.371 (2.299)
/opt/conda/lib/python3.6/site-packages/PIL/TiffImagePlugin.py:754: UserWarning: Possibly corrupt EXIF data.  Expecting to read 19660800 bytes but only got 0. Skipping tag 0
  " Skipping tag %s" % (size, len(data), tag))
/opt/conda/lib/python3.6/site-packages/PIL/TiffImagePlugin.py:754: UserWarning: Possibly corrupt EXIF data.  Expecting to read 18481152 bytes but only got 0. Skipping tag 0
  " Skipping tag %s" % (size, len(data), tag))
/opt/conda/lib/python3.6/site-packages/PIL/TiffImagePlugin.py:754: UserWarning: Possibly corrupt EXIF data.  Expecting to read 37093376 bytes but only got 0. Skipping tag 0
  " Skipping tag %s" % (size, len(data), tag))
/opt/conda/lib/python3.6/site-packages/PIL/TiffImagePlugin.py:754: UserWarning: Possibly corrupt EXIF data.  Expecting to read 39976960 bytes but only got 0. Skipping tag 0
  " Skipping tag %s" % (size, len(data), tag))
/opt/conda/lib/python3.6/site-packages/PIL/TiffImagePlugin.py:754: UserWarning: Possibly corrupt EXIF data.  Expecting to read 34865152 bytes but only got 0. Skipping tag 0
  " Skipping tag %s" % (size, len(data), tag))
/opt/conda/lib/python3.6/site-packages/PIL/TiffImagePlugin.py:771: UserWarning: Corrupt EXIF data.  Expecting to read 12 bytes but only got 10.
  warnings.warn(str(msg))
Epoch: [0][530/1252]	Time 0.313 (0.337)	Speed 3273.458 (3040.530)	Loss 6.2101402283 (6.7256)	Prec@1 1.758 (0.628)	Prec@5 6.934 (2.386)
Epoch: [0][540/1252]	Time 0.313 (0.336)	Speed 3270.579 (3044.496)	Loss 6.2834253311 (6.7174)	Prec@1 1.465 (0.644)	Prec@5 5.371 (2.441)
Epoch: [0][550/1252]	Time 0.313 (0.336)	Speed 3276.790 (3048.425)	Loss 6.1739110947 (6.7075)	Prec@1 1.660 (0.662)	Prec@5 7.715 (2.537)
Epoch: [0][560/1252]	Time 0.312 (0.335)	Speed 3279.987 (3052.273)	Loss 6.2318544388 (6.6990)	Prec@1 1.562 (0.678)	Prec@5 5.371 (2.588)
Epoch: [0][570/1252]	Time 0.312 (0.335)	Speed 3280.399 (3056.001)	Loss 6.0302057266 (6.6873)	Prec@1 2.441 (0.709)	Prec@5 8.887 (2.698)
Epoch: [0][580/1252]	Time 0.316 (0.335)	Speed 3239.187 (3058.984)	Loss 6.0881452560 (6.6770)	Prec@1 2.539 (0.741)	Prec@5 7.129 (2.775)
Epoch: [0][590/1252]	Time 0.312 (0.334)	Speed 3279.604 (3062.476)	Loss 6.0676016808 (6.6666)	Prec@1 2.539 (0.771)	Prec@5 7.715 (2.859)
Epoch: [0][600/1252]	Time 0.312 (0.334)	Speed 3279.428 (3065.856)	Loss 5.9758262634 (6.6551)	Prec@1 3.711 (0.820)	Prec@5 9.277 (2.965)
Epoch: [0][610/1252]	Time 0.314 (0.334)	Speed 3264.060 (3068.911)	Loss 6.0659170151 (6.6455)	Prec@1 3.125 (0.858)	Prec@5 8.691 (3.059)
Epoch: [0][620/1252]	Time 0.312 (0.333)	Speed 3277.615 (3072.066)	Loss 6.0543889999 (6.6359)	Prec@1 1.953 (0.876)	Prec@5 8.496 (3.147)
Epoch: [0][630/1252]	Time 0.313 (0.333)	Speed 3275.897 (3075.103)	Loss 6.0179014206 (6.6261)	Prec@1 3.125 (0.911)	Prec@5 7.031 (3.209)
Epoch: [0][640/1252]	Time 0.313 (0.333)	Speed 3268.749 (3077.952)	Loss 6.0459413528 (6.6171)	Prec@1 2.441 (0.935)	Prec@5 9.277 (3.304)
Epoch: [0][650/1252]	Time 0.312 (0.332)	Speed 3278.177 (3080.847)	Loss 5.9276351929 (6.6064)	Prec@1 2.637 (0.962)	Prec@5 7.715 (3.371)
Epoch: [0][660/1252]	Time 0.312 (0.332)	Speed 3277.249 (3083.647)	Loss 5.9239554405 (6.5961)	Prec@1 2.344 (0.982)	Prec@5 8.691 (3.452)
Epoch: [0][670/1252]	Time 0.313 (0.332)	Speed 3272.703 (3086.308)	Loss 5.9770913124 (6.5869)	Prec@1 3.418 (1.019)	Prec@5 9.473 (3.542)
Epoch: [0][680/1252]	Time 0.312 (0.332)	Speed 3278.301 (3088.969)	Loss 5.8226828575 (6.5756)	Prec@1 3.809 (1.060)	Prec@5 11.523 (3.659)
Epoch: [0][690/1252]	Time 0.313 (0.331)	Speed 3272.984 (3091.488)	Loss 5.8643603325 (6.5653)	Prec@1 3.125 (1.090)	Prec@5 10.840 (3.763)
Epoch: [0][700/1252]	Time 0.314 (0.331)	Speed 3257.718 (3093.743)	Loss 5.9104347229 (6.5560)	Prec@1 3.320 (1.122)	Prec@5 10.645 (3.862)
Epoch: [0][710/1252]	Time 0.313 (0.331)	Speed 3271.459 (3096.112)	Loss 5.7833676338 (6.5451)	Prec@1 3.320 (1.153)	Prec@5 11.035 (3.963)
Epoch: [0][720/1252]	Time 0.313 (0.330)	Speed 3276.396 (3098.480)	Loss 5.8328104019 (6.5352)	Prec@1 3.320 (1.183)	Prec@5 9.180 (4.035)
Epoch: [0][730/1252]	Time 0.312 (0.330)	Speed 3277.575 (3100.801)	Loss 5.8020877838 (6.5251)	Prec@1 3.809 (1.219)	Prec@5 11.621 (4.139)
Epoch: [0][740/1252]	Time 0.312 (0.330)	Speed 3278.509 (3103.074)	Loss 5.8213443756 (6.5156)	Prec@1 3.809 (1.254)	Prec@5 10.742 (4.228)
Epoch: [0][750/1252]	Time 0.313 (0.330)	Speed 3271.160 (3105.201)	Loss 5.7428627014 (6.5053)	Prec@1 3.125 (1.279)	Prec@5 11.426 (4.324)
Epoch: [0][760/1252]	Time 0.312 (0.330)	Speed 3278.915 (3107.367)	Loss 5.6987643242 (6.4947)	Prec@1 4.883 (1.326)	Prec@5 13.379 (4.443)
Epoch: [0][770/1252]	Time 0.312 (0.329)	Speed 3278.428 (3109.474)	Loss 5.6774420738 (6.4841)	Prec@1 3.027 (1.348)	Prec@5 12.598 (4.549)
Epoch: [0][780/1252]	Time 0.313 (0.329)	Speed 3274.460 (3111.484)	Loss 5.7708225250 (6.4750)	Prec@1 4.688 (1.391)	Prec@5 12.207 (4.647)
Epoch: [0][790/1252]	Time 0.312 (0.329)	Speed 3278.035 (3113.487)	Loss 5.7602596283 (6.4659)	Prec@1 3.613 (1.419)	Prec@5 11.621 (4.736)
Epoch: [0][800/1252]	Time 0.313 (0.329)	Speed 3275.050 (3115.408)	Loss 5.8147020340 (6.4578)	Prec@1 3.125 (1.440)	Prec@5 11.035 (4.814)
Epoch: [0][810/1252]	Time 0.312 (0.328)	Speed 3277.817 (3117.315)	Loss 5.6471824646 (6.4478)	Prec@1 4.297 (1.476)	Prec@5 12.500 (4.909)
Epoch: [0][820/1252]	Time 0.313 (0.328)	Speed 3268.756 (3119.077)	Loss 5.6746354103 (6.4383)	Prec@1 4.492 (1.512)	Prec@5 12.598 (5.003)
Epoch: [0][830/1252]	Time 0.312 (0.328)	Speed 3278.657 (3120.907)	Loss 5.6621675491 (6.4290)	Prec@1 5.371 (1.559)	Prec@5 15.039 (5.124)
Epoch: [0][840/1252]	Time 0.312 (0.328)	Speed 3276.918 (3122.677)	Loss 5.6613917351 (6.4198)	Prec@1 3.613 (1.583)	Prec@5 12.305 (5.209)
Epoch: [0][850/1252]	Time 0.312 (0.328)	Speed 3277.555 (3124.414)	Loss 5.6958303452 (6.4113)	Prec@1 4.102 (1.613)	Prec@5 11.523 (5.284)
Epoch: [0][860/1252]	Time 0.315 (0.328)	Speed 3251.182 (3125.831)	Loss 5.6242265701 (6.4022)	Prec@1 5.078 (1.653)	Prec@5 14.551 (5.392)
Epoch: [0][870/1252]	Time 0.312 (0.327)	Speed 3279.817 (3127.519)	Loss 5.5785741806 (6.3927)	Prec@1 4.297 (1.684)	Prec@5 13.965 (5.490)
Epoch: [0][880/1252]	Time 0.312 (0.327)	Speed 3277.942 (3129.151)	Loss 5.4946851730 (6.3825)	Prec@1 5.469 (1.727)	Prec@5 15.234 (5.601)
Epoch: [0][890/1252]	Time 0.313 (0.327)	Speed 3269.964 (3130.665)	Loss 5.5706958771 (6.3734)	Prec@1 4.102 (1.753)	Prec@5 13.965 (5.695)
Epoch: [0][900/1252]	Time 0.313 (0.327)	Speed 3276.424 (3132.214)	Loss 5.4440083504 (6.3631)	Prec@1 5.371 (1.794)	Prec@5 16.406 (5.814)
Epoch: [0][910/1252]	Time 0.312 (0.327)	Speed 3277.498 (3133.740)	Loss 5.5278735161 (6.3539)	Prec@1 5.566 (1.835)	Prec@5 16.113 (5.927)
Epoch: [0][920/1252]	Time 0.315 (0.327)	Speed 3249.552 (3134.955)	Loss 5.5095310211 (6.3447)	Prec@1 5.273 (1.872)	Prec@5 15.918 (6.036)
Epoch: [0][930/1252]	Time 0.313 (0.326)	Speed 3275.880 (3136.405)	Loss 5.4565720558 (6.3352)	Prec@1 4.980 (1.906)	Prec@5 15.723 (6.140)
Epoch: [0][940/1252]	Time 0.313 (0.326)	Speed 3276.145 (3137.829)	Loss 5.4290680885 (6.3255)	Prec@1 5.273 (1.942)	Prec@5 17.773 (6.264)
Epoch: [0][950/1252]	Time 0.313 (0.326)	Speed 3270.013 (3139.165)	Loss 5.4562759399 (6.3164)	Prec@1 5.078 (1.975)	Prec@5 14.941 (6.355)
Epoch: [0][960/1252]	Time 0.313 (0.326)	Speed 3270.433 (3140.478)	Loss 5.3893508911 (6.3067)	Prec@1 6.055 (2.017)	Prec@5 18.066 (6.477)
Epoch: [0][970/1252]	Time 0.313 (0.326)	Speed 3273.606 (3141.795)	Loss 5.4444341660 (6.2978)	Prec@1 5.762 (2.056)	Prec@5 16.895 (6.584)
Epoch: [0][980/1252]	Time 0.313 (0.326)	Speed 3266.942 (3143.024)	Loss 5.3843665123 (6.2885)	Prec@1 5.957 (2.096)	Prec@5 17.188 (6.692)
Epoch: [0][990/1252]	Time 0.312 (0.326)	Speed 3277.716 (3144.329)	Loss 5.3031845093 (6.2785)	Prec@1 5.469 (2.130)	Prec@5 17.090 (6.797)
Epoch: [0][1000/1252]	Time 0.313 (0.326)	Speed 3266.836 (3145.509)	Loss 5.3046598434 (6.2688)	Prec@1 8.105 (2.189)	Prec@5 20.020 (6.930)
Epoch: [0][1010/1252]	Time 0.313 (0.325)	Speed 3275.840 (3146.748)	Loss 5.2396912575 (6.2586)	Prec@1 6.934 (2.236)	Prec@5 19.727 (7.056)
Epoch: [0][1020/1252]	Time 0.312 (0.325)	Speed 3276.846 (3147.973)	Loss 5.3154163361 (6.2494)	Prec@1 7.227 (2.285)	Prec@5 20.215 (7.185)
Epoch: [0][1030/1252]	Time 0.313 (0.325)	Speed 3276.361 (3149.171)	Loss 5.3419327736 (6.2406)	Prec@1 6.445 (2.326)	Prec@5 17.969 (7.290)
Epoch: [0][1040/1252]	Time 0.312 (0.325)	Speed 3277.179 (3150.355)	Loss 5.3633713722 (6.2321)	Prec@1 6.738 (2.368)	Prec@5 18.359 (7.397)
Epoch: [0][1050/1252]	Time 0.312 (0.325)	Speed 3276.886 (3151.514)	Loss 5.2650504112 (6.2229)	Prec@1 7.422 (2.416)	Prec@5 19.238 (7.509)
Epoch: [0][1060/1252]	Time 0.313 (0.325)	Speed 3271.547 (3152.605)	Loss 5.2805175781 (6.2140)	Prec@1 6.738 (2.457)	Prec@5 17.578 (7.604)
Epoch: [0][1070/1252]	Time 0.313 (0.325)	Speed 3275.445 (3153.710)	Loss 5.2714653015 (6.2052)	Prec@1 5.859 (2.489)	Prec@5 19.531 (7.716)
Epoch: [0][1080/1252]	Time 0.312 (0.325)	Speed 3277.200 (3154.811)	Loss 5.2585544586 (6.1964)	Prec@1 7.227 (2.533)	Prec@5 20.020 (7.830)
Epoch: [0][1090/1252]	Time 0.313 (0.324)	Speed 3270.241 (3155.833)	Loss 5.3487863541 (6.1887)	Prec@1 7.617 (2.579)	Prec@5 17.773 (7.921)
Epoch: [0][1100/1252]	Time 0.313 (0.324)	Speed 3275.609 (3156.882)	Loss 5.2849297523 (6.1805)	Prec@1 6.836 (2.618)	Prec@5 18.555 (8.018)
Epoch: [0][1110/1252]	Time 0.314 (0.324)	Speed 3266.209 (3157.835)	Loss 5.2831773758 (6.1724)	Prec@1 6.055 (2.649)	Prec@5 17.969 (8.107)
Epoch: [0][1120/1252]	Time 0.313 (0.324)	Speed 3267.977 (3158.785)	Loss 5.1482553482 (6.1632)	Prec@1 7.910 (2.696)	Prec@5 22.266 (8.234)
Epoch: [0][1130/1252]	Time 0.314 (0.324)	Speed 3264.686 (3159.692)	Loss 5.1881422997 (6.1546)	Prec@1 8.789 (2.750)	Prec@5 20.508 (8.342)
Epoch: [0][1140/1252]	Time 0.313 (0.324)	Speed 3275.380 (3160.671)	Loss 5.1650409698 (6.1459)	Prec@1 7.324 (2.790)	Prec@5 22.070 (8.463)
Epoch: [0][1150/1252]	Time 0.313 (0.324)	Speed 3276.208 (3161.641)	Loss 5.0812444687 (6.1367)	Prec@1 9.668 (2.850)	Prec@5 22.754 (8.587)
Epoch: [0][1160/1252]	Time 0.313 (0.324)	Speed 3274.943 (3162.584)	Loss 5.1147699356 (6.1279)	Prec@1 8.105 (2.895)	Prec@5 23.242 (8.713)
Epoch: [0][1170/1252]	Time 0.314 (0.324)	Speed 3265.801 (3163.439)	Loss 5.2345547676 (6.1202)	Prec@1 7.910 (2.938)	Prec@5 19.824 (8.808)
Epoch: [0][1180/1252]	Time 0.314 (0.324)	Speed 3257.012 (3164.209)	Loss 5.0079574585 (6.1108)	Prec@1 9.570 (2.994)	Prec@5 23.047 (8.929)
Epoch: [0][1190/1252]	Time 0.314 (0.324)	Speed 3258.460 (3164.978)	Loss 5.1427555084 (6.1027)	Prec@1 8.105 (3.037)	Prec@5 22.461 (9.043)
Epoch: [0][1200/1252]	Time 0.314 (0.323)	Speed 3264.163 (3165.780)	Loss 5.0248055458 (6.0937)	Prec@1 9.082 (3.088)	Prec@5 22.656 (9.156)
Epoch: [0][1210/1252]	Time 0.313 (0.323)	Speed 3275.252 (3166.655)	Loss 5.1174659729 (6.0856)	Prec@1 8.203 (3.130)	Prec@5 21.484 (9.258)
Epoch: [0][1220/1252]	Time 0.313 (0.323)	Speed 3267.920 (3167.459)	Loss 5.1834273338 (6.0782)	Prec@1 7.812 (3.168)	Prec@5 21.777 (9.361)
Epoch: [0][1230/1252]	Time 0.313 (0.323)	Speed 3275.076 (3168.306)	Loss 5.0874261856 (6.0702)	Prec@1 9.961 (3.223)	Prec@5 23.145 (9.473)
Epoch: [0][1240/1252]	Time 0.313 (0.323)	Speed 3275.160 (3169.140)	Loss 5.0471034050 (6.0619)	Prec@1 8.496 (3.266)	Prec@5 23.730 (9.588)
Epoch: [0][1250/1252]	Time 0.315 (0.323)	Speed 3254.353 (3169.804)	Loss 4.9393434525 (6.0529)	Prec@1 10.156 (3.321)	Prec@5 24.805 (9.709)
Test: [10/49]	Time 0.107 (0.504)	Speed 9577.788 (2031.391)	Loss 5.1579 (5.0864)	Prec@1 7.715 (8.594)	Prec@5 21.289 (22.441)
Test: [20/49]	Time 0.883 (0.438)	Speed 1159.636 (2338.298)	Loss 5.1325 (5.0960)	Prec@1 7.422 (8.652)	Prec@5 21.875 (22.739)
Test: [30/49]	Time 0.162 (0.392)	Speed 6320.813 (2612.825)	Loss 5.0900 (5.0920)	Prec@1 8.398 (8.649)	Prec@5 21.777 (22.585)
Test: [40/49]	Time 0.801 (0.386)	Speed 1278.631 (2650.522)	Loss 5.1085 (5.0937)	Prec@1 8.105 (8.669)	Prec@5 23.047 (22.522)
 * Prec@1 8.642 Prec@5 22.584
 * Prec@1 8.642 Prec@5 22.584
 * Prec@1 8.642 Prec@5 22.584
 * Prec@1 8.642 Prec@5 22.584
Epoch: [1][10/1252]	Time 0.523 (0.523)	Speed 1958.245 (1958.245)	Loss 5.0416603088 (5.0417)	Prec@1 7.617 (7.617)	Prec@5 23.438 (23.438)
Epoch: [1][20/1252]	Time 0.315 (0.419)	Speed 3252.214 (2444.557)	Loss 5.0383491516 (5.0400)	Prec@1 8.594 (8.105)	Prec@5 21.875 (22.656)
Epoch: [1][30/1252]	Time 0.313 (0.384)	Speed 3272.509 (2669.704)	Loss 4.9769062996 (5.0190)	Prec@1 9.473 (8.561)	Prec@5 24.805 (23.372)
/opt/conda/lib/python3.6/site-packages/PIL/TiffImagePlugin.py:754: UserWarning: Possibly corrupt EXIF data.  Expecting to read 19660800 bytes but only got 0. Skipping tag 0
  " Skipping tag %s" % (size, len(data), tag))
/opt/conda/lib/python3.6/site-packages/PIL/TiffImagePlugin.py:754: UserWarning: Possibly corrupt EXIF data.  Expecting to read 18481152 bytes but only got 0. Skipping tag 0
  " Skipping tag %s" % (size, len(data), tag))
/opt/conda/lib/python3.6/site-packages/PIL/TiffImagePlugin.py:754: UserWarning: Possibly corrupt EXIF data.  Expecting to read 37093376 bytes but only got 0. Skipping tag 0
  " Skipping tag %s" % (size, len(data), tag))
/opt/conda/lib/python3.6/site-packages/PIL/TiffImagePlugin.py:754: UserWarning: Possibly corrupt EXIF data.  Expecting to read 39976960 bytes but only got 0. Skipping tag 0
  " Skipping tag %s" % (size, len(data), tag))
/opt/conda/lib/python3.6/site-packages/PIL/TiffImagePlugin.py:754: UserWarning: Possibly corrupt EXIF data.  Expecting to read 34865152 bytes but only got 0. Skipping tag 0
  " Skipping tag %s" % (size, len(data), tag))
/opt/conda/lib/python3.6/site-packages/PIL/TiffImagePlugin.py:771: UserWarning: Corrupt EXIF data.  Expecting to read 12 bytes but only got 10.
  warnings.warn(str(msg))
Epoch: [1][40/1252]	Time 0.313 (0.366)	Speed 3273.761 (2798.809)	Loss 4.9336395264 (4.9976)	Prec@1 10.938 (9.155)	Prec@5 26.270 (24.097)
Epoch: [1][50/1252]	Time 0.314 (0.356)	Speed 3258.192 (2880.022)	Loss 4.9776039124 (4.9936)	Prec@1 9.863 (9.297)	Prec@5 23.730 (24.023)
Epoch: [1][60/1252]	Time 0.313 (0.348)	Speed 3272.693 (2938.790)	Loss 4.9233102798 (4.9819)	Prec@1 9.473 (9.326)	Prec@5 25.488 (24.268)
Epoch: [1][70/1252]	Time 0.314 (0.343)	Speed 3265.419 (2981.393)	Loss 4.8689498901 (4.9658)	Prec@1 11.523 (9.640)	Prec@5 25.488 (24.442)
Epoch: [1][80/1252]	Time 0.318 (0.340)	Speed 3224.899 (3009.801)	Loss 4.8694334030 (4.9537)	Prec@1 11.523 (9.875)	Prec@5 25.391 (24.561)
Epoch: [1][90/1252]	Time 0.314 (0.337)	Speed 3261.652 (3035.847)	Loss 4.9656753540 (4.9551)	Prec@1 11.035 (10.004)	Prec@5 25.586 (24.674)
Epoch: [1][100/1252]	Time 0.313 (0.335)	Speed 3266.785 (3057.461)	Loss 4.8678369522 (4.9463)	Prec@1 8.984 (9.902)	Prec@5 26.367 (24.844)
Epoch: [1][110/1252]	Time 0.315 (0.333)	Speed 3245.863 (3073.680)	Loss 4.8751430511 (4.9399)	Prec@1 9.473 (9.863)	Prec@5 26.660 (25.009)
Epoch: [1][120/1252]	Time 0.313 (0.331)	Speed 3272.390 (3089.313)	Loss 4.8582196236 (4.9331)	Prec@1 10.938 (9.953)	Prec@5 27.930 (25.252)
Epoch: [1][130/1252]	Time 0.314 (0.330)	Speed 3257.497 (3101.631)	Loss 4.8113851547 (4.9237)	Prec@1 12.402 (10.141)	Prec@5 29.980 (25.616)
Epoch: [1][140/1252]	Time 0.313 (0.329)	Speed 3269.605 (3113.054)	Loss 4.8720178604 (4.9200)	Prec@1 10.645 (10.177)	Prec@5 26.953 (25.711)
Epoch: [1][150/1252]	Time 0.313 (0.328)	Speed 3270.816 (3123.097)	Loss 4.7871584892 (4.9112)	Prec@1 12.012 (10.299)	Prec@5 28.516 (25.898)
/opt/conda/lib/python3.6/site-packages/PIL/TiffImagePlugin.py:754: UserWarning: Possibly corrupt EXIF data.  Expecting to read 1835008 bytes but only got 0. Skipping tag 0
  " Skipping tag %s" % (size, len(data), tag))
Epoch: [1][160/1252]	Time 0.314 (0.327)	Speed 3264.870 (3131.596)	Loss 4.8142004013 (4.9051)	Prec@1 10.938 (10.339)	Prec@5 27.539 (26.001)
Epoch: [1][170/1252]	Time 0.313 (0.326)	Speed 3271.221 (3139.479)	Loss 4.8215751648 (4.9002)	Prec@1 12.402 (10.461)	Prec@5 27.441 (26.086)
Epoch: [1][180/1252]	Time 0.313 (0.325)	Speed 3271.273 (3146.521)	Loss 4.8051638603 (4.8949)	Prec@1 11.426 (10.514)	Prec@5 26.367 (26.101)
Epoch: [1][190/1252]	Time 0.315 (0.325)	Speed 3255.212 (3152.060)	Loss 4.7349119186 (4.8865)	Prec@1 12.500 (10.619)	Prec@5 28.906 (26.249)
Epoch: [1][200/1252]	Time 0.314 (0.324)	Speed 3265.801 (3157.559)	Loss 4.7351908684 (4.8789)	Prec@1 10.840 (10.630)	Prec@5 29.688 (26.421)
Epoch: [1][210/1252]	Time 0.315 (0.324)	Speed 3250.983 (3161.886)	Loss 4.7426395416 (4.8724)	Prec@1 11.816 (10.686)	Prec@5 29.980 (26.590)
Epoch: [1][220/1252]	Time 0.314 (0.323)	Speed 3264.821 (3166.424)	Loss 4.7586827278 (4.8673)	Prec@1 10.352 (10.671)	Prec@5 28.613 (26.682)
Epoch: [1][230/1252]	Time 0.313 (0.323)	Speed 3268.631 (3170.734)	Loss 4.7456045151 (4.8620)	Prec@1 10.742 (10.674)	Prec@5 28.809 (26.775)
Epoch: [1][240/1252]	Time 0.316 (0.323)	Speed 3239.782 (3173.553)	Loss 4.6611618996 (4.8536)	Prec@1 12.695 (10.758)	Prec@5 30.762 (26.941)
Epoch: [1][250/1252]	Time 0.313 (0.322)	Speed 3266.407 (3177.165)	Loss 4.7083377838 (4.8478)	Prec@1 11.621 (10.793)	Prec@5 28.906 (27.020)
Epoch: [1][260/1252]	Time 0.314 (0.322)	Speed 3259.465 (3180.254)	Loss 4.7716045380 (4.8449)	Prec@1 11.523 (10.821)	Prec@5 27.637 (27.043)
Epoch: [1][270/1252]	Time 0.315 (0.322)	Speed 3255.507 (3182.979)	Loss 4.5919346809 (4.8355)	Prec@1 12.598 (10.887)	Prec@5 32.422 (27.242)
Epoch: [1][280/1252]	Time 0.313 (0.321)	Speed 3270.497 (3186.024)	Loss 4.6187982559 (4.8278)	Prec@1 12.402 (10.941)	Prec@5 30.078 (27.344)
Epoch: [1][290/1252]	Time 0.314 (0.321)	Speed 3264.427 (3188.664)	Loss 4.8851757050 (4.8297)	Prec@1 10.547 (10.927)	Prec@5 25.488 (27.280)
Epoch: [1][300/1252]	Time 0.313 (0.321)	Speed 3271.334 (3191.353)	Loss 4.6963706017 (4.8253)	Prec@1 11.914 (10.960)	Prec@5 29.102 (27.340)
Epoch: [1][310/1252]	Time 0.318 (0.321)	Speed 3217.829 (3192.200)	Loss 4.7985491753 (4.8244)	Prec@1 12.402 (11.007)	Prec@5 28.711 (27.385)
Epoch: [1][320/1252]	Time 0.314 (0.321)	Speed 3256.644 (3194.175)	Loss 4.6391377449 (4.8186)	Prec@1 12.305 (11.047)	Prec@5 30.176 (27.472)
Epoch: [1][330/1252]	Time 0.313 (0.320)	Speed 3270.594 (3196.438)	Loss 4.6064028740 (4.8122)	Prec@1 12.402 (11.088)	Prec@5 31.836 (27.604)
Epoch: [1][340/1252]	Time 0.313 (0.320)	Speed 3270.218 (3198.561)	Loss 4.6367192268 (4.8070)	Prec@1 13.477 (11.159)	Prec@5 29.688 (27.665)
Epoch: [1][350/1252]	Time 0.313 (0.320)	Speed 3270.093 (3200.561)	Loss 4.6045475006 (4.8013)	Prec@1 12.891 (11.208)	Prec@5 31.152 (27.765)
Epoch: [1][360/1252]	Time 0.313 (0.320)	Speed 3271.701 (3202.496)	Loss 4.7122082710 (4.7988)	Prec@1 11.914 (11.228)	Prec@5 29.297 (27.808)
Epoch: [1][370/1252]	Time 0.313 (0.320)	Speed 3267.282 (3204.213)	Loss 4.4163141251 (4.7884)	Prec@1 14.453 (11.315)	Prec@5 36.133 (28.033)
Epoch: [1][380/1252]	Time 0.315 (0.319)	Speed 3255.555 (3205.543)	Loss 4.6371321678 (4.7845)	Prec@1 12.891 (11.356)	Prec@5 32.617 (28.153)
Epoch: [1][390/1252]	Time 0.313 (0.319)	Speed 3270.180 (3207.168)	Loss 4.5683937073 (4.7789)	Prec@1 12.988 (11.398)	Prec@5 31.934 (28.250)
Epoch: [1][400/1252]	Time 0.313 (0.319)	Speed 3270.581 (3208.724)	Loss 4.5618333817 (4.7735)	Prec@1 14.844 (11.484)	Prec@5 31.934 (28.342)
Epoch: [1][410/1252]	Time 0.314 (0.319)	Speed 3265.829 (3210.093)	Loss 4.5843296051 (4.7689)	Prec@1 14.160 (11.550)	Prec@5 32.227 (28.437)
Epoch: [1][420/1252]	Time 0.313 (0.319)	Speed 3267.608 (3211.439)	Loss 4.5657448769 (4.7640)	Prec@1 14.551 (11.621)	Prec@5 31.934 (28.520)
/opt/conda/lib/python3.6/site-packages/PIL/TiffImagePlugin.py:754: UserWarning: Possibly corrupt EXIF data.  Expecting to read 2555904 bytes but only got 0. Skipping tag 0
  " Skipping tag %s" % (size, len(data), tag))
Epoch: [1][430/1252]	Time 0.314 (0.319)	Speed 3265.370 (3212.673)	Loss 4.5150403976 (4.7583)	Prec@1 15.039 (11.701)	Prec@5 33.301 (28.631)
Epoch: [1][440/1252]	Time 0.313 (0.319)	Speed 3269.570 (3213.944)	Loss 4.6272997856 (4.7553)	Prec@1 13.184 (11.734)	Prec@5 32.129 (28.711)
Epoch: [1][450/1252]	Time 0.315 (0.319)	Speed 3246.600 (3214.662)	Loss 4.5132842064 (4.7499)	Prec@1 13.477 (11.773)	Prec@5 32.324 (28.791)
Epoch: [1][460/1252]	Time 0.313 (0.318)	Speed 3271.722 (3215.882)	Loss 4.4743509293 (4.7439)	Prec@1 16.504 (11.876)	Prec@5 34.961 (28.925)
Epoch: [1][470/1252]	Time 0.313 (0.318)	Speed 3271.541 (3217.046)	Loss 4.4847555161 (4.7384)	Prec@1 13.379 (11.908)	Prec@5 34.668 (29.048)
Epoch: [1][480/1252]	Time 0.314 (0.318)	Speed 3259.420 (3217.918)	Loss 4.4609742165 (4.7326)	Prec@1 15.137 (11.975)	Prec@5 34.180 (29.154)
Epoch: [1][490/1252]	Time 0.315 (0.318)	Speed 3254.029 (3218.647)	Loss 4.4649987221 (4.7272)	Prec@1 15.625 (12.050)	Prec@5 34.668 (29.267)
Epoch: [1][500/1252]	Time 0.314 (0.318)	Speed 3264.483 (3219.551)	Loss 4.4372854233 (4.7214)	Prec@1 14.160 (12.092)	Prec@5 34.766 (29.377)
Epoch: [1][510/1252]	Time 0.313 (0.318)	Speed 3268.326 (3220.493)	Loss 4.3991150856 (4.7150)	Prec@1 16.699 (12.182)	Prec@5 35.645 (29.500)
/opt/conda/lib/python3.6/site-packages/PIL/TiffImagePlugin.py:771: UserWarning: Corrupt EXIF data.  Expecting to read 4 bytes but only got 0.
  warnings.warn(str(msg))
Epoch: [1][520/1252]	Time 0.313 (0.318)	Speed 3269.238 (3221.417)	Loss 4.4228239059 (4.7094)	Prec@1 16.699 (12.269)	Prec@5 34.766 (29.601)
Epoch: [1][530/1252]	Time 0.315 (0.318)	Speed 3251.699 (3221.983)	Loss 4.4579830170 (4.7047)	Prec@1 14.941 (12.319)	Prec@5 34.668 (29.697)
Epoch: [1][540/1252]	Time 0.313 (0.318)	Speed 3268.591 (3222.834)	Loss 4.4215660095 (4.6994)	Prec@1 15.137 (12.372)	Prec@5 33.984 (29.776)
Epoch: [1][550/1252]	Time 0.313 (0.318)	Speed 3267.078 (3223.628)	Loss 4.4442977905 (4.6948)	Prec@1 15.234 (12.424)	Prec@5 34.766 (29.867)
Epoch: [1][560/1252]	Time 0.314 (0.318)	Speed 3263.651 (3224.334)	Loss 4.2797975540 (4.6874)	Prec@1 18.359 (12.530)	Prec@5 37.207 (29.998)
Epoch: [1][570/1252]	Time 0.314 (0.318)	Speed 3262.866 (3225.002)	Loss 4.3866314888 (4.6821)	Prec@1 15.430 (12.581)	Prec@5 35.059 (30.087)
Epoch: [1][580/1252]	Time 0.313 (0.317)	Speed 3268.622 (3225.744)	Loss 4.4009075165 (4.6773)	Prec@1 16.211 (12.643)	Prec@5 36.328 (30.194)
Epoch: [1][590/1252]	Time 0.314 (0.317)	Speed 3265.764 (3226.414)	Loss 4.3547096252 (4.6718)	Prec@1 16.602 (12.710)	Prec@5 35.938 (30.292)
Epoch: [1][600/1252]	Time 0.313 (0.317)	Speed 3273.065 (3227.181)	Loss 4.3463783264 (4.6664)	Prec@1 16.602 (12.775)	Prec@5 35.938 (30.386)
Epoch: [1][610/1252]	Time 0.313 (0.317)	Speed 3270.346 (3227.879)	Loss 4.3822321892 (4.6617)	Prec@1 16.211 (12.831)	Prec@5 33.691 (30.440)
Epoch: [1][620/1252]	Time 0.313 (0.317)	Speed 3270.743 (3228.562)	Loss 4.2706136703 (4.6554)	Prec@1 15.527 (12.875)	Prec@5 37.402 (30.552)
Epoch: [1][630/1252]	Time 0.313 (0.317)	Speed 3268.863 (3229.194)	Loss 4.3165860176 (4.6500)	Prec@1 16.895 (12.939)	Prec@5 36.426 (30.645)
Epoch: [1][640/1252]	Time 0.313 (0.317)	Speed 3270.162 (3229.826)	Loss 4.2639555931 (4.6440)	Prec@1 16.895 (13.000)	Prec@5 37.891 (30.759)
Epoch: [1][650/1252]	Time 0.313 (0.317)	Speed 3269.551 (3230.430)	Loss 4.3286890984 (4.6391)	Prec@1 15.234 (13.035)	Prec@5 36.035 (30.840)
Epoch: [1][660/1252]	Time 0.314 (0.317)	Speed 3264.241 (3230.937)	Loss 4.3425045013 (4.6346)	Prec@1 17.871 (13.108)	Prec@5 37.695 (30.944)
Epoch: [1][670/1252]	Time 0.313 (0.317)	Speed 3269.793 (3231.510)	Loss 4.1896452904 (4.6280)	Prec@1 18.262 (13.185)	Prec@5 37.598 (31.043)
Epoch: [1][680/1252]	Time 0.313 (0.317)	Speed 3271.003 (3232.084)	Loss 4.3155345917 (4.6234)	Prec@1 15.723 (13.222)	Prec@5 35.840 (31.114)
Epoch: [1][690/1252]	Time 0.314 (0.317)	Speed 3262.469 (3232.520)	Loss 4.3179912567 (4.6190)	Prec@1 15.332 (13.253)	Prec@5 35.840 (31.182)
Epoch: [1][700/1252]	Time 0.317 (0.317)	Speed 3233.056 (3232.528)	Loss 4.3298358917 (4.6149)	Prec@1 17.578 (13.315)	Prec@5 36.426 (31.257)
Epoch: [1][710/1252]	Time 0.315 (0.317)	Speed 3250.360 (3232.778)	Loss 4.1873369217 (4.6088)	Prec@1 17.969 (13.380)	Prec@5 39.648 (31.375)
Epoch: [1][720/1252]	Time 0.313 (0.317)	Speed 3269.883 (3233.287)	Loss 4.2555041313 (4.6039)	Prec@1 17.188 (13.433)	Prec@5 36.328 (31.444)
Epoch: [1][730/1252]	Time 0.313 (0.317)	Speed 3269.688 (3233.780)	Loss 4.2054042816 (4.5985)	Prec@1 18.848 (13.507)	Prec@5 39.746 (31.558)
Epoch: [1][740/1252]	Time 0.316 (0.317)	Speed 3241.305 (3233.882)	Loss 4.1506729126 (4.5924)	Prec@1 17.383 (13.560)	Prec@5 39.941 (31.671)
/opt/conda/lib/python3.6/site-packages/PIL/TiffImagePlugin.py:754: UserWarning: Possibly corrupt EXIF data.  Expecting to read 2555904 bytes but only got 0. Skipping tag 0
  " Skipping tag %s" % (size, len(data), tag))
Epoch: [1][750/1252]	Time 0.313 (0.317)	Speed 3269.660 (3234.354)	Loss 4.2227973938 (4.5875)	Prec@1 18.945 (13.632)	Prec@5 38.184 (31.758)
Epoch: [1][760/1252]	Time 0.313 (0.317)	Speed 3269.021 (3234.805)	Loss 4.1889848709 (4.5822)	Prec@1 16.016 (13.663)	Prec@5 39.648 (31.862)
Epoch: [1][770/1252]	Time 0.313 (0.317)	Speed 3268.731 (3235.241)	Loss 4.1699914932 (4.5769)	Prec@1 17.969 (13.719)	Prec@5 39.551 (31.961)
Epoch: [1][780/1252]	Time 0.313 (0.316)	Speed 3270.936 (3235.694)	Loss 4.1896762848 (4.5719)	Prec@1 16.992 (13.761)	Prec@5 40.137 (32.066)
Epoch: [1][790/1252]	Time 0.315 (0.316)	Speed 3252.373 (3235.904)	Loss 4.0569548607 (4.5654)	Prec@1 20.312 (13.844)	Prec@5 42.285 (32.196)
Epoch: [1][800/1252]	Time 0.313 (0.316)	Speed 3271.181 (3236.340)	Loss 4.1480855942 (4.5602)	Prec@1 17.871 (13.894)	Prec@5 41.406 (32.311)
/opt/conda/lib/python3.6/site-packages/PIL/TiffImagePlugin.py:754: UserWarning: Possibly corrupt EXIF data.  Expecting to read 2555904 bytes but only got 0. Skipping tag 0
  " Skipping tag %s" % (size, len(data), tag))
Epoch: [1][810/1252]	Time 0.313 (0.316)	Speed 3271.731 (3236.772)	Loss 4.1336517334 (4.5549)	Prec@1 18.262 (13.948)	Prec@5 39.648 (32.401)
Epoch: [1][820/1252]	Time 0.313 (0.316)	Speed 3272.885 (3237.208)	Loss 4.1044149399 (4.5494)	Prec@1 19.727 (14.018)	Prec@5 38.770 (32.479)
Epoch: [1][830/1252]	Time 0.314 (0.316)	Speed 3259.932 (3237.480)	Loss 4.1004252434 (4.5440)	Prec@1 17.871 (14.065)	Prec@5 39.258 (32.561)
Epoch: [1][840/1252]	Time 0.313 (0.316)	Speed 3270.454 (3237.869)	Loss 3.9838466644 (4.5374)	Prec@1 20.801 (14.145)	Prec@5 42.871 (32.683)
Epoch: [1][850/1252]	Time 0.315 (0.316)	Speed 3254.019 (3238.058)	Loss 4.1002974510 (4.5322)	Prec@1 18.652 (14.198)	Prec@5 40.527 (32.776)
Epoch: [1][860/1252]	Time 0.315 (0.316)	Speed 3248.801 (3238.182)	Loss 4.0493383408 (4.5266)	Prec@1 19.629 (14.261)	Prec@5 40.918 (32.870)
Epoch: [1][870/1252]	Time 0.315 (0.316)	Speed 3252.955 (3238.351)	Loss 4.2150440216 (4.5230)	Prec@1 19.531 (14.322)	Prec@5 39.160 (32.943)
Epoch: [1][880/1252]	Time 0.315 (0.316)	Speed 3252.387 (3238.510)	Loss 4.1954684258 (4.5193)	Prec@1 19.141 (14.377)	Prec@5 39.551 (33.018)
Epoch: [1][890/1252]	Time 0.313 (0.316)	Speed 3270.193 (3238.863)	Loss 3.9785382748 (4.5132)	Prec@1 19.531 (14.434)	Prec@5 42.676 (33.126)
/opt/conda/lib/python3.6/site-packages/PIL/TiffImagePlugin.py:754: UserWarning: Possibly corrupt EXIF data.  Expecting to read 2555904 bytes but only got 0. Skipping tag 0
  " Skipping tag %s" % (size, len(data), tag))
Epoch: [1][900/1252]	Time 0.314 (0.316)	Speed 3263.577 (3239.135)	Loss 3.9779562950 (4.5073)	Prec@1 21.387 (14.512)	Prec@5 44.531 (33.253)
Epoch: [1][910/1252]	Time 0.313 (0.316)	Speed 3269.314 (3239.464)	Loss 4.2162537575 (4.5041)	Prec@1 18.262 (14.553)	Prec@5 37.988 (33.305)
Epoch: [1][920/1252]	Time 0.313 (0.316)	Speed 3270.040 (3239.793)	Loss 4.0623893738 (4.4993)	Prec@1 20.117 (14.613)	Prec@5 42.090 (33.401)
/opt/conda/lib/python3.6/site-packages/PIL/TiffImagePlugin.py:754: UserWarning: Possibly corrupt EXIF data.  Expecting to read 2555904 bytes but only got 0. Skipping tag 0
  " Skipping tag %s" % (size, len(data), tag))
Epoch: [1][930/1252]	Time 0.315 (0.316)	Speed 3254.669 (3239.952)	Loss 4.0241947174 (4.4942)	Prec@1 20.215 (14.674)	Prec@5 40.625 (33.478)
Epoch: [1][940/1252]	Time 0.315 (0.316)	Speed 3252.519 (3240.085)	Loss 4.0243415833 (4.4892)	Prec@1 20.312 (14.734)	Prec@5 41.504 (33.564)
Epoch: [1][950/1252]	Time 0.313 (0.316)	Speed 3269.418 (3240.391)	Loss 3.9215459824 (4.4832)	Prec@1 21.582 (14.806)	Prec@5 42.871 (33.662)
Epoch: [1][960/1252]	Time 0.314 (0.316)	Speed 3260.815 (3240.603)	Loss 4.0006175041 (4.4782)	Prec@1 21.973 (14.880)	Prec@5 42.188 (33.750)
Epoch: [1][970/1252]	Time 0.313 (0.316)	Speed 3268.943 (3240.893)	Loss 4.0785179138 (4.4740)	Prec@1 20.020 (14.933)	Prec@5 40.430 (33.819)
Epoch: [1][980/1252]	Time 0.313 (0.316)	Speed 3270.629 (3241.193)	Loss 3.9843854904 (4.4690)	Prec@1 21.094 (14.996)	Prec@5 44.434 (33.928)
Epoch: [1][990/1252]	Time 0.313 (0.316)	Speed 3269.948 (3241.481)	Loss 3.9994442463 (4.4643)	Prec@1 21.387 (15.061)	Prec@5 41.895 (34.008)
Epoch: [1][1000/1252]	Time 0.315 (0.316)	Speed 3251.953 (3241.586)	Loss 4.0577025414 (4.4602)	Prec@1 20.117 (15.111)	Prec@5 43.848 (34.106)
Epoch: [1][1010/1252]	Time 0.313 (0.316)	Speed 3270.452 (3241.869)	Loss 4.0549917221 (4.4562)	Prec@1 19.336 (15.153)	Prec@5 42.773 (34.192)
Epoch: [1][1020/1252]	Time 0.313 (0.316)	Speed 3270.251 (3242.145)	Loss 4.0026397705 (4.4518)	Prec@1 22.852 (15.229)	Prec@5 41.992 (34.269)
/opt/conda/lib/python3.6/site-packages/PIL/TiffImagePlugin.py:754: UserWarning: Possibly corrupt EXIF data.  Expecting to read 2555904 bytes but only got 0. Skipping tag 0
  " Skipping tag %s" % (size, len(data), tag))
Epoch: [1][1030/1252]	Time 0.313 (0.316)	Speed 3267.982 (3242.394)	Loss 4.0032424927 (4.4474)	Prec@1 19.434 (15.269)	Prec@5 41.113 (34.335)
Epoch: [1][1040/1252]	Time 0.313 (0.316)	Speed 3270.663 (3242.663)	Loss 4.0288009644 (4.4434)	Prec@1 19.922 (15.314)	Prec@5 41.309 (34.402)
Epoch: [1][1050/1252]	Time 0.313 (0.316)	Speed 3270.465 (3242.926)	Loss 3.9893269539 (4.4391)	Prec@1 21.289 (15.371)	Prec@5 41.992 (34.475)
Epoch: [1][1060/1252]	Time 0.313 (0.316)	Speed 3271.520 (3243.193)	Loss 3.8264865875 (4.4333)	Prec@1 24.414 (15.456)	Prec@5 45.117 (34.575)
Epoch: [1][1070/1252]	Time 0.314 (0.316)	Speed 3263.589 (3243.383)	Loss 4.0659980774 (4.4299)	Prec@1 19.629 (15.495)	Prec@5 40.527 (34.631)
Epoch: [1][1080/1252]	Time 0.313 (0.316)	Speed 3270.312 (3243.630)	Loss 3.9326405525 (4.4253)	Prec@1 20.703 (15.544)	Prec@5 42.578 (34.704)
Epoch: [1][1090/1252]	Time 0.313 (0.316)	Speed 3269.968 (3243.870)	Loss 3.9566261768 (4.4210)	Prec@1 20.996 (15.594)	Prec@5 43.457 (34.784)
Epoch: [1][1100/1252]	Time 0.313 (0.316)	Speed 3270.256 (3244.108)	Loss 3.8228445053 (4.4155)	Prec@1 22.070 (15.653)	Prec@5 45.508 (34.882)
Epoch: [1][1110/1252]	Time 0.314 (0.316)	Speed 3256.983 (3244.223)	Loss 3.9339928627 (4.4112)	Prec@1 21.484 (15.705)	Prec@5 43.066 (34.956)
Epoch: [1][1120/1252]	Time 0.313 (0.316)	Speed 3270.905 (3244.459)	Loss 3.8717575073 (4.4064)	Prec@1 23.438 (15.774)	Prec@5 43.945 (35.036)
Epoch: [1][1130/1252]	Time 0.313 (0.316)	Speed 3270.237 (3244.686)	Loss 3.9168624878 (4.4020)	Prec@1 21.484 (15.825)	Prec@5 44.629 (35.121)
Epoch: [1][1140/1252]	Time 0.315 (0.316)	Speed 3247.688 (3244.712)	Loss 3.9945781231 (4.3985)	Prec@1 20.996 (15.870)	Prec@5 44.824 (35.206)
Epoch: [1][1150/1252]	Time 0.315 (0.316)	Speed 3255.800 (3244.808)	Loss 3.9177701473 (4.3943)	Prec@1 21.875 (15.922)	Prec@5 44.922 (35.290)
Epoch: [1][1160/1252]	Time 0.313 (0.316)	Speed 3269.693 (3245.021)	Loss 3.9766905308 (4.3907)	Prec@1 21.191 (15.968)	Prec@5 43.555 (35.362)
Epoch: [1][1170/1252]	Time 0.313 (0.316)	Speed 3269.214 (3245.226)	Loss 3.7837686539 (4.3855)	Prec@1 22.852 (16.026)	Prec@5 48.438 (35.473)
Epoch: [1][1180/1252]	Time 0.313 (0.316)	Speed 3268.069 (3245.419)	Loss 3.9286205769 (4.3816)	Prec@1 20.898 (16.068)	Prec@5 43.164 (35.539)
Epoch: [1][1190/1252]	Time 0.313 (0.316)	Speed 3269.710 (3245.621)	Loss 3.8366971016 (4.3770)	Prec@1 22.461 (16.121)	Prec@5 45.801 (35.625)
Epoch: [1][1200/1252]	Time 0.315 (0.315)	Speed 3251.989 (3245.674)	Loss 3.8942985535 (4.3730)	Prec@1 21.289 (16.165)	Prec@5 45.605 (35.708)
Epoch: [1][1210/1252]	Time 0.314 (0.315)	Speed 3265.476 (3245.837)	Loss 3.8839483261 (4.3690)	Prec@1 21.777 (16.211)	Prec@5 44.238 (35.779)
Epoch: [1][1220/1252]	Time 0.313 (0.315)	Speed 3269.640 (3246.030)	Loss 3.9248714447 (4.3653)	Prec@1 21.387 (16.253)	Prec@5 44.434 (35.849)
Epoch: [1][1230/1252]	Time 0.313 (0.315)	Speed 3268.502 (3246.212)	Loss 3.8447132111 (4.3611)	Prec@1 23.438 (16.312)	Prec@5 44.629 (35.921)
Epoch: [1][1240/1252]	Time 0.316 (0.315)	Speed 3242.642 (3246.183)	Loss 3.7724916935 (4.3564)	Prec@1 23.242 (16.368)	Prec@5 47.168 (36.012)
Epoch: [1][1250/1252]	Time 0.315 (0.315)	Speed 3250.194 (3246.215)	Loss 3.9063167572 (4.3528)	Prec@1 21.973 (16.413)	Prec@5 47.070 (36.100)
Test: [10/49]	Time 0.132 (0.510)	Speed 7775.596 (2007.039)	Loss 4.2992 (4.1252)	Prec@1 17.969 (18.477)	Prec@5 37.793 (40.615)
Test: [20/49]	Time 0.717 (0.432)	Speed 1428.815 (2371.644)	Loss 4.1518 (4.1427)	Prec@1 17.676 (18.647)	Prec@5 40.430 (40.229)
Test: [30/49]	Time 0.108 (0.388)	Speed 9459.114 (2635.905)	Loss 4.1946 (4.1417)	Prec@1 18.262 (18.613)	Prec@5 39.551 (40.221)
Test: [40/49]	Time 1.033 (0.386)	Speed 991.618 (2650.342)	Loss 4.1718 (4.1432)	Prec@1 18.652 (18.640)	Prec@5 40.332 (40.269)
 * Prec@1 18.614 Prec@5 40.354
 * Prec@1 18.614 Prec@5 40.354
 * Prec@1 18.614 Prec@5 40.354
 * Prec@1 18.614 Prec@5 40.354