=> creating model 'resnet50'
Epoch: [0][   0/5005]	Time 27.394 (27.394)	Data  1.746 ( 1.746)	Loss 7.0749e+00 (7.0749e+00)	Acc@1   0.00 (  0.00)	Acc@5   0.00 (  0.00)
Epoch: [0][  10/5005]	Time  0.217 ( 2.741)	Data  0.000 ( 0.159)	Loss 9.4258e+00 (8.0341e+00)	Acc@1   0.00 (  0.11)	Acc@5   0.39 (  0.57)
Epoch: [0][  20/5005]	Time  0.214 ( 1.540)	Data  0.053 ( 0.098)	Loss 7.7063e+00 (8.0554e+00)	Acc@1   0.39 (  0.15)	Acc@5   0.39 (  0.63)
Epoch: [0][  30/5005]	Time  0.527 ( 1.143)	Data  0.325 ( 0.113)	Loss 7.2967e+00 (7.8675e+00)	Acc@1   0.00 (  0.13)	Acc@5   0.78 (  0.64)
Epoch: [0][  40/5005]	Time  0.201 ( 0.928)	Data  0.000 ( 0.102)	Loss 7.0992e+00 (7.7231e+00)	Acc@1   0.00 (  0.12)	Acc@5   0.00 (  0.60)
Epoch: [0][  50/5005]	Time  0.413 ( 0.803)	Data  0.278 ( 0.104)	Loss 6.9651e+00 (7.5808e+00)	Acc@1   0.00 (  0.11)	Acc@5   0.39 (  0.60)
Epoch: [0][  60/5005]	Time  0.201 ( 0.720)	Data  0.000 ( 0.106)	Loss 6.9150e+00 (7.4771e+00)	Acc@1   0.39 (  0.10)	Acc@5   0.78 (  0.61)
Epoch: [0][  70/5005]	Time  0.213 ( 0.666)	Data  0.000 ( 0.109)	Loss 7.0276e+00 (7.3996e+00)	Acc@1   0.00 (  0.14)	Acc@5   0.39 (  0.64)
Epoch: [0][  80/5005]	Time  0.230 ( 0.619)	Data  0.000 ( 0.107)	Loss 6.9094e+00 (7.3408e+00)	Acc@1   0.39 (  0.14)	Acc@5   0.39 (  0.61)
Epoch: [0][  90/5005]	Time  0.200 ( 0.581)	Data  0.000 ( 0.103)	Loss 6.9069e+00 (7.2932e+00)	Acc@1   0.00 (  0.16)	Acc@5   0.00 (  0.61)
Epoch: [0][ 100/5005]	Time  0.210 ( 0.552)	Data  0.000 ( 0.102)	Loss 6.9084e+00 (7.2563e+00)	Acc@1   0.00 (  0.15)	Acc@5   1.56 (  0.65)
Epoch: [0][ 110/5005]	Time  0.201 ( 0.526)	Data  0.000 ( 0.100)	Loss 6.9016e+00 (7.2258e+00)	Acc@1   0.00 (  0.15)	Acc@5   0.39 (  0.65)
Epoch: [0][ 120/5005]	Time  0.216 ( 0.508)	Data  0.000 ( 0.101)	Loss 6.9019e+00 (7.2016e+00)	Acc@1   0.00 (  0.16)	Acc@5   0.39 (  0.66)
Epoch: [0][ 130/5005]	Time  0.200 ( 0.490)	Data  0.000 ( 0.098)	Loss 6.9090e+00 (7.1795e+00)	Acc@1   0.78 (  0.17)	Acc@5   0.78 (  0.65)
Epoch: [0][ 140/5005]	Time  0.201 ( 0.476)	Data  0.000 ( 0.099)	Loss 6.9065e+00 (7.1600e+00)	Acc@1   0.78 (  0.17)	Acc@5   1.17 (  0.67)
Epoch: [0][ 150/5005]	Time  0.201 ( 0.463)	Data  0.000 ( 0.099)	Loss 6.9080e+00 (7.1431e+00)	Acc@1   0.00 (  0.16)	Acc@5   0.39 (  0.66)
Epoch: [0][ 160/5005]	Time  0.203 ( 0.454)	Data  0.002 ( 0.100)	Loss 6.9053e+00 (7.1282e+00)	Acc@1   0.00 (  0.16)	Acc@5   0.00 (  0.66)
Epoch: [0][ 170/5005]	Time  0.202 ( 0.445)	Data  0.000 ( 0.101)	Loss 6.9533e+00 (7.1152e+00)	Acc@1   0.00 (  0.16)	Acc@5   0.39 (  0.66)
Epoch: [0][ 180/5005]	Time  0.218 ( 0.437)	Data  0.000 ( 0.101)	Loss 6.8972e+00 (7.1037e+00)	Acc@1   0.00 (  0.15)	Acc@5   1.17 (  0.66)
Epoch: [0][ 190/5005]	Time  0.207 ( 0.429)	Data  0.000 ( 0.101)	Loss 6.9109e+00 (7.0932e+00)	Acc@1   0.00 (  0.15)	Acc@5   0.39 (  0.66)
Epoch: [0][ 200/5005]	Time  0.227 ( 0.424)	Data  0.000 ( 0.102)	Loss 6.8989e+00 (7.0836e+00)	Acc@1   0.39 (  0.15)	Acc@5   0.39 (  0.66)
Epoch: [0][ 210/5005]	Time  0.201 ( 0.416)	Data  0.000 ( 0.101)	Loss 6.9122e+00 (7.0750e+00)	Acc@1   0.39 (  0.15)	Acc@5   1.17 (  0.66)
Epoch: [0][ 220/5005]	Time  0.202 ( 0.411)	Data  0.000 ( 0.101)	Loss 6.8996e+00 (7.0677e+00)	Acc@1   0.00 (  0.15)	Acc@5   0.00 (  0.66)
Epoch: [0][ 230/5005]	Time  0.201 ( 0.405)	Data  0.000 ( 0.100)	Loss 6.9031e+00 (7.0603e+00)	Acc@1   0.00 (  0.15)	Acc@5   1.17 (  0.67)
Epoch: [0][ 240/5005]	Time  0.199 ( 0.400)	Data  0.000 ( 0.100)	Loss 6.8937e+00 (7.0536e+00)	Acc@1   1.17 (  0.15)	Acc@5   1.95 (  0.66)
Epoch: [0][ 250/5005]	Time  0.201 ( 0.395)	Data  0.000 ( 0.099)	Loss 6.9000e+00 (7.0473e+00)	Acc@1   0.00 (  0.15)	Acc@5   0.00 (  0.66)
Epoch: [0][ 260/5005]	Time  0.266 ( 0.393)	Data  0.000 ( 0.101)	Loss 6.9209e+00 (7.0415e+00)	Acc@1   0.00 (  0.16)	Acc@5   1.56 (  0.68)
Epoch: [0][ 270/5005]	Time  0.201 ( 0.388)	Data  0.000 ( 0.099)	Loss 6.9026e+00 (7.0362e+00)	Acc@1   0.00 (  0.16)	Acc@5   0.78 (  0.69)
Epoch: [0][ 280/5005]	Time  0.209 ( 0.384)	Data  0.000 ( 0.100)	Loss 6.8826e+00 (7.0310e+00)	Acc@1   0.00 (  0.16)	Acc@5   1.17 (  0.70)
Epoch: [0][ 290/5005]	Time  0.236 ( 0.380)	Data  0.000 ( 0.099)	Loss 6.8934e+00 (7.0263e+00)	Acc@1   0.39 (  0.16)	Acc@5   0.78 (  0.70)
Epoch: [0][ 300/5005]	Time  0.201 ( 0.377)	Data  0.000 ( 0.099)	Loss 6.8977e+00 (7.0219e+00)	Acc@1   0.00 (  0.16)	Acc@5   0.78 (  0.70)
Epoch: [0][ 310/5005]	Time  0.204 ( 0.374)	Data  0.000 ( 0.098)	Loss 6.9017e+00 (7.0177e+00)	Acc@1   0.00 (  0.16)	Acc@5   0.39 (  0.70)
Epoch: [0][ 320/5005]	Time  0.162 ( 0.371)	Data  0.000 ( 0.099)	Loss 6.8962e+00 (7.0137e+00)	Acc@1   0.00 (  0.16)	Acc@5   0.78 (  0.71)
Epoch: [0][ 330/5005]	Time  0.199 ( 0.368)	Data  0.000 ( 0.099)	Loss 6.8590e+00 (7.0098e+00)	Acc@1   1.17 (  0.16)	Acc@5   1.95 (  0.72)
Epoch: [0][ 340/5005]	Time  0.363 ( 0.366)	Data  0.196 ( 0.099)	Loss 6.8747e+00 (7.0060e+00)	Acc@1   0.78 (  0.16)	Acc@5   1.95 (  0.73)
Epoch: [0][ 350/5005]	Time  0.205 ( 0.363)	Data  0.000 ( 0.099)	Loss 6.9221e+00 (7.0029e+00)	Acc@1   0.78 (  0.16)	Acc@5   2.34 (  0.74)
Epoch: [0][ 360/5005]	Time  0.280 ( 0.361)	Data  0.101 ( 0.099)	Loss 6.8946e+00 (6.9996e+00)	Acc@1   0.78 (  0.17)	Acc@5   1.17 (  0.76)
Epoch: [0][ 370/5005]	Time  0.230 ( 0.358)	Data  0.000 ( 0.098)	Loss 6.8772e+00 (6.9962e+00)	Acc@1   0.78 (  0.17)	Acc@5   1.17 (  0.76)
Epoch: [0][ 380/5005]	Time  0.231 ( 0.357)	Data  0.000 ( 0.098)	Loss 6.8710e+00 (6.9930e+00)	Acc@1   0.00 (  0.17)	Acc@5   0.39 (  0.76)
Epoch: [0][ 390/5005]	Time  0.187 ( 0.355)	Data  0.000 ( 0.098)	Loss 6.8556e+00 (6.9898e+00)	Acc@1   0.39 (  0.17)	Acc@5   1.17 (  0.76)
Epoch: [0][ 400/5005]	Time  0.202 ( 0.354)	Data  0.000 ( 0.099)	Loss 6.8505e+00 (6.9864e+00)	Acc@1   0.39 (  0.17)	Acc@5   0.78 (  0.77)
Epoch: [0][ 410/5005]	Time  0.255 ( 0.352)	Data  0.000 ( 0.098)	Loss 6.8575e+00 (6.9830e+00)	Acc@1   0.39 (  0.17)	Acc@5   1.56 (  0.78)
Epoch: [0][ 420/5005]	Time  0.226 ( 0.351)	Data  0.000 ( 0.099)	Loss 6.8042e+00 (6.9796e+00)	Acc@1   1.17 (  0.18)	Acc@5   2.34 (  0.78)
Epoch: [0][ 430/5005]	Time  0.198 ( 0.349)	Data  0.000 ( 0.099)	Loss 6.8263e+00 (6.9760e+00)	Acc@1   0.39 (  0.18)	Acc@5   0.78 (  0.79)
Epoch: [0][ 440/5005]	Time  0.229 ( 0.348)	Data  0.000 ( 0.099)	Loss 6.8427e+00 (6.9726e+00)	Acc@1   0.00 (  0.18)	Acc@5   0.39 (  0.80)
Epoch: [0][ 450/5005]	Time  0.204 ( 0.347)	Data  0.000 ( 0.099)	Loss 6.8337e+00 (6.9689e+00)	Acc@1   0.00 (  0.18)	Acc@5   0.00 (  0.80)
Epoch: [0][ 460/5005]	Time  0.202 ( 0.345)	Data  0.000 ( 0.098)	Loss 6.8189e+00 (6.9655e+00)	Acc@1   0.00 (  0.18)	Acc@5   1.56 (  0.82)
Epoch: [0][ 470/5005]	Time  0.220 ( 0.344)	Data  0.000 ( 0.098)	Loss 6.8046e+00 (6.9619e+00)	Acc@1   0.00 (  0.19)	Acc@5   1.17 (  0.83)
Epoch: [0][ 480/5005]	Time  0.190 ( 0.343)	Data  0.000 ( 0.098)	Loss 6.7527e+00 (6.9586e+00)	Acc@1   0.00 (  0.19)	Acc@5   2.34 (  0.84)
/opt/conda/lib/python3.6/site-packages/PIL/TiffImagePlugin.py:771: UserWarning: Corrupt EXIF data.  Expecting to read 4 bytes but only got 0.
  warnings.warn(str(msg))
Epoch: [0][ 490/5005]	Time  0.160 ( 0.341)	Data  0.001 ( 0.097)	Loss 6.7680e+00 (6.9550e+00)	Acc@1   0.00 (  0.19)	Acc@5   1.95 (  0.85)
Epoch: [0][ 500/5005]	Time  0.242 ( 0.341)	Data  0.000 ( 0.098)	Loss 6.7694e+00 (6.9516e+00)	Acc@1   0.39 (  0.19)	Acc@5   1.56 (  0.86)
Epoch: [0][ 510/5005]	Time  0.219 ( 0.340)	Data  0.000 ( 0.098)	Loss 6.7798e+00 (6.9482e+00)	Acc@1   0.39 (  0.19)	Acc@5   1.17 (  0.86)
Epoch: [0][ 520/5005]	Time  0.225 ( 0.339)	Data  0.000 ( 0.098)	Loss 6.7846e+00 (6.9449e+00)	Acc@1   0.00 (  0.19)	Acc@5   1.17 (  0.87)
Epoch: [0][ 530/5005]	Time  0.230 ( 0.338)	Data  0.000 ( 0.098)	Loss 6.8407e+00 (6.9416e+00)	Acc@1   0.00 (  0.21)	Acc@5   0.39 (  0.89)
Epoch: [0][ 540/5005]	Time  0.231 ( 0.337)	Data  0.000 ( 0.097)	Loss 6.7642e+00 (6.9382e+00)	Acc@1   0.78 (  0.21)	Acc@5   1.56 (  0.90)
Epoch: [0][ 550/5005]	Time  0.202 ( 0.336)	Data  0.000 ( 0.097)	Loss 6.7427e+00 (6.9349e+00)	Acc@1   0.39 (  0.21)	Acc@5   0.78 (  0.91)
Epoch: [0][ 560/5005]	Time  0.246 ( 0.335)	Data  0.000 ( 0.098)	Loss 6.7884e+00 (6.9317e+00)	Acc@1   0.39 (  0.21)	Acc@5   1.95 (  0.91)
Epoch: [0][ 570/5005]	Time  0.202 ( 0.334)	Data  0.000 ( 0.097)	Loss 6.7857e+00 (6.9280e+00)	Acc@1   0.00 (  0.21)	Acc@5   1.17 (  0.93)
Epoch: [0][ 580/5005]	Time  0.235 ( 0.334)	Data  0.000 ( 0.097)	Loss 6.7156e+00 (6.9248e+00)	Acc@1   0.39 (  0.21)	Acc@5   2.34 (  0.94)
Epoch: [0][ 590/5005]	Time  0.181 ( 0.333)	Data  0.000 ( 0.097)	Loss 6.7628e+00 (6.9215e+00)	Acc@1   0.00 (  0.21)	Acc@5   2.34 (  0.95)
Epoch: [0][ 600/5005]	Time  0.212 ( 0.332)	Data  0.000 ( 0.097)	Loss 6.6956e+00 (6.9178e+00)	Acc@1   0.78 (  0.22)	Acc@5   1.56 (  0.97)
Epoch: [0][ 610/5005]	Time  0.201 ( 0.331)	Data  0.000 ( 0.097)	Loss 6.7270e+00 (6.9146e+00)	Acc@1   0.78 (  0.23)	Acc@5   1.17 (  0.99)
Epoch: [0][ 620/5005]	Time  0.223 ( 0.330)	Data  0.000 ( 0.097)	Loss 6.6962e+00 (6.9112e+00)	Acc@1   1.17 (  0.23)	Acc@5   2.73 (  1.01)
Epoch: [0][ 630/5005]	Time  0.199 ( 0.329)	Data  0.000 ( 0.097)	Loss 6.6251e+00 (6.9073e+00)	Acc@1   1.17 (  0.24)	Acc@5   2.73 (  1.03)
Epoch: [0][ 640/5005]	Time  0.243 ( 0.329)	Data  0.000 ( 0.097)	Loss 6.6873e+00 (6.9041e+00)	Acc@1   0.78 (  0.24)	Acc@5   2.34 (  1.04)
Epoch: [0][ 650/5005]	Time  0.223 ( 0.328)	Data  0.000 ( 0.096)	Loss 6.6705e+00 (6.9009e+00)	Acc@1   0.00 (  0.24)	Acc@5   2.73 (  1.06)
Epoch: [0][ 660/5005]	Time  0.201 ( 0.327)	Data  0.000 ( 0.097)	Loss 6.6517e+00 (6.8977e+00)	Acc@1   0.39 (  0.24)	Acc@5   1.17 (  1.07)
Epoch: [0][ 670/5005]	Time  0.192 ( 0.327)	Data  0.000 ( 0.096)	Loss 6.7099e+00 (6.8943e+00)	Acc@1   0.39 (  0.24)	Acc@5   1.17 (  1.09)
Epoch: [0][ 680/5005]	Time  0.218 ( 0.326)	Data  0.000 ( 0.097)	Loss 6.6188e+00 (6.8908e+00)	Acc@1   0.78 (  0.24)	Acc@5   3.52 (  1.11)
Epoch: [0][ 690/5005]	Time  0.218 ( 0.326)	Data  0.000 ( 0.097)	Loss 6.6108e+00 (6.8873e+00)	Acc@1   1.95 (  0.25)	Acc@5   3.52 (  1.13)
Epoch: [0][ 700/5005]	Time  0.192 ( 0.326)	Data  0.002 ( 0.097)	Loss 6.7161e+00 (6.8838e+00)	Acc@1   0.78 (  0.26)	Acc@5   3.91 (  1.15)
Epoch: [0][ 710/5005]	Time  0.221 ( 0.325)	Data  0.000 ( 0.097)	Loss 6.6629e+00 (6.8806e+00)	Acc@1   0.39 (  0.26)	Acc@5   3.52 (  1.17)
Epoch: [0][ 720/5005]	Time  0.234 ( 0.324)	Data  0.000 ( 0.097)	Loss 6.6993e+00 (6.8775e+00)	Acc@1   0.78 (  0.27)	Acc@5   2.34 (  1.18)
Epoch: [0][ 730/5005]	Time  0.178 ( 0.323)	Data  0.001 ( 0.096)	Loss 6.6049e+00 (6.8740e+00)	Acc@1   0.39 (  0.27)	Acc@5   1.95 (  1.20)
Epoch: [0][ 740/5005]	Time  0.201 ( 0.323)	Data  0.000 ( 0.097)	Loss 6.6206e+00 (6.8704e+00)	Acc@1   0.39 (  0.28)	Acc@5   3.91 (  1.23)
Epoch: [0][ 750/5005]	Time  0.201 ( 0.322)	Data  0.000 ( 0.096)	Loss 6.6406e+00 (6.8671e+00)	Acc@1   0.39 (  0.28)	Acc@5   3.12 (  1.24)
Epoch: [0][ 760/5005]	Time  0.218 ( 0.322)	Data  0.000 ( 0.097)	Loss 6.6143e+00 (6.8635e+00)	Acc@1   0.78 (  0.29)	Acc@5   1.95 (  1.27)
Epoch: [0][ 770/5005]	Time  0.203 ( 0.322)	Data  0.000 ( 0.096)	Loss 6.6054e+00 (6.8600e+00)	Acc@1   0.00 (  0.29)	Acc@5   3.12 (  1.29)
Epoch: [0][ 780/5005]	Time  0.212 ( 0.321)	Data  0.000 ( 0.097)	Loss 6.6192e+00 (6.8566e+00)	Acc@1   0.78 (  0.30)	Acc@5   2.34 (  1.32)
Epoch: [0][ 790/5005]	Time  0.174 ( 0.321)	Data  0.002 ( 0.096)	Loss 6.5906e+00 (6.8528e+00)	Acc@1   0.00 (  0.30)	Acc@5   5.08 (  1.34)
Epoch: [0][ 800/5005]	Time  0.228 ( 0.321)	Data  0.000 ( 0.097)	Loss 6.5495e+00 (6.8493e+00)	Acc@1   0.39 (  0.31)	Acc@5   2.73 (  1.36)
Epoch: [0][ 810/5005]	Time  0.200 ( 0.320)	Data  0.000 ( 0.097)	Loss 6.5901e+00 (6.8455e+00)	Acc@1   1.56 (  0.31)	Acc@5   2.34 (  1.38)
Epoch: [0][ 820/5005]	Time  0.201 ( 0.320)	Data  0.000 ( 0.097)	Loss 6.5407e+00 (6.8420e+00)	Acc@1   0.39 (  0.32)	Acc@5   3.52 (  1.39)
Epoch: [0][ 830/5005]	Time  0.202 ( 0.319)	Data  0.000 ( 0.097)	Loss 6.5038e+00 (6.8386e+00)	Acc@1   0.39 (  0.32)	Acc@5   3.12 (  1.41)
/opt/conda/lib/python3.6/site-packages/PIL/TiffImagePlugin.py:754: UserWarning: Possibly corrupt EXIF data.  Expecting to read 19660800 bytes but only got 0. Skipping tag 0
  " Skipping tag %s" % (size, len(data), tag))
/opt/conda/lib/python3.6/site-packages/PIL/TiffImagePlugin.py:754: UserWarning: Possibly corrupt EXIF data.  Expecting to read 18481152 bytes but only got 0. Skipping tag 0
  " Skipping tag %s" % (size, len(data), tag))
/opt/conda/lib/python3.6/site-packages/PIL/TiffImagePlugin.py:754: UserWarning: Possibly corrupt EXIF data.  Expecting to read 37093376 bytes but only got 0. Skipping tag 0
  " Skipping tag %s" % (size, len(data), tag))
/opt/conda/lib/python3.6/site-packages/PIL/TiffImagePlugin.py:754: UserWarning: Possibly corrupt EXIF data.  Expecting to read 39976960 bytes but only got 0. Skipping tag 0
  " Skipping tag %s" % (size, len(data), tag))
/opt/conda/lib/python3.6/site-packages/PIL/TiffImagePlugin.py:754: UserWarning: Possibly corrupt EXIF data.  Expecting to read 34865152 bytes but only got 0. Skipping tag 0
  " Skipping tag %s" % (size, len(data), tag))
/opt/conda/lib/python3.6/site-packages/PIL/TiffImagePlugin.py:771: UserWarning: Corrupt EXIF data.  Expecting to read 12 bytes but only got 10.
  warnings.warn(str(msg))
Epoch: [0][ 840/5005]	Time  0.254 ( 0.319)	Data  0.000 ( 0.097)	Loss 6.4663e+00 (6.8348e+00)	Acc@1   1.17 (  0.33)	Acc@5   5.47 (  1.43)
Epoch: [0][ 850/5005]	Time  0.136 ( 0.318)	Data  0.000 ( 0.096)	Loss 6.4249e+00 (6.8311e+00)	Acc@1   1.17 (  0.33)	Acc@5   5.08 (  1.45)
Epoch: [0][ 860/5005]	Time  0.240 ( 0.318)	Data  0.000 ( 0.096)	Loss 6.4668e+00 (6.8277e+00)	Acc@1   0.39 (  0.34)	Acc@5   2.73 (  1.47)
Epoch: [0][ 870/5005]	Time  0.154 ( 0.317)	Data  0.000 ( 0.096)	Loss 6.4338e+00 (6.8237e+00)	Acc@1   0.78 (  0.35)	Acc@5   5.08 (  1.50)
Epoch: [0][ 880/5005]	Time  0.216 ( 0.317)	Data  0.000 ( 0.096)	Loss 6.5178e+00 (6.8198e+00)	Acc@1   0.00 (  0.35)	Acc@5   1.56 (  1.52)
Epoch: [0][ 890/5005]	Time  0.241 ( 0.317)	Data  0.000 ( 0.096)	Loss 6.4359e+00 (6.8162e+00)	Acc@1   1.56 (  0.36)	Acc@5   4.69 (  1.55)
Epoch: [0][ 900/5005]	Time  0.202 ( 0.316)	Data  0.000 ( 0.096)	Loss 6.4447e+00 (6.8122e+00)	Acc@1   0.00 (  0.37)	Acc@5   1.56 (  1.57)
Epoch: [0][ 910/5005]	Time  0.184 ( 0.316)	Data  0.000 ( 0.096)	Loss 6.5145e+00 (6.8086e+00)	Acc@1   0.78 (  0.37)	Acc@5   3.91 (  1.59)
Epoch: [0][ 920/5005]	Time  0.259 ( 0.315)	Data  0.000 ( 0.096)	Loss 6.4159e+00 (6.8050e+00)	Acc@1   2.73 (  0.38)	Acc@5   6.64 (  1.61)
Epoch: [0][ 930/5005]	Time  0.165 ( 0.315)	Data  0.000 ( 0.096)	Loss 6.4491e+00 (6.8015e+00)	Acc@1   1.95 (  0.38)	Acc@5   4.69 (  1.64)
Epoch: [0][ 940/5005]	Time  0.201 ( 0.315)	Data  0.000 ( 0.096)	Loss 6.4406e+00 (6.7979e+00)	Acc@1   1.17 (  0.39)	Acc@5   3.91 (  1.66)
Epoch: [0][ 950/5005]	Time  0.178 ( 0.314)	Data  0.000 ( 0.095)	Loss 6.4851e+00 (6.7946e+00)	Acc@1   0.39 (  0.39)	Acc@5   2.34 (  1.68)
Epoch: [0][ 960/5005]	Time  0.260 ( 0.314)	Data  0.074 ( 0.096)	Loss 6.3934e+00 (6.7910e+00)	Acc@1   0.78 (  0.40)	Acc@5   3.12 (  1.70)
Epoch: [0][ 970/5005]	Time  0.201 ( 0.314)	Data  0.000 ( 0.096)	Loss 6.4498e+00 (6.7876e+00)	Acc@1   1.56 (  0.40)	Acc@5   3.91 (  1.73)
Epoch: [0][ 980/5005]	Time  0.573 ( 0.314)	Data  0.438 ( 0.096)	Loss 6.4453e+00 (6.7839e+00)	Acc@1   1.17 (  0.41)	Acc@5   4.30 (  1.76)
Epoch: [0][ 990/5005]	Time  0.183 ( 0.313)	Data  0.000 ( 0.096)	Loss 6.3923e+00 (6.7801e+00)	Acc@1   0.78 (  0.41)	Acc@5   4.69 (  1.78)
Epoch: [0][1000/5005]	Time  0.413 ( 0.313)	Data  0.253 ( 0.096)	Loss 6.5605e+00 (6.7764e+00)	Acc@1   0.39 (  0.42)	Acc@5   2.73 (  1.80)
Epoch: [0][1010/5005]	Time  0.197 ( 0.313)	Data  0.000 ( 0.096)	Loss 6.3702e+00 (6.7728e+00)	Acc@1   1.56 (  0.43)	Acc@5   6.25 (  1.83)
Epoch: [0][1020/5005]	Time  0.210 ( 0.312)	Data  0.000 ( 0.096)	Loss 6.3398e+00 (6.7690e+00)	Acc@1   0.39 (  0.44)	Acc@5   3.91 (  1.85)
Epoch: [0][1030/5005]	Time  0.201 ( 0.312)	Data  0.000 ( 0.096)	Loss 6.3874e+00 (6.7651e+00)	Acc@1   0.39 (  0.44)	Acc@5   2.34 (  1.87)
Epoch: [0][1040/5005]	Time  0.215 ( 0.312)	Data  0.000 ( 0.096)	Loss 6.4151e+00 (6.7614e+00)	Acc@1   0.78 (  0.45)	Acc@5   3.52 (  1.89)
Epoch: [0][1050/5005]	Time  0.200 ( 0.312)	Data  0.000 ( 0.096)	Loss 6.2989e+00 (6.7573e+00)	Acc@1   1.17 (  0.46)	Acc@5   4.30 (  1.92)
/opt/conda/lib/python3.6/site-packages/PIL/TiffImagePlugin.py:754: UserWarning: Possibly corrupt EXIF data.  Expecting to read 2555904 bytes but only got 0. Skipping tag 0
  " Skipping tag %s" % (size, len(data), tag))
Epoch: [0][1060/5005]	Time  0.179 ( 0.312)	Data  0.000 ( 0.096)	Loss 6.2311e+00 (6.7533e+00)	Acc@1   1.17 (  0.47)	Acc@5   6.25 (  1.94)
Epoch: [0][1070/5005]	Time  0.245 ( 0.311)	Data  0.000 ( 0.096)	Loss 6.4706e+00 (6.7498e+00)	Acc@1   1.17 (  0.47)	Acc@5   4.30 (  1.97)
Epoch: [0][1080/5005]	Time  0.252 ( 0.311)	Data  0.000 ( 0.096)	Loss 6.2648e+00 (6.7459e+00)	Acc@1   1.17 (  0.48)	Acc@5   4.69 (  2.00)
Epoch: [0][1090/5005]	Time  0.138 ( 0.311)	Data  0.000 ( 0.096)	Loss 6.3132e+00 (6.7423e+00)	Acc@1   0.78 (  0.48)	Acc@5   4.69 (  2.03)
Epoch: [0][1100/5005]	Time  0.224 ( 0.311)	Data  0.000 ( 0.096)	Loss 6.2649e+00 (6.7386e+00)	Acc@1   0.78 (  0.49)	Acc@5   4.30 (  2.05)
Epoch: [0][1110/5005]	Time  0.238 ( 0.310)	Data  0.000 ( 0.096)	Loss 6.2104e+00 (6.7348e+00)	Acc@1   2.73 (  0.49)	Acc@5   7.03 (  2.08)
Epoch: [0][1120/5005]	Time  0.202 ( 0.310)	Data  0.000 ( 0.096)	Loss 6.3707e+00 (6.7308e+00)	Acc@1   0.78 (  0.50)	Acc@5   3.52 (  2.11)
Epoch: [0][1130/5005]	Time  0.249 ( 0.310)	Data  0.000 ( 0.096)	Loss 6.3335e+00 (6.7273e+00)	Acc@1   1.56 (  0.52)	Acc@5   3.91 (  2.14)
Epoch: [0][1140/5005]	Time  0.207 ( 0.310)	Data  0.000 ( 0.096)	Loss 6.2877e+00 (6.7236e+00)	Acc@1   1.95 (  0.53)	Acc@5   5.08 (  2.17)
Epoch: [0][1150/5005]	Time  0.200 ( 0.309)	Data  0.000 ( 0.096)	Loss 6.3417e+00 (6.7197e+00)	Acc@1   1.17 (  0.54)	Acc@5   3.91 (  2.20)
Epoch: [0][1160/5005]	Time  0.217 ( 0.309)	Data  0.000 ( 0.096)	Loss 6.2825e+00 (6.7155e+00)	Acc@1   2.34 (  0.55)	Acc@5   9.38 (  2.24)
Epoch: [0][1170/5005]	Time  0.201 ( 0.309)	Data  0.000 ( 0.096)	Loss 6.1437e+00 (6.7117e+00)	Acc@1   2.73 (  0.56)	Acc@5   7.03 (  2.27)
Epoch: [0][1180/5005]	Time  0.203 ( 0.309)	Data  0.000 ( 0.096)	Loss 6.2950e+00 (6.7081e+00)	Acc@1   2.34 (  0.56)	Acc@5   3.91 (  2.29)
Epoch: [0][1190/5005]	Time  0.174 ( 0.308)	Data  0.000 ( 0.096)	Loss 6.3170e+00 (6.7041e+00)	Acc@1   1.17 (  0.57)	Acc@5   5.86 (  2.32)
Epoch: [0][1200/5005]	Time  0.212 ( 0.308)	Data  0.049 ( 0.096)	Loss 6.2368e+00 (6.7007e+00)	Acc@1   2.34 (  0.58)	Acc@5   7.81 (  2.34)
Epoch: [0][1210/5005]	Time  0.175 ( 0.308)	Data  0.000 ( 0.096)	Loss 6.2201e+00 (6.6968e+00)	Acc@1   2.34 (  0.59)	Acc@5   7.03 (  2.37)
Epoch: [0][1220/5005]	Time  0.201 ( 0.308)	Data  0.000 ( 0.096)	Loss 6.1228e+00 (6.6929e+00)	Acc@1   1.56 (  0.60)	Acc@5   4.69 (  2.40)
Epoch: [0][1230/5005]	Time  0.202 ( 0.308)	Data  0.000 ( 0.096)	Loss 6.2016e+00 (6.6892e+00)	Acc@1   1.17 (  0.61)	Acc@5   5.86 (  2.43)
Epoch: [0][1240/5005]	Time  0.201 ( 0.307)	Data  0.000 ( 0.096)	Loss 6.1346e+00 (6.6853e+00)	Acc@1   1.95 (  0.61)	Acc@5   8.20 (  2.46)
Epoch: [0][1250/5005]	Time  0.185 ( 0.307)	Data  0.000 ( 0.096)	Loss 6.2616e+00 (6.6814e+00)	Acc@1   0.39 (  0.62)	Acc@5   5.08 (  2.49)
Epoch: [0][1260/5005]	Time  0.200 ( 0.307)	Data  0.000 ( 0.096)	Loss 6.2164e+00 (6.6776e+00)	Acc@1   1.17 (  0.63)	Acc@5   7.81 (  2.53)
Epoch: [0][1270/5005]	Time  0.242 ( 0.307)	Data  0.000 ( 0.096)	Loss 6.2448e+00 (6.6738e+00)	Acc@1   1.95 (  0.64)	Acc@5   6.64 (  2.56)
Epoch: [0][1280/5005]	Time  0.231 ( 0.307)	Data  0.000 ( 0.096)	Loss 6.1015e+00 (6.6700e+00)	Acc@1   1.56 (  0.65)	Acc@5   7.81 (  2.59)
Epoch: [0][1290/5005]	Time  0.202 ( 0.306)	Data  0.000 ( 0.095)	Loss 6.0820e+00 (6.6663e+00)	Acc@1   1.95 (  0.66)	Acc@5  10.55 (  2.61)
Epoch: [0][1300/5005]	Time  0.244 ( 0.306)	Data  0.000 ( 0.095)	Loss 6.1755e+00 (6.6624e+00)	Acc@1   0.78 (  0.67)	Acc@5   4.69 (  2.64)
Epoch: [0][1310/5005]	Time  0.274 ( 0.306)	Data  0.000 ( 0.095)	Loss 5.9608e+00 (6.6584e+00)	Acc@1   2.73 (  0.68)	Acc@5   8.98 (  2.67)
Epoch: [0][1320/5005]	Time  0.248 ( 0.306)	Data  0.000 ( 0.095)	Loss 6.2805e+00 (6.6547e+00)	Acc@1   1.17 (  0.68)	Acc@5   2.73 (  2.71)
Epoch: [0][1330/5005]	Time  0.202 ( 0.305)	Data  0.000 ( 0.095)	Loss 6.0851e+00 (6.6508e+00)	Acc@1   0.78 (  0.69)	Acc@5   5.86 (  2.74)
Epoch: [0][1340/5005]	Time  0.199 ( 0.305)	Data  0.000 ( 0.095)	Loss 6.2204e+00 (6.6471e+00)	Acc@1   1.17 (  0.70)	Acc@5   4.69 (  2.76)
Epoch: [0][1350/5005]	Time  0.188 ( 0.305)	Data  0.000 ( 0.095)	Loss 6.1576e+00 (6.6434e+00)	Acc@1   0.78 (  0.71)	Acc@5   4.69 (  2.79)
Epoch: [0][1360/5005]	Time  0.202 ( 0.305)	Data  0.000 ( 0.095)	Loss 6.0348e+00 (6.6397e+00)	Acc@1   2.34 (  0.71)	Acc@5   7.81 (  2.82)
Epoch: [0][1370/5005]	Time  0.237 ( 0.305)	Data  0.000 ( 0.095)	Loss 6.1785e+00 (6.6357e+00)	Acc@1   0.39 (  0.72)	Acc@5   5.47 (  2.85)
Epoch: [0][1380/5005]	Time  0.215 ( 0.304)	Data  0.000 ( 0.095)	Loss 6.0857e+00 (6.6319e+00)	Acc@1   3.52 (  0.73)	Acc@5   8.59 (  2.89)
Epoch: [0][1390/5005]	Time  0.202 ( 0.304)	Data  0.000 ( 0.094)	Loss 6.1361e+00 (6.6282e+00)	Acc@1   2.34 (  0.74)	Acc@5   6.25 (  2.92)
Epoch: [0][1400/5005]	Time  0.213 ( 0.304)	Data  0.000 ( 0.094)	Loss 6.1161e+00 (6.6245e+00)	Acc@1   1.95 (  0.75)	Acc@5   5.47 (  2.95)
Epoch: [0][1410/5005]	Time  0.179 ( 0.304)	Data  0.000 ( 0.094)	Loss 6.1705e+00 (6.6210e+00)	Acc@1   1.17 (  0.75)	Acc@5   6.64 (  2.97)
Epoch: [0][1420/5005]	Time  0.176 ( 0.304)	Data  0.000 ( 0.094)	Loss 6.0469e+00 (6.6171e+00)	Acc@1   1.95 (  0.76)	Acc@5   5.86 (  3.00)
Epoch: [0][1430/5005]	Time  0.201 ( 0.304)	Data  0.000 ( 0.094)	Loss 6.0925e+00 (6.6135e+00)	Acc@1   3.52 (  0.77)	Acc@5   7.81 (  3.03)
Epoch: [0][1440/5005]	Time  0.201 ( 0.303)	Data  0.000 ( 0.094)	Loss 5.9827e+00 (6.6099e+00)	Acc@1   1.17 (  0.78)	Acc@5   7.42 (  3.06)
Epoch: [0][1450/5005]	Time  0.232 ( 0.303)	Data  0.000 ( 0.094)	Loss 6.0334e+00 (6.6060e+00)	Acc@1   3.12 (  0.79)	Acc@5   9.38 (  3.09)
Epoch: [0][1460/5005]	Time  0.229 ( 0.303)	Data  0.000 ( 0.094)	Loss 5.9487e+00 (6.6019e+00)	Acc@1   3.12 (  0.80)	Acc@5   7.81 (  3.12)
Epoch: [0][1470/5005]	Time  0.202 ( 0.303)	Data  0.000 ( 0.094)	Loss 6.1618e+00 (6.5981e+00)	Acc@1   1.17 (  0.80)	Acc@5   7.81 (  3.15)
Epoch: [0][1480/5005]	Time  0.224 ( 0.303)	Data  0.000 ( 0.094)	Loss 5.9982e+00 (6.5943e+00)	Acc@1   1.17 (  0.81)	Acc@5   8.98 (  3.18)
Epoch: [0][1490/5005]	Time  0.195 ( 0.303)	Data  0.000 ( 0.094)	Loss 5.9868e+00 (6.5901e+00)	Acc@1   2.73 (  0.82)	Acc@5   5.86 (  3.21)
Epoch: [0][1500/5005]	Time  0.203 ( 0.303)	Data  0.000 ( 0.094)	Loss 5.9024e+00 (6.5858e+00)	Acc@1   2.34 (  0.83)	Acc@5  10.55 (  3.24)
Epoch: [0][1510/5005]	Time  0.201 ( 0.302)	Data  0.000 ( 0.094)	Loss 6.0811e+00 (6.5820e+00)	Acc@1   1.17 (  0.84)	Acc@5   5.47 (  3.28)
Epoch: [0][1520/5005]	Time  0.162 ( 0.302)	Data  0.000 ( 0.094)	Loss 6.0378e+00 (6.5786e+00)	Acc@1   1.17 (  0.85)	Acc@5   7.42 (  3.31)
Epoch: [0][1530/5005]	Time  0.224 ( 0.302)	Data  0.000 ( 0.094)	Loss 6.0022e+00 (6.5749e+00)	Acc@1   3.91 (  0.86)	Acc@5  10.16 (  3.34)
Epoch: [0][1540/5005]	Time  0.240 ( 0.302)	Data  0.000 ( 0.094)	Loss 6.0628e+00 (6.5710e+00)	Acc@1   1.95 (  0.87)	Acc@5   7.42 (  3.38)
Epoch: [0][1550/5005]	Time  0.200 ( 0.302)	Data  0.000 ( 0.094)	Loss 5.9045e+00 (6.5669e+00)	Acc@1   3.12 (  0.89)	Acc@5   8.98 (  3.42)
Epoch: [0][1560/5005]	Time  0.242 ( 0.302)	Data  0.000 ( 0.094)	Loss 5.9674e+00 (6.5631e+00)	Acc@1   1.17 (  0.90)	Acc@5   5.08 (  3.45)
Epoch: [0][1570/5005]	Time  0.173 ( 0.302)	Data  0.003 ( 0.094)	Loss 5.9709e+00 (6.5595e+00)	Acc@1   1.56 (  0.90)	Acc@5   5.47 (  3.48)
Epoch: [0][1580/5005]	Time  0.233 ( 0.302)	Data  0.000 ( 0.094)	Loss 5.9770e+00 (6.5553e+00)	Acc@1   1.95 (  0.92)	Acc@5   8.20 (  3.52)
Epoch: [0][1590/5005]	Time  0.201 ( 0.302)	Data  0.000 ( 0.094)	Loss 5.9739e+00 (6.5514e+00)	Acc@1   3.52 (  0.93)	Acc@5   8.98 (  3.55)
Epoch: [0][1600/5005]	Time  0.220 ( 0.302)	Data  0.000 ( 0.094)	Loss 5.8819e+00 (6.5475e+00)	Acc@1   3.52 (  0.94)	Acc@5  11.72 (  3.59)
Epoch: [0][1610/5005]	Time  0.224 ( 0.301)	Data  0.000 ( 0.094)	Loss 5.8519e+00 (6.5435e+00)	Acc@1   2.73 (  0.96)	Acc@5  11.33 (  3.63)
Epoch: [0][1620/5005]	Time  0.179 ( 0.302)	Data  0.000 ( 0.094)	Loss 6.0148e+00 (6.5398e+00)	Acc@1   1.17 (  0.97)	Acc@5   8.20 (  3.66)
Epoch: [0][1630/5005]	Time  0.203 ( 0.301)	Data  0.000 ( 0.094)	Loss 5.9669e+00 (6.5360e+00)	Acc@1   4.69 (  0.98)	Acc@5  11.33 (  3.70)
Epoch: [0][1640/5005]	Time  0.203 ( 0.301)	Data  0.001 ( 0.094)	Loss 5.8640e+00 (6.5319e+00)	Acc@1   2.73 (  0.99)	Acc@5   8.59 (  3.74)
Epoch: [0][1650/5005]	Time  0.184 ( 0.301)	Data  0.000 ( 0.094)	Loss 6.0531e+00 (6.5280e+00)	Acc@1   1.56 (  1.00)	Acc@5   7.42 (  3.77)
Epoch: [0][1660/5005]	Time  0.201 ( 0.301)	Data  0.000 ( 0.094)	Loss 5.9645e+00 (6.5241e+00)	Acc@1   2.73 (  1.02)	Acc@5  10.55 (  3.81)
Epoch: [0][1670/5005]	Time  0.152 ( 0.301)	Data  0.001 ( 0.094)	Loss 5.8254e+00 (6.5201e+00)	Acc@1   3.12 (  1.03)	Acc@5   9.77 (  3.85)
Epoch: [0][1680/5005]	Time  0.222 ( 0.301)	Data  0.000 ( 0.094)	Loss 5.8167e+00 (6.5165e+00)	Acc@1   3.52 (  1.04)	Acc@5  12.50 (  3.89)
Epoch: [0][1690/5005]	Time  0.232 ( 0.300)	Data  0.000 ( 0.094)	Loss 5.8363e+00 (6.5126e+00)	Acc@1   3.12 (  1.05)	Acc@5  12.11 (  3.92)
Epoch: [0][1700/5005]	Time  0.202 ( 0.300)	Data  0.000 ( 0.094)	Loss 5.9702e+00 (6.5085e+00)	Acc@1   3.52 (  1.06)	Acc@5   8.59 (  3.96)
Epoch: [0][1710/5005]	Time  0.235 ( 0.300)	Data  0.000 ( 0.094)	Loss 5.8843e+00 (6.5046e+00)	Acc@1   2.34 (  1.07)	Acc@5   7.42 (  4.00)
Epoch: [0][1720/5005]	Time  0.211 ( 0.300)	Data  0.000 ( 0.094)	Loss 5.8173e+00 (6.5008e+00)	Acc@1   3.91 (  1.08)	Acc@5  10.55 (  4.04)
Epoch: [0][1730/5005]	Time  0.201 ( 0.300)	Data  0.000 ( 0.094)	Loss 5.9087e+00 (6.4971e+00)	Acc@1   1.17 (  1.09)	Acc@5   9.77 (  4.07)
Epoch: [0][1740/5005]	Time  0.206 ( 0.300)	Data  0.000 ( 0.094)	Loss 5.7511e+00 (6.4931e+00)	Acc@1   3.91 (  1.11)	Acc@5  12.11 (  4.12)
Epoch: [0][1750/5005]	Time  0.201 ( 0.300)	Data  0.000 ( 0.094)	Loss 5.8003e+00 (6.4895e+00)	Acc@1   2.73 (  1.12)	Acc@5  11.72 (  4.15)
Epoch: [0][1760/5005]	Time  0.166 ( 0.300)	Data  0.002 ( 0.094)	Loss 5.8450e+00 (6.4857e+00)	Acc@1   0.78 (  1.13)	Acc@5   8.98 (  4.18)
Epoch: [0][1770/5005]	Time  0.194 ( 0.300)	Data  0.000 ( 0.094)	Loss 5.6889e+00 (6.4818e+00)	Acc@1   3.91 (  1.14)	Acc@5  11.33 (  4.22)
Epoch: [0][1780/5005]	Time  0.235 ( 0.300)	Data  0.000 ( 0.094)	Loss 5.6858e+00 (6.4781e+00)	Acc@1   3.91 (  1.16)	Acc@5  10.16 (  4.25)
Epoch: [0][1790/5005]	Time  0.236 ( 0.300)	Data  0.000 ( 0.094)	Loss 5.9441e+00 (6.4743e+00)	Acc@1   2.73 (  1.17)	Acc@5   9.77 (  4.28)
Epoch: [0][1800/5005]	Time  0.201 ( 0.300)	Data  0.000 ( 0.094)	Loss 5.8081e+00 (6.4703e+00)	Acc@1   2.34 (  1.18)	Acc@5  11.33 (  4.32)
Epoch: [0][1810/5005]	Time  0.202 ( 0.300)	Data  0.000 ( 0.094)	Loss 5.7911e+00 (6.4667e+00)	Acc@1   3.12 (  1.19)	Acc@5   7.81 (  4.36)
Epoch: [0][1820/5005]	Time  0.208 ( 0.300)	Data  0.000 ( 0.094)	Loss 5.6671e+00 (6.4628e+00)	Acc@1   2.73 (  1.20)	Acc@5  10.94 (  4.39)
Epoch: [0][1830/5005]	Time  0.202 ( 0.299)	Data  0.000 ( 0.094)	Loss 5.6478e+00 (6.4586e+00)	Acc@1   4.30 (  1.22)	Acc@5  14.06 (  4.43)
Epoch: [0][1840/5005]	Time  0.182 ( 0.299)	Data  0.000 ( 0.094)	Loss 5.6137e+00 (6.4548e+00)	Acc@1   5.86 (  1.23)	Acc@5  15.23 (  4.48)
Epoch: [0][1850/5005]	Time  0.210 ( 0.299)	Data  0.000 ( 0.094)	Loss 5.7148e+00 (6.4510e+00)	Acc@1   3.52 (  1.24)	Acc@5   9.38 (  4.51)
Epoch: [0][1860/5005]	Time  0.191 ( 0.299)	Data  0.000 ( 0.094)	Loss 5.5699e+00 (6.4470e+00)	Acc@1   2.34 (  1.26)	Acc@5  10.16 (  4.55)
Epoch: [0][1870/5005]	Time  0.167 ( 0.299)	Data  0.000 ( 0.094)	Loss 5.6773e+00 (6.4433e+00)	Acc@1   4.30 (  1.27)	Acc@5   8.59 (  4.58)
Epoch: [0][1880/5005]	Time  0.231 ( 0.299)	Data  0.000 ( 0.094)	Loss 5.6629e+00 (6.4395e+00)	Acc@1   3.52 (  1.29)	Acc@5  12.89 (  4.62)
Epoch: [0][1890/5005]	Time  0.185 ( 0.299)	Data  0.000 ( 0.094)	Loss 5.7895e+00 (6.4358e+00)	Acc@1   2.34 (  1.30)	Acc@5  10.16 (  4.66)
Epoch: [0][1900/5005]	Time  0.209 ( 0.299)	Data  0.000 ( 0.094)	Loss 5.6440e+00 (6.4321e+00)	Acc@1   4.69 (  1.31)	Acc@5  16.41 (  4.70)
Epoch: [0][1910/5005]	Time  0.234 ( 0.299)	Data  0.000 ( 0.094)	Loss 5.5782e+00 (6.4281e+00)	Acc@1   2.34 (  1.33)	Acc@5  12.50 (  4.74)
Epoch: [0][1920/5005]	Time  0.168 ( 0.299)	Data  0.000 ( 0.094)	Loss 5.6544e+00 (6.4242e+00)	Acc@1   3.91 (  1.34)	Acc@5   9.38 (  4.78)
Epoch: [0][1930/5005]	Time  0.203 ( 0.299)	Data  0.000 ( 0.094)	Loss 5.5439e+00 (6.4200e+00)	Acc@1   4.30 (  1.35)	Acc@5  16.41 (  4.82)
Epoch: [0][1940/5005]	Time  0.187 ( 0.299)	Data  0.000 ( 0.094)	Loss 5.6630e+00 (6.4162e+00)	Acc@1   3.52 (  1.36)	Acc@5  11.72 (  4.86)
Epoch: [0][1950/5005]	Time  0.187 ( 0.298)	Data  0.000 ( 0.094)	Loss 5.7404e+00 (6.4122e+00)	Acc@1   3.91 (  1.38)	Acc@5  12.11 (  4.91)
Epoch: [0][1960/5005]	Time  0.201 ( 0.299)	Data  0.000 ( 0.094)	Loss 5.6881e+00 (6.4086e+00)	Acc@1   3.52 (  1.39)	Acc@5  14.06 (  4.95)
Epoch: [0][1970/5005]	Time  0.203 ( 0.298)	Data  0.000 ( 0.094)	Loss 5.4354e+00 (6.4046e+00)	Acc@1   3.52 (  1.41)	Acc@5  14.45 (  4.99)
Epoch: [0][1980/5005]	Time  0.201 ( 0.298)	Data  0.000 ( 0.094)	Loss 5.2991e+00 (6.4004e+00)	Acc@1   5.47 (  1.42)	Acc@5  17.58 (  5.03)
Epoch: [0][1990/5005]	Time  0.203 ( 0.298)	Data  0.000 ( 0.094)	Loss 5.6309e+00 (6.3964e+00)	Acc@1   4.69 (  1.44)	Acc@5  13.67 (  5.08)
Epoch: [0][2000/5005]	Time  0.322 ( 0.298)	Data  0.189 ( 0.094)	Loss 5.7057e+00 (6.3928e+00)	Acc@1   3.91 (  1.45)	Acc@5  12.50 (  5.11)
Epoch: [0][2010/5005]	Time  0.200 ( 0.298)	Data  0.000 ( 0.094)	Loss 5.6808e+00 (6.3893e+00)	Acc@1   3.12 (  1.46)	Acc@5  11.72 (  5.15)
Epoch: [0][2020/5005]	Time  0.493 ( 0.298)	Data  0.332 ( 0.094)	Loss 5.7508e+00 (6.3856e+00)	Acc@1   5.86 (  1.47)	Acc@5  13.67 (  5.18)
Epoch: [0][2030/5005]	Time  0.200 ( 0.298)	Data  0.000 ( 0.094)	Loss 5.6560e+00 (6.3819e+00)	Acc@1   1.56 (  1.49)	Acc@5  10.16 (  5.23)
Epoch: [0][2040/5005]	Time  0.202 ( 0.298)	Data  0.000 ( 0.094)	Loss 5.4187e+00 (6.3781e+00)	Acc@1   4.69 (  1.50)	Acc@5  17.58 (  5.27)
Epoch: [0][2050/5005]	Time  0.209 ( 0.298)	Data  0.000 ( 0.094)	Loss 5.5720e+00 (6.3744e+00)	Acc@1   5.08 (  1.51)	Acc@5  14.45 (  5.31)
Epoch: [0][2060/5005]	Time  0.202 ( 0.298)	Data  0.000 ( 0.094)	Loss 5.5591e+00 (6.3702e+00)	Acc@1   5.86 (  1.53)	Acc@5  12.89 (  5.36)
Epoch: [0][2070/5005]	Time  0.201 ( 0.298)	Data  0.000 ( 0.094)	Loss 5.6095e+00 (6.3663e+00)	Acc@1   2.34 (  1.55)	Acc@5  11.33 (  5.40)
Epoch: [0][2080/5005]	Time  0.538 ( 0.298)	Data  0.357 ( 0.094)	Loss 5.5697e+00 (6.3626e+00)	Acc@1   3.12 (  1.56)	Acc@5  14.06 (  5.44)
Epoch: [0][2090/5005]	Time  0.200 ( 0.298)	Data  0.000 ( 0.094)	Loss 5.4908e+00 (6.3589e+00)	Acc@1   4.30 (  1.57)	Acc@5  17.19 (  5.48)
Epoch: [0][2100/5005]	Time  0.438 ( 0.298)	Data  0.227 ( 0.094)	Loss 5.4696e+00 (6.3551e+00)	Acc@1   4.30 (  1.59)	Acc@5  13.28 (  5.52)
Epoch: [0][2110/5005]	Time  0.202 ( 0.297)	Data  0.000 ( 0.094)	Loss 5.5370e+00 (6.3515e+00)	Acc@1   1.17 (  1.60)	Acc@5  13.28 (  5.56)
Epoch: [0][2120/5005]	Time  0.385 ( 0.297)	Data  0.212 ( 0.094)	Loss 5.6249e+00 (6.3480e+00)	Acc@1   5.47 (  1.62)	Acc@5  16.02 (  5.60)
Epoch: [0][2130/5005]	Time  0.227 ( 0.297)	Data  0.000 ( 0.094)	Loss 5.5917e+00 (6.3444e+00)	Acc@1   4.30 (  1.63)	Acc@5  13.67 (  5.64)
Epoch: [0][2140/5005]	Time  0.525 ( 0.297)	Data  0.314 ( 0.094)	Loss 5.4236e+00 (6.3408e+00)	Acc@1   5.08 (  1.65)	Acc@5  16.02 (  5.68)
Epoch: [0][2150/5005]	Time  0.203 ( 0.297)	Data  0.000 ( 0.094)	Loss 5.5785e+00 (6.3374e+00)	Acc@1   6.25 (  1.66)	Acc@5  14.06 (  5.72)
Epoch: [0][2160/5005]	Time  0.379 ( 0.297)	Data  0.245 ( 0.094)	Loss 5.4797e+00 (6.3337e+00)	Acc@1   5.47 (  1.67)	Acc@5  13.28 (  5.76)
Epoch: [0][2170/5005]	Time  0.210 ( 0.297)	Data  0.000 ( 0.094)	Loss 5.3973e+00 (6.3297e+00)	Acc@1   5.08 (  1.69)	Acc@5  16.02 (  5.81)
Epoch: [0][2180/5005]	Time  0.349 ( 0.297)	Data  0.215 ( 0.094)	Loss 5.6744e+00 (6.3258e+00)	Acc@1   5.47 (  1.71)	Acc@5  14.45 (  5.85)
Epoch: [0][2190/5005]	Time  0.248 ( 0.297)	Data  0.000 ( 0.094)	Loss 5.6312e+00 (6.3224e+00)	Acc@1   4.30 (  1.72)	Acc@5  12.50 (  5.89)
Epoch: [0][2200/5005]	Time  0.650 ( 0.297)	Data  0.451 ( 0.094)	Loss 5.4647e+00 (6.3189e+00)	Acc@1   4.30 (  1.73)	Acc@5  14.06 (  5.93)
Epoch: [0][2210/5005]	Time  0.202 ( 0.297)	Data  0.000 ( 0.094)	Loss 5.4151e+00 (6.3150e+00)	Acc@1   3.12 (  1.75)	Acc@5  14.45 (  5.97)
Epoch: [0][2220/5005]	Time  0.781 ( 0.297)	Data  0.619 ( 0.094)	Loss 5.4339e+00 (6.3115e+00)	Acc@1   5.47 (  1.76)	Acc@5  16.02 (  6.01)
Epoch: [0][2230/5005]	Time  0.200 ( 0.297)	Data  0.000 ( 0.094)	Loss 5.4938e+00 (6.3080e+00)	Acc@1   4.30 (  1.78)	Acc@5  15.62 (  6.05)
Epoch: [0][2240/5005]	Time  0.494 ( 0.297)	Data  0.310 ( 0.094)	Loss 5.4561e+00 (6.3040e+00)	Acc@1   3.91 (  1.79)	Acc@5  14.84 (  6.10)
Epoch: [0][2250/5005]	Time  0.183 ( 0.296)	Data  0.000 ( 0.094)	Loss 5.4721e+00 (6.3005e+00)	Acc@1   7.03 (  1.81)	Acc@5  15.62 (  6.14)
Epoch: [0][2260/5005]	Time  0.402 ( 0.296)	Data  0.199 ( 0.094)	Loss 5.5065e+00 (6.2971e+00)	Acc@1   5.86 (  1.82)	Acc@5  17.19 (  6.18)
Epoch: [0][2270/5005]	Time  0.271 ( 0.296)	Data  0.000 ( 0.094)	Loss 5.5344e+00 (6.2936e+00)	Acc@1   4.30 (  1.84)	Acc@5  16.02 (  6.23)
Epoch: [0][2280/5005]	Time  0.596 ( 0.296)	Data  0.410 ( 0.094)	Loss 5.3122e+00 (6.2900e+00)	Acc@1   3.52 (  1.85)	Acc@5  19.14 (  6.27)
Epoch: [0][2290/5005]	Time  0.201 ( 0.296)	Data  0.000 ( 0.094)	Loss 5.4139e+00 (6.2863e+00)	Acc@1   4.69 (  1.87)	Acc@5  19.14 (  6.32)
Epoch: [0][2300/5005]	Time  0.578 ( 0.296)	Data  0.432 ( 0.094)	Loss 5.3649e+00 (6.2826e+00)	Acc@1   8.59 (  1.89)	Acc@5  20.70 (  6.37)
Epoch: [0][2310/5005]	Time  0.200 ( 0.296)	Data  0.000 ( 0.094)	Loss 5.4686e+00 (6.2791e+00)	Acc@1   3.91 (  1.90)	Acc@5  14.45 (  6.41)
Epoch: [0][2320/5005]	Time  0.553 ( 0.296)	Data  0.417 ( 0.094)	Loss 5.4733e+00 (6.2756e+00)	Acc@1   5.86 (  1.91)	Acc@5  14.45 (  6.45)
Epoch: [0][2330/5005]	Time  0.201 ( 0.296)	Data  0.000 ( 0.094)	Loss 5.4749e+00 (6.2721e+00)	Acc@1   6.25 (  1.93)	Acc@5  14.84 (  6.49)
Epoch: [0][2340/5005]	Time  0.474 ( 0.296)	Data  0.295 ( 0.094)	Loss 5.2763e+00 (6.2683e+00)	Acc@1   9.38 (  1.95)	Acc@5  17.19 (  6.54)
Epoch: [0][2350/5005]	Time  0.201 ( 0.296)	Data  0.000 ( 0.094)	Loss 5.2512e+00 (6.2646e+00)	Acc@1   7.42 (  1.97)	Acc@5  21.48 (  6.59)
Epoch: [0][2360/5005]	Time  0.439 ( 0.296)	Data  0.305 ( 0.094)	Loss 5.6035e+00 (6.2612e+00)	Acc@1   2.73 (  1.98)	Acc@5   9.77 (  6.63)
Epoch: [0][2370/5005]	Time  0.202 ( 0.296)	Data  0.000 ( 0.094)	Loss 5.3472e+00 (6.2575e+00)	Acc@1   6.25 (  1.99)	Acc@5  19.92 (  6.67)
Epoch: [0][2380/5005]	Time  0.912 ( 0.296)	Data  0.665 ( 0.094)	Loss 5.4324e+00 (6.2541e+00)	Acc@1   7.42 (  2.01)	Acc@5  17.19 (  6.71)
Epoch: [0][2390/5005]	Time  0.147 ( 0.296)	Data  0.000 ( 0.094)	Loss 5.2267e+00 (6.2504e+00)	Acc@1   4.69 (  2.02)	Acc@5  16.80 (  6.76)
Epoch: [0][2400/5005]	Time  0.527 ( 0.296)	Data  0.389 ( 0.094)	Loss 5.5210e+00 (6.2467e+00)	Acc@1   4.30 (  2.04)	Acc@5  14.84 (  6.80)
Epoch: [0][2410/5005]	Time  0.199 ( 0.296)	Data  0.000 ( 0.094)	Loss 5.2488e+00 (6.2432e+00)	Acc@1   6.64 (  2.06)	Acc@5  19.53 (  6.85)
Epoch: [0][2420/5005]	Time  0.545 ( 0.296)	Data  0.360 ( 0.095)	Loss 5.2649e+00 (6.2394e+00)	Acc@1   5.86 (  2.07)	Acc@5  17.58 (  6.89)
Epoch: [0][2430/5005]	Time  0.200 ( 0.296)	Data  0.000 ( 0.094)	Loss 5.0984e+00 (6.2359e+00)	Acc@1   7.81 (  2.09)	Acc@5  24.22 (  6.93)
Epoch: [0][2440/5005]	Time  0.432 ( 0.296)	Data  0.272 ( 0.095)	Loss 5.3955e+00 (6.2323e+00)	Acc@1   7.81 (  2.10)	Acc@5  19.14 (  6.98)
Epoch: [0][2450/5005]	Time  0.201 ( 0.296)	Data  0.000 ( 0.094)	Loss 5.2889e+00 (6.2286e+00)	Acc@1   7.81 (  2.12)	Acc@5  19.14 (  7.02)
Epoch: [0][2460/5005]	Time  0.633 ( 0.296)	Data  0.441 ( 0.095)	Loss 5.3206e+00 (6.2249e+00)	Acc@1   5.86 (  2.13)	Acc@5  16.41 (  7.07)
Epoch: [0][2470/5005]	Time  0.239 ( 0.296)	Data  0.001 ( 0.095)	Loss 5.3108e+00 (6.2213e+00)	Acc@1   5.86 (  2.15)	Acc@5  16.41 (  7.11)
Epoch: [0][2480/5005]	Time  0.468 ( 0.296)	Data  0.292 ( 0.094)	Loss 5.3907e+00 (6.2179e+00)	Acc@1   8.20 (  2.16)	Acc@5  16.80 (  7.15)
Epoch: [0][2490/5005]	Time  0.202 ( 0.296)	Data  0.000 ( 0.094)	Loss 5.1150e+00 (6.2140e+00)	Acc@1   7.03 (  2.18)	Acc@5  20.70 (  7.20)
Epoch: [0][2500/5005]	Time  0.437 ( 0.296)	Data  0.253 ( 0.094)	Loss 5.2159e+00 (6.2105e+00)	Acc@1   6.25 (  2.20)	Acc@5  18.75 (  7.24)
Epoch: [0][2510/5005]	Time  0.200 ( 0.296)	Data  0.000 ( 0.094)	Loss 5.5738e+00 (6.2068e+00)	Acc@1   3.52 (  2.22)	Acc@5  12.89 (  7.28)
Epoch: [0][2520/5005]	Time  0.513 ( 0.296)	Data  0.327 ( 0.095)	Loss 5.4659e+00 (6.2035e+00)	Acc@1   5.47 (  2.23)	Acc@5  16.02 (  7.33)
Epoch: [0][2530/5005]	Time  0.165 ( 0.296)	Data  0.001 ( 0.094)	Loss 5.3064e+00 (6.2000e+00)	Acc@1   8.20 (  2.25)	Acc@5  19.53 (  7.37)
Epoch: [0][2540/5005]	Time  0.456 ( 0.296)	Data  0.320 ( 0.094)	Loss 5.3716e+00 (6.1967e+00)	Acc@1   4.30 (  2.26)	Acc@5  19.53 (  7.41)
Epoch: [0][2550/5005]	Time  0.201 ( 0.295)	Data  0.000 ( 0.094)	Loss 5.4165e+00 (6.1933e+00)	Acc@1   6.64 (  2.28)	Acc@5  15.62 (  7.46)
Epoch: [0][2560/5005]	Time  0.718 ( 0.296)	Data  0.500 ( 0.095)	Loss 5.2683e+00 (6.1899e+00)	Acc@1   6.25 (  2.29)	Acc@5  19.53 (  7.50)
Epoch: [0][2570/5005]	Time  0.228 ( 0.295)	Data  0.000 ( 0.094)	Loss 5.3062e+00 (6.1865e+00)	Acc@1   5.47 (  2.31)	Acc@5  17.58 (  7.54)
Epoch: [0][2580/5005]	Time  0.469 ( 0.295)	Data  0.307 ( 0.095)	Loss 5.2754e+00 (6.1829e+00)	Acc@1   7.42 (  2.33)	Acc@5  21.48 (  7.59)
Epoch: [0][2590/5005]	Time  0.200 ( 0.295)	Data  0.000 ( 0.094)	Loss 5.3319e+00 (6.1795e+00)	Acc@1   9.38 (  2.34)	Acc@5  20.70 (  7.63)
Epoch: [0][2600/5005]	Time  0.486 ( 0.295)	Data  0.315 ( 0.094)	Loss 5.1228e+00 (6.1760e+00)	Acc@1   7.03 (  2.36)	Acc@5  19.14 (  7.67)
Epoch: [0][2610/5005]	Time  0.204 ( 0.295)	Data  0.000 ( 0.094)	Loss 5.2684e+00 (6.1723e+00)	Acc@1   7.42 (  2.38)	Acc@5  21.48 (  7.72)
Epoch: [0][2620/5005]	Time  0.467 ( 0.295)	Data  0.257 ( 0.094)	Loss 4.9871e+00 (6.1686e+00)	Acc@1   7.81 (  2.39)	Acc@5  22.66 (  7.76)
Epoch: [0][2630/5005]	Time  0.200 ( 0.295)	Data  0.000 ( 0.094)	Loss 5.2740e+00 (6.1649e+00)	Acc@1   6.64 (  2.41)	Acc@5  16.41 (  7.81)
Epoch: [0][2640/5005]	Time  0.460 ( 0.295)	Data  0.284 ( 0.094)	Loss 5.1810e+00 (6.1614e+00)	Acc@1   8.20 (  2.43)	Acc@5  16.02 (  7.86)
Epoch: [0][2650/5005]	Time  0.201 ( 0.295)	Data  0.000 ( 0.094)	Loss 5.3169e+00 (6.1578e+00)	Acc@1   5.47 (  2.45)	Acc@5  18.36 (  7.90)
Epoch: [0][2660/5005]	Time  0.663 ( 0.295)	Data  0.389 ( 0.094)	Loss 5.3840e+00 (6.1545e+00)	Acc@1   5.08 (  2.46)	Acc@5  16.41 (  7.95)
Epoch: [0][2670/5005]	Time  0.193 ( 0.295)	Data  0.000 ( 0.094)	Loss 5.3119e+00 (6.1511e+00)	Acc@1   7.03 (  2.48)	Acc@5  19.14 (  7.99)
Epoch: [0][2680/5005]	Time  0.335 ( 0.295)	Data  0.193 ( 0.094)	Loss 5.2860e+00 (6.1478e+00)	Acc@1   6.64 (  2.50)	Acc@5  18.36 (  8.03)
Epoch: [0][2690/5005]	Time  0.201 ( 0.294)	Data  0.000 ( 0.094)	Loss 5.4284e+00 (6.1448e+00)	Acc@1   5.47 (  2.51)	Acc@5  17.19 (  8.06)
Epoch: [0][2700/5005]	Time  0.416 ( 0.295)	Data  0.257 ( 0.094)	Loss 5.3559e+00 (6.1417e+00)	Acc@1   5.47 (  2.53)	Acc@5  16.41 (  8.11)
Epoch: [0][2710/5005]	Time  0.201 ( 0.294)	Data  0.000 ( 0.094)	Loss 5.2927e+00 (6.1384e+00)	Acc@1   7.81 (  2.55)	Acc@5  21.48 (  8.15)
Epoch: [0][2720/5005]	Time  0.364 ( 0.294)	Data  0.208 ( 0.094)	Loss 5.0484e+00 (6.1351e+00)	Acc@1   9.38 (  2.56)	Acc@5  20.31 (  8.19)
Epoch: [0][2730/5005]	Time  0.209 ( 0.294)	Data  0.000 ( 0.094)	Loss 5.1345e+00 (6.1317e+00)	Acc@1   8.20 (  2.58)	Acc@5  21.09 (  8.24)
Epoch: [0][2740/5005]	Time  0.474 ( 0.294)	Data  0.323 ( 0.094)	Loss 5.1933e+00 (6.1280e+00)	Acc@1   6.64 (  2.60)	Acc@5  20.31 (  8.29)
Epoch: [0][2750/5005]	Time  0.201 ( 0.294)	Data  0.000 ( 0.094)	Loss 5.3012e+00 (6.1246e+00)	Acc@1   6.25 (  2.61)	Acc@5  21.09 (  8.33)
Epoch: [0][2760/5005]	Time  0.537 ( 0.294)	Data  0.345 ( 0.094)	Loss 5.2128e+00 (6.1214e+00)	Acc@1   6.64 (  2.63)	Acc@5  20.70 (  8.37)
Epoch: [0][2770/5005]	Time  0.201 ( 0.294)	Data  0.000 ( 0.094)	Loss 5.2069e+00 (6.1181e+00)	Acc@1   4.69 (  2.64)	Acc@5  20.70 (  8.42)
Epoch: [0][2780/5005]	Time  0.402 ( 0.294)	Data  0.248 ( 0.094)	Loss 5.1351e+00 (6.1149e+00)	Acc@1   8.59 (  2.66)	Acc@5  21.48 (  8.46)
Epoch: [0][2790/5005]	Time  0.202 ( 0.294)	Data  0.000 ( 0.094)	Loss 5.2045e+00 (6.1115e+00)	Acc@1   7.81 (  2.68)	Acc@5  23.83 (  8.50)
Epoch: [0][2800/5005]	Time  0.462 ( 0.294)	Data  0.294 ( 0.094)	Loss 5.0137e+00 (6.1079e+00)	Acc@1   7.42 (  2.70)	Acc@5  23.05 (  8.55)
Epoch: [0][2810/5005]	Time  0.203 ( 0.294)	Data  0.000 ( 0.094)	Loss 5.2028e+00 (6.1046e+00)	Acc@1   7.03 (  2.72)	Acc@5  17.97 (  8.59)
Epoch: [0][2820/5005]	Time  0.585 ( 0.294)	Data  0.451 ( 0.094)	Loss 5.2005e+00 (6.1013e+00)	Acc@1   7.81 (  2.73)	Acc@5  20.31 (  8.63)
Epoch: [0][2830/5005]	Time  0.177 ( 0.293)	Data  0.000 ( 0.094)	Loss 5.0661e+00 (6.0979e+00)	Acc@1   8.20 (  2.76)	Acc@5  23.83 (  8.68)
Epoch: [0][2840/5005]	Time  0.393 ( 0.293)	Data  0.257 ( 0.094)	Loss 5.0448e+00 (6.0947e+00)	Acc@1  10.94 (  2.77)	Acc@5  22.27 (  8.72)
Epoch: [0][2850/5005]	Time  0.229 ( 0.293)	Data  0.000 ( 0.094)	Loss 5.0982e+00 (6.0914e+00)	Acc@1  10.55 (  2.79)	Acc@5  23.44 (  8.77)
Epoch: [0][2860/5005]	Time  0.422 ( 0.293)	Data  0.283 ( 0.094)	Loss 5.1378e+00 (6.0880e+00)	Acc@1   8.20 (  2.80)	Acc@5  21.88 (  8.81)
Epoch: [0][2870/5005]	Time  0.210 ( 0.293)	Data  0.000 ( 0.093)	Loss 5.1255e+00 (6.0849e+00)	Acc@1   5.47 (  2.82)	Acc@5  23.05 (  8.85)
Epoch: [0][2880/5005]	Time  0.665 ( 0.293)	Data  0.529 ( 0.094)	Loss 5.3045e+00 (6.0816e+00)	Acc@1   9.38 (  2.84)	Acc@5  20.31 (  8.90)
/opt/conda/lib/python3.6/site-packages/PIL/TiffImagePlugin.py:754: UserWarning: Possibly corrupt EXIF data.  Expecting to read 2555904 bytes but only got 0. Skipping tag 0
  " Skipping tag %s" % (size, len(data), tag))
Epoch: [0][2890/5005]	Time  0.205 ( 0.293)	Data  0.000 ( 0.093)	Loss 5.0281e+00 (6.0781e+00)	Acc@1   7.81 (  2.86)	Acc@5  22.66 (  8.95)
Epoch: [0][2900/5005]	Time  0.376 ( 0.293)	Data  0.242 ( 0.093)	Loss 5.0112e+00 (6.0748e+00)	Acc@1  11.33 (  2.87)	Acc@5  26.17 (  8.99)
Epoch: [0][2910/5005]	Time  0.215 ( 0.293)	Data  0.000 ( 0.093)	Loss 4.9470e+00 (6.0716e+00)	Acc@1  10.16 (  2.89)	Acc@5  21.88 (  9.04)
Epoch: [0][2920/5005]	Time  0.526 ( 0.293)	Data  0.334 ( 0.093)	Loss 5.0624e+00 (6.0681e+00)	Acc@1   8.59 (  2.91)	Acc@5  23.05 (  9.09)
Epoch: [0][2930/5005]	Time  0.197 ( 0.293)	Data  0.000 ( 0.093)	Loss 5.0193e+00 (6.0648e+00)	Acc@1  11.72 (  2.93)	Acc@5  23.05 (  9.14)
Epoch: [0][2940/5005]	Time  0.406 ( 0.293)	Data  0.244 ( 0.093)	Loss 4.8384e+00 (6.0613e+00)	Acc@1   9.77 (  2.95)	Acc@5  23.83 (  9.18)
Epoch: [0][2950/5005]	Time  0.202 ( 0.292)	Data  0.000 ( 0.093)	Loss 5.0526e+00 (6.0578e+00)	Acc@1  10.55 (  2.97)	Acc@5  21.09 (  9.23)
Epoch: [0][2960/5005]	Time  0.396 ( 0.292)	Data  0.248 ( 0.093)	Loss 5.0071e+00 (6.0544e+00)	Acc@1   7.81 (  2.98)	Acc@5  25.39 (  9.28)
Epoch: [0][2970/5005]	Time  0.200 ( 0.292)	Data  0.000 ( 0.093)	Loss 5.1118e+00 (6.0511e+00)	Acc@1   9.77 (  3.00)	Acc@5  23.44 (  9.32)
Epoch: [0][2980/5005]	Time  0.478 ( 0.292)	Data  0.303 ( 0.093)	Loss 4.9558e+00 (6.0479e+00)	Acc@1  10.16 (  3.02)	Acc@5  23.83 (  9.37)
Epoch: [0][2990/5005]	Time  0.201 ( 0.292)	Data  0.000 ( 0.093)	Loss 5.1428e+00 (6.0445e+00)	Acc@1   9.77 (  3.04)	Acc@5  22.66 (  9.41)
Epoch: [0][3000/5005]	Time  0.434 ( 0.292)	Data  0.279 ( 0.093)	Loss 4.9397e+00 (6.0412e+00)	Acc@1  10.55 (  3.05)	Acc@5  21.09 (  9.45)
Epoch: [0][3010/5005]	Time  0.260 ( 0.292)	Data  0.000 ( 0.093)	Loss 4.9577e+00 (6.0378e+00)	Acc@1   7.42 (  3.07)	Acc@5  23.83 (  9.50)
Epoch: [0][3020/5005]	Time  0.485 ( 0.292)	Data  0.328 ( 0.093)	Loss 5.1129e+00 (6.0346e+00)	Acc@1   9.38 (  3.09)	Acc@5  25.00 (  9.54)
Epoch: [0][3030/5005]	Time  0.255 ( 0.292)	Data  0.000 ( 0.093)	Loss 5.0897e+00 (6.0315e+00)	Acc@1   8.98 (  3.11)	Acc@5  21.88 (  9.58)
Epoch: [0][3040/5005]	Time  0.491 ( 0.292)	Data  0.309 ( 0.093)	Loss 5.1022e+00 (6.0281e+00)	Acc@1   4.30 (  3.12)	Acc@5  17.97 (  9.63)
/opt/conda/lib/python3.6/site-packages/PIL/TiffImagePlugin.py:754: UserWarning: Possibly corrupt EXIF data.  Expecting to read 1835008 bytes but only got 0. Skipping tag 0
  " Skipping tag %s" % (size, len(data), tag))
Epoch: [0][3050/5005]	Time  0.211 ( 0.292)	Data  0.000 ( 0.093)	Loss 5.0191e+00 (6.0247e+00)	Acc@1   8.20 (  3.14)	Acc@5  21.88 (  9.67)
Epoch: [0][3060/5005]	Time  0.420 ( 0.292)	Data  0.262 ( 0.093)	Loss 5.1404e+00 (6.0214e+00)	Acc@1   8.59 (  3.16)	Acc@5  19.53 (  9.72)
Epoch: [0][3070/5005]	Time  0.295 ( 0.292)	Data  0.000 ( 0.093)	Loss 5.0733e+00 (6.0180e+00)	Acc@1   9.38 (  3.18)	Acc@5  19.14 (  9.76)
Epoch: [0][3080/5005]	Time  0.471 ( 0.292)	Data  0.310 ( 0.093)	Loss 5.0151e+00 (6.0148e+00)	Acc@1  10.55 (  3.20)	Acc@5  21.88 (  9.80)
Epoch: [0][3090/5005]	Time  0.211 ( 0.292)	Data  0.000 ( 0.093)	Loss 5.0608e+00 (6.0116e+00)	Acc@1   6.64 (  3.22)	Acc@5  23.83 (  9.85)
Epoch: [0][3100/5005]	Time  0.463 ( 0.292)	Data  0.328 ( 0.093)	Loss 5.0527e+00 (6.0085e+00)	Acc@1   9.38 (  3.24)	Acc@5  22.66 (  9.89)
Epoch: [0][3110/5005]	Time  0.171 ( 0.291)	Data  0.000 ( 0.093)	Loss 4.8663e+00 (6.0052e+00)	Acc@1  11.33 (  3.26)	Acc@5  26.56 (  9.94)
Epoch: [0][3120/5005]	Time  0.577 ( 0.292)	Data  0.412 ( 0.093)	Loss 5.1252e+00 (6.0020e+00)	Acc@1   7.42 (  3.28)	Acc@5  22.66 (  9.98)
Epoch: [0][3130/5005]	Time  0.201 ( 0.291)	Data  0.000 ( 0.093)	Loss 4.9199e+00 (5.9987e+00)	Acc@1   9.38 (  3.30)	Acc@5  23.44 ( 10.03)
Epoch: [0][3140/5005]	Time  0.442 ( 0.291)	Data  0.273 ( 0.093)	Loss 4.9578e+00 (5.9953e+00)	Acc@1   8.20 (  3.32)	Acc@5  23.05 ( 10.08)
Epoch: [0][3150/5005]	Time  0.202 ( 0.291)	Data  0.000 ( 0.093)	Loss 4.8953e+00 (5.9922e+00)	Acc@1  10.94 (  3.34)	Acc@5  25.78 ( 10.13)
Epoch: [0][3160/5005]	Time  0.332 ( 0.291)	Data  0.186 ( 0.093)	Loss 4.9684e+00 (5.9889e+00)	Acc@1  11.33 (  3.36)	Acc@5  26.56 ( 10.17)
Epoch: [0][3170/5005]	Time  0.201 ( 0.291)	Data  0.000 ( 0.093)	Loss 4.9175e+00 (5.9857e+00)	Acc@1  10.94 (  3.37)	Acc@5  25.78 ( 10.21)
Epoch: [0][3180/5005]	Time  0.500 ( 0.291)	Data  0.318 ( 0.093)	Loss 5.0045e+00 (5.9825e+00)	Acc@1   8.98 (  3.39)	Acc@5  27.34 ( 10.26)
Epoch: [0][3190/5005]	Time  0.182 ( 0.291)	Data  0.001 ( 0.093)	Loss 4.9209e+00 (5.9795e+00)	Acc@1   9.77 (  3.41)	Acc@5  23.83 ( 10.31)
Epoch: [0][3200/5005]	Time  0.432 ( 0.291)	Data  0.300 ( 0.093)	Loss 4.8659e+00 (5.9764e+00)	Acc@1  10.16 (  3.43)	Acc@5  25.78 ( 10.35)
Epoch: [0][3210/5005]	Time  0.200 ( 0.291)	Data  0.000 ( 0.092)	Loss 4.9792e+00 (5.9733e+00)	Acc@1   8.98 (  3.45)	Acc@5  26.56 ( 10.39)
Epoch: [0][3220/5005]	Time  0.510 ( 0.291)	Data  0.344 ( 0.093)	Loss 4.9866e+00 (5.9703e+00)	Acc@1   7.42 (  3.46)	Acc@5  25.39 ( 10.43)
Epoch: [0][3230/5005]	Time  0.212 ( 0.291)	Data  0.000 ( 0.092)	Loss 4.9677e+00 (5.9672e+00)	Acc@1   8.98 (  3.48)	Acc@5  23.83 ( 10.48)
Epoch: [0][3240/5005]	Time  0.547 ( 0.291)	Data  0.393 ( 0.092)	Loss 4.8594e+00 (5.9641e+00)	Acc@1   8.98 (  3.50)	Acc@5  28.91 ( 10.52)
Epoch: [0][3250/5005]	Time  0.202 ( 0.291)	Data  0.000 ( 0.092)	Loss 4.8756e+00 (5.9609e+00)	Acc@1   8.98 (  3.52)	Acc@5  26.95 ( 10.57)
Epoch: [0][3260/5005]	Time  0.462 ( 0.291)	Data  0.319 ( 0.092)	Loss 4.7853e+00 (5.9575e+00)	Acc@1  14.45 (  3.54)	Acc@5  30.47 ( 10.62)
Epoch: [0][3270/5005]	Time  0.201 ( 0.291)	Data  0.000 ( 0.092)	Loss 4.9455e+00 (5.9543e+00)	Acc@1   8.98 (  3.56)	Acc@5  23.05 ( 10.66)
Epoch: [0][3280/5005]	Time  0.498 ( 0.291)	Data  0.338 ( 0.092)	Loss 4.8430e+00 (5.9510e+00)	Acc@1  13.28 (  3.58)	Acc@5  25.78 ( 10.70)
Epoch: [0][3290/5005]	Time  0.204 ( 0.291)	Data  0.000 ( 0.092)	Loss 4.9828e+00 (5.9478e+00)	Acc@1   8.59 (  3.60)	Acc@5  23.83 ( 10.75)
Epoch: [0][3300/5005]	Time  0.404 ( 0.291)	Data  0.212 ( 0.092)	Loss 4.8390e+00 (5.9447e+00)	Acc@1  11.33 (  3.62)	Acc@5  28.52 ( 10.79)
Epoch: [0][3310/5005]	Time  0.195 ( 0.290)	Data  0.000 ( 0.092)	Loss 4.9228e+00 (5.9415e+00)	Acc@1  11.33 (  3.64)	Acc@5  26.17 ( 10.84)
Epoch: [0][3320/5005]	Time  0.451 ( 0.290)	Data  0.244 ( 0.092)	Loss 4.6669e+00 (5.9384e+00)	Acc@1   9.38 (  3.66)	Acc@5  26.17 ( 10.88)
Epoch: [0][3330/5005]	Time  0.314 ( 0.290)	Data  0.179 ( 0.092)	Loss 4.7435e+00 (5.9351e+00)	Acc@1   8.59 (  3.68)	Acc@5  25.78 ( 10.93)
Epoch: [0][3340/5005]	Time  0.377 ( 0.290)	Data  0.221 ( 0.092)	Loss 4.7757e+00 (5.9320e+00)	Acc@1  12.89 (  3.70)	Acc@5  25.00 ( 10.98)
Epoch: [0][3350/5005]	Time  0.427 ( 0.290)	Data  0.282 ( 0.092)	Loss 4.9030e+00 (5.9287e+00)	Acc@1   8.98 (  3.72)	Acc@5  23.05 ( 11.02)
Epoch: [0][3360/5005]	Time  0.389 ( 0.290)	Data  0.252 ( 0.092)	Loss 4.7968e+00 (5.9256e+00)	Acc@1   8.59 (  3.74)	Acc@5  26.17 ( 11.07)
Epoch: [0][3370/5005]	Time  0.391 ( 0.290)	Data  0.257 ( 0.092)	Loss 4.7900e+00 (5.9225e+00)	Acc@1  10.94 (  3.76)	Acc@5  28.12 ( 11.11)
Epoch: [0][3380/5005]	Time  0.183 ( 0.290)	Data  0.000 ( 0.092)	Loss 4.8182e+00 (5.9193e+00)	Acc@1   8.98 (  3.78)	Acc@5  23.44 ( 11.16)
Epoch: [0][3390/5005]	Time  0.520 ( 0.290)	Data  0.385 ( 0.092)	Loss 4.8972e+00 (5.9162e+00)	Acc@1  12.50 (  3.80)	Acc@5  31.25 ( 11.20)
Epoch: [0][3400/5005]	Time  0.183 ( 0.290)	Data  0.000 ( 0.092)	Loss 5.0177e+00 (5.9131e+00)	Acc@1  10.16 (  3.82)	Acc@5  23.05 ( 11.25)
Epoch: [0][3410/5005]	Time  0.436 ( 0.290)	Data  0.281 ( 0.092)	Loss 4.6737e+00 (5.9098e+00)	Acc@1  12.89 (  3.85)	Acc@5  30.47 ( 11.30)
Epoch: [0][3420/5005]	Time  0.240 ( 0.290)	Data  0.000 ( 0.092)	Loss 4.7681e+00 (5.9068e+00)	Acc@1   8.59 (  3.87)	Acc@5  25.39 ( 11.34)
Epoch: [0][3430/5005]	Time  0.359 ( 0.290)	Data  0.216 ( 0.092)	Loss 4.9243e+00 (5.9039e+00)	Acc@1   8.98 (  3.88)	Acc@5  24.61 ( 11.38)
Epoch: [0][3440/5005]	Time  0.200 ( 0.290)	Data  0.000 ( 0.092)	Loss 4.7950e+00 (5.9007e+00)	Acc@1   9.38 (  3.90)	Acc@5  27.73 ( 11.43)
Epoch: [0][3450/5005]	Time  0.507 ( 0.290)	Data  0.373 ( 0.092)	Loss 4.7704e+00 (5.8977e+00)	Acc@1  11.72 (  3.93)	Acc@5  28.52 ( 11.47)
Epoch: [0][3460/5005]	Time  0.202 ( 0.290)	Data  0.000 ( 0.092)	Loss 4.8950e+00 (5.8946e+00)	Acc@1  12.11 (  3.94)	Acc@5  28.91 ( 11.52)
Epoch: [0][3470/5005]	Time  0.375 ( 0.290)	Data  0.199 ( 0.092)	Loss 4.9567e+00 (5.8915e+00)	Acc@1   9.38 (  3.97)	Acc@5  21.48 ( 11.57)
Epoch: [0][3480/5005]	Time  0.208 ( 0.290)	Data  0.000 ( 0.092)	Loss 4.9634e+00 (5.8883e+00)	Acc@1   8.98 (  3.99)	Acc@5  24.22 ( 11.61)
Epoch: [0][3490/5005]	Time  0.639 ( 0.290)	Data  0.461 ( 0.092)	Loss 4.7404e+00 (5.8853e+00)	Acc@1   9.77 (  4.00)	Acc@5  26.17 ( 11.65)
Epoch: [0][3500/5005]	Time  0.202 ( 0.289)	Data  0.000 ( 0.092)	Loss 4.7211e+00 (5.8822e+00)	Acc@1  11.33 (  4.03)	Acc@5  27.73 ( 11.70)
Epoch: [0][3510/5005]	Time  0.404 ( 0.289)	Data  0.270 ( 0.092)	Loss 4.9887e+00 (5.8793e+00)	Acc@1   8.59 (  4.04)	Acc@5  24.22 ( 11.74)
Epoch: [0][3520/5005]	Time  0.226 ( 0.289)	Data  0.000 ( 0.092)	Loss 4.9696e+00 (5.8763e+00)	Acc@1  13.28 (  4.06)	Acc@5  24.22 ( 11.79)
Epoch: [0][3530/5005]	Time  0.440 ( 0.289)	Data  0.306 ( 0.092)	Loss 4.6728e+00 (5.8733e+00)	Acc@1  10.94 (  4.08)	Acc@5  30.47 ( 11.83)
Epoch: [0][3540/5005]	Time  0.452 ( 0.289)	Data  0.171 ( 0.092)	Loss 4.9801e+00 (5.8704e+00)	Acc@1  11.72 (  4.10)	Acc@5  26.56 ( 11.87)
Epoch: [0][3550/5005]	Time  0.368 ( 0.289)	Data  0.221 ( 0.092)	Loss 4.5516e+00 (5.8673e+00)	Acc@1  14.06 (  4.12)	Acc@5  31.64 ( 11.91)
Epoch: [0][3560/5005]	Time  0.574 ( 0.289)	Data  0.378 ( 0.092)	Loss 4.7235e+00 (5.8643e+00)	Acc@1  10.55 (  4.14)	Acc@5  27.34 ( 11.96)
Epoch: [0][3570/5005]	Time  0.217 ( 0.289)	Data  0.077 ( 0.092)	Loss 4.8063e+00 (5.8614e+00)	Acc@1   9.77 (  4.16)	Acc@5  23.83 ( 12.00)
Epoch: [0][3580/5005]	Time  0.428 ( 0.289)	Data  0.245 ( 0.092)	Loss 4.8029e+00 (5.8586e+00)	Acc@1  10.55 (  4.18)	Acc@5  25.39 ( 12.05)
Epoch: [0][3590/5005]	Time  0.201 ( 0.289)	Data  0.000 ( 0.092)	Loss 4.8846e+00 (5.8556e+00)	Acc@1  11.72 (  4.20)	Acc@5  25.00 ( 12.09)
Epoch: [0][3600/5005]	Time  0.504 ( 0.289)	Data  0.274 ( 0.092)	Loss 4.6733e+00 (5.8525e+00)	Acc@1  10.16 (  4.22)	Acc@5  30.47 ( 12.13)
Epoch: [0][3610/5005]	Time  0.203 ( 0.289)	Data  0.000 ( 0.092)	Loss 4.9316e+00 (5.8496e+00)	Acc@1  12.50 (  4.24)	Acc@5  26.17 ( 12.18)
Epoch: [0][3620/5005]	Time  0.497 ( 0.289)	Data  0.301 ( 0.092)	Loss 4.6129e+00 (5.8467e+00)	Acc@1  11.72 (  4.25)	Acc@5  30.08 ( 12.22)
Epoch: [0][3630/5005]	Time  0.201 ( 0.289)	Data  0.000 ( 0.092)	Loss 4.7989e+00 (5.8435e+00)	Acc@1   8.59 (  4.28)	Acc@5  28.52 ( 12.27)
Epoch: [0][3640/5005]	Time  0.403 ( 0.289)	Data  0.250 ( 0.092)	Loss 4.8770e+00 (5.8405e+00)	Acc@1  11.33 (  4.30)	Acc@5  24.61 ( 12.32)
Epoch: [0][3650/5005]	Time  0.240 ( 0.289)	Data  0.000 ( 0.091)	Loss 4.9194e+00 (5.8376e+00)	Acc@1  11.72 (  4.31)	Acc@5  25.78 ( 12.36)
Epoch: [0][3660/5005]	Time  0.388 ( 0.289)	Data  0.229 ( 0.091)	Loss 4.8338e+00 (5.8345e+00)	Acc@1  11.33 (  4.34)	Acc@5  23.83 ( 12.40)
Epoch: [0][3670/5005]	Time  0.202 ( 0.289)	Data  0.000 ( 0.091)	Loss 4.5787e+00 (5.8315e+00)	Acc@1  10.94 (  4.35)	Acc@5  31.25 ( 12.45)
Epoch: [0][3680/5005]	Time  0.607 ( 0.289)	Data  0.408 ( 0.091)	Loss 4.5099e+00 (5.8284e+00)	Acc@1  15.23 (  4.38)	Acc@5  33.98 ( 12.50)
Epoch: [0][3690/5005]	Time  0.195 ( 0.288)	Data  0.000 ( 0.091)	Loss 4.6672e+00 (5.8254e+00)	Acc@1  14.06 (  4.40)	Acc@5  31.64 ( 12.54)
Epoch: [0][3700/5005]	Time  0.363 ( 0.288)	Data  0.223 ( 0.091)	Loss 4.9315e+00 (5.8225e+00)	Acc@1   8.98 (  4.42)	Acc@5  23.05 ( 12.59)
Epoch: [0][3710/5005]	Time  0.202 ( 0.288)	Data  0.000 ( 0.091)	Loss 4.5436e+00 (5.8195e+00)	Acc@1  14.84 (  4.44)	Acc@5  34.77 ( 12.63)
Epoch: [0][3720/5005]	Time  0.652 ( 0.288)	Data  0.492 ( 0.091)	Loss 4.7025e+00 (5.8164e+00)	Acc@1  11.72 (  4.46)	Acc@5  30.08 ( 12.68)
Epoch: [0][3730/5005]	Time  0.201 ( 0.288)	Data  0.000 ( 0.091)	Loss 4.5865e+00 (5.8134e+00)	Acc@1  13.28 (  4.48)	Acc@5  29.69 ( 12.72)
Epoch: [0][3740/5005]	Time  0.520 ( 0.288)	Data  0.353 ( 0.091)	Loss 4.6279e+00 (5.8104e+00)	Acc@1  13.28 (  4.51)	Acc@5  34.38 ( 12.77)
Epoch: [0][3750/5005]	Time  0.201 ( 0.288)	Data  0.000 ( 0.091)	Loss 4.6096e+00 (5.8073e+00)	Acc@1  11.33 (  4.53)	Acc@5  29.69 ( 12.82)
Epoch: [0][3760/5005]	Time  0.531 ( 0.288)	Data  0.359 ( 0.091)	Loss 4.8386e+00 (5.8043e+00)	Acc@1   7.42 (  4.55)	Acc@5  24.61 ( 12.86)
Epoch: [0][3770/5005]	Time  0.202 ( 0.288)	Data  0.000 ( 0.091)	Loss 4.6886e+00 (5.8014e+00)	Acc@1  12.89 (  4.57)	Acc@5  30.47 ( 12.90)
Epoch: [0][3780/5005]	Time  0.397 ( 0.288)	Data  0.223 ( 0.091)	Loss 4.6671e+00 (5.7986e+00)	Acc@1  10.16 (  4.58)	Acc@5  25.39 ( 12.95)
Epoch: [0][3790/5005]	Time  0.184 ( 0.288)	Data  0.000 ( 0.091)	Loss 4.7286e+00 (5.7956e+00)	Acc@1  13.28 (  4.61)	Acc@5  26.17 ( 12.99)
Epoch: [0][3800/5005]	Time  0.402 ( 0.288)	Data  0.227 ( 0.091)	Loss 4.9645e+00 (5.7927e+00)	Acc@1   9.77 (  4.63)	Acc@5  25.39 ( 13.04)
Epoch: [0][3810/5005]	Time  0.201 ( 0.288)	Data  0.000 ( 0.091)	Loss 4.6970e+00 (5.7896e+00)	Acc@1  14.45 (  4.65)	Acc@5  32.03 ( 13.08)
Epoch: [0][3820/5005]	Time  0.406 ( 0.288)	Data  0.272 ( 0.091)	Loss 4.7226e+00 (5.7867e+00)	Acc@1   9.38 (  4.67)	Acc@5  27.73 ( 13.13)
Epoch: [0][3830/5005]	Time  0.211 ( 0.288)	Data  0.000 ( 0.091)	Loss 4.7283e+00 (5.7838e+00)	Acc@1  12.11 (  4.69)	Acc@5  28.12 ( 13.17)
Epoch: [0][3840/5005]	Time  0.453 ( 0.288)	Data  0.298 ( 0.091)	Loss 4.6013e+00 (5.7806e+00)	Acc@1  14.06 (  4.71)	Acc@5  33.59 ( 13.22)
Epoch: [0][3850/5005]	Time  0.202 ( 0.288)	Data  0.000 ( 0.091)	Loss 4.6205e+00 (5.7776e+00)	Acc@1  12.11 (  4.73)	Acc@5  32.81 ( 13.26)
Epoch: [0][3860/5005]	Time  0.458 ( 0.288)	Data  0.325 ( 0.091)	Loss 4.6836e+00 (5.7747e+00)	Acc@1  12.89 (  4.75)	Acc@5  26.17 ( 13.30)
Epoch: [0][3870/5005]	Time  0.201 ( 0.288)	Data  0.000 ( 0.091)	Loss 4.7795e+00 (5.7720e+00)	Acc@1  12.11 (  4.77)	Acc@5  30.08 ( 13.34)
Epoch: [0][3880/5005]	Time  0.372 ( 0.288)	Data  0.196 ( 0.091)	Loss 4.5720e+00 (5.7689e+00)	Acc@1  12.50 (  4.79)	Acc@5  28.52 ( 13.39)
Epoch: [0][3890/5005]	Time  0.201 ( 0.288)	Data  0.000 ( 0.091)	Loss 4.5627e+00 (5.7659e+00)	Acc@1  14.06 (  4.81)	Acc@5  28.91 ( 13.43)
Epoch: [0][3900/5005]	Time  0.442 ( 0.288)	Data  0.309 ( 0.091)	Loss 4.6276e+00 (5.7630e+00)	Acc@1  11.72 (  4.84)	Acc@5  26.56 ( 13.48)
Epoch: [0][3910/5005]	Time  0.220 ( 0.288)	Data  0.087 ( 0.091)	Loss 4.7718e+00 (5.7600e+00)	Acc@1  11.72 (  4.86)	Acc@5  24.61 ( 13.52)
Epoch: [0][3920/5005]	Time  0.426 ( 0.288)	Data  0.280 ( 0.091)	Loss 4.4504e+00 (5.7571e+00)	Acc@1  14.06 (  4.88)	Acc@5  35.16 ( 13.57)
Epoch: [0][3930/5005]	Time  0.223 ( 0.287)	Data  0.000 ( 0.091)	Loss 4.7440e+00 (5.7543e+00)	Acc@1  11.72 (  4.90)	Acc@5  29.69 ( 13.61)
Epoch: [0][3940/5005]	Time  0.573 ( 0.287)	Data  0.394 ( 0.091)	Loss 4.6144e+00 (5.7514e+00)	Acc@1  16.02 (  4.92)	Acc@5  28.52 ( 13.65)
Epoch: [0][3950/5005]	Time  0.188 ( 0.287)	Data  0.000 ( 0.091)	Loss 4.7971e+00 (5.7486e+00)	Acc@1   8.98 (  4.94)	Acc@5  24.22 ( 13.69)
Epoch: [0][3960/5005]	Time  0.481 ( 0.287)	Data  0.298 ( 0.091)	Loss 4.4186e+00 (5.7456e+00)	Acc@1  17.19 (  4.96)	Acc@5  32.81 ( 13.74)
Epoch: [0][3970/5005]	Time  0.202 ( 0.287)	Data  0.000 ( 0.091)	Loss 4.6318e+00 (5.7429e+00)	Acc@1  13.67 (  4.98)	Acc@5  33.59 ( 13.78)
Epoch: [0][3980/5005]	Time  0.425 ( 0.287)	Data  0.290 ( 0.091)	Loss 4.6272e+00 (5.7400e+00)	Acc@1  13.67 (  5.00)	Acc@5  33.98 ( 13.83)
Epoch: [0][3990/5005]	Time  0.202 ( 0.287)	Data  0.000 ( 0.091)	Loss 4.7787e+00 (5.7371e+00)	Acc@1  12.11 (  5.02)	Acc@5  28.12 ( 13.88)
Epoch: [0][4000/5005]	Time  0.363 ( 0.287)	Data  0.210 ( 0.091)	Loss 4.5499e+00 (5.7342e+00)	Acc@1  17.58 (  5.05)	Acc@5  37.11 ( 13.92)
Epoch: [0][4010/5005]	Time  0.250 ( 0.287)	Data  0.000 ( 0.091)	Loss 4.7402e+00 (5.7315e+00)	Acc@1  11.72 (  5.06)	Acc@5  28.52 ( 13.96)
Epoch: [0][4020/5005]	Time  0.459 ( 0.287)	Data  0.321 ( 0.091)	Loss 4.6540e+00 (5.7288e+00)	Acc@1   9.77 (  5.08)	Acc@5  30.47 ( 14.00)
Epoch: [0][4030/5005]	Time  0.205 ( 0.287)	Data  0.000 ( 0.091)	Loss 4.4677e+00 (5.7261e+00)	Acc@1  18.36 (  5.10)	Acc@5  33.98 ( 14.05)
Epoch: [0][4040/5005]	Time  0.548 ( 0.287)	Data  0.414 ( 0.091)	Loss 4.9615e+00 (5.7234e+00)	Acc@1  11.33 (  5.12)	Acc@5  25.39 ( 14.09)
Epoch: [0][4050/5005]	Time  0.202 ( 0.287)	Data  0.000 ( 0.091)	Loss 4.5603e+00 (5.7206e+00)	Acc@1  11.72 (  5.14)	Acc@5  32.81 ( 14.13)
Epoch: [0][4060/5005]	Time  0.500 ( 0.287)	Data  0.366 ( 0.091)	Loss 4.4926e+00 (5.7178e+00)	Acc@1  14.06 (  5.17)	Acc@5  33.98 ( 14.18)
Epoch: [0][4070/5005]	Time  0.201 ( 0.287)	Data  0.000 ( 0.091)	Loss 4.3941e+00 (5.7149e+00)	Acc@1  15.62 (  5.19)	Acc@5  33.98 ( 14.22)
Epoch: [0][4080/5005]	Time  0.567 ( 0.287)	Data  0.389 ( 0.091)	Loss 4.5270e+00 (5.7122e+00)	Acc@1  12.11 (  5.21)	Acc@5  31.25 ( 14.26)
Epoch: [0][4090/5005]	Time  0.200 ( 0.287)	Data  0.000 ( 0.091)	Loss 4.5616e+00 (5.7095e+00)	Acc@1  12.11 (  5.23)	Acc@5  31.64 ( 14.30)
Epoch: [0][4100/5005]	Time  0.511 ( 0.287)	Data  0.282 ( 0.091)	Loss 4.3917e+00 (5.7066e+00)	Acc@1  16.80 (  5.25)	Acc@5  30.86 ( 14.35)
Epoch: [0][4110/5005]	Time  0.201 ( 0.287)	Data  0.000 ( 0.091)	Loss 4.5076e+00 (5.7040e+00)	Acc@1  19.14 (  5.27)	Acc@5  34.38 ( 14.39)
Epoch: [0][4120/5005]	Time  0.375 ( 0.287)	Data  0.206 ( 0.091)	Loss 4.6893e+00 (5.7011e+00)	Acc@1   8.98 (  5.29)	Acc@5  31.64 ( 14.43)
Epoch: [0][4130/5005]	Time  0.227 ( 0.287)	Data  0.000 ( 0.091)	Loss 4.6296e+00 (5.6984e+00)	Acc@1  13.28 (  5.31)	Acc@5  32.03 ( 14.47)
Epoch: [0][4140/5005]	Time  0.333 ( 0.287)	Data  0.197 ( 0.091)	Loss 4.5095e+00 (5.6957e+00)	Acc@1  10.94 (  5.34)	Acc@5  29.69 ( 14.52)
Epoch: [0][4150/5005]	Time  0.164 ( 0.287)	Data  0.000 ( 0.091)	Loss 4.4274e+00 (5.6928e+00)	Acc@1  14.84 (  5.36)	Acc@5  32.42 ( 14.56)
Epoch: [0][4160/5005]	Time  0.563 ( 0.287)	Data  0.390 ( 0.091)	Loss 4.8078e+00 (5.6900e+00)	Acc@1  10.55 (  5.38)	Acc@5  30.47 ( 14.61)
Epoch: [0][4170/5005]	Time  0.220 ( 0.287)	Data  0.000 ( 0.091)	Loss 4.5154e+00 (5.6872e+00)	Acc@1  12.89 (  5.40)	Acc@5  29.69 ( 14.65)
Epoch: [0][4180/5005]	Time  0.672 ( 0.287)	Data  0.481 ( 0.091)	Loss 4.6893e+00 (5.6845e+00)	Acc@1  10.94 (  5.42)	Acc@5  23.83 ( 14.69)
Epoch: [0][4190/5005]	Time  0.235 ( 0.286)	Data  0.000 ( 0.091)	Loss 4.3287e+00 (5.6816e+00)	Acc@1  14.06 (  5.44)	Acc@5  33.59 ( 14.74)
Epoch: [0][4200/5005]	Time  0.395 ( 0.286)	Data  0.260 ( 0.091)	Loss 4.6535e+00 (5.6788e+00)	Acc@1  14.84 (  5.46)	Acc@5  31.25 ( 14.78)
Epoch: [0][4210/5005]	Time  0.200 ( 0.286)	Data  0.000 ( 0.090)	Loss 4.3528e+00 (5.6759e+00)	Acc@1  16.41 (  5.48)	Acc@5  35.55 ( 14.82)
Epoch: [0][4220/5005]	Time  0.547 ( 0.286)	Data  0.359 ( 0.091)	Loss 4.5154e+00 (5.6731e+00)	Acc@1  14.84 (  5.51)	Acc@5  32.03 ( 14.87)
Epoch: [0][4230/5005]	Time  0.225 ( 0.286)	Data  0.000 ( 0.090)	Loss 4.5564e+00 (5.6705e+00)	Acc@1  12.11 (  5.52)	Acc@5  31.64 ( 14.91)
Epoch: [0][4240/5005]	Time  0.432 ( 0.286)	Data  0.272 ( 0.091)	Loss 4.5379e+00 (5.6678e+00)	Acc@1  12.89 (  5.54)	Acc@5  33.98 ( 14.95)
Epoch: [0][4250/5005]	Time  0.201 ( 0.286)	Data  0.000 ( 0.090)	Loss 4.5591e+00 (5.6651e+00)	Acc@1  15.62 (  5.57)	Acc@5  31.64 ( 14.99)
Epoch: [0][4260/5005]	Time  0.440 ( 0.286)	Data  0.240 ( 0.090)	Loss 4.3882e+00 (5.6621e+00)	Acc@1  14.45 (  5.59)	Acc@5  33.59 ( 15.04)
Epoch: [0][4270/5005]	Time  0.201 ( 0.286)	Data  0.000 ( 0.090)	Loss 4.7532e+00 (5.6594e+00)	Acc@1  10.16 (  5.61)	Acc@5  27.34 ( 15.09)
Epoch: [0][4280/5005]	Time  0.501 ( 0.286)	Data  0.356 ( 0.090)	Loss 4.6264e+00 (5.6567e+00)	Acc@1  13.28 (  5.63)	Acc@5  32.81 ( 15.13)
Epoch: [0][4290/5005]	Time  0.230 ( 0.286)	Data  0.000 ( 0.090)	Loss 4.3675e+00 (5.6540e+00)	Acc@1  16.80 (  5.65)	Acc@5  35.55 ( 15.17)
Epoch: [0][4300/5005]	Time  0.464 ( 0.286)	Data  0.324 ( 0.090)	Loss 4.4586e+00 (5.6513e+00)	Acc@1  14.06 (  5.68)	Acc@5  31.25 ( 15.21)
Epoch: [0][4310/5005]	Time  0.206 ( 0.286)	Data  0.000 ( 0.090)	Loss 4.2959e+00 (5.6485e+00)	Acc@1  16.80 (  5.70)	Acc@5  34.77 ( 15.26)
Epoch: [0][4320/5005]	Time  0.438 ( 0.286)	Data  0.225 ( 0.090)	Loss 4.6083e+00 (5.6458e+00)	Acc@1  13.28 (  5.72)	Acc@5  31.25 ( 15.30)
Epoch: [0][4330/5005]	Time  0.202 ( 0.286)	Data  0.000 ( 0.090)	Loss 4.6073e+00 (5.6432e+00)	Acc@1  12.50 (  5.74)	Acc@5  29.30 ( 15.34)
Epoch: [0][4340/5005]	Time  0.424 ( 0.286)	Data  0.268 ( 0.090)	Loss 4.5632e+00 (5.6405e+00)	Acc@1  11.72 (  5.76)	Acc@5  32.03 ( 15.38)
Epoch: [0][4350/5005]	Time  0.197 ( 0.286)	Data  0.000 ( 0.090)	Loss 4.4986e+00 (5.6378e+00)	Acc@1  14.84 (  5.78)	Acc@5  32.03 ( 15.43)
Epoch: [0][4360/5005]	Time  0.626 ( 0.286)	Data  0.446 ( 0.090)	Loss 4.4328e+00 (5.6353e+00)	Acc@1  19.14 (  5.80)	Acc@5  34.38 ( 15.47)
Epoch: [0][4370/5005]	Time  0.157 ( 0.286)	Data  0.000 ( 0.090)	Loss 4.3180e+00 (5.6325e+00)	Acc@1  17.97 (  5.82)	Acc@5  37.50 ( 15.51)
Epoch: [0][4380/5005]	Time  0.344 ( 0.286)	Data  0.209 ( 0.090)	Loss 4.5271e+00 (5.6299e+00)	Acc@1  14.45 (  5.84)	Acc@5  34.77 ( 15.56)
Epoch: [0][4390/5005]	Time  0.200 ( 0.286)	Data  0.000 ( 0.090)	Loss 4.3652e+00 (5.6272e+00)	Acc@1  13.67 (  5.86)	Acc@5  34.38 ( 15.60)
Epoch: [0][4400/5005]	Time  0.628 ( 0.286)	Data  0.496 ( 0.090)	Loss 4.3936e+00 (5.6244e+00)	Acc@1  16.41 (  5.88)	Acc@5  36.33 ( 15.64)
Epoch: [0][4410/5005]	Time  0.201 ( 0.286)	Data  0.000 ( 0.090)	Loss 4.3373e+00 (5.6218e+00)	Acc@1  13.28 (  5.90)	Acc@5  33.20 ( 15.68)
Epoch: [0][4420/5005]	Time  0.510 ( 0.286)	Data  0.374 ( 0.090)	Loss 4.2507e+00 (5.6192e+00)	Acc@1  17.19 (  5.92)	Acc@5  37.50 ( 15.72)
Epoch: [0][4430/5005]	Time  0.222 ( 0.286)	Data  0.000 ( 0.090)	Loss 4.2928e+00 (5.6165e+00)	Acc@1  16.80 (  5.94)	Acc@5  38.28 ( 15.76)
Epoch: [0][4440/5005]	Time  0.356 ( 0.286)	Data  0.203 ( 0.090)	Loss 4.6117e+00 (5.6138e+00)	Acc@1  11.72 (  5.96)	Acc@5  31.64 ( 15.81)
Epoch: [0][4450/5005]	Time  0.264 ( 0.286)	Data  0.000 ( 0.090)	Loss 4.4233e+00 (5.6111e+00)	Acc@1  16.02 (  5.98)	Acc@5  34.38 ( 15.85)
Epoch: [0][4460/5005]	Time  0.618 ( 0.286)	Data  0.424 ( 0.090)	Loss 4.2739e+00 (5.6084e+00)	Acc@1  18.75 (  6.01)	Acc@5  37.50 ( 15.89)
Epoch: [0][4470/5005]	Time  0.229 ( 0.286)	Data  0.000 ( 0.090)	Loss 4.5388e+00 (5.6058e+00)	Acc@1  12.50 (  6.03)	Acc@5  33.59 ( 15.93)
Epoch: [0][4480/5005]	Time  0.479 ( 0.285)	Data  0.345 ( 0.090)	Loss 4.2250e+00 (5.6031e+00)	Acc@1  14.84 (  6.05)	Acc@5  38.67 ( 15.97)
Epoch: [0][4490/5005]	Time  0.233 ( 0.285)	Data  0.000 ( 0.090)	Loss 4.2782e+00 (5.6004e+00)	Acc@1  14.45 (  6.07)	Acc@5  35.55 ( 16.02)
Epoch: [0][4500/5005]	Time  0.475 ( 0.285)	Data  0.329 ( 0.090)	Loss 4.4407e+00 (5.5977e+00)	Acc@1  15.62 (  6.09)	Acc@5  34.38 ( 16.06)
Epoch: [0][4510/5005]	Time  0.201 ( 0.285)	Data  0.000 ( 0.090)	Loss 4.3044e+00 (5.5951e+00)	Acc@1  15.62 (  6.11)	Acc@5  39.06 ( 16.10)
Epoch: [0][4520/5005]	Time  0.398 ( 0.285)	Data  0.265 ( 0.090)	Loss 4.4155e+00 (5.5923e+00)	Acc@1  16.02 (  6.13)	Acc@5  36.72 ( 16.15)
/opt/conda/lib/python3.6/site-packages/PIL/TiffImagePlugin.py:754: UserWarning: Possibly corrupt EXIF data.  Expecting to read 2555904 bytes but only got 0. Skipping tag 0
  " Skipping tag %s" % (size, len(data), tag))
Epoch: [0][4530/5005]	Time  0.202 ( 0.285)	Data  0.000 ( 0.090)	Loss 4.3956e+00 (5.5898e+00)	Acc@1  13.67 (  6.15)	Acc@5  33.59 ( 16.19)
Epoch: [0][4540/5005]	Time  0.387 ( 0.285)	Data  0.243 ( 0.090)	Loss 4.4636e+00 (5.5871e+00)	Acc@1  14.06 (  6.17)	Acc@5  30.86 ( 16.23)
Epoch: [0][4550/5005]	Time  0.202 ( 0.285)	Data  0.000 ( 0.090)	Loss 4.3614e+00 (5.5844e+00)	Acc@1  12.50 (  6.20)	Acc@5  40.23 ( 16.28)
Epoch: [0][4560/5005]	Time  0.393 ( 0.285)	Data  0.217 ( 0.090)	Loss 4.2710e+00 (5.5816e+00)	Acc@1  17.97 (  6.22)	Acc@5  39.45 ( 16.32)
Epoch: [0][4570/5005]	Time  0.202 ( 0.285)	Data  0.000 ( 0.090)	Loss 4.2962e+00 (5.5788e+00)	Acc@1  15.62 (  6.24)	Acc@5  37.89 ( 16.37)
Epoch: [0][4580/5005]	Time  0.478 ( 0.285)	Data  0.319 ( 0.090)	Loss 4.2381e+00 (5.5762e+00)	Acc@1  17.97 (  6.26)	Acc@5  37.11 ( 16.41)
Epoch: [0][4590/5005]	Time  0.186 ( 0.285)	Data  0.000 ( 0.090)	Loss 4.4201e+00 (5.5735e+00)	Acc@1  18.36 (  6.28)	Acc@5  33.59 ( 16.45)
Epoch: [0][4600/5005]	Time  0.510 ( 0.285)	Data  0.307 ( 0.090)	Loss 4.1264e+00 (5.5708e+00)	Acc@1  20.70 (  6.30)	Acc@5  42.97 ( 16.50)
Epoch: [0][4610/5005]	Time  0.191 ( 0.285)	Data  0.000 ( 0.090)	Loss 4.4553e+00 (5.5682e+00)	Acc@1  17.19 (  6.32)	Acc@5  37.89 ( 16.54)
Epoch: [0][4620/5005]	Time  0.358 ( 0.285)	Data  0.202 ( 0.090)	Loss 4.1934e+00 (5.5656e+00)	Acc@1  15.62 (  6.34)	Acc@5  38.28 ( 16.58)
Epoch: [0][4630/5005]	Time  0.235 ( 0.285)	Data  0.000 ( 0.090)	Loss 4.3392e+00 (5.5628e+00)	Acc@1  16.41 (  6.36)	Acc@5  38.67 ( 16.62)
Epoch: [0][4640/5005]	Time  0.325 ( 0.285)	Data  0.161 ( 0.090)	Loss 4.5489e+00 (5.5603e+00)	Acc@1  15.62 (  6.38)	Acc@5  33.59 ( 16.67)
Epoch: [0][4650/5005]	Time  0.197 ( 0.285)	Data  0.000 ( 0.089)	Loss 4.4733e+00 (5.5578e+00)	Acc@1  16.02 (  6.40)	Acc@5  33.20 ( 16.71)
Epoch: [0][4660/5005]	Time  0.486 ( 0.285)	Data  0.335 ( 0.089)	Loss 4.2876e+00 (5.5552e+00)	Acc@1  18.75 (  6.42)	Acc@5  39.45 ( 16.75)
Epoch: [0][4670/5005]	Time  0.343 ( 0.285)	Data  0.212 ( 0.089)	Loss 4.2510e+00 (5.5526e+00)	Acc@1  19.92 (  6.45)	Acc@5  39.45 ( 16.79)
Epoch: [0][4680/5005]	Time  0.284 ( 0.285)	Data  0.122 ( 0.089)	Loss 4.4854e+00 (5.5500e+00)	Acc@1  19.14 (  6.47)	Acc@5  33.59 ( 16.83)
Epoch: [0][4690/5005]	Time  0.392 ( 0.285)	Data  0.255 ( 0.090)	Loss 4.1544e+00 (5.5474e+00)	Acc@1  20.31 (  6.49)	Acc@5  38.67 ( 16.88)
Epoch: [0][4700/5005]	Time  0.468 ( 0.285)	Data  0.238 ( 0.090)	Loss 4.1488e+00 (5.5446e+00)	Acc@1  16.02 (  6.51)	Acc@5  36.33 ( 16.92)
Epoch: [0][4710/5005]	Time  0.364 ( 0.285)	Data  0.227 ( 0.090)	Loss 4.3984e+00 (5.5421e+00)	Acc@1  16.41 (  6.53)	Acc@5  37.11 ( 16.96)
Epoch: [0][4720/5005]	Time  0.181 ( 0.285)	Data  0.045 ( 0.090)	Loss 4.4061e+00 (5.5396e+00)	Acc@1  13.28 (  6.55)	Acc@5  30.86 ( 17.00)
Epoch: [0][4730/5005]	Time  0.372 ( 0.285)	Data  0.237 ( 0.090)	Loss 4.3366e+00 (5.5370e+00)	Acc@1  16.80 (  6.57)	Acc@5  36.33 ( 17.04)
Epoch: [0][4740/5005]	Time  0.533 ( 0.285)	Data  0.361 ( 0.090)	Loss 4.2793e+00 (5.5345e+00)	Acc@1  13.67 (  6.59)	Acc@5  36.72 ( 17.08)
Epoch: [0][4750/5005]	Time  0.359 ( 0.285)	Data  0.225 ( 0.090)	Loss 4.4951e+00 (5.5320e+00)	Acc@1  14.84 (  6.61)	Acc@5  34.38 ( 17.12)
Epoch: [0][4760/5005]	Time  0.213 ( 0.284)	Data  0.071 ( 0.090)	Loss 4.5234e+00 (5.5296e+00)	Acc@1  15.62 (  6.63)	Acc@5  32.81 ( 17.16)
Epoch: [0][4770/5005]	Time  0.234 ( 0.284)	Data  0.053 ( 0.090)	Loss 4.4591e+00 (5.5271e+00)	Acc@1  16.41 (  6.66)	Acc@5  33.59 ( 17.20)
Epoch: [0][4780/5005]	Time  0.382 ( 0.284)	Data  0.219 ( 0.090)	Loss 4.4358e+00 (5.5245e+00)	Acc@1  16.80 (  6.68)	Acc@5  35.16 ( 17.25)
Epoch: [0][4790/5005]	Time  0.185 ( 0.284)	Data  0.009 ( 0.090)	Loss 4.2162e+00 (5.5221e+00)	Acc@1  16.80 (  6.69)	Acc@5  35.16 ( 17.29)
Epoch: [0][4800/5005]	Time  0.495 ( 0.284)	Data  0.322 ( 0.090)	Loss 4.3489e+00 (5.5197e+00)	Acc@1  14.45 (  6.71)	Acc@5  37.89 ( 17.32)
Epoch: [0][4810/5005]	Time  0.266 ( 0.284)	Data  0.000 ( 0.090)	Loss 4.1271e+00 (5.5171e+00)	Acc@1  19.14 (  6.74)	Acc@5  39.45 ( 17.37)
Epoch: [0][4820/5005]	Time  0.415 ( 0.284)	Data  0.280 ( 0.090)	Loss 4.3770e+00 (5.5146e+00)	Acc@1  14.06 (  6.76)	Acc@5  38.67 ( 17.41)
Epoch: [0][4830/5005]	Time  0.218 ( 0.284)	Data  0.000 ( 0.090)	Loss 4.2810e+00 (5.5120e+00)	Acc@1  15.23 (  6.78)	Acc@5  34.77 ( 17.45)
Epoch: [0][4840/5005]	Time  0.395 ( 0.284)	Data  0.258 ( 0.090)	Loss 4.2558e+00 (5.5096e+00)	Acc@1  16.41 (  6.80)	Acc@5  38.28 ( 17.49)
Epoch: [0][4850/5005]	Time  0.176 ( 0.284)	Data  0.000 ( 0.090)	Loss 4.3383e+00 (5.5071e+00)	Acc@1  16.02 (  6.81)	Acc@5  39.45 ( 17.53)
Epoch: [0][4860/5005]	Time  0.501 ( 0.284)	Data  0.290 ( 0.090)	Loss 4.3854e+00 (5.5045e+00)	Acc@1  12.50 (  6.84)	Acc@5  37.89 ( 17.57)
Epoch: [0][4870/5005]	Time  0.201 ( 0.284)	Data  0.000 ( 0.090)	Loss 4.2923e+00 (5.5020e+00)	Acc@1  19.14 (  6.86)	Acc@5  40.62 ( 17.62)
Epoch: [0][4880/5005]	Time  0.304 ( 0.284)	Data  0.149 ( 0.089)	Loss 4.3084e+00 (5.4995e+00)	Acc@1  17.19 (  6.88)	Acc@5  37.50 ( 17.66)
Epoch: [0][4890/5005]	Time  0.201 ( 0.284)	Data  0.000 ( 0.089)	Loss 4.2061e+00 (5.4970e+00)	Acc@1  16.02 (  6.90)	Acc@5  37.89 ( 17.70)
Epoch: [0][4900/5005]	Time  0.494 ( 0.284)	Data  0.311 ( 0.089)	Loss 4.4329e+00 (5.4945e+00)	Acc@1  12.89 (  6.92)	Acc@5  37.11 ( 17.74)
Epoch: [0][4910/5005]	Time  0.201 ( 0.284)	Data  0.000 ( 0.089)	Loss 4.4859e+00 (5.4920e+00)	Acc@1  16.80 (  6.94)	Acc@5  32.42 ( 17.78)
Epoch: [0][4920/5005]	Time  0.412 ( 0.284)	Data  0.234 ( 0.089)	Loss 4.4000e+00 (5.4896e+00)	Acc@1  16.80 (  6.96)	Acc@5  33.98 ( 17.82)
Epoch: [0][4930/5005]	Time  0.202 ( 0.284)	Data  0.000 ( 0.089)	Loss 4.3359e+00 (5.4872e+00)	Acc@1  17.19 (  6.98)	Acc@5  37.11 ( 17.86)
Epoch: [0][4940/5005]	Time  0.474 ( 0.284)	Data  0.340 ( 0.089)	Loss 4.1145e+00 (5.4846e+00)	Acc@1  21.09 (  7.00)	Acc@5  38.28 ( 17.90)
Epoch: [0][4950/5005]	Time  0.229 ( 0.284)	Data  0.000 ( 0.089)	Loss 4.0359e+00 (5.4820e+00)	Acc@1  17.58 (  7.03)	Acc@5  39.45 ( 17.94)
Epoch: [0][4960/5005]	Time  0.496 ( 0.284)	Data  0.359 ( 0.089)	Loss 4.1746e+00 (5.4795e+00)	Acc@1  19.53 (  7.05)	Acc@5  39.06 ( 17.98)
Epoch: [0][4970/5005]	Time  0.200 ( 0.284)	Data  0.000 ( 0.089)	Loss 4.4344e+00 (5.4771e+00)	Acc@1  16.80 (  7.07)	Acc@5  30.08 ( 18.02)
Epoch: [0][4980/5005]	Time  0.387 ( 0.284)	Data  0.219 ( 0.089)	Loss 4.1551e+00 (5.4745e+00)	Acc@1  19.53 (  7.09)	Acc@5  39.84 ( 18.06)
Epoch: [0][4990/5005]	Time  0.231 ( 0.284)	Data  0.000 ( 0.089)	Loss 4.0986e+00 (5.4721e+00)	Acc@1  21.48 (  7.11)	Acc@5  44.53 ( 18.10)
Epoch: [0][5000/5005]	Time  0.309 ( 0.284)	Data  0.160 ( 0.089)	Loss 4.3289e+00 (5.4697e+00)	Acc@1  16.02 (  7.13)	Acc@5  35.94 ( 18.14)
Test: [  0/196]	Time  2.600 ( 2.600)	Loss 6.3884e+00 (6.3884e+00)	Acc@1  27.73 ( 27.73)	Acc@5  55.47 ( 55.47)
Test: [ 10/196]	Time  0.077 ( 0.497)	Loss 4.7135e+00 (4.2189e+00)	Acc@1  11.33 ( 20.67)	Acc@5  29.30 ( 43.96)
Test: [ 20/196]	Time  1.038 ( 0.433)	Loss 4.0561e+00 (3.9377e+00)	Acc@1  22.66 ( 24.00)	Acc@5  42.19 ( 47.06)
Test: [ 30/196]	Time  0.137 ( 0.384)	Loss 3.7083e+00 (3.8677e+00)	Acc@1  23.44 ( 23.83)	Acc@5  41.41 ( 47.74)
Test: [ 40/196]	Time  0.866 ( 0.374)	Loss 4.1370e+00 (3.9361e+00)	Acc@1  12.50 ( 20.92)	Acc@5  36.33 ( 44.44)
Test: [ 50/196]	Time  0.078 ( 0.357)	Loss 3.6389e+00 (3.9034e+00)	Acc@1  21.09 ( 20.40)	Acc@5  42.97 ( 44.64)
Test: [ 60/196]	Time  0.248 ( 0.352)	Loss 4.3949e+00 (3.9550e+00)	Acc@1  11.33 ( 19.31)	Acc@5  33.20 ( 43.07)
Test: [ 70/196]	Time  0.078 ( 0.350)	Loss 4.2179e+00 (3.9444e+00)	Acc@1  18.36 ( 19.56)	Acc@5  42.58 ( 43.38)
Test: [ 80/196]	Time  0.321 ( 0.345)	Loss 4.8301e+00 (3.9864e+00)	Acc@1  10.16 ( 19.45)	Acc@5  25.39 ( 42.80)
Test: [ 90/196]	Time  0.076 ( 0.343)	Loss 5.4101e+00 (4.0762e+00)	Acc@1   7.81 ( 18.69)	Acc@5  19.53 ( 41.43)
Test: [100/196]	Time  0.099 ( 0.336)	Loss 5.3184e+00 (4.1282e+00)	Acc@1   7.03 ( 18.21)	Acc@5  17.58 ( 40.48)
Test: [110/196]	Time  0.076 ( 0.340)	Loss 3.7359e+00 (4.1515e+00)	Acc@1  32.81 ( 18.08)	Acc@5  48.83 ( 40.09)
Test: [120/196]	Time  0.079 ( 0.334)	Loss 4.7483e+00 (4.1799e+00)	Acc@1  16.41 ( 17.78)	Acc@5  33.59 ( 39.60)
Test: [130/196]	Time  0.087 ( 0.336)	Loss 4.4880e+00 (4.1866e+00)	Acc@1  12.89 ( 17.75)	Acc@5  36.72 ( 39.56)
Test: [140/196]	Time  0.078 ( 0.330)	Loss 4.2413e+00 (4.2136e+00)	Acc@1  13.28 ( 17.61)	Acc@5  39.06 ( 39.08)
Test: [150/196]	Time  0.089 ( 0.331)	Loss 4.5458e+00 (4.2365e+00)	Acc@1  16.80 ( 17.44)	Acc@5  28.91 ( 38.60)
Test: [160/196]	Time  0.078 ( 0.328)	Loss 4.4715e+00 (4.2606e+00)	Acc@1  10.55 ( 17.14)	Acc@5  28.52 ( 38.18)
Test: [170/196]	Time  0.076 ( 0.329)	Loss 3.4981e+00 (4.2911e+00)	Acc@1  29.69 ( 16.82)	Acc@5  57.81 ( 37.61)
Test: [180/196]	Time  0.089 ( 0.326)	Loss 3.2783e+00 (4.3015e+00)	Acc@1  30.08 ( 16.76)	Acc@5  58.59 ( 37.35)
Test: [190/196]	Time  0.075 ( 0.327)	Loss 3.2327e+00 (4.2771e+00)	Acc@1  33.20 ( 17.02)	Acc@5  64.06 ( 37.85)
 * Acc@1 17.406 Acc@5 38.240