Use GPU: 0 for training
Use GPU: 3 for training
Use GPU: 1 for training
Use GPU: 2 for training
=> creating model 'resnet50'
=> creating model 'resnet50'
=> creating model 'resnet50'
=> creating model 'resnet50'
Epoch: [0][   0/1252]	Time 19.291 (19.291)	Data 10.074 (10.074)	Loss 7.1088e+00 (7.1088e+00)	Acc@1   0.39 (  0.39)	Acc@5   0.78 (  0.78)
Epoch: [0][   0/1252]	Time 19.210 (19.210)	Data 11.287 (11.287)	Loss 7.1529e+00 (7.1529e+00)	Acc@1   0.00 (  0.00)	Acc@5   0.78 (  0.78)
Epoch: [0][   0/1252]	Time 19.380 (19.380)	Data 10.302 (10.302)	Loss 7.0692e+00 (7.0692e+00)	Acc@1   0.00 (  0.00)	Acc@5   0.00 (  0.00)
Epoch: [0][   0/1252]	Time 19.382 (19.382)	Data 10.330 (10.330)	Loss 7.1096e+00 (7.1096e+00)	Acc@1   0.39 (  0.39)	Acc@5   0.39 (  0.39)
Epoch: [0][  10/1252]	Time  0.760 ( 2.448)	Data  0.000 ( 0.918)	Loss 7.3013e+00 (7.2282e+00)	Acc@1   0.00 (  0.14)	Acc@5   0.78 (  0.50)
Epoch: [0][  10/1252]	Time  0.762 ( 2.449)	Data  0.000 ( 0.939)	Loss 7.3791e+00 (7.2787e+00)	Acc@1   0.39 (  0.18)	Acc@5   0.39 (  0.46)
Epoch: [0][  10/1252]	Time  0.761 ( 2.444)	Data  0.000 ( 1.031)	Loss 7.3310e+00 (7.2613e+00)	Acc@1   0.00 (  0.04)	Acc@5   0.39 (  0.64)
Epoch: [0][  10/1252]	Time  0.765 ( 2.449)	Data  0.000 ( 0.937)	Loss 7.4143e+00 (7.2769e+00)	Acc@1   0.00 (  0.18)	Acc@5   0.39 (  0.64)
Epoch: [0][  20/1252]	Time  0.758 ( 1.648)	Data  0.000 ( 0.491)	Loss 7.2581e+00 (7.4185e+00)	Acc@1   0.00 (  0.11)	Acc@5   0.39 (  0.60)
Epoch: [0][  20/1252]	Time  0.759 ( 1.649)	Data  0.000 ( 0.500)	Loss 7.2866e+00 (7.3702e+00)	Acc@1   0.39 (  0.20)	Acc@5   0.39 (  0.67)
Epoch: [0][  20/1252]	Time  0.759 ( 1.647)	Data  0.000 ( 0.550)	Loss 7.2988e+00 (7.3049e+00)	Acc@1   0.78 (  0.09)	Acc@5   1.17 (  0.54)
Epoch: [0][  20/1252]	Time  0.758 ( 1.649)	Data  0.000 ( 0.502)	Loss 7.3413e+00 (7.3697e+00)	Acc@1   0.39 (  0.22)	Acc@5   1.56 (  0.67)
Epoch: [0][  30/1252]	Time  0.778 ( 1.367)	Data  0.000 ( 0.347)	Loss 7.4966e+00 (7.3619e+00)	Acc@1   0.00 (  0.20)	Acc@5   0.39 (  0.66)
Epoch: [0][  30/1252]	Time  0.773 ( 1.367)	Data  0.000 ( 0.340)	Loss 6.9845e+00 (7.3578e+00)	Acc@1   0.00 (  0.11)	Acc@5   0.39 (  0.63)
Epoch: [0][  30/1252]	Time  0.769 ( 1.365)	Data  0.000 ( 0.379)	Loss 6.9466e+00 (7.2681e+00)	Acc@1   0.00 (  0.10)	Acc@5   1.95 (  0.58)
Epoch: [0][  30/1252]	Time  0.778 ( 1.367)	Data  0.000 ( 0.346)	Loss 7.1135e+00 (7.3001e+00)	Acc@1   0.00 (  0.15)	Acc@5   0.39 (  0.59)
Epoch: [0][  40/1252]	Time  0.779 ( 1.221)	Data  0.000 ( 0.262)	Loss 6.9791e+00 (7.2789e+00)	Acc@1   0.00 (  0.11)	Acc@5   0.39 (  0.64)
Epoch: [0][  40/1252]	Time  0.775 ( 1.222)	Data  0.000 ( 0.267)	Loss 7.0028e+00 (7.2861e+00)	Acc@1   0.00 (  0.20)	Acc@5   0.39 (  0.64)
Epoch: [0][  40/1252]	Time  0.779 ( 1.222)	Data  0.000 ( 0.266)	Loss 6.9950e+00 (7.2502e+00)	Acc@1   0.00 (  0.14)	Acc@5   0.78 (  0.56)
Epoch: [0][  40/1252]	Time  0.780 ( 1.220)	Data  0.000 ( 0.292)	Loss 6.9889e+00 (7.2303e+00)	Acc@1   0.00 (  0.09)	Acc@5   0.00 (  0.56)
Epoch: [0][  50/1252]	Time  0.768 ( 1.134)	Data  0.000 ( 0.218)	Loss 6.9351e+00 (7.1929e+00)	Acc@1   0.00 (  0.15)	Acc@5   0.39 (  0.56)
Epoch: [0][  50/1252]	Time  0.770 ( 1.133)	Data  0.000 ( 0.240)	Loss 6.9399e+00 (7.1823e+00)	Acc@1   0.39 (  0.11)	Acc@5   0.39 (  0.57)
Epoch: [0][  50/1252]	Time  0.766 ( 1.133)	Data  0.000 ( 0.215)	Loss 7.1275e+00 (7.2165e+00)	Acc@1   0.00 (  0.13)	Acc@5   0.78 (  0.66)
Epoch: [0][  50/1252]	Time  0.775 ( 1.134)	Data  0.000 ( 0.219)	Loss 6.9870e+00 (7.2252e+00)	Acc@1   0.39 (  0.18)	Acc@5   1.17 (  0.65)
Epoch: [0][  60/1252]	Time  0.768 ( 1.074)	Data  0.000 ( 0.186)	Loss 6.8842e+00 (7.1756e+00)	Acc@1   0.00 (  0.17)	Acc@5   0.39 (  0.66)
Epoch: [0][  60/1252]	Time  0.770 ( 1.074)	Data  0.000 ( 0.204)	Loss 6.9224e+00 (7.1409e+00)	Acc@1   0.00 (  0.10)	Acc@5   0.39 (  0.55)
Epoch: [0][  60/1252]	Time  0.770 ( 1.074)	Data  0.000 ( 0.183)	Loss 6.9380e+00 (7.1694e+00)	Acc@1   0.00 (  0.12)	Acc@5   0.39 (  0.62)
Epoch: [0][  60/1252]	Time  0.766 ( 1.075)	Data  0.000 ( 0.186)	Loss 6.9821e+00 (7.1506e+00)	Acc@1   0.00 (  0.13)	Acc@5   0.39 (  0.51)
Epoch: [0][  70/1252]	Time  0.781 ( 1.032)	Data  0.000 ( 0.163)	Loss 6.9138e+00 (7.1428e+00)	Acc@1   0.39 (  0.17)	Acc@5   0.78 (  0.65)
Epoch: [0][  70/1252]	Time  0.779 ( 1.032)	Data  0.000 ( 0.162)	Loss 6.9277e+00 (7.1206e+00)	Acc@1   0.00 (  0.13)	Acc@5   0.39 (  0.50)
Epoch: [0][  70/1252]	Time  0.776 ( 1.032)	Data  0.000 ( 0.160)	Loss 6.9315e+00 (7.1342e+00)	Acc@1   0.00 (  0.13)	Acc@5   0.39 (  0.68)
Epoch: [0][  70/1252]	Time  0.790 ( 1.032)	Data  0.000 ( 0.178)	Loss 6.9110e+00 (7.1097e+00)	Acc@1   0.39 (  0.10)	Acc@5   0.78 (  0.58)
Epoch: [0][  80/1252]	Time  0.781 ( 1.000)	Data  0.000 ( 0.143)	Loss 6.9396e+00 (7.1073e+00)	Acc@1   0.00 (  0.13)	Acc@5   0.78 (  0.72)
Epoch: [0][  80/1252]	Time  0.775 ( 1.000)	Data  0.000 ( 0.145)	Loss 6.9174e+00 (7.0943e+00)	Acc@1   0.00 (  0.12)	Acc@5   0.39 (  0.52)
Epoch: [0][  80/1252]	Time  0.764 ( 1.000)	Data  0.000 ( 0.158)	Loss 6.9292e+00 (7.0887e+00)	Acc@1   0.39 (  0.11)	Acc@5   0.78 (  0.63)
Epoch: [0][  80/1252]	Time  0.774 ( 1.000)	Data  0.000 ( 0.145)	Loss 6.8946e+00 (7.1143e+00)	Acc@1   0.00 (  0.15)	Acc@5   0.78 (  0.65)
Epoch: [0][  90/1252]	Time  0.775 ( 0.975)	Data  0.000 ( 0.130)	Loss 6.8966e+00 (7.0855e+00)	Acc@1   0.00 (  0.13)	Acc@5   1.17 (  0.75)
Epoch: [0][  90/1252]	Time  0.775 ( 0.975)	Data  0.000 ( 0.143)	Loss 6.9051e+00 (7.0687e+00)	Acc@1   0.00 (  0.12)	Acc@5   0.78 (  0.66)
Epoch: [0][  90/1252]	Time  0.771 ( 0.975)	Data  0.000 ( 0.132)	Loss 6.9421e+00 (7.0927e+00)	Acc@1   0.00 (  0.15)	Acc@5   0.00 (  0.67)
Epoch: [0][  90/1252]	Time  0.784 ( 0.975)	Data  0.000 ( 0.131)	Loss 6.8804e+00 (7.0755e+00)	Acc@1   0.00 (  0.12)	Acc@5   1.17 (  0.56)
Epoch: [0][ 100/1252]	Time  0.773 ( 0.956)	Data  0.000 ( 0.119)	Loss 6.8978e+00 (7.0674e+00)	Acc@1   0.00 (  0.14)	Acc@5   1.17 (  0.75)
Epoch: [0][ 100/1252]	Time  0.773 ( 0.955)	Data  0.001 ( 0.131)	Loss 6.8925e+00 (7.0519e+00)	Acc@1   0.39 (  0.12)	Acc@5   1.17 (  0.72)
Epoch: [0][ 100/1252]	Time  0.760 ( 0.956)	Data  0.000 ( 0.121)	Loss 6.8847e+00 (7.0583e+00)	Acc@1   0.00 (  0.14)	Acc@5   1.56 (  0.66)
Epoch: [0][ 100/1252]	Time  0.778 ( 0.956)	Data  0.000 ( 0.121)	Loss 6.9032e+00 (7.0753e+00)	Acc@1   0.00 (  0.16)	Acc@5   0.39 (  0.71)
Epoch: [0][ 110/1252]	Time  0.758 ( 0.940)	Data  0.000 ( 0.112)	Loss 6.8905e+00 (7.0594e+00)	Acc@1   0.00 (  0.16)	Acc@5   0.78 (  0.73)
Epoch: [0][ 110/1252]	Time  0.773 ( 0.940)	Data  0.000 ( 0.121)	Loss 6.8743e+00 (7.0385e+00)	Acc@1   0.00 (  0.12)	Acc@5   0.00 (  0.70)
Epoch: [0][ 110/1252]	Time  0.768 ( 0.940)	Data  0.000 ( 0.112)	Loss 6.8778e+00 (7.0433e+00)	Acc@1   0.39 (  0.14)	Acc@5   1.56 (  0.67)
Epoch: [0][ 110/1252]	Time  0.772 ( 0.940)	Data  0.000 ( 0.111)	Loss 6.8909e+00 (7.0517e+00)	Acc@1   0.00 (  0.14)	Acc@5   0.39 (  0.79)
Epoch: [0][ 120/1252]	Time  0.762 ( 0.926)	Data  0.000 ( 0.105)	Loss 6.8752e+00 (7.0464e+00)	Acc@1   0.39 (  0.17)	Acc@5   2.34 (  0.75)
Epoch: [0][ 120/1252]	Time  0.763 ( 0.926)	Data  0.000 ( 0.104)	Loss 6.8809e+00 (7.0378e+00)	Acc@1   0.00 (  0.15)	Acc@5   0.39 (  0.80)
Epoch: [0][ 120/1252]	Time  0.773 ( 0.926)	Data  0.000 ( 0.104)	Loss 6.9628e+00 (7.0315e+00)	Acc@1   0.00 (  0.14)	Acc@5   0.39 (  0.67)
Epoch: [0][ 120/1252]	Time  0.771 ( 0.926)	Data  0.000 ( 0.113)	Loss 6.8842e+00 (7.0263e+00)	Acc@1   0.39 (  0.13)	Acc@5   1.95 (  0.72)
/home/leafz/PyTorch-Learning/virenv/lib/python3.6/site-packages/PIL/TiffImagePlugin.py:804: UserWarning: Corrupt EXIF data.  Expecting to read 4 bytes but only got 0.
  warnings.warn(str(msg))
Epoch: [0][ 130/1252]	Time  0.772 ( 0.915)	Data  0.000 ( 0.098)	Loss 6.8590e+00 (7.0258e+00)	Acc@1   0.78 (  0.17)	Acc@5   1.56 (  0.84)
Epoch: [0][ 130/1252]	Time  0.765 ( 0.915)	Data  0.000 ( 0.098)	Loss 6.9043e+00 (7.0205e+00)	Acc@1   0.00 (  0.14)	Acc@5   0.00 (  0.70)
Epoch: [0][ 130/1252]	Time  0.767 ( 0.915)	Data  0.000 ( 0.106)	Loss 6.8901e+00 (7.0173e+00)	Acc@1   0.78 (  0.14)	Acc@5   1.17 (  0.74)
Epoch: [0][ 130/1252]	Time  0.772 ( 0.915)	Data  0.000 ( 0.098)	Loss 6.9113e+00 (7.0344e+00)	Acc@1   0.00 (  0.16)	Acc@5   0.00 (  0.77)
Epoch: [0][ 140/1252]	Time  0.780 ( 0.905)	Data  0.000 ( 0.100)	Loss 6.8886e+00 (7.0079e+00)	Acc@1   0.00 (  0.14)	Acc@5   0.78 (  0.76)
Epoch: [0][ 140/1252]	Time  0.778 ( 0.905)	Data  0.000 ( 0.092)	Loss 6.8658e+00 (7.0160e+00)	Acc@1   0.39 (  0.19)	Acc@5   0.78 (  0.87)
Epoch: [0][ 140/1252]	Time  0.768 ( 0.905)	Data  0.000 ( 0.092)	Loss 6.8873e+00 (7.0109e+00)	Acc@1   0.00 (  0.16)	Acc@5   0.39 (  0.73)
Epoch: [0][ 140/1252]	Time  0.774 ( 0.905)	Data  0.000 ( 0.093)	Loss 6.8785e+00 (7.0244e+00)	Acc@1   0.00 (  0.17)	Acc@5   0.00 (  0.76)
Epoch: [0][ 150/1252]	Time  0.764 ( 0.897)	Data  0.000 ( 0.088)	Loss 6.8609e+00 (7.0136e+00)	Acc@1   0.00 (  0.16)	Acc@5   1.56 (  0.78)
Epoch: [0][ 150/1252]	Time  0.747 ( 0.897)	Data  0.002 ( 0.087)	Loss 6.8326e+00 (7.0004e+00)	Acc@1   0.00 (  0.16)	Acc@5   0.39 (  0.75)
Epoch: [0][ 150/1252]	Time  0.776 ( 0.897)	Data  0.000 ( 0.095)	Loss 6.8127e+00 (6.9976e+00)	Acc@1   0.39 (  0.13)	Acc@5   1.95 (  0.80)
Epoch: [0][ 150/1252]	Time  0.772 ( 0.897)	Data  0.000 ( 0.087)	Loss 6.8679e+00 (7.0063e+00)	Acc@1   0.78 (  0.20)	Acc@5   1.95 (  0.90)
Epoch: [0][ 160/1252]	Time  0.768 ( 0.890)	Data  0.000 ( 0.083)	Loss 6.8439e+00 (6.9909e+00)	Acc@1   0.00 (  0.16)	Acc@5   1.95 (  0.78)
Epoch: [0][ 160/1252]	Time  0.765 ( 0.889)	Data  0.000 ( 0.084)	Loss 6.8171e+00 (6.9963e+00)	Acc@1   1.17 (  0.22)	Acc@5   2.34 (  0.94)
Epoch: [0][ 160/1252]	Time  0.774 ( 0.890)	Data  0.000 ( 0.084)	Loss 6.8553e+00 (7.0031e+00)	Acc@1   0.00 (  0.15)	Acc@5   0.00 (  0.79)
Epoch: [0][ 160/1252]	Time  0.782 ( 0.889)	Data  0.000 ( 0.090)	Loss 6.8751e+00 (6.9889e+00)	Acc@1   0.39 (  0.15)	Acc@5   0.39 (  0.79)
Epoch: [0][ 170/1252]	Time  0.763 ( 0.882)	Data  0.000 ( 0.080)	Loss 6.8373e+00 (6.9856e+00)	Acc@1   0.00 (  0.22)	Acc@5   1.17 (  0.98)
Epoch: [0][ 170/1252]	Time  0.764 ( 0.882)	Data  0.000 ( 0.080)	Loss 6.8442e+00 (6.9817e+00)	Acc@1   0.00 (  0.17)	Acc@5   1.17 (  0.79)
Epoch: [0][ 170/1252]	Time  0.763 ( 0.882)	Data  0.000 ( 0.080)	Loss 6.7867e+00 (6.9923e+00)	Acc@1   0.00 (  0.15)	Acc@5   0.39 (  0.82)
Epoch: [0][ 170/1252]	Time  0.773 ( 0.882)	Data  0.000 ( 0.086)	Loss 6.8374e+00 (6.9795e+00)	Acc@1   0.00 (  0.14)	Acc@5   1.17 (  0.79)
Epoch: [0][ 180/1252]	Time  0.765 ( 0.877)	Data  0.000 ( 0.077)	Loss 6.8242e+00 (6.9832e+00)	Acc@1   0.39 (  0.16)	Acc@5   1.56 (  0.86)
Epoch: [0][ 180/1252]	Time  0.762 ( 0.877)	Data  0.000 ( 0.077)	Loss 6.7604e+00 (6.9768e+00)	Acc@1   0.00 (  0.22)	Acc@5   2.73 (  0.99)
Epoch: [0][ 180/1252]	Time  0.760 ( 0.876)	Data  0.000 ( 0.082)	Loss 6.8034e+00 (6.9702e+00)	Acc@1   0.39 (  0.16)	Acc@5   1.17 (  0.84)
Epoch: [0][ 180/1252]	Time  0.771 ( 0.877)	Data  0.000 ( 0.076)	Loss 6.8143e+00 (6.9728e+00)	Acc@1   0.78 (  0.17)	Acc@5   1.56 (  0.82)
Epoch: [0][ 190/1252]	Time  0.780 ( 0.871)	Data  0.000 ( 0.074)	Loss 6.7529e+00 (6.9738e+00)	Acc@1   0.78 (  0.18)	Acc@5   3.52 (  0.91)
Epoch: [0][ 190/1252]	Time  0.794 ( 0.871)	Data  0.000 ( 0.073)	Loss 6.8202e+00 (6.9644e+00)	Acc@1   0.00 (  0.17)	Acc@5   1.17 (  0.84)
Epoch: [0][ 190/1252]	Time  0.786 ( 0.871)	Data  0.000 ( 0.074)	Loss 6.7792e+00 (6.9671e+00)	Acc@1   1.17 (  0.23)	Acc@5   1.56 (  1.00)
Epoch: [0][ 190/1252]	Time  0.849 ( 0.871)	Data  0.000 ( 0.079)	Loss 6.8091e+00 (6.9616e+00)	Acc@1   0.00 (  0.17)	Acc@5   0.39 (  0.85)
Epoch: [0][ 200/1252]	Time  0.767 ( 0.866)	Data  0.000 ( 0.072)	Loss 6.8383e+00 (6.9647e+00)	Acc@1   0.00 (  0.18)	Acc@5   1.17 (  0.95)
Epoch: [0][ 200/1252]	Time  0.771 ( 0.866)	Data  0.000 ( 0.072)	Loss 6.7317e+00 (6.9573e+00)	Acc@1   0.39 (  0.25)	Acc@5   1.56 (  1.03)
Epoch: [0][ 200/1252]	Time  0.760 ( 0.866)	Data  0.000 ( 0.076)	Loss 6.7817e+00 (6.9523e+00)	Acc@1   0.00 (  0.18)	Acc@5   1.17 (  0.89)
Epoch: [0][ 200/1252]	Time  0.767 ( 0.866)	Data  0.000 ( 0.071)	Loss 6.7374e+00 (6.9547e+00)	Acc@1   0.39 (  0.19)	Acc@5   1.56 (  0.88)
Epoch: [0][ 210/1252]	Time  0.767 ( 0.862)	Data  0.000 ( 0.069)	Loss 6.7484e+00 (6.9550e+00)	Acc@1   0.00 (  0.19)	Acc@5   1.56 (  1.00)
Epoch: [0][ 210/1252]	Time  0.764 ( 0.862)	Data  0.000 ( 0.074)	Loss 6.7186e+00 (6.9429e+00)	Acc@1   0.39 (  0.20)	Acc@5   1.17 (  0.93)
Epoch: [0][ 210/1252]	Time  0.773 ( 0.862)	Data  0.000 ( 0.069)	Loss 6.7907e+00 (6.9448e+00)	Acc@1   0.00 (  0.21)	Acc@5   0.78 (  0.93)
Epoch: [0][ 210/1252]	Time  0.763 ( 0.862)	Data  0.000 ( 0.070)	Loss 6.6936e+00 (6.9478e+00)	Acc@1   0.39 (  0.26)	Acc@5   1.56 (  1.05)
Epoch: [0][ 220/1252]	Time  0.768 ( 0.858)	Data  0.000 ( 0.067)	Loss 6.6652e+00 (6.9438e+00)	Acc@1   0.39 (  0.21)	Acc@5   2.73 (  1.05)
Epoch: [0][ 220/1252]	Time  0.767 ( 0.858)	Data  0.000 ( 0.067)	Loss 6.6890e+00 (6.9358e+00)	Acc@1   0.39 (  0.27)	Acc@5   1.95 (  1.14)
Epoch: [0][ 220/1252]	Time  0.785 ( 0.858)	Data  0.000 ( 0.066)	Loss 6.6961e+00 (6.9346e+00)	Acc@1   0.39 (  0.22)	Acc@5   3.91 (  1.00)
Epoch: [0][ 220/1252]	Time  0.771 ( 0.858)	Data  0.000 ( 0.071)	Loss 6.6863e+00 (6.9330e+00)	Acc@1   0.78 (  0.21)	Acc@5   1.56 (  0.96)
Epoch: [0][ 230/1252]	Time  0.774 ( 0.854)	Data  0.000 ( 0.069)	Loss 6.7274e+00 (6.9212e+00)	Acc@1   0.78 (  0.22)	Acc@5   1.17 (  1.03)
Epoch: [0][ 230/1252]	Time  0.770 ( 0.854)	Data  0.000 ( 0.066)	Loss 6.5929e+00 (6.9247e+00)	Acc@1   0.00 (  0.28)	Acc@5   2.34 (  1.18)
Epoch: [0][ 230/1252]	Time  0.762 ( 0.854)	Data  0.000 ( 0.064)	Loss 6.6512e+00 (6.9226e+00)	Acc@1   0.78 (  0.25)	Acc@5   2.34 (  1.05)
Epoch: [0][ 230/1252]	Time  0.763 ( 0.854)	Data  0.000 ( 0.065)	Loss 6.6568e+00 (6.9313e+00)	Acc@1   1.17 (  0.22)	Acc@5   3.52 (  1.12)
Epoch: [0][ 240/1252]	Time  0.764 ( 0.851)	Data  0.000 ( 0.063)	Loss 6.5845e+00 (6.9194e+00)	Acc@1   0.78 (  0.24)	Acc@5   1.95 (  1.18)
Epoch: [0][ 240/1252]	Time  0.765 ( 0.851)	Data  0.000 ( 0.064)	Loss 6.6206e+00 (6.9136e+00)	Acc@1   0.39 (  0.29)	Acc@5   1.17 (  1.21)
Epoch: [0][ 240/1252]	Time  0.765 ( 0.851)	Data  0.000 ( 0.067)	Loss 6.6670e+00 (6.9102e+00)	Acc@1   0.00 (  0.23)	Acc@5   3.12 (  1.08)
Epoch: [0][ 240/1252]	Time  0.767 ( 0.851)	Data  0.000 ( 0.063)	Loss 6.6374e+00 (6.9097e+00)	Acc@1   0.00 (  0.26)	Acc@5   1.95 (  1.11)
Epoch: [0][ 250/1252]	Time  0.784 ( 0.849)	Data  0.000 ( 0.061)	Loss 6.5405e+00 (6.8971e+00)	Acc@1   1.95 (  0.28)	Acc@5   4.30 (  1.19)
Epoch: [0][ 250/1252]	Time  0.766 ( 0.849)	Data  0.000 ( 0.062)	Loss 6.7165e+00 (6.9078e+00)	Acc@1   0.00 (  0.26)	Acc@5   1.56 (  1.24)
Epoch: [0][ 250/1252]	Time  0.767 ( 0.849)	Data  0.000 ( 0.062)	Loss 6.7025e+00 (6.9024e+00)	Acc@1   0.00 (  0.31)	Acc@5   1.56 (  1.27)
Epoch: [0][ 250/1252]	Time  0.760 ( 0.848)	Data  0.000 ( 0.065)	Loss 6.6031e+00 (6.8988e+00)	Acc@1   0.78 (  0.24)	Acc@5   1.95 (  1.14)
Epoch: [0][ 260/1252]	Time  0.788 ( 0.846)	Data  0.000 ( 0.060)	Loss 6.5794e+00 (6.8959e+00)	Acc@1   1.17 (  0.28)	Acc@5   2.73 (  1.29)
Epoch: [0][ 260/1252]	Time  0.780 ( 0.846)	Data  0.000 ( 0.059)	Loss 6.6658e+00 (6.8851e+00)	Acc@1   0.39 (  0.31)	Acc@5   3.52 (  1.26)
Epoch: [0][ 260/1252]	Time  0.791 ( 0.846)	Data  0.000 ( 0.064)	Loss 6.4855e+00 (6.8865e+00)	Acc@1   1.56 (  0.26)	Acc@5   4.69 (  1.23)
Epoch: [0][ 260/1252]	Time  0.808 ( 0.846)	Data  0.000 ( 0.061)	Loss 6.5468e+00 (6.8903e+00)	Acc@1   0.00 (  0.32)	Acc@5   3.52 (  1.32)
Epoch: [0][ 270/1252]	Time  0.778 ( 0.843)	Data  0.000 ( 0.059)	Loss 6.5398e+00 (6.8831e+00)	Acc@1   0.78 (  0.30)	Acc@5   2.34 (  1.34)
Epoch: [0][ 270/1252]	Time  0.774 ( 0.843)	Data  0.000 ( 0.062)	Loss 6.5298e+00 (6.8746e+00)	Acc@1   1.95 (  0.28)	Acc@5   5.08 (  1.28)
Epoch: [0][ 270/1252]	Time  0.787 ( 0.843)	Data  0.000 ( 0.059)	Loss 6.5486e+00 (6.8767e+00)	Acc@1   0.39 (  0.33)	Acc@5   2.34 (  1.38)
Epoch: [0][ 270/1252]	Time  0.774 ( 0.843)	Data  0.000 ( 0.058)	Loss 6.6192e+00 (6.8729e+00)	Acc@1   1.95 (  0.33)	Acc@5   3.12 (  1.32)
Epoch: [0][ 280/1252]	Time  0.773 ( 0.841)	Data  0.000 ( 0.057)	Loss 6.4394e+00 (6.8698e+00)	Acc@1   0.78 (  0.31)	Acc@5   4.30 (  1.43)
Epoch: [0][ 280/1252]	Time  0.773 ( 0.841)	Data  0.000 ( 0.058)	Loss 6.4996e+00 (6.8649e+00)	Acc@1   0.78 (  0.34)	Acc@5   1.95 (  1.42)
Epoch: [0][ 280/1252]	Time  0.779 ( 0.841)	Data  0.000 ( 0.061)	Loss 6.4735e+00 (6.8615e+00)	Acc@1   0.39 (  0.29)	Acc@5   3.52 (  1.37)
Epoch: [0][ 280/1252]	Time  0.771 ( 0.841)	Data  0.000 ( 0.057)	Loss 6.5428e+00 (6.8613e+00)	Acc@1   1.17 (  0.35)	Acc@5   2.73 (  1.38)
Epoch: [0][ 290/1252]	Time  0.780 ( 0.838)	Data  0.000 ( 0.057)	Loss 6.4841e+00 (6.8530e+00)	Acc@1   1.56 (  0.35)	Acc@5   3.91 (  1.48)
Epoch: [0][ 290/1252]	Time  0.763 ( 0.838)	Data  0.000 ( 0.059)	Loss 6.4699e+00 (6.8493e+00)	Acc@1   0.39 (  0.31)	Acc@5   3.91 (  1.43)
Epoch: [0][ 290/1252]	Time  0.762 ( 0.838)	Data  0.000 ( 0.055)	Loss 6.4785e+00 (6.8486e+00)	Acc@1   0.78 (  0.36)	Acc@5   5.86 (  1.45)
Epoch: [0][ 290/1252]	Time  0.761 ( 0.838)	Data  0.000 ( 0.056)	Loss 6.5010e+00 (6.8568e+00)	Acc@1   0.00 (  0.33)	Acc@5   1.95 (  1.51)
Epoch: [0][ 300/1252]	Time  0.761 ( 0.836)	Data  0.000 ( 0.055)	Loss 6.4610e+00 (6.8442e+00)	Acc@1   1.17 (  0.35)	Acc@5   4.30 (  1.57)
Epoch: [0][ 300/1252]	Time  0.763 ( 0.836)	Data  0.001 ( 0.058)	Loss 6.5502e+00 (6.8370e+00)	Acc@1   0.39 (  0.33)	Acc@5   1.95 (  1.50)
Epoch: [0][ 300/1252]	Time  0.751 ( 0.836)	Data  0.003 ( 0.055)	Loss 6.3804e+00 (6.8404e+00)	Acc@1   1.95 (  0.37)	Acc@5   5.08 (  1.56)
Epoch: [0][ 300/1252]	Time  0.763 ( 0.836)	Data  0.000 ( 0.054)	Loss 6.2949e+00 (6.8347e+00)	Acc@1   1.56 (  0.39)	Acc@5   6.25 (  1.53)
Epoch: [0][ 310/1252]	Time  0.780 ( 0.834)	Data  0.000 ( 0.054)	Loss 6.4510e+00 (6.8277e+00)	Acc@1   1.56 (  0.39)	Acc@5   2.73 (  1.64)
Epoch: [0][ 310/1252]	Time  0.782 ( 0.835)	Data  0.000 ( 0.054)	Loss 6.4961e+00 (6.8321e+00)	Acc@1   2.34 (  0.37)	Acc@5   5.47 (  1.63)
Epoch: [0][ 310/1252]	Time  0.789 ( 0.834)	Data  0.000 ( 0.057)	Loss 6.4466e+00 (6.8247e+00)	Acc@1   0.78 (  0.35)	Acc@5   3.52 (  1.57)
Epoch: [0][ 310/1252]	Time  0.773 ( 0.834)	Data  0.000 ( 0.053)	Loss 6.4479e+00 (6.8222e+00)	Acc@1   0.39 (  0.40)	Acc@5   1.95 (  1.60)
Epoch: [0][ 320/1252]	Time  0.788 ( 0.833)	Data  0.000 ( 0.053)	Loss 6.4145e+00 (6.8154e+00)	Acc@1   1.56 (  0.41)	Acc@5   5.47 (  1.71)
Epoch: [0][ 320/1252]	Time  0.799 ( 0.833)	Data  0.000 ( 0.056)	Loss 6.3327e+00 (6.8107e+00)	Acc@1   0.00 (  0.38)	Acc@5   4.30 (  1.67)
Epoch: [0][ 320/1252]	Time  0.784 ( 0.833)	Data  0.000 ( 0.053)	Loss 6.3334e+00 (6.8188e+00)	Acc@1   0.39 (  0.40)	Acc@5   3.91 (  1.73)
Epoch: [0][ 320/1252]	Time  0.778 ( 0.833)	Data  0.000 ( 0.052)	Loss 6.4530e+00 (6.8095e+00)	Acc@1   0.78 (  0.43)	Acc@5   1.56 (  1.68)
Epoch: [0][ 330/1252]	Time  0.794 ( 0.831)	Data  0.000 ( 0.052)	Loss 6.4232e+00 (6.8057e+00)	Acc@1   0.78 (  0.42)	Acc@5   3.91 (  1.80)
Epoch: [0][ 330/1252]	Time  0.786 ( 0.831)	Data  0.000 ( 0.052)	Loss 6.4416e+00 (6.8014e+00)	Acc@1   1.17 (  0.44)	Acc@5   2.73 (  1.79)
Epoch: [0][ 330/1252]	Time  0.779 ( 0.831)	Data  0.000 ( 0.055)	Loss 6.3258e+00 (6.7979e+00)	Acc@1   0.78 (  0.42)	Acc@5   4.30 (  1.76)
Epoch: [0][ 330/1252]	Time  0.825 ( 0.831)	Data  0.000 ( 0.051)	Loss 6.3853e+00 (6.7965e+00)	Acc@1   0.78 (  0.45)	Acc@5   5.47 (  1.76)
Epoch: [0][ 340/1252]	Time  0.779 ( 0.829)	Data  0.000 ( 0.052)	Loss 6.2118e+00 (6.7871e+00)	Acc@1   1.56 (  0.47)	Acc@5   5.08 (  1.88)
Epoch: [0][ 340/1252]	Time  0.782 ( 0.829)	Data  0.000 ( 0.054)	Loss 6.3218e+00 (6.7846e+00)	Acc@1   1.17 (  0.44)	Acc@5   3.91 (  1.84)
Epoch: [0][ 340/1252]	Time  0.777 ( 0.829)	Data  0.000 ( 0.051)	Loss 6.3011e+00 (6.7927e+00)	Acc@1   0.39 (  0.45)	Acc@5   3.91 (  1.87)
Epoch: [0][ 340/1252]	Time  0.766 ( 0.829)	Data  0.000 ( 0.050)	Loss 6.4208e+00 (6.7832e+00)	Acc@1   0.00 (  0.47)	Acc@5   3.91 (  1.85)
Epoch: [0][ 350/1252]	Time  0.764 ( 0.827)	Data  0.000 ( 0.050)	Loss 6.4246e+00 (6.7800e+00)	Acc@1   1.95 (  0.47)	Acc@5   5.08 (  1.96)
Epoch: [0][ 350/1252]	Time  0.765 ( 0.827)	Data  0.000 ( 0.053)	Loss 6.2575e+00 (6.7709e+00)	Acc@1   1.17 (  0.47)	Acc@5   4.69 (  1.93)
Epoch: [0][ 350/1252]	Time  0.764 ( 0.827)	Data  0.000 ( 0.051)	Loss 6.2440e+00 (6.7741e+00)	Acc@1   1.17 (  0.49)	Acc@5   7.03 (  1.98)
Epoch: [0][ 350/1252]	Time  0.764 ( 0.827)	Data  0.000 ( 0.049)	Loss 6.1954e+00 (6.7691e+00)	Acc@1   1.95 (  0.50)	Acc@5   7.03 (  1.96)
Epoch: [0][ 360/1252]	Time  0.786 ( 0.826)	Data  0.000 ( 0.050)	Loss 6.3519e+00 (6.7618e+00)	Acc@1   1.56 (  0.50)	Acc@5   4.69 (  2.05)
Epoch: [0][ 360/1252]	Time  0.796 ( 0.826)	Data  0.000 ( 0.049)	Loss 6.3430e+00 (6.7677e+00)	Acc@1   0.78 (  0.49)	Acc@5   3.12 (  2.05)
Epoch: [0][ 360/1252]	Time  0.791 ( 0.826)	Data  0.000 ( 0.049)	Loss 6.3065e+00 (6.7573e+00)	Acc@1   0.78 (  0.52)	Acc@5   4.30 (  2.06)
Epoch: [0][ 360/1252]	Time  0.777 ( 0.826)	Data  0.000 ( 0.052)	Loss 6.2763e+00 (6.7584e+00)	Acc@1   3.12 (  0.50)	Acc@5   7.03 (  2.03)
Epoch: [0][ 370/1252]	Time  0.766 ( 0.825)	Data  0.000 ( 0.048)	Loss 6.2277e+00 (6.7554e+00)	Acc@1   0.78 (  0.51)	Acc@5   5.47 (  2.13)
Epoch: [0][ 370/1252]	Time  0.773 ( 0.825)	Data  0.000 ( 0.051)	Loss 6.2559e+00 (6.7459e+00)	Acc@1   0.39 (  0.51)	Acc@5   3.12 (  2.11)
Epoch: [0][ 370/1252]	Time  0.776 ( 0.825)	Data  0.000 ( 0.048)	Loss 6.1643e+00 (6.7441e+00)	Acc@1   1.17 (  0.54)	Acc@5   5.86 (  2.15)
Epoch: [0][ 370/1252]	Time  0.788 ( 0.825)	Data  0.000 ( 0.049)	Loss 6.2403e+00 (6.7477e+00)	Acc@1   2.34 (  0.54)	Acc@5   5.47 (  2.15)
Epoch: [0][ 380/1252]	Time  0.773 ( 0.823)	Data  0.000 ( 0.050)	Loss 6.1354e+00 (6.7325e+00)	Acc@1   0.78 (  0.54)	Acc@5   6.64 (  2.21)
Epoch: [0][ 380/1252]	Time  0.788 ( 0.824)	Data  0.000 ( 0.048)	Loss 6.2557e+00 (6.7344e+00)	Acc@1   1.95 (  0.55)	Acc@5   5.86 (  2.24)
Epoch: [0][ 380/1252]	Time  0.777 ( 0.824)	Data  0.000 ( 0.048)	Loss 6.1768e+00 (6.7429e+00)	Acc@1   2.34 (  0.53)	Acc@5   6.25 (  2.21)
Epoch: [0][ 380/1252]	Time  0.773 ( 0.824)	Data  0.000 ( 0.047)	Loss 6.2186e+00 (6.7302e+00)	Acc@1   1.17 (  0.56)	Acc@5   6.25 (  2.24)
Epoch: [0][ 390/1252]	Time  0.781 ( 0.822)	Data  0.000 ( 0.048)	Loss 6.1699e+00 (6.7206e+00)	Acc@1   0.39 (  0.58)	Acc@5   7.03 (  2.32)
Epoch: [0][ 390/1252]	Time  0.766 ( 0.822)	Data  0.000 ( 0.050)	Loss 6.2438e+00 (6.7190e+00)	Acc@1   1.17 (  0.55)	Acc@5   4.69 (  2.29)
Epoch: [0][ 390/1252]	Time  0.773 ( 0.822)	Data  0.000 ( 0.047)	Loss 6.2010e+00 (6.7293e+00)	Acc@1   1.17 (  0.56)	Acc@5   5.08 (  2.29)
Epoch: [0][ 390/1252]	Time  0.778 ( 0.822)	Data  0.000 ( 0.047)	Loss 6.3087e+00 (6.7179e+00)	Acc@1   1.56 (  0.58)	Acc@5   5.86 (  2.31)
Epoch: [0][ 400/1252]	Time  0.788 ( 0.821)	Data  0.000 ( 0.046)	Loss 6.2292e+00 (6.7153e+00)	Acc@1   1.56 (  0.58)	Acc@5   5.08 (  2.39)
Epoch: [0][ 400/1252]	Time  0.786 ( 0.821)	Data  0.000 ( 0.046)	Loss 6.1292e+00 (6.7044e+00)	Acc@1   3.12 (  0.61)	Acc@5   7.03 (  2.42)
Epoch: [0][ 400/1252]	Time  0.771 ( 0.821)	Data  0.000 ( 0.047)	Loss 6.1960e+00 (6.7073e+00)	Acc@1   1.56 (  0.62)	Acc@5   6.25 (  2.42)
Epoch: [0][ 400/1252]	Time  0.777 ( 0.821)	Data  0.000 ( 0.049)	Loss 6.2688e+00 (6.7051e+00)	Acc@1   1.56 (  0.58)	Acc@5   5.86 (  2.39)
Epoch: [0][ 410/1252]	Time  0.765 ( 0.820)	Data  0.000 ( 0.046)	Loss 6.1692e+00 (6.7017e+00)	Acc@1   1.17 (  0.61)	Acc@5   6.64 (  2.48)
Epoch: [0][ 410/1252]	Time  0.765 ( 0.820)	Data  0.000 ( 0.048)	Loss 6.1238e+00 (6.6913e+00)	Acc@1   3.12 (  0.61)	Acc@5   6.25 (  2.49)
Epoch: [0][ 410/1252]	Time  0.764 ( 0.820)	Data  0.000 ( 0.045)	Loss 6.0742e+00 (6.6913e+00)	Acc@1   2.34 (  0.64)	Acc@5   9.38 (  2.51)
Epoch: [0][ 410/1252]	Time  0.768 ( 0.820)	Data  0.000 ( 0.047)	Loss 6.0366e+00 (6.6938e+00)	Acc@1   1.56 (  0.65)	Acc@5   9.77 (  2.53)
Epoch: [0][ 420/1252]	Time  0.783 ( 0.819)	Data  0.000 ( 0.045)	Loss 6.1770e+00 (6.6887e+00)	Acc@1   1.17 (  0.63)	Acc@5   7.03 (  2.57)
Epoch: [0][ 420/1252]	Time  0.775 ( 0.819)	Data  0.000 ( 0.046)	Loss 6.1531e+00 (6.6808e+00)	Acc@1   2.34 (  0.67)	Acc@5   7.81 (  2.63)
Epoch: [0][ 420/1252]	Time  0.784 ( 0.819)	Data  0.000 ( 0.045)	Loss 6.1128e+00 (6.6764e+00)	Acc@1   1.56 (  0.68)	Acc@5   7.42 (  2.63)
Epoch: [0][ 420/1252]	Time  0.799 ( 0.819)	Data  0.000 ( 0.048)	Loss 6.0168e+00 (6.6777e+00)	Acc@1   2.73 (  0.65)	Acc@5   7.42 (  2.61)
Epoch: [0][ 430/1252]	Time  0.761 ( 0.818)	Data  0.000 ( 0.045)	Loss 5.9594e+00 (6.6672e+00)	Acc@1   3.52 (  0.72)	Acc@5   9.77 (  2.74)
Epoch: [0][ 430/1252]	Time  0.760 ( 0.818)	Data  0.000 ( 0.044)	Loss 6.0775e+00 (6.6635e+00)	Acc@1   1.56 (  0.71)	Acc@5   6.25 (  2.72)
Epoch: [0][ 430/1252]	Time  0.762 ( 0.818)	Data  0.000 ( 0.045)	Loss 6.0247e+00 (6.6747e+00)	Acc@1   0.78 (  0.66)	Acc@5   6.64 (  2.67)
Epoch: [0][ 430/1252]	Time  0.759 ( 0.818)	Data  0.000 ( 0.047)	Loss 6.0768e+00 (6.6643e+00)	Acc@1   1.95 (  0.68)	Acc@5   6.25 (  2.69)
Epoch: [0][ 440/1252]	Time  0.781 ( 0.817)	Data  0.000 ( 0.045)	Loss 5.9686e+00 (6.6540e+00)	Acc@1   3.12 (  0.74)	Acc@5   9.38 (  2.84)
Epoch: [0][ 440/1252]	Time  0.778 ( 0.817)	Data  0.000 ( 0.047)	Loss 6.0512e+00 (6.6510e+00)	Acc@1   1.17 (  0.71)	Acc@5   8.59 (  2.80)
Epoch: [0][ 440/1252]	Time  0.777 ( 0.817)	Data  0.000 ( 0.044)	Loss 6.0043e+00 (6.6494e+00)	Acc@1   2.34 (  0.74)	Acc@5   7.42 (  2.83)
Epoch: [0][ 440/1252]	Time  0.777 ( 0.817)	Data  0.000 ( 0.044)	Loss 6.0088e+00 (6.6605e+00)	Acc@1   2.34 (  0.70)	Acc@5  10.55 (  2.80)
Epoch: [0][ 450/1252]	Time  0.776 ( 0.816)	Data  0.000 ( 0.044)	Loss 6.0688e+00 (6.6410e+00)	Acc@1   1.56 (  0.78)	Acc@5   6.64 (  2.96)
Epoch: [0][ 450/1252]	Time  0.780 ( 0.816)	Data  0.000 ( 0.044)	Loss 6.1024e+00 (6.6467e+00)	Acc@1   3.52 (  0.74)	Acc@5   6.64 (  2.90)
Epoch: [0][ 450/1252]	Time  0.772 ( 0.816)	Data  0.000 ( 0.043)	Loss 6.1373e+00 (6.6373e+00)	Acc@1   1.17 (  0.76)	Acc@5   5.86 (  2.91)
Epoch: [0][ 450/1252]	Time  0.778 ( 0.816)	Data  0.000 ( 0.046)	Loss 6.0148e+00 (6.6385e+00)	Acc@1   2.73 (  0.74)	Acc@5   8.98 (  2.89)
Epoch: [0][ 460/1252]	Time  0.766 ( 0.815)	Data  0.000 ( 0.043)	Loss 6.0668e+00 (6.6338e+00)	Acc@1   2.73 (  0.77)	Acc@5   7.03 (  3.01)
Epoch: [0][ 460/1252]	Time  0.773 ( 0.815)	Data  0.000 ( 0.044)	Loss 5.9021e+00 (6.6269e+00)	Acc@1   2.73 (  0.81)	Acc@5  10.16 (  3.07)
Epoch: [0][ 460/1252]	Time  0.774 ( 0.815)	Data  0.000 ( 0.045)	Loss 5.9581e+00 (6.6249e+00)	Acc@1   1.17 (  0.76)	Acc@5   5.47 (  2.98)
Epoch: [0][ 460/1252]	Time  0.764 ( 0.815)	Data  0.000 ( 0.043)	Loss 6.0980e+00 (6.6230e+00)	Acc@1   2.34 (  0.79)	Acc@5   8.20 (  3.02)
Epoch: [0][ 470/1252]	Time  0.769 ( 0.814)	Data  0.000 ( 0.043)	Loss 5.9708e+00 (6.6193e+00)	Acc@1   2.34 (  0.81)	Acc@5   7.42 (  3.14)
Epoch: [0][ 470/1252]	Time  0.775 ( 0.814)	Data  0.000 ( 0.044)	Loss 5.9170e+00 (6.6133e+00)	Acc@1   2.34 (  0.84)	Acc@5   7.42 (  3.17)
Epoch: [0][ 470/1252]	Time  0.774 ( 0.814)	Data  0.000 ( 0.045)	Loss 6.0212e+00 (6.6110e+00)	Acc@1   2.34 (  0.79)	Acc@5   7.42 (  3.10)
Epoch: [0][ 470/1252]	Time  0.770 ( 0.814)	Data  0.000 ( 0.042)	Loss 5.9434e+00 (6.6094e+00)	Acc@1   2.34 (  0.83)	Acc@5   7.03 (  3.15)
Epoch: [0][ 480/1252]	Time  0.769 ( 0.814)	Data  0.000 ( 0.042)	Loss 6.0105e+00 (6.5962e+00)	Acc@1   3.12 (  0.86)	Acc@5   6.64 (  3.25)
Epoch: [0][ 480/1252]	Time  0.770 ( 0.814)	Data  0.000 ( 0.043)	Loss 6.0814e+00 (6.6001e+00)	Acc@1   2.73 (  0.87)	Acc@5   7.42 (  3.28)
Epoch: [0][ 480/1252]	Time  0.773 ( 0.814)	Data  0.000 ( 0.044)	Loss 5.9781e+00 (6.5977e+00)	Acc@1   3.12 (  0.82)	Acc@5   8.98 (  3.22)
Epoch: [0][ 480/1252]	Time  0.765 ( 0.814)	Data  0.000 ( 0.042)	Loss 5.9964e+00 (6.6069e+00)	Acc@1   1.56 (  0.84)	Acc@5   8.59 (  3.24)
Epoch: [0][ 490/1252]	Time  0.766 ( 0.813)	Data  0.000 ( 0.043)	Loss 6.1016e+00 (6.5876e+00)	Acc@1   0.39 (  0.91)	Acc@5   7.81 (  3.37)
Epoch: [0][ 490/1252]	Time  0.772 ( 0.813)	Data  0.000 ( 0.041)	Loss 5.9545e+00 (6.5830e+00)	Acc@1   2.34 (  0.89)	Acc@5   8.59 (  3.36)
Epoch: [0][ 490/1252]	Time  0.773 ( 0.813)	Data  0.000 ( 0.044)	Loss 5.8225e+00 (6.5842e+00)	Acc@1   1.95 (  0.86)	Acc@5   8.98 (  3.32)
Epoch: [0][ 490/1252]	Time  0.780 ( 0.813)	Data  0.000 ( 0.042)	Loss 5.7427e+00 (6.5934e+00)	Acc@1   2.34 (  0.88)	Acc@5   8.98 (  3.36)
Epoch: [0][ 500/1252]	Time  0.768 ( 0.812)	Data  0.000 ( 0.041)	Loss 6.1082e+00 (6.5708e+00)	Acc@1   2.73 (  0.92)	Acc@5   7.03 (  3.48)
Epoch: [0][ 500/1252]	Time  0.774 ( 0.812)	Data  0.000 ( 0.042)	Loss 5.7322e+00 (6.5743e+00)	Acc@1   1.56 (  0.95)	Acc@5  12.50 (  3.50)
Epoch: [0][ 500/1252]	Time  0.781 ( 0.812)	Data  0.000 ( 0.043)	Loss 6.0887e+00 (6.5718e+00)	Acc@1   3.12 (  0.88)	Acc@5   8.20 (  3.42)
Epoch: [0][ 500/1252]	Time  0.786 ( 0.812)	Data  0.000 ( 0.041)	Loss 6.0658e+00 (6.5806e+00)	Acc@1   1.95 (  0.92)	Acc@5   8.98 (  3.48)
Epoch: [0][ 510/1252]	Time  0.775 ( 0.812)	Data  0.000 ( 0.041)	Loss 5.8762e+00 (6.5680e+00)	Acc@1   5.08 (  0.96)	Acc@5  11.33 (  3.59)
Epoch: [0][ 510/1252]	Time  0.762 ( 0.811)	Data  0.000 ( 0.042)	Loss 5.8537e+00 (6.5612e+00)	Acc@1   2.34 (  0.97)	Acc@5   9.77 (  3.61)
Epoch: [0][ 510/1252]	Time  0.787 ( 0.812)	Data  0.000 ( 0.041)	Loss 6.0479e+00 (6.5586e+00)	Acc@1   3.52 (  0.95)	Acc@5   7.81 (  3.58)
Epoch: [0][ 510/1252]	Time  0.782 ( 0.811)	Data  0.000 ( 0.043)	Loss 5.8002e+00 (6.5589e+00)	Acc@1   1.95 (  0.92)	Acc@5   8.20 (  3.53)
Epoch: [0][ 520/1252]	Time  0.771 ( 0.811)	Data  0.000 ( 0.041)	Loss 5.9786e+00 (6.5484e+00)	Acc@1   3.91 (  1.01)	Acc@5   8.20 (  3.71)
Epoch: [0][ 520/1252]	Time  0.779 ( 0.811)	Data  0.000 ( 0.043)	Loss 6.1193e+00 (6.5469e+00)	Acc@1   2.73 (  0.96)	Acc@5   6.25 (  3.65)
Epoch: [0][ 520/1252]	Time  0.770 ( 0.811)	Data  0.000 ( 0.041)	Loss 5.8071e+00 (6.5545e+00)	Acc@1   3.12 (  0.99)	Acc@5   8.98 (  3.71)
Epoch: [0][ 520/1252]	Time  0.770 ( 0.811)	Data  0.000 ( 0.040)	Loss 5.9799e+00 (6.5453e+00)	Acc@1   2.73 (  0.99)	Acc@5   7.03 (  3.70)
Epoch: [0][ 530/1252]	Time  0.771 ( 0.810)	Data  0.000 ( 0.041)	Loss 5.9410e+00 (6.5360e+00)	Acc@1   2.73 (  1.03)	Acc@5  12.50 (  3.82)
Epoch: [0][ 530/1252]	Time  0.770 ( 0.810)	Data  0.000 ( 0.040)	Loss 5.8214e+00 (6.5420e+00)	Acc@1   2.34 (  1.03)	Acc@5  12.89 (  3.82)
Epoch: [0][ 530/1252]	Time  0.768 ( 0.810)	Data  0.000 ( 0.042)	Loss 5.8797e+00 (6.5350e+00)	Acc@1   3.91 (  0.99)	Acc@5  12.50 (  3.76)
Epoch: [0][ 530/1252]	Time  0.768 ( 0.810)	Data  0.000 ( 0.040)	Loss 5.8909e+00 (6.5327e+00)	Acc@1   2.73 (  1.01)	Acc@5   8.98 (  3.79)
Epoch: [0][ 540/1252]	Time  0.767 ( 0.810)	Data  0.000 ( 0.041)	Loss 5.6656e+00 (6.5234e+00)	Acc@1   4.30 (  1.07)	Acc@5  13.67 (  3.95)
Epoch: [0][ 540/1252]	Time  0.768 ( 0.810)	Data  0.000 ( 0.040)	Loss 5.9047e+00 (6.5296e+00)	Acc@1   2.73 (  1.07)	Acc@5   8.20 (  3.91)
Epoch: [0][ 540/1252]	Time  0.764 ( 0.809)	Data  0.000 ( 0.042)	Loss 5.8919e+00 (6.5230e+00)	Acc@1   3.12 (  1.03)	Acc@5  11.33 (  3.89)
Epoch: [0][ 540/1252]	Time  0.774 ( 0.810)	Data  0.000 ( 0.040)	Loss 5.7972e+00 (6.5207e+00)	Acc@1   3.12 (  1.05)	Acc@5  10.94 (  3.89)
Epoch: [0][ 550/1252]	Time  0.767 ( 0.809)	Data  0.000 ( 0.040)	Loss 5.8980e+00 (6.5167e+00)	Acc@1   3.12 (  1.11)	Acc@5  13.67 (  4.05)
Epoch: [0][ 550/1252]	Time  0.765 ( 0.809)	Data  0.000 ( 0.041)	Loss 5.7060e+00 (6.5097e+00)	Acc@1   3.91 (  1.07)	Acc@5  11.72 (  4.02)
Epoch: [0][ 550/1252]	Time  0.767 ( 0.809)	Data  0.000 ( 0.039)	Loss 5.8139e+00 (6.5078e+00)	Acc@1   5.47 (  1.09)	Acc@5  10.16 (  4.01)
Epoch: [0][ 550/1252]	Time  0.777 ( 0.809)	Data  0.000 ( 0.040)	Loss 5.9072e+00 (6.5103e+00)	Acc@1   2.73 (  1.11)	Acc@5  12.11 (  4.07)
Epoch: [0][ 560/1252]	Time  0.782 ( 0.808)	Data  0.000 ( 0.039)	Loss 5.6762e+00 (6.4958e+00)	Acc@1   3.12 (  1.13)	Acc@5  11.72 (  4.13)
Epoch: [0][ 560/1252]	Time  0.802 ( 0.808)	Data  0.000 ( 0.039)	Loss 5.8616e+00 (6.5041e+00)	Acc@1   2.73 (  1.15)	Acc@5   7.42 (  4.18)
Epoch: [0][ 560/1252]	Time  0.790 ( 0.808)	Data  0.000 ( 0.040)	Loss 5.9025e+00 (6.4988e+00)	Acc@1   3.12 (  1.15)	Acc@5  10.16 (  4.17)
Epoch: [0][ 560/1252]	Time  0.785 ( 0.808)	Data  0.000 ( 0.041)	Loss 5.7015e+00 (6.4975e+00)	Acc@1   3.12 (  1.11)	Acc@5   9.38 (  4.14)
Epoch: [0][ 570/1252]	Time  0.787 ( 0.808)	Data  0.000 ( 0.039)	Loss 5.7389e+00 (6.4907e+00)	Acc@1   3.52 (  1.20)	Acc@5  11.72 (  4.31)
Epoch: [0][ 570/1252]	Time  0.779 ( 0.808)	Data  0.000 ( 0.040)	Loss 5.7964e+00 (6.4858e+00)	Acc@1   3.52 (  1.19)	Acc@5  13.28 (  4.32)
Epoch: [0][ 570/1252]	Time  0.786 ( 0.808)	Data  0.000 ( 0.041)	Loss 5.7977e+00 (6.4844e+00)	Acc@1   3.91 (  1.15)	Acc@5  11.72 (  4.27)
Epoch: [0][ 570/1252]	Time  0.787 ( 0.808)	Data  0.000 ( 0.039)	Loss 5.6825e+00 (6.4826e+00)	Acc@1   3.12 (  1.18)	Acc@5  11.33 (  4.29)
Epoch: [0][ 580/1252]	Time  0.791 ( 0.807)	Data  0.000 ( 0.039)	Loss 5.7571e+00 (6.4735e+00)	Acc@1   4.69 (  1.24)	Acc@5  11.33 (  4.44)
Epoch: [0][ 580/1252]	Time  0.784 ( 0.807)	Data  0.000 ( 0.040)	Loss 5.7799e+00 (6.4714e+00)	Acc@1   3.91 (  1.20)	Acc@5  10.16 (  4.40)
Epoch: [0][ 580/1252]	Time  0.779 ( 0.807)	Data  0.000 ( 0.038)	Loss 5.6652e+00 (6.4703e+00)	Acc@1   4.30 (  1.22)	Acc@5  12.89 (  4.42)
Epoch: [0][ 580/1252]	Time  0.781 ( 0.807)	Data  0.000 ( 0.039)	Loss 5.7379e+00 (6.4783e+00)	Acc@1   4.69 (  1.24)	Acc@5  12.50 (  4.43)
Epoch: [0][ 590/1252]	Time  0.766 ( 0.807)	Data  0.000 ( 0.038)	Loss 5.7500e+00 (6.4647e+00)	Acc@1   5.47 (  1.28)	Acc@5  14.45 (  4.58)
Epoch: [0][ 590/1252]	Time  0.767 ( 0.807)	Data  0.000 ( 0.040)	Loss 5.7397e+00 (6.4588e+00)	Acc@1   4.30 (  1.24)	Acc@5  14.06 (  4.52)
Epoch: [0][ 590/1252]	Time  0.774 ( 0.807)	Data  0.000 ( 0.039)	Loss 5.8061e+00 (6.4603e+00)	Acc@1   1.95 (  1.28)	Acc@5  12.50 (  4.58)
Epoch: [0][ 590/1252]	Time  0.766 ( 0.807)	Data  0.000 ( 0.038)	Loss 5.7233e+00 (6.4574e+00)	Acc@1   3.12 (  1.27)	Acc@5   8.98 (  4.55)
Epoch: [0][ 600/1252]	Time  0.781 ( 0.806)	Data  0.000 ( 0.039)	Loss 5.7094e+00 (6.4473e+00)	Acc@1   2.73 (  1.32)	Acc@5  12.50 (  4.71)
Epoch: [0][ 600/1252]	Time  0.771 ( 0.806)	Data  0.000 ( 0.038)	Loss 5.6798e+00 (6.4515e+00)	Acc@1   3.91 (  1.32)	Acc@5  12.11 (  4.71)
Epoch: [0][ 600/1252]	Time  0.781 ( 0.806)	Data  0.000 ( 0.038)	Loss 5.5512e+00 (6.4443e+00)	Acc@1   4.69 (  1.31)	Acc@5  14.84 (  4.69)
Epoch: [0][ 600/1252]	Time  0.781 ( 0.806)	Data  0.000 ( 0.040)	Loss 5.7801e+00 (6.4461e+00)	Acc@1   3.52 (  1.29)	Acc@5  12.50 (  4.66)
Epoch: [0][ 610/1252]	Time  0.769 ( 0.806)	Data  0.000 ( 0.038)	Loss 5.8129e+00 (6.4320e+00)	Acc@1   4.69 (  1.36)	Acc@5  12.50 (  4.82)
Epoch: [0][ 610/1252]	Time  0.767 ( 0.806)	Data  0.000 ( 0.038)	Loss 5.7705e+00 (6.4389e+00)	Acc@1   5.08 (  1.37)	Acc@5  14.06 (  4.84)
Epoch: [0][ 610/1252]	Time  0.780 ( 0.806)	Data  0.000 ( 0.039)	Loss 5.6638e+00 (6.4347e+00)	Acc@1   3.12 (  1.37)	Acc@5  12.50 (  4.84)
Epoch: [0][ 610/1252]	Time  0.770 ( 0.806)	Data  0.000 ( 0.040)	Loss 5.6011e+00 (6.4327e+00)	Acc@1   5.08 (  1.34)	Acc@5  16.80 (  4.81)
Epoch: [0][ 620/1252]	Time  0.763 ( 0.805)	Data  0.000 ( 0.038)	Loss 5.4979e+00 (6.4214e+00)	Acc@1   3.52 (  1.41)	Acc@5  14.06 (  4.98)
Epoch: [0][ 620/1252]	Time  0.759 ( 0.805)	Data  0.000 ( 0.039)	Loss 5.5622e+00 (6.4200e+00)	Acc@1   5.86 (  1.39)	Acc@5  15.62 (  4.94)
Epoch: [0][ 620/1252]	Time  0.767 ( 0.805)	Data  0.000 ( 0.037)	Loss 5.8500e+00 (6.4207e+00)	Acc@1   2.34 (  1.40)	Acc@5   8.98 (  4.95)
Epoch: [0][ 620/1252]	Time  0.768 ( 0.805)	Data  0.000 ( 0.037)	Loss 5.5866e+00 (6.4265e+00)	Acc@1   5.86 (  1.42)	Acc@5  12.89 (  4.97)
Epoch: [0][ 630/1252]	Time  0.783 ( 0.805)	Data  0.000 ( 0.037)	Loss 5.6873e+00 (6.4146e+00)	Acc@1   1.17 (  1.46)	Acc@5  11.33 (  5.08)
Epoch: [0][ 630/1252]	Time  0.789 ( 0.805)	Data  0.000 ( 0.039)	Loss 5.6679e+00 (6.4083e+00)	Acc@1   3.91 (  1.43)	Acc@5  11.33 (  5.06)
Epoch: [0][ 630/1252]	Time  0.819 ( 0.805)	Data  0.000 ( 0.037)	Loss 5.6313e+00 (6.4082e+00)	Acc@1   3.12 (  1.45)	Acc@5  12.50 (  5.07)
Epoch: [0][ 630/1252]	Time  0.784 ( 0.805)	Data  0.000 ( 0.038)	Loss 5.6149e+00 (6.4098e+00)	Acc@1   4.30 (  1.44)	Acc@5  10.94 (  5.09)
Epoch: [0][ 640/1252]	Time  0.764 ( 0.804)	Data  0.000 ( 0.039)	Loss 5.6310e+00 (6.3961e+00)	Acc@1   3.52 (  1.47)	Acc@5  11.33 (  5.19)
Epoch: [0][ 640/1252]	Time  0.780 ( 0.805)	Data  0.000 ( 0.037)	Loss 5.6537e+00 (6.4024e+00)	Acc@1   4.69 (  1.51)	Acc@5  13.28 (  5.20)
Epoch: [0][ 640/1252]	Time  0.777 ( 0.805)	Data  0.000 ( 0.037)	Loss 5.7487e+00 (6.3962e+00)	Acc@1   3.12 (  1.49)	Acc@5   9.38 (  5.19)
Epoch: [0][ 640/1252]	Time  0.767 ( 0.805)	Data  0.000 ( 0.038)	Loss 5.5272e+00 (6.3974e+00)	Acc@1   4.30 (  1.48)	Acc@5  14.06 (  5.22)
Epoch: [0][ 650/1252]	Time  0.774 ( 0.804)	Data  0.000 ( 0.037)	Loss 5.7448e+00 (6.3900e+00)	Acc@1   4.30 (  1.56)	Acc@5  10.94 (  5.33)
Epoch: [0][ 650/1252]	Time  0.785 ( 0.804)	Data  0.000 ( 0.038)	Loss 5.5507e+00 (6.3846e+00)	Acc@1   5.08 (  1.53)	Acc@5  15.23 (  5.36)
Epoch: [0][ 650/1252]	Time  0.780 ( 0.804)	Data  0.000 ( 0.038)	Loss 5.6406e+00 (6.3841e+00)	Acc@1   6.64 (  1.52)	Acc@5  14.45 (  5.32)
Epoch: [0][ 650/1252]	Time  0.778 ( 0.804)	Data  0.000 ( 0.036)	Loss 5.4696e+00 (6.3841e+00)	Acc@1   5.86 (  1.53)	Acc@5  16.80 (  5.33)
Epoch: [0][ 660/1252]	Time  0.768 ( 0.804)	Data  0.000 ( 0.038)	Loss 5.5694e+00 (6.3721e+00)	Acc@1   4.30 (  1.57)	Acc@5  15.23 (  5.50)
Epoch: [0][ 660/1252]	Time  0.768 ( 0.804)	Data  0.000 ( 0.038)	Loss 5.5141e+00 (6.3716e+00)	Acc@1   1.95 (  1.56)	Acc@5  10.94 (  5.45)
Epoch: [0][ 660/1252]	Time  0.762 ( 0.804)	Data  0.000 ( 0.036)	Loss 5.7617e+00 (6.3718e+00)	Acc@1   3.12 (  1.57)	Acc@5   6.64 (  5.45)
Epoch: [0][ 660/1252]	Time  0.761 ( 0.804)	Data  0.000 ( 0.037)	Loss 5.6447e+00 (6.3775e+00)	Acc@1   5.47 (  1.61)	Acc@5  14.84 (  5.46)
Epoch: [0][ 670/1252]	Time  0.784 ( 0.803)	Data  0.000 ( 0.037)	Loss 5.4576e+00 (6.3595e+00)	Acc@1   4.30 (  1.62)	Acc@5  14.45 (  5.64)
Epoch: [0][ 670/1252]	Time  0.788 ( 0.803)	Data  0.000 ( 0.036)	Loss 5.5242e+00 (6.3653e+00)	Acc@1   3.91 (  1.66)	Acc@5  13.67 (  5.60)
Epoch: [0][ 670/1252]	Time  0.782 ( 0.803)	Data  0.000 ( 0.036)	Loss 5.5372e+00 (6.3600e+00)	Acc@1   3.91 (  1.62)	Acc@5  12.89 (  5.58)
Epoch: [0][ 670/1252]	Time  0.785 ( 0.803)	Data  0.000 ( 0.038)	Loss 5.6613e+00 (6.3599e+00)	Acc@1   5.47 (  1.62)	Acc@5  11.33 (  5.58)
Epoch: [0][ 680/1252]	Time  0.770 ( 0.803)	Data  0.000 ( 0.036)	Loss 5.5279e+00 (6.3526e+00)	Acc@1   3.91 (  1.71)	Acc@5  13.67 (  5.73)
Epoch: [0][ 680/1252]	Time  0.777 ( 0.803)	Data  0.000 ( 0.036)	Loss 5.4838e+00 (6.3486e+00)	Acc@1   4.30 (  1.66)	Acc@5  14.45 (  5.70)
Epoch: [0][ 680/1252]	Time  0.775 ( 0.803)	Data  0.000 ( 0.037)	Loss 5.7255e+00 (6.3489e+00)	Acc@1   2.34 (  1.66)	Acc@5  14.45 (  5.75)
Epoch: [0][ 680/1252]	Time  0.786 ( 0.803)	Data  0.000 ( 0.038)	Loss 5.7460e+00 (6.3481e+00)	Acc@1   4.30 (  1.66)	Acc@5  12.11 (  5.70)
Epoch: [0][ 690/1252]	Time  0.794 ( 0.802)	Data  0.000 ( 0.036)	Loss 5.6969e+00 (6.3406e+00)	Acc@1   4.30 (  1.76)	Acc@5  14.06 (  5.86)
Epoch: [0][ 690/1252]	Time  0.787 ( 0.802)	Data  0.000 ( 0.037)	Loss 5.6033e+00 (6.3380e+00)	Acc@1   3.91 (  1.70)	Acc@5  12.89 (  5.86)
Epoch: [0][ 690/1252]	Time  0.785 ( 0.802)	Data  0.000 ( 0.037)	Loss 5.6111e+00 (6.3371e+00)	Acc@1   3.12 (  1.69)	Acc@5  16.41 (  5.81)
Epoch: [0][ 690/1252]	Time  0.791 ( 0.802)	Data  0.000 ( 0.036)	Loss 5.4355e+00 (6.3364e+00)	Acc@1   3.52 (  1.70)	Acc@5  17.97 (  5.83)
Epoch: [0][ 700/1252]	Time  0.762 ( 0.802)	Data  0.000 ( 0.036)	Loss 5.5986e+00 (6.3281e+00)	Acc@1   4.30 (  1.81)	Acc@5  14.84 (  5.99)
Epoch: [0][ 700/1252]	Time  0.763 ( 0.802)	Data  0.000 ( 0.037)	Loss 5.4193e+00 (6.3265e+00)	Acc@1   5.08 (  1.74)	Acc@5  16.02 (  5.98)
Epoch: [0][ 700/1252]	Time  0.762 ( 0.802)	Data  0.000 ( 0.037)	Loss 5.7754e+00 (6.3255e+00)	Acc@1   4.69 (  1.74)	Acc@5  14.45 (  5.94)
Epoch: [0][ 700/1252]	Time  0.763 ( 0.802)	Data  0.000 ( 0.035)	Loss 5.5213e+00 (6.3253e+00)	Acc@1   2.34 (  1.74)	Acc@5  13.28 (  5.95)
Epoch: [0][ 710/1252]	Time  0.805 ( 0.802)	Data  0.000 ( 0.035)	Loss 5.3809e+00 (6.3164e+00)	Acc@1   6.25 (  1.87)	Acc@5  14.84 (  6.13)
Epoch: [0][ 710/1252]	Time  0.815 ( 0.802)	Data  0.000 ( 0.036)	Loss 5.4364e+00 (6.3146e+00)	Acc@1   3.91 (  1.77)	Acc@5  17.97 (  6.11)
Epoch: [0][ 710/1252]	Time  0.809 ( 0.802)	Data  0.000 ( 0.037)	Loss 5.5119e+00 (6.3142e+00)	Acc@1   5.86 (  1.79)	Acc@5  15.23 (  6.09)
Epoch: [0][ 710/1252]	Time  0.782 ( 0.802)	Data  0.000 ( 0.035)	Loss 5.5044e+00 (6.3142e+00)	Acc@1   3.12 (  1.78)	Acc@5  16.80 (  6.08)
Epoch: [0][ 720/1252]	Time  0.778 ( 0.801)	Data  0.000 ( 0.035)	Loss 5.4713e+00 (6.3045e+00)	Acc@1   5.08 (  1.91)	Acc@5  14.84 (  6.25)
Epoch: [0][ 720/1252]	Time  0.774 ( 0.801)	Data  0.000 ( 0.036)	Loss 5.4461e+00 (6.3030e+00)	Acc@1   4.30 (  1.82)	Acc@5  17.19 (  6.26)
Epoch: [0][ 720/1252]	Time  0.765 ( 0.801)	Data  0.000 ( 0.037)	Loss 5.5125e+00 (6.3037e+00)	Acc@1   4.30 (  1.83)	Acc@5  17.19 (  6.22)
Epoch: [0][ 720/1252]	Time  0.785 ( 0.801)	Data  0.000 ( 0.035)	Loss 5.4858e+00 (6.3029e+00)	Acc@1   2.73 (  1.82)	Acc@5  14.45 (  6.21)
Epoch: [0][ 730/1252]	Time  0.767 ( 0.801)	Data  0.000 ( 0.035)	Loss 5.4101e+00 (6.2937e+00)	Acc@1   3.91 (  1.95)	Acc@5  17.19 (  6.36)
Epoch: [0][ 730/1252]	Time  0.765 ( 0.801)	Data  0.000 ( 0.036)	Loss 5.2988e+00 (6.2910e+00)	Acc@1   5.47 (  1.88)	Acc@5  17.19 (  6.39)
Epoch: [0][ 730/1252]	Time  0.760 ( 0.801)	Data  0.000 ( 0.037)	Loss 5.5256e+00 (6.2922e+00)	Acc@1   5.86 (  1.88)	Acc@5  14.84 (  6.35)
Epoch: [0][ 730/1252]	Time  0.767 ( 0.801)	Data  0.000 ( 0.035)	Loss 5.5472e+00 (6.2914e+00)	Acc@1   6.64 (  1.87)	Acc@5  16.41 (  6.35)
Epoch: [0][ 740/1252]	Time  0.779 ( 0.801)	Data  0.000 ( 0.035)	Loss 5.3674e+00 (6.2820e+00)	Acc@1   6.25 (  1.99)	Acc@5  17.19 (  6.49)
Epoch: [0][ 740/1252]	Time  0.789 ( 0.801)	Data  0.000 ( 0.036)	Loss 5.4640e+00 (6.2791e+00)	Acc@1   4.69 (  1.94)	Acc@5  15.23 (  6.53)
Epoch: [0][ 740/1252]	Time  0.778 ( 0.801)	Data  0.000 ( 0.036)	Loss 5.4231e+00 (6.2809e+00)	Acc@1   5.08 (  1.92)	Acc@5  16.41 (  6.48)
Epoch: [0][ 740/1252]	Time  0.808 ( 0.801)	Data  0.000 ( 0.035)	Loss 5.4956e+00 (6.2802e+00)	Acc@1   5.08 (  1.93)	Acc@5  16.80 (  6.50)
Epoch: [0][ 750/1252]	Time  0.763 ( 0.800)	Data  0.000 ( 0.036)	Loss 5.3104e+00 (6.2675e+00)	Acc@1   5.47 (  1.99)	Acc@5  14.84 (  6.67)
Epoch: [0][ 750/1252]	Time  0.762 ( 0.800)	Data  0.000 ( 0.035)	Loss 5.4309e+00 (6.2713e+00)	Acc@1   5.47 (  2.04)	Acc@5  16.80 (  6.62)
Epoch: [0][ 750/1252]	Time  0.763 ( 0.800)	Data  0.000 ( 0.036)	Loss 5.4818e+00 (6.2698e+00)	Acc@1   5.08 (  1.96)	Acc@5  11.33 (  6.60)
Epoch: [0][ 750/1252]	Time  0.766 ( 0.800)	Data  0.000 ( 0.035)	Loss 5.2562e+00 (6.2682e+00)	Acc@1   8.20 (  1.99)	Acc@5  21.48 (  6.65)
Epoch: [0][ 760/1252]	Time  0.781 ( 0.800)	Data  0.000 ( 0.036)	Loss 5.2930e+00 (6.2556e+00)	Acc@1   8.20 (  2.04)	Acc@5  17.97 (  6.81)
Epoch: [0][ 760/1252]	Time  0.776 ( 0.800)	Data  0.000 ( 0.034)	Loss 5.3457e+00 (6.2567e+00)	Acc@1   7.81 (  2.04)	Acc@5  17.97 (  6.77)
Epoch: [0][ 760/1252]	Time  0.776 ( 0.800)	Data  0.000 ( 0.036)	Loss 5.4174e+00 (6.2590e+00)	Acc@1   4.30 (  2.01)	Acc@5  16.80 (  6.74)
Epoch: [0][ 760/1252]	Time  0.781 ( 0.800)	Data  0.000 ( 0.035)	Loss 5.2934e+00 (6.2591e+00)	Acc@1   5.47 (  2.09)	Acc@5  19.92 (  6.76)
Epoch: [0][ 770/1252]	Time  0.764 ( 0.800)	Data  0.000 ( 0.034)	Loss 5.5817e+00 (6.2481e+00)	Acc@1   3.91 (  2.14)	Acc@5  12.50 (  6.89)
Epoch: [0][ 770/1252]	Time  0.771 ( 0.800)	Data  0.000 ( 0.035)	Loss 5.5059e+00 (6.2443e+00)	Acc@1   3.91 (  2.09)	Acc@5  13.28 (  6.93)
Epoch: [0][ 770/1252]	Time  0.764 ( 0.800)	Data  0.000 ( 0.036)	Loss 5.2536e+00 (6.2479e+00)	Acc@1   5.86 (  2.06)	Acc@5  18.36 (  6.87)
Epoch: [0][ 770/1252]	Time  0.774 ( 0.800)	Data  0.000 ( 0.034)	Loss 5.4526e+00 (6.2452e+00)	Acc@1   8.98 (  2.10)	Acc@5  17.97 (  6.91)
Epoch: [0][ 780/1252]	Time  0.767 ( 0.799)	Data  0.000 ( 0.035)	Loss 5.2766e+00 (6.2333e+00)	Acc@1   4.69 (  2.14)	Acc@5  16.80 (  7.07)
Epoch: [0][ 780/1252]	Time  0.768 ( 0.799)	Data  0.000 ( 0.036)	Loss 5.5983e+00 (6.2373e+00)	Acc@1   5.47 (  2.10)	Acc@5  14.06 (  6.99)
Epoch: [0][ 780/1252]	Time  0.767 ( 0.799)	Data  0.000 ( 0.034)	Loss 5.3553e+00 (6.2378e+00)	Acc@1   7.42 (  2.19)	Acc@5  19.53 (  7.01)
Epoch: [0][ 780/1252]	Time  0.766 ( 0.799)	Data  0.000 ( 0.034)	Loss 5.3550e+00 (6.2335e+00)	Acc@1   7.03 (  2.16)	Acc@5  16.80 (  7.05)
Epoch: [0][ 790/1252]	Time  0.770 ( 0.799)	Data  0.000 ( 0.035)	Loss 5.5444e+00 (6.2233e+00)	Acc@1   2.34 (  2.17)	Acc@5  13.67 (  7.18)
Epoch: [0][ 790/1252]	Time  0.774 ( 0.799)	Data  0.000 ( 0.034)	Loss 5.1628e+00 (6.2221e+00)	Acc@1   8.20 (  2.21)	Acc@5  21.48 (  7.19)
Epoch: [0][ 790/1252]	Time  0.772 ( 0.799)	Data  0.000 ( 0.035)	Loss 5.3029e+00 (6.2267e+00)	Acc@1   8.59 (  2.15)	Acc@5  17.97 (  7.13)
Epoch: [0][ 790/1252]	Time  0.772 ( 0.799)	Data  0.000 ( 0.034)	Loss 5.4650e+00 (6.2274e+00)	Acc@1   3.91 (  2.22)	Acc@5  16.80 (  7.12)
Epoch: [0][ 800/1252]	Time  0.779 ( 0.799)	Data  0.000 ( 0.034)	Loss 5.2886e+00 (6.2165e+00)	Acc@1   8.59 (  2.26)	Acc@5  20.70 (  7.25)
Epoch: [0][ 800/1252]	Time  0.786 ( 0.799)	Data  0.000 ( 0.035)	Loss 5.2931e+00 (6.2123e+00)	Acc@1   5.47 (  2.23)	Acc@5  18.75 (  7.31)
Epoch: [0][ 800/1252]	Time  0.794 ( 0.799)	Data  0.000 ( 0.034)	Loss 5.4355e+00 (6.2111e+00)	Acc@1   3.91 (  2.26)	Acc@5  16.41 (  7.31)
Epoch: [0][ 800/1252]	Time  0.820 ( 0.799)	Data  0.000 ( 0.035)	Loss 5.6143e+00 (6.2162e+00)	Acc@1   4.30 (  2.20)	Acc@5  15.62 (  7.25)
Epoch: [0][ 810/1252]	Time  0.782 ( 0.799)	Data  0.000 ( 0.034)	Loss 5.2138e+00 (6.2006e+00)	Acc@1   7.42 (  2.30)	Acc@5  21.48 (  7.43)
Epoch: [0][ 810/1252]	Time  0.774 ( 0.799)	Data  0.000 ( 0.035)	Loss 5.4155e+00 (6.2016e+00)	Acc@1   7.81 (  2.28)	Acc@5  18.36 (  7.44)
Epoch: [0][ 810/1252]	Time  0.795 ( 0.799)	Data  0.000 ( 0.035)	Loss 5.2567e+00 (6.2053e+00)	Acc@1   5.08 (  2.25)	Acc@5  19.92 (  7.38)
Epoch: [0][ 810/1252]	Time  0.805 ( 0.799)	Data  0.000 ( 0.034)	Loss 5.2653e+00 (6.2062e+00)	Acc@1   5.08 (  2.30)	Acc@5  17.58 (  7.38)
Epoch: [0][ 820/1252]	Time  0.777 ( 0.798)	Data  0.000 ( 0.035)	Loss 5.3489e+00 (6.1912e+00)	Acc@1   5.47 (  2.33)	Acc@5  16.41 (  7.57)
Epoch: [0][ 820/1252]	Time  0.765 ( 0.798)	Data  0.000 ( 0.034)	Loss 5.3616e+00 (6.1956e+00)	Acc@1   8.98 (  2.35)	Acc@5  17.97 (  7.50)
Epoch: [0][ 820/1252]	Time  0.776 ( 0.798)	Data  0.000 ( 0.035)	Loss 5.2868e+00 (6.1948e+00)	Acc@1   5.08 (  2.30)	Acc@5  19.53 (  7.51)
Epoch: [0][ 820/1252]	Time  0.795 ( 0.798)	Data  0.000 ( 0.033)	Loss 5.2121e+00 (6.1902e+00)	Acc@1   5.47 (  2.35)	Acc@5  17.58 (  7.56)
Epoch: [0][ 830/1252]	Time  0.776 ( 0.798)	Data  0.000 ( 0.034)	Loss 5.1535e+00 (6.1806e+00)	Acc@1   8.20 (  2.38)	Acc@5  19.92 (  7.72)
Epoch: [0][ 830/1252]	Time  0.776 ( 0.798)	Data  0.000 ( 0.033)	Loss 5.1693e+00 (6.1850e+00)	Acc@1   7.42 (  2.40)	Acc@5  20.31 (  7.63)
Epoch: [0][ 830/1252]	Time  0.775 ( 0.798)	Data  0.000 ( 0.035)	Loss 5.2047e+00 (6.1837e+00)	Acc@1   8.59 (  2.36)	Acc@5  19.53 (  7.64)
Epoch: [0][ 830/1252]	Time  0.765 ( 0.798)	Data  0.000 ( 0.033)	Loss 5.1809e+00 (6.1789e+00)	Acc@1  10.55 (  2.41)	Acc@5  22.66 (  7.70)
Epoch: [0][ 840/1252]	Time  0.761 ( 0.798)	Data  0.000 ( 0.034)	Loss 5.0957e+00 (6.1694e+00)	Acc@1   5.86 (  2.42)	Acc@5  18.36 (  7.85)
Epoch: [0][ 840/1252]	Time  0.770 ( 0.798)	Data  0.000 ( 0.035)	Loss 5.2091e+00 (6.1725e+00)	Acc@1   6.25 (  2.41)	Acc@5  20.31 (  7.78)
Epoch: [0][ 840/1252]	Time  0.774 ( 0.798)	Data  0.000 ( 0.033)	Loss 5.4060e+00 (6.1744e+00)	Acc@1   6.25 (  2.45)	Acc@5  17.19 (  7.75)
Epoch: [0][ 840/1252]	Time  0.771 ( 0.798)	Data  0.000 ( 0.033)	Loss 5.4620e+00 (6.1683e+00)	Acc@1   7.81 (  2.46)	Acc@5  16.80 (  7.83)
Epoch: [0][ 850/1252]	Time  0.765 ( 0.798)	Data  0.000 ( 0.034)	Loss 5.2076e+00 (6.1587e+00)	Acc@1   7.81 (  2.47)	Acc@5  21.09 (  7.98)
Epoch: [0][ 850/1252]	Time  0.765 ( 0.798)	Data  0.000 ( 0.033)	Loss 5.4054e+00 (6.1644e+00)	Acc@1   5.86 (  2.49)	Acc@5  17.19 (  7.89)
Epoch: [0][ 850/1252]	Time  0.761 ( 0.797)	Data  0.000 ( 0.034)	Loss 5.3129e+00 (6.1619e+00)	Acc@1   5.86 (  2.47)	Acc@5  18.36 (  7.91)
Epoch: [0][ 850/1252]	Time  0.768 ( 0.798)	Data  0.000 ( 0.033)	Loss 5.2124e+00 (6.1575e+00)	Acc@1   5.47 (  2.52)	Acc@5  19.53 (  7.96)
Epoch: [0][ 860/1252]	Time  0.770 ( 0.797)	Data  0.000 ( 0.034)	Loss 5.3854e+00 (6.1488e+00)	Acc@1   5.47 (  2.52)	Acc@5  17.97 (  8.09)
Epoch: [0][ 860/1252]	Time  0.782 ( 0.797)	Data  0.000 ( 0.034)	Loss 5.1565e+00 (6.1516e+00)	Acc@1   8.20 (  2.52)	Acc@5  22.27 (  8.04)
Epoch: [0][ 860/1252]	Time  0.764 ( 0.797)	Data  0.000 ( 0.033)	Loss 5.3581e+00 (6.1474e+00)	Acc@1   5.47 (  2.57)	Acc@5  14.84 (  8.09)
Epoch: [0][ 860/1252]	Time  0.779 ( 0.797)	Data  0.000 ( 0.033)	Loss 5.1861e+00 (6.1543e+00)	Acc@1   8.20 (  2.55)	Acc@5  18.36 (  8.02)
Epoch: [0][ 870/1252]	Time  0.774 ( 0.797)	Data  0.000 ( 0.033)	Loss 5.3906e+00 (6.1438e+00)	Acc@1   4.69 (  2.62)	Acc@5  15.62 (  8.16)
Epoch: [0][ 870/1252]	Time  0.782 ( 0.797)	Data  0.000 ( 0.034)	Loss 5.1246e+00 (6.1383e+00)	Acc@1   7.81 (  2.57)	Acc@5  20.70 (  8.21)
Epoch: [0][ 870/1252]	Time  0.777 ( 0.797)	Data  0.000 ( 0.034)	Loss 5.1919e+00 (6.1413e+00)	Acc@1   8.98 (  2.57)	Acc@5  21.09 (  8.17)
Epoch: [0][ 870/1252]	Time  0.783 ( 0.797)	Data  0.000 ( 0.033)	Loss 5.3202e+00 (6.1372e+00)	Acc@1   6.64 (  2.62)	Acc@5  19.53 (  8.21)
Epoch: [0][ 880/1252]	Time  0.766 ( 0.797)	Data  0.000 ( 0.033)	Loss 5.2197e+00 (6.1340e+00)	Acc@1   6.64 (  2.67)	Acc@5  19.92 (  8.29)
Epoch: [0][ 880/1252]	Time  0.744 ( 0.797)	Data  0.000 ( 0.034)	Loss 5.0729e+00 (6.1274e+00)	Acc@1  11.72 (  2.63)	Acc@5  23.44 (  8.35)
Epoch: [0][ 880/1252]	Time  0.768 ( 0.797)	Data  0.000 ( 0.034)	Loss 5.0594e+00 (6.1308e+00)	Acc@1   7.42 (  2.62)	Acc@5  21.09 (  8.30)
Epoch: [0][ 880/1252]	Time  0.764 ( 0.797)	Data  0.000 ( 0.033)	Loss 5.2778e+00 (6.1272e+00)	Acc@1   6.25 (  2.67)	Acc@5  21.09 (  8.34)
Epoch: [0][ 890/1252]	Time  0.785 ( 0.796)	Data  0.000 ( 0.034)	Loss 5.2595e+00 (6.1202e+00)	Acc@1   7.81 (  2.67)	Acc@5  18.36 (  8.44)
Epoch: [0][ 890/1252]	Time  0.780 ( 0.797)	Data  0.000 ( 0.032)	Loss 5.0070e+00 (6.1170e+00)	Acc@1   6.25 (  2.72)	Acc@5  24.22 (  8.48)
Epoch: [0][ 890/1252]	Time  0.782 ( 0.797)	Data  0.000 ( 0.034)	Loss 5.0131e+00 (6.1171e+00)	Acc@1   7.42 (  2.68)	Acc@5  21.09 (  8.48)
Epoch: [0][ 890/1252]	Time  0.790 ( 0.797)	Data  0.000 ( 0.033)	Loss 5.1645e+00 (6.1236e+00)	Acc@1   7.81 (  2.73)	Acc@5  20.31 (  8.41)
Epoch: [0][ 900/1252]	Time  0.782 ( 0.796)	Data  0.000 ( 0.032)	Loss 5.1357e+00 (6.1069e+00)	Acc@1   9.77 (  2.77)	Acc@5  21.48 (  8.62)
Epoch: [0][ 900/1252]	Time  0.767 ( 0.796)	Data  0.000 ( 0.034)	Loss 5.2234e+00 (6.1069e+00)	Acc@1   8.98 (  2.75)	Acc@5  22.27 (  8.62)
Epoch: [0][ 900/1252]	Time  0.804 ( 0.796)	Data  0.000 ( 0.034)	Loss 4.9752e+00 (6.1102e+00)	Acc@1   7.81 (  2.71)	Acc@5  26.17 (  8.57)
Epoch: [0][ 900/1252]	Time  0.788 ( 0.796)	Data  0.000 ( 0.032)	Loss 5.1395e+00 (6.1128e+00)	Acc@1   8.20 (  2.77)	Acc@5  19.14 (  8.55)
Epoch: [0][ 910/1252]	Time  0.772 ( 0.796)	Data  0.000 ( 0.033)	Loss 5.1000e+00 (6.0970e+00)	Acc@1   5.08 (  2.79)	Acc@5  20.70 (  8.75)
Epoch: [0][ 910/1252]	Time  0.777 ( 0.796)	Data  0.000 ( 0.032)	Loss 5.2131e+00 (6.1032e+00)	Acc@1   4.30 (  2.81)	Acc@5  16.41 (  8.67)
Epoch: [0][ 910/1252]	Time  0.782 ( 0.796)	Data  0.000 ( 0.032)	Loss 4.9829e+00 (6.0966e+00)	Acc@1   7.81 (  2.81)	Acc@5  24.61 (  8.74)
Epoch: [0][ 910/1252]	Time  0.765 ( 0.796)	Data  0.000 ( 0.033)	Loss 5.3734e+00 (6.0996e+00)	Acc@1   8.59 (  2.77)	Acc@5  16.80 (  8.70)
Epoch: [0][ 920/1252]	Time  0.763 ( 0.796)	Data  0.000 ( 0.032)	Loss 5.3010e+00 (6.0932e+00)	Acc@1   9.77 (  2.87)	Acc@5  19.14 (  8.80)
Epoch: [0][ 920/1252]	Time  0.768 ( 0.796)	Data  0.000 ( 0.033)	Loss 5.1112e+00 (6.0870e+00)	Acc@1   6.25 (  2.84)	Acc@5  20.31 (  8.87)
Epoch: [0][ 920/1252]	Time  0.767 ( 0.796)	Data  0.000 ( 0.033)	Loss 5.1094e+00 (6.0897e+00)	Acc@1   5.08 (  2.82)	Acc@5  18.36 (  8.81)
Epoch: [0][ 920/1252]	Time  0.764 ( 0.796)	Data  0.000 ( 0.032)	Loss 5.2119e+00 (6.0863e+00)	Acc@1   8.98 (  2.87)	Acc@5  21.09 (  8.88)
Epoch: [0][ 930/1252]	Time  0.762 ( 0.796)	Data  0.000 ( 0.033)	Loss 5.1285e+00 (6.0779e+00)	Acc@1   7.81 (  2.88)	Acc@5  23.44 (  8.98)
Epoch: [0][ 930/1252]	Time  0.764 ( 0.796)	Data  0.000 ( 0.032)	Loss 5.1190e+00 (6.0827e+00)	Acc@1   8.59 (  2.93)	Acc@5  22.66 (  8.94)
Epoch: [0][ 930/1252]	Time  0.759 ( 0.796)	Data  0.000 ( 0.033)	Loss 5.0418e+00 (6.0804e+00)	Acc@1   7.81 (  2.85)	Acc@5  19.92 (  8.92)
Epoch: [0][ 930/1252]	Time  0.763 ( 0.796)	Data  0.000 ( 0.032)	Loss 5.0300e+00 (6.0766e+00)	Acc@1   6.64 (  2.92)	Acc@5  25.39 (  9.01)
Epoch: [0][ 940/1252]	Time  0.788 ( 0.795)	Data  0.000 ( 0.033)	Loss 5.1435e+00 (6.0676e+00)	Acc@1   3.52 (  2.92)	Acc@5  21.88 (  9.12)
Epoch: [0][ 940/1252]	Time  0.774 ( 0.795)	Data  0.000 ( 0.032)	Loss 5.2611e+00 (6.0729e+00)	Acc@1   9.77 (  2.98)	Acc@5  20.70 (  9.07)
Epoch: [0][ 940/1252]	Time  0.792 ( 0.795)	Data  0.000 ( 0.033)	Loss 4.9549e+00 (6.0704e+00)	Acc@1   8.20 (  2.91)	Acc@5  23.05 (  9.05)
Epoch: [0][ 940/1252]	Time  0.794 ( 0.796)	Data  0.000 ( 0.032)	Loss 5.1619e+00 (6.0668e+00)	Acc@1   8.20 (  2.96)	Acc@5  23.83 (  9.13)
Epoch: [0][ 950/1252]	Time  0.770 ( 0.795)	Data  0.000 ( 0.033)	Loss 5.1843e+00 (6.0582e+00)	Acc@1   7.42 (  2.97)	Acc@5  21.48 (  9.24)
Epoch: [0][ 950/1252]	Time  0.771 ( 0.795)	Data  0.000 ( 0.032)	Loss 5.0871e+00 (6.0569e+00)	Acc@1   6.25 (  3.00)	Acc@5  20.31 (  9.26)
Epoch: [0][ 950/1252]	Time  0.748 ( 0.795)	Data  0.000 ( 0.033)	Loss 5.3672e+00 (6.0608e+00)	Acc@1   7.03 (  2.96)	Acc@5  23.83 (  9.17)
Epoch: [0][ 950/1252]	Time  0.778 ( 0.795)	Data  0.000 ( 0.032)	Loss 5.0507e+00 (6.0633e+00)	Acc@1   6.25 (  3.02)	Acc@5  22.66 (  9.20)
Epoch: [0][ 960/1252]	Time  0.768 ( 0.795)	Data  0.000 ( 0.032)	Loss 5.1899e+00 (6.0535e+00)	Acc@1  10.55 (  3.07)	Acc@5  22.66 (  9.34)
Epoch: [0][ 960/1252]	Time  0.769 ( 0.795)	Data  0.000 ( 0.033)	Loss 5.4030e+00 (6.0518e+00)	Acc@1   7.03 (  3.00)	Acc@5  18.36 (  9.28)
Epoch: [0][ 960/1252]	Time  0.766 ( 0.795)	Data  0.000 ( 0.033)	Loss 5.1468e+00 (6.0481e+00)	Acc@1   5.86 (  3.02)	Acc@5  22.27 (  9.38)
Epoch: [0][ 960/1252]	Time  0.766 ( 0.795)	Data  0.000 ( 0.032)	Loss 5.0366e+00 (6.0466e+00)	Acc@1   7.03 (  3.07)	Acc@5  21.88 (  9.41)
Epoch: [0][ 970/1252]	Time  0.767 ( 0.795)	Data  0.000 ( 0.032)	Loss 4.8871e+00 (6.0429e+00)	Acc@1  10.16 (  3.14)	Acc@5  29.30 (  9.49)
Epoch: [0][ 970/1252]	Time  0.765 ( 0.795)	Data  0.000 ( 0.033)	Loss 5.1123e+00 (6.0387e+00)	Acc@1   8.98 (  3.07)	Acc@5  22.27 (  9.51)
Epoch: [0][ 970/1252]	Time  0.774 ( 0.795)	Data  0.000 ( 0.033)	Loss 5.1251e+00 (6.0421e+00)	Acc@1   6.64 (  3.06)	Acc@5  19.53 (  9.42)
Epoch: [0][ 970/1252]	Time  0.761 ( 0.795)	Data  0.000 ( 0.032)	Loss 5.0944e+00 (6.0372e+00)	Acc@1   9.77 (  3.12)	Acc@5  24.22 (  9.53)
Epoch: [0][ 980/1252]	Time  0.772 ( 0.795)	Data  0.000 ( 0.033)	Loss 5.2319e+00 (6.0295e+00)	Acc@1   6.64 (  3.12)	Acc@5  16.02 (  9.64)
Epoch: [0][ 980/1252]	Time  0.772 ( 0.795)	Data  0.000 ( 0.033)	Loss 5.1123e+00 (6.0327e+00)	Acc@1   5.86 (  3.11)	Acc@5  18.36 (  9.55)
Epoch: [0][ 980/1252]	Time  0.784 ( 0.795)	Data  0.000 ( 0.031)	Loss 5.0643e+00 (6.0274e+00)	Acc@1  11.72 (  3.17)	Acc@5  23.83 (  9.66)
Epoch: [0][ 980/1252]	Time  0.770 ( 0.795)	Data  0.000 ( 0.031)	Loss 5.0250e+00 (6.0333e+00)	Acc@1   8.59 (  3.19)	Acc@5  20.31 (  9.62)
Epoch: [0][ 990/1252]	Time  0.761 ( 0.794)	Data  0.000 ( 0.033)	Loss 4.9606e+00 (6.0223e+00)	Acc@1   5.47 (  3.16)	Acc@5  24.61 (  9.68)
Epoch: [0][ 990/1252]	Time  0.775 ( 0.795)	Data  0.000 ( 0.031)	Loss 5.0394e+00 (6.0179e+00)	Acc@1   9.77 (  3.22)	Acc@5  23.05 (  9.78)
Epoch: [0][ 990/1252]	Time  0.759 ( 0.794)	Data  0.000 ( 0.033)	Loss 5.0691e+00 (6.0200e+00)	Acc@1   8.20 (  3.17)	Acc@5  21.09 (  9.77)
Epoch: [0][ 990/1252]	Time  0.770 ( 0.794)	Data  0.000 ( 0.031)	Loss 5.0421e+00 (6.0239e+00)	Acc@1   8.20 (  3.23)	Acc@5  22.27 (  9.74)
Epoch: [0][1000/1252]	Time  0.768 ( 0.794)	Data  0.000 ( 0.032)	Loss 5.0131e+00 (6.0106e+00)	Acc@1   8.59 (  3.22)	Acc@5  23.44 (  9.90)
Epoch: [0][1000/1252]	Time  0.770 ( 0.794)	Data  0.000 ( 0.031)	Loss 4.9663e+00 (6.0087e+00)	Acc@1   7.81 (  3.27)	Acc@5  22.66 (  9.90)
Epoch: [0][1000/1252]	Time  0.769 ( 0.794)	Data  0.000 ( 0.032)	Loss 5.1039e+00 (6.0129e+00)	Acc@1   8.20 (  3.21)	Acc@5  23.05 (  9.81)
Epoch: [0][1000/1252]	Time  0.771 ( 0.794)	Data  0.000 ( 0.031)	Loss 5.1097e+00 (6.0144e+00)	Acc@1   6.64 (  3.29)	Acc@5  22.27 (  9.87)
Epoch: [0][1010/1252]	Time  0.784 ( 0.794)	Data  0.000 ( 0.032)	Loss 4.9752e+00 (6.0007e+00)	Acc@1   9.77 (  3.29)	Acc@5  25.78 ( 10.03)
Epoch: [0][1010/1252]	Time  0.776 ( 0.794)	Data  0.000 ( 0.031)	Loss 5.0153e+00 (5.9990e+00)	Acc@1   9.77 (  3.33)	Acc@5  24.22 ( 10.04)
Epoch: [0][1010/1252]	Time  0.779 ( 0.794)	Data  0.000 ( 0.031)	Loss 5.0372e+00 (6.0044e+00)	Acc@1   7.42 (  3.34)	Acc@5  23.83 ( 10.00)
Epoch: [0][1010/1252]	Time  0.820 ( 0.794)	Data  0.000 ( 0.032)	Loss 5.0387e+00 (6.0039e+00)	Acc@1   8.20 (  3.26)	Acc@5  22.27 (  9.93)
Epoch: [0][1020/1252]	Time  0.771 ( 0.794)	Data  0.000 ( 0.031)	Loss 4.7840e+00 (5.9891e+00)	Acc@1   8.98 (  3.39)	Acc@5  30.47 ( 10.18)
Epoch: [0][1020/1252]	Time  0.764 ( 0.794)	Data  0.000 ( 0.032)	Loss 5.0883e+00 (5.9912e+00)	Acc@1   7.42 (  3.34)	Acc@5  20.31 ( 10.16)
Epoch: [0][1020/1252]	Time  0.783 ( 0.794)	Data  0.000 ( 0.032)	Loss 5.0106e+00 (5.9944e+00)	Acc@1   5.08 (  3.31)	Acc@5  20.31 ( 10.05)
Epoch: [0][1020/1252]	Time  0.770 ( 0.794)	Data  0.000 ( 0.031)	Loss 5.0917e+00 (5.9954e+00)	Acc@1   8.20 (  3.40)	Acc@5  24.61 ( 10.13)
Epoch: [0][1030/1252]	Time  0.765 ( 0.794)	Data  0.000 ( 0.031)	Loss 5.1376e+00 (5.9867e+00)	Acc@1   8.20 (  3.45)	Acc@5  20.70 ( 10.25)
Epoch: [0][1030/1252]	Time  0.774 ( 0.794)	Data  0.000 ( 0.032)	Loss 4.9016e+00 (5.9853e+00)	Acc@1  10.94 (  3.37)	Acc@5  26.56 ( 10.18)
Epoch: [0][1030/1252]	Time  0.762 ( 0.794)	Data  0.000 ( 0.031)	Loss 5.0334e+00 (5.9800e+00)	Acc@1  10.16 (  3.44)	Acc@5  23.05 ( 10.30)
Epoch: [0][1030/1252]	Time  0.760 ( 0.794)	Data  0.003 ( 0.032)	Loss 4.8834e+00 (5.9817e+00)	Acc@1  10.16 (  3.40)	Acc@5  30.08 ( 10.29)
Epoch: [0][1040/1252]	Time  0.777 ( 0.794)	Data  0.000 ( 0.031)	Loss 4.9087e+00 (5.9771e+00)	Acc@1   8.20 (  3.50)	Acc@5  26.17 ( 10.38)
Epoch: [0][1040/1252]	Time  0.781 ( 0.794)	Data  0.000 ( 0.032)	Loss 4.9160e+00 (5.9725e+00)	Acc@1   8.59 (  3.45)	Acc@5  22.66 ( 10.42)
Epoch: [0][1040/1252]	Time  0.790 ( 0.794)	Data  0.000 ( 0.032)	Loss 5.1164e+00 (5.9765e+00)	Acc@1   5.86 (  3.42)	Acc@5  18.36 ( 10.29)
Epoch: [0][1040/1252]	Time  0.778 ( 0.794)	Data  0.000 ( 0.031)	Loss 4.9873e+00 (5.9703e+00)	Acc@1   8.98 (  3.50)	Acc@5  21.48 ( 10.44)
Epoch: [0][1050/1252]	Time  0.776 ( 0.794)	Data  0.000 ( 0.031)	Loss 5.2102e+00 (5.9685e+00)	Acc@1   7.81 (  3.55)	Acc@5  19.92 ( 10.49)
Epoch: [0][1050/1252]	Time  0.779 ( 0.793)	Data  0.000 ( 0.032)	Loss 4.9379e+00 (5.9637e+00)	Acc@1   7.42 (  3.50)	Acc@5  26.95 ( 10.54)
Epoch: [0][1050/1252]	Time  0.783 ( 0.793)	Data  0.000 ( 0.032)	Loss 5.2424e+00 (5.9674e+00)	Acc@1   7.03 (  3.47)	Acc@5  19.92 ( 10.42)
Epoch: [0][1050/1252]	Time  0.762 ( 0.794)	Data  0.000 ( 0.031)	Loss 5.0034e+00 (5.9617e+00)	Acc@1   7.81 (  3.56)	Acc@5  22.27 ( 10.55)
Epoch: [0][1060/1252]	Time  0.769 ( 0.793)	Data  0.000 ( 0.032)	Loss 4.9853e+00 (5.9546e+00)	Acc@1   9.38 (  3.55)	Acc@5  25.39 ( 10.66)
Epoch: [0][1060/1252]	Time  0.770 ( 0.793)	Data  0.000 ( 0.031)	Loss 4.9104e+00 (5.9593e+00)	Acc@1  12.11 (  3.60)	Acc@5  26.17 ( 10.62)
Epoch: [0][1060/1252]	Time  0.780 ( 0.793)	Data  0.000 ( 0.031)	Loss 4.8482e+00 (5.9523e+00)	Acc@1  10.55 (  3.61)	Acc@5  29.30 ( 10.68)
Epoch: [0][1060/1252]	Time  0.767 ( 0.793)	Data  0.000 ( 0.032)	Loss 4.8741e+00 (5.9580e+00)	Acc@1  10.94 (  3.53)	Acc@5  28.12 ( 10.56)
Epoch: [0][1070/1252]	Time  0.793 ( 0.793)	Data  0.000 ( 0.032)	Loss 5.1688e+00 (5.9487e+00)	Acc@1   7.03 (  3.58)	Acc@5  20.70 ( 10.69)
Epoch: [0][1070/1252]	Time  0.774 ( 0.793)	Data  0.000 ( 0.031)	Loss 4.9011e+00 (5.9430e+00)	Acc@1   9.77 (  3.66)	Acc@5  23.83 ( 10.80)
Epoch: [0][1070/1252]	Time  0.779 ( 0.793)	Data  0.000 ( 0.032)	Loss 5.0691e+00 (5.9455e+00)	Acc@1   8.59 (  3.61)	Acc@5  23.83 ( 10.80)
Epoch: [0][1070/1252]	Time  0.783 ( 0.793)	Data  0.000 ( 0.031)	Loss 5.1318e+00 (5.9506e+00)	Acc@1   9.77 (  3.65)	Acc@5  27.34 ( 10.75)
Epoch: [0][1080/1252]	Time  0.780 ( 0.793)	Data  0.000 ( 0.032)	Loss 4.8539e+00 (5.9390e+00)	Acc@1  10.94 (  3.64)	Acc@5  26.56 ( 10.83)
Epoch: [0][1080/1252]	Time  0.773 ( 0.793)	Data  0.000 ( 0.031)	Loss 4.8690e+00 (5.9408e+00)	Acc@1   9.38 (  3.72)	Acc@5  27.34 ( 10.90)
Epoch: [0][1080/1252]	Time  0.767 ( 0.793)	Data  0.000 ( 0.031)	Loss 4.8495e+00 (5.9340e+00)	Acc@1  12.11 (  3.71)	Acc@5  25.78 ( 10.93)
Epoch: [0][1080/1252]	Time  0.779 ( 0.793)	Data  0.000 ( 0.032)	Loss 5.1142e+00 (5.9371e+00)	Acc@1   8.98 (  3.65)	Acc@5  20.31 ( 10.92)
Epoch: [0][1090/1252]	Time  0.766 ( 0.793)	Data  0.000 ( 0.031)	Loss 4.9981e+00 (5.9299e+00)	Acc@1  10.16 (  3.70)	Acc@5  22.27 ( 10.96)
Epoch: [0][1090/1252]	Time  0.765 ( 0.793)	Data  0.000 ( 0.032)	Loss 4.7857e+00 (5.9277e+00)	Acc@1  10.16 (  3.70)	Acc@5  29.69 ( 11.05)
Epoch: [0][1090/1252]	Time  0.762 ( 0.793)	Data  0.000 ( 0.030)	Loss 5.0468e+00 (5.9248e+00)	Acc@1  11.33 (  3.77)	Acc@5  24.22 ( 11.07)
Epoch: [0][1090/1252]	Time  0.766 ( 0.793)	Data  0.000 ( 0.031)	Loss 5.1387e+00 (5.9317e+00)	Acc@1   8.20 (  3.76)	Acc@5  23.05 ( 11.03)
Epoch: [0][1100/1252]	Time  0.791 ( 0.793)	Data  0.000 ( 0.030)	Loss 5.2477e+00 (5.9167e+00)	Acc@1   6.64 (  3.82)	Acc@5  19.14 ( 11.18)
Epoch: [0][1100/1252]	Time  0.803 ( 0.793)	Data  0.000 ( 0.032)	Loss 5.1062e+00 (5.9187e+00)	Acc@1   8.20 (  3.75)	Acc@5  22.27 ( 11.17)
Epoch: [0][1100/1252]	Time  0.781 ( 0.793)	Data  0.000 ( 0.031)	Loss 4.9278e+00 (5.9203e+00)	Acc@1  12.11 (  3.76)	Acc@5  26.56 ( 11.10)
Epoch: [0][1100/1252]	Time  0.771 ( 0.793)	Data  0.000 ( 0.031)	Loss 5.0327e+00 (5.9227e+00)	Acc@1   7.42 (  3.81)	Acc@5  20.31 ( 11.14)
Epoch: [0][1110/1252]	Time  0.778 ( 0.793)	Data  0.000 ( 0.032)	Loss 4.8653e+00 (5.9094e+00)	Acc@1   9.77 (  3.80)	Acc@5  26.56 ( 11.31)
Epoch: [0][1110/1252]	Time  0.776 ( 0.793)	Data  0.000 ( 0.031)	Loss 4.8693e+00 (5.9136e+00)	Acc@1   8.59 (  3.86)	Acc@5  25.39 ( 11.27)
Epoch: [0][1110/1252]	Time  0.780 ( 0.793)	Data  0.000 ( 0.030)	Loss 4.9936e+00 (5.9078e+00)	Acc@1  11.33 (  3.87)	Acc@5  25.39 ( 11.31)
Epoch: [0][1110/1252]	Time  0.791 ( 0.793)	Data  0.000 ( 0.031)	Loss 4.9658e+00 (5.9111e+00)	Acc@1  10.16 (  3.81)	Acc@5  25.78 ( 11.22)
Epoch: [0][1120/1252]	Time  0.779 ( 0.792)	Data  0.000 ( 0.031)	Loss 5.1394e+00 (5.9025e+00)	Acc@1   9.77 (  3.87)	Acc@5  20.31 ( 11.34)
Epoch: [0][1120/1252]	Time  0.774 ( 0.792)	Data  0.000 ( 0.032)	Loss 4.7291e+00 (5.9002e+00)	Acc@1  10.94 (  3.86)	Acc@5  27.34 ( 11.43)
Epoch: [0][1120/1252]	Time  0.780 ( 0.792)	Data  0.000 ( 0.030)	Loss 4.9555e+00 (5.8988e+00)	Acc@1  10.16 (  3.93)	Acc@5  28.91 ( 11.44)
Epoch: [0][1120/1252]	Time  0.762 ( 0.792)	Data  0.000 ( 0.030)	Loss 4.9256e+00 (5.9045e+00)	Acc@1   6.64 (  3.92)	Acc@5  23.83 ( 11.40)
Epoch: [0][1130/1252]	Time  0.766 ( 0.792)	Data  0.000 ( 0.030)	Loss 4.8276e+00 (5.8951e+00)	Acc@1  11.72 (  3.98)	Acc@5  26.17 ( 11.53)
Epoch: [0][1130/1252]	Time  0.760 ( 0.792)	Data  0.000 ( 0.031)	Loss 5.0008e+00 (5.8915e+00)	Acc@1   8.59 (  3.91)	Acc@5  24.22 ( 11.56)
Epoch: [0][1130/1252]	Time  0.771 ( 0.792)	Data  0.000 ( 0.031)	Loss 4.9252e+00 (5.8932e+00)	Acc@1   7.03 (  3.92)	Acc@5  21.48 ( 11.47)
Epoch: [0][1130/1252]	Time  0.765 ( 0.792)	Data  0.000 ( 0.030)	Loss 4.9187e+00 (5.8899e+00)	Acc@1  10.55 (  3.99)	Acc@5  25.39 ( 11.57)
Epoch: [0][1140/1252]	Time  0.773 ( 0.792)	Data  0.000 ( 0.031)	Loss 4.8630e+00 (5.8827e+00)	Acc@1  11.33 (  3.96)	Acc@5  28.91 ( 11.69)
Epoch: [0][1140/1252]	Time  0.773 ( 0.792)	Data  0.000 ( 0.030)	Loss 4.6525e+00 (5.8858e+00)	Acc@1  11.33 (  4.04)	Acc@5  28.91 ( 11.66)
Epoch: [0][1140/1252]	Time  0.767 ( 0.792)	Data  0.000 ( 0.031)	Loss 4.9199e+00 (5.8843e+00)	Acc@1   8.20 (  3.97)	Acc@5  26.95 ( 11.60)
Epoch: [0][1140/1252]	Time  0.779 ( 0.792)	Data  0.000 ( 0.030)	Loss 4.9011e+00 (5.8810e+00)	Acc@1  11.33 (  4.04)	Acc@5  24.61 ( 11.69)
Epoch: [0][1150/1252]	Time  0.765 ( 0.792)	Data  0.000 ( 0.030)	Loss 4.6597e+00 (5.8765e+00)	Acc@1  13.28 (  4.10)	Acc@5  26.56 ( 11.79)
Epoch: [0][1150/1252]	Time  0.764 ( 0.792)	Data  0.000 ( 0.031)	Loss 4.7656e+00 (5.8737e+00)	Acc@1  10.94 (  4.02)	Acc@5  29.30 ( 11.81)
Epoch: [0][1150/1252]	Time  0.772 ( 0.792)	Data  0.000 ( 0.031)	Loss 5.2194e+00 (5.8756e+00)	Acc@1   8.20 (  4.03)	Acc@5  22.66 ( 11.73)
Epoch: [0][1150/1252]	Time  0.765 ( 0.792)	Data  0.000 ( 0.030)	Loss 5.0123e+00 (5.8722e+00)	Acc@1   9.77 (  4.10)	Acc@5  23.05 ( 11.82)
Epoch: [0][1160/1252]	Time  0.766 ( 0.792)	Data  0.000 ( 0.031)	Loss 4.6878e+00 (5.8647e+00)	Acc@1  14.84 (  4.08)	Acc@5  30.08 ( 11.95)
Epoch: [0][1160/1252]	Time  0.764 ( 0.792)	Data  0.000 ( 0.031)	Loss 4.8438e+00 (5.8663e+00)	Acc@1  12.50 (  4.09)	Acc@5  25.78 ( 11.86)
Epoch: [0][1160/1252]	Time  0.767 ( 0.792)	Data  0.000 ( 0.030)	Loss 4.5717e+00 (5.8671e+00)	Acc@1  16.41 (  4.16)	Acc@5  32.42 ( 11.92)
Epoch: [0][1160/1252]	Time  0.762 ( 0.792)	Data  0.000 ( 0.030)	Loss 4.6521e+00 (5.8637e+00)	Acc@1  14.06 (  4.15)	Acc@5  33.98 ( 11.94)
Epoch: [0][1170/1252]	Time  0.783 ( 0.792)	Data  0.000 ( 0.031)	Loss 4.8606e+00 (5.8556e+00)	Acc@1   7.42 (  4.14)	Acc@5  26.56 ( 12.07)
Epoch: [0][1170/1252]	Time  0.786 ( 0.792)	Data  0.000 ( 0.030)	Loss 4.8613e+00 (5.8583e+00)	Acc@1   8.98 (  4.22)	Acc@5  25.00 ( 12.05)
Epoch: [0][1170/1252]	Time  0.764 ( 0.792)	Data  0.000 ( 0.031)	Loss 4.5842e+00 (5.8574e+00)	Acc@1  12.11 (  4.16)	Acc@5  28.91 ( 11.99)
Epoch: [0][1170/1252]	Time  0.794 ( 0.792)	Data  0.000 ( 0.030)	Loss 4.6901e+00 (5.8547e+00)	Acc@1  11.72 (  4.21)	Acc@5  26.95 ( 12.08)
Epoch: [0][1180/1252]	Time  0.769 ( 0.792)	Data  0.000 ( 0.030)	Loss 4.6886e+00 (5.8491e+00)	Acc@1   8.98 (  4.27)	Acc@5  29.69 ( 12.19)
Epoch: [0][1180/1252]	Time  0.777 ( 0.792)	Data  0.000 ( 0.031)	Loss 4.6262e+00 (5.8459e+00)	Acc@1  10.55 (  4.20)	Acc@5  32.03 ( 12.22)
Epoch: [0][1180/1252]	Time  0.768 ( 0.791)	Data  0.000 ( 0.031)	Loss 4.9267e+00 (5.8486e+00)	Acc@1   9.77 (  4.22)	Acc@5  23.83 ( 12.12)
Epoch: [0][1180/1252]	Time  0.771 ( 0.792)	Data  0.002 ( 0.030)	Loss 4.8231e+00 (5.8453e+00)	Acc@1  12.11 (  4.28)	Acc@5  24.61 ( 12.22)
Epoch: [0][1190/1252]	Time  0.773 ( 0.791)	Data  0.000 ( 0.031)	Loss 4.7309e+00 (5.8371e+00)	Acc@1   7.81 (  4.26)	Acc@5  26.17 ( 12.34)
Epoch: [0][1190/1252]	Time  0.773 ( 0.791)	Data  0.000 ( 0.030)	Loss 4.9016e+00 (5.8369e+00)	Acc@1   6.64 (  4.33)	Acc@5  25.00 ( 12.34)
Epoch: [0][1190/1252]	Time  0.787 ( 0.791)	Data  0.000 ( 0.031)	Loss 4.8904e+00 (5.8401e+00)	Acc@1  10.16 (  4.27)	Acc@5  22.27 ( 12.25)
Epoch: [0][1190/1252]	Time  0.786 ( 0.791)	Data  0.000 ( 0.030)	Loss 4.7544e+00 (5.8405e+00)	Acc@1  10.55 (  4.33)	Acc@5  27.34 ( 12.31)
Epoch: [0][1200/1252]	Time  0.771 ( 0.791)	Data  0.000 ( 0.030)	Loss 4.8403e+00 (5.8320e+00)	Acc@1   8.20 (  4.39)	Acc@5  25.39 ( 12.42)
Epoch: [0][1200/1252]	Time  0.785 ( 0.791)	Data  0.000 ( 0.031)	Loss 4.8431e+00 (5.8282e+00)	Acc@1   9.38 (  4.31)	Acc@5  25.00 ( 12.47)
Epoch: [0][1200/1252]	Time  0.769 ( 0.791)	Data  0.000 ( 0.030)	Loss 4.8935e+00 (5.8282e+00)	Acc@1  12.11 (  4.38)	Acc@5  28.91 ( 12.47)
Epoch: [0][1200/1252]	Time  0.771 ( 0.791)	Data  0.000 ( 0.031)	Loss 4.7678e+00 (5.8310e+00)	Acc@1   9.38 (  4.33)	Acc@5  26.17 ( 12.38)
Epoch: [0][1210/1252]	Time  0.781 ( 0.791)	Data  0.000 ( 0.031)	Loss 4.8932e+00 (5.8194e+00)	Acc@1   9.77 (  4.38)	Acc@5  24.61 ( 12.59)
Epoch: [0][1210/1252]	Time  0.774 ( 0.791)	Data  0.000 ( 0.030)	Loss 4.8542e+00 (5.8233e+00)	Acc@1  10.16 (  4.45)	Acc@5  25.78 ( 12.56)
Epoch: [0][1210/1252]	Time  0.763 ( 0.791)	Data  0.000 ( 0.030)	Loss 4.8858e+00 (5.8222e+00)	Acc@1  10.94 (  4.39)	Acc@5  24.61 ( 12.51)
Epoch: [0][1210/1252]	Time  0.776 ( 0.791)	Data  0.000 ( 0.029)	Loss 4.9957e+00 (5.8197e+00)	Acc@1   9.38 (  4.44)	Acc@5  21.48 ( 12.58)
Epoch: [0][1220/1252]	Time  0.792 ( 0.791)	Data  0.000 ( 0.029)	Loss 4.4839e+00 (5.8111e+00)	Acc@1  16.02 (  4.50)	Acc@5  34.77 ( 12.70)
Epoch: [0][1220/1252]	Time  0.791 ( 0.791)	Data  0.000 ( 0.031)	Loss 4.8890e+00 (5.8107e+00)	Acc@1   8.59 (  4.43)	Acc@5  25.00 ( 12.72)
Epoch: [0][1220/1252]	Time  0.806 ( 0.791)	Data  0.000 ( 0.030)	Loss 4.8894e+00 (5.8136e+00)	Acc@1  10.94 (  4.45)	Acc@5  27.34 ( 12.63)
Epoch: [0][1220/1252]	Time  0.779 ( 0.791)	Data  0.000 ( 0.030)	Loss 4.6631e+00 (5.8144e+00)	Acc@1  14.06 (  4.51)	Acc@5  28.12 ( 12.69)
Epoch: [0][1230/1252]	Time  0.770 ( 0.791)	Data  0.003 ( 0.030)	Loss 4.6587e+00 (5.8047e+00)	Acc@1  13.67 (  4.52)	Acc@5  32.42 ( 12.75)
Epoch: [0][1230/1252]	Time  0.775 ( 0.791)	Data  0.000 ( 0.029)	Loss 4.9536e+00 (5.8024e+00)	Acc@1   8.20 (  4.56)	Acc@5  25.00 ( 12.83)
Epoch: [0][1230/1252]	Time  0.781 ( 0.791)	Data  0.000 ( 0.030)	Loss 4.7866e+00 (5.8058e+00)	Acc@1  13.28 (  4.57)	Acc@5  27.73 ( 12.82)
Epoch: [0][1230/1252]	Time  0.772 ( 0.791)	Data  0.000 ( 0.031)	Loss 4.7863e+00 (5.8021e+00)	Acc@1  10.55 (  4.49)	Acc@5  26.95 ( 12.85)
Epoch: [0][1240/1252]	Time  0.758 ( 0.791)	Data  0.000 ( 0.030)	Loss 4.8731e+00 (5.7963e+00)	Acc@1  14.06 (  4.58)	Acc@5  28.91 ( 12.88)
Epoch: [0][1240/1252]	Time  0.758 ( 0.791)	Data  0.003 ( 0.030)	Loss 4.6233e+00 (5.7974e+00)	Acc@1  13.28 (  4.63)	Acc@5  27.73 ( 12.94)
Epoch: [0][1240/1252]	Time  0.762 ( 0.791)	Data  0.000 ( 0.029)	Loss 4.5257e+00 (5.7941e+00)	Acc@1  13.67 (  4.61)	Acc@5  32.03 ( 12.95)
Epoch: [0][1240/1252]	Time  0.759 ( 0.791)	Data  0.000 ( 0.031)	Loss 4.7231e+00 (5.7934e+00)	Acc@1  12.11 (  4.55)	Acc@5  29.30 ( 12.99)
Epoch: [0][1250/1252]	Time  0.760 ( 0.791)	Data  0.000 ( 0.031)	Loss 4.4325e+00 (5.7843e+00)	Acc@1  12.89 (  4.62)	Acc@5  31.64 ( 13.13)
Epoch: [0][1250/1252]	Time  0.763 ( 0.791)	Data  0.000 ( 0.029)	Loss 4.7616e+00 (5.7887e+00)	Acc@1  12.11 (  4.68)	Acc@5  26.95 ( 13.07)
Epoch: [0][1250/1252]	Time  0.759 ( 0.791)	Data  0.000 ( 0.030)	Loss 4.5524e+00 (5.7875e+00)	Acc@1  12.11 (  4.65)	Acc@5  32.42 ( 13.01)
Epoch: [0][1250/1252]	Time  0.762 ( 0.791)	Data  0.000 ( 0.029)	Loss 4.8075e+00 (5.7858e+00)	Acc@1  10.55 (  4.67)	Acc@5  27.34 ( 13.08)
Test: [  0/196]	Time  5.498 ( 5.498)	Loss 3.8728e+00 (3.8728e+00)	Acc@1  19.14 ( 19.14)	Acc@5  56.25 ( 56.25)
Test: [  0/196]	Time  5.705 ( 5.705)	Loss 3.8728e+00 (3.8728e+00)	Acc@1  19.14 ( 19.14)	Acc@5  56.25 ( 56.25)
Test: [  0/196]	Time  5.697 ( 5.697)	Loss 3.8728e+00 (3.8728e+00)	Acc@1  19.14 ( 19.14)	Acc@5  56.25 ( 56.25)
Test: [  0/196]	Time  5.634 ( 5.634)	Loss 3.8728e+00 (3.8728e+00)	Acc@1  19.14 ( 19.14)	Acc@5  56.25 ( 56.25)
Test: [ 10/196]	Time  0.221 ( 0.949)	Loss 5.4627e+00 (4.7024e+00)	Acc@1   3.12 ( 12.00)	Acc@5  14.84 ( 31.11)
Test: [ 10/196]	Time  0.223 ( 0.968)	Loss 5.4627e+00 (4.7024e+00)	Acc@1   3.12 ( 12.00)	Acc@5  14.84 ( 31.11)
Test: [ 10/196]	Time  0.234 ( 0.967)	Loss 5.4627e+00 (4.7024e+00)	Acc@1   3.12 ( 12.00)	Acc@5  14.84 ( 31.11)
Test: [ 10/196]	Time  0.234 ( 0.961)	Loss 5.4627e+00 (4.7024e+00)	Acc@1   3.12 ( 12.00)	Acc@5  14.84 ( 31.11)
Test: [ 20/196]	Time  1.300 ( 0.768)	Loss 5.2514e+00 (4.6128e+00)	Acc@1  13.67 ( 13.00)	Acc@5  22.27 ( 31.70)
Test: [ 20/196]	Time  1.175 ( 0.780)	Loss 5.2514e+00 (4.6128e+00)	Acc@1  13.67 ( 13.00)	Acc@5  22.27 ( 31.70)
Test: [ 20/196]	Time  1.216 ( 0.782)	Loss 5.2514e+00 (4.6128e+00)	Acc@1  13.67 ( 13.00)	Acc@5  22.27 ( 31.70)
Test: [ 20/196]	Time  1.239 ( 0.780)	Loss 5.2514e+00 (4.6128e+00)	Acc@1  13.67 ( 13.00)	Acc@5  22.27 ( 31.70)
Test: [ 30/196]	Time  0.223 ( 0.674)	Loss 3.9625e+00 (4.4514e+00)	Acc@1  18.36 ( 15.39)	Acc@5  42.19 ( 35.21)
Test: [ 30/196]	Time  0.235 ( 0.689)	Loss 3.9625e+00 (4.4514e+00)	Acc@1  18.36 ( 15.39)	Acc@5  42.19 ( 35.21)
Test: [ 30/196]	Time  0.235 ( 0.689)	Loss 3.9625e+00 (4.4514e+00)	Acc@1  18.36 ( 15.39)	Acc@5  42.19 ( 35.21)
Test: [ 30/196]	Time  0.235 ( 0.686)	Loss 3.9625e+00 (4.4514e+00)	Acc@1  18.36 ( 15.39)	Acc@5  42.19 ( 35.21)
Test: [ 40/196]	Time  0.703 ( 0.641)	Loss 5.1288e+00 (4.5859e+00)	Acc@1   2.73 ( 12.79)	Acc@5  19.53 ( 31.66)
Test: [ 40/196]	Time  1.366 ( 0.662)	Loss 5.1288e+00 (4.5859e+00)	Acc@1   2.73 ( 12.79)	Acc@5  19.53 ( 31.66)
Test: [ 40/196]	Time  1.388 ( 0.662)	Loss 5.1288e+00 (4.5859e+00)	Acc@1   2.73 ( 12.79)	Acc@5  19.53 ( 31.66)
Test: [ 40/196]	Time  1.412 ( 0.661)	Loss 5.1288e+00 (4.5859e+00)	Acc@1   2.73 ( 12.79)	Acc@5  19.53 ( 31.66)
Test: [ 50/196]	Time  0.223 ( 0.620)	Loss 4.5369e+00 (4.5913e+00)	Acc@1  10.16 ( 12.36)	Acc@5  30.86 ( 31.14)
Test: [ 50/196]	Time  0.285 ( 0.624)	Loss 4.5369e+00 (4.5913e+00)	Acc@1  10.16 ( 12.36)	Acc@5  30.86 ( 31.14)
Test: [ 50/196]	Time  0.285 ( 0.623)	Loss 4.5369e+00 (4.5913e+00)	Acc@1  10.16 ( 12.36)	Acc@5  30.86 ( 31.14)
Test: [ 50/196]	Time  0.284 ( 0.622)	Loss 4.5369e+00 (4.5913e+00)	Acc@1  10.16 ( 12.36)	Acc@5  30.86 ( 31.14)
Test: [ 60/196]	Time  0.290 ( 0.608)	Loss 4.6255e+00 (4.6289e+00)	Acc@1   7.42 ( 11.96)	Acc@5  29.30 ( 30.55)
Test: [ 60/196]	Time  0.464 ( 0.613)	Loss 4.6255e+00 (4.6289e+00)	Acc@1   7.42 ( 11.96)	Acc@5  29.30 ( 30.55)
Test: [ 60/196]	Time  0.465 ( 0.613)	Loss 4.6255e+00 (4.6289e+00)	Acc@1   7.42 ( 11.96)	Acc@5  29.30 ( 30.55)
Test: [ 60/196]	Time  0.465 ( 0.612)	Loss 4.6255e+00 (4.6289e+00)	Acc@1   7.42 ( 11.96)	Acc@5  29.30 ( 30.55)
Test: [ 70/196]	Time  0.235 ( 0.606)	Loss 4.7391e+00 (4.6417e+00)	Acc@1  10.55 ( 12.04)	Acc@5  30.08 ( 30.25)
Test: [ 70/196]	Time  0.248 ( 0.608)	Loss 4.7391e+00 (4.6417e+00)	Acc@1  10.55 ( 12.04)	Acc@5  30.08 ( 30.25)
Test: [ 70/196]	Time  0.247 ( 0.608)	Loss 4.7391e+00 (4.6417e+00)	Acc@1  10.55 ( 12.04)	Acc@5  30.08 ( 30.25)
Test: [ 70/196]	Time  0.247 ( 0.607)	Loss 4.7391e+00 (4.6417e+00)	Acc@1  10.55 ( 12.04)	Acc@5  30.08 ( 30.25)
Test: [ 80/196]	Time  0.537 ( 0.595)	Loss 5.9087e+00 (4.6587e+00)	Acc@1   4.30 ( 12.22)	Acc@5  14.06 ( 30.12)
Test: [ 80/196]	Time  0.765 ( 0.602)	Loss 5.9087e+00 (4.6587e+00)	Acc@1   4.30 ( 12.22)	Acc@5  14.06 ( 30.12)
Test: [ 80/196]	Time  0.767 ( 0.601)	Loss 5.9087e+00 (4.6587e+00)	Acc@1   4.30 ( 12.22)	Acc@5  14.06 ( 30.12)
Test: [ 80/196]	Time  0.794 ( 0.603)	Loss 5.9087e+00 (4.6587e+00)	Acc@1   4.30 ( 12.22)	Acc@5  14.06 ( 30.12)
Test: [ 90/196]	Time  0.226 ( 0.589)	Loss 5.6759e+00 (4.6975e+00)	Acc@1   6.64 ( 11.74)	Acc@5  14.06 ( 29.45)
Test: [ 90/196]	Time  0.471 ( 0.595)	Loss 5.6759e+00 (4.6975e+00)	Acc@1   6.64 ( 11.74)	Acc@5  14.06 ( 29.45)
Test: [ 90/196]	Time  0.471 ( 0.595)	Loss 5.6759e+00 (4.6975e+00)	Acc@1   6.64 ( 11.74)	Acc@5  14.06 ( 29.45)
Test: [ 90/196]	Time  0.471 ( 0.594)	Loss 5.6759e+00 (4.6975e+00)	Acc@1   6.64 ( 11.74)	Acc@5  14.06 ( 29.45)
Test: [100/196]	Time  0.320 ( 0.578)	Loss 5.7123e+00 (4.7275e+00)	Acc@1   3.12 ( 11.41)	Acc@5  10.55 ( 28.99)
Test: [100/196]	Time  0.570 ( 0.586)	Loss 5.7123e+00 (4.7275e+00)	Acc@1   3.12 ( 11.41)	Acc@5  10.55 ( 28.99)
Test: [100/196]	Time  0.573 ( 0.585)	Loss 5.7123e+00 (4.7275e+00)	Acc@1   3.12 ( 11.41)	Acc@5  10.55 ( 28.99)
Test: [100/196]	Time  0.573 ( 0.586)	Loss 5.7123e+00 (4.7275e+00)	Acc@1   3.12 ( 11.41)	Acc@5  10.55 ( 28.99)
Test: [110/196]	Time  0.230 ( 0.578)	Loss 4.8246e+00 (4.7248e+00)	Acc@1  12.89 ( 11.53)	Acc@5  29.69 ( 29.10)
Test: [110/196]	Time  0.630 ( 0.585)	Loss 4.8246e+00 (4.7248e+00)	Acc@1  12.89 ( 11.53)	Acc@5  29.69 ( 29.10)
Test: [110/196]	Time  0.630 ( 0.585)	Loss 4.8246e+00 (4.7248e+00)	Acc@1  12.89 ( 11.53)	Acc@5  29.69 ( 29.10)
Test: [110/196]	Time  0.629 ( 0.584)	Loss 4.8246e+00 (4.7248e+00)	Acc@1  12.89 ( 11.53)	Acc@5  29.69 ( 29.10)
Test: [120/196]	Time  0.948 ( 0.575)	Loss 5.1702e+00 (4.7515e+00)	Acc@1  13.28 ( 11.36)	Acc@5  26.17 ( 28.73)
Test: [120/196]	Time  0.863 ( 0.583)	Loss 5.1702e+00 (4.7515e+00)	Acc@1  13.28 ( 11.36)	Acc@5  26.17 ( 28.73)
Test: [120/196]	Time  0.864 ( 0.583)	Loss 5.1702e+00 (4.7515e+00)	Acc@1  13.28 ( 11.36)	Acc@5  26.17 ( 28.73)
Test: [120/196]	Time  0.901 ( 0.583)	Loss 5.1702e+00 (4.7515e+00)	Acc@1  13.28 ( 11.36)	Acc@5  26.17 ( 28.73)
Test: [130/196]	Time  0.942 ( 0.572)	Loss 4.9134e+00 (4.7662e+00)	Acc@1  11.72 ( 11.27)	Acc@5  31.25 ( 28.70)
Test: [130/196]	Time  1.130 ( 0.582)	Loss 4.9134e+00 (4.7662e+00)	Acc@1  11.72 ( 11.27)	Acc@5  31.25 ( 28.70)
Test: [130/196]	Time  1.131 ( 0.582)	Loss 4.9134e+00 (4.7662e+00)	Acc@1  11.72 ( 11.27)	Acc@5  31.25 ( 28.70)
Test: [130/196]	Time  1.160 ( 0.582)	Loss 4.9134e+00 (4.7662e+00)	Acc@1  11.72 ( 11.27)	Acc@5  31.25 ( 28.70)
Test: [140/196]	Time  0.221 ( 0.567)	Loss 4.8283e+00 (4.7812e+00)	Acc@1   9.38 ( 11.13)	Acc@5  23.44 ( 28.26)
Test: [140/196]	Time  0.221 ( 0.577)	Loss 4.8283e+00 (4.7812e+00)	Acc@1   9.38 ( 11.13)	Acc@5  23.44 ( 28.26)
Test: [140/196]	Time  0.261 ( 0.577)	Loss 4.8283e+00 (4.7812e+00)	Acc@1   9.38 ( 11.13)	Acc@5  23.44 ( 28.26)
Test: [140/196]	Time  0.278 ( 0.577)	Loss 4.8283e+00 (4.7812e+00)	Acc@1   9.38 ( 11.13)	Acc@5  23.44 ( 28.26)
Test: [150/196]	Time  1.535 ( 0.568)	Loss 5.6520e+00 (4.7959e+00)	Acc@1   2.73 ( 11.06)	Acc@5  10.16 ( 28.00)
Test: [150/196]	Time  1.380 ( 0.578)	Loss 5.6520e+00 (4.7959e+00)	Acc@1   2.73 ( 11.06)	Acc@5  10.16 ( 28.00)
Test: [150/196]	Time  1.417 ( 0.578)	Loss 5.6520e+00 (4.7959e+00)	Acc@1   2.73 ( 11.06)	Acc@5  10.16 ( 28.00)
Test: [150/196]	Time  1.433 ( 0.578)	Loss 5.6520e+00 (4.7959e+00)	Acc@1   2.73 ( 11.06)	Acc@5  10.16 ( 28.00)
Test: [160/196]	Time  0.235 ( 0.564)	Loss 4.2738e+00 (4.8012e+00)	Acc@1  14.45 ( 11.15)	Acc@5  37.89 ( 27.93)
Test: [160/196]	Time  0.234 ( 0.574)	Loss 4.2738e+00 (4.8012e+00)	Acc@1  14.45 ( 11.15)	Acc@5  37.89 ( 27.93)
Test: [160/196]	Time  0.256 ( 0.573)	Loss 4.2738e+00 (4.8012e+00)	Acc@1  14.45 ( 11.15)	Acc@5  37.89 ( 27.93)
Test: [160/196]	Time  0.274 ( 0.574)	Loss 4.2738e+00 (4.8012e+00)	Acc@1  14.45 ( 11.15)	Acc@5  37.89 ( 27.93)
Test: [170/196]	Time  1.465 ( 0.563)	Loss 3.4335e+00 (4.8170e+00)	Acc@1  28.12 ( 10.99)	Acc@5  54.30 ( 27.59)
Test: [170/196]	Time  1.457 ( 0.573)	Loss 3.4335e+00 (4.8170e+00)	Acc@1  28.12 ( 10.99)	Acc@5  54.30 ( 27.59)
Test: [170/196]	Time  1.456 ( 0.573)	Loss 3.4335e+00 (4.8170e+00)	Acc@1  28.12 ( 10.99)	Acc@5  54.30 ( 27.59)
Test: [170/196]	Time  1.481 ( 0.573)	Loss 3.4335e+00 (4.8170e+00)	Acc@1  28.12 ( 10.99)	Acc@5  54.30 ( 27.59)
Test: [180/196]	Time  0.234 ( 0.558)	Loss 4.6924e+00 (4.8176e+00)	Acc@1  11.33 ( 11.02)	Acc@5  29.69 ( 27.58)
Test: [180/196]	Time  0.234 ( 0.567)	Loss 4.6924e+00 (4.8176e+00)	Acc@1  11.33 ( 11.02)	Acc@5  29.69 ( 27.58)
Test: [180/196]	Time  0.250 ( 0.567)	Loss 4.6924e+00 (4.8176e+00)	Acc@1  11.33 ( 11.02)	Acc@5  29.69 ( 27.58)
Test: [180/196]	Time  0.271 ( 0.567)	Loss 4.6924e+00 (4.8176e+00)	Acc@1  11.33 ( 11.02)	Acc@5  29.69 ( 27.58)
Test: [190/196]	Time  1.381 ( 0.559)	Loss 3.3884e+00 (4.8102e+00)	Acc@1  28.52 ( 11.17)	Acc@5  51.56 ( 27.75)
Test: [190/196]	Time  1.257 ( 0.567)	Loss 3.3884e+00 (4.8102e+00)	Acc@1  28.52 ( 11.17)	Acc@5  51.56 ( 27.75)
Test: [190/196]	Time  1.257 ( 0.567)	Loss 3.3884e+00 (4.8102e+00)	Acc@1  28.52 ( 11.17)	Acc@5  51.56 ( 27.75)
Test: [190/196]	Time  1.257 ( 0.567)	Loss 3.3884e+00 (4.8102e+00)	Acc@1  28.52 ( 11.17)	Acc@5  51.56 ( 27.75)
 * Acc@1 11.296 Acc@5 27.850
 * Acc@1 11.296 Acc@5 27.850
 * Acc@1 11.296 Acc@5 27.850
 * Acc@1 11.296 Acc@5 27.850