=> creating model 'resnet50'
Epoch: [0][   0/5005]	Time 25.017 (25.017)	Data  2.058 ( 2.058)	Loss 7.0610e+00 (7.0610e+00)	Acc@1   0.00 (  0.00)	Acc@5   0.00 (  0.00)
Epoch: [0][  10/5005]	Time  0.202 ( 2.525)	Data  0.054 ( 0.192)	Loss 8.2512e+00 (8.0758e+00)	Acc@1   0.00 (  0.14)	Acc@5   0.39 (  0.60)
Epoch: [0][  20/5005]	Time  0.200 ( 1.480)	Data  0.000 ( 0.168)	Loss 7.4604e+00 (8.1967e+00)	Acc@1   0.00 (  0.15)	Acc@5   0.00 (  0.58)
Epoch: [0][  30/5005]	Time  0.911 ( 1.135)	Data  0.756 ( 0.186)	Loss 7.3513e+00 (7.8954e+00)	Acc@1   0.00 (  0.15)	Acc@5   0.00 (  0.58)
Epoch: [0][  40/5005]	Time  0.207 ( 0.941)	Data  0.000 ( 0.175)	Loss 6.9419e+00 (7.7049e+00)	Acc@1   0.78 (  0.17)	Acc@5   1.17 (  0.61)
Epoch: [0][  50/5005]	Time  0.764 ( 0.831)	Data  0.621 ( 0.180)	Loss 6.9578e+00 (7.5653e+00)	Acc@1   0.00 (  0.15)	Acc@5   0.78 (  0.57)
Epoch: [0][  60/5005]	Time  0.208 ( 0.752)	Data  0.000 ( 0.179)	Loss 6.9712e+00 (7.4703e+00)	Acc@1   0.00 (  0.13)	Acc@5   0.39 (  0.51)
Epoch: [0][  70/5005]	Time  0.740 ( 0.701)	Data  0.594 ( 0.185)	Loss 6.9108e+00 (7.3941e+00)	Acc@1   0.00 (  0.15)	Acc@5   0.39 (  0.57)
Epoch: [0][  80/5005]	Time  0.207 ( 0.658)	Data  0.000 ( 0.182)	Loss 6.8867e+00 (7.3342e+00)	Acc@1   0.39 (  0.15)	Acc@5   0.78 (  0.59)
Epoch: [0][  90/5005]	Time  0.755 ( 0.628)	Data  0.609 ( 0.184)	Loss 6.9120e+00 (7.2880e+00)	Acc@1   0.39 (  0.18)	Acc@5   0.39 (  0.64)
Epoch: [0][ 100/5005]	Time  0.207 ( 0.599)	Data  0.000 ( 0.180)	Loss 6.9068e+00 (7.2517e+00)	Acc@1   0.00 (  0.19)	Acc@5   0.39 (  0.65)
Epoch: [0][ 110/5005]	Time  0.999 ( 0.585)	Data  0.789 ( 0.187)	Loss 6.9097e+00 (7.2220e+00)	Acc@1   0.39 (  0.19)	Acc@5   0.39 (  0.65)
Epoch: [0][ 120/5005]	Time  0.208 ( 0.564)	Data  0.000 ( 0.183)	Loss 6.8973e+00 (7.1973e+00)	Acc@1   0.00 (  0.18)	Acc@5   0.00 (  0.65)
Epoch: [0][ 130/5005]	Time  0.852 ( 0.552)	Data  0.710 ( 0.187)	Loss 6.9111e+00 (7.1754e+00)	Acc@1   0.00 (  0.18)	Acc@5   0.00 (  0.65)
Epoch: [0][ 140/5005]	Time  0.208 ( 0.537)	Data  0.000 ( 0.184)	Loss 6.9127e+00 (7.1564e+00)	Acc@1   0.00 (  0.17)	Acc@5   0.00 (  0.63)
Epoch: [0][ 150/5005]	Time  0.786 ( 0.527)	Data  0.646 ( 0.185)	Loss 6.8982e+00 (7.1399e+00)	Acc@1   0.00 (  0.17)	Acc@5   0.39 (  0.65)
Epoch: [0][ 160/5005]	Time  0.208 ( 0.515)	Data  0.000 ( 0.182)	Loss 6.9352e+00 (7.1258e+00)	Acc@1   0.00 (  0.18)	Acc@5   1.17 (  0.66)
Epoch: [0][ 170/5005]	Time  0.838 ( 0.508)	Data  0.697 ( 0.184)	Loss 6.9374e+00 (7.1128e+00)	Acc@1   0.00 (  0.19)	Acc@5   0.00 (  0.67)
Epoch: [0][ 180/5005]	Time  0.208 ( 0.498)	Data  0.000 ( 0.181)	Loss 6.9155e+00 (7.1014e+00)	Acc@1   0.00 (  0.20)	Acc@5   0.78 (  0.67)
Epoch: [0][ 190/5005]	Time  0.820 ( 0.492)	Data  0.640 ( 0.182)	Loss 6.8979e+00 (7.0911e+00)	Acc@1   0.00 (  0.20)	Acc@5   1.56 (  0.66)
Epoch: [0][ 200/5005]	Time  0.222 ( 0.485)	Data  0.000 ( 0.181)	Loss 6.9007e+00 (7.0815e+00)	Acc@1   0.00 (  0.19)	Acc@5   0.78 (  0.66)
Epoch: [0][ 210/5005]	Time  0.647 ( 0.480)	Data  0.498 ( 0.182)	Loss 6.8943e+00 (7.0730e+00)	Acc@1   0.00 (  0.19)	Acc@5   1.17 (  0.67)
Epoch: [0][ 220/5005]	Time  0.256 ( 0.475)	Data  0.000 ( 0.182)	Loss 6.8992e+00 (7.0650e+00)	Acc@1   0.78 (  0.19)	Acc@5   1.17 (  0.69)
/home/leafz/PyTorch-Learning/virenv/lib/python3.6/site-packages/PIL/TiffImagePlugin.py:804: UserWarning: Corrupt EXIF data.  Expecting to read 4 bytes but only got 0.
  warnings.warn(str(msg))
Epoch: [0][ 230/5005]	Time  0.264 ( 0.469)	Data  0.123 ( 0.181)	Loss 6.8867e+00 (7.0578e+00)	Acc@1   0.00 (  0.19)	Acc@5   1.56 (  0.70)
Epoch: [0][ 240/5005]	Time  0.237 ( 0.467)	Data  0.000 ( 0.183)	Loss 6.9089e+00 (7.0515e+00)	Acc@1   0.00 (  0.19)	Acc@5   0.39 (  0.70)
Epoch: [0][ 250/5005]	Time  0.208 ( 0.463)	Data  0.000 ( 0.182)	Loss 6.8999e+00 (7.0453e+00)	Acc@1   0.00 (  0.19)	Acc@5   0.00 (  0.70)
Epoch: [0][ 260/5005]	Time  0.207 ( 0.460)	Data  0.000 ( 0.182)	Loss 6.8841e+00 (7.0393e+00)	Acc@1   0.00 (  0.19)	Acc@5   1.17 (  0.70)
Epoch: [0][ 270/5005]	Time  0.207 ( 0.456)	Data  0.000 ( 0.181)	Loss 6.8977e+00 (7.0336e+00)	Acc@1   0.00 (  0.19)	Acc@5   1.17 (  0.71)
Epoch: [0][ 280/5005]	Time  0.208 ( 0.455)	Data  0.000 ( 0.183)	Loss 6.8729e+00 (7.0286e+00)	Acc@1   0.00 (  0.18)	Acc@5   0.78 (  0.72)
Epoch: [0][ 290/5005]	Time  0.208 ( 0.451)	Data  0.000 ( 0.182)	Loss 6.8761e+00 (7.0231e+00)	Acc@1   0.39 (  0.19)	Acc@5   0.78 (  0.72)
Epoch: [0][ 300/5005]	Time  0.242 ( 0.448)	Data  0.000 ( 0.182)	Loss 6.8722e+00 (7.0180e+00)	Acc@1   1.17 (  0.19)	Acc@5   1.95 (  0.73)
Epoch: [0][ 310/5005]	Time  0.214 ( 0.445)	Data  0.000 ( 0.181)	Loss 6.8822e+00 (7.0131e+00)	Acc@1   0.78 (  0.19)	Acc@5   1.56 (  0.74)
Epoch: [0][ 320/5005]	Time  0.209 ( 0.443)	Data  0.000 ( 0.181)	Loss 6.8484e+00 (7.0083e+00)	Acc@1   0.39 (  0.19)	Acc@5   1.17 (  0.75)
Epoch: [0][ 330/5005]	Time  0.230 ( 0.440)	Data  0.000 ( 0.180)	Loss 6.8469e+00 (7.0034e+00)	Acc@1   0.00 (  0.20)	Acc@5   1.56 (  0.76)
Epoch: [0][ 340/5005]	Time  0.209 ( 0.439)	Data  0.000 ( 0.181)	Loss 6.8742e+00 (6.9991e+00)	Acc@1   0.00 (  0.20)	Acc@5   1.56 (  0.76)
Epoch: [0][ 350/5005]	Time  0.226 ( 0.437)	Data  0.000 ( 0.180)	Loss 6.8127e+00 (6.9946e+00)	Acc@1   0.00 (  0.20)	Acc@5   1.17 (  0.77)
Epoch: [0][ 360/5005]	Time  0.244 ( 0.435)	Data  0.000 ( 0.181)	Loss 6.8341e+00 (6.9906e+00)	Acc@1   0.00 (  0.20)	Acc@5   0.78 (  0.79)
Epoch: [0][ 370/5005]	Time  0.209 ( 0.434)	Data  0.000 ( 0.180)	Loss 6.8850e+00 (6.9869e+00)	Acc@1   0.00 (  0.20)	Acc@5   1.17 (  0.79)
Epoch: [0][ 380/5005]	Time  0.217 ( 0.432)	Data  0.000 ( 0.181)	Loss 6.8102e+00 (6.9828e+00)	Acc@1   0.00 (  0.20)	Acc@5   0.39 (  0.80)
Epoch: [0][ 390/5005]	Time  0.227 ( 0.430)	Data  0.000 ( 0.180)	Loss 6.8045e+00 (6.9786e+00)	Acc@1   0.39 (  0.20)	Acc@5   1.17 (  0.80)
Epoch: [0][ 400/5005]	Time  0.224 ( 0.429)	Data  0.000 ( 0.181)	Loss 6.7926e+00 (6.9746e+00)	Acc@1   0.39 (  0.21)	Acc@5   1.95 (  0.81)
Epoch: [0][ 410/5005]	Time  0.208 ( 0.427)	Data  0.001 ( 0.180)	Loss 6.7819e+00 (6.9706e+00)	Acc@1   0.39 (  0.21)	Acc@5   1.95 (  0.82)
Epoch: [0][ 420/5005]	Time  0.215 ( 0.427)	Data  0.000 ( 0.181)	Loss 6.8059e+00 (6.9667e+00)	Acc@1   0.00 (  0.22)	Acc@5   1.56 (  0.84)
Epoch: [0][ 430/5005]	Time  0.225 ( 0.425)	Data  0.074 ( 0.180)	Loss 6.7919e+00 (6.9631e+00)	Acc@1   0.78 (  0.22)	Acc@5   1.17 (  0.85)
Epoch: [0][ 440/5005]	Time  0.208 ( 0.424)	Data  0.000 ( 0.181)	Loss 6.8053e+00 (6.9597e+00)	Acc@1   0.78 (  0.22)	Acc@5   1.95 (  0.86)
Epoch: [0][ 450/5005]	Time  0.322 ( 0.422)	Data  0.175 ( 0.181)	Loss 6.7326e+00 (6.9563e+00)	Acc@1   0.39 (  0.23)	Acc@5   2.73 (  0.88)
Epoch: [0][ 460/5005]	Time  0.208 ( 0.422)	Data  0.000 ( 0.182)	Loss 6.7487e+00 (6.9524e+00)	Acc@1   0.39 (  0.23)	Acc@5   1.17 (  0.90)
Epoch: [0][ 470/5005]	Time  1.086 ( 0.422)	Data  0.945 ( 0.183)	Loss 6.7830e+00 (6.9493e+00)	Acc@1   0.39 (  0.23)	Acc@5   2.73 (  0.91)
Epoch: [0][ 480/5005]	Time  0.208 ( 0.420)	Data  0.000 ( 0.182)	Loss 6.8158e+00 (6.9459e+00)	Acc@1   0.39 (  0.23)	Acc@5   1.56 (  0.92)
Epoch: [0][ 490/5005]	Time  0.988 ( 0.420)	Data  0.845 ( 0.183)	Loss 6.8263e+00 (6.9425e+00)	Acc@1   0.78 (  0.24)	Acc@5   1.56 (  0.93)
Epoch: [0][ 500/5005]	Time  0.198 ( 0.419)	Data  0.000 ( 0.183)	Loss 6.8018e+00 (6.9392e+00)	Acc@1   0.00 (  0.24)	Acc@5   1.56 (  0.94)
Epoch: [0][ 510/5005]	Time  0.838 ( 0.419)	Data  0.692 ( 0.183)	Loss 6.7453e+00 (6.9356e+00)	Acc@1   0.39 (  0.24)	Acc@5   1.95 (  0.96)
Epoch: [0][ 520/5005]	Time  0.208 ( 0.418)	Data  0.000 ( 0.184)	Loss 6.7859e+00 (6.9316e+00)	Acc@1   0.00 (  0.24)	Acc@5   1.17 (  0.97)
Epoch: [0][ 530/5005]	Time  0.823 ( 0.418)	Data  0.682 ( 0.184)	Loss 6.7631e+00 (6.9279e+00)	Acc@1   1.17 (  0.25)	Acc@5   1.17 (  0.99)
Epoch: [0][ 540/5005]	Time  0.207 ( 0.417)	Data  0.000 ( 0.184)	Loss 6.7366e+00 (6.9241e+00)	Acc@1   0.78 (  0.25)	Acc@5   1.17 (  1.01)
Epoch: [0][ 550/5005]	Time  0.887 ( 0.416)	Data  0.707 ( 0.184)	Loss 6.7632e+00 (6.9207e+00)	Acc@1   0.00 (  0.25)	Acc@5   0.78 (  1.02)
Epoch: [0][ 560/5005]	Time  0.208 ( 0.414)	Data  0.000 ( 0.183)	Loss 6.7112e+00 (6.9173e+00)	Acc@1   0.00 (  0.25)	Acc@5   1.95 (  1.03)
Epoch: [0][ 570/5005]	Time  0.752 ( 0.414)	Data  0.611 ( 0.183)	Loss 6.7348e+00 (6.9141e+00)	Acc@1   1.17 (  0.26)	Acc@5   1.95 (  1.05)
Epoch: [0][ 580/5005]	Time  0.213 ( 0.413)	Data  0.000 ( 0.183)	Loss 6.7066e+00 (6.9108e+00)	Acc@1   1.17 (  0.26)	Acc@5   2.73 (  1.06)
Epoch: [0][ 590/5005]	Time  0.918 ( 0.413)	Data  0.748 ( 0.183)	Loss 6.6758e+00 (6.9073e+00)	Acc@1   1.17 (  0.27)	Acc@5   2.73 (  1.07)
Epoch: [0][ 600/5005]	Time  0.208 ( 0.411)	Data  0.000 ( 0.182)	Loss 6.7781e+00 (6.9041e+00)	Acc@1   0.39 (  0.27)	Acc@5   1.17 (  1.08)
Epoch: [0][ 610/5005]	Time  1.079 ( 0.411)	Data  0.905 ( 0.183)	Loss 6.7301e+00 (6.9006e+00)	Acc@1   0.00 (  0.28)	Acc@5   1.56 (  1.10)
Epoch: [0][ 620/5005]	Time  0.208 ( 0.410)	Data  0.000 ( 0.183)	Loss 6.6707e+00 (6.8972e+00)	Acc@1   0.00 (  0.28)	Acc@5   0.78 (  1.11)
Epoch: [0][ 630/5005]	Time  0.754 ( 0.410)	Data  0.595 ( 0.183)	Loss 6.6421e+00 (6.8936e+00)	Acc@1   0.39 (  0.29)	Acc@5   1.95 (  1.13)
Epoch: [0][ 640/5005]	Time  0.194 ( 0.408)	Data  0.000 ( 0.182)	Loss 6.6681e+00 (6.8904e+00)	Acc@1   0.39 (  0.29)	Acc@5   2.34 (  1.14)
Epoch: [0][ 650/5005]	Time  0.919 ( 0.408)	Data  0.773 ( 0.183)	Loss 6.6247e+00 (6.8866e+00)	Acc@1   1.17 (  0.29)	Acc@5   1.95 (  1.16)
Epoch: [0][ 660/5005]	Time  0.207 ( 0.407)	Data  0.000 ( 0.182)	Loss 6.7649e+00 (6.8832e+00)	Acc@1   0.39 (  0.29)	Acc@5   2.34 (  1.17)
Epoch: [0][ 670/5005]	Time  1.034 ( 0.408)	Data  0.829 ( 0.183)	Loss 6.6680e+00 (6.8800e+00)	Acc@1   0.78 (  0.30)	Acc@5   2.34 (  1.20)
Epoch: [0][ 680/5005]	Time  0.207 ( 0.407)	Data  0.000 ( 0.182)	Loss 6.6512e+00 (6.8769e+00)	Acc@1   0.39 (  0.30)	Acc@5   2.34 (  1.22)
Epoch: [0][ 690/5005]	Time  0.808 ( 0.406)	Data  0.667 ( 0.183)	Loss 6.5896e+00 (6.8733e+00)	Acc@1   0.39 (  0.30)	Acc@5   3.91 (  1.24)
Epoch: [0][ 700/5005]	Time  0.202 ( 0.405)	Data  0.000 ( 0.182)	Loss 6.6308e+00 (6.8696e+00)	Acc@1   0.78 (  0.31)	Acc@5   4.30 (  1.27)
Epoch: [0][ 710/5005]	Time  0.877 ( 0.406)	Data  0.736 ( 0.183)	Loss 6.6445e+00 (6.8664e+00)	Acc@1   0.39 (  0.32)	Acc@5   2.34 (  1.29)
Epoch: [0][ 720/5005]	Time  0.140 ( 0.405)	Data  0.000 ( 0.182)	Loss 6.5134e+00 (6.8628e+00)	Acc@1   1.56 (  0.32)	Acc@5   3.52 (  1.31)
Epoch: [0][ 730/5005]	Time  0.832 ( 0.405)	Data  0.692 ( 0.183)	Loss 6.6190e+00 (6.8597e+00)	Acc@1   0.39 (  0.33)	Acc@5   3.12 (  1.33)
Epoch: [0][ 740/5005]	Time  0.215 ( 0.404)	Data  0.000 ( 0.183)	Loss 6.6247e+00 (6.8561e+00)	Acc@1   0.00 (  0.33)	Acc@5   1.56 (  1.35)
Epoch: [0][ 750/5005]	Time  0.909 ( 0.404)	Data  0.761 ( 0.183)	Loss 6.6416e+00 (6.8532e+00)	Acc@1   0.78 (  0.33)	Acc@5   2.73 (  1.36)
Epoch: [0][ 760/5005]	Time  0.208 ( 0.403)	Data  0.000 ( 0.183)	Loss 6.6226e+00 (6.8502e+00)	Acc@1   0.39 (  0.33)	Acc@5   2.73 (  1.37)
Epoch: [0][ 770/5005]	Time  0.942 ( 0.404)	Data  0.757 ( 0.183)	Loss 6.6179e+00 (6.8472e+00)	Acc@1   0.39 (  0.33)	Acc@5   1.95 (  1.39)
Epoch: [0][ 780/5005]	Time  0.254 ( 0.403)	Data  0.000 ( 0.183)	Loss 6.6016e+00 (6.8438e+00)	Acc@1   0.39 (  0.34)	Acc@5   1.56 (  1.41)
Epoch: [0][ 790/5005]	Time  0.866 ( 0.403)	Data  0.717 ( 0.183)	Loss 6.5793e+00 (6.8406e+00)	Acc@1   0.00 (  0.34)	Acc@5   1.95 (  1.42)
Epoch: [0][ 800/5005]	Time  0.212 ( 0.402)	Data  0.000 ( 0.182)	Loss 6.5777e+00 (6.8373e+00)	Acc@1   0.39 (  0.34)	Acc@5   2.73 (  1.44)
Epoch: [0][ 810/5005]	Time  0.861 ( 0.402)	Data  0.691 ( 0.183)	Loss 6.5075e+00 (6.8338e+00)	Acc@1   1.95 (  0.35)	Acc@5   3.12 (  1.46)
Epoch: [0][ 820/5005]	Time  0.213 ( 0.401)	Data  0.000 ( 0.182)	Loss 6.5144e+00 (6.8303e+00)	Acc@1   1.56 (  0.36)	Acc@5   5.08 (  1.49)
Epoch: [0][ 830/5005]	Time  0.757 ( 0.401)	Data  0.616 ( 0.183)	Loss 6.5787e+00 (6.8269e+00)	Acc@1   0.00 (  0.36)	Acc@5   1.56 (  1.51)
Epoch: [0][ 840/5005]	Time  0.209 ( 0.400)	Data  0.000 ( 0.182)	Loss 6.4851e+00 (6.8236e+00)	Acc@1   0.39 (  0.37)	Acc@5   3.91 (  1.53)
Epoch: [0][ 850/5005]	Time  0.905 ( 0.400)	Data  0.719 ( 0.183)	Loss 6.5131e+00 (6.8203e+00)	Acc@1   1.56 (  0.38)	Acc@5   3.12 (  1.55)
Epoch: [0][ 860/5005]	Time  0.191 ( 0.400)	Data  0.000 ( 0.182)	Loss 6.5262e+00 (6.8166e+00)	Acc@1   0.78 (  0.38)	Acc@5   1.56 (  1.57)
Epoch: [0][ 870/5005]	Time  0.708 ( 0.400)	Data  0.558 ( 0.183)	Loss 6.5347e+00 (6.8134e+00)	Acc@1   0.39 (  0.39)	Acc@5   1.95 (  1.59)
Epoch: [0][ 880/5005]	Time  0.208 ( 0.399)	Data  0.000 ( 0.182)	Loss 6.5031e+00 (6.8101e+00)	Acc@1   1.56 (  0.39)	Acc@5   3.91 (  1.61)
Epoch: [0][ 890/5005]	Time  0.869 ( 0.399)	Data  0.727 ( 0.182)	Loss 6.4904e+00 (6.8067e+00)	Acc@1   1.56 (  0.40)	Acc@5   4.30 (  1.64)
Epoch: [0][ 900/5005]	Time  0.208 ( 0.398)	Data  0.000 ( 0.182)	Loss 6.3923e+00 (6.8033e+00)	Acc@1   2.34 (  0.41)	Acc@5   6.25 (  1.66)
Epoch: [0][ 910/5005]	Time  0.864 ( 0.398)	Data  0.723 ( 0.182)	Loss 6.5998e+00 (6.8001e+00)	Acc@1   0.39 (  0.41)	Acc@5   1.17 (  1.67)
Epoch: [0][ 920/5005]	Time  0.208 ( 0.397)	Data  0.000 ( 0.182)	Loss 6.4818e+00 (6.7967e+00)	Acc@1   1.56 (  0.42)	Acc@5   3.91 (  1.69)
Epoch: [0][ 930/5005]	Time  0.794 ( 0.398)	Data  0.653 ( 0.183)	Loss 6.5127e+00 (6.7934e+00)	Acc@1   0.00 (  0.42)	Acc@5   3.12 (  1.71)
Epoch: [0][ 940/5005]	Time  0.208 ( 0.397)	Data  0.000 ( 0.182)	Loss 6.5139e+00 (6.7898e+00)	Acc@1   2.73 (  0.43)	Acc@5   5.08 (  1.74)
Epoch: [0][ 950/5005]	Time  0.979 ( 0.397)	Data  0.837 ( 0.183)	Loss 6.5767e+00 (6.7865e+00)	Acc@1   0.78 (  0.44)	Acc@5   3.52 (  1.76)
Epoch: [0][ 960/5005]	Time  0.230 ( 0.397)	Data  0.000 ( 0.182)	Loss 6.3435e+00 (6.7827e+00)	Acc@1   0.00 (  0.44)	Acc@5   3.91 (  1.79)
Epoch: [0][ 970/5005]	Time  0.804 ( 0.397)	Data  0.616 ( 0.182)	Loss 6.4518e+00 (6.7794e+00)	Acc@1   0.78 (  0.45)	Acc@5   3.52 (  1.81)
Epoch: [0][ 980/5005]	Time  0.223 ( 0.396)	Data  0.000 ( 0.182)	Loss 6.4569e+00 (6.7759e+00)	Acc@1   0.78 (  0.45)	Acc@5   4.30 (  1.83)
Epoch: [0][ 990/5005]	Time  0.727 ( 0.396)	Data  0.583 ( 0.183)	Loss 6.4106e+00 (6.7726e+00)	Acc@1   0.39 (  0.46)	Acc@5   4.69 (  1.85)
Epoch: [0][1000/5005]	Time  0.208 ( 0.396)	Data  0.000 ( 0.182)	Loss 6.4076e+00 (6.7692e+00)	Acc@1   1.95 (  0.47)	Acc@5   5.86 (  1.87)
Epoch: [0][1010/5005]	Time  1.161 ( 0.396)	Data  0.971 ( 0.183)	Loss 6.5166e+00 (6.7660e+00)	Acc@1   1.17 (  0.47)	Acc@5   3.91 (  1.90)
Epoch: [0][1020/5005]	Time  0.218 ( 0.396)	Data  0.000 ( 0.182)	Loss 6.3438e+00 (6.7623e+00)	Acc@1   0.39 (  0.47)	Acc@5   2.73 (  1.92)
Epoch: [0][1030/5005]	Time  0.786 ( 0.395)	Data  0.628 ( 0.183)	Loss 6.4212e+00 (6.7590e+00)	Acc@1   1.17 (  0.48)	Acc@5   4.69 (  1.94)
Epoch: [0][1040/5005]	Time  0.213 ( 0.395)	Data  0.000 ( 0.182)	Loss 6.3103e+00 (6.7553e+00)	Acc@1   1.95 (  0.49)	Acc@5   6.64 (  1.96)
Epoch: [0][1050/5005]	Time  0.406 ( 0.395)	Data  0.265 ( 0.183)	Loss 6.3751e+00 (6.7517e+00)	Acc@1   0.78 (  0.49)	Acc@5   2.73 (  1.98)
Epoch: [0][1060/5005]	Time  0.801 ( 0.395)	Data  0.659 ( 0.183)	Loss 6.3909e+00 (6.7482e+00)	Acc@1   1.95 (  0.50)	Acc@5   4.30 (  2.01)
Epoch: [0][1070/5005]	Time  0.189 ( 0.395)	Data  0.000 ( 0.183)	Loss 6.1921e+00 (6.7443e+00)	Acc@1   1.56 (  0.51)	Acc@5   5.47 (  2.03)
Epoch: [0][1080/5005]	Time  0.933 ( 0.395)	Data  0.791 ( 0.183)	Loss 6.2548e+00 (6.7403e+00)	Acc@1   1.17 (  0.52)	Acc@5   3.91 (  2.06)
Epoch: [0][1090/5005]	Time  0.177 ( 0.394)	Data  0.000 ( 0.183)	Loss 6.3822e+00 (6.7367e+00)	Acc@1   0.39 (  0.52)	Acc@5   4.30 (  2.08)
Epoch: [0][1100/5005]	Time  0.868 ( 0.395)	Data  0.716 ( 0.183)	Loss 6.3617e+00 (6.7330e+00)	Acc@1   0.78 (  0.53)	Acc@5   4.30 (  2.10)
Epoch: [0][1110/5005]	Time  0.207 ( 0.394)	Data  0.000 ( 0.183)	Loss 6.3375e+00 (6.7292e+00)	Acc@1   0.78 (  0.54)	Acc@5   4.30 (  2.13)
Epoch: [0][1120/5005]	Time  1.172 ( 0.395)	Data  0.969 ( 0.184)	Loss 6.3289e+00 (6.7254e+00)	Acc@1   0.39 (  0.54)	Acc@5   3.52 (  2.17)
Epoch: [0][1130/5005]	Time  0.224 ( 0.394)	Data  0.000 ( 0.183)	Loss 6.2440e+00 (6.7214e+00)	Acc@1   1.17 (  0.55)	Acc@5   4.69 (  2.19)
Epoch: [0][1140/5005]	Time  0.891 ( 0.394)	Data  0.750 ( 0.183)	Loss 6.2515e+00 (6.7175e+00)	Acc@1   2.73 (  0.56)	Acc@5   6.64 (  2.22)
Epoch: [0][1150/5005]	Time  0.209 ( 0.394)	Data  0.000 ( 0.183)	Loss 6.2866e+00 (6.7138e+00)	Acc@1   1.17 (  0.57)	Acc@5   5.47 (  2.24)
Epoch: [0][1160/5005]	Time  0.746 ( 0.394)	Data  0.605 ( 0.183)	Loss 6.2393e+00 (6.7102e+00)	Acc@1   1.17 (  0.58)	Acc@5   5.47 (  2.26)
Epoch: [0][1170/5005]	Time  0.209 ( 0.393)	Data  0.000 ( 0.183)	Loss 6.3903e+00 (6.7067e+00)	Acc@1   0.39 (  0.58)	Acc@5   3.12 (  2.29)
Epoch: [0][1180/5005]	Time  1.025 ( 0.393)	Data  0.883 ( 0.184)	Loss 6.3574e+00 (6.7032e+00)	Acc@1   1.17 (  0.59)	Acc@5   3.12 (  2.31)
Epoch: [0][1190/5005]	Time  0.235 ( 0.393)	Data  0.000 ( 0.183)	Loss 6.2640e+00 (6.6992e+00)	Acc@1   1.17 (  0.59)	Acc@5   3.91 (  2.33)
Epoch: [0][1200/5005]	Time  0.945 ( 0.393)	Data  0.802 ( 0.184)	Loss 6.2215e+00 (6.6957e+00)	Acc@1   0.39 (  0.60)	Acc@5   6.64 (  2.36)
Epoch: [0][1210/5005]	Time  0.189 ( 0.393)	Data  0.000 ( 0.183)	Loss 6.2056e+00 (6.6919e+00)	Acc@1   1.17 (  0.61)	Acc@5   5.08 (  2.38)
Epoch: [0][1220/5005]	Time  0.921 ( 0.393)	Data  0.775 ( 0.184)	Loss 6.1670e+00 (6.6877e+00)	Acc@1   1.95 (  0.61)	Acc@5   7.42 (  2.42)
Epoch: [0][1230/5005]	Time  0.208 ( 0.393)	Data  0.000 ( 0.184)	Loss 6.1093e+00 (6.6837e+00)	Acc@1   1.17 (  0.62)	Acc@5   7.03 (  2.45)
Epoch: [0][1240/5005]	Time  0.691 ( 0.393)	Data  0.550 ( 0.184)	Loss 6.2967e+00 (6.6798e+00)	Acc@1   1.95 (  0.63)	Acc@5   7.81 (  2.49)
Epoch: [0][1250/5005]	Time  0.230 ( 0.392)	Data  0.000 ( 0.183)	Loss 6.3234e+00 (6.6762e+00)	Acc@1   1.17 (  0.64)	Acc@5   5.08 (  2.51)
Epoch: [0][1260/5005]	Time  0.793 ( 0.392)	Data  0.651 ( 0.183)	Loss 6.0962e+00 (6.6721e+00)	Acc@1   1.95 (  0.65)	Acc@5   6.64 (  2.54)
Epoch: [0][1270/5005]	Time  0.208 ( 0.392)	Data  0.000 ( 0.183)	Loss 6.0862e+00 (6.6679e+00)	Acc@1   2.73 (  0.66)	Acc@5   7.81 (  2.57)
Epoch: [0][1280/5005]	Time  0.879 ( 0.392)	Data  0.674 ( 0.184)	Loss 6.1955e+00 (6.6641e+00)	Acc@1   1.95 (  0.66)	Acc@5   5.47 (  2.60)
Epoch: [0][1290/5005]	Time  0.191 ( 0.392)	Data  0.001 ( 0.183)	Loss 6.1031e+00 (6.6604e+00)	Acc@1   1.56 (  0.67)	Acc@5   5.47 (  2.63)
Epoch: [0][1300/5005]	Time  0.699 ( 0.392)	Data  0.554 ( 0.183)	Loss 6.3719e+00 (6.6566e+00)	Acc@1   1.17 (  0.68)	Acc@5   4.69 (  2.66)
Epoch: [0][1310/5005]	Time  0.208 ( 0.391)	Data  0.000 ( 0.183)	Loss 6.0925e+00 (6.6528e+00)	Acc@1   3.91 (  0.69)	Acc@5  10.16 (  2.69)
Epoch: [0][1320/5005]	Time  0.809 ( 0.391)	Data  0.668 ( 0.183)	Loss 6.0355e+00 (6.6488e+00)	Acc@1   2.73 (  0.70)	Acc@5   9.77 (  2.73)
Epoch: [0][1330/5005]	Time  0.208 ( 0.391)	Data  0.000 ( 0.183)	Loss 6.0972e+00 (6.6449e+00)	Acc@1   0.78 (  0.71)	Acc@5   7.42 (  2.75)
Epoch: [0][1340/5005]	Time  1.086 ( 0.391)	Data  0.868 ( 0.183)	Loss 6.1697e+00 (6.6411e+00)	Acc@1   0.78 (  0.72)	Acc@5   6.64 (  2.78)
Epoch: [0][1350/5005]	Time  0.208 ( 0.390)	Data  0.000 ( 0.183)	Loss 6.2629e+00 (6.6369e+00)	Acc@1   0.39 (  0.73)	Acc@5   5.08 (  2.82)
Epoch: [0][1360/5005]	Time  0.876 ( 0.391)	Data  0.735 ( 0.183)	Loss 6.1111e+00 (6.6329e+00)	Acc@1   2.34 (  0.73)	Acc@5   6.25 (  2.85)
Epoch: [0][1370/5005]	Time  0.221 ( 0.390)	Data  0.000 ( 0.183)	Loss 6.1634e+00 (6.6292e+00)	Acc@1   0.78 (  0.74)	Acc@5   5.47 (  2.88)
Epoch: [0][1380/5005]	Time  0.689 ( 0.390)	Data  0.508 ( 0.183)	Loss 6.0755e+00 (6.6253e+00)	Acc@1   3.12 (  0.75)	Acc@5   8.98 (  2.91)
Epoch: [0][1390/5005]	Time  0.208 ( 0.390)	Data  0.000 ( 0.183)	Loss 5.9784e+00 (6.6212e+00)	Acc@1   2.34 (  0.76)	Acc@5   8.98 (  2.94)
Epoch: [0][1400/5005]	Time  0.485 ( 0.390)	Data  0.327 ( 0.183)	Loss 6.0350e+00 (6.6171e+00)	Acc@1   1.56 (  0.77)	Acc@5   8.20 (  2.97)
Epoch: [0][1410/5005]	Time  0.208 ( 0.389)	Data  0.000 ( 0.183)	Loss 6.1450e+00 (6.6132e+00)	Acc@1   1.17 (  0.78)	Acc@5   4.30 (  3.00)
Epoch: [0][1420/5005]	Time  0.209 ( 0.389)	Data  0.068 ( 0.183)	Loss 6.1713e+00 (6.6096e+00)	Acc@1   1.95 (  0.79)	Acc@5   6.25 (  3.03)
Epoch: [0][1430/5005]	Time  0.208 ( 0.389)	Data  0.000 ( 0.183)	Loss 6.0861e+00 (6.6054e+00)	Acc@1   0.78 (  0.79)	Acc@5   8.20 (  3.07)
Epoch: [0][1440/5005]	Time  0.463 ( 0.389)	Data  0.284 ( 0.183)	Loss 6.0252e+00 (6.6015e+00)	Acc@1   1.95 (  0.80)	Acc@5   6.25 (  3.10)
Epoch: [0][1450/5005]	Time  0.209 ( 0.389)	Data  0.000 ( 0.183)	Loss 6.0313e+00 (6.5977e+00)	Acc@1   1.95 (  0.81)	Acc@5   7.03 (  3.13)
Epoch: [0][1460/5005]	Time  0.310 ( 0.389)	Data  0.170 ( 0.183)	Loss 6.0848e+00 (6.5941e+00)	Acc@1   2.34 (  0.82)	Acc@5   7.42 (  3.16)
Epoch: [0][1470/5005]	Time  0.230 ( 0.389)	Data  0.000 ( 0.183)	Loss 6.0744e+00 (6.5903e+00)	Acc@1   1.17 (  0.83)	Acc@5   7.81 (  3.19)
Epoch: [0][1480/5005]	Time  0.595 ( 0.389)	Data  0.453 ( 0.184)	Loss 5.8358e+00 (6.5864e+00)	Acc@1   2.73 (  0.84)	Acc@5  11.72 (  3.23)
Epoch: [0][1490/5005]	Time  0.208 ( 0.388)	Data  0.000 ( 0.184)	Loss 5.8939e+00 (6.5823e+00)	Acc@1   2.34 (  0.84)	Acc@5   7.03 (  3.27)
Epoch: [0][1500/5005]	Time  0.419 ( 0.388)	Data  0.276 ( 0.184)	Loss 6.0586e+00 (6.5782e+00)	Acc@1   2.73 (  0.86)	Acc@5   8.20 (  3.31)
Epoch: [0][1510/5005]	Time  0.208 ( 0.388)	Data  0.000 ( 0.184)	Loss 5.7618e+00 (6.5740e+00)	Acc@1   1.95 (  0.87)	Acc@5  14.45 (  3.35)
Epoch: [0][1520/5005]	Time  0.634 ( 0.388)	Data  0.488 ( 0.184)	Loss 5.9149e+00 (6.5698e+00)	Acc@1   3.91 (  0.88)	Acc@5   9.77 (  3.39)
Epoch: [0][1530/5005]	Time  0.209 ( 0.388)	Data  0.000 ( 0.184)	Loss 5.9616e+00 (6.5659e+00)	Acc@1   3.52 (  0.89)	Acc@5  11.33 (  3.42)
Epoch: [0][1540/5005]	Time  0.613 ( 0.388)	Data  0.473 ( 0.184)	Loss 5.9587e+00 (6.5623e+00)	Acc@1   1.95 (  0.90)	Acc@5   7.03 (  3.45)
Epoch: [0][1550/5005]	Time  0.208 ( 0.388)	Data  0.000 ( 0.184)	Loss 5.9900e+00 (6.5584e+00)	Acc@1   1.17 (  0.91)	Acc@5   8.20 (  3.48)
Epoch: [0][1560/5005]	Time  0.233 ( 0.388)	Data  0.093 ( 0.184)	Loss 5.8088e+00 (6.5544e+00)	Acc@1   3.52 (  0.92)	Acc@5   7.81 (  3.51)
Epoch: [0][1570/5005]	Time  0.211 ( 0.388)	Data  0.000 ( 0.184)	Loss 5.7717e+00 (6.5503e+00)	Acc@1   1.95 (  0.93)	Acc@5   9.38 (  3.54)
Epoch: [0][1580/5005]	Time  0.210 ( 0.388)	Data  0.000 ( 0.184)	Loss 5.8474e+00 (6.5463e+00)	Acc@1   2.73 (  0.94)	Acc@5  11.72 (  3.58)
Epoch: [0][1590/5005]	Time  0.195 ( 0.387)	Data  0.000 ( 0.184)	Loss 5.9676e+00 (6.5422e+00)	Acc@1   3.91 (  0.95)	Acc@5   8.59 (  3.62)
Epoch: [0][1600/5005]	Time  0.208 ( 0.387)	Data  0.000 ( 0.184)	Loss 5.9777e+00 (6.5384e+00)	Acc@1   1.17 (  0.96)	Acc@5   8.98 (  3.65)
Epoch: [0][1610/5005]	Time  0.216 ( 0.387)	Data  0.000 ( 0.184)	Loss 5.9555e+00 (6.5345e+00)	Acc@1   2.34 (  0.97)	Acc@5   8.98 (  3.69)
Epoch: [0][1620/5005]	Time  0.208 ( 0.387)	Data  0.000 ( 0.184)	Loss 5.9690e+00 (6.5305e+00)	Acc@1   2.73 (  0.99)	Acc@5   7.42 (  3.73)
Epoch: [0][1630/5005]	Time  0.231 ( 0.387)	Data  0.000 ( 0.184)	Loss 6.0128e+00 (6.5265e+00)	Acc@1   2.34 (  1.00)	Acc@5   8.98 (  3.77)
Epoch: [0][1640/5005]	Time  0.208 ( 0.387)	Data  0.000 ( 0.184)	Loss 5.8031e+00 (6.5222e+00)	Acc@1   3.91 (  1.02)	Acc@5  10.16 (  3.81)
Epoch: [0][1650/5005]	Time  0.218 ( 0.387)	Data  0.000 ( 0.184)	Loss 5.8144e+00 (6.5182e+00)	Acc@1   4.69 (  1.03)	Acc@5   9.77 (  3.85)
Epoch: [0][1660/5005]	Time  0.211 ( 0.387)	Data  0.000 ( 0.185)	Loss 6.0549e+00 (6.5142e+00)	Acc@1   1.95 (  1.04)	Acc@5   8.59 (  3.89)
Epoch: [0][1670/5005]	Time  0.212 ( 0.387)	Data  0.000 ( 0.184)	Loss 5.7168e+00 (6.5102e+00)	Acc@1   3.91 (  1.06)	Acc@5  12.50 (  3.93)
Epoch: [0][1680/5005]	Time  0.208 ( 0.387)	Data  0.000 ( 0.185)	Loss 5.8920e+00 (6.5062e+00)	Acc@1   1.56 (  1.07)	Acc@5   8.59 (  3.97)
Epoch: [0][1690/5005]	Time  0.150 ( 0.387)	Data  0.000 ( 0.184)	Loss 5.7893e+00 (6.5025e+00)	Acc@1   2.34 (  1.08)	Acc@5   8.59 (  4.00)
Epoch: [0][1700/5005]	Time  0.208 ( 0.387)	Data  0.000 ( 0.184)	Loss 5.8364e+00 (6.4987e+00)	Acc@1   0.78 (  1.09)	Acc@5   6.25 (  4.04)
Epoch: [0][1710/5005]	Time  0.224 ( 0.387)	Data  0.000 ( 0.184)	Loss 5.8995e+00 (6.4950e+00)	Acc@1   3.91 (  1.10)	Acc@5  10.55 (  4.07)
Epoch: [0][1720/5005]	Time  0.164 ( 0.387)	Data  0.000 ( 0.184)	Loss 5.7915e+00 (6.4910e+00)	Acc@1   2.34 (  1.11)	Acc@5   8.20 (  4.11)
Epoch: [0][1730/5005]	Time  0.207 ( 0.387)	Data  0.000 ( 0.184)	Loss 5.5723e+00 (6.4869e+00)	Acc@1   7.03 (  1.12)	Acc@5  17.97 (  4.15)
Epoch: [0][1740/5005]	Time  0.254 ( 0.387)	Data  0.000 ( 0.184)	Loss 5.8727e+00 (6.4832e+00)	Acc@1   2.73 (  1.14)	Acc@5  10.55 (  4.18)
Epoch: [0][1750/5005]	Time  0.184 ( 0.387)	Data  0.001 ( 0.184)	Loss 5.9545e+00 (6.4793e+00)	Acc@1   1.56 (  1.15)	Acc@5   7.42 (  4.22)
Epoch: [0][1760/5005]	Time  0.251 ( 0.387)	Data  0.000 ( 0.184)	Loss 5.7189e+00 (6.4751e+00)	Acc@1   1.56 (  1.16)	Acc@5  11.33 (  4.26)
Epoch: [0][1770/5005]	Time  0.225 ( 0.386)	Data  0.000 ( 0.184)	Loss 5.8535e+00 (6.4713e+00)	Acc@1   1.95 (  1.17)	Acc@5  10.16 (  4.30)
Epoch: [0][1780/5005]	Time  0.229 ( 0.387)	Data  0.000 ( 0.184)	Loss 5.7377e+00 (6.4675e+00)	Acc@1   1.56 (  1.18)	Acc@5   9.38 (  4.34)
Epoch: [0][1790/5005]	Time  0.211 ( 0.386)	Data  0.000 ( 0.184)	Loss 5.7661e+00 (6.4635e+00)	Acc@1   3.12 (  1.20)	Acc@5  11.33 (  4.39)
Epoch: [0][1800/5005]	Time  0.208 ( 0.386)	Data  0.000 ( 0.184)	Loss 5.6639e+00 (6.4595e+00)	Acc@1   3.12 (  1.21)	Acc@5  12.50 (  4.43)
Epoch: [0][1810/5005]	Time  0.208 ( 0.386)	Data  0.000 ( 0.184)	Loss 5.7257e+00 (6.4551e+00)	Acc@1   4.69 (  1.22)	Acc@5   9.77 (  4.48)
Epoch: [0][1820/5005]	Time  0.196 ( 0.386)	Data  0.001 ( 0.184)	Loss 5.8949e+00 (6.4511e+00)	Acc@1   3.12 (  1.24)	Acc@5   9.77 (  4.52)
Epoch: [0][1830/5005]	Time  0.214 ( 0.386)	Data  0.000 ( 0.184)	Loss 5.8998e+00 (6.4471e+00)	Acc@1   2.73 (  1.25)	Acc@5   9.38 (  4.56)
Epoch: [0][1840/5005]	Time  0.208 ( 0.386)	Data  0.000 ( 0.184)	Loss 5.7645e+00 (6.4434e+00)	Acc@1   1.56 (  1.26)	Acc@5   9.77 (  4.59)
Epoch: [0][1850/5005]	Time  0.208 ( 0.385)	Data  0.000 ( 0.184)	Loss 5.6602e+00 (6.4395e+00)	Acc@1   4.30 (  1.28)	Acc@5  15.62 (  4.63)
Epoch: [0][1860/5005]	Time  0.208 ( 0.385)	Data  0.000 ( 0.184)	Loss 5.7960e+00 (6.4356e+00)	Acc@1   2.73 (  1.29)	Acc@5  11.72 (  4.67)
Epoch: [0][1870/5005]	Time  0.209 ( 0.385)	Data  0.000 ( 0.184)	Loss 5.8369e+00 (6.4316e+00)	Acc@1   4.69 (  1.31)	Acc@5  10.16 (  4.71)
Epoch: [0][1880/5005]	Time  0.214 ( 0.385)	Data  0.000 ( 0.184)	Loss 5.5656e+00 (6.4280e+00)	Acc@1   5.86 (  1.32)	Acc@5  12.11 (  4.75)
Epoch: [0][1890/5005]	Time  0.209 ( 0.385)	Data  0.000 ( 0.184)	Loss 5.6413e+00 (6.4241e+00)	Acc@1   4.30 (  1.34)	Acc@5  14.84 (  4.79)
Epoch: [0][1900/5005]	Time  0.209 ( 0.385)	Data  0.000 ( 0.184)	Loss 5.7158e+00 (6.4202e+00)	Acc@1   2.34 (  1.35)	Acc@5   9.77 (  4.83)
Epoch: [0][1910/5005]	Time  0.200 ( 0.385)	Data  0.000 ( 0.184)	Loss 5.6211e+00 (6.4162e+00)	Acc@1   6.25 (  1.36)	Acc@5  14.06 (  4.87)
Epoch: [0][1920/5005]	Time  0.208 ( 0.385)	Data  0.000 ( 0.184)	Loss 5.8116e+00 (6.4124e+00)	Acc@1   3.52 (  1.38)	Acc@5   8.59 (  4.91)
Epoch: [0][1930/5005]	Time  0.209 ( 0.385)	Data  0.000 ( 0.184)	Loss 5.6895e+00 (6.4087e+00)	Acc@1   3.52 (  1.40)	Acc@5   8.20 (  4.95)
Epoch: [0][1940/5005]	Time  0.208 ( 0.385)	Data  0.000 ( 0.184)	Loss 5.6167e+00 (6.4050e+00)	Acc@1   4.69 (  1.41)	Acc@5  14.45 (  4.99)
Epoch: [0][1950/5005]	Time  0.209 ( 0.385)	Data  0.000 ( 0.184)	Loss 5.6599e+00 (6.4013e+00)	Acc@1   3.91 (  1.42)	Acc@5  12.50 (  5.04)
Epoch: [0][1960/5005]	Time  0.219 ( 0.385)	Data  0.000 ( 0.184)	Loss 5.5538e+00 (6.3972e+00)	Acc@1   2.73 (  1.44)	Acc@5  15.62 (  5.08)
Epoch: [0][1970/5005]	Time  0.208 ( 0.385)	Data  0.000 ( 0.184)	Loss 5.6657e+00 (6.3934e+00)	Acc@1   3.52 (  1.46)	Acc@5  11.33 (  5.12)
Epoch: [0][1980/5005]	Time  0.208 ( 0.385)	Data  0.000 ( 0.184)	Loss 5.6719e+00 (6.3895e+00)	Acc@1   8.20 (  1.47)	Acc@5  16.02 (  5.17)
Epoch: [0][1990/5005]	Time  0.224 ( 0.384)	Data  0.000 ( 0.183)	Loss 5.5343e+00 (6.3855e+00)	Acc@1   4.30 (  1.49)	Acc@5  15.62 (  5.21)
Epoch: [0][2000/5005]	Time  0.197 ( 0.384)	Data  0.000 ( 0.183)	Loss 5.6053e+00 (6.3815e+00)	Acc@1   2.73 (  1.51)	Acc@5  13.28 (  5.26)
Epoch: [0][2010/5005]	Time  0.207 ( 0.384)	Data  0.000 ( 0.183)	Loss 5.6238e+00 (6.3774e+00)	Acc@1   2.73 (  1.52)	Acc@5  12.50 (  5.31)
Epoch: [0][2020/5005]	Time  0.208 ( 0.384)	Data  0.000 ( 0.183)	Loss 5.7197e+00 (6.3737e+00)	Acc@1   2.34 (  1.54)	Acc@5  10.55 (  5.35)
Epoch: [0][2030/5005]	Time  0.208 ( 0.384)	Data  0.000 ( 0.183)	Loss 5.4629e+00 (6.3698e+00)	Acc@1   7.03 (  1.55)	Acc@5  16.80 (  5.40)
Epoch: [0][2040/5005]	Time  0.250 ( 0.384)	Data  0.000 ( 0.183)	Loss 5.6148e+00 (6.3661e+00)	Acc@1   4.69 (  1.57)	Acc@5  12.50 (  5.44)
Epoch: [0][2050/5005]	Time  0.228 ( 0.384)	Data  0.000 ( 0.183)	Loss 5.7933e+00 (6.3626e+00)	Acc@1   2.34 (  1.58)	Acc@5   8.98 (  5.47)
Epoch: [0][2060/5005]	Time  0.231 ( 0.384)	Data  0.000 ( 0.183)	Loss 5.6321e+00 (6.3586e+00)	Acc@1   4.30 (  1.60)	Acc@5  13.28 (  5.52)
Epoch: [0][2070/5005]	Time  0.209 ( 0.384)	Data  0.000 ( 0.183)	Loss 5.5276e+00 (6.3547e+00)	Acc@1   6.25 (  1.61)	Acc@5  14.06 (  5.57)
Epoch: [0][2080/5005]	Time  0.209 ( 0.384)	Data  0.000 ( 0.183)	Loss 5.5608e+00 (6.3509e+00)	Acc@1   3.52 (  1.63)	Acc@5  16.02 (  5.61)
Epoch: [0][2090/5005]	Time  0.208 ( 0.383)	Data  0.000 ( 0.183)	Loss 5.7864e+00 (6.3470e+00)	Acc@1   3.91 (  1.64)	Acc@5  11.33 (  5.65)
Epoch: [0][2100/5005]	Time  0.208 ( 0.383)	Data  0.000 ( 0.183)	Loss 5.4873e+00 (6.3430e+00)	Acc@1   6.25 (  1.66)	Acc@5  15.62 (  5.69)
Epoch: [0][2110/5005]	Time  0.209 ( 0.383)	Data  0.000 ( 0.183)	Loss 5.6970e+00 (6.3391e+00)	Acc@1   4.69 (  1.67)	Acc@5  12.89 (  5.74)
Epoch: [0][2120/5005]	Time  0.477 ( 0.383)	Data  0.331 ( 0.183)	Loss 5.5139e+00 (6.3353e+00)	Acc@1   5.47 (  1.68)	Acc@5  13.67 (  5.78)
Epoch: [0][2130/5005]	Time  0.208 ( 0.383)	Data  0.000 ( 0.183)	Loss 5.4198e+00 (6.3317e+00)	Acc@1   4.30 (  1.70)	Acc@5  14.06 (  5.82)
Epoch: [0][2140/5005]	Time  0.152 ( 0.383)	Data  0.011 ( 0.183)	Loss 5.5293e+00 (6.3280e+00)	Acc@1   5.47 (  1.71)	Acc@5  12.89 (  5.86)
Epoch: [0][2150/5005]	Time  0.208 ( 0.383)	Data  0.000 ( 0.183)	Loss 5.4498e+00 (6.3242e+00)	Acc@1   4.69 (  1.73)	Acc@5  13.67 (  5.91)
Epoch: [0][2160/5005]	Time  0.428 ( 0.383)	Data  0.273 ( 0.183)	Loss 5.3941e+00 (6.3203e+00)	Acc@1   5.08 (  1.74)	Acc@5  16.80 (  5.95)
Epoch: [0][2170/5005]	Time  0.209 ( 0.383)	Data  0.000 ( 0.183)	Loss 5.6618e+00 (6.3165e+00)	Acc@1   5.08 (  1.76)	Acc@5  15.23 (  5.99)
Epoch: [0][2180/5005]	Time  0.380 ( 0.383)	Data  0.239 ( 0.183)	Loss 5.5380e+00 (6.3129e+00)	Acc@1   6.64 (  1.77)	Acc@5  17.19 (  6.04)
Epoch: [0][2190/5005]	Time  0.208 ( 0.383)	Data  0.000 ( 0.183)	Loss 5.4157e+00 (6.3090e+00)	Acc@1   6.25 (  1.79)	Acc@5  14.45 (  6.08)
Epoch: [0][2200/5005]	Time  0.354 ( 0.383)	Data  0.212 ( 0.183)	Loss 5.2986e+00 (6.3052e+00)	Acc@1   7.81 (  1.81)	Acc@5  21.48 (  6.13)
Epoch: [0][2210/5005]	Time  0.230 ( 0.383)	Data  0.000 ( 0.183)	Loss 5.4130e+00 (6.3015e+00)	Acc@1   7.03 (  1.82)	Acc@5  17.19 (  6.17)
Epoch: [0][2220/5005]	Time  0.338 ( 0.383)	Data  0.192 ( 0.184)	Loss 5.3777e+00 (6.2975e+00)	Acc@1   9.77 (  1.84)	Acc@5  21.09 (  6.22)
Epoch: [0][2230/5005]	Time  0.208 ( 0.383)	Data  0.000 ( 0.184)	Loss 5.5237e+00 (6.2938e+00)	Acc@1   5.47 (  1.86)	Acc@5  12.50 (  6.26)
Epoch: [0][2240/5005]	Time  0.423 ( 0.383)	Data  0.243 ( 0.184)	Loss 5.6748e+00 (6.2904e+00)	Acc@1   5.08 (  1.87)	Acc@5  11.72 (  6.30)
Epoch: [0][2250/5005]	Time  0.208 ( 0.383)	Data  0.000 ( 0.184)	Loss 5.4166e+00 (6.2866e+00)	Acc@1   3.91 (  1.88)	Acc@5  13.28 (  6.33)
Epoch: [0][2260/5005]	Time  0.373 ( 0.383)	Data  0.233 ( 0.184)	Loss 5.4556e+00 (6.2831e+00)	Acc@1   6.64 (  1.90)	Acc@5  14.06 (  6.38)
Epoch: [0][2270/5005]	Time  0.200 ( 0.383)	Data  0.000 ( 0.184)	Loss 5.3024e+00 (6.2792e+00)	Acc@1   8.98 (  1.92)	Acc@5  19.53 (  6.42)
Epoch: [0][2280/5005]	Time  0.491 ( 0.383)	Data  0.344 ( 0.184)	Loss 5.4075e+00 (6.2753e+00)	Acc@1   4.69 (  1.93)	Acc@5  16.41 (  6.47)
Epoch: [0][2290/5005]	Time  0.274 ( 0.383)	Data  0.000 ( 0.184)	Loss 5.6075e+00 (6.2720e+00)	Acc@1   5.47 (  1.94)	Acc@5  13.28 (  6.51)
Epoch: [0][2300/5005]	Time  0.614 ( 0.383)	Data  0.473 ( 0.184)	Loss 5.3871e+00 (6.2683e+00)	Acc@1   8.98 (  1.96)	Acc@5  22.27 (  6.55)
Epoch: [0][2310/5005]	Time  0.191 ( 0.382)	Data  0.000 ( 0.184)	Loss 5.4800e+00 (6.2645e+00)	Acc@1   2.73 (  1.97)	Acc@5  14.84 (  6.60)
Epoch: [0][2320/5005]	Time  0.873 ( 0.383)	Data  0.729 ( 0.184)	Loss 5.3550e+00 (6.2610e+00)	Acc@1   6.25 (  1.99)	Acc@5  16.80 (  6.64)
Epoch: [0][2330/5005]	Time  0.209 ( 0.382)	Data  0.000 ( 0.184)	Loss 5.4398e+00 (6.2575e+00)	Acc@1   4.69 (  2.00)	Acc@5  18.36 (  6.68)
Epoch: [0][2340/5005]	Time  0.955 ( 0.383)	Data  0.812 ( 0.185)	Loss 5.4700e+00 (6.2543e+00)	Acc@1   7.03 (  2.01)	Acc@5  16.80 (  6.72)
Epoch: [0][2350/5005]	Time  0.209 ( 0.383)	Data  0.000 ( 0.184)	Loss 5.3874e+00 (6.2506e+00)	Acc@1   5.08 (  2.03)	Acc@5  17.97 (  6.76)
Epoch: [0][2360/5005]	Time  0.882 ( 0.383)	Data  0.725 ( 0.185)	Loss 5.4191e+00 (6.2469e+00)	Acc@1   6.64 (  2.05)	Acc@5  18.75 (  6.80)
Epoch: [0][2370/5005]	Time  0.208 ( 0.382)	Data  0.000 ( 0.184)	Loss 5.5058e+00 (6.2435e+00)	Acc@1   5.47 (  2.06)	Acc@5  16.02 (  6.84)
Epoch: [0][2380/5005]	Time  0.852 ( 0.383)	Data  0.711 ( 0.185)	Loss 5.4871e+00 (6.2400e+00)	Acc@1   3.52 (  2.08)	Acc@5  14.45 (  6.89)
Epoch: [0][2390/5005]	Time  0.231 ( 0.382)	Data  0.000 ( 0.184)	Loss 5.4766e+00 (6.2366e+00)	Acc@1   5.08 (  2.09)	Acc@5  14.45 (  6.93)
Epoch: [0][2400/5005]	Time  0.847 ( 0.383)	Data  0.700 ( 0.185)	Loss 5.3943e+00 (6.2331e+00)	Acc@1   5.47 (  2.11)	Acc@5  19.14 (  6.97)
Epoch: [0][2410/5005]	Time  0.213 ( 0.382)	Data  0.000 ( 0.184)	Loss 5.3544e+00 (6.2294e+00)	Acc@1   7.42 (  2.13)	Acc@5  14.45 (  7.02)
Epoch: [0][2420/5005]	Time  0.750 ( 0.383)	Data  0.603 ( 0.185)	Loss 5.2596e+00 (6.2258e+00)	Acc@1   6.64 (  2.14)	Acc@5  19.53 (  7.06)
Epoch: [0][2430/5005]	Time  0.205 ( 0.382)	Data  0.000 ( 0.184)	Loss 5.4664e+00 (6.2224e+00)	Acc@1   5.47 (  2.16)	Acc@5  14.06 (  7.11)
Epoch: [0][2440/5005]	Time  0.886 ( 0.382)	Data  0.743 ( 0.185)	Loss 5.3705e+00 (6.2185e+00)	Acc@1   8.59 (  2.18)	Acc@5  21.48 (  7.15)
Epoch: [0][2450/5005]	Time  0.209 ( 0.382)	Data  0.000 ( 0.184)	Loss 5.2063e+00 (6.2146e+00)	Acc@1   7.03 (  2.20)	Acc@5  21.09 (  7.20)
Epoch: [0][2460/5005]	Time  0.950 ( 0.382)	Data  0.799 ( 0.184)	Loss 5.3658e+00 (6.2114e+00)	Acc@1   7.42 (  2.21)	Acc@5  18.36 (  7.24)
Epoch: [0][2470/5005]	Time  0.222 ( 0.382)	Data  0.000 ( 0.184)	Loss 5.4916e+00 (6.2080e+00)	Acc@1   7.03 (  2.23)	Acc@5  17.58 (  7.28)
Epoch: [0][2480/5005]	Time  0.662 ( 0.382)	Data  0.520 ( 0.185)	Loss 5.3736e+00 (6.2046e+00)	Acc@1   7.81 (  2.24)	Acc@5  17.58 (  7.32)
Epoch: [0][2490/5005]	Time  0.221 ( 0.382)	Data  0.000 ( 0.184)	Loss 5.3967e+00 (6.2014e+00)	Acc@1   6.25 (  2.26)	Acc@5  17.19 (  7.37)
Epoch: [0][2500/5005]	Time  1.034 ( 0.382)	Data  0.883 ( 0.185)	Loss 5.4344e+00 (6.1979e+00)	Acc@1   7.42 (  2.28)	Acc@5  18.36 (  7.41)
Epoch: [0][2510/5005]	Time  0.208 ( 0.382)	Data  0.000 ( 0.184)	Loss 5.5397e+00 (6.1944e+00)	Acc@1   3.91 (  2.29)	Acc@5  15.62 (  7.45)
Epoch: [0][2520/5005]	Time  0.815 ( 0.382)	Data  0.674 ( 0.185)	Loss 5.2975e+00 (6.1910e+00)	Acc@1   5.86 (  2.31)	Acc@5  17.58 (  7.50)
Epoch: [0][2530/5005]	Time  0.208 ( 0.382)	Data  0.000 ( 0.185)	Loss 5.3962e+00 (6.1871e+00)	Acc@1   5.86 (  2.33)	Acc@5  14.84 (  7.55)
Epoch: [0][2540/5005]	Time  0.970 ( 0.382)	Data  0.829 ( 0.185)	Loss 5.3372e+00 (6.1837e+00)	Acc@1   5.86 (  2.35)	Acc@5  17.58 (  7.59)
Epoch: [0][2550/5005]	Time  0.207 ( 0.382)	Data  0.000 ( 0.185)	Loss 5.2009e+00 (6.1802e+00)	Acc@1   6.64 (  2.36)	Acc@5  19.14 (  7.64)
Epoch: [0][2560/5005]	Time  1.013 ( 0.382)	Data  0.870 ( 0.185)	Loss 5.2021e+00 (6.1771e+00)	Acc@1   8.59 (  2.38)	Acc@5  19.14 (  7.68)
Epoch: [0][2570/5005]	Time  0.209 ( 0.382)	Data  0.000 ( 0.185)	Loss 5.4481e+00 (6.1737e+00)	Acc@1   4.69 (  2.40)	Acc@5  15.62 (  7.72)
Epoch: [0][2580/5005]	Time  0.940 ( 0.382)	Data  0.798 ( 0.185)	Loss 5.2137e+00 (6.1701e+00)	Acc@1   8.59 (  2.42)	Acc@5  20.70 (  7.77)
Epoch: [0][2590/5005]	Time  0.250 ( 0.382)	Data  0.000 ( 0.184)	Loss 5.1656e+00 (6.1665e+00)	Acc@1   8.59 (  2.44)	Acc@5  24.22 (  7.82)
Epoch: [0][2600/5005]	Time  1.148 ( 0.382)	Data  0.994 ( 0.185)	Loss 5.5839e+00 (6.1634e+00)	Acc@1   3.91 (  2.45)	Acc@5  14.06 (  7.85)
Epoch: [0][2610/5005]	Time  0.194 ( 0.382)	Data  0.000 ( 0.184)	Loss 5.3066e+00 (6.1600e+00)	Acc@1   8.20 (  2.47)	Acc@5  19.53 (  7.89)
Epoch: [0][2620/5005]	Time  0.758 ( 0.382)	Data  0.613 ( 0.185)	Loss 5.2387e+00 (6.1565e+00)	Acc@1   7.42 (  2.49)	Acc@5  21.09 (  7.94)
Epoch: [0][2630/5005]	Time  0.209 ( 0.382)	Data  0.000 ( 0.184)	Loss 5.2849e+00 (6.1532e+00)	Acc@1   4.30 (  2.51)	Acc@5  23.05 (  7.98)
Epoch: [0][2640/5005]	Time  0.680 ( 0.382)	Data  0.533 ( 0.185)	Loss 5.2904e+00 (6.1497e+00)	Acc@1   7.42 (  2.53)	Acc@5  19.53 (  8.03)
Epoch: [0][2650/5005]	Time  0.207 ( 0.382)	Data  0.000 ( 0.184)	Loss 5.2279e+00 (6.1464e+00)	Acc@1   8.20 (  2.54)	Acc@5  19.14 (  8.07)
Epoch: [0][2660/5005]	Time  0.806 ( 0.382)	Data  0.665 ( 0.185)	Loss 5.2150e+00 (6.1430e+00)	Acc@1   6.64 (  2.56)	Acc@5  19.53 (  8.12)
Epoch: [0][2670/5005]	Time  0.209 ( 0.382)	Data  0.000 ( 0.184)	Loss 5.5674e+00 (6.1397e+00)	Acc@1   5.08 (  2.58)	Acc@5  14.45 (  8.16)
Epoch: [0][2680/5005]	Time  0.741 ( 0.382)	Data  0.599 ( 0.184)	Loss 5.0121e+00 (6.1362e+00)	Acc@1   8.59 (  2.59)	Acc@5  19.92 (  8.21)
Epoch: [0][2690/5005]	Time  0.208 ( 0.382)	Data  0.000 ( 0.184)	Loss 4.9928e+00 (6.1326e+00)	Acc@1   9.38 (  2.61)	Acc@5  23.44 (  8.26)
Epoch: [0][2700/5005]	Time  0.776 ( 0.382)	Data  0.628 ( 0.184)	Loss 5.2393e+00 (6.1292e+00)	Acc@1   6.64 (  2.63)	Acc@5  17.58 (  8.30)
Epoch: [0][2710/5005]	Time  0.209 ( 0.382)	Data  0.000 ( 0.184)	Loss 5.0912e+00 (6.1260e+00)	Acc@1   6.64 (  2.65)	Acc@5  18.75 (  8.34)
Epoch: [0][2720/5005]	Time  0.767 ( 0.382)	Data  0.625 ( 0.184)	Loss 5.1599e+00 (6.1226e+00)	Acc@1   7.81 (  2.66)	Acc@5  22.66 (  8.39)
Epoch: [0][2730/5005]	Time  0.206 ( 0.382)	Data  0.000 ( 0.184)	Loss 5.3765e+00 (6.1194e+00)	Acc@1   3.91 (  2.68)	Acc@5  16.02 (  8.43)
Epoch: [0][2740/5005]	Time  0.869 ( 0.382)	Data  0.728 ( 0.184)	Loss 5.2813e+00 (6.1160e+00)	Acc@1   7.81 (  2.70)	Acc@5  21.88 (  8.47)
Epoch: [0][2750/5005]	Time  0.200 ( 0.381)	Data  0.000 ( 0.184)	Loss 5.3121e+00 (6.1129e+00)	Acc@1   5.86 (  2.72)	Acc@5  15.23 (  8.51)
Epoch: [0][2760/5005]	Time  0.767 ( 0.382)	Data  0.624 ( 0.184)	Loss 5.2916e+00 (6.1097e+00)	Acc@1   7.81 (  2.73)	Acc@5  17.19 (  8.55)
Epoch: [0][2770/5005]	Time  0.244 ( 0.382)	Data  0.000 ( 0.184)	Loss 5.0903e+00 (6.1063e+00)	Acc@1   5.86 (  2.75)	Acc@5  21.09 (  8.59)
Epoch: [0][2780/5005]	Time  0.953 ( 0.382)	Data  0.797 ( 0.185)	Loss 5.2812e+00 (6.1029e+00)	Acc@1   5.86 (  2.77)	Acc@5  18.75 (  8.63)
Epoch: [0][2790/5005]	Time  0.189 ( 0.381)	Data  0.000 ( 0.184)	Loss 5.1288e+00 (6.0994e+00)	Acc@1   7.42 (  2.79)	Acc@5  21.88 (  8.68)
Epoch: [0][2800/5005]	Time  0.793 ( 0.382)	Data  0.650 ( 0.184)	Loss 5.1553e+00 (6.0959e+00)	Acc@1  11.72 (  2.80)	Acc@5  23.44 (  8.72)
Epoch: [0][2810/5005]	Time  0.245 ( 0.381)	Data  0.000 ( 0.184)	Loss 5.3327e+00 (6.0926e+00)	Acc@1   5.47 (  2.82)	Acc@5  17.19 (  8.77)
Epoch: [0][2820/5005]	Time  0.980 ( 0.382)	Data  0.753 ( 0.185)	Loss 5.0036e+00 (6.0894e+00)	Acc@1   7.42 (  2.83)	Acc@5  22.66 (  8.81)
Epoch: [0][2830/5005]	Time  0.249 ( 0.381)	Data  0.000 ( 0.184)	Loss 5.1373e+00 (6.0862e+00)	Acc@1   8.20 (  2.85)	Acc@5  20.70 (  8.85)
Epoch: [0][2840/5005]	Time  0.720 ( 0.381)	Data  0.572 ( 0.184)	Loss 5.0641e+00 (6.0830e+00)	Acc@1   8.59 (  2.87)	Acc@5  22.66 (  8.90)
Epoch: [0][2850/5005]	Time  0.200 ( 0.381)	Data  0.000 ( 0.184)	Loss 5.2622e+00 (6.0799e+00)	Acc@1   5.47 (  2.88)	Acc@5  19.14 (  8.94)
Epoch: [0][2860/5005]	Time  1.193 ( 0.381)	Data  1.031 ( 0.184)	Loss 5.0803e+00 (6.0765e+00)	Acc@1   8.20 (  2.90)	Acc@5  23.05 (  8.98)
Epoch: [0][2870/5005]	Time  0.217 ( 0.381)	Data  0.000 ( 0.184)	Loss 5.1466e+00 (6.0732e+00)	Acc@1  10.94 (  2.92)	Acc@5  23.44 (  9.02)
Epoch: [0][2880/5005]	Time  0.919 ( 0.381)	Data  0.773 ( 0.184)	Loss 5.1116e+00 (6.0701e+00)	Acc@1   8.59 (  2.94)	Acc@5  21.48 (  9.07)
Epoch: [0][2890/5005]	Time  0.223 ( 0.381)	Data  0.000 ( 0.184)	Loss 5.0958e+00 (6.0667e+00)	Acc@1  11.72 (  2.96)	Acc@5  26.17 (  9.11)
Epoch: [0][2900/5005]	Time  0.842 ( 0.381)	Data  0.692 ( 0.184)	Loss 4.9966e+00 (6.0633e+00)	Acc@1   8.20 (  2.98)	Acc@5  25.39 (  9.16)
Epoch: [0][2910/5005]	Time  0.209 ( 0.381)	Data  0.000 ( 0.184)	Loss 5.0422e+00 (6.0600e+00)	Acc@1   6.64 (  3.00)	Acc@5  20.70 (  9.20)
Epoch: [0][2920/5005]	Time  0.916 ( 0.381)	Data  0.772 ( 0.184)	Loss 5.2202e+00 (6.0572e+00)	Acc@1   6.25 (  3.01)	Acc@5  19.92 (  9.24)
Epoch: [0][2930/5005]	Time  0.209 ( 0.381)	Data  0.000 ( 0.184)	Loss 4.9478e+00 (6.0538e+00)	Acc@1   8.98 (  3.03)	Acc@5  23.83 (  9.28)
Epoch: [0][2940/5005]	Time  0.726 ( 0.381)	Data  0.580 ( 0.184)	Loss 5.1282e+00 (6.0508e+00)	Acc@1   7.42 (  3.04)	Acc@5  20.31 (  9.32)
Epoch: [0][2950/5005]	Time  0.209 ( 0.381)	Data  0.000 ( 0.184)	Loss 4.8885e+00 (6.0475e+00)	Acc@1  10.16 (  3.06)	Acc@5  25.39 (  9.36)
Epoch: [0][2960/5005]	Time  1.116 ( 0.381)	Data  0.862 ( 0.184)	Loss 5.1069e+00 (6.0444e+00)	Acc@1   7.03 (  3.08)	Acc@5  24.22 (  9.41)
Epoch: [0][2970/5005]	Time  0.209 ( 0.381)	Data  0.000 ( 0.184)	Loss 5.0070e+00 (6.0412e+00)	Acc@1   8.98 (  3.09)	Acc@5  23.05 (  9.45)
Epoch: [0][2980/5005]	Time  0.908 ( 0.381)	Data  0.767 ( 0.184)	Loss 5.0655e+00 (6.0382e+00)	Acc@1   7.81 (  3.11)	Acc@5  21.09 (  9.48)
Epoch: [0][2990/5005]	Time  0.226 ( 0.381)	Data  0.000 ( 0.184)	Loss 5.1055e+00 (6.0352e+00)	Acc@1   9.38 (  3.13)	Acc@5  21.48 (  9.53)
Epoch: [0][3000/5005]	Time  0.902 ( 0.381)	Data  0.761 ( 0.184)	Loss 4.9595e+00 (6.0320e+00)	Acc@1   9.77 (  3.15)	Acc@5  27.34 (  9.57)
Epoch: [0][3010/5005]	Time  0.231 ( 0.381)	Data  0.000 ( 0.184)	Loss 4.9927e+00 (6.0286e+00)	Acc@1   9.38 (  3.17)	Acc@5  22.66 (  9.62)
Epoch: [0][3020/5005]	Time  0.783 ( 0.381)	Data  0.642 ( 0.184)	Loss 5.1146e+00 (6.0255e+00)	Acc@1   6.64 (  3.18)	Acc@5  20.70 (  9.66)
Epoch: [0][3030/5005]	Time  0.206 ( 0.381)	Data  0.000 ( 0.184)	Loss 4.9965e+00 (6.0223e+00)	Acc@1   8.20 (  3.20)	Acc@5  25.00 (  9.71)
Epoch: [0][3040/5005]	Time  0.894 ( 0.381)	Data  0.700 ( 0.184)	Loss 5.2912e+00 (6.0193e+00)	Acc@1   6.25 (  3.22)	Acc@5  15.62 (  9.75)
Epoch: [0][3050/5005]	Time  0.209 ( 0.381)	Data  0.000 ( 0.184)	Loss 5.1662e+00 (6.0159e+00)	Acc@1   5.86 (  3.24)	Acc@5  21.88 (  9.79)
Epoch: [0][3060/5005]	Time  1.476 ( 0.381)	Data  1.333 ( 0.185)	Loss 4.9670e+00 (6.0128e+00)	Acc@1   8.20 (  3.26)	Acc@5  24.61 (  9.83)
Epoch: [0][3070/5005]	Time  0.209 ( 0.381)	Data  0.000 ( 0.184)	Loss 4.9478e+00 (6.0097e+00)	Acc@1   9.38 (  3.28)	Acc@5  25.00 (  9.88)
Epoch: [0][3080/5005]	Time  0.820 ( 0.381)	Data  0.676 ( 0.185)	Loss 5.1664e+00 (6.0065e+00)	Acc@1   7.42 (  3.30)	Acc@5  21.48 (  9.92)
Epoch: [0][3090/5005]	Time  0.184 ( 0.381)	Data  0.000 ( 0.185)	Loss 5.1856e+00 (6.0035e+00)	Acc@1   6.25 (  3.31)	Acc@5  18.36 (  9.96)
Epoch: [0][3100/5005]	Time  0.712 ( 0.381)	Data  0.569 ( 0.185)	Loss 5.1221e+00 (6.0005e+00)	Acc@1   8.20 (  3.33)	Acc@5  20.70 ( 10.00)
Epoch: [0][3110/5005]	Time  0.236 ( 0.381)	Data  0.000 ( 0.184)	Loss 5.0604e+00 (5.9974e+00)	Acc@1   6.64 (  3.35)	Acc@5  22.27 ( 10.05)
Epoch: [0][3120/5005]	Time  0.754 ( 0.381)	Data  0.613 ( 0.185)	Loss 5.0265e+00 (5.9943e+00)	Acc@1  11.72 (  3.37)	Acc@5  28.12 ( 10.09)
Epoch: [0][3130/5005]	Time  0.208 ( 0.381)	Data  0.000 ( 0.184)	Loss 5.1262e+00 (5.9911e+00)	Acc@1   8.98 (  3.39)	Acc@5  23.05 ( 10.13)
Epoch: [0][3140/5005]	Time  0.870 ( 0.381)	Data  0.727 ( 0.184)	Loss 5.2133e+00 (5.9882e+00)	Acc@1   9.38 (  3.40)	Acc@5  21.88 ( 10.17)
Epoch: [0][3150/5005]	Time  0.209 ( 0.381)	Data  0.000 ( 0.184)	Loss 5.1871e+00 (5.9852e+00)	Acc@1   6.25 (  3.42)	Acc@5  21.09 ( 10.21)
Epoch: [0][3160/5005]	Time  0.854 ( 0.381)	Data  0.688 ( 0.184)	Loss 5.0700e+00 (5.9821e+00)	Acc@1   7.81 (  3.44)	Acc@5  24.22 ( 10.26)
Epoch: [0][3170/5005]	Time  0.225 ( 0.381)	Data  0.000 ( 0.184)	Loss 4.9932e+00 (5.9791e+00)	Acc@1   8.59 (  3.46)	Acc@5  24.61 ( 10.31)
Epoch: [0][3180/5005]	Time  0.757 ( 0.381)	Data  0.616 ( 0.184)	Loss 4.9773e+00 (5.9760e+00)	Acc@1  10.16 (  3.47)	Acc@5  26.95 ( 10.35)
Epoch: [0][3190/5005]	Time  0.208 ( 0.381)	Data  0.000 ( 0.184)	Loss 5.0882e+00 (5.9729e+00)	Acc@1  10.55 (  3.49)	Acc@5  21.88 ( 10.39)
Epoch: [0][3200/5005]	Time  0.886 ( 0.381)	Data  0.744 ( 0.184)	Loss 4.9854e+00 (5.9700e+00)	Acc@1   9.77 (  3.51)	Acc@5  26.17 ( 10.43)
Epoch: [0][3210/5005]	Time  0.208 ( 0.381)	Data  0.000 ( 0.184)	Loss 5.1386e+00 (5.9670e+00)	Acc@1   7.81 (  3.53)	Acc@5  23.44 ( 10.48)
Epoch: [0][3220/5005]	Time  0.977 ( 0.381)	Data  0.833 ( 0.184)	Loss 5.0445e+00 (5.9635e+00)	Acc@1   6.25 (  3.55)	Acc@5  23.05 ( 10.53)
Epoch: [0][3230/5005]	Time  0.211 ( 0.381)	Data  0.000 ( 0.184)	Loss 4.7643e+00 (5.9603e+00)	Acc@1  14.45 (  3.57)	Acc@5  30.08 ( 10.57)
Epoch: [0][3240/5005]	Time  0.969 ( 0.381)	Data  0.774 ( 0.184)	Loss 5.1234e+00 (5.9574e+00)	Acc@1   9.38 (  3.59)	Acc@5  24.61 ( 10.62)
Epoch: [0][3250/5005]	Time  0.208 ( 0.381)	Data  0.000 ( 0.184)	Loss 4.9476e+00 (5.9542e+00)	Acc@1   9.38 (  3.61)	Acc@5  30.08 ( 10.67)
Epoch: [0][3260/5005]	Time  0.838 ( 0.381)	Data  0.696 ( 0.185)	Loss 5.0866e+00 (5.9512e+00)	Acc@1   7.81 (  3.63)	Acc@5  19.92 ( 10.71)
Epoch: [0][3270/5005]	Time  0.246 ( 0.381)	Data  0.000 ( 0.184)	Loss 5.0993e+00 (5.9482e+00)	Acc@1   9.38 (  3.65)	Acc@5  23.44 ( 10.75)
Epoch: [0][3280/5005]	Time  0.794 ( 0.381)	Data  0.642 ( 0.184)	Loss 5.0285e+00 (5.9452e+00)	Acc@1   8.59 (  3.67)	Acc@5  21.48 ( 10.79)
Epoch: [0][3290/5005]	Time  0.209 ( 0.381)	Data  0.000 ( 0.184)	Loss 4.9598e+00 (5.9422e+00)	Acc@1  13.28 (  3.69)	Acc@5  26.56 ( 10.84)
Epoch: [0][3300/5005]	Time  1.076 ( 0.381)	Data  0.934 ( 0.185)	Loss 4.8853e+00 (5.9392e+00)	Acc@1  10.55 (  3.71)	Acc@5  28.12 ( 10.88)
Epoch: [0][3310/5005]	Time  0.193 ( 0.381)	Data  0.000 ( 0.184)	Loss 5.1488e+00 (5.9363e+00)	Acc@1   8.20 (  3.72)	Acc@5  25.39 ( 10.92)
Epoch: [0][3320/5005]	Time  0.781 ( 0.381)	Data  0.636 ( 0.185)	Loss 4.9734e+00 (5.9332e+00)	Acc@1  10.94 (  3.74)	Acc@5  24.61 ( 10.97)
Epoch: [0][3330/5005]	Time  0.208 ( 0.381)	Data  0.000 ( 0.184)	Loss 4.9129e+00 (5.9301e+00)	Acc@1  10.94 (  3.77)	Acc@5  30.08 ( 11.02)
Epoch: [0][3340/5005]	Time  0.849 ( 0.381)	Data  0.707 ( 0.185)	Loss 4.9195e+00 (5.9271e+00)	Acc@1   8.59 (  3.79)	Acc@5  29.69 ( 11.06)
Epoch: [0][3350/5005]	Time  0.468 ( 0.381)	Data  0.321 ( 0.185)	Loss 4.8225e+00 (5.9239e+00)	Acc@1   9.38 (  3.80)	Acc@5  23.83 ( 11.11)
Epoch: [0][3360/5005]	Time  0.636 ( 0.381)	Data  0.489 ( 0.185)	Loss 4.8560e+00 (5.9208e+00)	Acc@1   7.81 (  3.83)	Acc@5  26.17 ( 11.15)
Epoch: [0][3370/5005]	Time  0.254 ( 0.381)	Data  0.103 ( 0.185)	Loss 4.9919e+00 (5.9179e+00)	Acc@1   6.25 (  3.84)	Acc@5  20.31 ( 11.20)
Epoch: [0][3380/5005]	Time  0.759 ( 0.381)	Data  0.618 ( 0.185)	Loss 4.8819e+00 (5.9147e+00)	Acc@1   6.64 (  3.86)	Acc@5  23.83 ( 11.24)
Epoch: [0][3390/5005]	Time  0.308 ( 0.380)	Data  0.123 ( 0.185)	Loss 4.7594e+00 (5.9116e+00)	Acc@1   9.77 (  3.89)	Acc@5  25.78 ( 11.29)
Epoch: [0][3400/5005]	Time  0.767 ( 0.381)	Data  0.623 ( 0.185)	Loss 4.9772e+00 (5.9086e+00)	Acc@1   9.38 (  3.91)	Acc@5  24.22 ( 11.34)
Epoch: [0][3410/5005]	Time  0.209 ( 0.381)	Data  0.000 ( 0.185)	Loss 4.8958e+00 (5.9056e+00)	Acc@1  11.33 (  3.92)	Acc@5  30.08 ( 11.38)
Epoch: [0][3420/5005]	Time  1.046 ( 0.381)	Data  0.852 ( 0.185)	Loss 4.8272e+00 (5.9027e+00)	Acc@1   8.20 (  3.94)	Acc@5  25.00 ( 11.42)
Epoch: [0][3430/5005]	Time  0.225 ( 0.381)	Data  0.000 ( 0.185)	Loss 4.9835e+00 (5.8998e+00)	Acc@1   9.38 (  3.96)	Acc@5  27.73 ( 11.46)
Epoch: [0][3440/5005]	Time  0.759 ( 0.381)	Data  0.600 ( 0.185)	Loss 4.8844e+00 (5.8969e+00)	Acc@1   7.81 (  3.97)	Acc@5  25.00 ( 11.51)
Epoch: [0][3450/5005]	Time  0.201 ( 0.381)	Data  0.000 ( 0.185)	Loss 4.9490e+00 (5.8940e+00)	Acc@1   8.20 (  3.99)	Acc@5  24.22 ( 11.55)
Epoch: [0][3460/5005]	Time  0.703 ( 0.381)	Data  0.560 ( 0.185)	Loss 4.9995e+00 (5.8909e+00)	Acc@1  11.33 (  4.02)	Acc@5  23.44 ( 11.59)
Epoch: [0][3470/5005]	Time  0.208 ( 0.380)	Data  0.000 ( 0.185)	Loss 4.9078e+00 (5.8881e+00)	Acc@1  11.33 (  4.03)	Acc@5  24.61 ( 11.64)
Epoch: [0][3480/5005]	Time  0.559 ( 0.380)	Data  0.418 ( 0.185)	Loss 5.0211e+00 (5.8853e+00)	Acc@1   9.77 (  4.05)	Acc@5  24.22 ( 11.68)
Epoch: [0][3490/5005]	Time  0.365 ( 0.380)	Data  0.224 ( 0.185)	Loss 4.8835e+00 (5.8823e+00)	Acc@1   4.69 (  4.07)	Acc@5  23.05 ( 11.72)
Epoch: [0][3500/5005]	Time  0.639 ( 0.380)	Data  0.456 ( 0.185)	Loss 4.9913e+00 (5.8793e+00)	Acc@1   7.42 (  4.09)	Acc@5  25.00 ( 11.77)
Epoch: [0][3510/5005]	Time  0.809 ( 0.380)	Data  0.668 ( 0.185)	Loss 4.7899e+00 (5.8763e+00)	Acc@1  12.11 (  4.11)	Acc@5  26.56 ( 11.81)
Epoch: [0][3520/5005]	Time  0.453 ( 0.380)	Data  0.310 ( 0.185)	Loss 4.8272e+00 (5.8734e+00)	Acc@1  10.55 (  4.13)	Acc@5  27.73 ( 11.85)
Epoch: [0][3530/5005]	Time  0.597 ( 0.380)	Data  0.452 ( 0.185)	Loss 4.9740e+00 (5.8705e+00)	Acc@1  11.33 (  4.15)	Acc@5  25.39 ( 11.89)
Epoch: [0][3540/5005]	Time  0.910 ( 0.380)	Data  0.769 ( 0.185)	Loss 4.8163e+00 (5.8677e+00)	Acc@1  10.94 (  4.17)	Acc@5  25.78 ( 11.93)
Epoch: [0][3550/5005]	Time  0.208 ( 0.380)	Data  0.000 ( 0.185)	Loss 5.0242e+00 (5.8649e+00)	Acc@1   7.42 (  4.19)	Acc@5  26.56 ( 11.97)
Epoch: [0][3560/5005]	Time  0.966 ( 0.380)	Data  0.743 ( 0.185)	Loss 4.9949e+00 (5.8620e+00)	Acc@1   6.64 (  4.20)	Acc@5  23.83 ( 12.01)
Epoch: [0][3570/5005]	Time  0.208 ( 0.380)	Data  0.000 ( 0.185)	Loss 4.8566e+00 (5.8591e+00)	Acc@1  12.11 (  4.22)	Acc@5  26.17 ( 12.05)
Epoch: [0][3580/5005]	Time  0.954 ( 0.380)	Data  0.808 ( 0.185)	Loss 4.9958e+00 (5.8563e+00)	Acc@1  10.55 (  4.24)	Acc@5  29.69 ( 12.09)
Epoch: [0][3590/5005]	Time  0.209 ( 0.380)	Data  0.000 ( 0.185)	Loss 4.8250e+00 (5.8535e+00)	Acc@1  10.94 (  4.25)	Acc@5  27.34 ( 12.14)
Epoch: [0][3600/5005]	Time  0.966 ( 0.380)	Data  0.822 ( 0.185)	Loss 4.7585e+00 (5.8505e+00)	Acc@1  12.50 (  4.27)	Acc@5  25.78 ( 12.18)
Epoch: [0][3610/5005]	Time  0.207 ( 0.380)	Data  0.000 ( 0.185)	Loss 4.6983e+00 (5.8476e+00)	Acc@1  12.50 (  4.29)	Acc@5  27.73 ( 12.22)
Epoch: [0][3620/5005]	Time  0.991 ( 0.380)	Data  0.809 ( 0.185)	Loss 4.5375e+00 (5.8447e+00)	Acc@1  12.11 (  4.31)	Acc@5  32.03 ( 12.27)
Epoch: [0][3630/5005]	Time  0.209 ( 0.380)	Data  0.000 ( 0.185)	Loss 4.7468e+00 (5.8418e+00)	Acc@1   8.59 (  4.33)	Acc@5  24.61 ( 12.31)
Epoch: [0][3640/5005]	Time  0.667 ( 0.380)	Data  0.520 ( 0.185)	Loss 4.6972e+00 (5.8391e+00)	Acc@1  14.06 (  4.35)	Acc@5  29.30 ( 12.35)
Epoch: [0][3650/5005]	Time  0.224 ( 0.380)	Data  0.000 ( 0.185)	Loss 4.8867e+00 (5.8362e+00)	Acc@1  10.94 (  4.37)	Acc@5  25.78 ( 12.39)
Epoch: [0][3660/5005]	Time  0.788 ( 0.380)	Data  0.646 ( 0.185)	Loss 4.7428e+00 (5.8333e+00)	Acc@1  16.41 (  4.39)	Acc@5  31.25 ( 12.43)
Epoch: [0][3670/5005]	Time  0.208 ( 0.380)	Data  0.000 ( 0.185)	Loss 4.8392e+00 (5.8306e+00)	Acc@1  12.11 (  4.41)	Acc@5  27.73 ( 12.48)
Epoch: [0][3680/5005]	Time  0.331 ( 0.380)	Data  0.187 ( 0.185)	Loss 4.8916e+00 (5.8277e+00)	Acc@1   9.38 (  4.43)	Acc@5  24.61 ( 12.52)
Epoch: [0][3690/5005]	Time  0.209 ( 0.380)	Data  0.000 ( 0.185)	Loss 4.8202e+00 (5.8248e+00)	Acc@1  11.33 (  4.45)	Acc@5  29.69 ( 12.56)
Epoch: [0][3700/5005]	Time  0.208 ( 0.380)	Data  0.000 ( 0.185)	Loss 4.9490e+00 (5.8219e+00)	Acc@1  10.94 (  4.47)	Acc@5  25.78 ( 12.60)
Epoch: [0][3710/5005]	Time  0.208 ( 0.380)	Data  0.000 ( 0.185)	Loss 4.7311e+00 (5.8190e+00)	Acc@1  14.84 (  4.49)	Acc@5  26.95 ( 12.65)
Epoch: [0][3720/5005]	Time  0.778 ( 0.380)	Data  0.637 ( 0.185)	Loss 4.8606e+00 (5.8163e+00)	Acc@1  11.72 (  4.51)	Acc@5  26.56 ( 12.69)
Epoch: [0][3730/5005]	Time  0.207 ( 0.380)	Data  0.000 ( 0.185)	Loss 4.5654e+00 (5.8134e+00)	Acc@1  12.89 (  4.53)	Acc@5  30.86 ( 12.73)
Epoch: [0][3740/5005]	Time  0.208 ( 0.380)	Data  0.000 ( 0.185)	Loss 4.8964e+00 (5.8105e+00)	Acc@1  10.16 (  4.55)	Acc@5  26.56 ( 12.78)
Epoch: [0][3750/5005]	Time  0.208 ( 0.380)	Data  0.000 ( 0.185)	Loss 4.5005e+00 (5.8075e+00)	Acc@1  16.02 (  4.57)	Acc@5  33.98 ( 12.82)
Epoch: [0][3760/5005]	Time  0.816 ( 0.380)	Data  0.672 ( 0.185)	Loss 4.7947e+00 (5.8049e+00)	Acc@1  11.33 (  4.59)	Acc@5  28.12 ( 12.86)
Epoch: [0][3770/5005]	Time  0.236 ( 0.380)	Data  0.000 ( 0.185)	Loss 4.6681e+00 (5.8021e+00)	Acc@1  14.45 (  4.60)	Acc@5  31.64 ( 12.90)
Epoch: [0][3780/5005]	Time  0.404 ( 0.380)	Data  0.262 ( 0.185)	Loss 4.6713e+00 (5.7991e+00)	Acc@1  12.11 (  4.63)	Acc@5  31.25 ( 12.95)
Epoch: [0][3790/5005]	Time  0.207 ( 0.380)	Data  0.000 ( 0.185)	Loss 4.7526e+00 (5.7963e+00)	Acc@1  12.50 (  4.65)	Acc@5  28.12 ( 12.99)
Epoch: [0][3800/5005]	Time  0.209 ( 0.380)	Data  0.000 ( 0.185)	Loss 4.5849e+00 (5.7934e+00)	Acc@1  14.84 (  4.67)	Acc@5  32.03 ( 13.04)
Epoch: [0][3810/5005]	Time  0.211 ( 0.380)	Data  0.000 ( 0.185)	Loss 4.7476e+00 (5.7906e+00)	Acc@1  10.94 (  4.69)	Acc@5  26.95 ( 13.08)
Epoch: [0][3820/5005]	Time  0.209 ( 0.380)	Data  0.000 ( 0.185)	Loss 4.7841e+00 (5.7879e+00)	Acc@1   8.20 (  4.70)	Acc@5  27.34 ( 13.12)
Epoch: [0][3830/5005]	Time  0.201 ( 0.380)	Data  0.000 ( 0.185)	Loss 4.8467e+00 (5.7850e+00)	Acc@1   8.98 (  4.72)	Acc@5  26.17 ( 13.16)
Epoch: [0][3840/5005]	Time  0.210 ( 0.380)	Data  0.000 ( 0.185)	Loss 4.6399e+00 (5.7821e+00)	Acc@1  12.89 (  4.74)	Acc@5  28.12 ( 13.20)
Epoch: [0][3850/5005]	Time  0.208 ( 0.380)	Data  0.000 ( 0.185)	Loss 4.6017e+00 (5.7793e+00)	Acc@1  13.67 (  4.76)	Acc@5  33.20 ( 13.25)
Epoch: [0][3860/5005]	Time  0.306 ( 0.380)	Data  0.000 ( 0.185)	Loss 4.9404e+00 (5.7765e+00)	Acc@1   8.20 (  4.78)	Acc@5  24.61 ( 13.29)
Epoch: [0][3870/5005]	Time  0.208 ( 0.380)	Data  0.000 ( 0.185)	Loss 4.8746e+00 (5.7739e+00)	Acc@1   9.38 (  4.80)	Acc@5  25.39 ( 13.33)
Epoch: [0][3880/5005]	Time  0.209 ( 0.380)	Data  0.000 ( 0.185)	Loss 4.4725e+00 (5.7709e+00)	Acc@1  15.62 (  4.82)	Acc@5  32.81 ( 13.37)
Epoch: [0][3890/5005]	Time  0.209 ( 0.380)	Data  0.000 ( 0.185)	Loss 4.5765e+00 (5.7683e+00)	Acc@1  17.58 (  4.84)	Acc@5  29.30 ( 13.41)
Epoch: [0][3900/5005]	Time  0.213 ( 0.380)	Data  0.000 ( 0.185)	Loss 4.6711e+00 (5.7656e+00)	Acc@1  11.33 (  4.86)	Acc@5  32.03 ( 13.45)
Epoch: [0][3910/5005]	Time  0.208 ( 0.380)	Data  0.000 ( 0.185)	Loss 4.6100e+00 (5.7627e+00)	Acc@1  11.72 (  4.88)	Acc@5  31.25 ( 13.49)
Epoch: [0][3920/5005]	Time  0.196 ( 0.380)	Data  0.001 ( 0.185)	Loss 4.8645e+00 (5.7600e+00)	Acc@1   8.20 (  4.89)	Acc@5  28.12 ( 13.53)
Epoch: [0][3930/5005]	Time  0.208 ( 0.380)	Data  0.000 ( 0.185)	Loss 4.7286e+00 (5.7574e+00)	Acc@1  14.06 (  4.91)	Acc@5  24.61 ( 13.57)
Epoch: [0][3940/5005]	Time  0.209 ( 0.380)	Data  0.000 ( 0.185)	Loss 4.7687e+00 (5.7546e+00)	Acc@1  12.50 (  4.93)	Acc@5  28.12 ( 13.61)
Epoch: [0][3950/5005]	Time  0.233 ( 0.380)	Data  0.000 ( 0.185)	Loss 4.5812e+00 (5.7517e+00)	Acc@1  15.23 (  4.96)	Acc@5  32.42 ( 13.66)
Epoch: [0][3960/5005]	Time  0.228 ( 0.380)	Data  0.000 ( 0.185)	Loss 4.8780e+00 (5.7490e+00)	Acc@1  12.11 (  4.98)	Acc@5  25.39 ( 13.70)
Epoch: [0][3970/5005]	Time  0.256 ( 0.380)	Data  0.000 ( 0.185)	Loss 4.8491e+00 (5.7464e+00)	Acc@1  12.11 (  5.00)	Acc@5  26.95 ( 13.74)
Epoch: [0][3980/5005]	Time  0.225 ( 0.380)	Data  0.000 ( 0.185)	Loss 4.5717e+00 (5.7436e+00)	Acc@1  15.62 (  5.02)	Acc@5  33.20 ( 13.79)
Epoch: [0][3990/5005]	Time  0.209 ( 0.380)	Data  0.000 ( 0.185)	Loss 4.6010e+00 (5.7410e+00)	Acc@1  13.28 (  5.04)	Acc@5  33.59 ( 13.83)
Epoch: [0][4000/5005]	Time  0.209 ( 0.380)	Data  0.000 ( 0.185)	Loss 4.5351e+00 (5.7382e+00)	Acc@1  14.84 (  5.06)	Acc@5  32.03 ( 13.87)
Epoch: [0][4010/5005]	Time  0.220 ( 0.380)	Data  0.000 ( 0.185)	Loss 4.3675e+00 (5.7353e+00)	Acc@1  17.97 (  5.08)	Acc@5  33.20 ( 13.91)
Epoch: [0][4020/5005]	Time  0.209 ( 0.380)	Data  0.000 ( 0.185)	Loss 4.5884e+00 (5.7327e+00)	Acc@1  14.45 (  5.10)	Acc@5  29.30 ( 13.95)
Epoch: [0][4030/5005]	Time  0.209 ( 0.380)	Data  0.000 ( 0.185)	Loss 4.6503e+00 (5.7299e+00)	Acc@1  13.67 (  5.12)	Acc@5  32.81 ( 14.00)
Epoch: [0][4040/5005]	Time  0.208 ( 0.380)	Data  0.000 ( 0.185)	Loss 4.5475e+00 (5.7273e+00)	Acc@1  14.06 (  5.14)	Acc@5  31.25 ( 14.03)
Epoch: [0][4050/5005]	Time  0.236 ( 0.380)	Data  0.000 ( 0.185)	Loss 4.7251e+00 (5.7245e+00)	Acc@1  12.11 (  5.16)	Acc@5  27.34 ( 14.08)
Epoch: [0][4060/5005]	Time  0.208 ( 0.380)	Data  0.000 ( 0.185)	Loss 4.3646e+00 (5.7216e+00)	Acc@1  16.80 (  5.18)	Acc@5  34.77 ( 14.12)
Epoch: [0][4070/5005]	Time  0.226 ( 0.380)	Data  0.000 ( 0.185)	Loss 4.6284e+00 (5.7188e+00)	Acc@1  12.11 (  5.20)	Acc@5  30.08 ( 14.16)
Epoch: [0][4080/5005]	Time  0.220 ( 0.380)	Data  0.000 ( 0.185)	Loss 4.5793e+00 (5.7162e+00)	Acc@1  14.06 (  5.22)	Acc@5  33.20 ( 14.20)
Epoch: [0][4090/5005]	Time  0.200 ( 0.380)	Data  0.000 ( 0.185)	Loss 4.5114e+00 (5.7133e+00)	Acc@1  12.11 (  5.24)	Acc@5  31.25 ( 14.25)
Epoch: [0][4100/5005]	Time  0.209 ( 0.380)	Data  0.000 ( 0.185)	Loss 4.8635e+00 (5.7106e+00)	Acc@1  12.89 (  5.26)	Acc@5  29.30 ( 14.29)
Epoch: [0][4110/5005]	Time  0.236 ( 0.380)	Data  0.000 ( 0.185)	Loss 4.4465e+00 (5.7079e+00)	Acc@1  16.80 (  5.29)	Acc@5  38.67 ( 14.33)
Epoch: [0][4120/5005]	Time  0.209 ( 0.380)	Data  0.000 ( 0.185)	Loss 4.4514e+00 (5.7051e+00)	Acc@1  16.80 (  5.31)	Acc@5  31.64 ( 14.37)
Epoch: [0][4130/5005]	Time  0.213 ( 0.380)	Data  0.000 ( 0.185)	Loss 4.4741e+00 (5.7024e+00)	Acc@1  15.23 (  5.33)	Acc@5  31.64 ( 14.42)
Epoch: [0][4140/5005]	Time  0.209 ( 0.380)	Data  0.000 ( 0.185)	Loss 4.6242e+00 (5.6998e+00)	Acc@1  13.28 (  5.35)	Acc@5  30.47 ( 14.45)
Epoch: [0][4150/5005]	Time  0.194 ( 0.380)	Data  0.000 ( 0.185)	Loss 4.6178e+00 (5.6970e+00)	Acc@1  13.28 (  5.37)	Acc@5  30.47 ( 14.50)
Epoch: [0][4160/5005]	Time  0.208 ( 0.380)	Data  0.000 ( 0.185)	Loss 4.5406e+00 (5.6943e+00)	Acc@1  13.28 (  5.39)	Acc@5  31.64 ( 14.54)
Epoch: [0][4170/5005]	Time  0.222 ( 0.380)	Data  0.000 ( 0.185)	Loss 4.8407e+00 (5.6918e+00)	Acc@1   8.59 (  5.41)	Acc@5  25.39 ( 14.58)
Epoch: [0][4180/5005]	Time  0.208 ( 0.380)	Data  0.000 ( 0.185)	Loss 4.6050e+00 (5.6891e+00)	Acc@1  12.89 (  5.43)	Acc@5  32.42 ( 14.62)
Epoch: [0][4190/5005]	Time  0.239 ( 0.380)	Data  0.001 ( 0.185)	Loss 4.7186e+00 (5.6864e+00)	Acc@1  10.16 (  5.45)	Acc@5  27.34 ( 14.67)
Epoch: [0][4200/5005]	Time  0.208 ( 0.380)	Data  0.000 ( 0.185)	Loss 4.6178e+00 (5.6838e+00)	Acc@1  11.33 (  5.47)	Acc@5  27.34 ( 14.71)
Epoch: [0][4210/5005]	Time  0.194 ( 0.380)	Data  0.000 ( 0.185)	Loss 4.5472e+00 (5.6812e+00)	Acc@1  14.84 (  5.49)	Acc@5  34.77 ( 14.75)
Epoch: [0][4220/5005]	Time  0.244 ( 0.380)	Data  0.000 ( 0.185)	Loss 4.6406e+00 (5.6786e+00)	Acc@1  14.06 (  5.51)	Acc@5  29.30 ( 14.79)
Epoch: [0][4230/5005]	Time  0.231 ( 0.380)	Data  0.000 ( 0.185)	Loss 4.3752e+00 (5.6760e+00)	Acc@1  16.41 (  5.53)	Acc@5  38.67 ( 14.83)
Epoch: [0][4240/5005]	Time  0.226 ( 0.380)	Data  0.000 ( 0.185)	Loss 4.6429e+00 (5.6734e+00)	Acc@1  13.67 (  5.54)	Acc@5  31.25 ( 14.87)
Epoch: [0][4250/5005]	Time  0.242 ( 0.380)	Data  0.000 ( 0.185)	Loss 4.4166e+00 (5.6708e+00)	Acc@1  16.41 (  5.56)	Acc@5  33.98 ( 14.91)
Epoch: [0][4260/5005]	Time  0.209 ( 0.380)	Data  0.000 ( 0.185)	Loss 4.4033e+00 (5.6683e+00)	Acc@1  16.41 (  5.58)	Acc@5  33.20 ( 14.95)
Epoch: [0][4270/5005]	Time  0.221 ( 0.379)	Data  0.000 ( 0.185)	Loss 4.4731e+00 (5.6654e+00)	Acc@1  13.28 (  5.61)	Acc@5  32.03 ( 14.99)
Epoch: [0][4280/5005]	Time  0.207 ( 0.379)	Data  0.000 ( 0.185)	Loss 4.6439e+00 (5.6628e+00)	Acc@1  12.89 (  5.63)	Acc@5  28.52 ( 15.04)
Epoch: [0][4290/5005]	Time  0.240 ( 0.379)	Data  0.000 ( 0.185)	Loss 4.6017e+00 (5.6601e+00)	Acc@1  14.06 (  5.65)	Acc@5  30.47 ( 15.08)
Epoch: [0][4300/5005]	Time  0.208 ( 0.379)	Data  0.000 ( 0.185)	Loss 4.6744e+00 (5.6576e+00)	Acc@1  14.45 (  5.67)	Acc@5  31.64 ( 15.12)
Epoch: [0][4310/5005]	Time  0.201 ( 0.379)	Data  0.001 ( 0.185)	Loss 4.4748e+00 (5.6549e+00)	Acc@1  15.62 (  5.69)	Acc@5  33.98 ( 15.16)
Epoch: [0][4320/5005]	Time  0.251 ( 0.379)	Data  0.000 ( 0.185)	Loss 4.4081e+00 (5.6524e+00)	Acc@1  14.06 (  5.71)	Acc@5  35.55 ( 15.20)
Epoch: [0][4330/5005]	Time  0.209 ( 0.379)	Data  0.000 ( 0.185)	Loss 4.4736e+00 (5.6498e+00)	Acc@1  15.62 (  5.73)	Acc@5  33.59 ( 15.25)
Epoch: [0][4340/5005]	Time  0.208 ( 0.379)	Data  0.000 ( 0.185)	Loss 4.4375e+00 (5.6472e+00)	Acc@1  14.45 (  5.75)	Acc@5  32.42 ( 15.28)
Epoch: [0][4350/5005]	Time  0.208 ( 0.379)	Data  0.000 ( 0.185)	Loss 4.3177e+00 (5.6447e+00)	Acc@1  17.19 (  5.77)	Acc@5  35.55 ( 15.33)
Epoch: [0][4360/5005]	Time  0.209 ( 0.379)	Data  0.000 ( 0.185)	Loss 4.7288e+00 (5.6421e+00)	Acc@1  10.55 (  5.79)	Acc@5  31.25 ( 15.37)
Epoch: [0][4370/5005]	Time  0.229 ( 0.379)	Data  0.000 ( 0.185)	Loss 4.6134e+00 (5.6397e+00)	Acc@1  14.45 (  5.81)	Acc@5  33.98 ( 15.41)
Epoch: [0][4380/5005]	Time  0.209 ( 0.379)	Data  0.000 ( 0.185)	Loss 4.5341e+00 (5.6372e+00)	Acc@1  14.06 (  5.83)	Acc@5  33.59 ( 15.44)
Epoch: [0][4390/5005]	Time  0.192 ( 0.379)	Data  0.000 ( 0.185)	Loss 4.6545e+00 (5.6348e+00)	Acc@1  13.28 (  5.85)	Acc@5  32.81 ( 15.48)
Epoch: [0][4400/5005]	Time  0.208 ( 0.379)	Data  0.000 ( 0.185)	Loss 4.4670e+00 (5.6322e+00)	Acc@1  14.06 (  5.87)	Acc@5  30.47 ( 15.53)
Epoch: [0][4410/5005]	Time  0.220 ( 0.379)	Data  0.000 ( 0.185)	Loss 4.6022e+00 (5.6296e+00)	Acc@1  12.89 (  5.89)	Acc@5  37.11 ( 15.57)
Epoch: [0][4420/5005]	Time  0.209 ( 0.379)	Data  0.000 ( 0.185)	Loss 4.3194e+00 (5.6269e+00)	Acc@1  15.23 (  5.91)	Acc@5  36.33 ( 15.61)
Epoch: [0][4430/5005]	Time  0.218 ( 0.379)	Data  0.000 ( 0.184)	Loss 4.4957e+00 (5.6244e+00)	Acc@1  15.23 (  5.93)	Acc@5  31.64 ( 15.65)
Epoch: [0][4440/5005]	Time  0.208 ( 0.379)	Data  0.000 ( 0.184)	Loss 4.6381e+00 (5.6218e+00)	Acc@1  15.62 (  5.95)	Acc@5  32.42 ( 15.69)
Epoch: [0][4450/5005]	Time  0.208 ( 0.379)	Data  0.000 ( 0.184)	Loss 4.5319e+00 (5.6192e+00)	Acc@1  11.33 (  5.97)	Acc@5  38.28 ( 15.73)
Epoch: [0][4460/5005]	Time  0.233 ( 0.379)	Data  0.000 ( 0.184)	Loss 4.4141e+00 (5.6167e+00)	Acc@1  15.23 (  6.00)	Acc@5  36.33 ( 15.77)
Epoch: [0][4470/5005]	Time  0.192 ( 0.379)	Data  0.000 ( 0.184)	Loss 4.4391e+00 (5.6141e+00)	Acc@1  16.02 (  6.01)	Acc@5  33.20 ( 15.82)
Epoch: [0][4480/5005]	Time  0.208 ( 0.379)	Data  0.000 ( 0.184)	Loss 4.1806e+00 (5.6116e+00)	Acc@1  17.19 (  6.04)	Acc@5  39.45 ( 15.86)
Epoch: [0][4490/5005]	Time  0.975 ( 0.379)	Data  0.832 ( 0.185)	Loss 4.4377e+00 (5.6090e+00)	Acc@1  14.45 (  6.06)	Acc@5  35.55 ( 15.90)
Epoch: [0][4500/5005]	Time  0.209 ( 0.379)	Data  0.000 ( 0.184)	Loss 4.4896e+00 (5.6065e+00)	Acc@1  13.67 (  6.08)	Acc@5  33.20 ( 15.94)
Epoch: [0][4510/5005]	Time  0.820 ( 0.379)	Data  0.609 ( 0.184)	Loss 4.4502e+00 (5.6039e+00)	Acc@1  15.62 (  6.10)	Acc@5  35.94 ( 15.98)
Epoch: [0][4520/5005]	Time  0.209 ( 0.379)	Data  0.000 ( 0.184)	Loss 4.4211e+00 (5.6014e+00)	Acc@1  18.75 (  6.12)	Acc@5  37.11 ( 16.02)
Epoch: [0][4530/5005]	Time  0.754 ( 0.379)	Data  0.612 ( 0.184)	Loss 4.3936e+00 (5.5988e+00)	Acc@1  16.41 (  6.14)	Acc@5  36.72 ( 16.06)
Epoch: [0][4540/5005]	Time  0.208 ( 0.379)	Data  0.000 ( 0.184)	Loss 4.4362e+00 (5.5962e+00)	Acc@1  17.58 (  6.16)	Acc@5  36.72 ( 16.10)
Epoch: [0][4550/5005]	Time  0.852 ( 0.379)	Data  0.711 ( 0.184)	Loss 4.2496e+00 (5.5936e+00)	Acc@1  19.14 (  6.18)	Acc@5  37.89 ( 16.14)
Epoch: [0][4560/5005]	Time  0.209 ( 0.379)	Data  0.000 ( 0.184)	Loss 4.5707e+00 (5.5911e+00)	Acc@1  12.89 (  6.21)	Acc@5  29.69 ( 16.18)
Epoch: [0][4570/5005]	Time  0.803 ( 0.379)	Data  0.639 ( 0.184)	Loss 4.5130e+00 (5.5884e+00)	Acc@1  12.50 (  6.23)	Acc@5  30.08 ( 16.23)
Epoch: [0][4580/5005]	Time  0.208 ( 0.379)	Data  0.000 ( 0.184)	Loss 4.4733e+00 (5.5860e+00)	Acc@1  13.28 (  6.24)	Acc@5  34.77 ( 16.27)
Epoch: [0][4590/5005]	Time  0.488 ( 0.379)	Data  0.307 ( 0.184)	Loss 4.4734e+00 (5.5837e+00)	Acc@1  12.50 (  6.26)	Acc@5  30.86 ( 16.30)
Epoch: [0][4600/5005]	Time  0.418 ( 0.379)	Data  0.279 ( 0.184)	Loss 4.4161e+00 (5.5813e+00)	Acc@1  16.02 (  6.28)	Acc@5  35.16 ( 16.34)
Epoch: [0][4610/5005]	Time  0.319 ( 0.379)	Data  0.126 ( 0.184)	Loss 4.2608e+00 (5.5788e+00)	Acc@1  19.92 (  6.30)	Acc@5  42.19 ( 16.38)
Epoch: [0][4620/5005]	Time  0.673 ( 0.379)	Data  0.528 ( 0.185)	Loss 4.4527e+00 (5.5764e+00)	Acc@1  16.02 (  6.32)	Acc@5  34.77 ( 16.42)
Epoch: [0][4630/5005]	Time  0.273 ( 0.379)	Data  0.086 ( 0.184)	Loss 4.4834e+00 (5.5740e+00)	Acc@1  12.89 (  6.34)	Acc@5  32.03 ( 16.46)
Epoch: [0][4640/5005]	Time  0.613 ( 0.379)	Data  0.465 ( 0.185)	Loss 4.3992e+00 (5.5715e+00)	Acc@1  12.89 (  6.36)	Acc@5  35.16 ( 16.49)
Epoch: [0][4650/5005]	Time  0.209 ( 0.379)	Data  0.000 ( 0.185)	Loss 4.3118e+00 (5.5690e+00)	Acc@1  16.02 (  6.38)	Acc@5  39.84 ( 16.53)
Epoch: [0][4660/5005]	Time  0.409 ( 0.379)	Data  0.267 ( 0.185)	Loss 4.2223e+00 (5.5664e+00)	Acc@1  19.92 (  6.40)	Acc@5  39.06 ( 16.58)
Epoch: [0][4670/5005]	Time  0.547 ( 0.379)	Data  0.401 ( 0.185)	Loss 4.3596e+00 (5.5640e+00)	Acc@1  20.31 (  6.42)	Acc@5  37.50 ( 16.61)
Epoch: [0][4680/5005]	Time  0.791 ( 0.379)	Data  0.650 ( 0.185)	Loss 4.4415e+00 (5.5614e+00)	Acc@1  19.53 (  6.44)	Acc@5  33.98 ( 16.65)
Epoch: [0][4690/5005]	Time  0.208 ( 0.379)	Data  0.000 ( 0.185)	Loss 4.2807e+00 (5.5589e+00)	Acc@1  15.23 (  6.46)	Acc@5  37.89 ( 16.69)
Epoch: [0][4700/5005]	Time  0.915 ( 0.379)	Data  0.717 ( 0.185)	Loss 4.5322e+00 (5.5564e+00)	Acc@1  14.06 (  6.48)	Acc@5  29.30 ( 16.73)
Epoch: [0][4710/5005]	Time  0.208 ( 0.379)	Data  0.000 ( 0.185)	Loss 4.6005e+00 (5.5540e+00)	Acc@1  12.11 (  6.50)	Acc@5  30.47 ( 16.77)
Epoch: [0][4720/5005]	Time  0.946 ( 0.379)	Data  0.764 ( 0.185)	Loss 4.4601e+00 (5.5516e+00)	Acc@1  19.53 (  6.52)	Acc@5  37.50 ( 16.81)
Epoch: [0][4730/5005]	Time  0.209 ( 0.379)	Data  0.000 ( 0.185)	Loss 4.2364e+00 (5.5489e+00)	Acc@1  15.62 (  6.55)	Acc@5  38.67 ( 16.85)
Epoch: [0][4740/5005]	Time  0.803 ( 0.379)	Data  0.650 ( 0.185)	Loss 4.3030e+00 (5.5465e+00)	Acc@1  16.02 (  6.57)	Acc@5  38.67 ( 16.89)
Epoch: [0][4750/5005]	Time  0.284 ( 0.378)	Data  0.121 ( 0.185)	Loss 4.3209e+00 (5.5442e+00)	Acc@1  17.58 (  6.59)	Acc@5  38.67 ( 16.93)
Epoch: [0][4760/5005]	Time  0.682 ( 0.379)	Data  0.536 ( 0.185)	Loss 4.3443e+00 (5.5417e+00)	Acc@1  20.31 (  6.61)	Acc@5  37.11 ( 16.97)
Epoch: [0][4770/5005]	Time  0.212 ( 0.378)	Data  0.000 ( 0.185)	Loss 4.5002e+00 (5.5392e+00)	Acc@1  13.28 (  6.62)	Acc@5  35.94 ( 17.01)
Epoch: [0][4780/5005]	Time  0.810 ( 0.378)	Data  0.669 ( 0.185)	Loss 4.4813e+00 (5.5370e+00)	Acc@1  14.84 (  6.64)	Acc@5  33.98 ( 17.05)
Epoch: [0][4790/5005]	Time  0.211 ( 0.378)	Data  0.000 ( 0.185)	Loss 4.1716e+00 (5.5345e+00)	Acc@1  19.92 (  6.66)	Acc@5  41.41 ( 17.09)
Epoch: [0][4800/5005]	Time  0.659 ( 0.378)	Data  0.515 ( 0.185)	Loss 4.2401e+00 (5.5320e+00)	Acc@1  18.36 (  6.68)	Acc@5  40.62 ( 17.13)
Epoch: [0][4810/5005]	Time  0.829 ( 0.378)	Data  0.690 ( 0.185)	Loss 4.4743e+00 (5.5296e+00)	Acc@1  14.06 (  6.70)	Acc@5  34.77 ( 17.17)
Epoch: [0][4820/5005]	Time  0.228 ( 0.378)	Data  0.000 ( 0.185)	Loss 4.1265e+00 (5.5272e+00)	Acc@1  20.31 (  6.72)	Acc@5  39.06 ( 17.21)
Epoch: [0][4830/5005]	Time  0.889 ( 0.378)	Data  0.748 ( 0.185)	Loss 4.2320e+00 (5.5249e+00)	Acc@1  14.06 (  6.74)	Acc@5  39.84 ( 17.25)
Epoch: [0][4840/5005]	Time  0.228 ( 0.378)	Data  0.000 ( 0.185)	Loss 4.5404e+00 (5.5225e+00)	Acc@1  12.11 (  6.76)	Acc@5  31.64 ( 17.29)
Epoch: [0][4850/5005]	Time  0.651 ( 0.378)	Data  0.499 ( 0.185)	Loss 4.3456e+00 (5.5201e+00)	Acc@1  16.41 (  6.78)	Acc@5  38.67 ( 17.33)
Epoch: [0][4860/5005]	Time  0.206 ( 0.378)	Data  0.000 ( 0.185)	Loss 4.2726e+00 (5.5177e+00)	Acc@1  15.62 (  6.80)	Acc@5  38.28 ( 17.37)
Epoch: [0][4870/5005]	Time  0.844 ( 0.378)	Data  0.687 ( 0.185)	Loss 4.2548e+00 (5.5153e+00)	Acc@1  12.11 (  6.82)	Acc@5  37.89 ( 17.40)
Epoch: [0][4880/5005]	Time  0.208 ( 0.378)	Data  0.000 ( 0.185)	Loss 4.3414e+00 (5.5130e+00)	Acc@1  14.06 (  6.84)	Acc@5  33.98 ( 17.44)
Epoch: [0][4890/5005]	Time  0.600 ( 0.378)	Data  0.458 ( 0.185)	Loss 4.4329e+00 (5.5107e+00)	Acc@1  15.23 (  6.86)	Acc@5  34.77 ( 17.48)
Epoch: [0][4900/5005]	Time  0.208 ( 0.378)	Data  0.000 ( 0.184)	Loss 4.4997e+00 (5.5083e+00)	Acc@1  13.67 (  6.88)	Acc@5  31.64 ( 17.52)
Epoch: [0][4910/5005]	Time  0.872 ( 0.378)	Data  0.729 ( 0.185)	Loss 4.5219e+00 (5.5060e+00)	Acc@1  15.23 (  6.90)	Acc@5  33.20 ( 17.56)
Epoch: [0][4920/5005]	Time  0.532 ( 0.378)	Data  0.384 ( 0.185)	Loss 4.2805e+00 (5.5036e+00)	Acc@1  16.02 (  6.92)	Acc@5  37.50 ( 17.59)
Epoch: [0][4930/5005]	Time  0.681 ( 0.378)	Data  0.486 ( 0.185)	Loss 4.3196e+00 (5.5014e+00)	Acc@1  14.45 (  6.94)	Acc@5  36.33 ( 17.63)
Epoch: [0][4940/5005]	Time  0.206 ( 0.378)	Data  0.000 ( 0.185)	Loss 4.2570e+00 (5.4990e+00)	Acc@1  18.36 (  6.96)	Acc@5  37.50 ( 17.67)
Epoch: [0][4950/5005]	Time  0.324 ( 0.378)	Data  0.138 ( 0.185)	Loss 4.2311e+00 (5.4965e+00)	Acc@1  17.97 (  6.98)	Acc@5  41.02 ( 17.71)
Epoch: [0][4960/5005]	Time  0.214 ( 0.378)	Data  0.074 ( 0.185)	Loss 4.3499e+00 (5.4940e+00)	Acc@1  16.02 (  7.00)	Acc@5  37.11 ( 17.75)
Epoch: [0][4970/5005]	Time  0.207 ( 0.378)	Data  0.000 ( 0.185)	Loss 4.1596e+00 (5.4916e+00)	Acc@1  17.19 (  7.02)	Acc@5  40.62 ( 17.79)
Epoch: [0][4980/5005]	Time  0.220 ( 0.378)	Data  0.000 ( 0.185)	Loss 4.0846e+00 (5.4891e+00)	Acc@1  18.75 (  7.04)	Acc@5  42.19 ( 17.83)
Epoch: [0][4990/5005]	Time  0.251 ( 0.378)	Data  0.111 ( 0.185)	Loss 4.0176e+00 (5.4865e+00)	Acc@1  21.88 (  7.07)	Acc@5  41.41 ( 17.88)
Epoch: [0][5000/5005]	Time  0.208 ( 0.378)	Data  0.000 ( 0.185)	Loss 4.1732e+00 (5.4842e+00)	Acc@1  18.36 (  7.09)	Acc@5  39.06 ( 17.91)
Test: [  0/196]	Time  2.676 ( 2.676)	Loss 4.3223e+00 (4.3223e+00)	Acc@1  36.72 ( 36.72)	Acc@5  70.31 ( 70.31)
Test: [ 10/196]	Time  0.075 ( 0.579)	Loss 5.0900e+00 (4.7035e+00)	Acc@1  11.72 ( 18.04)	Acc@5  28.12 ( 38.46)
Test: [ 20/196]	Time  1.080 ( 0.536)	Loss 4.9881e+00 (4.6485e+00)	Acc@1  21.48 ( 18.92)	Acc@5  35.16 ( 38.32)
Test: [ 30/196]	Time  0.073 ( 0.495)	Loss 4.0716e+00 (4.5458e+00)	Acc@1  12.11 ( 19.42)	Acc@5  35.55 ( 38.90)
Test: [ 40/196]	Time  1.060 ( 0.491)	Loss 5.4776e+00 (4.6059e+00)	Acc@1   4.69 ( 16.94)	Acc@5  15.23 ( 35.97)
Test: [ 50/196]	Time  0.073 ( 0.476)	Loss 4.7776e+00 (4.5697e+00)	Acc@1   6.25 ( 16.03)	Acc@5  21.09 ( 35.50)
Test: [ 60/196]	Time  0.411 ( 0.474)	Loss 4.6172e+00 (4.5645e+00)	Acc@1  15.62 ( 15.73)	Acc@5  34.77 ( 35.49)
Test: [ 70/196]	Time  0.074 ( 0.478)	Loss 5.1246e+00 (4.5683e+00)	Acc@1   8.20 ( 15.93)	Acc@5  22.66 ( 35.80)
Test: [ 80/196]	Time  0.278 ( 0.471)	Loss 5.4772e+00 (4.5356e+00)	Acc@1   5.86 ( 16.26)	Acc@5  21.48 ( 36.53)
Test: [ 90/196]	Time  0.075 ( 0.471)	Loss 5.8562e+00 (4.6043e+00)	Acc@1   4.69 ( 15.82)	Acc@5  11.72 ( 35.72)
Test: [100/196]	Time  0.275 ( 0.462)	Loss 6.0613e+00 (4.6564e+00)	Acc@1   1.56 ( 15.54)	Acc@5  12.89 ( 35.13)
Test: [110/196]	Time  0.127 ( 0.466)	Loss 5.5686e+00 (4.6801e+00)	Acc@1   7.03 ( 15.34)	Acc@5  19.53 ( 34.71)
Test: [120/196]	Time  1.143 ( 0.464)	Loss 5.2030e+00 (4.7056e+00)	Acc@1  14.84 ( 15.22)	Acc@5  27.34 ( 34.52)
Test: [130/196]	Time  0.427 ( 0.461)	Loss 4.8530e+00 (4.7236e+00)	Acc@1   8.59 ( 15.07)	Acc@5  32.81 ( 34.37)
Test: [140/196]	Time  0.581 ( 0.460)	Loss 5.0914e+00 (4.7315e+00)	Acc@1   4.69 ( 14.96)	Acc@5  21.09 ( 34.15)
Test: [150/196]	Time  1.055 ( 0.460)	Loss 4.8966e+00 (4.7541e+00)	Acc@1  11.72 ( 14.71)	Acc@5  28.91 ( 33.53)
Test: [160/196]	Time  0.296 ( 0.457)	Loss 4.7816e+00 (4.7724e+00)	Acc@1  14.84 ( 14.56)	Acc@5  33.59 ( 33.30)
Test: [170/196]	Time  1.328 ( 0.460)	Loss 3.1659e+00 (4.7849e+00)	Acc@1  42.97 ( 14.55)	Acc@5  62.11 ( 33.22)
Test: [180/196]	Time  0.381 ( 0.456)	Loss 4.0758e+00 (4.7836e+00)	Acc@1  18.36 ( 14.51)	Acc@5  40.23 ( 33.14)
Test: [190/196]	Time  1.277 ( 0.458)	Loss 3.9823e+00 (4.7714e+00)	Acc@1  17.97 ( 14.66)	Acc@5  39.06 ( 33.45)
 * Acc@1 15.004 Acc@5 33.876