=> creating model 'resnet50'
Epoch: [0][   0/1252]	Time 44.342 (44.342)	Data  8.568 ( 8.568)	Loss 7.1101e+00 (7.1101e+00)	Acc@1   0.00 (  0.00)	Acc@5   0.49 (  0.49)
Epoch: [0][  10/1252]	Time  0.746 ( 4.750)	Data  0.000 ( 0.779)	Loss 7.3151e+00 (7.1823e+00)	Acc@1   0.20 (  0.15)	Acc@5   0.59 (  0.60)
Epoch: [0][  20/1252]	Time  0.743 ( 2.859)	Data  0.000 ( 0.421)	Loss 7.2232e+00 (7.2586e+00)	Acc@1   0.20 (  0.14)	Acc@5   0.88 (  0.56)
Epoch: [0][  30/1252]	Time  0.742 ( 2.181)	Data  0.000 ( 0.294)	Loss 7.3836e+00 (7.2439e+00)	Acc@1   0.20 (  0.13)	Acc@5   0.59 (  0.56)
Epoch: [0][  40/1252]	Time  0.784 ( 1.834)	Data  0.000 ( 0.229)	Loss 7.0718e+00 (7.2202e+00)	Acc@1   0.29 (  0.13)	Acc@5   0.68 (  0.58)
Epoch: [0][  50/1252]	Time  0.750 ( 1.622)	Data  0.001 ( 0.190)	Loss 6.9927e+00 (7.1885e+00)	Acc@1   0.10 (  0.13)	Acc@5   0.68 (  0.59)
Epoch: [0][  60/1252]	Time  0.770 ( 1.481)	Data  0.000 ( 0.163)	Loss 6.9182e+00 (7.1555e+00)	Acc@1   0.00 (  0.12)	Acc@5   0.78 (  0.60)
Epoch: [0][  70/1252]	Time  0.747 ( 1.380)	Data  0.000 ( 0.144)	Loss 6.9388e+00 (7.1256e+00)	Acc@1   0.29 (  0.14)	Acc@5   0.98 (  0.65)
/home/leafz/PyTorch-Learning/virenv/lib/python3.6/site-packages/PIL/TiffImagePlugin.py:804: UserWarning: Corrupt EXIF data.  Expecting to read 4 bytes but only got 0.
  warnings.warn(str(msg))
Epoch: [0][  80/1252]	Time  0.665 ( 1.304)	Data  0.002 ( 0.130)	Loss 6.9133e+00 (7.1001e+00)	Acc@1   0.29 (  0.15)	Acc@5   0.78 (  0.67)
Epoch: [0][  90/1252]	Time  0.765 ( 1.244)	Data  0.000 ( 0.118)	Loss 6.8792e+00 (7.0781e+00)	Acc@1   0.29 (  0.16)	Acc@5   1.86 (  0.71)
Epoch: [0][ 100/1252]	Time  0.786 ( 1.197)	Data  0.000 ( 0.109)	Loss 6.9077e+00 (7.0589e+00)	Acc@1   0.00 (  0.16)	Acc@5   1.17 (  0.75)
Epoch: [0][ 110/1252]	Time  0.795 ( 1.158)	Data  0.000 ( 0.102)	Loss 6.8556e+00 (7.0416e+00)	Acc@1   0.20 (  0.18)	Acc@5   0.98 (  0.80)
Epoch: [0][ 120/1252]	Time  0.794 ( 1.125)	Data  0.000 ( 0.096)	Loss 6.8132e+00 (7.0252e+00)	Acc@1   0.39 (  0.20)	Acc@5   1.66 (  0.85)
Epoch: [0][ 130/1252]	Time  0.746 ( 1.100)	Data  0.000 ( 0.090)	Loss 6.7930e+00 (7.0089e+00)	Acc@1   0.39 (  0.21)	Acc@5   1.95 (  0.89)
Epoch: [0][ 140/1252]	Time  0.773 ( 1.076)	Data  0.000 ( 0.086)	Loss 6.7761e+00 (6.9930e+00)	Acc@1   0.10 (  0.23)	Acc@5   1.46 (  0.96)
Epoch: [0][ 150/1252]	Time  0.753 ( 1.056)	Data  0.000 ( 0.082)	Loss 6.7446e+00 (6.9775e+00)	Acc@1   0.49 (  0.25)	Acc@5   1.95 (  1.02)
Epoch: [0][ 160/1252]	Time  0.752 ( 1.038)	Data  0.000 ( 0.079)	Loss 6.7142e+00 (6.9611e+00)	Acc@1   0.68 (  0.27)	Acc@5   2.44 (  1.08)
Epoch: [0][ 170/1252]	Time  0.755 ( 1.022)	Data  0.000 ( 0.076)	Loss 6.6480e+00 (6.9436e+00)	Acc@1   0.68 (  0.29)	Acc@5   2.83 (  1.16)
Epoch: [0][ 180/1252]	Time  0.745 ( 1.008)	Data  0.000 ( 0.073)	Loss 6.6182e+00 (6.9259e+00)	Acc@1   0.39 (  0.31)	Acc@5   2.05 (  1.23)
Epoch: [0][ 190/1252]	Time  0.753 ( 0.996)	Data  0.000 ( 0.071)	Loss 6.5494e+00 (6.9085e+00)	Acc@1   0.68 (  0.33)	Acc@5   2.73 (  1.32)
Epoch: [0][ 200/1252]	Time  0.681 ( 0.985)	Data  0.003 ( 0.068)	Loss 6.5991e+00 (6.8931e+00)	Acc@1   0.78 (  0.34)	Acc@5   3.03 (  1.38)
Epoch: [0][ 210/1252]	Time  0.748 ( 0.974)	Data  0.000 ( 0.066)	Loss 6.5559e+00 (6.8774e+00)	Acc@1   0.98 (  0.36)	Acc@5   3.32 (  1.46)
Epoch: [0][ 220/1252]	Time  0.728 ( 0.965)	Data  0.002 ( 0.065)	Loss 6.5553e+00 (6.8613e+00)	Acc@1   0.78 (  0.39)	Acc@5   2.93 (  1.55)
Epoch: [0][ 230/1252]	Time  0.746 ( 0.956)	Data  0.000 ( 0.063)	Loss 6.5056e+00 (6.8462e+00)	Acc@1   0.88 (  0.40)	Acc@5   3.61 (  1.62)
Epoch: [0][ 240/1252]	Time  0.746 ( 0.949)	Data  0.000 ( 0.062)	Loss 6.5015e+00 (6.8320e+00)	Acc@1   0.98 (  0.43)	Acc@5   4.20 (  1.70)
Epoch: [0][ 250/1252]	Time  0.695 ( 0.941)	Data  0.003 ( 0.060)	Loss 6.4948e+00 (6.8186e+00)	Acc@1   1.37 (  0.44)	Acc@5   4.49 (  1.77)
Epoch: [0][ 260/1252]	Time  0.743 ( 0.935)	Data  0.001 ( 0.059)	Loss 6.5076e+00 (6.8054e+00)	Acc@1   0.88 (  0.47)	Acc@5   4.30 (  1.86)
Epoch: [0][ 270/1252]	Time  0.730 ( 0.929)	Data  0.003 ( 0.058)	Loss 6.4137e+00 (6.7914e+00)	Acc@1   1.17 (  0.49)	Acc@5   4.98 (  1.96)
Epoch: [0][ 280/1252]	Time  0.751 ( 0.924)	Data  0.000 ( 0.057)	Loss 6.4034e+00 (6.7782e+00)	Acc@1   1.56 (  0.52)	Acc@5   4.79 (  2.05)
Epoch: [0][ 290/1252]	Time  0.749 ( 0.918)	Data  0.001 ( 0.056)	Loss 6.4088e+00 (6.7654e+00)	Acc@1   1.07 (  0.54)	Acc@5   4.79 (  2.14)
Epoch: [0][ 300/1252]	Time  0.827 ( 0.913)	Data  0.000 ( 0.055)	Loss 6.3292e+00 (6.7528e+00)	Acc@1   1.27 (  0.57)	Acc@5   5.47 (  2.22)
Epoch: [0][ 310/1252]	Time  0.749 ( 0.908)	Data  0.000 ( 0.054)	Loss 6.3262e+00 (6.7400e+00)	Acc@1   0.88 (  0.59)	Acc@5   4.59 (  2.29)
Epoch: [0][ 320/1252]	Time  0.704 ( 0.904)	Data  0.004 ( 0.053)	Loss 6.3248e+00 (6.7271e+00)	Acc@1   1.76 (  0.62)	Acc@5   5.96 (  2.38)
Epoch: [0][ 330/1252]	Time  0.743 ( 0.899)	Data  0.003 ( 0.053)	Loss 6.2929e+00 (6.7145e+00)	Acc@1   0.88 (  0.64)	Acc@5   5.57 (  2.47)
Epoch: [0][ 340/1252]	Time  0.856 ( 0.895)	Data  0.001 ( 0.052)	Loss 6.2384e+00 (6.7020e+00)	Acc@1   1.37 (  0.67)	Acc@5   5.76 (  2.56)
Epoch: [0][ 350/1252]	Time  0.764 ( 0.892)	Data  0.000 ( 0.051)	Loss 6.2986e+00 (6.6899e+00)	Acc@1   1.37 (  0.69)	Acc@5   4.88 (  2.65)
Epoch: [0][ 360/1252]	Time  0.836 ( 0.888)	Data  0.000 ( 0.050)	Loss 6.2703e+00 (6.6776e+00)	Acc@1   1.07 (  0.72)	Acc@5   5.96 (  2.74)
Epoch: [0][ 370/1252]	Time  0.745 ( 0.885)	Data  0.000 ( 0.050)	Loss 6.2057e+00 (6.6650e+00)	Acc@1   1.46 (  0.74)	Acc@5   6.84 (  2.82)
Epoch: [0][ 380/1252]	Time  0.771 ( 0.882)	Data  0.000 ( 0.049)	Loss 6.1215e+00 (6.6522e+00)	Acc@1   2.25 (  0.78)	Acc@5   5.96 (  2.92)
Epoch: [0][ 390/1252]	Time  0.690 ( 0.879)	Data  0.002 ( 0.048)	Loss 6.1854e+00 (6.6404e+00)	Acc@1   1.07 (  0.80)	Acc@5   6.93 (  3.01)
Epoch: [0][ 400/1252]	Time  0.789 ( 0.876)	Data  0.000 ( 0.048)	Loss 6.1992e+00 (6.6287e+00)	Acc@1   2.05 (  0.83)	Acc@5   6.84 (  3.10)
Epoch: [0][ 410/1252]	Time  0.748 ( 0.873)	Data  0.000 ( 0.048)	Loss 6.1200e+00 (6.6163e+00)	Acc@1   3.03 (  0.86)	Acc@5   7.62 (  3.21)
Epoch: [0][ 420/1252]	Time  0.821 ( 0.871)	Data  0.000 ( 0.047)	Loss 6.1549e+00 (6.6042e+00)	Acc@1   2.73 (  0.89)	Acc@5   7.03 (  3.30)
Epoch: [0][ 430/1252]	Time  0.813 ( 0.869)	Data  0.000 ( 0.047)	Loss 6.1117e+00 (6.5918e+00)	Acc@1   2.73 (  0.92)	Acc@5   8.59 (  3.40)
Epoch: [0][ 440/1252]	Time  0.794 ( 0.866)	Data  0.000 ( 0.046)	Loss 6.0275e+00 (6.5797e+00)	Acc@1   2.25 (  0.95)	Acc@5   7.03 (  3.48)
Epoch: [0][ 450/1252]	Time  0.777 ( 0.864)	Data  0.000 ( 0.046)	Loss 6.0261e+00 (6.5671e+00)	Acc@1   1.56 (  0.98)	Acc@5   7.13 (  3.59)
Epoch: [0][ 460/1252]	Time  0.750 ( 0.862)	Data  0.003 ( 0.045)	Loss 5.9564e+00 (6.5549e+00)	Acc@1   2.44 (  1.02)	Acc@5   9.67 (  3.70)
Epoch: [0][ 470/1252]	Time  0.750 ( 0.860)	Data  0.000 ( 0.045)	Loss 6.0138e+00 (6.5423e+00)	Acc@1   1.66 (  1.05)	Acc@5   8.69 (  3.81)
Epoch: [0][ 480/1252]	Time  0.788 ( 0.858)	Data  0.000 ( 0.045)	Loss 5.9987e+00 (6.5308e+00)	Acc@1   2.25 (  1.08)	Acc@5   8.69 (  3.91)
Epoch: [0][ 490/1252]	Time  0.763 ( 0.857)	Data  0.000 ( 0.044)	Loss 5.9345e+00 (6.5192e+00)	Acc@1   4.20 (  1.11)	Acc@5  10.25 (  4.02)
Epoch: [0][ 500/1252]	Time  0.715 ( 0.855)	Data  0.003 ( 0.044)	Loss 5.9426e+00 (6.5074e+00)	Acc@1   2.93 (  1.14)	Acc@5   9.38 (  4.13)
Epoch: [0][ 510/1252]	Time  0.750 ( 0.853)	Data  0.000 ( 0.044)	Loss 5.8525e+00 (6.4958e+00)	Acc@1   2.73 (  1.18)	Acc@5   8.98 (  4.23)
Epoch: [0][ 520/1252]	Time  0.754 ( 0.851)	Data  0.000 ( 0.043)	Loss 5.9301e+00 (6.4839e+00)	Acc@1   2.83 (  1.21)	Acc@5   9.86 (  4.34)
Epoch: [0][ 530/1252]	Time  0.720 ( 0.850)	Data  0.013 ( 0.043)	Loss 5.8842e+00 (6.4725e+00)	Acc@1   3.42 (  1.25)	Acc@5   9.86 (  4.45)
Epoch: [0][ 540/1252]	Time  0.752 ( 0.848)	Data  0.000 ( 0.043)	Loss 5.8636e+00 (6.4612e+00)	Acc@1   2.64 (  1.28)	Acc@5  10.25 (  4.55)
Epoch: [0][ 550/1252]	Time  0.751 ( 0.847)	Data  0.000 ( 0.043)	Loss 5.8331e+00 (6.4496e+00)	Acc@1   4.10 (  1.32)	Acc@5   9.96 (  4.65)
Epoch: [0][ 560/1252]	Time  0.691 ( 0.845)	Data  0.001 ( 0.042)	Loss 5.8140e+00 (6.4384e+00)	Acc@1   2.73 (  1.35)	Acc@5  10.84 (  4.76)
Epoch: [0][ 570/1252]	Time  0.689 ( 0.843)	Data  0.024 ( 0.042)	Loss 5.7637e+00 (6.4271e+00)	Acc@1   3.81 (  1.38)	Acc@5  11.91 (  4.87)
Epoch: [0][ 580/1252]	Time  0.752 ( 0.842)	Data  0.000 ( 0.042)	Loss 5.7190e+00 (6.4154e+00)	Acc@1   3.12 (  1.42)	Acc@5  11.91 (  4.99)
Epoch: [0][ 590/1252]	Time  0.775 ( 0.841)	Data  0.000 ( 0.042)	Loss 5.7268e+00 (6.4036e+00)	Acc@1   3.91 (  1.46)	Acc@5  12.21 (  5.12)
Epoch: [0][ 600/1252]	Time  0.748 ( 0.840)	Data  0.003 ( 0.041)	Loss 5.7587e+00 (6.3920e+00)	Acc@1   3.22 (  1.50)	Acc@5  11.23 (  5.24)
Epoch: [0][ 610/1252]	Time  0.765 ( 0.839)	Data  0.003 ( 0.041)	Loss 5.7116e+00 (6.3805e+00)	Acc@1   5.37 (  1.54)	Acc@5  12.79 (  5.36)
Epoch: [0][ 620/1252]	Time  0.774 ( 0.837)	Data  0.000 ( 0.041)	Loss 5.5771e+00 (6.3693e+00)	Acc@1   3.71 (  1.58)	Acc@5  13.28 (  5.49)
Epoch: [0][ 630/1252]	Time  0.653 ( 0.836)	Data  0.001 ( 0.041)	Loss 5.5874e+00 (6.3575e+00)	Acc@1   4.98 (  1.63)	Acc@5  13.38 (  5.62)
Epoch: [0][ 640/1252]	Time  0.753 ( 0.835)	Data  0.000 ( 0.040)	Loss 5.6638e+00 (6.3461e+00)	Acc@1   5.27 (  1.67)	Acc@5  13.57 (  5.74)
Epoch: [0][ 650/1252]	Time  0.775 ( 0.834)	Data  0.000 ( 0.040)	Loss 5.5266e+00 (6.3348e+00)	Acc@1   5.57 (  1.72)	Acc@5  15.04 (  5.87)
Epoch: [0][ 660/1252]	Time  0.777 ( 0.833)	Data  0.002 ( 0.040)	Loss 5.5510e+00 (6.3235e+00)	Acc@1   5.08 (  1.76)	Acc@5  14.16 (  5.99)
Epoch: [0][ 670/1252]	Time  0.811 ( 0.833)	Data  0.000 ( 0.040)	Loss 5.5970e+00 (6.3128e+00)	Acc@1   4.49 (  1.80)	Acc@5  12.79 (  6.10)
Epoch: [0][ 680/1252]	Time  0.723 ( 0.831)	Data  0.002 ( 0.040)	Loss 5.4352e+00 (6.3015e+00)	Acc@1   5.96 (  1.85)	Acc@5  15.62 (  6.23)
Epoch: [0][ 690/1252]	Time  0.851 ( 0.831)	Data  0.000 ( 0.039)	Loss 5.5149e+00 (6.2900e+00)	Acc@1   3.81 (  1.90)	Acc@5  12.99 (  6.36)
Epoch: [0][ 700/1252]	Time  0.752 ( 0.830)	Data  0.000 ( 0.039)	Loss 5.4581e+00 (6.2787e+00)	Acc@1   5.08 (  1.94)	Acc@5  15.43 (  6.49)
Epoch: [0][ 710/1252]	Time  0.771 ( 0.829)	Data  0.000 ( 0.039)	Loss 5.4505e+00 (6.2676e+00)	Acc@1   4.98 (  1.99)	Acc@5  16.60 (  6.61)
Epoch: [0][ 720/1252]	Time  0.766 ( 0.828)	Data  0.000 ( 0.039)	Loss 5.4520e+00 (6.2566e+00)	Acc@1   6.05 (  2.03)	Acc@5  16.31 (  6.74)
Epoch: [0][ 730/1252]	Time  0.748 ( 0.827)	Data  0.000 ( 0.039)	Loss 5.3733e+00 (6.2455e+00)	Acc@1   5.86 (  2.08)	Acc@5  15.92 (  6.88)
Epoch: [0][ 740/1252]	Time  0.867 ( 0.827)	Data  0.000 ( 0.039)	Loss 5.4197e+00 (6.2349e+00)	Acc@1   5.57 (  2.12)	Acc@5  17.19 (  7.00)
Epoch: [0][ 750/1252]	Time  0.817 ( 0.826)	Data  0.000 ( 0.039)	Loss 5.4137e+00 (6.2242e+00)	Acc@1   6.35 (  2.17)	Acc@5  15.92 (  7.13)
Epoch: [0][ 760/1252]	Time  0.802 ( 0.825)	Data  0.000 ( 0.038)	Loss 5.4165e+00 (6.2137e+00)	Acc@1   5.37 (  2.22)	Acc@5  15.14 (  7.25)
Epoch: [0][ 770/1252]	Time  0.912 ( 0.824)	Data  0.000 ( 0.038)	Loss 5.3902e+00 (6.2030e+00)	Acc@1   5.66 (  2.27)	Acc@5  18.16 (  7.38)
Epoch: [0][ 780/1252]	Time  0.781 ( 0.824)	Data  0.000 ( 0.038)	Loss 5.4003e+00 (6.1923e+00)	Acc@1   5.86 (  2.32)	Acc@5  18.16 (  7.51)
Epoch: [0][ 790/1252]	Time  0.760 ( 0.823)	Data  0.000 ( 0.038)	Loss 5.3674e+00 (6.1818e+00)	Acc@1   7.42 (  2.37)	Acc@5  17.58 (  7.64)
Epoch: [0][ 800/1252]	Time  0.779 ( 0.822)	Data  0.000 ( 0.038)	Loss 5.4279e+00 (6.1714e+00)	Acc@1   6.45 (  2.42)	Acc@5  16.60 (  7.77)
Epoch: [0][ 810/1252]	Time  0.860 ( 0.822)	Data  0.000 ( 0.038)	Loss 5.3096e+00 (6.1613e+00)	Acc@1   6.35 (  2.47)	Acc@5  18.85 (  7.90)
Epoch: [0][ 820/1252]	Time  0.759 ( 0.821)	Data  0.000 ( 0.038)	Loss 5.2350e+00 (6.1509e+00)	Acc@1   6.54 (  2.51)	Acc@5  17.77 (  8.02)
Epoch: [0][ 830/1252]	Time  0.747 ( 0.820)	Data  0.000 ( 0.037)	Loss 5.2725e+00 (6.1405e+00)	Acc@1   6.74 (  2.57)	Acc@5  20.41 (  8.15)
Epoch: [0][ 840/1252]	Time  0.748 ( 0.820)	Data  0.000 ( 0.037)	Loss 5.0838e+00 (6.1303e+00)	Acc@1   8.30 (  2.62)	Acc@5  23.34 (  8.28)
Epoch: [0][ 850/1252]	Time  0.833 ( 0.819)	Data  0.000 ( 0.037)	Loss 5.2657e+00 (6.1203e+00)	Acc@1   6.84 (  2.67)	Acc@5  18.07 (  8.40)
Epoch: [0][ 860/1252]	Time  0.763 ( 0.818)	Data  0.000 ( 0.037)	Loss 5.2367e+00 (6.1101e+00)	Acc@1   7.13 (  2.72)	Acc@5  17.68 (  8.54)
Epoch: [0][ 870/1252]	Time  0.744 ( 0.818)	Data  0.000 ( 0.037)	Loss 5.2425e+00 (6.1001e+00)	Acc@1   6.15 (  2.77)	Acc@5  20.12 (  8.66)
Epoch: [0][ 880/1252]	Time  0.709 ( 0.817)	Data  0.002 ( 0.037)	Loss 5.2115e+00 (6.0906e+00)	Acc@1   7.13 (  2.81)	Acc@5  20.90 (  8.78)
Epoch: [0][ 890/1252]	Time  0.758 ( 0.817)	Data  0.000 ( 0.037)	Loss 5.3263e+00 (6.0806e+00)	Acc@1   6.45 (  2.87)	Acc@5  18.07 (  8.91)
Epoch: [0][ 900/1252]	Time  0.776 ( 0.816)	Data  0.000 ( 0.037)	Loss 5.3138e+00 (6.0711e+00)	Acc@1   7.03 (  2.91)	Acc@5  18.65 (  9.03)
Epoch: [0][ 910/1252]	Time  0.758 ( 0.816)	Data  0.000 ( 0.037)	Loss 5.0506e+00 (6.0615e+00)	Acc@1   8.79 (  2.97)	Acc@5  21.78 (  9.16)
Epoch: [0][ 920/1252]	Time  0.748 ( 0.815)	Data  0.000 ( 0.037)	Loss 5.1400e+00 (6.0517e+00)	Acc@1   8.98 (  3.02)	Acc@5  22.17 (  9.28)
Epoch: [0][ 930/1252]	Time  0.743 ( 0.815)	Data  0.000 ( 0.036)	Loss 5.1745e+00 (6.0426e+00)	Acc@1   7.32 (  3.07)	Acc@5  20.41 (  9.40)
Epoch: [0][ 940/1252]	Time  0.754 ( 0.814)	Data  0.000 ( 0.036)	Loss 5.0946e+00 (6.0331e+00)	Acc@1   8.59 (  3.12)	Acc@5  21.58 (  9.52)
Epoch: [0][ 950/1252]	Time  0.724 ( 0.814)	Data  0.002 ( 0.036)	Loss 5.1500e+00 (6.0237e+00)	Acc@1   8.20 (  3.17)	Acc@5  22.27 (  9.65)
Epoch: [0][ 960/1252]	Time  0.796 ( 0.813)	Data  0.000 ( 0.036)	Loss 5.0578e+00 (6.0145e+00)	Acc@1   8.59 (  3.23)	Acc@5  23.44 (  9.77)
Epoch: [0][ 970/1252]	Time  0.785 ( 0.813)	Data  0.000 ( 0.036)	Loss 5.0313e+00 (6.0050e+00)	Acc@1   8.69 (  3.28)	Acc@5  24.80 (  9.90)
Epoch: [0][ 980/1252]	Time  0.775 ( 0.813)	Data  0.000 ( 0.036)	Loss 5.0108e+00 (5.9956e+00)	Acc@1  10.25 (  3.34)	Acc@5  24.71 ( 10.03)
Epoch: [0][ 990/1252]	Time  0.795 ( 0.812)	Data  0.000 ( 0.036)	Loss 4.9996e+00 (5.9862e+00)	Acc@1   8.59 (  3.39)	Acc@5  23.24 ( 10.15)
Epoch: [0][1000/1252]	Time  0.748 ( 0.812)	Data  0.000 ( 0.036)	Loss 5.1120e+00 (5.9771e+00)	Acc@1   7.81 (  3.44)	Acc@5  22.85 ( 10.28)
Epoch: [0][1010/1252]	Time  0.737 ( 0.811)	Data  0.002 ( 0.036)	Loss 5.0661e+00 (5.9678e+00)	Acc@1   7.91 (  3.50)	Acc@5  22.27 ( 10.41)
Epoch: [0][1020/1252]	Time  0.747 ( 0.811)	Data  0.002 ( 0.036)	Loss 5.0773e+00 (5.9587e+00)	Acc@1   8.98 (  3.55)	Acc@5  22.36 ( 10.54)
Epoch: [0][1030/1252]	Time  0.841 ( 0.810)	Data  0.000 ( 0.035)	Loss 5.0275e+00 (5.9495e+00)	Acc@1   8.98 (  3.61)	Acc@5  24.22 ( 10.67)
Epoch: [0][1040/1252]	Time  0.751 ( 0.810)	Data  0.000 ( 0.035)	Loss 4.9987e+00 (5.9406e+00)	Acc@1   9.38 (  3.66)	Acc@5  24.61 ( 10.79)
Epoch: [0][1050/1252]	Time  0.753 ( 0.809)	Data  0.000 ( 0.035)	Loss 4.9935e+00 (5.9318e+00)	Acc@1   9.38 (  3.72)	Acc@5  24.12 ( 10.92)
Epoch: [0][1060/1252]	Time  0.771 ( 0.809)	Data  0.000 ( 0.035)	Loss 4.9799e+00 (5.9227e+00)	Acc@1   8.79 (  3.78)	Acc@5  23.54 ( 11.05)
Epoch: [0][1070/1252]	Time  0.678 ( 0.808)	Data  0.001 ( 0.035)	Loss 4.9561e+00 (5.9140e+00)	Acc@1   9.38 (  3.83)	Acc@5  24.61 ( 11.17)
Epoch: [0][1080/1252]	Time  0.750 ( 0.808)	Data  0.000 ( 0.035)	Loss 4.9825e+00 (5.9052e+00)	Acc@1   9.67 (  3.89)	Acc@5  25.29 ( 11.29)
Epoch: [0][1090/1252]	Time  0.751 ( 0.808)	Data  0.000 ( 0.035)	Loss 5.0280e+00 (5.8966e+00)	Acc@1   8.98 (  3.93)	Acc@5  21.68 ( 11.41)
Epoch: [0][1100/1252]	Time  0.862 ( 0.807)	Data  0.000 ( 0.035)	Loss 4.8616e+00 (5.8873e+00)	Acc@1  10.25 (  3.99)	Acc@5  26.27 ( 11.54)
Epoch: [0][1110/1252]	Time  0.706 ( 0.807)	Data  0.002 ( 0.035)	Loss 4.8261e+00 (5.8783e+00)	Acc@1  10.25 (  4.05)	Acc@5  27.34 ( 11.67)
Epoch: [0][1120/1252]	Time  0.750 ( 0.807)	Data  0.000 ( 0.035)	Loss 4.8862e+00 (5.8697e+00)	Acc@1   9.18 (  4.10)	Acc@5  23.24 ( 11.79)
Epoch: [0][1130/1252]	Time  0.750 ( 0.806)	Data  0.000 ( 0.035)	Loss 4.7999e+00 (5.8607e+00)	Acc@1  10.94 (  4.16)	Acc@5  27.25 ( 11.92)
Epoch: [0][1140/1252]	Time  0.750 ( 0.806)	Data  0.000 ( 0.035)	Loss 4.8321e+00 (5.8518e+00)	Acc@1  12.50 (  4.22)	Acc@5  26.56 ( 12.05)
Epoch: [0][1150/1252]	Time  0.747 ( 0.806)	Data  0.000 ( 0.035)	Loss 4.8630e+00 (5.8435e+00)	Acc@1  10.06 (  4.27)	Acc@5  26.46 ( 12.17)
Epoch: [0][1160/1252]	Time  0.751 ( 0.805)	Data  0.001 ( 0.035)	Loss 4.9341e+00 (5.8350e+00)	Acc@1   9.38 (  4.32)	Acc@5  25.68 ( 12.30)
Epoch: [0][1170/1252]	Time  0.748 ( 0.805)	Data  0.000 ( 0.034)	Loss 5.0319e+00 (5.8264e+00)	Acc@1   9.67 (  4.38)	Acc@5  23.73 ( 12.42)
Epoch: [0][1180/1252]	Time  0.749 ( 0.804)	Data  0.000 ( 0.034)	Loss 4.7408e+00 (5.8176e+00)	Acc@1  12.11 (  4.44)	Acc@5  28.42 ( 12.55)
Epoch: [0][1190/1252]	Time  0.751 ( 0.804)	Data  0.000 ( 0.034)	Loss 4.7256e+00 (5.8089e+00)	Acc@1  10.74 (  4.49)	Acc@5  28.52 ( 12.68)
Epoch: [0][1200/1252]	Time  0.774 ( 0.804)	Data  0.000 ( 0.034)	Loss 4.7654e+00 (5.8003e+00)	Acc@1   9.77 (  4.55)	Acc@5  27.93 ( 12.81)
Epoch: [0][1210/1252]	Time  0.766 ( 0.803)	Data  0.000 ( 0.034)	Loss 4.7450e+00 (5.7918e+00)	Acc@1  12.70 (  4.61)	Acc@5  28.32 ( 12.94)
Epoch: [0][1220/1252]	Time  0.779 ( 0.803)	Data  0.000 ( 0.034)	Loss 4.7290e+00 (5.7832e+00)	Acc@1  12.11 (  4.66)	Acc@5  29.69 ( 13.06)
Epoch: [0][1230/1252]	Time  0.753 ( 0.803)	Data  0.000 ( 0.034)	Loss 4.7785e+00 (5.7752e+00)	Acc@1  11.43 (  4.72)	Acc@5  27.34 ( 13.18)
Epoch: [0][1240/1252]	Time  0.750 ( 0.802)	Data  0.000 ( 0.034)	Loss 4.6710e+00 (5.7669e+00)	Acc@1  11.43 (  4.77)	Acc@5  29.69 ( 13.30)
Epoch: [0][1250/1252]	Time  0.748 ( 0.802)	Data  0.000 ( 0.034)	Loss 4.6524e+00 (5.7587e+00)	Acc@1  12.99 (  4.83)	Acc@5  30.47 ( 13.43)
Test: [ 0/49]	Time 12.073 (12.073)	Loss 1.3569e+01 (1.3569e+01)	Acc@1  19.63 ( 19.63)	Acc@5  45.61 ( 45.61)
Test: [10/49]	Time  0.251 ( 1.354)	Loss 6.7333e+00 (8.8127e+00)	Acc@1   7.42 ( 12.02)	Acc@5  24.02 ( 30.15)
Test: [20/49]	Time  0.249 ( 1.080)	Loss 1.8924e+01 (9.3317e+00)	Acc@1   4.20 ( 12.01)	Acc@5  16.89 ( 30.34)
Test: [30/49]	Time  0.249 ( 0.812)	Loss 3.0900e+01 (1.3451e+01)	Acc@1   5.76 ( 10.95)	Acc@5  19.34 ( 28.03)
Test: [40/49]	Time  0.249 ( 0.794)	Loss 1.1547e+01 (1.4527e+01)	Acc@1   3.91 ( 10.53)	Acc@5  16.11 ( 26.63)
 * Acc@1 10.772 Acc@5 26.926