Files already downloaded and verified
Files already downloaded and verified
start train
epoch: 1         iter:     5     loss: 6.894     time used: 1.748
epoch: 1         iter:    10     loss: 6.817     time used: 1.027
epoch: 1         iter:    15     loss: 5.526     time used: 1.034
epoch: 1         iter:    20     loss: 6.276     time used: 1.027
epoch: 1         iter:    25     loss: 6.666     time used: 1.026
epoch: 1         iter:    30     loss: 6.350     time used: 1.010
epoch: 2         iter:     5     loss: 5.006     time used: 1.976
epoch: 2         iter:    10     loss: 4.113     time used: 1.026
epoch: 2         iter:    15     loss: 3.447     time used: 1.003
epoch: 2         iter:    20     loss: 2.900     time used: 0.970
epoch: 2         iter:    25     loss: 2.503     time used: 1.009
epoch: 2         iter:    30     loss: 2.379     time used: 1.014
epoch: 3         iter:     5     loss: 2.339     time used: 1.898
epoch: 3         iter:    10     loss: 2.323     time used: 1.030
epoch: 3         iter:    15     loss: 2.325     time used: 1.006
epoch: 3         iter:    20     loss: 2.323     time used: 0.980
epoch: 3         iter:    25     loss: 2.321     time used: 1.019
epoch: 3         iter:    30     loss: 2.329     time used: 1.014
epoch: 4         iter:     5     loss: 2.323     time used: 2.035
epoch: 4         iter:    10     loss: 2.319     time used: 1.010
epoch: 4         iter:    15     loss: 2.324     time used: 0.991
epoch: 4         iter:    20     loss: 2.322     time used: 1.000
epoch: 4         iter:    25     loss: 2.317     time used: 1.005
epoch: 4         iter:    30     loss: 2.318     time used: 1.017
epoch: 5         iter:     5     loss: 2.316     time used: 1.947
epoch: 5         iter:    10     loss: 2.315     time used: 1.051
epoch: 5         iter:    15     loss: 2.318     time used: 0.974
epoch: 5         iter:    20     loss: 2.315     time used: 1.025
epoch: 5         iter:    25     loss: 2.311     time used: 1.005
epoch: 5         iter:    30     loss: 2.308     time used: 1.026
epoch: 6         iter:     5     loss: 2.309     time used: 1.941
epoch: 6         iter:    10     loss: 2.309     time used: 1.011
epoch: 6         iter:    15     loss: 2.303     time used: 1.022
epoch: 6         iter:    20     loss: 2.298     time used: 1.020
epoch: 6         iter:    25     loss: 2.294     time used: 1.020
epoch: 6         iter:    30     loss: 2.285     time used: 1.021
epoch: 7         iter:     5     loss: 2.274     time used: 1.934
epoch: 7         iter:    10     loss: 2.261     time used: 1.023
epoch: 7         iter:    15     loss: 2.249     time used: 1.025
epoch: 7         iter:    20     loss: 2.222     time used: 1.029
epoch: 7         iter:    25     loss: 2.206     time used: 1.025
epoch: 7         iter:    30     loss: 2.179     time used: 1.028
epoch: 8         iter:     5     loss: 2.131     time used: 1.990
epoch: 8         iter:    10     loss: 2.128     time used: 0.988
epoch: 8         iter:    15     loss: 2.109     time used: 1.035
epoch: 8         iter:    20     loss: 2.096     time used: 1.022
epoch: 8         iter:    25     loss: 2.084     time used: 1.001
epoch: 8         iter:    30     loss: 2.071     time used: 1.018
epoch: 9         iter:     5     loss: 2.077     time used: 1.931
epoch: 9         iter:    10     loss: 2.071     time used: 1.008
epoch: 9         iter:    15     loss: 2.059     time used: 1.012
epoch: 9         iter:    20     loss: 2.040     time used: 1.011
epoch: 9         iter:    25     loss: 2.032     time used: 1.017
epoch: 9         iter:    30     loss: 2.024     time used: 1.011
epoch: 10        iter:     5     loss: 2.061     time used: 1.979
epoch: 10        iter:    10     loss: 2.002     time used: 1.028
epoch: 10        iter:    15     loss: 1.998     time used: 1.004
epoch: 10        iter:    20     loss: 2.136     time used: 1.028
epoch: 10        iter:    25     loss: 2.039     time used: 1.011
epoch: 10        iter:    30     loss: 1.998     time used: 1.020
epoch: 11        iter:     5     loss: 1.951     time used: 1.818
epoch: 11        iter:    10     loss: 1.970     time used: 1.018
epoch: 11        iter:    15     loss: 1.950     time used: 0.998
epoch: 11        iter:    20     loss: 1.960     time used: 1.005
epoch: 11        iter:    25     loss: 1.949     time used: 1.038
epoch: 11        iter:    30     loss: 1.940     time used: 1.030
epoch: 12        iter:     5     loss: 1.906     time used: 1.980
epoch: 12        iter:    10     loss: 1.893     time used: 1.023
epoch: 12        iter:    15     loss: 1.894     time used: 1.051
epoch: 12        iter:    20     loss: 2.237     time used: 1.018
epoch: 12        iter:    25     loss: 2.055     time used: 1.005
epoch: 12        iter:    30     loss: 1.974     time used: 1.017
epoch: 13        iter:     5     loss: 1.925     time used: 1.964
epoch: 13        iter:    10     loss: 1.910     time used: 1.019
epoch: 13        iter:    15     loss: 1.894     time used: 1.014
epoch: 13        iter:    20     loss: 1.883     time used: 1.016
epoch: 13        iter:    25     loss: 1.869     time used: 1.011
epoch: 13        iter:    30     loss: 1.878     time used: 0.990
epoch: 14        iter:     5     loss: 1.862     time used: 2.014
epoch: 14        iter:    10     loss: 1.862     time used: 1.021
epoch: 14        iter:    15     loss: 1.891     time used: 1.020
epoch: 14        iter:    20     loss: 1.862     time used: 1.028
epoch: 14        iter:    25     loss: 1.880     time used: 1.011
epoch: 14        iter:    30     loss: 1.866     time used: 1.006
epoch: 15        iter:     5     loss: 1.867     time used: 1.894
epoch: 15        iter:    10     loss: 1.893     time used: 0.972
epoch: 15        iter:    15     loss: 1.861     time used: 0.984
epoch: 15        iter:    20     loss: 1.870     time used: 1.015
epoch: 15        iter:    25     loss: 1.871     time used: 1.023
epoch: 15        iter:    30     loss: 1.845     time used: 1.005
epoch: 16        iter:     5     loss: 1.836     time used: 1.974
epoch: 16        iter:    10     loss: 1.848     time used: 1.032
epoch: 16        iter:    15     loss: 1.811     time used: 1.071
epoch: 16        iter:    20     loss: 1.818     time used: 1.043
epoch: 16        iter:    25     loss: 1.953     time used: 1.024
epoch: 16        iter:    30     loss: 1.869     time used: 1.009
epoch: 17        iter:     5     loss: 1.862     time used: 1.954
epoch: 17        iter:    10     loss: 1.824     time used: 1.038
epoch: 17        iter:    15     loss: 1.799     time used: 1.018
epoch: 17        iter:    20     loss: 1.810     time used: 1.035
epoch: 17        iter:    25     loss: 1.803     time used: 1.024
epoch: 17        iter:    30     loss: 1.791     time used: 1.001
epoch: 18        iter:     5     loss: 1.757     time used: 1.897
epoch: 18        iter:    10     loss: 1.766     time used: 1.013
epoch: 18        iter:    15     loss: 1.984     time used: 0.996
epoch: 18        iter:    20     loss: 1.846     time used: 1.011
epoch: 18        iter:    25     loss: 1.783     time used: 1.027
epoch: 18        iter:    30     loss: 1.750     time used: 1.027
epoch: 19        iter:     5     loss: 1.733     time used: 2.008
epoch: 19        iter:    10     loss: 1.723     time used: 1.018
epoch: 19        iter:    15     loss: 1.702     time used: 1.014
epoch: 19        iter:    20     loss: 1.746     time used: 1.005
epoch: 19        iter:    25     loss: 1.775     time used: 0.999
epoch: 19        iter:    30     loss: 1.726     time used: 0.971
epoch: 20        iter:     5     loss: 1.701     time used: 1.997
epoch: 20        iter:    10     loss: 1.672     time used: 1.011
epoch: 20        iter:    15     loss: 1.741     time used: 0.997
epoch: 20        iter:    20     loss: 1.768     time used: 1.015
epoch: 20        iter:    25     loss: 1.669     time used: 1.020
epoch: 20        iter:    30     loss: 1.661     time used: 0.982
epoch: 21        iter:     5     loss: 1.684     time used: 1.985
epoch: 21        iter:    10     loss: 1.672     time used: 1.064
epoch: 21        iter:    15     loss: 1.742     time used: 1.067
epoch: 21        iter:    20     loss: 1.641     time used: 1.018
epoch: 21        iter:    25     loss: 1.621     time used: 1.017
epoch: 21        iter:    30     loss: 1.695     time used: 1.023
epoch: 22        iter:     5     loss: 1.625     time used: 2.009
epoch: 22        iter:    10     loss: 1.664     time used: 1.029
epoch: 22        iter:    15     loss: 1.885     time used: 1.004
epoch: 22        iter:    20     loss: 1.746     time used: 1.021
epoch: 22        iter:    25     loss: 1.661     time used: 1.022
epoch: 22        iter:    30     loss: 1.616     time used: 1.006
epoch: 23        iter:     5     loss: 1.598     time used: 1.950
epoch: 23        iter:    10     loss: 1.621     time used: 1.010
epoch: 23        iter:    15     loss: 1.571     time used: 1.035
epoch: 23        iter:    20     loss: 1.573     time used: 1.013
epoch: 23        iter:    25     loss: 1.633     time used: 1.017
epoch: 23        iter:    30     loss: 1.658     time used: 1.011
epoch: 24        iter:     5     loss: 1.574     time used: 1.954
epoch: 24        iter:    10     loss: 1.567     time used: 0.994
epoch: 24        iter:    15     loss: 1.587     time used: 1.028
epoch: 24        iter:    20     loss: 1.560     time used: 1.021
epoch: 24        iter:    25     loss: 1.522     time used: 1.018
epoch: 24        iter:    30     loss: 1.584     time used: 1.008
epoch: 25        iter:     5     loss: 1.536     time used: 1.991
epoch: 25        iter:    10     loss: 1.522     time used: 1.037
epoch: 25        iter:    15     loss: 1.522     time used: 1.018
epoch: 25        iter:    20     loss: 1.571     time used: 1.011
epoch: 25        iter:    25     loss: 1.572     time used: 1.022
epoch: 25        iter:    30     loss: 1.512     time used: 1.020
epoch: 26        iter:     5     loss: 1.510     time used: 1.980
epoch: 26        iter:    10     loss: 1.488     time used: 1.037
epoch: 26        iter:    15     loss: 1.469     time used: 1.026
epoch: 26        iter:    20     loss: 1.458     time used: 1.003
epoch: 26        iter:    25     loss: 1.445     time used: 0.950
epoch: 26        iter:    30     loss: 1.530     time used: 1.022
epoch: 27        iter:     5     loss: 1.515     time used: 1.969
epoch: 27        iter:    10     loss: 1.433     time used: 1.014
epoch: 27        iter:    15     loss: 1.433     time used: 1.011
epoch: 27        iter:    20     loss: 1.722     time used: 0.976
epoch: 27        iter:    25     loss: 1.646     time used: 1.022
epoch: 27        iter:    30     loss: 1.543     time used: 1.022
epoch: 28        iter:     5     loss: 1.414     time used: 1.984
epoch: 28        iter:    10     loss: 1.420     time used: 1.020
epoch: 28        iter:    15     loss: 1.386     time used: 1.028
epoch: 28        iter:    20     loss: 1.378     time used: 1.007
epoch: 28        iter:    25     loss: 1.371     time used: 1.001
epoch: 28        iter:    30     loss: 1.505     time used: 1.025
epoch: 29        iter:     5     loss: 1.380     time used: 1.961
epoch: 29        iter:    10     loss: 1.361     time used: 1.004
epoch: 29        iter:    15     loss: 1.378     time used: 1.027
epoch: 29        iter:    20     loss: 1.398     time used: 0.987
epoch: 29        iter:    25     loss: 1.385     time used: 1.028
epoch: 29        iter:    30     loss: 1.304     time used: 1.013
epoch: 30        iter:     5     loss: 1.335     time used: 1.999
epoch: 30        iter:    10     loss: 1.366     time used: 1.032
epoch: 30        iter:    15     loss: 1.307     time used: 1.022
epoch: 30        iter:    20     loss: 1.301     time used: 1.013
epoch: 30        iter:    25     loss: 1.317     time used: 1.024
epoch: 30        iter:    30     loss: 1.371     time used: 1.024
epoch: 31        iter:     5     loss: 1.269     time used: 2.025
epoch: 31        iter:    10     loss: 1.316     time used: 1.020
epoch: 31        iter:    15     loss: 1.258     time used: 0.997
epoch: 31        iter:    20     loss: 1.252     time used: 1.026
epoch: 31        iter:    25     loss: 1.234     time used: 1.015
epoch: 31        iter:    30     loss: 1.217     time used: 1.013
epoch: 32        iter:     5     loss: 1.266     time used: 1.938
epoch: 32        iter:    10     loss: 1.272     time used: 0.974
epoch: 32        iter:    15     loss: 1.236     time used: 1.013
epoch: 32        iter:    20     loss: 1.518     time used: 1.023
epoch: 32        iter:    25     loss: 1.428     time used: 1.021
epoch: 32        iter:    30     loss: 1.341     time used: 1.019
epoch: 33        iter:     5     loss: 1.238     time used: 1.901
epoch: 33        iter:    10     loss: 1.192     time used: 1.020
epoch: 33        iter:    15     loss: 1.163     time used: 1.018
epoch: 33        iter:    20     loss: 1.192     time used: 1.000
epoch: 33        iter:    25     loss: 1.191     time used: 0.982
epoch: 33        iter:    30     loss: 1.182     time used: 0.985
epoch: 34        iter:     5     loss: 1.132     time used: 2.030
epoch: 34        iter:    10     loss: 1.166     time used: 1.021
epoch: 34        iter:    15     loss: 1.130     time used: 1.008
epoch: 34        iter:    20     loss: 1.164     time used: 0.993
epoch: 34        iter:    25     loss: 1.172     time used: 1.017
epoch: 34        iter:    30     loss: 1.124     time used: 1.027
epoch: 35        iter:     5     loss: 1.134     time used: 2.033
epoch: 35        iter:    10     loss: 1.401     time used: 1.008
epoch: 35        iter:    15     loss: 1.263     time used: 1.013
epoch: 35        iter:    20     loss: 1.130     time used: 1.040
epoch: 35        iter:    25     loss: 1.106     time used: 1.002
epoch: 35        iter:    30     loss: 1.088     time used: 1.007
epoch: 36        iter:     5     loss: 1.198     time used: 1.911
epoch: 36        iter:    10     loss: 1.090     time used: 0.999
epoch: 36        iter:    15     loss: 1.061     time used: 1.032
epoch: 36        iter:    20     loss: 1.101     time used: 1.041
epoch: 36        iter:    25     loss: 1.048     time used: 1.015
epoch: 36        iter:    30     loss: 1.058     time used: 1.005
epoch: 37        iter:     5     loss: 1.161     time used: 1.987
epoch: 37        iter:    10     loss: 1.114     time used: 0.984
epoch: 37        iter:    15     loss: 1.013     time used: 1.014
epoch: 37        iter:    20     loss: 0.994     time used: 1.023
epoch: 37        iter:    25     loss: 0.975     time used: 0.978
epoch: 37        iter:    30     loss: 1.070     time used: 1.012
epoch: 38        iter:     5     loss: 1.016     time used: 1.991
epoch: 38        iter:    10     loss: 1.013     time used: 1.024
epoch: 38        iter:    15     loss: 1.006     time used: 1.055
epoch: 38        iter:    20     loss: 1.035     time used: 1.027
epoch: 38        iter:    25     loss: 0.990     time used: 1.023
epoch: 38        iter:    30     loss: 0.990     time used: 1.028
epoch: 39        iter:     5     loss: 0.959     time used: 1.966
epoch: 39        iter:    10     loss: 1.172     time used: 1.015
epoch: 39        iter:    15     loss: 1.009     time used: 1.010
epoch: 39        iter:    20     loss: 0.950     time used: 1.015
epoch: 39        iter:    25     loss: 0.935     time used: 1.003
epoch: 39        iter:    30     loss: 1.065     time used: 1.002
epoch: 40        iter:     5     loss: 0.930     time used: 2.020
epoch: 40        iter:    10     loss: 0.903     time used: 1.031
epoch: 40        iter:    15     loss: 0.935     time used: 1.022
epoch: 40        iter:    20     loss: 0.956     time used: 1.023
epoch: 40        iter:    25     loss: 0.942     time used: 1.042
epoch: 40        iter:    30     loss: 0.933     time used: 1.030
total time: 282.005
Finished Training
Accuracy of plane : 77 %
Accuracy of   car : 93 %
Accuracy of  bird : 31 %
Accuracy of   cat : 34 %
Accuracy of  deer : 59 %
Accuracy of   dog : 40 %
Accuracy of  frog : 71 %
Accuracy of horse : 81 %
Accuracy of  ship : 66 %
Accuracy of truck : 68 %
Total accuracy: 62 %