Files already downloaded and verified
Files already downloaded and verified
Let's use 4 GPUs!
start train
epoch: 1	 iter:     5	 loss: 6.902	 time used: 14.732
epoch: 1	 iter:    10	 loss: 6.852	 time used: 1.975
epoch: 1	 iter:    15	 loss: 6.651	 time used: 1.957
epoch: 1	 iter:    20	 loss: 9.844	 time used: 1.946
epoch: 1	 iter:    25	 loss: 6.797	 time used: 1.961
epoch: 1	 iter:    30	 loss: 6.758	 time used: 1.925
epoch: 2	 iter:     5	 loss: 6.668	 time used: 2.470
epoch: 2	 iter:    10	 loss: 6.588	 time used: 1.934
epoch: 2	 iter:    15	 loss: 6.369	 time used: 1.913
epoch: 2	 iter:    20	 loss: 5.936	 time used: 1.925
epoch: 2	 iter:    25	 loss: 5.519	 time used: 2.028
epoch: 2	 iter:    30	 loss: 4.892	 time used: 2.096
epoch: 3	 iter:     5	 loss: 3.704	 time used: 2.682
epoch: 3	 iter:    10	 loss: 3.115	 time used: 2.094
epoch: 3	 iter:    15	 loss: 2.626	 time used: 2.100
epoch: 3	 iter:    20	 loss: 2.406	 time used: 2.093
epoch: 3	 iter:    25	 loss: 2.372	 time used: 2.098
epoch: 3	 iter:    30	 loss: 2.350	 time used: 2.100
epoch: 4	 iter:     5	 loss: 2.336	 time used: 2.679
epoch: 4	 iter:    10	 loss: 2.335	 time used: 2.098
epoch: 4	 iter:    15	 loss: 2.334	 time used: 2.098
epoch: 4	 iter:    20	 loss: 2.331	 time used: 2.095
epoch: 4	 iter:    25	 loss: 2.331	 time used: 2.097
epoch: 4	 iter:    30	 loss: 2.328	 time used: 2.096
epoch: 5	 iter:     5	 loss: 2.326	 time used: 2.723
epoch: 5	 iter:    10	 loss: 2.326	 time used: 2.099
epoch: 5	 iter:    15	 loss: 2.323	 time used: 2.100
epoch: 5	 iter:    20	 loss: 2.325	 time used: 2.106
epoch: 5	 iter:    25	 loss: 2.324	 time used: 2.116
epoch: 5	 iter:    30	 loss: 2.320	 time used: 1.991
epoch: 6	 iter:     5	 loss: 2.325	 time used: 2.486
epoch: 6	 iter:    10	 loss: 2.320	 time used: 1.929
epoch: 6	 iter:    15	 loss: 2.314	 time used: 1.928
epoch: 6	 iter:    20	 loss: 2.314	 time used: 1.925
epoch: 6	 iter:    25	 loss: 2.308	 time used: 1.938
epoch: 6	 iter:    30	 loss: 2.311	 time used: 1.923
epoch: 7	 iter:     5	 loss: 2.306	 time used: 2.465
epoch: 7	 iter:    10	 loss: 2.299	 time used: 1.920
epoch: 7	 iter:    15	 loss: 2.294	 time used: 1.919
epoch: 7	 iter:    20	 loss: 2.291	 time used: 1.927
epoch: 7	 iter:    25	 loss: 2.282	 time used: 1.925
epoch: 7	 iter:    30	 loss: 2.270	 time used: 1.939
epoch: 8	 iter:     5	 loss: 2.263	 time used: 2.466
epoch: 8	 iter:    10	 loss: 2.249	 time used: 1.913
epoch: 8	 iter:    15	 loss: 2.242	 time used: 1.916
epoch: 8	 iter:    20	 loss: 2.235	 time used: 1.915
epoch: 8	 iter:    25	 loss: 2.229	 time used: 1.919
epoch: 8	 iter:    30	 loss: 2.210	 time used: 1.919
epoch: 9	 iter:     5	 loss: 2.217	 time used: 2.463
epoch: 9	 iter:    10	 loss: 2.201	 time used: 1.963
epoch: 9	 iter:    15	 loss: 2.186	 time used: 1.951
epoch: 9	 iter:    20	 loss: 2.177	 time used: 1.948
epoch: 9	 iter:    25	 loss: 2.149	 time used: 1.947
epoch: 9	 iter:    30	 loss: 2.156	 time used: 1.949
epoch: 10	 iter:     5	 loss: 2.130	 time used: 2.487
epoch: 10	 iter:    10	 loss: 2.112	 time used: 1.943
epoch: 10	 iter:    15	 loss: 2.094	 time used: 1.966
epoch: 10	 iter:    20	 loss: 2.099	 time used: 2.064
epoch: 10	 iter:    25	 loss: 2.057	 time used: 1.956
epoch: 10	 iter:    30	 loss: 2.074	 time used: 1.951
epoch: 11	 iter:     5	 loss: 2.058	 time used: 2.486
epoch: 11	 iter:    10	 loss: 2.066	 time used: 1.943
epoch: 11	 iter:    15	 loss: 2.034	 time used: 1.927
epoch: 11	 iter:    20	 loss: 2.031	 time used: 1.939
epoch: 11	 iter:    25	 loss: 2.024	 time used: 1.975
epoch: 11	 iter:    30	 loss: 2.079	 time used: 1.954