Files already downloaded and verified
Files already downloaded and verified
Let's use 4 GPUs!
start train
epoch: 1         iter:     5     loss: 6.893     time used: 13.198
epoch: 1         iter:    10     loss: 6.768     time used: 0.849
epoch: 1         iter:    15     loss: 9.570     time used: 0.853
epoch: 1         iter:    20     loss: 6.823     time used: 0.851
epoch: 1         iter:    25     loss: 6.774     time used: 0.848
epoch: 1         iter:    30     loss: 6.692     time used: 0.849
epoch: 2         iter:     5     loss: 6.372     time used: 1.589
epoch: 2         iter:    10     loss: 5.907     time used: 0.860
epoch: 2         iter:    15     loss: 5.340     time used: 0.862
epoch: 2         iter:    20     loss: 4.828     time used: 0.862
epoch: 2         iter:    25     loss: 4.183     time used: 0.859
epoch: 2         iter:    30     loss: 3.398     time used: 0.859
epoch: 3         iter:     5     loss: 2.597     time used: 1.925
epoch: 3         iter:    10     loss: 2.410     time used: 0.850
epoch: 3         iter:    15     loss: 2.371     time used: 0.860
epoch: 3         iter:    20     loss: 2.356     time used: 0.860
epoch: 3         iter:    25     loss: 2.336     time used: 0.861
epoch: 3         iter:    30     loss: 2.338     time used: 0.854
epoch: 4         iter:     5     loss: 2.336     time used: 1.679
epoch: 4         iter:    10     loss: 2.332     time used: 0.852
epoch: 4         iter:    15     loss: 2.330     time used: 0.851
epoch: 4         iter:    20     loss: 2.327     time used: 0.844
epoch: 4         iter:    25     loss: 2.327     time used: 0.847
epoch: 4         iter:    30     loss: 2.333     time used: 0.849
epoch: 5         iter:     5     loss: 2.332     time used: 1.773
epoch: 5         iter:    10     loss: 2.327     time used: 0.859
epoch: 5         iter:    15     loss: 2.329     time used: 0.860
epoch: 5         iter:    20     loss: 2.325     time used: 0.859
epoch: 5         iter:    25     loss: 2.327     time used: 0.856
epoch: 5         iter:    30     loss: 2.325     time used: 0.852
epoch: 6         iter:     5     loss: 2.326     time used: 1.786
epoch: 6         iter:    10     loss: 2.325     time used: 0.859
epoch: 6         iter:    15     loss: 2.322     time used: 0.858
epoch: 6         iter:    20     loss: 2.321     time used: 0.858
epoch: 6         iter:    25     loss: 2.320     time used: 0.859
epoch: 6         iter:    30     loss: 2.321     time used: 0.865
epoch: 7         iter:     5     loss: 2.323     time used: 1.816
epoch: 7         iter:    10     loss: 2.317     time used: 0.858
epoch: 7         iter:    15     loss: 2.316     time used: 0.860
epoch: 7         iter:    20     loss: 2.319     time used: 0.847
epoch: 7         iter:    25     loss: 2.321     time used: 0.849
epoch: 7         iter:    30     loss: 2.316     time used: 0.848
epoch: 8         iter:     5     loss: 2.320     time used: 1.777
epoch: 8         iter:    10     loss: 2.313     time used: 0.861
epoch: 8         iter:    15     loss: 2.316     time used: 0.855
epoch: 8         iter:    20     loss: 2.318     time used: 0.849
epoch: 8         iter:    25     loss: 2.314     time used: 0.861
epoch: 8         iter:    30     loss: 2.316     time used: 0.860
epoch: 9         iter:     5     loss: 2.312     time used: 1.779
epoch: 9         iter:    10     loss: 2.316     time used: 0.844
epoch: 9         iter:    15     loss: 2.312     time used: 0.848
epoch: 9         iter:    20     loss: 2.311     time used: 0.847
epoch: 9         iter:    25     loss: 2.311     time used: 0.846
epoch: 9         iter:    30     loss: 2.309     time used: 0.845
epoch: 10        iter:     5     loss: 2.305     time used: 1.717
epoch: 10        iter:    10     loss: 2.308     time used: 0.848
epoch: 10        iter:    15     loss: 2.306     time used: 0.845
epoch: 10        iter:    20     loss: 2.304     time used: 0.845
epoch: 10        iter:    25     loss: 2.301     time used: 0.844
epoch: 10        iter:    30     loss: 2.303     time used: 0.847
epoch: 11        iter:     5     loss: 2.292     time used: 1.831
epoch: 11        iter:    10     loss: 2.292     time used: 0.858
epoch: 11        iter:    15     loss: 2.292     time used: 0.851
epoch: 11        iter:    20     loss: 2.286     time used: 0.847
epoch: 11        iter:    25     loss: 2.278     time used: 0.849
epoch: 11        iter:    30     loss: 2.277     time used: 0.849
epoch: 12        iter:     5     loss: 2.260     time used: 1.743
epoch: 12        iter:    10     loss: 2.260     time used: 0.859
epoch: 12        iter:    15     loss: 2.245     time used: 0.849
epoch: 12        iter:    20     loss: 2.247     time used: 0.848
epoch: 12        iter:    25     loss: 2.233     time used: 0.848
epoch: 12        iter:    30     loss: 2.228     time used: 0.846
epoch: 13        iter:     5     loss: 2.212     time used: 1.626
epoch: 13        iter:    10     loss: 2.209     time used: 0.849
epoch: 13        iter:    15     loss: 2.189     time used: 0.843
epoch: 13        iter:    20     loss: 2.200     time used: 0.844
epoch: 13        iter:    25     loss: 2.179     time used: 0.845
epoch: 13        iter:    30     loss: 2.165     time used: 0.844
epoch: 14        iter:     5     loss: 2.177     time used: 1.789
epoch: 14        iter:    10     loss: 2.163     time used: 0.856
epoch: 14        iter:    15     loss: 2.142     time used: 0.853
epoch: 14        iter:    20     loss: 2.144     time used: 0.846
epoch: 14        iter:    25     loss: 2.137     time used: 0.848
epoch: 14        iter:    30     loss: 2.130     time used: 0.848
epoch: 15        iter:     5     loss: 2.102     time used: 1.793
epoch: 15        iter:    10     loss: 2.080     time used: 0.860
epoch: 15        iter:    15     loss: 2.306     time used: 0.863
epoch: 15        iter:    20     loss: 2.333     time used: 0.859
epoch: 15        iter:    25     loss: 2.182     time used: 0.860
epoch: 15        iter:    30     loss: 2.127     time used: 0.854
epoch: 16        iter:     5     loss: 2.084     time used: 1.808
epoch: 16        iter:    10     loss: 2.056     time used: 0.862
epoch: 16        iter:    15     loss: 2.025     time used: 0.852
epoch: 16        iter:    20     loss: 2.014     time used: 0.848
epoch: 16        iter:    25     loss: 2.012     time used: 0.847
epoch: 16        iter:    30     loss: 2.018     time used: 0.846
epoch: 17        iter:     5     loss: 2.011     time used: 1.769
epoch: 17        iter:    10     loss: 1.972     time used: 0.849
epoch: 17        iter:    15     loss: 1.972     time used: 0.846
epoch: 17        iter:    20     loss: 1.956     time used: 0.849
epoch: 17        iter:    25     loss: 1.959     time used: 0.849
epoch: 17        iter:    30     loss: 1.939     time used: 0.846
epoch: 18        iter:     5     loss: 2.088     time used: 1.756
epoch: 18        iter:    10     loss: 1.971     time used: 0.861
epoch: 18        iter:    15     loss: 1.933     time used: 0.852
epoch: 18        iter:    20     loss: 1.925     time used: 0.850
epoch: 18        iter:    25     loss: 1.901     time used: 0.849
epoch: 18        iter:    30     loss: 1.885     time used: 0.845
epoch: 19        iter:     5     loss: 2.001     time used: 1.730
epoch: 19        iter:    10     loss: 1.898     time used: 0.854
epoch: 19        iter:    15     loss: 1.894     time used: 0.848
epoch: 19        iter:    20     loss: 1.855     time used: 0.847
epoch: 19        iter:    25     loss: 1.851     time used: 0.851
epoch: 19        iter:    30     loss: 1.876     time used: 0.847
epoch: 20        iter:     5     loss: 1.856     time used: 1.784
epoch: 20        iter:    10     loss: 1.834     time used: 0.858
epoch: 20        iter:    15     loss: 1.819     time used: 0.862
epoch: 20        iter:    20     loss: 1.927     time used: 0.861
epoch: 20        iter:    25     loss: 1.878     time used: 0.860
epoch: 20        iter:    30     loss: 1.827     time used: 0.858
epoch: 21        iter:     5     loss: 1.835     time used: 1.822
epoch: 21        iter:    10     loss: 1.802     time used: 0.856
epoch: 21        iter:    15     loss: 1.814     time used: 0.851
epoch: 21        iter:    20     loss: 1.801     time used: 0.844
epoch: 21        iter:    25     loss: 1.804     time used: 0.844
epoch: 21        iter:    30     loss: 1.823     time used: 0.843
epoch: 22        iter:     5     loss: 1.772     time used: 1.799
epoch: 22        iter:    10     loss: 1.855     time used: 0.858
epoch: 22        iter:    15     loss: 1.781     time used: 0.852
epoch: 22        iter:    20     loss: 1.759     time used: 0.845
epoch: 22        iter:    25     loss: 1.774     time used: 0.854
epoch: 22        iter:    30     loss: 1.763     time used: 0.851
epoch: 23        iter:     5     loss: 1.827     time used: 1.803
epoch: 23        iter:    10     loss: 1.768     time used: 0.845
epoch: 23        iter:    15     loss: 1.744     time used: 0.846
epoch: 23        iter:    20     loss: 1.730     time used: 0.845
epoch: 23        iter:    25     loss: 1.747     time used: 0.846
epoch: 23        iter:    30     loss: 1.729     time used: 0.846
epoch: 24        iter:     5     loss: 1.746     time used: 1.681
epoch: 24        iter:    10     loss: 1.738     time used: 0.850
epoch: 24        iter:    15     loss: 1.734     time used: 0.849
epoch: 24        iter:    20     loss: 1.720     time used: 0.846
epoch: 24        iter:    25     loss: 1.759     time used: 0.847
epoch: 24        iter:    30     loss: 1.717     time used: 0.847
epoch: 25        iter:     5     loss: 1.729     time used: 1.829
epoch: 25        iter:    10     loss: 1.709     time used: 0.859
epoch: 25        iter:    15     loss: 1.766     time used: 0.849
epoch: 25        iter:    20     loss: 1.696     time used: 0.849
epoch: 25        iter:    25     loss: 1.677     time used: 0.848
epoch: 25        iter:    30     loss: 1.682     time used: 0.848
epoch: 26        iter:     5     loss: 1.704     time used: 1.697
epoch: 26        iter:    10     loss: 1.651     time used: 0.852
epoch: 26        iter:    15     loss: 1.713     time used: 0.848
epoch: 26        iter:    20     loss: 1.731     time used: 0.859
epoch: 26        iter:    25     loss: 1.661     time used: 0.853
epoch: 26        iter:    30     loss: 1.674     time used: 0.845
epoch: 27        iter:     5     loss: 1.651     time used: 1.784
epoch: 27        iter:    10     loss: 1.648     time used: 0.847
epoch: 27        iter:    15     loss: 1.619     time used: 0.847
epoch: 27        iter:    20     loss: 1.603     time used: 0.844
epoch: 27        iter:    25     loss: 1.594     time used: 0.848
epoch: 27        iter:    30     loss: 1.869     time used: 0.844
epoch: 28        iter:     5     loss: 1.802     time used: 1.720
epoch: 28        iter:    10     loss: 1.677     time used: 0.849
epoch: 28        iter:    15     loss: 1.644     time used: 0.857
epoch: 28        iter:    20     loss: 1.588     time used: 0.860
epoch: 28        iter:    25     loss: 1.581     time used: 0.853
epoch: 28        iter:    30     loss: 1.643     time used: 0.848
epoch: 29        iter:     5     loss: 1.607     time used: 1.777
epoch: 29        iter:    10     loss: 1.602     time used: 0.850
epoch: 29        iter:    15     loss: 1.580     time used: 0.855
epoch: 29        iter:    20     loss: 1.576     time used: 0.857
epoch: 29        iter:    25     loss: 1.593     time used: 0.849
epoch: 29        iter:    30     loss: 1.543     time used: 0.845
epoch: 30        iter:     5     loss: 1.555     time used: 1.798
epoch: 30        iter:    10     loss: 1.527     time used: 0.860
epoch: 30        iter:    15     loss: 1.577     time used: 0.848
epoch: 30        iter:    20     loss: 1.552     time used: 0.849
epoch: 30        iter:    25     loss: 1.555     time used: 0.851
epoch: 30        iter:    30     loss: 1.568     time used: 0.848
epoch: 31        iter:     5     loss: 1.684     time used: 1.751
epoch: 31        iter:    10     loss: 1.574     time used: 0.842
epoch: 31        iter:    15     loss: 1.517     time used: 0.838
epoch: 31        iter:    20     loss: 1.492     time used: 0.837
epoch: 31        iter:    25     loss: 1.488     time used: 0.865
epoch: 31        iter:    30     loss: 1.517     time used: 0.854
epoch: 32        iter:     5     loss: 1.472     time used: 1.771
epoch: 32        iter:    10     loss: 1.488     time used: 0.840
epoch: 32        iter:    15     loss: 1.474     time used: 0.857
epoch: 32        iter:    20     loss: 1.470     time used: 0.866
epoch: 32        iter:    25     loss: 1.464     time used: 0.857
epoch: 32        iter:    30     loss: 1.472     time used: 0.851
epoch: 33        iter:     5     loss: 1.501     time used: 1.719
epoch: 33        iter:    10     loss: 1.504     time used: 0.848
epoch: 33        iter:    15     loss: 1.440     time used: 0.849
epoch: 33        iter:    20     loss: 1.472     time used: 0.849
epoch: 33        iter:    25     loss: 1.479     time used: 0.849
epoch: 33        iter:    30     loss: 1.436     time used: 0.852
epoch: 34        iter:     5     loss: 1.379     time used: 1.709
epoch: 34        iter:    10     loss: 1.462     time used: 0.861
epoch: 34        iter:    15     loss: 1.453     time used: 0.854
epoch: 34        iter:    20     loss: 1.420     time used: 0.848
epoch: 34        iter:    25     loss: 1.378     time used: 0.850
epoch: 34        iter:    30     loss: 1.499     time used: 0.850
epoch: 35        iter:     5     loss: 1.372     time used: 1.799
epoch: 35        iter:    10     loss: 1.356     time used: 0.867
epoch: 35        iter:    15     loss: 1.381     time used: 0.854
epoch: 35        iter:    20     loss: 1.546     time used: 0.850
epoch: 35        iter:    25     loss: 1.428     time used: 0.852
epoch: 35        iter:    30     loss: 1.355     time used: 0.852
epoch: 36        iter:     5     loss: 1.365     time used: 1.786
epoch: 36        iter:    10     loss: 1.367     time used: 0.846
epoch: 36        iter:    15     loss: 1.325     time used: 0.848
epoch: 36        iter:    20     loss: 1.353     time used: 0.849
epoch: 36        iter:    25     loss: 1.371     time used: 0.850
epoch: 36        iter:    30     loss: 1.412     time used: 0.849
epoch: 37        iter:     5     loss: 1.404     time used: 1.756
epoch: 37        iter:    10     loss: 1.356     time used: 0.864
epoch: 37        iter:    15     loss: 1.332     time used: 0.848
epoch: 37        iter:    20     loss: 1.428     time used: 0.848
epoch: 37        iter:    25     loss: 1.385     time used: 0.853
epoch: 37        iter:    30     loss: 1.330     time used: 0.850
epoch: 38        iter:     5     loss: 1.392     time used: 1.682
epoch: 38        iter:    10     loss: 1.343     time used: 0.848
epoch: 38        iter:    15     loss: 1.263     time used: 0.851
epoch: 38        iter:    20     loss: 1.255     time used: 0.845
epoch: 38        iter:    25     loss: 1.266     time used: 0.848
epoch: 38        iter:    30     loss: 1.393     time used: 0.857
epoch: 39        iter:     5     loss: 1.283     time used: 1.880
epoch: 39        iter:    10     loss: 1.270     time used: 0.852
epoch: 39        iter:    15     loss: 1.319     time used: 0.851
epoch: 39        iter:    20     loss: 1.259     time used: 0.846
epoch: 39        iter:    25     loss: 1.227     time used: 0.861
epoch: 39        iter:    30     loss: 1.253     time used: 0.855
epoch: 40        iter:     5     loss: 1.274     time used: 1.699
epoch: 40        iter:    10     loss: 1.245     time used: 0.864
epoch: 40        iter:    15     loss: 1.247     time used: 0.857
epoch: 40        iter:    20     loss: 1.235     time used: 0.846
epoch: 40        iter:    25     loss: 1.200     time used: 0.847
epoch: 40        iter:    30     loss: 1.213     time used: 0.846
total time: 252.670
Finished Training
Accuracy of plane : 47 %
Accuracy of   car : 84 %
Accuracy of  bird : 18 %
Accuracy of   cat : 34 %
Accuracy of  deer : 28 %
Accuracy of   dog : 37 %
Accuracy of  frog : 58 %
Accuracy of horse : 68 %
Accuracy of  ship : 68 %
Accuracy of truck : 62 %
Total accuracy: 50 %