Files already downloaded and verified
Files already downloaded and verified
start train
epoch: 1         iter:     5     loss: 6.891     total_t: 1.813  read_t: 0.0317  zero_t: 0.0024  forward_t: 0.3205       backward_t: 0.3001      optimize_t: 0.0224
epoch: 1         iter:    10     loss: 6.777     total_t: 1.009  read_t: 0.0258  zero_t: 0.0018  forward_t: 0.0570       backward_t: 0.1090      optimize_t: 0.0225
epoch: 1         iter:    15     loss: 10.256    total_t: 1.014  read_t: 0.0263  zero_t: 0.0019  forward_t: 0.0609       backward_t: 0.1077      optimize_t: 0.0199
epoch: 1         iter:    20     loss: 6.808     total_t: 1.017  read_t: 0.0263  zero_t: 0.0021  forward_t: 0.0649       backward_t: 0.1089      optimize_t: 0.0201
epoch: 1         iter:    25     loss: 6.715     total_t: 1.028  read_t: 0.0277  zero_t: 0.0024  forward_t: 0.0614       backward_t: 0.1075      optimize_t: 0.0203
epoch: 1         iter:    30     loss: 6.445     total_t: 1.029  read_t: 0.0301  zero_t: 0.0019  forward_t: 0.0595       backward_t: 0.0968      optimize_t: 0.0155
epoch: 2         iter:     5     loss: 5.873     total_t: 1.895  read_t: 0.0265  zero_t: 0.0019  forward_t: 0.0637       backward_t: 0.0990      optimize_t: 0.0164
epoch: 2         iter:    10     loss: 5.436     total_t: 1.003  read_t: 0.0263  zero_t: 0.0017  forward_t: 0.0577       backward_t: 0.0923      optimize_t: 0.0157
epoch: 2         iter:    15     loss: 4.934     total_t: 1.009  read_t: 0.0259  zero_t: 0.0014  forward_t: 0.0549       backward_t: 0.0997      optimize_t: 0.0152
epoch: 2         iter:    20     loss: 4.421     total_t: 0.996  read_t: 0.0264  zero_t: 0.0019  forward_t: 0.0584       backward_t: 0.0925      optimize_t: 0.0159
epoch: 2         iter:    25     loss: 3.924     total_t: 1.002  read_t: 0.0269  zero_t: 0.0017  forward_t: 0.0565       backward_t: 0.0859      optimize_t: 0.0147
epoch: 2         iter:    30     loss: 3.455     total_t: 1.030  read_t: 0.0259  zero_t: 0.0014  forward_t: 0.0558       backward_t: 0.1000      optimize_t: 0.0165
epoch: 3         iter:     5     loss: 2.839     total_t: 2.065  read_t: 0.0320  zero_t: 0.0036  forward_t: 0.0751       backward_t: 0.1068      optimize_t: 0.0193
epoch: 3         iter:    10     loss: 2.432     total_t: 1.012  read_t: 0.0309  zero_t: 0.0028  forward_t: 0.0648       backward_t: 0.1085      optimize_t: 0.0208
epoch: 3         iter:    15     loss: 2.381     total_t: 1.009  read_t: 0.0269  zero_t: 0.0020  forward_t: 0.0611       backward_t: 0.1067      optimize_t: 0.0220
epoch: 3         iter:    20     loss: 2.352     total_t: 1.005  read_t: 0.0267  zero_t: 0.0019  forward_t: 0.0586       backward_t: 0.1035      optimize_t: 0.0201
epoch: 3         iter:    25     loss: 2.345     total_t: 1.022  read_t: 0.0269  zero_t: 0.0021  forward_t: 0.0582       backward_t: 0.1010      optimize_t: 0.0187
epoch: 3         iter:    30     loss: 2.341     total_t: 1.013  read_t: 0.0265  zero_t: 0.0021  forward_t: 0.0606       backward_t: 0.1098      optimize_t: 0.0203
epoch: 4         iter:     5     loss: 2.336     total_t: 1.963  read_t: 0.0273  zero_t: 0.0020  forward_t: 0.0650       backward_t: 0.0970      optimize_t: 0.0153
epoch: 4         iter:    10     loss: 2.330     total_t: 1.030  read_t: 0.0269  zero_t: 0.0016  forward_t: 0.0547       backward_t: 0.0938      optimize_t: 0.0116
epoch: 4         iter:    15     loss: 2.334     total_t: 1.030  read_t: 0.0285  zero_t: 0.0017  forward_t: 0.0582       backward_t: 0.0884      optimize_t: 0.0115
epoch: 4         iter:    20     loss: 2.328     total_t: 1.027  read_t: 0.0276  zero_t: 0.0020  forward_t: 0.0599       backward_t: 0.0906      optimize_t: 0.0113
epoch: 4         iter:    25     loss: 2.329     total_t: 1.010  read_t: 0.0289  zero_t: 0.0018  forward_t: 0.0595       backward_t: 0.0907      optimize_t: 0.0113
epoch: 4         iter:    30     loss: 2.328     total_t: 1.005  read_t: 0.0280  zero_t: 0.0016  forward_t: 0.0574       backward_t: 0.0897      optimize_t: 0.0141
epoch: 5         iter:     5     loss: 2.326     total_t: 2.019  read_t: 0.0286  zero_t: 0.0023  forward_t: 0.0649       backward_t: 0.1030      optimize_t: 0.0156
epoch: 5         iter:    10     loss: 2.325     total_t: 1.018  read_t: 0.0292  zero_t: 0.0018  forward_t: 0.0564       backward_t: 0.0950      optimize_t: 0.0153
epoch: 5         iter:    15     loss: 2.320     total_t: 1.033  read_t: 0.0293  zero_t: 0.0020  forward_t: 0.0572       backward_t: 0.0995      optimize_t: 0.0158
epoch: 5         iter:    20     loss: 2.326     total_t: 1.007  read_t: 0.0279  zero_t: 0.0018  forward_t: 0.0589       backward_t: 0.0983      optimize_t: 0.0156
epoch: 5         iter:    25     loss: 2.316     total_t: 1.021  read_t: 0.0294  zero_t: 0.0017  forward_t: 0.0563       backward_t: 0.0989      optimize_t: 0.0167
epoch: 5         iter:    30     loss: 2.318     total_t: 1.012  read_t: 0.0280  zero_t: 0.0018  forward_t: 0.0562       backward_t: 0.0987      optimize_t: 0.0156
epoch: 6         iter:     5     loss: 2.322     total_t: 2.032  read_t: 0.0258  zero_t: 0.0017  forward_t: 0.0607       backward_t: 0.1029      optimize_t: 0.0163
epoch: 6         iter:    10     loss: 2.321     total_t: 1.006  read_t: 0.0252  zero_t: 0.0013  forward_t: 0.0553       backward_t: 0.0987      optimize_t: 0.0138
epoch: 6         iter:    15     loss: 2.318     total_t: 1.014  read_t: 0.0253  zero_t: 0.0013  forward_t: 0.0546       backward_t: 0.0951      optimize_t: 0.0159
epoch: 6         iter:    20     loss: 2.318     total_t: 1.020  read_t: 0.0258  zero_t: 0.0015  forward_t: 0.0551       backward_t: 0.0954      optimize_t: 0.0160
epoch: 6         iter:    25     loss: 2.313     total_t: 0.996  read_t: 0.0269  zero_t: 0.0017  forward_t: 0.0591       backward_t: 0.0946      optimize_t: 0.0155
epoch: 6         iter:    30     loss: 2.317     total_t: 0.994  read_t: 0.0259  zero_t: 0.0015  forward_t: 0.0556       backward_t: 0.0975      optimize_t: 0.0153
epoch: 7         iter:     5     loss: 2.318     total_t: 1.929  read_t: 0.0313  zero_t: 0.0027  forward_t: 0.0696       backward_t: 0.1012      optimize_t: 0.0158
epoch: 7         iter:    10     loss: 2.315     total_t: 1.007  read_t: 0.0280  zero_t: 0.0024  forward_t: 0.0652       backward_t: 0.1023      optimize_t: 0.0174
epoch: 7         iter:    15     loss: 2.318     total_t: 1.047  read_t: 0.0289  zero_t: 0.0024  forward_t: 0.0612       backward_t: 0.1050      optimize_t: 0.0228
epoch: 7         iter:    20     loss: 2.310     total_t: 0.984  read_t: 0.0289  zero_t: 0.0027  forward_t: 0.0653       backward_t: 0.0964      optimize_t: 0.0214
epoch: 7         iter:    25     loss: 2.312     total_t: 1.026  read_t: 0.0281  zero_t: 0.0021  forward_t: 0.0597       backward_t: 0.0911      optimize_t: 0.0141
epoch: 7         iter:    30     loss: 2.312     total_t: 1.023  read_t: 0.0288  zero_t: 0.0019  forward_t: 0.0608       backward_t: 0.0947      optimize_t: 0.0150
epoch: 8         iter:     5     loss: 2.309     total_t: 2.003  read_t: 0.0278  zero_t: 0.0018  forward_t: 0.0618       backward_t: 0.1030      optimize_t: 0.0164
epoch: 8         iter:    10     loss: 2.307     total_t: 1.022  read_t: 0.0283  zero_t: 0.0019  forward_t: 0.0603       backward_t: 0.0966      optimize_t: 0.0154
epoch: 8         iter:    15     loss: 2.304     total_t: 0.993  read_t: 0.0275  zero_t: 0.0019  forward_t: 0.0616       backward_t: 0.0983      optimize_t: 0.0166
epoch: 8         iter:    20     loss: 2.300     total_t: 0.995  read_t: 0.0262  zero_t: 0.0014  forward_t: 0.0581       backward_t: 0.0942      optimize_t: 0.0162
epoch: 8         iter:    25     loss: 2.301     total_t: 1.009  read_t: 0.0268  zero_t: 0.0017  forward_t: 0.0597       backward_t: 0.0896      optimize_t: 0.0119
epoch: 8         iter:    30     loss: 2.293     total_t: 1.017  read_t: 0.0267  zero_t: 0.0016  forward_t: 0.0587       backward_t: 0.0877      optimize_t: 0.0117
epoch: 9         iter:     5     loss: 2.288     total_t: 2.001  read_t: 0.0330  zero_t: 0.0037  forward_t: 0.0713       backward_t: 0.1076      optimize_t: 0.0180
epoch: 9         iter:    10     loss: 2.276     total_t: 1.000  read_t: 0.0286  zero_t: 0.0021  forward_t: 0.0607       backward_t: 0.1026      optimize_t: 0.0171
epoch: 9         iter:    15     loss: 2.277     total_t: 1.028  read_t: 0.0272  zero_t: 0.0020  forward_t: 0.0558       backward_t: 0.1015      optimize_t: 0.0156
epoch: 9         iter:    20     loss: 2.263     total_t: 1.022  read_t: 0.0278  zero_t: 0.0015  forward_t: 0.0549       backward_t: 0.1006      optimize_t: 0.0160
epoch: 9         iter:    25     loss: 2.259     total_t: 1.014  read_t: 0.0279  zero_t: 0.0017  forward_t: 0.0576       backward_t: 0.1030      optimize_t: 0.0164
epoch: 9         iter:    30     loss: 2.241     total_t: 1.019  read_t: 0.0272  zero_t: 0.0014  forward_t: 0.0568       backward_t: 0.1030      optimize_t: 0.0156
epoch: 10        iter:     5     loss: 2.224     total_t: 2.004  read_t: 0.0289  zero_t: 0.0019  forward_t: 0.0627       backward_t: 0.1049      optimize_t: 0.0154
epoch: 10        iter:    10     loss: 2.219     total_t: 1.022  read_t: 0.0258  zero_t: 0.0015  forward_t: 0.0574       backward_t: 0.0973      optimize_t: 0.0160
epoch: 10        iter:    15     loss: 2.212     total_t: 1.025  read_t: 0.0257  zero_t: 0.0015  forward_t: 0.0556       backward_t: 0.0993      optimize_t: 0.0165
epoch: 10        iter:    20     loss: 2.204     total_t: 1.016  read_t: 0.0285  zero_t: 0.0019  forward_t: 0.0594       backward_t: 0.0968      optimize_t: 0.0147
epoch: 10        iter:    25     loss: 2.191     total_t: 1.014  read_t: 0.0268  zero_t: 0.0017  forward_t: 0.0562       backward_t: 0.0932      optimize_t: 0.0144
epoch: 10        iter:    30     loss: 2.199     total_t: 0.987  read_t: 0.0263  zero_t: 0.0016  forward_t: 0.0572       backward_t: 0.0950      optimize_t: 0.0158
total time: 70.890
Finished Training
Accuracy of plane : 40 %
Accuracy of   car :  0 %
Accuracy of  bird :  2 %
Accuracy of   cat :  0 %
Accuracy of  deer : 14 %
Accuracy of   dog : 56 %
Accuracy of  frog : 47 %
Accuracy of horse :  0 %
Accuracy of  ship : 27 %
Accuracy of truck :  6 %
Total accuracy: 21 %