opt_level = O3
keep_batchnorm_fp32 = True <class 'str'>
loss_scale = None <class 'NoneType'>

CUDNN VERSION: 7600

opt_level = O3
keep_batchnorm_fp32 = True <class 'str'>
loss_scale = None <class 'NoneType'>

CUDNN VERSION: 7600

opt_level = O3
keep_batchnorm_fp32 = True <class 'str'>
loss_scale = None <class 'NoneType'>

CUDNN VERSION: 7600

opt_level = O3
keep_batchnorm_fp32 = True <class 'str'>
loss_scale = None <class 'NoneType'>

CUDNN VERSION: 7600

=> creating model 'resnet50'
=> creating model 'resnet50'
=> creating model 'resnet50'
=> creating model 'resnet50'
Selected optimization level O3:  Pure FP16 training.
Defaults for this optimization level are:
enabled                : True
opt_level              : O3
cast_model_type        : torch.float16
patch_torch_functions  : False
keep_batchnorm_fp32    : False
master_weights         : False
loss_scale             : 1.0
Processing user overrides (additional kwargs that are not None)...
After processing overrides, optimization options are:
enabled                : True
opt_level              : O3
cast_model_type        : torch.float16
patch_torch_functions  : False
keep_batchnorm_fp32    : True
master_weights         : False
loss_scale             : 1.0
Files already downloaded and verified
Files already downloaded and verified
Files already downloaded and verified
Files already downloaded and verified
Files already downloaded and verified
Files already downloaded and verified
Files already downloaded and verified
Files already downloaded and verified
Epoch: [0][10/49]	Time 1.459 (1.459)	Speed 701.747 (701.747)	Loss 3.3922345638 (3.3922)	Prec@1 12.988 (12.988)	Prec@5 52.246 (52.246)
Epoch: [0][20/49]	Time 0.311 (0.885)	Speed 3291.546 (1156.856)	Loss 4.3435230255 (3.8679)	Prec@1 10.742 (11.865)	Prec@5 53.125 (52.686)
Epoch: [0][30/49]	Time 0.310 (0.694)	Speed 3300.908 (1476.545)	Loss 3.8232343197 (3.8530)	Prec@1 10.742 (11.491)	Prec@5 50.195 (51.855)
Epoch: [0][40/49]	Time 0.310 (0.598)	Speed 3302.166 (1713.354)	Loss 3.8518500328 (3.8527)	Prec@1 10.059 (11.133)	Prec@5 47.949 (50.879)
 * Prec@1 9.600 Prec@5 48.990
Test: [10/10]	Time 2.263 (0.444)	Speed 452.399 (2307.820)	Loss nan (nan)	Prec@1 8.418 (9.600)	Prec@5 49.362 (48.990)
 * Prec@1 9.600 Prec@5 48.990
 * Prec@1 9.600 Prec@5 48.990
 * Prec@1 9.600 Prec@5 48.990
Epoch: [1][10/49]	Time 0.396 (0.396)	Speed 2587.890 (2587.890)	Loss 2.9146368504 (2.9146)	Prec@1 11.523 (11.523)	Prec@5 52.832 (52.832)
Epoch: [1][20/49]	Time 0.309 (0.352)	Speed 3317.744 (2907.717)	Loss 2.2802298069 (2.5974)	Prec@1 14.551 (13.037)	Prec@5 64.648 (58.740)
Epoch: [1][30/49]	Time 0.308 (0.338)	Speed 3319.318 (3033.086)	Loss 2.1220362186 (2.4390)	Prec@1 19.238 (15.104)	Prec@5 72.754 (63.411)
Epoch: [1][40/49]	Time 0.309 (0.330)	Speed 3318.268 (3099.685)	Loss 2.0977854729 (2.3537)	Prec@1 19.336 (16.162)	Prec@5 74.609 (66.211)
Test: [10/10]	Time 0.154 (0.234)	Speed 6652.706 (4379.864)	Loss 2.1335 (2.1717)	Prec@1 20.281 (18.170)	Prec@5 71.811 (69.470)
 * Prec@1 18.170 Prec@5 69.470
 * Prec@1 18.170 Prec@5 69.470
 * Prec@1 18.170 Prec@5 69.470
 * Prec@1 18.170 Prec@5 69.470
Epoch: [2][10/49]	Time 0.412 (0.412)	Speed 2485.034 (2485.034)	Loss 1.9945997000 (1.9946)	Prec@1 24.707 (24.707)	Prec@5 79.395 (79.395)
Epoch: [2][20/49]	Time 0.309 (0.361)	Speed 3314.446 (2840.431)	Loss 2.1021080017 (2.0484)	Prec@1 23.535 (24.121)	Prec@5 78.516 (78.955)
Epoch: [2][30/49]	Time 0.309 (0.343)	Speed 3315.590 (2982.926)	Loss 1.9702849388 (2.0223)	Prec@1 26.953 (25.065)	Prec@5 82.520 (80.143)
Epoch: [2][40/49]	Time 0.309 (0.335)	Speed 3314.460 (3059.432)	Loss 1.9302027225 (1.9993)	Prec@1 27.344 (25.635)	Prec@5 82.715 (80.786)
Test: [10/10]	Time 0.167 (0.244)	Speed 6131.428 (4199.803)	Loss 1.8369 (1.8630)	Prec@1 29.592 (28.540)	Prec@5 85.842 (84.250)
 * Prec@1 28.540 Prec@5 84.250
 * Prec@1 28.540 Prec@5 84.250
 * Prec@1 28.540 Prec@5 84.250
 * Prec@1 28.540 Prec@5 84.250
Epoch: [3][10/49]	Time 0.380 (0.380)	Speed 2693.384 (2693.384)	Loss 2.0167465210 (2.0167)	Prec@1 24.512 (24.512)	Prec@5 78.809 (78.809)
Epoch: [3][20/49]	Time 0.309 (0.345)	Speed 3312.245 (2970.928)	Loss 1.8615344763 (1.9391)	Prec@1 31.738 (28.125)	Prec@5 83.105 (80.957)
Epoch: [3][30/49]	Time 0.309 (0.333)	Speed 3312.594 (3076.707)	Loss 1.8536505699 (1.9106)	Prec@1 32.129 (29.460)	Prec@5 84.570 (82.161)
Epoch: [3][40/49]	Time 0.309 (0.327)	Speed 3312.347 (3132.417)	Loss 1.8572833538 (1.8973)	Prec@1 30.957 (29.834)	Prec@5 84.473 (82.739)
Test: [10/10]	Time 0.171 (0.241)	Speed 5995.602 (4252.603)	Loss 2.2903 (2.4777)	Prec@1 29.847 (29.090)	Prec@5 86.224 (84.220)
 * Prec@1 29.090 Prec@5 84.220
 * Prec@1 29.090 Prec@5 84.220
 * Prec@1 29.090 Prec@5 84.220
 * Prec@1 29.090 Prec@5 84.220
Epoch: [4][10/49]	Time 0.389 (0.389)	Speed 2630.396 (2630.396)	Loss 1.8049316406 (1.8049)	Prec@1 33.203 (33.203)	Prec@5 84.668 (84.668)
Epoch: [4][20/49]	Time 0.309 (0.349)	Speed 3311.382 (2931.865)	Loss 1.8037624359 (1.8043)	Prec@1 33.887 (33.545)	Prec@5 86.035 (85.352)
Epoch: [4][30/49]	Time 0.309 (0.336)	Speed 3311.892 (3048.465)	Loss 1.8120963573 (1.8069)	Prec@1 31.152 (32.747)	Prec@5 86.035 (85.579)
Epoch: [4][40/49]	Time 0.309 (0.329)	Speed 3311.101 (3110.139)	Loss 1.7911105156 (1.8030)	Prec@1 36.035 (33.569)	Prec@5 84.863 (85.400)
Test: [10/10]	Time 0.171 (0.225)	Speed 5985.775 (4542.615)	Loss 1.6915 (1.7228)	Prec@1 37.883 (35.740)	Prec@5 88.265 (88.130)
 * Prec@1 35.740 Prec@5 88.130
 * Prec@1 35.740 Prec@5 88.130
 * Prec@1 35.740 Prec@5 88.130
 * Prec@1 35.740 Prec@5 88.130
Epoch: [5][10/49]	Time 0.384 (0.384)	Speed 2669.002 (2669.002)	Loss 1.7581591606 (1.7582)	Prec@1 35.449 (35.449)	Prec@5 86.426 (86.426)
Epoch: [5][20/49]	Time 0.309 (0.347)	Speed 3310.309 (2955.264)	Loss 1.7516264915 (1.7549)	Prec@1 36.230 (35.840)	Prec@5 85.840 (86.133)
Epoch: [5][30/49]	Time 0.309 (0.334)	Speed 3310.103 (3064.778)	Loss 1.7194917202 (1.7431)	Prec@1 38.867 (36.849)	Prec@5 86.035 (86.100)
Epoch: [5][40/49]	Time 0.310 (0.328)	Speed 3308.043 (3122.177)	Loss 1.6439490318 (1.7183)	Prec@1 41.309 (37.964)	Prec@5 87.598 (86.475)
Test: [10/10]	Time 0.161 (0.231)	Speed 6375.221 (4424.334)	Loss 1.4634 (1.4602)	Prec@1 45.408 (46.510)	Prec@5 92.219 (92.260)
 * Prec@1 46.510 Prec@5 92.260
 * Prec@1 46.510 Prec@5 92.260
 * Prec@1 46.510 Prec@5 92.260
 * Prec@1 46.510 Prec@5 92.260
Epoch: [6][10/49]	Time 0.401 (0.401)	Speed 2552.552 (2552.552)	Loss 1.6634390354 (1.6634)	Prec@1 40.234 (40.234)	Prec@5 87.793 (87.793)
Epoch: [6][20/49]	Time 0.309 (0.355)	Speed 3308.583 (2881.807)	Loss 1.6933149099 (1.6784)	Prec@1 37.402 (38.818)	Prec@5 87.695 (87.744)
Epoch: [6][30/49]	Time 0.309 (0.340)	Speed 3308.828 (3011.350)	Loss 1.6321496964 (1.6630)	Prec@1 41.797 (39.811)	Prec@5 88.281 (87.923)
Epoch: [6][40/49]	Time 0.310 (0.332)	Speed 3308.353 (3080.487)	Loss 1.5468845367 (1.6339)	Prec@1 42.188 (40.405)	Prec@5 89.746 (88.379)
Test: [10/10]	Time 0.170 (0.237)	Speed 6008.376 (4322.852)	Loss 2.3086 (2.2389)	Prec@1 41.071 (44.380)	Prec@5 90.561 (91.040)
 * Prec@1 44.380 Prec@5 91.040
 * Prec@1 44.380 Prec@5 91.040
 * Prec@1 44.380 Prec@5 91.040
 * Prec@1 44.380 Prec@5 91.040
Epoch: [7][10/49]	Time 0.397 (0.397)	Speed 2580.679 (2580.679)	Loss 1.5105471611 (1.5105)	Prec@1 46.191 (46.191)	Prec@5 89.746 (89.746)
Epoch: [7][20/49]	Time 0.310 (0.353)	Speed 3307.956 (2899.406)	Loss 1.4832577705 (1.4969)	Prec@1 47.168 (46.680)	Prec@5 89.551 (89.648)
Epoch: [7][30/49]	Time 0.310 (0.339)	Speed 3306.634 (3023.527)	Loss 1.4692212343 (1.4877)	Prec@1 46.973 (46.777)	Prec@5 91.211 (90.169)
Epoch: [7][40/49]	Time 0.310 (0.331)	Speed 3305.963 (3089.513)	Loss 1.5265754461 (1.4974)	Prec@1 43.555 (45.972)	Prec@5 91.016 (90.381)
Test: [10/10]	Time 0.169 (0.242)	Speed 6061.646 (4231.718)	Loss 1.3477 (1.3323)	Prec@1 50.638 (51.030)	Prec@5 94.898 (94.240)
 * Prec@1 51.030 Prec@5 94.240
 * Prec@1 51.030 Prec@5 94.240
 * Prec@1 51.030 Prec@5 94.240
 * Prec@1 51.030 Prec@5 94.240
Epoch: [8][10/49]	Time 0.397 (0.397)	Speed 2580.461 (2580.461)	Loss 1.3282576799 (1.3283)	Prec@1 51.074 (51.074)	Prec@5 93.262 (93.262)
Epoch: [8][20/49]	Time 0.310 (0.353)	Speed 3306.205 (2898.596)	Loss 1.3845732212 (1.3564)	Prec@1 47.949 (49.512)	Prec@5 93.359 (93.311)
Epoch: [8][30/49]	Time 0.310 (0.339)	Speed 3307.161 (3023.087)	Loss 1.4230321646 (1.3786)	Prec@1 48.535 (49.186)	Prec@5 91.895 (92.839)
Epoch: [8][40/49]	Time 0.310 (0.331)	Speed 3305.484 (3089.064)	Loss 1.3166475296 (1.3631)	Prec@1 53.223 (50.195)	Prec@5 93.555 (93.018)
 * Prec@1 55.220 Prec@5 95.390
Test: [10/10]	Time 0.169 (0.238)	Speed 6070.625 (4303.455)	Loss 1.2377 (1.2144)	Prec@1 55.230 (55.220)	Prec@5 95.408 (95.390)
 * Prec@1 55.220 Prec@5 95.390
 * Prec@1 55.220 Prec@5 95.390
 * Prec@1 55.220 Prec@5 95.390
Epoch: [9][10/49]	Time 0.381 (0.381)	Speed 2690.997 (2690.997)	Loss 1.3042455912 (1.3042)	Prec@1 54.395 (54.395)	Prec@5 94.531 (94.531)
Epoch: [9][20/49]	Time 0.310 (0.345)	Speed 3305.516 (2966.769)	Loss 1.2816463709 (1.2929)	Prec@1 52.832 (53.613)	Prec@5 94.238 (94.385)
Epoch: [9][30/49]	Time 0.310 (0.333)	Speed 3306.137 (3071.876)	Loss 1.2894135714 (1.2918)	Prec@1 52.051 (53.092)	Prec@5 93.750 (94.173)
Epoch: [9][40/49]	Time 0.310 (0.327)	Speed 3303.820 (3126.754)	Loss 1.2610268593 (1.2841)	Prec@1 54.883 (53.540)	Prec@5 94.434 (94.238)
 * Prec@1 63.240 Prec@5 96.810
 * Prec@1 63.240 Prec@5 96.810
Test: [10/10]	Time 0.153 (0.230)	Speed 6686.137 (4453.352)	Loss 1.0249 (1.0362)	Prec@1 62.755 (63.240)	Prec@5 96.556 (96.810)
 * Prec@1 63.240 Prec@5 96.810
 * Prec@1 63.240 Prec@5 96.810
Epoch: [10][10/49]	Time 0.404 (0.404)	Speed 2533.721 (2533.721)	Loss 1.2473994493 (1.2474)	Prec@1 58.105 (58.105)	Prec@5 93.945 (93.945)
Epoch: [10][20/49]	Time 0.310 (0.357)	Speed 3304.139 (2868.094)	Loss 1.1936974525 (1.2205)	Prec@1 57.324 (57.715)	Prec@5 94.238 (94.092)
Epoch: [10][30/49]	Time 0.310 (0.341)	Speed 3303.521 (2999.896)	Loss 1.1868801117 (1.2093)	Prec@1 59.766 (58.398)	Prec@5 94.238 (94.141)
Epoch: [10][40/49]	Time 0.310 (0.334)	Speed 3302.628 (3070.254)	Loss 1.2190227509 (1.2117)	Prec@1 56.348 (57.886)	Prec@5 94.141 (94.141)
Test: [10/10]	Time 0.156 (0.230)	Speed 6546.089 (4461.086)	Loss 1.1784 (1.2257)	Prec@1 60.332 (61.890)	Prec@5 94.515 (94.920)
 * Prec@1 61.890 Prec@5 94.920
 * Prec@1 61.890 Prec@5 94.920
 * Prec@1 61.890 Prec@5 94.920
 * Prec@1 61.890 Prec@5 94.920
Epoch: [11][10/49]	Time 0.423 (0.423)	Speed 2422.444 (2422.444)	Loss 1.2442775965 (1.2443)	Prec@1 55.957 (55.957)	Prec@5 94.043 (94.043)
Epoch: [11][20/49]	Time 0.310 (0.366)	Speed 3304.363 (2795.496)	Loss 1.1595233679 (1.2019)	Prec@1 58.301 (57.129)	Prec@5 93.652 (93.848)
Epoch: [11][30/49]	Time 0.310 (0.347)	Speed 3304.593 (2946.823)	Loss 1.1653745174 (1.1897)	Prec@1 56.543 (56.934)	Prec@5 95.703 (94.466)
Epoch: [11][40/49]	Time 0.310 (0.338)	Speed 3304.273 (3028.734)	Loss 1.1688784361 (1.1845)	Prec@1 58.496 (57.324)	Prec@5 95.117 (94.629)
Test: [10/10]	Time 0.168 (0.228)	Speed 6086.195 (4485.392)	Loss 1.0378 (1.0023)	Prec@1 63.138 (64.100)	Prec@5 97.704 (97.000)
 * Prec@1 64.100 Prec@5 97.000
 * Prec@1 64.100 Prec@5 97.000
 * Prec@1 64.100 Prec@5 97.000
 * Prec@1 64.100 Prec@5 97.000
Epoch: [12][10/49]	Time 0.395 (0.395)	Speed 2593.889 (2593.889)	Loss 1.0642163754 (1.0642)	Prec@1 61.523 (61.523)	Prec@5 95.898 (95.898)
Epoch: [12][20/49]	Time 0.310 (0.352)	Speed 3302.092 (2905.458)	Loss 1.0961284637 (1.0802)	Prec@1 62.012 (61.768)	Prec@5 95.410 (95.654)
Epoch: [12][30/49]	Time 0.310 (0.338)	Speed 3303.489 (3027.031)	Loss 1.0833923817 (1.0812)	Prec@1 61.719 (61.751)	Prec@5 95.410 (95.573)
Epoch: [12][40/49]	Time 0.310 (0.331)	Speed 3303.005 (3091.609)	Loss 1.1113719940 (1.0888)	Prec@1 61.133 (61.597)	Prec@5 95.020 (95.435)
Test: [10/10]	Time 0.175 (0.232)	Speed 5845.529 (4415.857)	Loss 0.8114 (0.8648)	Prec@1 73.087 (69.800)	Prec@5 97.194 (97.460)
 * Prec@1 69.800 Prec@5 97.460
 * Prec@1 69.800 Prec@5 97.460
 * Prec@1 69.800 Prec@5 97.460
 * Prec@1 69.800 Prec@5 97.460
Epoch: [13][10/49]	Time 0.385 (0.385)	Speed 2662.602 (2662.602)	Loss 1.0471457243 (1.0471)	Prec@1 61.719 (61.719)	Prec@5 95.801 (95.801)
Epoch: [13][20/49]	Time 0.310 (0.347)	Speed 3303.241 (2948.524)	Loss 1.1527422667 (1.0999)	Prec@1 59.570 (60.645)	Prec@5 94.629 (95.215)
Epoch: [13][30/49]	Time 0.310 (0.335)	Speed 3303.302 (3058.002)	Loss 1.0301897526 (1.0767)	Prec@1 64.160 (61.816)	Prec@5 95.898 (95.443)
Epoch: [13][40/49]	Time 0.310 (0.329)	Speed 3301.733 (3115.498)	Loss 0.9973687530 (1.0569)	Prec@1 64.160 (62.402)	Prec@5 96.582 (95.728)
Test: [10/10]	Time 0.160 (0.234)	Speed 6383.000 (4384.268)	Loss 0.9483 (0.9514)	Prec@1 64.541 (66.570)	Prec@5 97.959 (97.270)
 * Prec@1 66.570 Prec@5 97.270
 * Prec@1 66.570 Prec@5 97.270
 * Prec@1 66.570 Prec@5 97.270
 * Prec@1 66.570 Prec@5 97.270
Epoch: [14][10/49]	Time 0.396 (0.396)	Speed 2583.258 (2583.258)	Loss 1.0205234289 (1.0205)	Prec@1 62.109 (62.109)	Prec@5 96.191 (96.191)
Epoch: [14][20/49]	Time 0.310 (0.353)	Speed 3301.911 (2898.706)	Loss 1.0526651144 (1.0366)	Prec@1 62.891 (62.500)	Prec@5 95.215 (95.703)
Epoch: [14][30/49]	Time 0.310 (0.339)	Speed 3301.443 (3021.572)	Loss 0.9989439249 (1.0240)	Prec@1 64.941 (63.314)	Prec@5 96.191 (95.866)
Epoch: [14][40/49]	Time 0.310 (0.332)	Speed 3303.188 (3087.376)	Loss 1.0337557793 (1.0265)	Prec@1 63.672 (63.403)	Prec@5 96.191 (95.947)
Test: [10/10]	Time 0.167 (0.227)	Speed 6129.687 (4517.975)	Loss 0.9690 (0.9566)	Prec@1 65.689 (66.270)	Prec@5 97.577 (97.510)
 * Prec@1 66.270 Prec@5 97.510
 * Prec@1 66.270 Prec@5 97.510
 * Prec@1 66.270 Prec@5 97.510
 * Prec@1 66.270 Prec@5 97.510
Epoch: [15][10/49]	Time 0.417 (0.417)	Speed 2453.237 (2453.237)	Loss 0.9873006344 (0.9873)	Prec@1 66.016 (66.016)	Prec@5 96.484 (96.484)
Epoch: [15][20/49]	Time 0.310 (0.364)	Speed 3304.009 (2815.762)	Loss 0.9271144867 (0.9572)	Prec@1 67.188 (66.602)	Prec@5 96.387 (96.436)
Epoch: [15][30/49]	Time 0.310 (0.346)	Speed 3304.373 (2961.745)	Loss 0.9919736385 (0.9688)	Prec@1 63.770 (65.658)	Prec@5 96.484 (96.452)
Epoch: [15][40/49]	Time 0.310 (0.337)	Speed 3302.321 (3040.128)	Loss 0.9573056698 (0.9659)	Prec@1 65.332 (65.576)	Prec@5 96.094 (96.362)
Test: [10/10]	Time 0.187 (0.240)	Speed 5472.809 (4261.574)	Loss 0.8152 (0.8102)	Prec@1 72.321 (71.760)	Prec@5 98.597 (97.960)
 * Prec@1 71.760 Prec@5 97.960
 * Prec@1 71.760 Prec@5 97.960
 * Prec@1 71.760 Prec@5 97.960
 * Prec@1 71.760 Prec@5 97.960
Epoch: [16][10/49]	Time 0.392 (0.392)	Speed 2609.235 (2609.235)	Loss 0.9152493477 (0.9152)	Prec@1 67.871 (67.871)	Prec@5 96.582 (96.582)
Epoch: [16][20/49]	Time 0.310 (0.351)	Speed 3301.587 (2914.863)	Loss 0.9835478067 (0.9494)	Prec@1 65.430 (66.650)	Prec@5 96.387 (96.484)
Epoch: [16][30/49]	Time 0.310 (0.338)	Speed 3301.489 (3033.268)	Loss 0.9685642123 (0.9558)	Prec@1 66.504 (66.602)	Prec@5 97.070 (96.680)
Epoch: [16][40/49]	Time 0.310 (0.331)	Speed 3301.346 (3096.121)	Loss 0.9055167437 (0.9432)	Prec@1 69.727 (67.383)	Prec@5 96.191 (96.558)
Test: [10/10]	Time 0.161 (0.239)	Speed 6374.332 (4281.242)	Loss 0.7304 (0.7613)	Prec@1 75.000 (74.540)	Prec@5 98.087 (98.140)
 * Prec@1 74.540 Prec@5 98.140
 * Prec@1 74.540 Prec@5 98.140
 * Prec@1 74.540 Prec@5 98.140
 * Prec@1 74.540 Prec@5 98.140
Epoch: [17][10/49]	Time 0.374 (0.374)	Speed 2735.506 (2735.506)	Loss 0.8956713676 (0.8957)	Prec@1 66.895 (66.895)	Prec@5 96.582 (96.582)
Epoch: [17][20/49]	Time 0.310 (0.342)	Speed 3304.292 (2993.117)	Loss 0.9194538593 (0.9076)	Prec@1 68.457 (67.676)	Prec@5 96.191 (96.387)
Epoch: [17][30/49]	Time 0.310 (0.331)	Speed 3302.275 (3089.530)	Loss 0.8617228270 (0.8923)	Prec@1 68.555 (67.969)	Prec@5 96.875 (96.549)
Epoch: [17][40/49]	Time 0.310 (0.326)	Speed 3301.195 (3139.860)	Loss 0.9447593689 (0.9054)	Prec@1 66.406 (67.578)	Prec@5 96.094 (96.436)
Test: [10/10]	Time 0.167 (0.229)	Speed 6146.380 (4481.383)	Loss 0.7451 (0.7380)	Prec@1 72.577 (74.240)	Prec@5 98.342 (98.380)
 * Prec@1 74.240 Prec@5 98.380
 * Prec@1 74.240 Prec@5 98.380
 * Prec@1 74.240 Prec@5 98.380
 * Prec@1 74.240 Prec@5 98.380
Epoch: [18][10/49]	Time 0.401 (0.401)	Speed 2552.244 (2552.244)	Loss 0.8461248875 (0.8461)	Prec@1 70.703 (70.703)	Prec@5 96.875 (96.875)
Epoch: [18][20/49]	Time 0.310 (0.356)	Speed 3301.583 (2878.953)	Loss 0.8748049140 (0.8605)	Prec@1 69.629 (70.166)	Prec@5 96.875 (96.875)
Epoch: [18][30/49]	Time 0.310 (0.340)	Speed 3302.555 (3007.540)	Loss 0.8533462882 (0.8581)	Prec@1 70.312 (70.215)	Prec@5 97.266 (97.005)
Epoch: [18][40/49]	Time 0.310 (0.333)	Speed 3303.954 (3076.543)	Loss 0.8931367397 (0.8669)	Prec@1 67.871 (69.629)	Prec@5 96.094 (96.777)
Test: [10/10]	Time 0.168 (0.240)	Speed 6100.494 (4262.680)	Loss 0.5922 (0.6513)	Prec@1 78.954 (77.340)	Prec@5 99.490 (98.470)
 * Prec@1 77.340 Prec@5 98.470
 * Prec@1 77.340 Prec@5 98.470
 * Prec@1 77.340 Prec@5 98.470
 * Prec@1 77.340 Prec@5 98.470
Epoch: [19][10/49]	Time 0.389 (0.389)	Speed 2631.999 (2631.999)	Loss 0.7705644369 (0.7706)	Prec@1 72.656 (72.656)	Prec@5 97.754 (97.754)
Epoch: [19][20/49]	Time 0.310 (0.350)	Speed 3303.226 (2929.657)	Loss 0.8788118958 (0.8247)	Prec@1 69.336 (70.996)	Prec@5 95.801 (96.777)
Epoch: [19][30/49]	Time 0.310 (0.336)	Speed 3305.083 (3044.950)	Loss 0.9181021452 (0.8558)	Prec@1 68.262 (70.085)	Prec@5 95.996 (96.517)
Epoch: [19][40/49]	Time 0.310 (0.330)	Speed 3302.857 (3105.575)	Loss 0.8754904270 (0.8607)	Prec@1 68.457 (69.678)	Prec@5 96.875 (96.606)
 * Prec@1 77.490 Prec@5 98.810
Test: [10/10]	Time 0.162 (0.222)	Speed 6308.076 (4614.358)	Loss 0.6362 (0.6459)	Prec@1 77.934 (77.490)	Prec@5 98.724 (98.810)
 * Prec@1 77.490 Prec@5 98.810
 * Prec@1 77.490 Prec@5 98.810
 * Prec@1 77.490 Prec@5 98.810
Epoch: [20][10/49]	Time 0.384 (0.384)	Speed 2665.288 (2665.288)	Loss 0.8025798798 (0.8026)	Prec@1 71.973 (71.973)	Prec@5 97.168 (97.168)
Epoch: [20][20/49]	Time 0.310 (0.347)	Speed 3301.562 (2949.501)	Loss 0.8393427134 (0.8210)	Prec@1 69.141 (70.557)	Prec@5 97.949 (97.559)
Epoch: [20][30/49]	Time 0.310 (0.335)	Speed 3303.925 (3058.880)	Loss 0.8581279516 (0.8334)	Prec@1 70.410 (70.508)	Prec@5 96.582 (97.233)
Epoch: [20][40/49]	Time 0.310 (0.329)	Speed 3303.321 (3116.534)	Loss 0.7898600101 (0.8225)	Prec@1 72.168 (70.923)	Prec@5 97.363 (97.266)
Test: [10/10]	Time 0.163 (0.235)	Speed 6280.092 (4350.953)	Loss 0.6308 (0.6234)	Prec@1 78.189 (78.160)	Prec@5 98.724 (98.820)
 * Prec@1 78.160 Prec@5 98.820
 * Prec@1 78.160 Prec@5 98.820
 * Prec@1 78.160 Prec@5 98.820
 * Prec@1 78.160 Prec@5 98.820
Epoch: [21][10/49]	Time 0.383 (0.383)	Speed 2670.570 (2670.570)	Loss 0.8495472670 (0.8495)	Prec@1 69.727 (69.727)	Prec@5 97.754 (97.754)
Epoch: [21][20/49]	Time 0.310 (0.347)	Speed 3304.564 (2953.932)	Loss 0.8282511234 (0.8389)	Prec@1 70.215 (69.971)	Prec@5 97.266 (97.510)
Epoch: [21][30/49]	Time 0.310 (0.334)	Speed 3305.828 (3062.600)	Loss 0.8156790733 (0.8312)	Prec@1 71.484 (70.475)	Prec@5 96.582 (97.201)
Epoch: [21][40/49]	Time 0.310 (0.328)	Speed 3304.253 (3119.638)	Loss 0.8045828342 (0.8245)	Prec@1 71.094 (70.630)	Prec@5 97.754 (97.339)
Test: [10/10]	Time 0.158 (0.231)	Speed 6492.848 (4429.034)	Loss 0.5977 (0.6186)	Prec@1 78.699 (78.350)	Prec@5 98.852 (98.830)
 * Prec@1 78.350 Prec@5 98.830
 * Prec@1 78.350 Prec@5 98.830
 * Prec@1 78.350 Prec@5 98.830
 * Prec@1 78.350 Prec@5 98.830
Epoch: [22][10/49]	Time 0.395 (0.395)	Speed 2589.140 (2589.140)	Loss 0.7564399242 (0.7564)	Prec@1 73.633 (73.633)	Prec@5 97.363 (97.363)
Epoch: [22][20/49]	Time 0.310 (0.353)	Speed 3304.161 (2903.274)	Loss 0.7842078805 (0.7703)	Prec@1 72.266 (72.949)	Prec@5 97.070 (97.217)
Epoch: [22][30/49]	Time 0.310 (0.338)	Speed 3305.142 (3025.913)	Loss 0.7649808526 (0.7685)	Prec@1 73.145 (73.014)	Prec@5 97.461 (97.298)
Epoch: [22][40/49]	Time 0.310 (0.331)	Speed 3305.146 (3091.203)	Loss 0.7619821429 (0.7669)	Prec@1 72.363 (72.852)	Prec@5 97.559 (97.363)
Test: [10/10]	Time 0.171 (0.232)	Speed 5991.177 (4419.700)	Loss 0.6109 (0.6199)	Prec@1 78.061 (78.410)	Prec@5 99.235 (99.080)
 * Prec@1 78.410 Prec@5 99.080
 * Prec@1 78.410 Prec@5 99.080
 * Prec@1 78.410 Prec@5 99.080
 * Prec@1 78.410 Prec@5 99.080
Epoch: [23][10/49]	Time 0.391 (0.391)	Speed 2620.140 (2620.140)	Loss 0.7678427696 (0.7678)	Prec@1 73.535 (73.535)	Prec@5 96.582 (96.582)
Epoch: [23][20/49]	Time 0.310 (0.350)	Speed 3305.389 (2923.142)	Loss 0.7949719429 (0.7814)	Prec@1 71.191 (72.363)	Prec@5 97.363 (96.973)
Epoch: [23][30/49]	Time 0.310 (0.337)	Speed 3304.963 (3040.220)	Loss 0.7441855073 (0.7690)	Prec@1 74.219 (72.982)	Prec@5 97.559 (97.168)
Epoch: [23][40/49]	Time 0.310 (0.330)	Speed 3304.118 (3102.162)	Loss 0.7660867572 (0.7683)	Prec@1 71.875 (72.705)	Prec@5 98.047 (97.388)
 * Prec@1 81.040 Prec@5 98.940
 * Prec@1 81.040 Prec@5 98.940
 * Prec@1 81.040 Prec@5 98.940
Test: [10/10]	Time 0.166 (0.233)	Speed 6167.049 (4385.692)	Loss 0.4929 (0.5513)	Prec@1 83.546 (81.040)	Prec@5 99.490 (98.940)
 * Prec@1 81.040 Prec@5 98.940
Epoch: [24][10/49]	Time 0.388 (0.388)	Speed 2640.904 (2640.904)	Loss 0.7688056827 (0.7688)	Prec@1 71.777 (71.777)	Prec@5 98.047 (98.047)
Epoch: [24][20/49]	Time 0.310 (0.349)	Speed 3303.304 (2935.196)	Loss 0.7043492198 (0.7366)	Prec@1 74.219 (72.998)	Prec@5 98.438 (98.242)
Epoch: [24][30/49]	Time 0.310 (0.336)	Speed 3305.029 (3048.921)	Loss 0.7305411100 (0.7346)	Prec@1 75.098 (73.698)	Prec@5 97.852 (98.112)
Epoch: [24][40/49]	Time 0.310 (0.329)	Speed 3304.386 (3109.011)	Loss 0.7188884616 (0.7306)	Prec@1 74.121 (73.804)	Prec@5 97.559 (97.974)
Test: [10/10]	Time 0.157 (0.230)	Speed 6505.476 (4451.043)	Loss 0.5175 (0.5707)	Prec@1 83.036 (81.230)	Prec@5 99.745 (99.150)
 * Prec@1 81.230 Prec@5 99.150
 * Prec@1 81.230 Prec@5 99.150
 * Prec@1 81.230 Prec@5 99.150
 * Prec@1 81.230 Prec@5 99.150
Epoch: [25][10/49]	Time 0.394 (0.394)	Speed 2601.501 (2601.501)	Loss 0.7021285892 (0.7021)	Prec@1 73.926 (73.926)	Prec@5 97.656 (97.656)
Epoch: [25][20/49]	Time 0.310 (0.352)	Speed 3304.478 (2911.153)	Loss 0.7171498537 (0.7096)	Prec@1 75.293 (74.609)	Prec@5 97.852 (97.754)
Epoch: [25][30/49]	Time 0.310 (0.338)	Speed 3305.731 (3031.779)	Loss 0.6415773630 (0.6870)	Prec@1 75.879 (75.033)	Prec@5 98.047 (97.852)
Epoch: [25][40/49]	Time 0.310 (0.331)	Speed 3303.462 (3095.422)	Loss 0.7943860888 (0.7138)	Prec@1 72.656 (74.438)	Prec@5 97.559 (97.778)
Test: [10/10]	Time 0.161 (0.249)	Speed 6357.273 (4111.322)	Loss 0.5217 (0.5520)	Prec@1 82.143 (81.300)	Prec@5 99.235 (99.000)
 * Prec@1 81.300 Prec@5 99.000
 * Prec@1 81.300 Prec@5 99.000
 * Prec@1 81.300 Prec@5 99.000
 * Prec@1 81.300 Prec@5 99.000
Epoch: [26][10/49]	Time 0.391 (0.391)	Speed 2619.045 (2619.045)	Loss 0.6954808235 (0.6955)	Prec@1 73.242 (73.242)	Prec@5 98.438 (98.438)
Epoch: [26][20/49]	Time 0.310 (0.350)	Speed 3303.599 (2921.761)	Loss 0.8210504055 (0.7583)	Prec@1 70.996 (72.119)	Prec@5 97.168 (97.803)
Epoch: [26][30/49]	Time 0.310 (0.337)	Speed 3303.014 (3038.674)	Loss 0.7095868587 (0.7420)	Prec@1 74.414 (72.884)	Prec@5 97.754 (97.786)
Epoch: [26][40/49]	Time 0.310 (0.330)	Speed 3303.992 (3100.927)	Loss 0.6680280566 (0.7235)	Prec@1 77.246 (73.975)	Prec@5 97.461 (97.705)
Test: [10/10]	Time 0.164 (0.238)	Speed 6251.881 (4302.266)	Loss 0.5250 (0.5795)	Prec@1 81.505 (81.660)	Prec@5 99.235 (99.120)
 * Prec@1 81.660 Prec@5 99.120
 * Prec@1 81.660 Prec@5 99.120
 * Prec@1 81.660 Prec@5 99.120
 * Prec@1 81.660 Prec@5 99.120
Epoch: [27][10/49]	Time 0.386 (0.386)	Speed 2652.490 (2652.490)	Loss 0.7144215107 (0.7144)	Prec@1 75.391 (75.391)	Prec@5 97.754 (97.754)
Epoch: [27][20/49]	Time 0.310 (0.348)	Speed 3306.082 (2943.440)	Loss 0.7344924212 (0.7245)	Prec@1 75.391 (75.391)	Prec@5 97.754 (97.754)
Epoch: [27][30/49]	Time 0.310 (0.335)	Speed 3306.495 (3055.263)	Loss 0.6820627451 (0.7103)	Prec@1 74.902 (75.228)	Prec@5 97.949 (97.819)
Epoch: [27][40/49]	Time 0.310 (0.329)	Speed 3304.530 (3113.987)	Loss 0.7255373001 (0.7141)	Prec@1 74.707 (75.098)	Prec@5 98.535 (97.998)
Test: [10/10]	Time 0.170 (0.229)	Speed 6035.521 (4469.020)	Loss 0.5847 (0.5808)	Prec@1 79.719 (80.570)	Prec@5 98.980 (99.030)
 * Prec@1 80.570 Prec@5 99.030
 * Prec@1 80.570 Prec@5 99.030
 * Prec@1 80.570 Prec@5 99.030
 * Prec@1 80.570 Prec@5 99.030
Epoch: [28][10/49]	Time 0.411 (0.411)	Speed 2492.892 (2492.892)	Loss 0.6844196916 (0.6844)	Prec@1 75.977 (75.977)	Prec@5 97.754 (97.754)
Epoch: [28][20/49]	Time 0.310 (0.360)	Speed 3304.218 (2841.781)	Loss 0.6858640313 (0.6851)	Prec@1 76.855 (76.416)	Prec@5 97.461 (97.607)
Epoch: [28][30/49]	Time 0.310 (0.344)	Speed 3304.796 (2980.997)	Loss 0.6556026936 (0.6753)	Prec@1 77.051 (76.628)	Prec@5 97.754 (97.656)
Epoch: [28][40/49]	Time 0.310 (0.335)	Speed 3304.063 (3055.693)	Loss 0.6958532929 (0.6804)	Prec@1 76.367 (76.562)	Prec@5 97.559 (97.632)
Test: [10/10]	Time 0.159 (0.239)	Speed 6434.408 (4292.210)	Loss 0.4963 (0.4975)	Prec@1 82.143 (82.810)	Prec@5 99.490 (99.250)
 * Prec@1 82.810 Prec@5 99.250
 * Prec@1 82.810 Prec@5 99.250
 * Prec@1 82.810 Prec@5 99.250
 * Prec@1 82.810 Prec@5 99.250
Epoch: [29][10/49]	Time 0.381 (0.381)	Speed 2691.144 (2691.144)	Loss 0.7199233174 (0.7199)	Prec@1 76.172 (76.172)	Prec@5 97.559 (97.559)
Epoch: [29][20/49]	Time 0.310 (0.345)	Speed 3305.208 (2966.734)	Loss 0.6712558270 (0.6956)	Prec@1 75.879 (76.025)	Prec@5 97.559 (97.559)
Epoch: [29][30/49]	Time 0.310 (0.333)	Speed 3305.463 (3071.657)	Loss 0.6712035537 (0.6875)	Prec@1 75.781 (75.944)	Prec@5 97.656 (97.591)
Epoch: [29][40/49]	Time 0.310 (0.328)	Speed 3303.471 (3126.506)	Loss 0.7575496435 (0.7050)	Prec@1 73.438 (75.317)	Prec@5 97.168 (97.485)
Test: [10/10]	Time 0.175 (0.225)	Speed 5856.105 (4554.411)	Loss 0.5850 (0.5778)	Prec@1 79.974 (80.390)	Prec@5 98.980 (99.010)
 * Prec@1 80.390 Prec@5 99.010
 * Prec@1 80.390 Prec@5 99.010
 * Prec@1 80.390 Prec@5 99.010
 * Prec@1 80.390 Prec@5 99.010
Epoch: [30][10/49]	Time 0.397 (0.397)	Speed 2580.180 (2580.180)	Loss 0.6425170898 (0.6425)	Prec@1 77.637 (77.637)	Prec@5 98.535 (98.535)
Epoch: [30][20/49]	Time 0.310 (0.353)	Speed 3304.856 (2897.900)	Loss 0.6137771606 (0.6281)	Prec@1 79.297 (78.467)	Prec@5 97.754 (98.145)
Epoch: [30][30/49]	Time 0.310 (0.339)	Speed 3305.363 (3022.081)	Loss 0.5729317665 (0.6097)	Prec@1 81.348 (79.427)	Prec@5 98.145 (98.145)
Epoch: [30][40/49]	Time 0.310 (0.332)	Speed 3306.938 (3088.593)	Loss 0.5716680288 (0.6002)	Prec@1 80.078 (79.590)	Prec@5 98.047 (98.120)
Test: [10/10]	Time 0.176 (0.228)	Speed 5801.948 (4487.711)	Loss 0.3556 (0.3705)	Prec@1 87.117 (87.600)	Prec@5 99.617 (99.530)
 * Prec@1 87.600 Prec@5 99.530
 * Prec@1 87.600 Prec@5 99.530
 * Prec@1 87.600 Prec@5 99.530
 * Prec@1 87.600 Prec@5 99.530
Epoch: [31][10/49]	Time 0.395 (0.395)	Speed 2592.979 (2592.979)	Loss 0.5382390022 (0.5382)	Prec@1 81.250 (81.250)	Prec@5 98.535 (98.535)
Epoch: [31][20/49]	Time 0.310 (0.352)	Speed 3305.642 (2906.259)	Loss 0.5344488621 (0.5363)	Prec@1 81.934 (81.592)	Prec@5 98.730 (98.633)
Epoch: [31][30/49]	Time 0.310 (0.338)	Speed 3305.760 (3028.247)	Loss 0.5056626797 (0.5261)	Prec@1 83.203 (82.129)	Prec@5 99.023 (98.763)
Epoch: [31][40/49]	Time 0.310 (0.331)	Speed 3303.147 (3092.591)	Loss 0.5230497718 (0.5254)	Prec@1 81.934 (82.080)	Prec@5 98.730 (98.755)
Test: [10/10]	Time 0.177 (0.231)	Speed 5786.853 (4426.988)	Loss 0.3397 (0.3603)	Prec@1 87.628 (88.260)	Prec@5 99.745 (99.640)
 * Prec@1 88.260 Prec@5 99.640
 * Prec@1 88.260 Prec@5 99.640
 * Prec@1 88.260 Prec@5 99.640
 * Prec@1 88.260 Prec@5 99.640
Epoch: [32][10/49]	Time 0.384 (0.384)	Speed 2668.290 (2668.290)	Loss 0.4987626374 (0.4988)	Prec@1 83.105 (83.105)	Prec@5 98.730 (98.730)
Epoch: [32][20/49]	Time 0.310 (0.347)	Speed 3303.647 (2952.170)	Loss 0.5284138322 (0.5136)	Prec@1 82.324 (82.715)	Prec@5 98.242 (98.486)
Epoch: [32][30/49]	Time 0.310 (0.335)	Speed 3303.808 (3060.760)	Loss 0.5606987476 (0.5293)	Prec@1 80.664 (82.031)	Prec@5 97.852 (98.275)
Epoch: [32][40/49]	Time 0.310 (0.328)	Speed 3304.707 (3118.307)	Loss 0.4782604575 (0.5165)	Prec@1 83.398 (82.373)	Prec@5 98.926 (98.438)
 * Prec@1 88.250 Prec@5 99.670
 * Prec@1 88.250 Prec@5 99.670
Test: [10/10]	Time 0.168 (0.236)	Speed 6079.949 (4334.180)	Loss 0.3373 (0.3511)	Prec@1 87.883 (88.250)	Prec@5 99.872 (99.670)
 * Prec@1 88.250 Prec@5 99.670
 * Prec@1 88.250 Prec@5 99.670
Epoch: [33][10/49]	Time 0.402 (0.402)	Speed 2546.679 (2546.679)	Loss 0.5068254471 (0.5068)	Prec@1 83.105 (83.105)	Prec@5 98.828 (98.828)
Epoch: [33][20/49]	Time 0.310 (0.356)	Speed 3305.766 (2876.994)	Loss 0.5444525480 (0.5256)	Prec@1 81.055 (82.080)	Prec@5 98.730 (98.779)
Epoch: [33][30/49]	Time 0.310 (0.341)	Speed 3304.472 (3006.644)	Loss 0.4991000891 (0.5168)	Prec@1 82.129 (82.096)	Prec@5 98.535 (98.698)
Epoch: [33][40/49]	Time 0.310 (0.333)	Speed 3302.477 (3075.520)	Loss 0.5726079941 (0.5307)	Prec@1 80.957 (81.812)	Prec@5 98.340 (98.608)
Test: [10/10]	Time 0.164 (0.234)	Speed 6232.675 (4373.762)	Loss 0.3436 (0.3843)	Prec@1 87.755 (88.440)	Prec@5 99.872 (99.660)
 * Prec@1 88.440 Prec@5 99.660
 * Prec@1 88.440 Prec@5 99.660
 * Prec@1 88.440 Prec@5 99.660
 * Prec@1 88.440 Prec@5 99.660
Epoch: [34][10/49]	Time 0.384 (0.384)	Speed 2669.587 (2669.587)	Loss 0.5409241915 (0.5409)	Prec@1 81.836 (81.836)	Prec@5 98.242 (98.242)
Epoch: [34][20/49]	Time 0.310 (0.347)	Speed 3303.437 (2952.880)	Loss 0.5160022974 (0.5285)	Prec@1 82.812 (82.324)	Prec@5 98.438 (98.340)
Epoch: [34][30/49]	Time 0.310 (0.335)	Speed 3303.199 (3061.094)	Loss 0.5401854515 (0.5324)	Prec@1 81.934 (82.194)	Prec@5 98.145 (98.275)
Epoch: [34][40/49]	Time 0.310 (0.328)	Speed 3304.708 (3118.567)	Loss 0.5094258189 (0.5266)	Prec@1 82.812 (82.349)	Prec@5 98.535 (98.340)
Test: [10/10]	Time 0.156 (0.220)	Speed 6559.916 (4653.551)	Loss 0.3328 (0.3505)	Prec@1 87.500 (88.820)	Prec@5 100.000 (99.700)
 * Prec@1 88.820 Prec@5 99.700
 * Prec@1 88.820 Prec@5 99.700
 * Prec@1 88.820 Prec@5 99.700
 * Prec@1 88.820 Prec@5 99.700
Epoch: [35][10/49]	Time 0.378 (0.378)	Speed 2710.978 (2710.978)	Loss 0.4846347868 (0.4846)	Prec@1 82.520 (82.520)	Prec@5 98.438 (98.438)
Epoch: [35][20/49]	Time 0.310 (0.344)	Speed 3303.565 (2978.079)	Loss 0.4798724651 (0.4823)	Prec@1 82.227 (82.373)	Prec@5 98.730 (98.584)
Epoch: [35][30/49]	Time 0.310 (0.333)	Speed 3304.017 (3079.337)	Loss 0.5654858947 (0.5100)	Prec@1 80.762 (81.836)	Prec@5 97.949 (98.372)
Epoch: [35][40/49]	Time 0.310 (0.327)	Speed 3303.346 (3132.442)	Loss 0.4199869633 (0.4875)	Prec@1 85.254 (82.690)	Prec@5 98.926 (98.511)
Test: [10/10]	Time 0.159 (0.235)	Speed 6432.847 (4359.592)	Loss 0.3195 (0.3475)	Prec@1 88.138 (88.560)	Prec@5 99.745 (99.630)
 * Prec@1 88.560 Prec@5 99.630
 * Prec@1 88.560 Prec@5 99.630
 * Prec@1 88.560 Prec@5 99.630
 * Prec@1 88.560 Prec@5 99.630
Epoch: [36][10/49]	Time 0.407 (0.407)	Speed 2514.897 (2514.897)	Loss 0.5230762959 (0.5231)	Prec@1 82.520 (82.520)	Prec@5 98.340 (98.340)
Epoch: [36][20/49]	Time 0.310 (0.359)	Speed 3303.827 (2855.879)	Loss 0.4588766694 (0.4910)	Prec@1 84.082 (83.301)	Prec@5 99.121 (98.730)
Epoch: [36][30/49]	Time 0.310 (0.342)	Speed 3304.916 (2991.357)	Loss 0.4914150238 (0.4911)	Prec@1 83.398 (83.333)	Prec@5 98.535 (98.665)
Epoch: [36][40/49]	Time 0.310 (0.334)	Speed 3303.986 (3063.833)	Loss 0.4921748340 (0.4914)	Prec@1 82.520 (83.130)	Prec@5 99.121 (98.779)
Test: [10/10]	Time 0.170 (0.232)	Speed 6033.910 (4406.551)	Loss 0.3245 (0.3478)	Prec@1 87.883 (88.520)	Prec@5 99.872 (99.680)
 * Prec@1 88.520 Prec@5 99.680
 * Prec@1 88.520 Prec@5 99.680
 * Prec@1 88.520 Prec@5 99.680
 * Prec@1 88.520 Prec@5 99.680
Epoch: [37][10/49]	Time 0.404 (0.404)	Speed 2533.675 (2533.675)	Loss 0.5086826086 (0.5087)	Prec@1 82.324 (82.324)	Prec@5 98.438 (98.438)
Epoch: [37][20/49]	Time 0.310 (0.357)	Speed 3305.015 (2868.395)	Loss 0.4238772392 (0.4663)	Prec@1 85.742 (84.033)	Prec@5 98.633 (98.535)
Epoch: [37][30/49]	Time 0.310 (0.341)	Speed 3303.630 (3000.145)	Loss 0.4842266440 (0.4723)	Prec@1 82.422 (83.496)	Prec@5 99.121 (98.730)
Epoch: [37][40/49]	Time 0.310 (0.333)	Speed 3303.441 (3070.625)	Loss 0.4654478729 (0.4706)	Prec@1 83.301 (83.447)	Prec@5 98.828 (98.755)
Test: [10/10]	Time 0.168 (0.239)	Speed 6107.564 (4290.232)	Loss 0.3099 (0.3408)	Prec@1 88.393 (88.760)	Prec@5 99.872 (99.720)
 * Prec@1 88.760 Prec@5 99.720
 * Prec@1 88.760 Prec@5 99.720
 * Prec@1 88.760 Prec@5 99.720
 * Prec@1 88.760 Prec@5 99.720
Epoch: [38][10/49]	Time 0.399 (0.399)	Speed 2563.348 (2563.348)	Loss 0.5289276242 (0.5289)	Prec@1 81.738 (81.738)	Prec@5 98.438 (98.438)
Epoch: [38][20/49]	Time 0.310 (0.355)	Speed 3303.691 (2886.809)	Loss 0.4930368662 (0.5110)	Prec@1 82.910 (82.324)	Prec@5 98.926 (98.682)
Epoch: [38][30/49]	Time 0.310 (0.340)	Speed 3304.175 (3013.701)	Loss 0.4537510872 (0.4919)	Prec@1 84.668 (83.105)	Prec@5 99.023 (98.796)
Epoch: [38][40/49]	Time 0.310 (0.332)	Speed 3305.693 (3081.753)	Loss 0.4506446719 (0.4816)	Prec@1 84.277 (83.398)	Prec@5 99.219 (98.901)
 * Prec@1 89.090 Prec@5 99.700
 * Prec@1 89.090 Prec@5 99.700
Test: [10/10]	Time 0.159 (0.247)	Speed 6426.081 (4143.175)	Loss 0.3159 (0.3308)	Prec@1 88.138 (89.090)	Prec@5 99.617 (99.700)
 * Prec@1 89.090 Prec@5 99.700
 * Prec@1 89.090 Prec@5 99.700
Epoch: [39][10/49]	Time 0.374 (0.374)	Speed 2741.319 (2741.319)	Loss 0.5173754692 (0.5174)	Prec@1 81.543 (81.543)	Prec@5 98.242 (98.242)
Epoch: [39][20/49]	Time 0.310 (0.342)	Speed 3304.234 (2996.569)	Loss 0.4407906532 (0.4791)	Prec@1 85.059 (83.301)	Prec@5 99.023 (98.633)
Epoch: [39][30/49]	Time 0.310 (0.331)	Speed 3305.540 (3092.936)	Loss 0.4494103789 (0.4692)	Prec@1 84.570 (83.724)	Prec@5 99.121 (98.796)
Epoch: [39][40/49]	Time 0.310 (0.326)	Speed 3303.886 (3143.107)	Loss 0.4604174793 (0.4670)	Prec@1 84.961 (84.033)	Prec@5 98.730 (98.779)
 * Prec@1 88.880 Prec@5 99.700
 * Prec@1 88.880 Prec@5 99.700
 * Prec@1 88.880 Prec@5 99.700
Test: [10/10]	Time 0.164 (0.233)	Speed 6260.073 (4397.327)	Loss 0.3181 (0.3329)	Prec@1 87.628 (88.880)	Prec@5 100.000 (99.700)
 * Prec@1 88.880 Prec@5 99.700
Epoch: [40][10/49]	Time 0.418 (0.418)	Speed 2451.947 (2451.947)	Loss 0.4692159295 (0.4692)	Prec@1 83.789 (83.789)	Prec@5 98.828 (98.828)
Epoch: [40][20/49]	Time 0.310 (0.364)	Speed 3303.179 (2814.610)	Loss 0.4489414394 (0.4591)	Prec@1 85.254 (84.521)	Prec@5 99.512 (99.170)
Epoch: [40][30/49]	Time 0.310 (0.346)	Speed 3304.827 (2961.016)	Loss 0.4044732451 (0.4409)	Prec@1 85.742 (84.928)	Prec@5 99.414 (99.251)
Epoch: [40][40/49]	Time 0.310 (0.337)	Speed 3303.104 (3039.719)	Loss 0.4536546767 (0.4441)	Prec@1 84.668 (84.863)	Prec@5 98.828 (99.146)
Test: [10/10]	Time 0.165 (0.224)	Speed 6195.293 (4566.198)	Loss 0.2963 (0.3375)	Prec@1 88.776 (88.910)	Prec@5 99.872 (99.750)
 * Prec@1 88.910 Prec@5 99.750
 * Prec@1 88.910 Prec@5 99.750
 * Prec@1 88.910 Prec@5 99.750
 * Prec@1 88.910 Prec@5 99.750
Epoch: [41][10/49]	Time 0.398 (0.398)	Speed 2575.735 (2575.735)	Loss 0.4901838303 (0.4902)	Prec@1 82.715 (82.715)	Prec@5 97.949 (97.949)
Epoch: [41][20/49]	Time 0.310 (0.354)	Speed 3304.864 (2895.098)	Loss 0.4400440454 (0.4651)	Prec@1 85.254 (83.984)	Prec@5 99.121 (98.535)
Epoch: [41][30/49]	Time 0.310 (0.339)	Speed 3304.908 (3019.922)	Loss 0.4438150823 (0.4580)	Prec@1 83.691 (83.887)	Prec@5 98.828 (98.633)
Epoch: [41][40/49]	Time 0.310 (0.332)	Speed 3304.289 (3086.324)	Loss 0.4650335908 (0.4598)	Prec@1 84.277 (83.984)	Prec@5 98.828 (98.682)
Test: [10/10]	Time 0.167 (0.226)	Speed 6117.838 (4535.792)	Loss 0.3315 (0.3343)	Prec@1 87.628 (89.230)	Prec@5 99.872 (99.750)
 * Prec@1 89.230 Prec@5 99.750
 * Prec@1 89.230 Prec@5 99.750
 * Prec@1 89.230 Prec@5 99.750
 * Prec@1 89.230 Prec@5 99.750
Epoch: [42][10/49]	Time 0.389 (0.389)	Speed 2632.854 (2632.854)	Loss 0.4328711629 (0.4329)	Prec@1 84.277 (84.277)	Prec@5 99.512 (99.512)
Epoch: [42][20/49]	Time 0.310 (0.349)	Speed 3304.773 (2930.795)	Loss 0.4596934021 (0.4463)	Prec@1 84.277 (84.277)	Prec@5 98.633 (99.072)
Epoch: [42][30/49]	Time 0.310 (0.336)	Speed 3304.744 (3045.673)	Loss 0.4504961371 (0.4477)	Prec@1 84.668 (84.408)	Prec@5 99.121 (99.089)
Epoch: [42][40/49]	Time 0.310 (0.330)	Speed 3304.527 (3106.509)	Loss 0.4706290662 (0.4534)	Prec@1 83.105 (84.082)	Prec@5 98.633 (98.975)
Test: [10/10]	Time 0.177 (0.236)	Speed 5770.114 (4332.461)	Loss 0.2999 (0.3267)	Prec@1 88.903 (89.520)	Prec@5 99.617 (99.640)
 * Prec@1 89.520 Prec@5 99.640
 * Prec@1 89.520 Prec@5 99.640
 * Prec@1 89.520 Prec@5 99.640
 * Prec@1 89.520 Prec@5 99.640
Epoch: [43][10/49]	Time 0.384 (0.384)	Speed 2663.680 (2663.680)	Loss 0.4332281947 (0.4332)	Prec@1 83.691 (83.691)	Prec@5 99.121 (99.121)
Epoch: [43][20/49]	Time 0.310 (0.347)	Speed 3305.183 (2949.959)	Loss 0.4680998325 (0.4507)	Prec@1 84.668 (84.180)	Prec@5 98.535 (98.828)
Epoch: [43][30/49]	Time 0.310 (0.335)	Speed 3306.213 (3059.862)	Loss 0.4377449155 (0.4464)	Prec@1 84.375 (84.245)	Prec@5 99.023 (98.893)
Epoch: [43][40/49]	Time 0.310 (0.328)	Speed 3303.342 (3117.304)	Loss 0.4029033482 (0.4355)	Prec@1 84.766 (84.375)	Prec@5 99.023 (98.926)
Test: [10/10]	Time 0.161 (0.231)	Speed 6352.919 (4427.182)	Loss 0.3109 (0.3287)	Prec@1 88.393 (89.390)	Prec@5 100.000 (99.740)
 * Prec@1 89.390 Prec@5 99.740
 * Prec@1 89.390 Prec@5 99.740
 * Prec@1 89.390 Prec@5 99.740
 * Prec@1 89.390 Prec@5 99.740
Epoch: [44][10/49]	Time 0.407 (0.407)	Speed 2513.114 (2513.114)	Loss 0.4580732286 (0.4581)	Prec@1 84.180 (84.180)	Prec@5 98.926 (98.926)
Epoch: [44][20/49]	Time 0.310 (0.359)	Speed 3304.129 (2854.841)	Loss 0.4389666319 (0.4485)	Prec@1 85.449 (84.814)	Prec@5 98.438 (98.682)
Epoch: [44][30/49]	Time 0.310 (0.342)	Speed 3304.569 (2990.503)	Loss 0.4355454147 (0.4442)	Prec@1 84.570 (84.733)	Prec@5 98.633 (98.665)
Epoch: [44][40/49]	Time 0.310 (0.334)	Speed 3304.197 (3063.207)	Loss 0.4543777704 (0.4467)	Prec@1 83.203 (84.351)	Prec@5 98.828 (98.706)
 * Prec@1 89.210 Prec@5 99.690
Test: [10/10]	Time 0.168 (0.235)	Speed 6095.550 (4353.047)	Loss 0.3181 (0.3461)	Prec@1 88.903 (89.210)	Prec@5 99.872 (99.690)
 * Prec@1 89.210 Prec@5 99.690
 * Prec@1 89.210 Prec@5 99.690
 * Prec@1 89.210 Prec@5 99.690
Epoch: [45][10/49]	Time 0.409 (0.409)	Speed 2506.580 (2506.580)	Loss 0.4631754756 (0.4632)	Prec@1 84.766 (84.766)	Prec@5 99.121 (99.121)
Epoch: [45][20/49]	Time 0.310 (0.359)	Speed 3305.781 (2851.235)	Loss 0.4656422734 (0.4644)	Prec@1 83.105 (83.936)	Prec@5 98.730 (98.926)
Epoch: [45][30/49]	Time 0.310 (0.343)	Speed 3305.031 (2987.990)	Loss 0.4386093318 (0.4558)	Prec@1 84.863 (84.245)	Prec@5 99.219 (99.023)
Epoch: [45][40/49]	Time 0.310 (0.335)	Speed 3303.491 (3061.077)	Loss 0.4766417146 (0.4610)	Prec@1 83.105 (83.960)	Prec@5 98.438 (98.877)
 * Prec@1 89.190 Prec@5 99.740
 * Prec@1 89.190 Prec@5 99.740
 * Prec@1 89.190 Prec@5 99.740
Test: [10/10]	Time 0.155 (0.234)	Speed 6587.504 (4369.168)	Loss 0.3031 (0.3449)	Prec@1 87.883 (89.190)	Prec@5 100.000 (99.740)
 * Prec@1 89.190 Prec@5 99.740
Epoch: [46][10/49]	Time 0.406 (0.406)	Speed 2524.573 (2524.573)	Loss 0.4326451123 (0.4326)	Prec@1 84.277 (84.277)	Prec@5 99.023 (99.023)
Epoch: [46][20/49]	Time 0.310 (0.358)	Speed 3304.485 (2862.354)	Loss 0.4414396882 (0.4370)	Prec@1 84.375 (84.326)	Prec@5 99.023 (99.023)
Epoch: [46][30/49]	Time 0.310 (0.342)	Speed 3304.970 (2996.105)	Loss 0.4380478859 (0.4374)	Prec@1 85.059 (84.570)	Prec@5 98.828 (98.958)
Epoch: [46][40/49]	Time 0.310 (0.334)	Speed 3305.560 (3067.906)	Loss 0.4511070251 (0.4408)	Prec@1 85.059 (84.692)	Prec@5 98.730 (98.901)
Test: [10/10]	Time 0.158 (0.230)	Speed 6499.323 (4443.394)	Loss 0.3197 (0.3429)	Prec@1 87.883 (89.160)	Prec@5 99.617 (99.700)
 * Prec@1 89.160 Prec@5 99.700
 * Prec@1 89.160 Prec@5 99.700
 * Prec@1 89.160 Prec@5 99.700
 * Prec@1 89.160 Prec@5 99.700
Epoch: [47][10/49]	Time 0.399 (0.399)	Speed 2566.744 (2566.744)	Loss 0.4863930345 (0.4864)	Prec@1 82.422 (82.422)	Prec@5 97.852 (97.852)
Epoch: [47][20/49]	Time 0.310 (0.354)	Speed 3305.951 (2889.825)	Loss 0.4402297139 (0.4633)	Prec@1 84.082 (83.252)	Prec@5 98.828 (98.340)
Epoch: [47][30/49]	Time 0.310 (0.340)	Speed 3304.013 (3015.846)	Loss 0.4445751905 (0.4571)	Prec@1 84.277 (83.594)	Prec@5 98.828 (98.503)
Epoch: [47][40/49]	Time 0.310 (0.332)	Speed 3303.934 (3083.053)	Loss 0.4286365509 (0.4500)	Prec@1 85.059 (83.960)	Prec@5 99.219 (98.682)
 * Prec@1 89.390 Prec@5 99.730
 * Prec@1 89.390 Prec@5 99.730
 * Prec@1 89.390 Prec@5 99.730
Test: [10/10]	Time 0.161 (0.236)	Speed 6353.211 (4335.940)	Loss 0.2944 (0.3524)	Prec@1 90.179 (89.390)	Prec@5 99.745 (99.730)
 * Prec@1 89.390 Prec@5 99.730
Epoch: [48][10/49]	Time 0.403 (0.403)	Speed 2543.148 (2543.148)	Loss 0.4259914458 (0.4260)	Prec@1 84.766 (84.766)	Prec@5 99.023 (99.023)
Epoch: [48][20/49]	Time 0.310 (0.356)	Speed 3304.521 (2874.269)	Loss 0.4474865198 (0.4367)	Prec@1 82.520 (83.643)	Prec@5 99.414 (99.219)
Epoch: [48][30/49]	Time 0.310 (0.341)	Speed 3305.358 (3004.903)	Loss 0.4335581958 (0.4357)	Prec@1 84.668 (83.984)	Prec@5 98.926 (99.121)
Epoch: [48][40/49]	Time 0.310 (0.333)	Speed 3305.224 (3074.748)	Loss 0.4215673208 (0.4322)	Prec@1 85.059 (84.253)	Prec@5 98.926 (99.072)
 * Prec@1 89.500 Prec@5 99.740
 * Prec@1 89.500 Prec@5 99.740
 * Prec@1 89.500 Prec@5 99.740
Test: [10/10]	Time 0.183 (0.243)	Speed 5580.554 (4222.151)	Loss 0.3240 (0.3424)	Prec@1 89.031 (89.500)	Prec@5 100.000 (99.740)
 * Prec@1 89.500 Prec@5 99.740
Epoch: [49][10/49]	Time 0.403 (0.403)	Speed 2541.872 (2541.872)	Loss 0.4179878831 (0.4180)	Prec@1 84.961 (84.961)	Prec@5 99.512 (99.512)
Epoch: [49][20/49]	Time 0.310 (0.356)	Speed 3304.177 (2873.324)	Loss 0.4304107428 (0.4242)	Prec@1 84.082 (84.521)	Prec@5 98.926 (99.219)
Epoch: [49][30/49]	Time 0.310 (0.341)	Speed 3304.548 (3003.991)	Loss 0.4385338426 (0.4290)	Prec@1 83.691 (84.245)	Prec@5 99.121 (99.186)
Epoch: [49][40/49]	Time 0.310 (0.333)	Speed 3302.991 (3073.549)	Loss 0.4284180999 (0.4288)	Prec@1 84.863 (84.399)	Prec@5 98.730 (99.072)
Test: [10/10]	Time 0.158 (0.227)	Speed 6461.269 (4501.377)	Loss 0.3424 (0.3495)	Prec@1 88.138 (89.220)	Prec@5 99.745 (99.710)
 * Prec@1 89.220 Prec@5 99.710
 * Prec@1 89.220 Prec@5 99.710
 * Prec@1 89.220 Prec@5 99.710
 * Prec@1 89.220 Prec@5 99.710
