opt_level = O1
keep_batchnorm_fp32 = None <class 'NoneType'>
loss_scale = None <class 'NoneType'>

CUDNN VERSION: 7600

opt_level = O1
keep_batchnorm_fp32 = None <class 'NoneType'>
loss_scale = None <class 'NoneType'>

CUDNN VERSION: 7600

opt_level = O1
keep_batchnorm_fp32 = None <class 'NoneType'>
loss_scale = None <class 'NoneType'>

CUDNN VERSION: 7600

opt_level = O1
keep_batchnorm_fp32 = None <class 'NoneType'>
loss_scale = None <class 'NoneType'>

CUDNN VERSION: 7600

=> creating model 'resnet50'
=> creating model 'resnet50'
=> creating model 'resnet50'
=> creating model 'resnet50'
Selected optimization level O1:  Insert automatic casts around Pytorch functions and Tensor methods.

Defaults for this optimization level are:
enabled                : True
opt_level              : O1
cast_model_type        : None
patch_torch_functions  : True
keep_batchnorm_fp32    : None
master_weights         : None
loss_scale             : dynamic
Processing user overrides (additional kwargs that are not None)...
After processing overrides, optimization options are:
enabled                : True
opt_level              : O1
cast_model_type        : None
patch_torch_functions  : True
keep_batchnorm_fp32    : None
master_weights         : None
loss_scale             : dynamic
Files already downloaded and verified
Files already downloaded and verified
Files already downloaded and verified
Files already downloaded and verified
Files already downloaded and verified
Files already downloaded and verified
Files already downloaded and verified
Files already downloaded and verified
Gradient overflow.  Skipping step, loss scaler 0 reducing loss scale to 32768.0
Gradient overflow.  Skipping step, loss scaler 0 reducing loss scale to 32768.0
Gradient overflow.  Skipping step, loss scaler 0 reducing loss scale to 32768.0
Gradient overflow.  Skipping step, loss scaler 0 reducing loss scale to 32768.0
Gradient overflow.  Skipping step, loss scaler 0 reducing loss scale to 16384.0
Gradient overflow.  Skipping step, loss scaler 0 reducing loss scale to 16384.0
Gradient overflow.  Skipping step, loss scaler 0 reducing loss scale to 16384.0
Gradient overflow.  Skipping step, loss scaler 0 reducing loss scale to 16384.0
Gradient overflow.  Skipping step, loss scaler 0 reducing loss scale to 8192.0
Gradient overflow.  Skipping step, loss scaler 0 reducing loss scale to 8192.0
Gradient overflow.  Skipping step, loss scaler 0 reducing loss scale to 8192.0
Gradient overflow.  Skipping step, loss scaler 0 reducing loss scale to 8192.0
/opt/conda/lib/python3.6/site-packages/torch/distributed/distributed_c10d.py:100: UserWarning: torch.distributed.reduce_op is deprecated, please use torch.distributed.ReduceOp instead
  warnings.warn("torch.distributed.reduce_op is deprecated, please use "
/opt/conda/lib/python3.6/site-packages/torch/distributed/distributed_c10d.py:100: UserWarning: torch.distributed.reduce_op is deprecated, please use torch.distributed.ReduceOp instead
  warnings.warn("torch.distributed.reduce_op is deprecated, please use "
/opt/conda/lib/python3.6/site-packages/torch/distributed/distributed_c10d.py:100: UserWarning: torch.distributed.reduce_op is deprecated, please use torch.distributed.ReduceOp instead
  warnings.warn("torch.distributed.reduce_op is deprecated, please use "
/opt/conda/lib/python3.6/site-packages/torch/distributed/distributed_c10d.py:100: UserWarning: torch.distributed.reduce_op is deprecated, please use torch.distributed.ReduceOp instead
  warnings.warn("torch.distributed.reduce_op is deprecated, please use "
Epoch: [0][10/49]	Time 1.365 (1.365)	Speed 749.914 (749.914)	Loss 2.8841412067 (2.8841)	Prec@1 12.402 (12.402)	Prec@5 51.367 (51.367)
Epoch: [0][20/49]	Time 0.361 (0.863)	Speed 2835.804 (1186.156)	Loss 8.3584356308 (5.6213)	Prec@1 11.035 (11.719)	Prec@5 49.414 (50.391)
Epoch: [0][30/49]	Time 0.346 (0.691)	Speed 2960.343 (1482.273)	Loss 2.9981155396 (4.7469)	Prec@1 9.961 (11.133)	Prec@5 48.047 (49.609)
Epoch: [0][40/49]	Time 0.355 (0.607)	Speed 2880.813 (1687.022)	Loss 2.6597418785 (4.2251)	Prec@1 11.133 (11.133)	Prec@5 51.758 (50.146)
Test: [10/10]	Time 2.346 (0.440)	Speed 436.580 (2325.221)	Loss 26.4449 (25.1228)	Prec@1 12.628 (10.790)	Prec@5 52.806 (51.820)
 * Prec@1 10.790 Prec@5 51.820
 * Prec@1 10.790 Prec@5 51.820
 * Prec@1 10.790 Prec@5 51.820
 * Prec@1 10.790 Prec@5 51.820
Epoch: [1][10/49]	Time 0.405 (0.405)	Speed 2526.839 (2526.839)	Loss 2.2809667587 (2.2810)	Prec@1 16.211 (16.211)	Prec@5 62.793 (62.793)
Epoch: [1][20/49]	Time 0.359 (0.382)	Speed 2848.939 (2678.239)	Loss 2.0843911171 (2.1827)	Prec@1 20.117 (18.164)	Prec@5 72.266 (67.529)
Epoch: [1][30/49]	Time 0.359 (0.375)	Speed 2848.474 (2732.678)	Loss 2.0188939571 (2.1281)	Prec@1 22.461 (19.596)	Prec@5 77.734 (70.931)
Epoch: [1][40/49]	Time 0.368 (0.373)	Speed 2781.795 (2744.794)	Loss 2.0263383389 (2.1026)	Prec@1 23.828 (20.654)	Prec@5 77.734 (72.632)
 * Prec@1 26.570 Prec@5 81.550
 * Prec@1 26.570 Prec@5 81.550
 * Prec@1 26.570 Prec@5 81.550
Test: [10/10]	Time 0.148 (0.228)	Speed 6935.981 (4486.675)	Loss 1.9549 (1.9776)	Prec@1 24.872 (26.570)	Prec@5 81.633 (81.550)
 * Prec@1 26.570 Prec@5 81.550
Epoch: [2][10/49]	Time 0.399 (0.399)	Speed 2564.597 (2564.597)	Loss 1.9639970064 (1.9640)	Prec@1 25.098 (25.098)	Prec@5 78.906 (78.906)
Epoch: [2][20/49]	Time 0.358 (0.379)	Speed 2860.984 (2704.695)	Loss 1.8979468346 (1.9310)	Prec@1 27.441 (26.270)	Prec@5 84.473 (81.689)
Epoch: [2][30/49]	Time 0.354 (0.370)	Speed 2894.046 (2764.997)	Loss 1.8648769855 (1.9089)	Prec@1 31.543 (28.027)	Prec@5 85.254 (82.878)
Epoch: [2][40/49]	Time 0.356 (0.367)	Speed 2873.418 (2791.328)	Loss 1.8350230455 (1.8905)	Prec@1 30.371 (28.613)	Prec@5 86.035 (83.667)
Test: [10/10]	Time 0.180 (0.227)	Speed 5685.987 (4502.979)	Loss 1.7288 (1.7536)	Prec@1 34.056 (33.850)	Prec@5 90.434 (88.070)
 * Prec@1 33.850 Prec@5 88.070
 * Prec@1 33.850 Prec@5 88.070
 * Prec@1 33.850 Prec@5 88.070
 * Prec@1 33.850 Prec@5 88.070
Epoch: [3][10/49]	Time 0.406 (0.406)	Speed 2524.283 (2524.283)	Loss 1.8256067038 (1.8256)	Prec@1 30.176 (30.176)	Prec@5 85.840 (85.840)
Epoch: [3][20/49]	Time 0.360 (0.383)	Speed 2843.862 (2674.560)	Loss 1.7652499676 (1.7954)	Prec@1 31.934 (31.055)	Prec@5 87.695 (86.768)
Epoch: [3][30/49]	Time 0.352 (0.373)	Speed 2907.630 (2747.984)	Loss 1.8088704348 (1.7999)	Prec@1 29.688 (30.599)	Prec@5 85.938 (86.491)
Epoch: [3][40/49]	Time 0.369 (0.372)	Speed 2771.790 (2753.897)	Loss 1.8224163055 (1.8055)	Prec@1 32.520 (31.079)	Prec@5 85.547 (86.255)
Test: [10/10]	Time 0.167 (0.221)	Speed 6121.361 (4623.905)	Loss 1.6245 (1.6336)	Prec@1 39.158 (39.170)	Prec@5 90.816 (90.130)
 * Prec@1 39.170 Prec@5 90.130
 * Prec@1 39.170 Prec@5 90.130
 * Prec@1 39.170 Prec@5 90.130
 * Prec@1 39.170 Prec@5 90.130
Epoch: [4][10/49]	Time 0.414 (0.414)	Speed 2475.005 (2475.005)	Loss 1.7539327145 (1.7539)	Prec@1 33.887 (33.887)	Prec@5 87.012 (87.012)
Epoch: [4][20/49]	Time 0.369 (0.391)	Speed 2778.587 (2618.025)	Loss 1.7504506111 (1.7522)	Prec@1 37.500 (35.693)	Prec@5 86.523 (86.768)
Epoch: [4][30/49]	Time 0.366 (0.383)	Speed 2795.778 (2674.710)	Loss 1.7359040976 (1.7468)	Prec@1 35.645 (35.677)	Prec@5 87.500 (87.012)
Epoch: [4][40/49]	Time 0.359 (0.377)	Speed 2850.053 (2716.491)	Loss 1.7283926010 (1.7422)	Prec@1 35.059 (35.522)	Prec@5 87.109 (87.036)
Test: [10/10]	Time 0.150 (0.228)	Speed 6830.516 (4486.132)	Loss 1.5099 (1.5253)	Prec@1 42.602 (44.160)	Prec@5 93.112 (91.930)
 * Prec@1 44.160 Prec@5 91.930
 * Prec@1 44.160 Prec@5 91.930
 * Prec@1 44.160 Prec@5 91.930
 * Prec@1 44.160 Prec@5 91.930
Epoch: [5][10/49]	Time 0.409 (0.409)	Speed 2505.712 (2505.712)	Loss 1.6500225067 (1.6500)	Prec@1 37.109 (37.109)	Prec@5 89.160 (89.160)
Epoch: [5][20/49]	Time 0.360 (0.384)	Speed 2847.328 (2665.620)	Loss 1.7464358807 (1.6982)	Prec@1 37.598 (37.354)	Prec@5 86.621 (87.891)
Epoch: [5][30/49]	Time 0.360 (0.376)	Speed 2844.928 (2722.824)	Loss 1.6238002777 (1.6734)	Prec@1 42.773 (39.160)	Prec@5 87.891 (87.891)
Epoch: [5][40/49]	Time 0.364 (0.373)	Speed 2814.016 (2745.063)	Loss 1.6176712513 (1.6595)	Prec@1 42.969 (40.112)	Prec@5 87.891 (87.891)
Test: [10/10]	Time 0.157 (0.231)	Speed 6521.389 (4436.873)	Loss 1.4976 (1.4574)	Prec@1 41.327 (44.570)	Prec@5 94.515 (93.510)
 * Prec@1 44.570 Prec@5 93.510
 * Prec@1 44.570 Prec@5 93.510
 * Prec@1 44.570 Prec@5 93.510
 * Prec@1 44.570 Prec@5 93.510
Epoch: [6][10/49]	Time 0.399 (0.399)	Speed 2563.634 (2563.634)	Loss 1.4846583605 (1.4847)	Prec@1 46.875 (46.875)	Prec@5 91.016 (91.016)
Epoch: [6][20/49]	Time 0.357 (0.378)	Speed 2871.663 (2708.920)	Loss 1.5490485430 (1.5169)	Prec@1 44.824 (45.850)	Prec@5 89.551 (90.283)
Epoch: [6][30/49]	Time 0.357 (0.371)	Speed 2867.479 (2759.788)	Loss 1.4880180359 (1.5072)	Prec@1 46.094 (45.931)	Prec@5 91.406 (90.658)
Epoch: [6][40/49]	Time 0.361 (0.368)	Speed 2840.317 (2779.489)	Loss 1.4403007030 (1.4905)	Prec@1 48.145 (46.484)	Prec@5 91.797 (90.942)
Test: [10/10]	Time 0.162 (0.217)	Speed 6338.649 (4724.268)	Loss 1.3803 (1.3368)	Prec@1 49.745 (52.700)	Prec@5 93.495 (93.930)
 * Prec@1 52.700 Prec@5 93.930
 * Prec@1 52.700 Prec@5 93.930
 * Prec@1 52.700 Prec@5 93.930
 * Prec@1 52.700 Prec@5 93.930
Epoch: [7][10/49]	Time 0.401 (0.401)	Speed 2555.920 (2555.920)	Loss 1.4367648363 (1.4368)	Prec@1 49.316 (49.316)	Prec@5 90.820 (90.820)
Epoch: [7][20/49]	Time 0.366 (0.383)	Speed 2800.187 (2672.484)	Loss 1.4478898048 (1.4423)	Prec@1 47.266 (48.291)	Prec@5 92.383 (91.602)
Epoch: [7][30/49]	Time 0.351 (0.373)	Speed 2915.438 (2748.841)	Loss 1.3553813696 (1.4133)	Prec@1 50.098 (48.893)	Prec@5 93.555 (92.253)
Epoch: [7][40/49]	Time 0.353 (0.368)	Speed 2898.012 (2784.675)	Loss 1.4331407547 (1.4183)	Prec@1 48.145 (48.706)	Prec@5 92.578 (92.334)
Test: [10/10]	Time 0.154 (0.222)	Speed 6654.160 (4612.073)	Loss 1.3008 (1.2751)	Prec@1 53.189 (53.230)	Prec@5 95.026 (94.820)
 * Prec@1 53.230 Prec@5 94.820
 * Prec@1 53.230 Prec@5 94.820
 * Prec@1 53.230 Prec@5 94.820
 * Prec@1 53.230 Prec@5 94.820
Epoch: [8][10/49]	Time 0.405 (0.405)	Speed 2528.044 (2528.044)	Loss 1.3015447855 (1.3015)	Prec@1 53.516 (53.516)	Prec@5 94.238 (94.238)
Epoch: [8][20/49]	Time 0.364 (0.385)	Speed 2809.951 (2661.554)	Loss 1.2563638687 (1.2790)	Prec@1 53.516 (53.516)	Prec@5 94.922 (94.580)
Epoch: [8][30/49]	Time 0.357 (0.376)	Speed 2865.580 (2726.256)	Loss 1.3540185690 (1.3040)	Prec@1 52.051 (53.027)	Prec@5 92.383 (93.848)
Epoch: [8][40/49]	Time 0.367 (0.373)	Speed 2793.159 (2742.679)	Loss 1.2340718508 (1.2865)	Prec@1 53.223 (53.076)	Prec@5 95.508 (94.263)
Test: [10/10]	Time 0.179 (0.223)	Speed 5732.332 (4599.831)	Loss 1.1494 (1.1086)	Prec@1 57.526 (59.390)	Prec@5 95.536 (96.270)
 * Prec@1 59.390 Prec@5 96.270
 * Prec@1 59.390 Prec@5 96.270
 * Prec@1 59.390 Prec@5 96.270
 * Prec@1 59.390 Prec@5 96.270
Epoch: [9][10/49]	Time 0.424 (0.424)	Speed 2412.519 (2412.519)	Loss 1.2180014849 (1.2180)	Prec@1 56.836 (56.836)	Prec@5 93.848 (93.848)
Epoch: [9][20/49]	Time 0.355 (0.390)	Speed 2884.132 (2627.329)	Loss 1.2411763668 (1.2296)	Prec@1 56.055 (56.445)	Prec@5 94.629 (94.238)
Epoch: [9][30/49]	Time 0.357 (0.379)	Speed 2868.316 (2703.029)	Loss 1.2182792425 (1.2258)	Prec@1 56.641 (56.510)	Prec@5 93.750 (94.076)
Epoch: [9][40/49]	Time 0.360 (0.374)	Speed 2841.504 (2736.367)	Loss 1.2041788101 (1.2204)	Prec@1 56.934 (56.616)	Prec@5 94.434 (94.165)
Test: [10/10]	Time 0.160 (0.220)	Speed 6386.046 (4655.245)	Loss 1.0432 (1.0320)	Prec@1 62.117 (62.670)	Prec@5 97.066 (96.770)
 * Prec@1 62.670 Prec@5 96.770
 * Prec@1 62.670 Prec@5 96.770
 * Prec@1 62.670 Prec@5 96.770
 * Prec@1 62.670 Prec@5 96.770
Epoch: [10][10/49]	Time 0.396 (0.396)	Speed 2585.976 (2585.976)	Loss 1.1958901882 (1.1959)	Prec@1 58.594 (58.594)	Prec@5 94.922 (94.922)
Epoch: [10][20/49]	Time 0.347 (0.372)	Speed 2947.113 (2754.759)	Loss 1.1427487135 (1.1693)	Prec@1 57.910 (58.252)	Prec@5 95.410 (95.166)
Epoch: [10][30/49]	Time 0.362 (0.368)	Speed 2831.500 (2779.873)	Loss 1.1095843315 (1.1494)	Prec@1 62.402 (59.635)	Prec@5 95.312 (95.215)
Epoch: [10][40/49]	Time 0.349 (0.364)	Speed 2930.231 (2815.997)	Loss 1.0217230320 (1.1175)	Prec@1 64.258 (60.791)	Prec@5 96.973 (95.654)
 * Prec@1 68.820 Prec@5 97.180
 * Prec@1 68.820 Prec@5 97.180
Test: [10/10]	Time 0.172 (0.227)	Speed 5952.435 (4518.222)	Loss 0.8651 (0.8862)	Prec@1 70.153 (68.820)	Prec@5 96.811 (97.180)
 * Prec@1 68.820 Prec@5 97.180
 * Prec@1 68.820 Prec@5 97.180
Epoch: [11][10/49]	Time 0.404 (0.404)	Speed 2532.825 (2532.825)	Loss 1.1802666187 (1.1803)	Prec@1 56.445 (56.445)	Prec@5 94.629 (94.629)
Epoch: [11][20/49]	Time 0.363 (0.384)	Speed 2817.898 (2667.768)	Loss 1.0727730989 (1.1265)	Prec@1 62.793 (59.619)	Prec@5 95.215 (94.922)
Epoch: [11][30/49]	Time 0.360 (0.376)	Speed 2847.476 (2725.096)	Loss 1.1398210526 (1.1310)	Prec@1 60.547 (59.928)	Prec@5 94.922 (94.922)
Epoch: [11][40/49]	Time 0.357 (0.371)	Speed 2870.553 (2760.060)	Loss 1.0231614113 (1.1040)	Prec@1 63.379 (60.791)	Prec@5 96.387 (95.288)
Test: [10/10]	Time 0.178 (0.237)	Speed 5749.191 (4325.569)	Loss 0.8485 (0.8534)	Prec@1 70.153 (69.600)	Prec@5 97.832 (97.750)
 * Prec@1 69.600 Prec@5 97.750
 * Prec@1 69.600 Prec@5 97.750
 * Prec@1 69.600 Prec@5 97.750
 * Prec@1 69.600 Prec@5 97.750
Epoch: [12][10/49]	Time 0.416 (0.416)	Speed 2463.157 (2463.157)	Loss 1.0385142565 (1.0385)	Prec@1 64.746 (64.746)	Prec@5 95.312 (95.312)
Epoch: [12][20/49]	Time 0.350 (0.383)	Speed 2924.359 (2674.017)	Loss 0.9950591326 (1.0168)	Prec@1 64.941 (64.844)	Prec@5 96.875 (96.094)
Epoch: [12][30/49]	Time 0.349 (0.372)	Speed 2930.702 (2754.433)	Loss 1.0053572655 (1.0130)	Prec@1 65.039 (64.909)	Prec@5 95.898 (96.029)
Epoch: [12][40/49]	Time 0.368 (0.371)	Speed 2785.036 (2762.020)	Loss 1.0395299196 (1.0196)	Prec@1 63.184 (64.478)	Prec@5 95.312 (95.850)
Test: [10/10]	Time 0.153 (0.223)	Speed 6704.057 (4582.556)	Loss 0.8376 (0.8433)	Prec@1 70.791 (69.520)	Prec@5 98.342 (98.070)
 * Prec@1 69.520 Prec@5 98.070
 * Prec@1 69.520 Prec@5 98.070
 * Prec@1 69.520 Prec@5 98.070
 * Prec@1 69.520 Prec@5 98.070
Epoch: [13][10/49]	Time 0.455 (0.455)	Speed 2251.246 (2251.246)	Loss 0.9439277649 (0.9439)	Prec@1 65.332 (65.332)	Prec@5 97.363 (97.363)
Epoch: [13][20/49]	Time 0.354 (0.405)	Speed 2888.905 (2530.523)	Loss 1.0556491613 (0.9998)	Prec@1 63.379 (64.355)	Prec@5 95.410 (96.387)
Epoch: [13][30/49]	Time 0.360 (0.390)	Speed 2846.649 (2627.797)	Loss 0.9354166389 (0.9783)	Prec@1 68.750 (65.820)	Prec@5 96.875 (96.549)
Epoch: [13][40/49]	Time 0.374 (0.386)	Speed 2736.625 (2654.184)	Loss 0.9380587935 (0.9683)	Prec@1 66.992 (66.113)	Prec@5 95.605 (96.313)
Test: [10/10]	Time 0.154 (0.224)	Speed 6642.120 (4580.093)	Loss 0.7517 (0.7656)	Prec@1 73.724 (73.570)	Prec@5 98.469 (98.350)
 * Prec@1 73.570 Prec@5 98.350
 * Prec@1 73.570 Prec@5 98.350
 * Prec@1 73.570 Prec@5 98.350
 * Prec@1 73.570 Prec@5 98.350
Epoch: [14][10/49]	Time 0.425 (0.425)	Speed 2412.069 (2412.069)	Loss 0.9252414107 (0.9252)	Prec@1 68.164 (68.164)	Prec@5 96.973 (96.973)
Epoch: [14][20/49]	Time 0.356 (0.390)	Speed 2873.356 (2622.583)	Loss 0.9300692677 (0.9277)	Prec@1 66.016 (67.090)	Prec@5 97.168 (97.070)
Epoch: [14][30/49]	Time 0.358 (0.380)	Speed 2859.423 (2697.046)	Loss 0.9659134746 (0.9404)	Prec@1 65.527 (66.569)	Prec@5 95.117 (96.419)
Epoch: [14][40/49]	Time 0.360 (0.375)	Speed 2843.025 (2732.117)	Loss 0.9027091861 (0.9310)	Prec@1 68.945 (67.163)	Prec@5 97.266 (96.631)
Test: [10/10]	Time 0.152 (0.219)	Speed 6718.434 (4671.623)	Loss 0.7089 (0.7415)	Prec@1 75.383 (74.590)	Prec@5 99.362 (98.110)
 * Prec@1 74.590 Prec@5 98.110
 * Prec@1 74.590 Prec@5 98.110
 * Prec@1 74.590 Prec@5 98.110
 * Prec@1 74.590 Prec@5 98.110
Epoch: [15][10/49]	Time 0.400 (0.400)	Speed 2557.636 (2557.636)	Loss 0.8937863708 (0.8938)	Prec@1 68.848 (68.848)	Prec@5 96.289 (96.289)
Epoch: [15][20/49]	Time 0.360 (0.380)	Speed 2843.710 (2693.098)	Loss 0.8673435450 (0.8806)	Prec@1 70.801 (69.824)	Prec@5 96.387 (96.338)
Epoch: [15][30/49]	Time 0.358 (0.373)	Speed 2856.520 (2745.454)	Loss 0.8675755262 (0.8762)	Prec@1 70.605 (70.085)	Prec@5 97.070 (96.582)
Epoch: [15][40/49]	Time 0.358 (0.369)	Speed 2857.261 (2772.577)	Loss 0.8870313168 (0.8789)	Prec@1 68.945 (69.800)	Prec@5 97.168 (96.729)
Test: [10/10]	Time 0.163 (0.234)	Speed 6275.825 (4369.030)	Loss 0.7022 (0.7252)	Prec@1 76.148 (76.460)	Prec@5 98.980 (98.600)
 * Prec@1 76.460 Prec@5 98.600
 * Prec@1 76.460 Prec@5 98.600
 * Prec@1 76.460 Prec@5 98.600
 * Prec@1 76.460 Prec@5 98.600
Epoch: [16][10/49]	Time 0.395 (0.395)	Speed 2591.352 (2591.352)	Loss 0.9272755980 (0.9273)	Prec@1 69.727 (69.727)	Prec@5 96.094 (96.094)
Epoch: [16][20/49]	Time 0.364 (0.379)	Speed 2816.105 (2699.058)	Loss 0.8295720816 (0.8784)	Prec@1 69.922 (69.824)	Prec@5 97.461 (96.777)
Epoch: [16][30/49]	Time 0.356 (0.372)	Speed 2873.168 (2754.701)	Loss 0.8955682516 (0.8841)	Prec@1 68.652 (69.434)	Prec@5 96.777 (96.777)
Epoch: [16][40/49]	Time 0.369 (0.371)	Speed 2777.716 (2760.419)	Loss 0.8441593647 (0.8741)	Prec@1 70.215 (69.629)	Prec@5 97.070 (96.851)
 * Prec@1 78.550 Prec@5 98.820
 * Prec@1 78.550 Prec@5 98.820
 * Prec@1 78.550 Prec@5 98.820
Test: [10/10]	Time 0.163 (0.225)	Speed 6276.705 (4558.856)	Loss 0.5971 (0.6205)	Prec@1 78.699 (78.550)	Prec@5 99.235 (98.820)
 * Prec@1 78.550 Prec@5 98.820
Epoch: [17][10/49]	Time 0.403 (0.403)	Speed 2539.564 (2539.564)	Loss 0.8336241245 (0.8336)	Prec@1 71.191 (71.191)	Prec@5 96.973 (96.973)
Epoch: [17][20/49]	Time 0.356 (0.380)	Speed 2873.976 (2696.441)	Loss 0.8633931875 (0.8485)	Prec@1 69.727 (70.459)	Prec@5 96.973 (96.973)
Epoch: [17][30/49]	Time 0.365 (0.375)	Speed 2804.320 (2731.466)	Loss 0.7865076661 (0.8278)	Prec@1 73.047 (71.322)	Prec@5 98.047 (97.331)
Epoch: [17][40/49]	Time 0.357 (0.370)	Speed 2867.740 (2764.306)	Loss 0.8493577242 (0.8332)	Prec@1 70.898 (71.216)	Prec@5 96.875 (97.217)
 * Prec@1 78.110 Prec@5 98.980
 * Prec@1 78.110 Prec@5 98.980
 * Prec@1 78.110 Prec@5 98.980
Test: [10/10]	Time 0.176 (0.228)	Speed 5824.293 (4492.087)	Loss 0.6454 (0.6306)	Prec@1 78.189 (78.110)	Prec@5 98.980 (98.980)
 * Prec@1 78.110 Prec@5 98.980
Epoch: [18][10/49]	Time 0.424 (0.424)	Speed 2413.772 (2413.772)	Loss 0.7898619771 (0.7899)	Prec@1 71.582 (71.582)	Prec@5 96.777 (96.777)
Epoch: [18][20/49]	Time 0.361 (0.393)	Speed 2833.878 (2607.009)	Loss 0.8286498189 (0.8093)	Prec@1 71.484 (71.533)	Prec@5 97.168 (96.973)
Epoch: [18][30/49]	Time 0.359 (0.382)	Speed 2849.478 (2683.113)	Loss 0.7944384813 (0.8043)	Prec@1 72.461 (71.842)	Prec@5 97.656 (97.201)
Epoch: [18][40/49]	Time 0.359 (0.376)	Speed 2856.186 (2724.385)	Loss 0.8352981210 (0.8121)	Prec@1 70.117 (71.411)	Prec@5 97.852 (97.363)
 * Prec@1 76.840 Prec@5 98.670
Test: [10/10]	Time 0.156 (0.221)	Speed 6564.338 (4626.362)	Loss 0.6771 (0.6654)	Prec@1 76.020 (76.840)	Prec@5 99.490 (98.670)
 * Prec@1 76.840 Prec@5 98.670
 * Prec@1 76.840 Prec@5 98.670
 * Prec@1 76.840 Prec@5 98.670
Epoch: [19][10/49]	Time 0.453 (0.453)	Speed 2262.957 (2262.957)	Loss 0.7368475795 (0.7368)	Prec@1 73.633 (73.633)	Prec@5 97.754 (97.754)
Epoch: [19][20/49]	Time 0.359 (0.406)	Speed 2849.896 (2522.737)	Loss 0.7474341989 (0.7421)	Prec@1 75.098 (74.365)	Prec@5 97.363 (97.559)
Epoch: [19][30/49]	Time 0.359 (0.390)	Speed 2848.469 (2622.709)	Loss 0.7949307561 (0.7597)	Prec@1 72.266 (73.665)	Prec@5 97.656 (97.591)
Epoch: [19][40/49]	Time 0.359 (0.383)	Speed 2849.381 (2675.927)	Loss 0.8205727339 (0.7749)	Prec@1 70.215 (72.803)	Prec@5 97.363 (97.534)
Test: [10/10]	Time 0.166 (0.220)	Speed 6166.801 (4661.272)	Loss 0.5341 (0.5705)	Prec@1 80.740 (80.380)	Prec@5 99.235 (99.030)
 * Prec@1 80.380 Prec@5 99.030
 * Prec@1 80.380 Prec@5 99.030
 * Prec@1 80.380 Prec@5 99.030
 * Prec@1 80.380 Prec@5 99.030
Epoch: [20][10/49]	Time 0.400 (0.400)	Speed 2558.708 (2558.708)	Loss 0.8050156236 (0.8050)	Prec@1 72.754 (72.754)	Prec@5 96.973 (96.973)
Epoch: [20][20/49]	Time 0.363 (0.382)	Speed 2818.485 (2682.322)	Loss 0.7396861315 (0.7724)	Prec@1 73.730 (73.242)	Prec@5 97.559 (97.266)
Epoch: [20][30/49]	Time 0.362 (0.375)	Speed 2831.889 (2730.390)	Loss 0.8092324734 (0.7846)	Prec@1 71.582 (72.689)	Prec@5 97.461 (97.331)
Epoch: [20][40/49]	Time 0.353 (0.370)	Speed 2896.991 (2770.218)	Loss 0.7307588458 (0.7712)	Prec@1 73.633 (72.925)	Prec@5 97.559 (97.388)
Test: [10/10]	Time 0.146 (0.229)	Speed 6993.922 (4472.943)	Loss 0.6452 (0.6150)	Prec@1 78.061 (79.020)	Prec@5 98.980 (99.090)
 * Prec@1 79.020 Prec@5 99.090
 * Prec@1 79.020 Prec@5 99.090
 * Prec@1 79.020 Prec@5 99.090
 * Prec@1 79.020 Prec@5 99.090
Epoch: [21][10/49]	Time 0.440 (0.440)	Speed 2327.708 (2327.708)	Loss 0.6933673024 (0.6934)	Prec@1 76.074 (76.074)	Prec@5 97.852 (97.852)
Epoch: [21][20/49]	Time 0.364 (0.402)	Speed 2811.180 (2546.701)	Loss 0.7342671752 (0.7138)	Prec@1 75.586 (75.830)	Prec@5 97.363 (97.607)
Epoch: [21][30/49]	Time 0.359 (0.388)	Speed 2851.959 (2640.925)	Loss 0.7570886016 (0.7282)	Prec@1 74.121 (75.260)	Prec@5 97.363 (97.526)
Epoch: [21][40/49]	Time 0.363 (0.382)	Speed 2818.452 (2683.176)	Loss 0.7412962914 (0.7315)	Prec@1 74.512 (75.073)	Prec@5 97.852 (97.607)
 * Prec@1 82.290 Prec@5 99.190
 * Prec@1 82.290 Prec@5 99.190
 * Prec@1 82.290 Prec@5 99.190
Test: [10/10]	Time 0.166 (0.236)	Speed 6155.532 (4348.079)	Loss 0.4915 (0.5034)	Prec@1 82.398 (82.290)	Prec@5 99.235 (99.190)
 * Prec@1 82.290 Prec@5 99.190
Epoch: [22][10/49]	Time 0.407 (0.407)	Speed 2516.417 (2516.417)	Loss 0.7153556943 (0.7154)	Prec@1 74.707 (74.707)	Prec@5 98.242 (98.242)
Epoch: [22][20/49]	Time 0.364 (0.386)	Speed 2809.432 (2654.864)	Loss 0.6817454696 (0.6986)	Prec@1 75.488 (75.098)	Prec@5 98.340 (98.291)
Epoch: [22][30/49]	Time 0.362 (0.378)	Speed 2825.901 (2709.528)	Loss 0.6878690720 (0.6950)	Prec@1 75.879 (75.358)	Prec@5 97.461 (98.014)
Epoch: [22][40/49]	Time 0.370 (0.376)	Speed 2767.505 (2723.794)	Loss 0.7586909533 (0.7109)	Prec@1 73.242 (74.829)	Prec@5 97.559 (97.900)
Test: [10/10]	Time 0.162 (0.229)	Speed 6306.807 (4466.826)	Loss 0.5577 (0.5433)	Prec@1 80.102 (81.280)	Prec@5 99.107 (99.260)
 * Prec@1 81.280 Prec@5 99.260
 * Prec@1 81.280 Prec@5 99.260
 * Prec@1 81.280 Prec@5 99.260
 * Prec@1 81.280 Prec@5 99.260
Epoch: [23][10/49]	Time 0.438 (0.438)	Speed 2336.811 (2336.811)	Loss 0.6896777153 (0.6897)	Prec@1 76.367 (76.367)	Prec@5 98.145 (98.145)
Epoch: [23][20/49]	Time 0.370 (0.404)	Speed 2770.438 (2535.216)	Loss 0.7207807302 (0.7052)	Prec@1 75.098 (75.732)	Prec@5 97.363 (97.754)
Epoch: [23][30/49]	Time 0.350 (0.386)	Speed 2929.270 (2654.234)	Loss 0.7464951277 (0.7190)	Prec@1 73.926 (75.130)	Prec@5 97.266 (97.591)
Epoch: [23][40/49]	Time 0.359 (0.379)	Speed 2853.728 (2701.447)	Loss 0.7087426186 (0.7164)	Prec@1 76.074 (75.366)	Prec@5 97.559 (97.583)
Test: [10/10]	Time 0.161 (0.224)	Speed 6357.951 (4576.930)	Loss 0.4434 (0.4800)	Prec@1 84.949 (83.720)	Prec@5 99.617 (99.430)
 * Prec@1 83.720 Prec@5 99.430
 * Prec@1 83.720 Prec@5 99.430
 * Prec@1 83.720 Prec@5 99.430
 * Prec@1 83.720 Prec@5 99.430
Epoch: [24][10/49]	Time 0.407 (0.407)	Speed 2516.078 (2516.078)	Loss 0.7275138497 (0.7275)	Prec@1 75.195 (75.195)	Prec@5 98.145 (98.145)
Epoch: [24][20/49]	Time 0.361 (0.384)	Speed 2840.139 (2668.305)	Loss 0.6947131753 (0.7111)	Prec@1 76.172 (75.684)	Prec@5 98.242 (98.193)
Epoch: [24][30/49]	Time 0.369 (0.379)	Speed 2775.327 (2703.050)	Loss 0.6424278617 (0.6882)	Prec@1 77.930 (76.432)	Prec@5 98.438 (98.275)
Epoch: [24][40/49]	Time 0.353 (0.372)	Speed 2901.751 (2750.130)	Loss 0.6942328811 (0.6897)	Prec@1 75.391 (76.172)	Prec@5 98.145 (98.242)
Test: [10/10]	Time 0.163 (0.226)	Speed 6299.213 (4536.496)	Loss 0.4732 (0.5138)	Prec@1 83.036 (82.360)	Prec@5 99.617 (99.270)
 * Prec@1 82.360 Prec@5 99.270
 * Prec@1 82.360 Prec@5 99.270
 * Prec@1 82.360 Prec@5 99.270
 * Prec@1 82.360 Prec@5 99.270
Epoch: [25][10/49]	Time 0.433 (0.433)	Speed 2362.411 (2362.411)	Loss 0.6527789831 (0.6528)	Prec@1 77.441 (77.441)	Prec@5 98.242 (98.242)
Epoch: [25][20/49]	Time 0.356 (0.395)	Speed 2879.518 (2595.458)	Loss 0.7189170122 (0.6858)	Prec@1 75.586 (76.514)	Prec@5 97.266 (97.754)
Epoch: [25][30/49]	Time 0.364 (0.384)	Speed 2816.523 (2665.187)	Loss 0.6267289519 (0.6661)	Prec@1 77.441 (76.823)	Prec@5 98.242 (97.917)
Epoch: [25][40/49]	Time 0.359 (0.378)	Speed 2849.739 (2709.047)	Loss 0.7403621674 (0.6847)	Prec@1 73.926 (76.099)	Prec@5 98.047 (97.949)
Test: [10/10]	Time 0.148 (0.231)	Speed 6933.002 (4438.621)	Loss 0.7075 (0.6841)	Prec@1 79.719 (78.770)	Prec@5 98.852 (98.860)
 * Prec@1 78.770 Prec@5 98.860
 * Prec@1 78.770 Prec@5 98.860
 * Prec@1 78.770 Prec@5 98.860
 * Prec@1 78.770 Prec@5 98.860
Epoch: [26][10/49]	Time 0.444 (0.444)	Speed 2306.600 (2306.600)	Loss 0.6572545171 (0.6573)	Prec@1 77.148 (77.148)	Prec@5 98.047 (98.047)
Epoch: [26][20/49]	Time 0.366 (0.405)	Speed 2795.148 (2527.482)	Loss 0.7051950693 (0.6812)	Prec@1 75.586 (76.367)	Prec@5 97.656 (97.852)
Epoch: [26][30/49]	Time 0.362 (0.391)	Speed 2827.799 (2620.240)	Loss 0.6761775017 (0.6795)	Prec@1 76.172 (76.302)	Prec@5 98.340 (98.014)
Epoch: [26][40/49]	Time 0.358 (0.383)	Speed 2861.179 (2676.589)	Loss 0.6018450260 (0.6601)	Prec@1 79.688 (77.148)	Prec@5 98.438 (98.120)
Test: [10/10]	Time 0.165 (0.217)	Speed 6214.872 (4725.957)	Loss 0.4282 (0.4486)	Prec@1 84.311 (84.900)	Prec@5 99.745 (99.410)
 * Prec@1 84.900 Prec@5 99.410
 * Prec@1 84.900 Prec@5 99.410
 * Prec@1 84.900 Prec@5 99.410
 * Prec@1 84.900 Prec@5 99.410
Epoch: [27][10/49]	Time 0.414 (0.414)	Speed 2471.259 (2471.259)	Loss 0.5719979405 (0.5720)	Prec@1 78.809 (78.809)	Prec@5 98.535 (98.535)
Epoch: [27][20/49]	Time 0.359 (0.387)	Speed 2854.817 (2649.227)	Loss 0.6491003036 (0.6105)	Prec@1 76.465 (77.637)	Prec@5 98.340 (98.438)
Epoch: [27][30/49]	Time 0.359 (0.377)	Speed 2850.259 (2713.011)	Loss 0.6597855091 (0.6270)	Prec@1 76.855 (77.376)	Prec@5 98.047 (98.307)
Epoch: [27][40/49]	Time 0.355 (0.372)	Speed 2885.251 (2754.114)	Loss 0.6688991189 (0.6374)	Prec@1 76.660 (77.197)	Prec@5 98.047 (98.242)
Test: [10/10]	Time 0.165 (0.227)	Speed 6213.712 (4503.947)	Loss 0.4133 (0.4556)	Prec@1 85.332 (84.510)	Prec@5 99.490 (99.330)
 * Prec@1 84.510 Prec@5 99.330
 * Prec@1 84.510 Prec@5 99.330
 * Prec@1 84.510 Prec@5 99.330
 * Prec@1 84.510 Prec@5 99.330
Epoch: [28][10/49]	Time 0.450 (0.450)	Speed 2273.886 (2273.886)	Loss 0.5983697176 (0.5984)	Prec@1 78.516 (78.516)	Prec@5 98.047 (98.047)
Epoch: [28][20/49]	Time 0.361 (0.406)	Speed 2834.666 (2523.497)	Loss 0.6442584991 (0.6213)	Prec@1 78.516 (78.516)	Prec@5 97.363 (97.705)
Epoch: [28][30/49]	Time 0.359 (0.390)	Speed 2852.089 (2624.279)	Loss 0.6223478317 (0.6217)	Prec@1 78.320 (78.451)	Prec@5 98.438 (97.949)
Epoch: [28][40/49]	Time 0.358 (0.382)	Speed 2861.067 (2679.724)	Loss 0.6643997431 (0.6323)	Prec@1 76.367 (77.930)	Prec@5 97.754 (97.900)
Test: [10/10]	Time 0.162 (0.233)	Speed 6339.192 (4388.133)	Loss 0.5716 (0.6194)	Prec@1 80.612 (79.490)	Prec@5 98.852 (98.940)
 * Prec@1 79.490 Prec@5 98.940
 * Prec@1 79.490 Prec@5 98.940
 * Prec@1 79.490 Prec@5 98.940
 * Prec@1 79.490 Prec@5 98.940
Epoch: [29][10/49]	Time 0.432 (0.432)	Speed 2370.284 (2370.284)	Loss 0.6400460005 (0.6400)	Prec@1 77.539 (77.539)	Prec@5 97.852 (97.852)
Epoch: [29][20/49]	Time 0.363 (0.397)	Speed 2823.633 (2577.173)	Loss 0.5737674236 (0.6069)	Prec@1 79.395 (78.467)	Prec@5 98.047 (97.949)
Epoch: [29][30/49]	Time 0.359 (0.385)	Speed 2850.346 (2662.221)	Loss 0.6240408421 (0.6126)	Prec@1 79.297 (78.743)	Prec@5 97.656 (97.852)
Epoch: [29][40/49]	Time 0.357 (0.378)	Speed 2867.498 (2710.734)	Loss 0.6608252525 (0.6247)	Prec@1 76.953 (78.296)	Prec@5 98.730 (98.071)
Test: [10/10]	Time 0.166 (0.223)	Speed 6156.777 (4584.893)	Loss 0.5013 (0.5135)	Prec@1 81.760 (82.980)	Prec@5 99.745 (99.400)
 * Prec@1 82.980 Prec@5 99.400
 * Prec@1 82.980 Prec@5 99.400
 * Prec@1 82.980 Prec@5 99.400
 * Prec@1 82.980 Prec@5 99.400
Epoch: [30][10/49]	Time 0.434 (0.434)	Speed 2357.654 (2357.654)	Loss 0.5515478849 (0.5515)	Prec@1 80.566 (80.566)	Prec@5 98.730 (98.730)
Epoch: [30][20/49]	Time 0.360 (0.397)	Speed 2847.637 (2579.584)	Loss 0.5229157805 (0.5372)	Prec@1 82.031 (81.299)	Prec@5 98.242 (98.486)
Epoch: [30][30/49]	Time 0.361 (0.385)	Speed 2836.165 (2659.792)	Loss 0.5438985825 (0.5395)	Prec@1 80.566 (81.055)	Prec@5 97.949 (98.307)
Epoch: [30][40/49]	Time 0.361 (0.379)	Speed 2832.830 (2701.039)	Loss 0.4620888233 (0.5201)	Prec@1 84.473 (81.909)	Prec@5 98.535 (98.364)
Test: [10/10]	Time 0.159 (0.224)	Speed 6421.421 (4567.507)	Loss 0.2834 (0.3041)	Prec@1 89.668 (89.890)	Prec@5 100.000 (99.690)
 * Prec@1 89.890 Prec@5 99.690
 * Prec@1 89.890 Prec@5 99.690
 * Prec@1 89.890 Prec@5 99.690
 * Prec@1 89.890 Prec@5 99.690
Epoch: [31][10/49]	Time 0.413 (0.413)	Speed 2478.172 (2478.172)	Loss 0.4907396138 (0.4907)	Prec@1 82.812 (82.812)	Prec@5 98.633 (98.633)
Epoch: [31][20/49]	Time 0.364 (0.388)	Speed 2816.933 (2636.716)	Loss 0.4982255101 (0.4945)	Prec@1 83.398 (83.105)	Prec@5 98.438 (98.535)
Epoch: [31][30/49]	Time 0.371 (0.382)	Speed 2763.216 (2677.576)	Loss 0.5331902504 (0.5074)	Prec@1 81.738 (82.650)	Prec@5 99.023 (98.698)
Epoch: [31][40/49]	Time 0.362 (0.377)	Speed 2828.725 (2713.828)	Loss 0.4725775719 (0.4987)	Prec@1 84.180 (83.032)	Prec@5 99.023 (98.779)
 * Prec@1 90.160 Prec@5 99.710
 * Prec@1 90.160 Prec@5 99.710
Test: [10/10]	Time 0.153 (0.233)	Speed 6707.417 (4392.221)	Loss 0.2787 (0.2911)	Prec@1 90.434 (90.160)	Prec@5 99.872 (99.710)
 * Prec@1 90.160 Prec@5 99.710
 * Prec@1 90.160 Prec@5 99.710
Epoch: [32][10/49]	Time 0.402 (0.402)	Speed 2548.374 (2548.374)	Loss 0.4941301346 (0.4941)	Prec@1 83.301 (83.301)	Prec@5 98.242 (98.242)
Epoch: [32][20/49]	Time 0.369 (0.385)	Speed 2775.965 (2657.305)	Loss 0.4018869698 (0.4480)	Prec@1 84.961 (84.131)	Prec@5 99.219 (98.730)
Epoch: [32][30/49]	Time 0.364 (0.378)	Speed 2814.333 (2707.664)	Loss 0.4961924553 (0.4641)	Prec@1 82.520 (83.594)	Prec@5 98.535 (98.665)
Epoch: [32][40/49]	Time 0.358 (0.373)	Speed 2858.997 (2743.975)	Loss 0.4893374145 (0.4704)	Prec@1 82.422 (83.301)	Prec@5 98.535 (98.633)
Test: [10/10]	Time 0.164 (0.217)	Speed 6240.164 (4721.392)	Loss 0.2902 (0.2862)	Prec@1 89.541 (90.460)	Prec@5 99.872 (99.730)
 * Prec@1 90.460 Prec@5 99.730
 * Prec@1 90.460 Prec@5 99.730
 * Prec@1 90.460 Prec@5 99.730
 * Prec@1 90.460 Prec@5 99.730
Epoch: [33][10/49]	Time 0.399 (0.399)	Speed 2565.403 (2565.403)	Loss 0.4433662295 (0.4434)	Prec@1 82.617 (82.617)	Prec@5 99.023 (99.023)
Epoch: [33][20/49]	Time 0.360 (0.380)	Speed 2840.623 (2696.008)	Loss 0.4683416784 (0.4559)	Prec@1 83.398 (83.008)	Prec@5 98.828 (98.926)
Epoch: [33][30/49]	Time 0.351 (0.370)	Speed 2914.702 (2765.166)	Loss 0.4574703872 (0.4564)	Prec@1 84.180 (83.398)	Prec@5 99.023 (98.958)
Epoch: [33][40/49]	Time 0.360 (0.368)	Speed 2842.438 (2784.087)	Loss 0.4768660665 (0.4615)	Prec@1 83.789 (83.496)	Prec@5 98.926 (98.950)
Test: [10/10]	Time 0.176 (0.224)	Speed 5802.089 (4571.244)	Loss 0.2649 (0.2895)	Prec@1 90.306 (90.260)	Prec@5 99.872 (99.730)
 * Prec@1 90.260 Prec@5 99.730
 * Prec@1 90.260 Prec@5 99.730
 * Prec@1 90.260 Prec@5 99.730
 * Prec@1 90.260 Prec@5 99.730
Epoch: [34][10/49]	Time 0.446 (0.446)	Speed 2298.013 (2298.013)	Loss 0.4523337185 (0.4523)	Prec@1 83.594 (83.594)	Prec@5 98.535 (98.535)
Epoch: [34][20/49]	Time 0.364 (0.405)	Speed 2810.945 (2528.730)	Loss 0.4647572935 (0.4585)	Prec@1 84.668 (84.131)	Prec@5 98.242 (98.389)
Epoch: [34][30/49]	Time 0.361 (0.390)	Speed 2833.207 (2622.681)	Loss 0.5006926060 (0.4726)	Prec@1 81.543 (83.268)	Prec@5 98.926 (98.568)
Epoch: [34][40/49]	Time 0.360 (0.383)	Speed 2846.469 (2675.263)	Loss 0.4059730470 (0.4559)	Prec@1 85.156 (83.740)	Prec@5 99.121 (98.706)
Test: [10/10]	Time 0.168 (0.227)	Speed 6100.537 (4514.052)	Loss 0.2612 (0.2770)	Prec@1 90.561 (90.500)	Prec@5 99.872 (99.740)
 * Prec@1 90.500 Prec@5 99.740
 * Prec@1 90.500 Prec@5 99.740
 * Prec@1 90.500 Prec@5 99.740
 * Prec@1 90.500 Prec@5 99.740
Epoch: [35][10/49]	Time 0.396 (0.396)	Speed 2584.381 (2584.381)	Loss 0.4124088883 (0.4124)	Prec@1 85.742 (85.742)	Prec@5 98.926 (98.926)
Epoch: [35][20/49]	Time 0.358 (0.377)	Speed 2861.473 (2715.878)	Loss 0.4216649830 (0.4170)	Prec@1 84.180 (84.961)	Prec@5 99.121 (99.023)
Epoch: [35][30/49]	Time 0.365 (0.373)	Speed 2806.073 (2745.292)	Loss 0.4472121000 (0.4271)	Prec@1 84.570 (84.831)	Prec@5 99.316 (99.121)
Epoch: [35][40/49]	Time 0.367 (0.372)	Speed 2787.564 (2755.739)	Loss 0.3864322901 (0.4169)	Prec@1 86.426 (85.229)	Prec@5 99.023 (99.097)
Test: [10/10]	Time 0.156 (0.226)	Speed 6569.438 (4538.196)	Loss 0.2658 (0.2782)	Prec@1 89.923 (90.610)	Prec@5 100.000 (99.740)
 * Prec@1 90.610 Prec@5 99.740
 * Prec@1 90.610 Prec@5 99.740
 * Prec@1 90.610 Prec@5 99.740
 * Prec@1 90.610 Prec@5 99.740
Epoch: [36][10/49]	Time 0.401 (0.401)	Speed 2553.307 (2553.307)	Loss 0.4558985829 (0.4559)	Prec@1 84.570 (84.570)	Prec@5 98.438 (98.438)
Epoch: [36][20/49]	Time 0.364 (0.383)	Speed 2811.206 (2676.057)	Loss 0.4598052800 (0.4579)	Prec@1 85.645 (85.107)	Prec@5 98.145 (98.291)
Epoch: [36][30/49]	Time 0.362 (0.376)	Speed 2829.657 (2725.370)	Loss 0.4114615917 (0.4424)	Prec@1 85.156 (85.124)	Prec@5 99.023 (98.535)
Epoch: [36][40/49]	Time 0.351 (0.370)	Speed 2918.616 (2771.242)	Loss 0.4830080867 (0.4525)	Prec@1 82.617 (84.497)	Prec@5 98.828 (98.608)
Test: [10/10]	Time 0.176 (0.222)	Speed 5833.445 (4609.101)	Loss 0.2902 (0.2930)	Prec@1 90.434 (90.590)	Prec@5 99.872 (99.750)
 * Prec@1 90.590 Prec@5 99.750
 * Prec@1 90.590 Prec@5 99.750
 * Prec@1 90.590 Prec@5 99.750
 * Prec@1 90.590 Prec@5 99.750
Epoch: [37][10/49]	Time 0.425 (0.425)	Speed 2409.660 (2409.660)	Loss 0.4186857641 (0.4187)	Prec@1 85.352 (85.352)	Prec@5 99.219 (99.219)
Epoch: [37][20/49]	Time 0.352 (0.389)	Speed 2906.200 (2634.740)	Loss 0.3861811757 (0.4024)	Prec@1 85.352 (85.352)	Prec@5 99.316 (99.268)
Epoch: [37][30/49]	Time 0.365 (0.381)	Speed 2802.100 (2688.260)	Loss 0.3903127611 (0.3984)	Prec@1 85.840 (85.514)	Prec@5 99.414 (99.316)
Epoch: [37][40/49]	Time 0.373 (0.379)	Speed 2743.496 (2701.860)	Loss 0.4406781793 (0.4090)	Prec@1 84.375 (85.229)	Prec@5 98.828 (99.194)
Test: [10/10]	Time 0.154 (0.234)	Speed 6667.982 (4371.200)	Loss 0.2644 (0.2818)	Prec@1 89.923 (90.810)	Prec@5 99.872 (99.770)
 * Prec@1 90.810 Prec@5 99.770
 * Prec@1 90.810 Prec@5 99.770
 * Prec@1 90.810 Prec@5 99.770
 * Prec@1 90.810 Prec@5 99.770
Epoch: [38][10/49]	Time 0.403 (0.403)	Speed 2543.131 (2543.131)	Loss 0.4503510594 (0.4504)	Prec@1 84.277 (84.277)	Prec@5 99.023 (99.023)
Epoch: [38][20/49]	Time 0.365 (0.384)	Speed 2802.433 (2666.493)	Loss 0.4422421753 (0.4463)	Prec@1 85.156 (84.717)	Prec@5 99.023 (99.023)
Epoch: [38][30/49]	Time 0.363 (0.377)	Speed 2820.779 (2716.011)	Loss 0.4583335817 (0.4503)	Prec@1 83.398 (84.277)	Prec@5 99.121 (99.056)
Epoch: [38][40/49]	Time 0.354 (0.371)	Speed 2890.367 (2757.598)	Loss 0.4369492531 (0.4470)	Prec@1 84.473 (84.326)	Prec@5 98.535 (98.926)
Test: [10/10]	Time 0.170 (0.222)	Speed 6013.735 (4608.979)	Loss 0.2584 (0.2709)	Prec@1 90.306 (91.020)	Prec@5 99.872 (99.770)
 * Prec@1 91.020 Prec@5 99.770
 * Prec@1 91.020 Prec@5 99.770
 * Prec@1 91.020 Prec@5 99.770
 * Prec@1 91.020 Prec@5 99.770
Epoch: [39][10/49]	Time 0.402 (0.402)	Speed 2547.264 (2547.264)	Loss 0.4013911784 (0.4014)	Prec@1 85.840 (85.840)	Prec@5 98.438 (98.438)
Epoch: [39][20/49]	Time 0.359 (0.380)	Speed 2855.293 (2692.497)	Loss 0.4095182419 (0.4055)	Prec@1 85.547 (85.693)	Prec@5 99.121 (98.779)
Epoch: [39][30/49]	Time 0.359 (0.373)	Speed 2852.386 (2743.764)	Loss 0.4721390903 (0.4277)	Prec@1 83.496 (84.961)	Prec@5 98.047 (98.535)
Epoch: [39][40/49]	Time 0.358 (0.369)	Speed 2859.697 (2771.857)	Loss 0.4137769043 (0.4242)	Prec@1 85.645 (85.132)	Prec@5 99.023 (98.657)
Test: [10/10]	Time 0.158 (0.227)	Speed 6464.917 (4511.256)	Loss 0.2668 (0.2754)	Prec@1 90.689 (91.020)	Prec@5 99.872 (99.820)
 * Prec@1 91.020 Prec@5 99.820
 * Prec@1 91.020 Prec@5 99.820
 * Prec@1 91.020 Prec@5 99.820
 * Prec@1 91.020 Prec@5 99.820
Epoch: [40][10/49]	Time 0.435 (0.435)	Speed 2354.404 (2354.404)	Loss 0.4240594506 (0.4241)	Prec@1 85.449 (85.449)	Prec@5 98.340 (98.340)
Epoch: [40][20/49]	Time 0.354 (0.395)	Speed 2889.673 (2594.721)	Loss 0.4146664143 (0.4194)	Prec@1 86.914 (86.182)	Prec@5 98.828 (98.584)
Epoch: [40][30/49]	Time 0.359 (0.383)	Speed 2851.328 (2674.966)	Loss 0.3665169775 (0.4017)	Prec@1 87.988 (86.784)	Prec@5 99.023 (98.730)
Epoch: [40][40/49]	Time 0.363 (0.378)	Speed 2823.665 (2710.653)	Loss 0.3952607512 (0.4001)	Prec@1 87.109 (86.865)	Prec@5 98.926 (98.779)
Test: [10/10]	Time 0.154 (0.225)	Speed 6634.240 (4556.594)	Loss 0.2630 (0.2713)	Prec@1 90.051 (90.970)	Prec@5 99.872 (99.790)
 * Prec@1 90.970 Prec@5 99.790
 * Prec@1 90.970 Prec@5 99.790
 * Prec@1 90.970 Prec@5 99.790
 * Prec@1 90.970 Prec@5 99.790
Epoch: [41][10/49]	Time 0.423 (0.423)	Speed 2418.223 (2418.223)	Loss 0.4720751345 (0.4721)	Prec@1 84.473 (84.473)	Prec@5 98.047 (98.047)
Epoch: [41][20/49]	Time 0.360 (0.392)	Speed 2847.994 (2615.572)	Loss 0.3430142999 (0.4075)	Prec@1 87.988 (86.230)	Prec@5 99.414 (98.730)
Epoch: [41][30/49]	Time 0.355 (0.379)	Speed 2885.502 (2699.757)	Loss 0.3940920234 (0.4031)	Prec@1 86.816 (86.426)	Prec@5 98.828 (98.763)
Epoch: [41][40/49]	Time 0.360 (0.374)	Speed 2847.064 (2735.136)	Loss 0.4160874486 (0.4063)	Prec@1 85.254 (86.133)	Prec@5 99.316 (98.901)
 * Prec@1 91.270 Prec@5 99.790
Test: [10/10]	Time 0.153 (0.229)	Speed 6679.617 (4481.379)	Loss 0.2639 (0.2703)	Prec@1 90.434 (91.270)	Prec@5 100.000 (99.790)
 * Prec@1 91.270 Prec@5 99.790
 * Prec@1 91.270 Prec@5 99.790
 * Prec@1 91.270 Prec@5 99.790
Epoch: [42][10/49]	Time 0.402 (0.402)	Speed 2545.991 (2545.991)	Loss 0.3740858436 (0.3741)	Prec@1 86.621 (86.621)	Prec@5 99.219 (99.219)
Epoch: [42][20/49]	Time 0.363 (0.383)	Speed 2817.462 (2674.856)	Loss 0.4166910648 (0.3954)	Prec@1 85.156 (85.889)	Prec@5 98.828 (99.023)
Epoch: [42][30/49]	Time 0.367 (0.378)	Speed 2790.139 (2712.211)	Loss 0.4365300536 (0.4091)	Prec@1 84.668 (85.482)	Prec@5 99.219 (99.089)
Epoch: [42][40/49]	Time 0.366 (0.375)	Speed 2798.565 (2733.296)	Loss 0.4381758571 (0.4164)	Prec@1 84.473 (85.229)	Prec@5 99.121 (99.097)
Test: [10/10]	Time 0.151 (0.229)	Speed 6759.108 (4464.679)	Loss 0.2642 (0.2727)	Prec@1 90.816 (91.140)	Prec@5 99.872 (99.790)
 * Prec@1 91.140 Prec@5 99.790
 * Prec@1 91.140 Prec@5 99.790
 * Prec@1 91.140 Prec@5 99.790
 * Prec@1 91.140 Prec@5 99.790
Epoch: [43][10/49]	Time 0.429 (0.429)	Speed 2385.154 (2385.154)	Loss 0.3793255091 (0.3793)	Prec@1 86.621 (86.621)	Prec@5 99.023 (99.023)
Epoch: [43][20/49]	Time 0.362 (0.396)	Speed 2829.140 (2588.245)	Loss 0.3733565211 (0.3763)	Prec@1 85.547 (86.084)	Prec@5 99.316 (99.170)
Epoch: [43][30/49]	Time 0.363 (0.385)	Speed 2822.712 (2661.949)	Loss 0.3988409340 (0.3838)	Prec@1 85.742 (85.970)	Prec@5 98.828 (99.056)
Epoch: [43][40/49]	Time 0.352 (0.376)	Speed 2912.121 (2720.374)	Loss 0.3955791295 (0.3868)	Prec@1 85.742 (85.913)	Prec@5 99.414 (99.146)
Test: [10/10]	Time 0.152 (0.231)	Speed 6734.573 (4429.727)	Loss 0.2695 (0.2730)	Prec@1 90.816 (90.970)	Prec@5 99.872 (99.810)
 * Prec@1 90.970 Prec@5 99.810
 * Prec@1 90.970 Prec@5 99.810
 * Prec@1 90.970 Prec@5 99.810
 * Prec@1 90.970 Prec@5 99.810
Epoch: [44][10/49]	Time 0.430 (0.430)	Speed 2381.461 (2381.461)	Loss 0.4107545018 (0.4108)	Prec@1 86.230 (86.230)	Prec@5 99.023 (99.023)
Epoch: [44][20/49]	Time 0.361 (0.396)	Speed 2835.444 (2588.699)	Loss 0.3856911063 (0.3982)	Prec@1 86.914 (86.572)	Prec@5 98.633 (98.828)
Epoch: [44][30/49]	Time 0.356 (0.382)	Speed 2879.564 (2678.898)	Loss 0.4667444825 (0.4211)	Prec@1 85.059 (86.068)	Prec@5 98.145 (98.600)
Epoch: [44][40/49]	Time 0.363 (0.377)	Speed 2819.949 (2712.821)	Loss 0.4304225445 (0.4234)	Prec@1 84.766 (85.742)	Prec@5 99.219 (98.755)
Test: [10/10]	Time 0.157 (0.219)	Speed 6523.251 (4678.082)	Loss 0.2855 (0.2751)	Prec@1 89.923 (91.230)	Prec@5 99.872 (99.760)
 * Prec@1 91.230 Prec@5 99.760
 * Prec@1 91.230 Prec@5 99.760
 * Prec@1 91.230 Prec@5 99.760
 * Prec@1 91.230 Prec@5 99.760
Epoch: [45][10/49]	Time 0.442 (0.442)	Speed 2317.319 (2317.319)	Loss 0.4265509248 (0.4266)	Prec@1 84.180 (84.180)	Prec@5 98.242 (98.242)
Epoch: [45][20/49]	Time 0.359 (0.401)	Speed 2848.727 (2555.691)	Loss 0.3869174719 (0.4067)	Prec@1 85.938 (85.059)	Prec@5 99.414 (98.828)
Epoch: [45][30/49]	Time 0.359 (0.387)	Speed 2854.343 (2648.047)	Loss 0.4293535948 (0.4143)	Prec@1 85.742 (85.286)	Prec@5 98.633 (98.763)
Epoch: [45][40/49]	Time 0.354 (0.379)	Speed 2889.932 (2704.641)	Loss 0.3575363159 (0.4001)	Prec@1 87.695 (85.889)	Prec@5 99.023 (98.828)
Test: [10/10]	Time 0.154 (0.225)	Speed 6646.005 (4545.569)	Loss 0.2565 (0.2746)	Prec@1 90.561 (91.240)	Prec@5 99.872 (99.750)
 * Prec@1 91.240 Prec@5 99.750
 * Prec@1 91.240 Prec@5 99.750
 * Prec@1 91.240 Prec@5 99.750
 * Prec@1 91.240 Prec@5 99.750
Epoch: [46][10/49]	Time 0.440 (0.440)	Speed 2325.696 (2325.696)	Loss 0.3662315011 (0.3662)	Prec@1 87.891 (87.891)	Prec@5 99.023 (99.023)
Epoch: [46][20/49]	Time 0.361 (0.401)	Speed 2835.583 (2555.453)	Loss 0.4469947815 (0.4066)	Prec@1 85.449 (86.670)	Prec@5 98.047 (98.535)
Epoch: [46][30/49]	Time 0.363 (0.388)	Speed 2819.137 (2637.691)	Loss 0.3446227312 (0.3859)	Prec@1 87.793 (87.044)	Prec@5 99.609 (98.893)
Epoch: [46][40/49]	Time 0.364 (0.382)	Speed 2813.485 (2679.547)	Loss 0.4188182354 (0.3942)	Prec@1 84.375 (86.377)	Prec@5 98.828 (98.877)
Test: [10/10]	Time 0.166 (0.231)	Speed 6174.132 (4428.752)	Loss 0.2693 (0.2673)	Prec@1 90.689 (91.540)	Prec@5 99.872 (99.770)
 * Prec@1 91.540 Prec@5 99.770
 * Prec@1 91.540 Prec@5 99.770
 * Prec@1 91.540 Prec@5 99.770
 * Prec@1 91.540 Prec@5 99.770
Epoch: [47][10/49]	Time 0.408 (0.408)	Speed 2511.003 (2511.003)	Loss 0.4221076965 (0.4221)	Prec@1 85.547 (85.547)	Prec@5 98.926 (98.926)
Epoch: [47][20/49]	Time 0.366 (0.387)	Speed 2796.252 (2645.962)	Loss 0.3365164995 (0.3793)	Prec@1 87.500 (86.523)	Prec@5 99.316 (99.121)
Epoch: [47][30/49]	Time 0.362 (0.379)	Speed 2828.669 (2704.184)	Loss 0.4064365923 (0.3884)	Prec@1 85.449 (86.165)	Prec@5 99.121 (99.121)
Epoch: [47][40/49]	Time 0.355 (0.373)	Speed 2884.852 (2747.196)	Loss 0.3775084019 (0.3856)	Prec@1 87.012 (86.377)	Prec@5 98.828 (99.048)
Test: [10/10]	Time 0.161 (0.226)	Speed 6378.014 (4523.787)	Loss 0.2476 (0.2693)	Prec@1 91.582 (91.580)	Prec@5 99.872 (99.770)
 * Prec@1 91.580 Prec@5 99.770
 * Prec@1 91.580 Prec@5 99.770
 * Prec@1 91.580 Prec@5 99.770
 * Prec@1 91.580 Prec@5 99.770
Epoch: [48][10/49]	Time 0.410 (0.410)	Speed 2498.090 (2498.090)	Loss 0.3511851728 (0.3512)	Prec@1 88.086 (88.086)	Prec@5 99.023 (99.023)
Epoch: [48][20/49]	Time 0.361 (0.386)	Speed 2834.908 (2655.862)	Loss 0.3868732154 (0.3690)	Prec@1 85.938 (87.012)	Prec@5 99.316 (99.170)
Epoch: [48][30/49]	Time 0.364 (0.378)	Speed 2810.886 (2705.601)	Loss 0.3833025396 (0.3738)	Prec@1 86.523 (86.849)	Prec@5 99.219 (99.186)
Epoch: [48][40/49]	Time 0.362 (0.374)	Speed 2829.810 (2735.620)	Loss 0.3897047937 (0.3778)	Prec@1 86.328 (86.719)	Prec@5 99.023 (99.146)
Test: [10/10]	Time 0.160 (0.222)	Speed 6392.652 (4619.907)	Loss 0.2450 (0.2654)	Prec@1 91.964 (91.480)	Prec@5 99.872 (99.770)
 * Prec@1 91.480 Prec@5 99.770
 * Prec@1 91.480 Prec@5 99.770
 * Prec@1 91.480 Prec@5 99.770
 * Prec@1 91.480 Prec@5 99.770
Epoch: [49][10/49]	Time 0.444 (0.444)	Speed 2307.350 (2307.350)	Loss 0.3696309924 (0.3696)	Prec@1 87.305 (87.305)	Prec@5 98.633 (98.633)
Epoch: [49][20/49]	Time 0.371 (0.407)	Speed 2760.630 (2513.719)	Loss 0.4115167260 (0.3906)	Prec@1 84.863 (86.084)	Prec@5 98.633 (98.633)
Epoch: [49][30/49]	Time 0.367 (0.394)	Speed 2793.075 (2600.415)	Loss 0.4039461315 (0.3950)	Prec@1 86.035 (86.068)	Prec@5 99.121 (98.796)
Epoch: [49][40/49]	Time 0.366 (0.387)	Speed 2801.271 (2647.879)	Loss 0.4157005250 (0.4002)	Prec@1 85.547 (85.938)	Prec@5 98.926 (98.828)
Test: [10/10]	Time 0.163 (0.227)	Speed 6276.485 (4512.064)	Loss 0.2373 (0.2671)	Prec@1 92.219 (91.510)	Prec@5 99.872 (99.800)
 * Prec@1 91.510 Prec@5 99.800
 * Prec@1 91.510 Prec@5 99.800
 * Prec@1 91.510 Prec@5 99.800
 * Prec@1 91.510 Prec@5 99.800