opt_level = O2
keep_batchnorm_fp32 = None <class 'NoneType'>
loss_scale = None <class 'NoneType'>

CUDNN VERSION: 7600

opt_level = O2
keep_batchnorm_fp32 = None <class 'NoneType'>
loss_scale = None <class 'NoneType'>

CUDNN VERSION: 7600

opt_level = O2
keep_batchnorm_fp32 = None <class 'NoneType'>
loss_scale = None <class 'NoneType'>

CUDNN VERSION: 7600

opt_level = O2
keep_batchnorm_fp32 = None <class 'NoneType'>
loss_scale = None <class 'NoneType'>

CUDNN VERSION: 7600

=> creating model 'resnet50'
=> creating model 'resnet50'
=> creating model 'resnet50'
=> creating model 'resnet50'
Selected optimization level O2:  FP16 training with FP32 batchnorm and FP32 master weights.

Defaults for this optimization level are:
enabled                : True
opt_level              : O2
cast_model_type        : torch.float16
patch_torch_functions  : False
keep_batchnorm_fp32    : True
master_weights         : True
loss_scale             : dynamic
Processing user overrides (additional kwargs that are not None)...
After processing overrides, optimization options are:
enabled                : True
opt_level              : O2
cast_model_type        : torch.float16
patch_torch_functions  : False
keep_batchnorm_fp32    : True
master_weights         : True
loss_scale             : dynamic
Files already downloaded and verified
Files already downloaded and verified
Files already downloaded and verified
Files already downloaded and verified
Files already downloaded and verified
Files already downloaded and verified
Files already downloaded and verified
Files already downloaded and verified
Gradient overflow.  Skipping step, loss scaler 0 reducing loss scale to 32768.0
Gradient overflow.  Skipping step, loss scaler 0 reducing loss scale to 32768.0
Gradient overflow.  Skipping step, loss scaler 0 reducing loss scale to 32768.0
Gradient overflow.  Skipping step, loss scaler 0 reducing loss scale to 32768.0
Gradient overflow.  Skipping step, loss scaler 0 reducing loss scale to 16384.0
Gradient overflow.  Skipping step, loss scaler 0 reducing loss scale to 16384.0
Gradient overflow.  Skipping step, loss scaler 0 reducing loss scale to 16384.0
Gradient overflow.  Skipping step, loss scaler 0 reducing loss scale to 16384.0
Gradient overflow.  Skipping step, loss scaler 0 reducing loss scale to 8192.0
Gradient overflow.  Skipping step, loss scaler 0 reducing loss scale to 8192.0
Gradient overflow.  Skipping step, loss scaler 0 reducing loss scale to 8192.0
Gradient overflow.  Skipping step, loss scaler 0 reducing loss scale to 8192.0
Epoch: [0][10/49]	Time 1.473 (1.473)	Speed 695.252 (695.252)	Loss 2.9550354481 (2.9550)	Prec@1 10.352 (10.352)	Prec@5 55.176 (55.176)
Gradient overflow.  Skipping step, loss scaler 0 reducing loss scale to 4096.0
Gradient overflow.  Skipping step, loss scaler 0 reducing loss scale to 4096.0
Gradient overflow.  Skipping step, loss scaler 0 reducing loss scale to 4096.0
Gradient overflow.  Skipping step, loss scaler 0 reducing loss scale to 4096.0
Epoch: [0][20/49]	Time 0.315 (0.894)	Speed 3250.178 (1145.474)	Loss 14.0608348846 (8.5079)	Prec@1 12.012 (11.182)	Prec@5 51.074 (53.125)
Epoch: [0][30/49]	Time 0.319 (0.702)	Speed 3214.084 (1458.341)	Loss 4.1845664978 (7.0668)	Prec@1 10.352 (10.905)	Prec@5 50.586 (52.279)
Epoch: [0][40/49]	Time 0.313 (0.605)	Speed 3270.028 (1692.806)	Loss 3.0489211082 (6.0623)	Prec@1 9.961 (10.669)	Prec@5 51.660 (52.124)
Test: [10/10]	Time 2.610 (0.482)	Speed 392.327 (2124.081)	Loss 46.1589 (45.0759)	Prec@1 11.224 (10.630)	Prec@5 51.913 (50.500)
 * Prec@1 10.630 Prec@5 50.500
 * Prec@1 10.630 Prec@5 50.500
 * Prec@1 10.630 Prec@5 50.500
 * Prec@1 10.630 Prec@5 50.500
Epoch: [1][10/49]	Time 0.377 (0.377)	Speed 2715.638 (2715.638)	Loss 2.4033529758 (2.4034)	Prec@1 11.133 (11.133)	Prec@5 53.809 (53.809)
Epoch: [1][20/49]	Time 0.322 (0.349)	Speed 3182.700 (2930.676)	Loss 2.3533761501 (2.3784)	Prec@1 11.621 (11.377)	Prec@5 58.008 (55.908)
Epoch: [1][30/49]	Time 0.320 (0.339)	Speed 3204.450 (3016.584)	Loss 2.2580208778 (2.3383)	Prec@1 14.258 (12.337)	Prec@5 63.574 (58.464)
Epoch: [1][40/49]	Time 0.321 (0.335)	Speed 3188.696 (3057.846)	Loss 2.2496397495 (2.3161)	Prec@1 17.188 (13.550)	Prec@5 66.992 (60.596)
 * Prec@1 18.600 Prec@5 71.870
 * Prec@1 18.600 Prec@5 71.870
 * Prec@1 18.600 Prec@5 71.870
Test: [10/10]	Time 0.168 (0.236)	Speed 6097.203 (4330.082)	Loss 2.3790 (2.3347)	Prec@1 16.964 (18.600)	Prec@5 70.408 (71.870)
 * Prec@1 18.600 Prec@5 71.870
Epoch: [2][10/49]	Time 0.390 (0.390)	Speed 2624.468 (2624.468)	Loss 2.0545361042 (2.0545)	Prec@1 21.094 (21.094)	Prec@5 78.223 (78.223)
Epoch: [2][20/49]	Time 0.319 (0.355)	Speed 3210.506 (2888.058)	Loss 2.0079412460 (2.0312)	Prec@1 21.777 (21.436)	Prec@5 80.469 (79.346)
Epoch: [2][30/49]	Time 0.318 (0.342)	Speed 3218.677 (2990.450)	Loss 1.9968369007 (2.0198)	Prec@1 25.293 (22.721)	Prec@5 80.762 (79.818)
Epoch: [2][40/49]	Time 0.319 (0.337)	Speed 3209.365 (3042.330)	Loss 1.9355524778 (1.9987)	Prec@1 26.172 (23.584)	Prec@5 82.812 (80.566)
Test: [10/10]	Time 0.166 (0.225)	Speed 6174.203 (4544.138)	Loss 1.9167 (1.9429)	Prec@1 26.403 (25.620)	Prec@5 82.143 (82.320)
 * Prec@1 25.620 Prec@5 82.320
 * Prec@1 25.620 Prec@5 82.320
 * Prec@1 25.620 Prec@5 82.320
 * Prec@1 25.620 Prec@5 82.320
Epoch: [3][10/49]	Time 0.374 (0.374)	Speed 2736.001 (2736.001)	Loss 1.9402644634 (1.9403)	Prec@1 26.953 (26.953)	Prec@5 82.617 (82.617)
Epoch: [3][20/49]	Time 0.318 (0.346)	Speed 3222.014 (2959.185)	Loss 1.8766433001 (1.9085)	Prec@1 28.516 (27.734)	Prec@5 83.887 (83.252)
Epoch: [3][30/49]	Time 0.317 (0.336)	Speed 3234.658 (3045.644)	Loss 1.8758102655 (1.8976)	Prec@1 28.320 (27.930)	Prec@5 83.984 (83.496)
Epoch: [3][40/49]	Time 0.317 (0.332)	Speed 3226.074 (3088.832)	Loss 1.8564239740 (1.8873)	Prec@1 29.199 (28.247)	Prec@5 83.398 (83.472)
Test: [10/10]	Time 0.163 (0.235)	Speed 6280.266 (4363.629)	Loss 1.8595 (1.8844)	Prec@1 28.827 (28.780)	Prec@5 82.015 (83.590)
 * Prec@1 28.780 Prec@5 83.590
 * Prec@1 28.780 Prec@5 83.590
 * Prec@1 28.780 Prec@5 83.590
 * Prec@1 28.780 Prec@5 83.590
Epoch: [4][10/49]	Time 0.392 (0.392)	Speed 2613.237 (2613.237)	Loss 1.8732231855 (1.8732)	Prec@1 26.562 (26.562)	Prec@5 85.449 (85.449)
Epoch: [4][20/49]	Time 0.320 (0.356)	Speed 3199.894 (2876.963)	Loss 1.7912127972 (1.8322)	Prec@1 33.789 (30.176)	Prec@5 84.863 (85.156)
Epoch: [4][30/49]	Time 0.318 (0.343)	Speed 3215.881 (2981.710)	Loss 1.8538855314 (1.8394)	Prec@1 30.957 (30.436)	Prec@5 85.254 (85.189)
Epoch: [4][40/49]	Time 0.315 (0.336)	Speed 3248.721 (3044.261)	Loss 1.8215413094 (1.8350)	Prec@1 31.348 (30.664)	Prec@5 86.328 (85.474)
Test: [10/10]	Time 0.171 (0.224)	Speed 5988.137 (4564.878)	Loss 1.6589 (1.6621)	Prec@1 41.327 (39.660)	Prec@5 89.923 (89.940)
 * Prec@1 39.660 Prec@5 89.940
 * Prec@1 39.660 Prec@5 89.940
 * Prec@1 39.660 Prec@5 89.940
 * Prec@1 39.660 Prec@5 89.940
Epoch: [5][10/49]	Time 0.375 (0.375)	Speed 2732.439 (2732.439)	Loss 1.7884317636 (1.7884)	Prec@1 33.496 (33.496)	Prec@5 88.086 (88.086)
Epoch: [5][20/49]	Time 0.317 (0.346)	Speed 3231.957 (2961.280)	Loss 1.8713595867 (1.8299)	Prec@1 31.055 (32.275)	Prec@5 83.398 (85.742)
Epoch: [5][30/49]	Time 0.321 (0.337)	Speed 3194.706 (3035.204)	Loss 1.7253357172 (1.7950)	Prec@1 35.449 (33.333)	Prec@5 87.012 (86.165)
Epoch: [5][40/49]	Time 0.321 (0.333)	Speed 3190.479 (3072.588)	Loss 1.7597582340 (1.7862)	Prec@1 37.500 (34.375)	Prec@5 87.988 (86.621)
Test: [10/10]	Time 0.176 (0.227)	Speed 5810.794 (4519.810)	Loss 1.7235 (1.6900)	Prec@1 36.097 (37.410)	Prec@5 88.520 (88.130)
 * Prec@1 37.410 Prec@5 88.130
 * Prec@1 37.410 Prec@5 88.130
 * Prec@1 37.410 Prec@5 88.130
 * Prec@1 37.410 Prec@5 88.130
Epoch: [6][10/49]	Time 0.427 (0.427)	Speed 2400.292 (2400.292)	Loss 1.6746151447 (1.6746)	Prec@1 38.477 (38.477)	Prec@5 88.477 (88.477)
Epoch: [6][20/49]	Time 0.317 (0.372)	Speed 3230.241 (2754.099)	Loss 1.6798142195 (1.6772)	Prec@1 38.672 (38.574)	Prec@5 89.355 (88.916)
Epoch: [6][30/49]	Time 0.320 (0.355)	Speed 3197.233 (2887.501)	Loss 1.6524422169 (1.6690)	Prec@1 37.988 (38.379)	Prec@5 90.723 (89.518)
Epoch: [6][40/49]	Time 0.321 (0.346)	Speed 3193.742 (2958.420)	Loss 1.6044845581 (1.6528)	Prec@1 40.527 (38.916)	Prec@5 89.648 (89.551)
Test: [10/10]	Time 0.171 (0.242)	Speed 5976.114 (4234.957)	Loss 1.5404 (1.5070)	Prec@1 41.199 (44.550)	Prec@5 91.582 (91.900)
 * Prec@1 44.550 Prec@5 91.900
 * Prec@1 44.550 Prec@5 91.900
 * Prec@1 44.550 Prec@5 91.900
 * Prec@1 44.550 Prec@5 91.900
Epoch: [7][10/49]	Time 0.377 (0.377)	Speed 2712.759 (2712.759)	Loss 1.5641292334 (1.5641)	Prec@1 43.652 (43.652)	Prec@5 87.695 (87.695)
Epoch: [7][20/49]	Time 0.318 (0.348)	Speed 3222.147 (2945.593)	Loss 1.4701073170 (1.5171)	Prec@1 46.777 (45.215)	Prec@5 91.797 (89.746)
Epoch: [7][30/49]	Time 0.320 (0.338)	Speed 3199.130 (3025.519)	Loss 1.4690278769 (1.5011)	Prec@1 46.973 (45.801)	Prec@5 90.332 (89.941)
Epoch: [7][40/49]	Time 0.320 (0.334)	Speed 3202.788 (3067.971)	Loss 1.5699791908 (1.5183)	Prec@1 44.336 (45.435)	Prec@5 89.746 (89.893)
 * Prec@1 45.040 Prec@5 93.010
 * Prec@1 45.040 Prec@5 93.010
 * Prec@1 45.040 Prec@5 93.010
Test: [10/10]	Time 0.171 (0.231)	Speed 5981.624 (4426.779)	Loss 1.5588 (1.5220)	Prec@1 42.730 (45.040)	Prec@5 92.474 (93.010)
 * Prec@1 45.040 Prec@5 93.010
Epoch: [8][10/49]	Time 0.373 (0.373)	Speed 2743.601 (2743.601)	Loss 1.3828639984 (1.3829)	Prec@1 50.098 (50.098)	Prec@5 92.383 (92.383)
Epoch: [8][20/49]	Time 0.319 (0.346)	Speed 3207.030 (2957.270)	Loss 1.4517860413 (1.4173)	Prec@1 47.266 (48.682)	Prec@5 91.895 (92.139)
Epoch: [8][30/49]	Time 0.320 (0.337)	Speed 3202.220 (3034.647)	Loss 1.4353463650 (1.4233)	Prec@1 47.363 (48.242)	Prec@5 92.285 (92.188)
Epoch: [8][40/49]	Time 0.322 (0.334)	Speed 3181.161 (3069.996)	Loss 1.3575912714 (1.4069)	Prec@1 53.320 (49.512)	Prec@5 92.773 (92.334)
Test: [10/10]	Time 0.169 (0.228)	Speed 6065.653 (4485.640)	Loss 1.2641 (1.2571)	Prec@1 53.827 (53.970)	Prec@5 94.515 (94.770)
 * Prec@1 53.970 Prec@5 94.770
 * Prec@1 53.970 Prec@5 94.770
 * Prec@1 53.970 Prec@5 94.770
 * Prec@1 53.970 Prec@5 94.770
Epoch: [9][10/49]	Time 0.379 (0.379)	Speed 2699.463 (2699.463)	Loss 1.3403265476 (1.3403)	Prec@1 51.074 (51.074)	Prec@5 93.750 (93.750)
Epoch: [9][20/49]	Time 0.319 (0.349)	Speed 3210.776 (2933.002)	Loss 1.3175784349 (1.3290)	Prec@1 53.613 (52.344)	Prec@5 93.848 (93.799)
Epoch: [9][30/49]	Time 0.320 (0.339)	Speed 3199.075 (3016.635)	Loss 1.3117158413 (1.3232)	Prec@1 53.027 (52.572)	Prec@5 94.238 (93.945)
Epoch: [9][40/49]	Time 0.320 (0.335)	Speed 3202.371 (3061.020)	Loss 1.3360102177 (1.3264)	Prec@1 53.027 (52.686)	Prec@5 93.262 (93.774)
Test: [10/10]	Time 0.158 (0.234)	Speed 6475.912 (4367.770)	Loss 1.2407 (1.2086)	Prec@1 55.740 (57.000)	Prec@5 94.388 (94.920)
 * Prec@1 57.000 Prec@5 94.920
 * Prec@1 57.000 Prec@5 94.920
 * Prec@1 57.000 Prec@5 94.920
 * Prec@1 57.000 Prec@5 94.920
Epoch: [10][10/49]	Time 0.386 (0.386)	Speed 2653.726 (2653.726)	Loss 1.2927293777 (1.2927)	Prec@1 55.273 (55.273)	Prec@5 93.457 (93.457)
Epoch: [10][20/49]	Time 0.320 (0.353)	Speed 3202.942 (2902.583)	Loss 1.3149471283 (1.3038)	Prec@1 54.004 (54.639)	Prec@5 93.164 (93.311)
Epoch: [10][30/49]	Time 0.322 (0.342)	Speed 3184.243 (2990.765)	Loss 1.2551314831 (1.2876)	Prec@1 54.980 (54.753)	Prec@5 93.164 (93.262)
Epoch: [10][40/49]	Time 0.318 (0.336)	Speed 3215.657 (3043.986)	Loss 1.2441452742 (1.2767)	Prec@1 57.227 (55.371)	Prec@5 93.359 (93.286)
Test: [10/10]	Time 0.159 (0.228)	Speed 6429.746 (4486.215)	Loss 1.0861 (1.1198)	Prec@1 62.628 (62.750)	Prec@5 97.449 (96.190)
 * Prec@1 62.750 Prec@5 96.190
 * Prec@1 62.750 Prec@5 96.190
 * Prec@1 62.750 Prec@5 96.190
 * Prec@1 62.750 Prec@5 96.190
Epoch: [11][10/49]	Time 0.389 (0.389)	Speed 2630.590 (2630.590)	Loss 1.2755817175 (1.2756)	Prec@1 54.102 (54.102)	Prec@5 93.555 (93.555)
Epoch: [11][20/49]	Time 0.321 (0.355)	Speed 3186.425 (2881.951)	Loss 1.1723570824 (1.2240)	Prec@1 57.324 (55.713)	Prec@5 93.848 (93.701)
Epoch: [11][30/49]	Time 0.318 (0.343)	Speed 3215.712 (2985.231)	Loss 1.2498332262 (1.2326)	Prec@1 54.297 (55.241)	Prec@5 94.238 (93.880)
Epoch: [11][40/49]	Time 0.320 (0.337)	Speed 3199.356 (3036.029)	Loss 1.1643776894 (1.2155)	Prec@1 59.375 (56.274)	Prec@5 94.043 (93.921)
 * Prec@1 62.310 Prec@5 96.650
 * Prec@1 62.310 Prec@5 96.650
 * Prec@1 62.310 Prec@5 96.650
Test: [10/10]	Time 0.169 (0.236)	Speed 6061.330 (4336.261)	Loss 1.0572 (1.0575)	Prec@1 63.648 (62.310)	Prec@5 96.939 (96.650)
 * Prec@1 62.310 Prec@5 96.650
Epoch: [12][10/49]	Time 0.411 (0.411)	Speed 2492.646 (2492.646)	Loss 1.1149523258 (1.1150)	Prec@1 60.352 (60.352)	Prec@5 94.922 (94.922)
Epoch: [12][20/49]	Time 0.321 (0.366)	Speed 3194.895 (2800.417)	Loss 1.1998467445 (1.1574)	Prec@1 58.691 (59.521)	Prec@5 94.531 (94.727)
Epoch: [12][30/49]	Time 0.320 (0.351)	Speed 3196.849 (2921.165)	Loss 1.1340259314 (1.1496)	Prec@1 58.398 (59.147)	Prec@5 94.629 (94.694)
Epoch: [12][40/49]	Time 0.319 (0.343)	Speed 3209.193 (2988.214)	Loss 1.1796607971 (1.1571)	Prec@1 59.668 (59.277)	Prec@5 94.043 (94.531)
 * Prec@1 67.030 Prec@5 97.240
 * Prec@1 67.030 Prec@5 97.240
 * Prec@1 67.030 Prec@5 97.240
Test: [10/10]	Time 0.172 (0.228)	Speed 5962.193 (4497.322)	Loss 0.9160 (0.9279)	Prec@1 66.454 (67.030)	Prec@5 98.214 (97.240)
 * Prec@1 67.030 Prec@5 97.240
Epoch: [13][10/49]	Time 0.390 (0.390)	Speed 2627.066 (2627.066)	Loss 1.0864651203 (1.0865)	Prec@1 60.254 (60.254)	Prec@5 96.289 (96.289)
Epoch: [13][20/49]	Time 0.321 (0.355)	Speed 3191.825 (2882.039)	Loss 1.1459774971 (1.1162)	Prec@1 60.254 (60.254)	Prec@5 94.336 (95.312)
Epoch: [13][30/49]	Time 0.321 (0.344)	Speed 3186.866 (2976.955)	Loss 1.0836862326 (1.1054)	Prec@1 61.523 (60.677)	Prec@5 95.703 (95.443)
Epoch: [13][40/49]	Time 0.318 (0.337)	Speed 3224.706 (3035.254)	Loss 1.1071918011 (1.1058)	Prec@1 60.645 (60.669)	Prec@5 95.215 (95.386)
 * Prec@1 65.700 Prec@5 97.650
 * Prec@1 65.700 Prec@5 97.650
 * Prec@1 65.700 Prec@5 97.650
Test: [10/10]	Time 0.172 (0.232)	Speed 5937.343 (4412.320)	Loss 0.8848 (0.9749)	Prec@1 67.219 (65.700)	Prec@5 98.724 (97.650)
 * Prec@1 65.700 Prec@5 97.650
Epoch: [14][10/49]	Time 0.412 (0.412)	Speed 2482.549 (2482.549)	Loss 1.1132717133 (1.1133)	Prec@1 60.840 (60.840)	Prec@5 95.020 (95.020)
Epoch: [14][20/49]	Time 0.319 (0.366)	Speed 3207.854 (2798.977)	Loss 1.0863406658 (1.0998)	Prec@1 60.156 (60.498)	Prec@5 95.996 (95.508)
Epoch: [14][30/49]	Time 0.318 (0.350)	Speed 3224.667 (2927.811)	Loss 1.0533666611 (1.0843)	Prec@1 62.988 (61.328)	Prec@5 96.387 (95.801)
Epoch: [14][40/49]	Time 0.320 (0.342)	Speed 3195.626 (2990.467)	Loss 1.0352663994 (1.0721)	Prec@1 64.160 (62.036)	Prec@5 95.996 (95.850)
 * Prec@1 69.300 Prec@5 97.890
 * Prec@1 69.300 Prec@5 97.890
 * Prec@1 69.300 Prec@5 97.890
Test: [10/10]	Time 0.162 (0.227)	Speed 6336.685 (4510.055)	Loss 0.8687 (0.8927)	Prec@1 68.240 (69.300)	Prec@5 98.087 (97.890)
 * Prec@1 69.300 Prec@5 97.890
Epoch: [15][10/49]	Time 0.375 (0.375)	Speed 2730.770 (2730.770)	Loss 1.0287035704 (1.0287)	Prec@1 62.598 (62.598)	Prec@5 96.289 (96.289)
Epoch: [15][20/49]	Time 0.322 (0.349)	Speed 3176.024 (2936.615)	Loss 0.9506006837 (0.9897)	Prec@1 66.602 (64.600)	Prec@5 95.898 (96.094)
Epoch: [15][30/49]	Time 0.321 (0.340)	Speed 3188.285 (3015.971)	Loss 1.1099463701 (1.0298)	Prec@1 60.449 (63.216)	Prec@5 94.629 (95.605)
Epoch: [15][40/49]	Time 0.321 (0.335)	Speed 3189.903 (3057.652)	Loss 0.9953680038 (1.0212)	Prec@1 64.746 (63.599)	Prec@5 97.168 (95.996)
Test: [10/10]	Time 0.174 (0.250)	Speed 5892.299 (4101.040)	Loss 0.7247 (0.7692)	Prec@1 73.852 (73.440)	Prec@5 98.980 (98.160)
 * Prec@1 73.440 Prec@5 98.160
 * Prec@1 73.440 Prec@5 98.160
 * Prec@1 73.440 Prec@5 98.160
 * Prec@1 73.440 Prec@5 98.160
Epoch: [16][10/49]	Time 0.376 (0.376)	Speed 2723.226 (2723.226)	Loss 0.9775177240 (0.9775)	Prec@1 65.332 (65.332)	Prec@5 96.680 (96.680)
Epoch: [16][20/49]	Time 0.323 (0.350)	Speed 3168.983 (2929.244)	Loss 0.9863208532 (0.9819)	Prec@1 64.551 (64.941)	Prec@5 97.168 (96.924)
Epoch: [16][30/49]	Time 0.319 (0.339)	Speed 3209.802 (3017.150)	Loss 1.0013074875 (0.9884)	Prec@1 65.332 (65.072)	Prec@5 96.289 (96.712)
Epoch: [16][40/49]	Time 0.321 (0.335)	Speed 3189.948 (3058.570)	Loss 1.0202025175 (0.9963)	Prec@1 64.648 (64.966)	Prec@5 95.020 (96.289)
Test: [10/10]	Time 0.169 (0.241)	Speed 6054.656 (4249.128)	Loss 0.8322 (0.8348)	Prec@1 71.556 (71.430)	Prec@5 98.469 (98.070)
 * Prec@1 71.430 Prec@5 98.070
 * Prec@1 71.430 Prec@5 98.070
 * Prec@1 71.430 Prec@5 98.070
 * Prec@1 71.430 Prec@5 98.070
Epoch: [17][10/49]	Time 0.407 (0.407)	Speed 2514.954 (2514.954)	Loss 0.9379194975 (0.9379)	Prec@1 67.480 (67.480)	Prec@5 96.777 (96.777)
Epoch: [17][20/49]	Time 0.320 (0.363)	Speed 3204.738 (2818.253)	Loss 0.9776018262 (0.9578)	Prec@1 66.992 (67.236)	Prec@5 95.605 (96.191)
Epoch: [17][30/49]	Time 0.319 (0.349)	Speed 3205.415 (2936.479)	Loss 0.8837063313 (0.9331)	Prec@1 68.652 (67.708)	Prec@5 96.875 (96.419)
Epoch: [17][40/49]	Time 0.317 (0.341)	Speed 3225.348 (3003.734)	Loss 0.9471305609 (0.9366)	Prec@1 65.430 (67.139)	Prec@5 95.996 (96.313)
Test: [10/10]	Time 0.157 (0.232)	Speed 6515.009 (4409.254)	Loss 0.7886 (0.7836)	Prec@1 72.832 (73.090)	Prec@5 98.342 (97.970)
 * Prec@1 73.090 Prec@5 97.970
 * Prec@1 73.090 Prec@5 97.970
 * Prec@1 73.090 Prec@5 97.970
 * Prec@1 73.090 Prec@5 97.970
Epoch: [18][10/49]	Time 0.418 (0.418)	Speed 2449.835 (2449.835)	Loss 0.9085523486 (0.9086)	Prec@1 69.238 (69.238)	Prec@5 95.898 (95.898)
Epoch: [18][20/49]	Time 0.319 (0.368)	Speed 3214.076 (2780.395)	Loss 0.9247795343 (0.9167)	Prec@1 67.285 (68.262)	Prec@5 96.973 (96.436)
Epoch: [18][30/49]	Time 0.320 (0.352)	Speed 3198.730 (2907.128)	Loss 0.9660173655 (0.9331)	Prec@1 64.941 (67.155)	Prec@5 96.680 (96.517)
Epoch: [18][40/49]	Time 0.319 (0.344)	Speed 3207.390 (2976.797)	Loss 0.9112439752 (0.9276)	Prec@1 67.676 (67.285)	Prec@5 97.461 (96.753)
Test: [10/10]	Time 0.169 (0.234)	Speed 6049.360 (4368.414)	Loss 0.6536 (0.6756)	Prec@1 76.913 (76.430)	Prec@5 98.342 (98.450)
 * Prec@1 76.430 Prec@5 98.450
 * Prec@1 76.430 Prec@5 98.450
 * Prec@1 76.430 Prec@5 98.450
 * Prec@1 76.430 Prec@5 98.450
Epoch: [19][10/49]	Time 0.373 (0.373)	Speed 2743.949 (2743.949)	Loss 0.8059687018 (0.8060)	Prec@1 71.973 (71.973)	Prec@5 96.875 (96.875)
Epoch: [19][20/49]	Time 0.318 (0.345)	Speed 3222.685 (2964.111)	Loss 0.8679803610 (0.8370)	Prec@1 69.238 (70.605)	Prec@5 96.680 (96.777)
Epoch: [19][30/49]	Time 0.319 (0.337)	Speed 3212.880 (3042.641)	Loss 0.9071878791 (0.8604)	Prec@1 68.848 (70.020)	Prec@5 96.484 (96.680)
Epoch: [19][40/49]	Time 0.319 (0.332)	Speed 3212.370 (3083.369)	Loss 0.9172833562 (0.8746)	Prec@1 69.336 (69.849)	Prec@5 96.680 (96.680)
Test: [10/10]	Time 0.175 (0.237)	Speed 5837.909 (4311.991)	Loss 0.6980 (0.7262)	Prec@1 75.765 (75.660)	Prec@5 98.852 (98.440)
 * Prec@1 75.660 Prec@5 98.440
 * Prec@1 75.660 Prec@5 98.440
 * Prec@1 75.660 Prec@5 98.440
 * Prec@1 75.660 Prec@5 98.440
Epoch: [20][10/49]	Time 0.409 (0.409)	Speed 2501.553 (2501.553)	Loss 0.8405594826 (0.8406)	Prec@1 70.117 (70.117)	Prec@5 97.168 (97.168)
Epoch: [20][20/49]	Time 0.323 (0.366)	Speed 3175.036 (2798.342)	Loss 0.9073189497 (0.8739)	Prec@1 68.457 (69.287)	Prec@5 97.266 (97.217)
Epoch: [20][30/49]	Time 0.321 (0.351)	Speed 3185.570 (2916.517)	Loss 0.9149669409 (0.8876)	Prec@1 69.629 (69.401)	Prec@5 96.094 (96.842)
Epoch: [20][40/49]	Time 0.323 (0.344)	Speed 3169.214 (2975.836)	Loss 0.8023554683 (0.8663)	Prec@1 70.605 (69.702)	Prec@5 97.852 (97.095)
Test: [10/10]	Time 0.167 (0.232)	Speed 6119.756 (4411.827)	Loss 0.6701 (0.6612)	Prec@1 75.638 (77.050)	Prec@5 99.107 (98.780)
 * Prec@1 77.050 Prec@5 98.780
 * Prec@1 77.050 Prec@5 98.780
 * Prec@1 77.050 Prec@5 98.780
 * Prec@1 77.050 Prec@5 98.780
Epoch: [21][10/49]	Time 0.384 (0.384)	Speed 2664.972 (2664.972)	Loss 0.8468261957 (0.8468)	Prec@1 70.996 (70.996)	Prec@5 96.875 (96.875)
Epoch: [21][20/49]	Time 0.320 (0.352)	Speed 3198.592 (2907.501)	Loss 0.8614057899 (0.8541)	Prec@1 68.750 (69.873)	Prec@5 97.168 (97.021)
Epoch: [21][30/49]	Time 0.318 (0.341)	Speed 3219.520 (3004.563)	Loss 0.8490137458 (0.8524)	Prec@1 70.605 (70.117)	Prec@5 96.875 (96.973)
Epoch: [21][40/49]	Time 0.319 (0.335)	Speed 3206.677 (3052.665)	Loss 0.8396143913 (0.8492)	Prec@1 70.801 (70.288)	Prec@5 97.461 (97.095)
Test: [10/10]	Time 0.161 (0.217)	Speed 6348.046 (4721.606)	Loss 0.6617 (0.6510)	Prec@1 76.531 (77.450)	Prec@5 99.745 (98.810)
 * Prec@1 77.450 Prec@5 98.810
 * Prec@1 77.450 Prec@5 98.810
 * Prec@1 77.450 Prec@5 98.810
 * Prec@1 77.450 Prec@5 98.810
Epoch: [22][10/49]	Time 0.372 (0.372)	Speed 2753.556 (2753.556)	Loss 0.7876231074 (0.7876)	Prec@1 73.145 (73.145)	Prec@5 97.363 (97.363)
Epoch: [22][20/49]	Time 0.319 (0.346)	Speed 3207.921 (2963.423)	Loss 0.7764694691 (0.7820)	Prec@1 72.363 (72.754)	Prec@5 97.559 (97.461)
Epoch: [22][30/49]	Time 0.320 (0.337)	Speed 3199.506 (3038.149)	Loss 0.7630137205 (0.7757)	Prec@1 73.340 (72.949)	Prec@5 97.363 (97.428)
Epoch: [22][40/49]	Time 0.318 (0.332)	Speed 3215.844 (3080.706)	Loss 0.8168751001 (0.7860)	Prec@1 72.461 (72.827)	Prec@5 97.266 (97.388)
Test: [10/10]	Time 0.169 (0.230)	Speed 6063.187 (4448.768)	Loss 0.6281 (0.6385)	Prec@1 77.934 (77.870)	Prec@5 99.362 (98.790)
 * Prec@1 77.870 Prec@5 98.790
 * Prec@1 77.870 Prec@5 98.790
 * Prec@1 77.870 Prec@5 98.790
 * Prec@1 77.870 Prec@5 98.790
Epoch: [23][10/49]	Time 0.366 (0.366)	Speed 2797.546 (2797.546)	Loss 0.7751754522 (0.7752)	Prec@1 73.926 (73.926)	Prec@5 97.070 (97.070)
Epoch: [23][20/49]	Time 0.318 (0.342)	Speed 3220.491 (2994.156)	Loss 0.8494123816 (0.8123)	Prec@1 71.094 (72.510)	Prec@5 97.559 (97.314)
Epoch: [23][30/49]	Time 0.320 (0.335)	Speed 3203.221 (3060.745)	Loss 0.8028759956 (0.8092)	Prec@1 70.605 (71.875)	Prec@5 97.949 (97.526)
Epoch: [23][40/49]	Time 0.319 (0.331)	Speed 3208.833 (3096.470)	Loss 0.7462350130 (0.7934)	Prec@1 74.512 (72.534)	Prec@5 97.852 (97.607)
Test: [10/10]	Time 0.168 (0.230)	Speed 6079.760 (4447.008)	Loss 0.6384 (0.6373)	Prec@1 78.571 (77.890)	Prec@5 98.469 (98.610)
 * Prec@1 77.890 Prec@5 98.610
 * Prec@1 77.890 Prec@5 98.610
 * Prec@1 77.890 Prec@5 98.610
 * Prec@1 77.890 Prec@5 98.610
Epoch: [24][10/49]	Time 0.371 (0.371)	Speed 2761.618 (2761.618)	Loss 0.7707096338 (0.7707)	Prec@1 73.145 (73.145)	Prec@5 96.875 (96.875)
Epoch: [24][20/49]	Time 0.318 (0.344)	Speed 3221.831 (2974.026)	Loss 0.7988113165 (0.7848)	Prec@1 74.023 (73.584)	Prec@5 97.168 (97.021)
Epoch: [24][30/49]	Time 0.320 (0.336)	Speed 3200.958 (3046.008)	Loss 0.7279296517 (0.7658)	Prec@1 75.488 (74.219)	Prec@5 97.266 (97.103)
Epoch: [24][40/49]	Time 0.322 (0.333)	Speed 3182.702 (3079.069)	Loss 0.6888409257 (0.7466)	Prec@1 75.781 (74.609)	Prec@5 97.949 (97.314)
Test: [10/10]	Time 0.166 (0.237)	Speed 6153.292 (4328.465)	Loss 0.5386 (0.5688)	Prec@1 82.653 (80.430)	Prec@5 99.490 (98.970)
 * Prec@1 80.430 Prec@5 98.970
 * Prec@1 80.430 Prec@5 98.970
 * Prec@1 80.430 Prec@5 98.970
 * Prec@1 80.430 Prec@5 98.970
Epoch: [25][10/49]	Time 0.375 (0.375)	Speed 2732.318 (2732.318)	Loss 0.7178463936 (0.7178)	Prec@1 73.340 (73.340)	Prec@5 97.363 (97.363)
Epoch: [25][20/49]	Time 0.321 (0.348)	Speed 3190.234 (2943.573)	Loss 0.7164767385 (0.7172)	Prec@1 74.512 (73.926)	Prec@5 97.559 (97.461)
Epoch: [25][30/49]	Time 0.321 (0.339)	Speed 3192.105 (3022.003)	Loss 0.7452176809 (0.7265)	Prec@1 73.926 (73.926)	Prec@5 96.875 (97.266)
Epoch: [25][40/49]	Time 0.319 (0.334)	Speed 3205.905 (3065.972)	Loss 0.7977993488 (0.7443)	Prec@1 71.094 (73.218)	Prec@5 97.363 (97.290)
Test: [10/10]	Time 0.170 (0.230)	Speed 6021.964 (4448.505)	Loss 0.5379 (0.5390)	Prec@1 81.378 (81.590)	Prec@5 99.745 (99.140)
 * Prec@1 81.590 Prec@5 99.140
 * Prec@1 81.590 Prec@5 99.140
 * Prec@1 81.590 Prec@5 99.140
 * Prec@1 81.590 Prec@5 99.140
Epoch: [26][10/49]	Time 0.381 (0.381)	Speed 2684.593 (2684.593)	Loss 0.7533075809 (0.7533)	Prec@1 74.414 (74.414)	Prec@5 98.047 (98.047)
Epoch: [26][20/49]	Time 0.321 (0.351)	Speed 3190.620 (2915.815)	Loss 0.7951009274 (0.7742)	Prec@1 71.973 (73.193)	Prec@5 98.047 (98.047)
Epoch: [26][30/49]	Time 0.322 (0.342)	Speed 3178.533 (2998.425)	Loss 0.7297528982 (0.7594)	Prec@1 74.609 (73.665)	Prec@5 97.656 (97.917)
Epoch: [26][40/49]	Time 0.321 (0.336)	Speed 3194.451 (3045.141)	Loss 0.6463190317 (0.7311)	Prec@1 76.367 (74.341)	Prec@5 97.656 (97.852)
Test: [10/10]	Time 0.176 (0.233)	Speed 5819.897 (4399.407)	Loss 0.5283 (0.5347)	Prec@1 81.888 (81.860)	Prec@5 99.617 (99.300)
 * Prec@1 81.860 Prec@5 99.300
 * Prec@1 81.860 Prec@5 99.300
 * Prec@1 81.860 Prec@5 99.300
 * Prec@1 81.860 Prec@5 99.300
Epoch: [27][10/49]	Time 0.376 (0.376)	Speed 2726.290 (2726.290)	Loss 0.6487352848 (0.6487)	Prec@1 77.832 (77.832)	Prec@5 97.852 (97.852)
Epoch: [27][20/49]	Time 0.320 (0.348)	Speed 3200.609 (2944.470)	Loss 0.7367451191 (0.6927)	Prec@1 74.316 (76.074)	Prec@5 97.656 (97.754)
Epoch: [27][30/49]	Time 0.321 (0.339)	Speed 3190.550 (3022.168)	Loss 0.7664104700 (0.7173)	Prec@1 72.266 (74.805)	Prec@5 97.754 (97.754)
Epoch: [27][40/49]	Time 0.319 (0.334)	Speed 3209.394 (3066.896)	Loss 0.7329161763 (0.7212)	Prec@1 74.023 (74.609)	Prec@5 97.656 (97.729)
Test: [10/10]	Time 0.163 (0.244)	Speed 6278.292 (4195.161)	Loss 0.6914 (0.6582)	Prec@1 75.128 (77.740)	Prec@5 98.852 (98.610)
 * Prec@1 77.740 Prec@5 98.610
 * Prec@1 77.740 Prec@5 98.610
 * Prec@1 77.740 Prec@5 98.610
 * Prec@1 77.740 Prec@5 98.610
Epoch: [28][10/49]	Time 0.396 (0.396)	Speed 2589.087 (2589.087)	Loss 0.7077754140 (0.7078)	Prec@1 75.781 (75.781)	Prec@5 97.559 (97.559)
Epoch: [28][20/49]	Time 0.320 (0.358)	Speed 3195.905 (2860.670)	Loss 0.6126061678 (0.6602)	Prec@1 78.613 (77.197)	Prec@5 98.145 (97.852)
Epoch: [28][30/49]	Time 0.320 (0.345)	Speed 3198.149 (2964.960)	Loss 0.6913699508 (0.6706)	Prec@1 75.879 (76.758)	Prec@5 97.852 (97.852)
Epoch: [28][40/49]	Time 0.319 (0.339)	Speed 3212.380 (3023.172)	Loss 0.6846124530 (0.6741)	Prec@1 76.270 (76.636)	Prec@5 97.852 (97.852)
Test: [10/10]	Time 0.165 (0.233)	Speed 6219.750 (4402.927)	Loss 0.5383 (0.5399)	Prec@1 81.250 (81.890)	Prec@5 98.852 (99.110)
 * Prec@1 81.890 Prec@5 99.110
 * Prec@1 81.890 Prec@5 99.110
 * Prec@1 81.890 Prec@5 99.110
 * Prec@1 81.890 Prec@5 99.110
Epoch: [29][10/49]	Time 0.375 (0.375)	Speed 2727.845 (2727.845)	Loss 0.6974406242 (0.6974)	Prec@1 73.730 (73.730)	Prec@5 98.047 (98.047)
Epoch: [29][20/49]	Time 0.318 (0.347)	Speed 3223.105 (2954.866)	Loss 0.6376777291 (0.6676)	Prec@1 77.051 (75.391)	Prec@5 98.047 (98.047)
Epoch: [29][30/49]	Time 0.318 (0.337)	Speed 3218.388 (3037.777)	Loss 0.6906987429 (0.6753)	Prec@1 74.805 (75.195)	Prec@5 98.438 (98.177)
Epoch: [29][40/49]	Time 0.317 (0.332)	Speed 3226.785 (3082.922)	Loss 0.7467765212 (0.6931)	Prec@1 74.219 (74.951)	Prec@5 96.875 (97.852)
Test: [10/10]	Time 0.177 (0.231)	Speed 5781.968 (4428.779)	Loss 0.4939 (0.5207)	Prec@1 82.398 (82.150)	Prec@5 99.362 (99.260)
 * Prec@1 82.150 Prec@5 99.260
 * Prec@1 82.150 Prec@5 99.260
 * Prec@1 82.150 Prec@5 99.260
 * Prec@1 82.150 Prec@5 99.260
Epoch: [30][10/49]	Time 0.373 (0.373)	Speed 2741.674 (2741.674)	Loss 0.6258220673 (0.6258)	Prec@1 78.516 (78.516)	Prec@5 98.242 (98.242)
Epoch: [30][20/49]	Time 0.319 (0.346)	Speed 3209.493 (2957.196)	Loss 0.5961263776 (0.6110)	Prec@1 82.227 (80.371)	Prec@5 97.949 (98.096)
Epoch: [30][30/49]	Time 0.319 (0.337)	Speed 3209.239 (3036.693)	Loss 0.6215165854 (0.6145)	Prec@1 77.441 (79.395)	Prec@5 98.242 (98.145)
Epoch: [30][40/49]	Time 0.319 (0.333)	Speed 3212.215 (3078.751)	Loss 0.5655559897 (0.6023)	Prec@1 79.102 (79.321)	Prec@5 98.730 (98.291)
 * Prec@1 87.410 Prec@5 99.590
 * Prec@1 87.410 Prec@5 99.590
Test: [10/10]	Time 0.175 (0.238)	Speed 5856.569 (4298.052)	Loss 0.3725 (0.3868)	Prec@1 86.607 (87.410)	Prec@5 99.872 (99.590)
 * Prec@1 87.410 Prec@5 99.590
 * Prec@1 87.410 Prec@5 99.590
Epoch: [31][10/49]	Time 0.380 (0.380)	Speed 2695.016 (2695.016)	Loss 0.5493944287 (0.5494)	Prec@1 79.688 (79.688)	Prec@5 98.145 (98.145)
Epoch: [31][20/49]	Time 0.319 (0.350)	Speed 3209.171 (2929.706)	Loss 0.5459515452 (0.5477)	Prec@1 80.762 (80.225)	Prec@5 98.633 (98.389)
Epoch: [31][30/49]	Time 0.318 (0.339)	Speed 3220.193 (3020.532)	Loss 0.6080347300 (0.5678)	Prec@1 79.102 (79.850)	Prec@5 97.559 (98.112)
Epoch: [31][40/49]	Time 0.320 (0.334)	Speed 3198.619 (3063.168)	Loss 0.5668333769 (0.5676)	Prec@1 80.371 (79.980)	Prec@5 98.926 (98.315)
Test: [10/10]	Time 0.168 (0.228)	Speed 6081.929 (4497.127)	Loss 0.3741 (0.3722)	Prec@1 86.224 (87.270)	Prec@5 99.617 (99.650)
 * Prec@1 87.270 Prec@5 99.650
 * Prec@1 87.270 Prec@5 99.650
 * Prec@1 87.270 Prec@5 99.650
 * Prec@1 87.270 Prec@5 99.650
Epoch: [32][10/49]	Time 0.408 (0.408)	Speed 2507.078 (2507.078)	Loss 0.4870654941 (0.4871)	Prec@1 83.105 (83.105)	Prec@5 98.535 (98.535)
Epoch: [32][20/49]	Time 0.322 (0.365)	Speed 3183.565 (2805.112)	Loss 0.5218552351 (0.5045)	Prec@1 82.324 (82.715)	Prec@5 98.730 (98.633)
Epoch: [32][30/49]	Time 0.318 (0.349)	Speed 3217.081 (2930.189)	Loss 0.5321044326 (0.5137)	Prec@1 81.543 (82.324)	Prec@5 98.730 (98.665)
Epoch: [32][40/49]	Time 0.320 (0.342)	Speed 3203.302 (2994.006)	Loss 0.5288236737 (0.5175)	Prec@1 82.617 (82.397)	Prec@5 99.023 (98.755)
Test: [10/10]	Time 0.160 (0.229)	Speed 6382.298 (4477.306)	Loss 0.3643 (0.3703)	Prec@1 86.224 (87.400)	Prec@5 99.872 (99.640)
 * Prec@1 87.400 Prec@5 99.640
 * Prec@1 87.400 Prec@5 99.640
 * Prec@1 87.400 Prec@5 99.640
 * Prec@1 87.400 Prec@5 99.640
Epoch: [33][10/49]	Time 0.408 (0.408)	Speed 2512.386 (2512.386)	Loss 0.5486125946 (0.5486)	Prec@1 81.543 (81.543)	Prec@5 98.438 (98.438)
Epoch: [33][20/49]	Time 0.319 (0.363)	Speed 3210.944 (2819.034)	Loss 0.5224506259 (0.5355)	Prec@1 81.738 (81.641)	Prec@5 98.535 (98.486)
Epoch: [33][30/49]	Time 0.319 (0.349)	Speed 3207.027 (2937.496)	Loss 0.4663616121 (0.5125)	Prec@1 83.008 (82.096)	Prec@5 99.023 (98.665)
Epoch: [33][40/49]	Time 0.317 (0.341)	Speed 3229.322 (3005.393)	Loss 0.5216225982 (0.5148)	Prec@1 82.617 (82.227)	Prec@5 98.828 (98.706)
Test: [10/10]	Time 0.174 (0.224)	Speed 5868.853 (4562.827)	Loss 0.3656 (0.3673)	Prec@1 86.735 (87.620)	Prec@5 99.872 (99.590)
 * Prec@1 87.620 Prec@5 99.590
 * Prec@1 87.620 Prec@5 99.590
 * Prec@1 87.620 Prec@5 99.590
 * Prec@1 87.620 Prec@5 99.590
Epoch: [34][10/49]	Time 0.374 (0.374)	Speed 2736.926 (2736.926)	Loss 0.5223893523 (0.5224)	Prec@1 81.250 (81.250)	Prec@5 99.121 (99.121)
Epoch: [34][20/49]	Time 0.321 (0.348)	Speed 3187.077 (2944.898)	Loss 0.5015853047 (0.5120)	Prec@1 82.129 (81.689)	Prec@5 98.633 (98.877)
Epoch: [34][30/49]	Time 0.321 (0.339)	Speed 3193.017 (3023.206)	Loss 0.5579528809 (0.5273)	Prec@1 81.152 (81.510)	Prec@5 98.438 (98.730)
Epoch: [34][40/49]	Time 0.320 (0.334)	Speed 3203.646 (3066.383)	Loss 0.4452420175 (0.5068)	Prec@1 85.156 (82.422)	Prec@5 98.438 (98.657)
Test: [10/10]	Time 0.167 (0.234)	Speed 6138.518 (4366.761)	Loss 0.3789 (0.3567)	Prec@1 86.352 (87.870)	Prec@5 99.745 (99.600)
 * Prec@1 87.870 Prec@5 99.600
 * Prec@1 87.870 Prec@5 99.600
 * Prec@1 87.870 Prec@5 99.600
 * Prec@1 87.870 Prec@5 99.600
Epoch: [35][10/49]	Time 0.380 (0.380)	Speed 2691.610 (2691.610)	Loss 0.4151678383 (0.4152)	Prec@1 84.668 (84.668)	Prec@5 99.121 (99.121)
Epoch: [35][20/49]	Time 0.321 (0.351)	Speed 3185.090 (2917.631)	Loss 0.5015386343 (0.4584)	Prec@1 81.934 (83.301)	Prec@5 99.316 (99.219)
Epoch: [35][30/49]	Time 0.319 (0.340)	Speed 3208.193 (3008.455)	Loss 0.5046761036 (0.4738)	Prec@1 83.301 (83.301)	Prec@5 98.535 (98.991)
Epoch: [35][40/49]	Time 0.319 (0.335)	Speed 3211.574 (3056.787)	Loss 0.4691154957 (0.4726)	Prec@1 84.180 (83.521)	Prec@5 98.535 (98.877)
Test: [10/10]	Time 0.164 (0.237)	Speed 6243.665 (4325.003)	Loss 0.3544 (0.3599)	Prec@1 87.755 (87.710)	Prec@5 100.000 (99.620)
 * Prec@1 87.710 Prec@5 99.620
 * Prec@1 87.710 Prec@5 99.620
 * Prec@1 87.710 Prec@5 99.620
 * Prec@1 87.710 Prec@5 99.620
Epoch: [36][10/49]	Time 0.409 (0.409)	Speed 2503.959 (2503.959)	Loss 0.5282756686 (0.5283)	Prec@1 82.324 (82.324)	Prec@5 98.730 (98.730)
Epoch: [36][20/49]	Time 0.320 (0.364)	Speed 3203.723 (2810.945)	Loss 0.4848336577 (0.5066)	Prec@1 83.301 (82.812)	Prec@5 98.145 (98.438)
Epoch: [36][30/49]	Time 0.319 (0.349)	Speed 3206.623 (2931.523)	Loss 0.4812413454 (0.4981)	Prec@1 84.277 (83.301)	Prec@5 98.438 (98.438)
Epoch: [36][40/49]	Time 0.318 (0.342)	Speed 3218.912 (2998.449)	Loss 0.5101395845 (0.5011)	Prec@1 83.203 (83.276)	Prec@5 98.633 (98.486)
Test: [10/10]	Time 0.162 (0.236)	Speed 6340.530 (4329.810)	Loss 0.3631 (0.3653)	Prec@1 86.862 (88.040)	Prec@5 99.745 (99.650)
 * Prec@1 88.040 Prec@5 99.650
 * Prec@1 88.040 Prec@5 99.650
 * Prec@1 88.040 Prec@5 99.650
 * Prec@1 88.040 Prec@5 99.650
Epoch: [37][10/49]	Time 0.378 (0.378)	Speed 2712.551 (2712.551)	Loss 0.4610257745 (0.4610)	Prec@1 84.277 (84.277)	Prec@5 98.926 (98.926)
Epoch: [37][20/49]	Time 0.318 (0.348)	Speed 3220.878 (2944.939)	Loss 0.4709152877 (0.4660)	Prec@1 84.180 (84.229)	Prec@5 98.535 (98.730)
Epoch: [37][30/49]	Time 0.318 (0.338)	Speed 3223.300 (3032.226)	Loss 0.4713779092 (0.4678)	Prec@1 84.375 (84.277)	Prec@5 98.438 (98.633)
Epoch: [37][40/49]	Time 0.319 (0.333)	Speed 3205.707 (3073.812)	Loss 0.5038603544 (0.4768)	Prec@1 81.934 (83.691)	Prec@5 98.828 (98.682)
Test: [10/10]	Time 0.172 (0.225)	Speed 5953.714 (4544.845)	Loss 0.3548 (0.3564)	Prec@1 87.755 (88.120)	Prec@5 99.872 (99.660)
 * Prec@1 88.120 Prec@5 99.660
 * Prec@1 88.120 Prec@5 99.660
 * Prec@1 88.120 Prec@5 99.660
 * Prec@1 88.120 Prec@5 99.660
Epoch: [38][10/49]	Time 0.394 (0.394)	Speed 2595.907 (2595.907)	Loss 0.4994371831 (0.4994)	Prec@1 82.715 (82.715)	Prec@5 99.121 (99.121)
Epoch: [38][20/49]	Time 0.320 (0.357)	Speed 3200.183 (2866.546)	Loss 0.4817502797 (0.4906)	Prec@1 83.105 (82.910)	Prec@5 98.828 (98.975)
Epoch: [38][30/49]	Time 0.321 (0.345)	Speed 3193.391 (2967.798)	Loss 0.4303517044 (0.4705)	Prec@1 84.473 (83.431)	Prec@5 98.926 (98.958)
Epoch: [38][40/49]	Time 0.320 (0.339)	Speed 3195.308 (3021.583)	Loss 0.4513440728 (0.4657)	Prec@1 84.766 (83.765)	Prec@5 98.828 (98.926)
Test: [10/10]	Time 0.183 (0.237)	Speed 5609.555 (4315.425)	Loss 0.3597 (0.3592)	Prec@1 87.755 (88.160)	Prec@5 99.617 (99.610)
 * Prec@1 88.160 Prec@5 99.610
 * Prec@1 88.160 Prec@5 99.610
 * Prec@1 88.160 Prec@5 99.610
 * Prec@1 88.160 Prec@5 99.610
Epoch: [39][10/49]	Time 0.390 (0.390)	Speed 2623.175 (2623.175)	Loss 0.5057762861 (0.5058)	Prec@1 82.617 (82.617)	Prec@5 98.828 (98.828)
Epoch: [39][20/49]	Time 0.320 (0.355)	Speed 3202.291 (2883.948)	Loss 0.4566049874 (0.4812)	Prec@1 83.008 (82.812)	Prec@5 98.438 (98.633)
Epoch: [39][30/49]	Time 0.321 (0.344)	Speed 3191.358 (2979.619)	Loss 0.4773859382 (0.4799)	Prec@1 83.496 (83.040)	Prec@5 99.121 (98.796)
Epoch: [39][40/49]	Time 0.318 (0.337)	Speed 3221.933 (3036.715)	Loss 0.4647642970 (0.4761)	Prec@1 84.082 (83.301)	Prec@5 98.535 (98.730)
Test: [10/10]	Time 0.180 (0.229)	Speed 5684.625 (4475.030)	Loss 0.3510 (0.3568)	Prec@1 87.755 (88.400)	Prec@5 99.872 (99.660)
 * Prec@1 88.400 Prec@5 99.660
 * Prec@1 88.400 Prec@5 99.660
 * Prec@1 88.400 Prec@5 99.660
 * Prec@1 88.400 Prec@5 99.660
Epoch: [40][10/49]	Time 0.377 (0.377)	Speed 2719.315 (2719.315)	Loss 0.4882143438 (0.4882)	Prec@1 83.105 (83.105)	Prec@5 98.535 (98.535)
Epoch: [40][20/49]	Time 0.321 (0.349)	Speed 3194.194 (2937.687)	Loss 0.4222711623 (0.4552)	Prec@1 84.961 (84.033)	Prec@5 98.926 (98.730)
Epoch: [40][30/49]	Time 0.322 (0.340)	Speed 3182.946 (3015.130)	Loss 0.4283326864 (0.4463)	Prec@1 87.207 (85.091)	Prec@5 98.828 (98.763)
Epoch: [40][40/49]	Time 0.319 (0.335)	Speed 3208.202 (3061.186)	Loss 0.4940456748 (0.4582)	Prec@1 83.203 (84.619)	Prec@5 98.535 (98.706)
Test: [10/10]	Time 0.175 (0.234)	Speed 5850.689 (4376.847)	Loss 0.3716 (0.3656)	Prec@1 87.883 (88.060)	Prec@5 99.872 (99.690)
 * Prec@1 88.060 Prec@5 99.690
 * Prec@1 88.060 Prec@5 99.690
 * Prec@1 88.060 Prec@5 99.690
 * Prec@1 88.060 Prec@5 99.690
Epoch: [41][10/49]	Time 0.408 (0.408)	Speed 2512.376 (2512.376)	Loss 0.4643879533 (0.4644)	Prec@1 84.375 (84.375)	Prec@5 99.219 (99.219)
Epoch: [41][20/49]	Time 0.319 (0.363)	Speed 3212.751 (2819.724)	Loss 0.3878839016 (0.4261)	Prec@1 87.402 (85.889)	Prec@5 98.828 (99.023)
Epoch: [41][30/49]	Time 0.321 (0.349)	Speed 3191.182 (2933.547)	Loss 0.4028008878 (0.4184)	Prec@1 85.547 (85.775)	Prec@5 98.535 (98.861)
Epoch: [41][40/49]	Time 0.319 (0.342)	Speed 3210.021 (2998.103)	Loss 0.4970976412 (0.4380)	Prec@1 83.496 (85.205)	Prec@5 98.438 (98.755)
Test: [10/10]	Time 0.168 (0.239)	Speed 6112.893 (4281.711)	Loss 0.3481 (0.3525)	Prec@1 87.755 (88.330)	Prec@5 99.872 (99.710)
 * Prec@1 88.330 Prec@5 99.710
 * Prec@1 88.330 Prec@5 99.710
 * Prec@1 88.330 Prec@5 99.710
 * Prec@1 88.330 Prec@5 99.710
Epoch: [42][10/49]	Time 0.412 (0.412)	Speed 2486.519 (2486.519)	Loss 0.4247384667 (0.4247)	Prec@1 85.254 (85.254)	Prec@5 99.023 (99.023)
Epoch: [42][20/49]	Time 0.317 (0.364)	Speed 3231.184 (2810.360)	Loss 0.4402099252 (0.4325)	Prec@1 84.863 (85.059)	Prec@5 99.023 (99.023)
Epoch: [42][30/49]	Time 0.316 (0.348)	Speed 3235.861 (2939.190)	Loss 0.4736470580 (0.4462)	Prec@1 83.008 (84.375)	Prec@5 98.438 (98.828)
Epoch: [42][40/49]	Time 0.319 (0.341)	Speed 3212.563 (3003.077)	Loss 0.4701865613 (0.4522)	Prec@1 84.766 (84.473)	Prec@5 98.633 (98.779)
Test: [10/10]	Time 0.175 (0.231)	Speed 5839.624 (4437.615)	Loss 0.3361 (0.3367)	Prec@1 88.138 (88.880)	Prec@5 99.872 (99.700)
 * Prec@1 88.880 Prec@5 99.700
 * Prec@1 88.880 Prec@5 99.700
 * Prec@1 88.880 Prec@5 99.700
 * Prec@1 88.880 Prec@5 99.700
Epoch: [43][10/49]	Time 0.383 (0.383)	Speed 2676.365 (2676.365)	Loss 0.4758169651 (0.4758)	Prec@1 83.008 (83.008)	Prec@5 98.633 (98.633)
Epoch: [43][20/49]	Time 0.319 (0.351)	Speed 3213.776 (2920.554)	Loss 0.4484361410 (0.4621)	Prec@1 84.961 (83.984)	Prec@5 99.023 (98.828)
Epoch: [43][30/49]	Time 0.318 (0.340)	Speed 3218.345 (3013.500)	Loss 0.4411182702 (0.4551)	Prec@1 84.668 (84.212)	Prec@5 99.023 (98.893)
Epoch: [43][40/49]	Time 0.320 (0.335)	Speed 3196.678 (3057.298)	Loss 0.4327769279 (0.4495)	Prec@1 84.863 (84.375)	Prec@5 99.023 (98.926)
Test: [10/10]	Time 0.166 (0.246)	Speed 6173.547 (4170.232)	Loss 0.3313 (0.3400)	Prec@1 88.265 (88.910)	Prec@5 99.745 (99.710)
 * Prec@1 88.910 Prec@5 99.710
 * Prec@1 88.910 Prec@5 99.710
 * Prec@1 88.910 Prec@5 99.710
 * Prec@1 88.910 Prec@5 99.710
Epoch: [44][10/49]	Time 0.375 (0.375)	Speed 2732.036 (2732.036)	Loss 0.4498633444 (0.4499)	Prec@1 84.473 (84.473)	Prec@5 98.828 (98.828)
Epoch: [44][20/49]	Time 0.321 (0.348)	Speed 3188.519 (2942.680)	Loss 0.4426219463 (0.4462)	Prec@1 84.961 (84.717)	Prec@5 98.926 (98.877)
Epoch: [44][30/49]	Time 0.322 (0.339)	Speed 3179.833 (3017.700)	Loss 0.4915127158 (0.4613)	Prec@1 83.691 (84.375)	Prec@5 99.219 (98.991)
Epoch: [44][40/49]	Time 0.319 (0.334)	Speed 3207.825 (3063.087)	Loss 0.4878553152 (0.4680)	Prec@1 83.496 (84.155)	Prec@5 98.633 (98.901)
 * Prec@1 88.820 Prec@5 99.660
 * Prec@1 88.820 Prec@5 99.660
 * Prec@1 88.820 Prec@5 99.660
Test: [10/10]	Time 0.182 (0.230)	Speed 5617.354 (4457.750)	Loss 0.3337 (0.3457)	Prec@1 88.138 (88.820)	Prec@5 99.872 (99.660)
 * Prec@1 88.820 Prec@5 99.660
Epoch: [45][10/49]	Time 0.418 (0.418)	Speed 2451.912 (2451.912)	Loss 0.4355081022 (0.4355)	Prec@1 83.984 (83.984)	Prec@5 99.121 (99.121)
Epoch: [45][20/49]	Time 0.323 (0.370)	Speed 3168.124 (2764.382)	Loss 0.4424127042 (0.4390)	Prec@1 84.863 (84.424)	Prec@5 98.730 (98.926)
Epoch: [45][30/49]	Time 0.323 (0.355)	Speed 3170.651 (2887.720)	Loss 0.4865261912 (0.4548)	Prec@1 83.203 (84.017)	Prec@5 98.926 (98.926)
Epoch: [45][40/49]	Time 0.319 (0.346)	Speed 3205.948 (2961.204)	Loss 0.4853257537 (0.4624)	Prec@1 83.691 (83.936)	Prec@5 98.633 (98.853)
 * Prec@1 88.740 Prec@5 99.700
 * Prec@1 88.740 Prec@5 99.700
 * Prec@1 88.740 Prec@5 99.700
Test: [10/10]	Time 0.166 (0.235)	Speed 6154.941 (4356.284)	Loss 0.3362 (0.3516)	Prec@1 87.755 (88.740)	Prec@5 100.000 (99.700)
 * Prec@1 88.740 Prec@5 99.700
Epoch: [46][10/49]	Time 0.397 (0.397)	Speed 2581.532 (2581.532)	Loss 0.3922218084 (0.3922)	Prec@1 86.816 (86.816)	Prec@5 99.316 (99.316)
Epoch: [46][20/49]	Time 0.320 (0.358)	Speed 3201.047 (2858.104)	Loss 0.4746607840 (0.4334)	Prec@1 83.984 (85.400)	Prec@5 98.828 (99.072)
Epoch: [46][30/49]	Time 0.322 (0.346)	Speed 3185.051 (2959.364)	Loss 0.4249443412 (0.4306)	Prec@1 85.059 (85.286)	Prec@5 98.926 (99.023)
Epoch: [46][40/49]	Time 0.319 (0.339)	Speed 3208.505 (3017.950)	Loss 0.4867513776 (0.4446)	Prec@1 83.105 (84.741)	Prec@5 98.145 (98.804)
Test: [10/10]	Time 0.167 (0.232)	Speed 6128.069 (4418.152)	Loss 0.3344 (0.3337)	Prec@1 87.372 (89.000)	Prec@5 99.872 (99.710)
 * Prec@1 89.000 Prec@5 99.710
 * Prec@1 89.000 Prec@5 99.710
 * Prec@1 89.000 Prec@5 99.710
 * Prec@1 89.000 Prec@5 99.710
Epoch: [47][10/49]	Time 0.372 (0.372)	Speed 2750.311 (2750.311)	Loss 0.4268755317 (0.4269)	Prec@1 84.375 (84.375)	Prec@5 98.535 (98.535)
Epoch: [47][20/49]	Time 0.318 (0.345)	Speed 3223.818 (2968.300)	Loss 0.4133042693 (0.4201)	Prec@1 85.742 (85.059)	Prec@5 98.535 (98.535)
Epoch: [47][30/49]	Time 0.322 (0.337)	Speed 3185.065 (3037.200)	Loss 0.4226483703 (0.4209)	Prec@1 86.816 (85.645)	Prec@5 98.926 (98.665)
Epoch: [47][40/49]	Time 0.319 (0.333)	Speed 3209.813 (3078.589)	Loss 0.4113140702 (0.4185)	Prec@1 85.645 (85.645)	Prec@5 99.316 (98.828)
Test: [10/10]	Time 0.159 (0.236)	Speed 6425.840 (4346.850)	Loss 0.3356 (0.3559)	Prec@1 88.393 (88.610)	Prec@5 99.745 (99.600)
 * Prec@1 88.610 Prec@5 99.600
 * Prec@1 88.610 Prec@5 99.600
 * Prec@1 88.610 Prec@5 99.600
 * Prec@1 88.610 Prec@5 99.600
Epoch: [48][10/49]	Time 0.405 (0.405)	Speed 2528.413 (2528.413)	Loss 0.3961203396 (0.3961)	Prec@1 85.645 (85.645)	Prec@5 99.219 (99.219)
Epoch: [48][20/49]	Time 0.318 (0.361)	Speed 3221.486 (2833.179)	Loss 0.4433343410 (0.4197)	Prec@1 83.105 (84.375)	Prec@5 99.023 (99.121)
Epoch: [48][30/49]	Time 0.319 (0.347)	Speed 3209.841 (2948.511)	Loss 0.4145286679 (0.4180)	Prec@1 84.668 (84.473)	Prec@5 98.828 (99.023)
Epoch: [48][40/49]	Time 0.318 (0.340)	Speed 3217.418 (3011.434)	Loss 0.4307791889 (0.4212)	Prec@1 84.668 (84.521)	Prec@5 99.121 (99.048)
Test: [10/10]	Time 0.176 (0.244)	Speed 5817.295 (4192.840)	Loss 0.3341 (0.3480)	Prec@1 87.500 (88.720)	Prec@5 99.745 (99.610)
 * Prec@1 88.720 Prec@5 99.610
 * Prec@1 88.720 Prec@5 99.610
 * Prec@1 88.720 Prec@5 99.610
 * Prec@1 88.720 Prec@5 99.610
Epoch: [49][10/49]	Time 0.407 (0.407)	Speed 2517.966 (2517.966)	Loss 0.4932892919 (0.4933)	Prec@1 82.031 (82.031)	Prec@5 98.730 (98.730)
Epoch: [49][20/49]	Time 0.317 (0.362)	Speed 3234.281 (2831.523)	Loss 0.4101628363 (0.4517)	Prec@1 85.645 (83.838)	Prec@5 98.828 (98.779)
Epoch: [49][30/49]	Time 0.319 (0.348)	Speed 3207.476 (2946.650)	Loss 0.4640157521 (0.4558)	Prec@1 83.984 (83.887)	Prec@5 99.121 (98.893)
Epoch: [49][40/49]	Time 0.319 (0.340)	Speed 3214.048 (3009.240)	Loss 0.4143489003 (0.4455)	Prec@1 85.840 (84.375)	Prec@5 98.828 (98.877)
Test: [10/10]	Time 0.173 (0.227)	Speed 5930.686 (4520.121)	Loss 0.3248 (0.3419)	Prec@1 87.755 (88.960)	Prec@5 100.000 (99.720)
 * Prec@1 88.960 Prec@5 99.720
 * Prec@1 88.960 Prec@5 99.720
 * Prec@1 88.960 Prec@5 99.720
 * Prec@1 88.960 Prec@5 99.720
