opt_level = O1
keep_batchnorm_fp32 = None <class 'NoneType'>
loss_scale = None <class 'NoneType'>

CUDNN VERSION: 7600

opt_level = O1
keep_batchnorm_fp32 = None <class 'NoneType'>
loss_scale = None <class 'NoneType'>

CUDNN VERSION: 7600

opt_level = O1
keep_batchnorm_fp32 = None <class 'NoneType'>
loss_scale = None <class 'NoneType'>

CUDNN VERSION: 7600

opt_level = O1
keep_batchnorm_fp32 = None <class 'NoneType'>
loss_scale = None <class 'NoneType'>

CUDNN VERSION: 7600

=> creating model 'resnet50'
=> creating model 'resnet50'
=> creating model 'resnet50'
=> creating model 'resnet50'
Selected optimization level O1:  Insert automatic casts around Pytorch functions and Tensor methods.

Defaults for this optimization level are:
enabled                : True
opt_level              : O1
cast_model_type        : None
patch_torch_functions  : True
keep_batchnorm_fp32    : None
master_weights         : None
loss_scale             : dynamic
Processing user overrides (additional kwargs that are not None)...
After processing overrides, optimization options are:
enabled                : True
opt_level              : O1
cast_model_type        : None
patch_torch_functions  : True
keep_batchnorm_fp32    : None
master_weights         : None
loss_scale             : dynamic
Files already downloaded and verified
Files already downloaded and verified
Files already downloaded and verified
Files already downloaded and verified
Files already downloaded and verified
Files already downloaded and verified
Files already downloaded and verified
Files already downloaded and verified
Gradient overflow.  Skipping step, loss scaler 0 reducing loss scale to 32768.0
Gradient overflow.  Skipping step, loss scaler 0 reducing loss scale to 32768.0
Gradient overflow.  Skipping step, loss scaler 0 reducing loss scale to 32768.0
Gradient overflow.  Skipping step, loss scaler 0 reducing loss scale to 32768.0
Gradient overflow.  Skipping step, loss scaler 0 reducing loss scale to 16384.0
Gradient overflow.  Skipping step, loss scaler 0 reducing loss scale to 16384.0
Gradient overflow.  Skipping step, loss scaler 0 reducing loss scale to 16384.0
Gradient overflow.  Skipping step, loss scaler 0 reducing loss scale to 16384.0
Gradient overflow.  Skipping step, loss scaler 0 reducing loss scale to 8192.0
Gradient overflow.  Skipping step, loss scaler 0 reducing loss scale to 8192.0
Gradient overflow.  Skipping step, loss scaler 0 reducing loss scale to 8192.0
Gradient overflow.  Skipping step, loss scaler 0 reducing loss scale to 8192.0
Epoch: [0][10/49]	Time 1.465 (1.465)	Speed 698.786 (698.786)	Loss 3.1354548931 (3.1355)	Prec@1 13.086 (13.086)	Prec@5 51.953 (51.953)
Epoch: [0][20/49]	Time 0.320 (0.893)	Speed 3199.219 (1147.032)	Loss 5.1986427307 (4.1670)	Prec@1 9.180 (11.133)	Prec@5 51.270 (51.611)
Epoch: [0][30/49]	Time 0.321 (0.702)	Speed 3190.804 (1458.413)	Loss 5.7186918259 (4.6843)	Prec@1 12.598 (11.621)	Prec@5 53.418 (52.214)
Epoch: [0][40/49]	Time 0.317 (0.606)	Speed 3225.870 (1689.885)	Loss 2.9536819458 (4.2516)	Prec@1 11.426 (11.572)	Prec@5 50.098 (51.685)
 * Prec@1 10.120 Prec@5 50.240
Test: [10/10]	Time 2.140 (0.426)	Speed 478.511 (2404.943)	Loss 78.4225 (76.7845)	Prec@1 11.862 (10.120)	Prec@5 49.872 (50.240)
 * Prec@1 10.120 Prec@5 50.240
 * Prec@1 10.120 Prec@5 50.240
 * Prec@1 10.120 Prec@5 50.240
Epoch: [1][10/49]	Time 0.382 (0.382)	Speed 2680.408 (2680.408)	Loss 2.2970166206 (2.2970)	Prec@1 13.086 (13.086)	Prec@5 58.398 (58.398)
Epoch: [1][20/49]	Time 0.323 (0.353)	Speed 3169.938 (2904.692)	Loss 2.2212102413 (2.2591)	Prec@1 17.090 (15.088)	Prec@5 65.234 (61.816)
Epoch: [1][30/49]	Time 0.322 (0.342)	Speed 3183.628 (2992.077)	Loss 2.1660413742 (2.2281)	Prec@1 18.457 (16.211)	Prec@5 72.852 (65.495)
Epoch: [1][40/49]	Time 0.323 (0.337)	Speed 3168.372 (3034.285)	Loss 2.0971119404 (2.1953)	Prec@1 21.582 (17.554)	Prec@5 75.293 (67.944)
 * Prec@1 22.680 Prec@5 79.650
Test: [10/10]	Time 0.172 (0.231)	Speed 5965.812 (4431.239)	Loss 2.0190 (2.0167)	Prec@1 20.918 (22.680)	Prec@5 80.230 (79.650)
 * Prec@1 22.680 Prec@5 79.650
 * Prec@1 22.680 Prec@5 79.650
 * Prec@1 22.680 Prec@5 79.650
Epoch: [2][10/49]	Time 0.385 (0.385)	Speed 2656.777 (2656.777)	Loss 1.9749159813 (1.9749)	Prec@1 23.828 (23.828)	Prec@5 80.469 (80.469)
Epoch: [2][20/49]	Time 0.323 (0.354)	Speed 3170.120 (2890.836)	Loss 1.9500895739 (1.9625)	Prec@1 27.441 (25.635)	Prec@5 81.445 (80.957)
Epoch: [2][30/49]	Time 0.327 (0.345)	Speed 3135.097 (2967.915)	Loss 1.9103733301 (1.9451)	Prec@1 25.684 (25.651)	Prec@5 82.812 (81.576)
Epoch: [2][40/49]	Time 0.324 (0.340)	Speed 3164.225 (3014.673)	Loss 1.9141209126 (1.9374)	Prec@1 28.906 (26.465)	Prec@5 81.445 (81.543)
Test: [10/10]	Time 0.163 (0.238)	Speed 6288.468 (4294.764)	Loss 2.0303 (2.0569)	Prec@1 23.087 (23.340)	Prec@5 79.847 (79.210)
 * Prec@1 23.340 Prec@5 79.210
 * Prec@1 23.340 Prec@5 79.210
 * Prec@1 23.340 Prec@5 79.210
 * Prec@1 23.340 Prec@5 79.210
Epoch: [3][10/49]	Time 0.388 (0.388)	Speed 2642.260 (2642.260)	Loss 1.8529403210 (1.8529)	Prec@1 31.543 (31.543)	Prec@5 84.082 (84.082)
Epoch: [3][20/49]	Time 0.323 (0.355)	Speed 3169.875 (2882.119)	Loss 1.8179790974 (1.8355)	Prec@1 33.203 (32.373)	Prec@5 85.156 (84.619)
Epoch: [3][30/49]	Time 0.323 (0.344)	Speed 3174.342 (2973.360)	Loss 1.8137135506 (1.8282)	Prec@1 31.738 (32.161)	Prec@5 85.547 (84.928)
Epoch: [3][40/49]	Time 0.324 (0.339)	Speed 3158.661 (3017.616)	Loss 1.8767029047 (1.8403)	Prec@1 29.785 (31.567)	Prec@5 82.715 (84.375)
Test: [10/10]	Time 0.163 (0.222)	Speed 6284.162 (4619.046)	Loss 1.8061 (1.8342)	Prec@1 32.270 (30.590)	Prec@5 85.969 (86.360)
 * Prec@1 30.590 Prec@5 86.360
 * Prec@1 30.590 Prec@5 86.360
 * Prec@1 30.590 Prec@5 86.360
 * Prec@1 30.590 Prec@5 86.360
Epoch: [4][10/49]	Time 0.380 (0.380)	Speed 2695.636 (2695.636)	Loss 1.8401250839 (1.8401)	Prec@1 32.227 (32.227)	Prec@5 84.375 (84.375)
Epoch: [4][20/49]	Time 0.324 (0.352)	Speed 3163.719 (2910.981)	Loss 1.7349759340 (1.7876)	Prec@1 37.598 (34.912)	Prec@5 87.793 (86.084)
Epoch: [4][30/49]	Time 0.322 (0.342)	Speed 3180.917 (2995.721)	Loss 1.7607305050 (1.7786)	Prec@1 35.059 (34.961)	Prec@5 86.426 (86.198)
Epoch: [4][40/49]	Time 0.324 (0.337)	Speed 3160.147 (3035.202)	Loss 1.7007961273 (1.7592)	Prec@1 39.160 (36.011)	Prec@5 87.598 (86.548)
Test: [10/10]	Time 0.166 (0.224)	Speed 6151.327 (4564.517)	Loss 1.6206 (1.6465)	Prec@1 40.306 (37.600)	Prec@5 90.816 (90.510)
 * Prec@1 37.600 Prec@5 90.510
 * Prec@1 37.600 Prec@5 90.510
 * Prec@1 37.600 Prec@5 90.510
 * Prec@1 37.600 Prec@5 90.510
Epoch: [5][10/49]	Time 0.384 (0.384)	Speed 2669.671 (2669.671)	Loss 1.7150045633 (1.7150)	Prec@1 35.254 (35.254)	Prec@5 88.770 (88.770)
Epoch: [5][20/49]	Time 0.322 (0.353)	Speed 3182.117 (2903.456)	Loss 1.8226587772 (1.7688)	Prec@1 33.301 (34.277)	Prec@5 84.473 (86.621)
Epoch: [5][30/49]	Time 0.323 (0.343)	Speed 3169.783 (2987.116)	Loss 1.6427743435 (1.7268)	Prec@1 40.039 (36.198)	Prec@5 89.355 (87.533)
Epoch: [5][40/49]	Time 0.322 (0.338)	Speed 3179.892 (3033.085)	Loss 1.6273694038 (1.7020)	Prec@1 42.480 (37.769)	Prec@5 87.598 (87.549)
 * Prec@1 43.040 Prec@5 91.370
 * Prec@1 43.040 Prec@5 91.370
 * Prec@1 43.040 Prec@5 91.370
Test: [10/10]	Time 0.179 (0.236)	Speed 5730.749 (4330.191)	Loss 1.7003 (1.8836)	Prec@1 40.816 (43.040)	Prec@5 91.327 (91.370)
 * Prec@1 43.040 Prec@5 91.370
Epoch: [6][10/49]	Time 0.384 (0.384)	Speed 2664.181 (2664.181)	Loss 1.5807608366 (1.5808)	Prec@1 42.090 (42.090)	Prec@5 89.746 (89.746)
Epoch: [6][20/49]	Time 0.324 (0.354)	Speed 3159.661 (2890.844)	Loss 1.5808916092 (1.5808)	Prec@1 42.285 (42.188)	Prec@5 89.648 (89.697)
Epoch: [6][30/49]	Time 0.325 (0.344)	Speed 3152.859 (2973.206)	Loss 1.5808978081 (1.5809)	Prec@1 41.016 (41.797)	Prec@5 89.453 (89.616)
Epoch: [6][40/49]	Time 0.322 (0.339)	Speed 3182.819 (3022.977)	Loss 1.4819052219 (1.5561)	Prec@1 45.215 (42.651)	Prec@5 91.602 (90.112)
 * Prec@1 50.160 Prec@5 93.850
 * Prec@1 50.160 Prec@5 93.850
 * Prec@1 50.160 Prec@5 93.850
Test: [10/10]	Time 0.171 (0.224)	Speed 5972.358 (4567.328)	Loss 1.4143 (1.3667)	Prec@1 46.556 (50.160)	Prec@5 93.750 (93.850)
 * Prec@1 50.160 Prec@5 93.850
Epoch: [7][10/49]	Time 0.387 (0.387)	Speed 2649.135 (2649.135)	Loss 1.5013731718 (1.5014)	Prec@1 45.996 (45.996)	Prec@5 89.648 (89.648)
Epoch: [7][20/49]	Time 0.328 (0.357)	Speed 3118.900 (2864.888)	Loss 1.4408848286 (1.4711)	Prec@1 46.875 (46.436)	Prec@5 91.406 (90.527)
Epoch: [7][30/49]	Time 0.323 (0.346)	Speed 3165.841 (2958.640)	Loss 1.4712781906 (1.4712)	Prec@1 47.852 (46.908)	Prec@5 92.188 (91.081)
Epoch: [7][40/49]	Time 0.323 (0.340)	Speed 3173.078 (3009.486)	Loss 1.4626600742 (1.4690)	Prec@1 46.973 (46.924)	Prec@5 91.406 (91.162)
Test: [10/10]	Time 0.159 (0.231)	Speed 6436.713 (4442.013)	Loss 1.4143 (1.3596)	Prec@1 49.617 (49.980)	Prec@5 94.515 (94.010)
 * Prec@1 49.980 Prec@5 94.010
 * Prec@1 49.980 Prec@5 94.010
 * Prec@1 49.980 Prec@5 94.010
 * Prec@1 49.980 Prec@5 94.010
Epoch: [8][10/49]	Time 0.404 (0.404)	Speed 2537.126 (2537.126)	Loss 1.3212555647 (1.3213)	Prec@1 52.539 (52.539)	Prec@5 93.359 (93.359)
Epoch: [8][20/49]	Time 0.324 (0.364)	Speed 3160.956 (2814.892)	Loss 1.4078481197 (1.3646)	Prec@1 48.828 (50.684)	Prec@5 92.871 (93.115)
Epoch: [8][30/49]	Time 0.322 (0.350)	Speed 3179.288 (2926.708)	Loss 1.3661146164 (1.3651)	Prec@1 51.367 (50.911)	Prec@5 92.090 (92.773)
Epoch: [8][40/49]	Time 0.323 (0.343)	Speed 3166.482 (2983.181)	Loss 1.3268857002 (1.3555)	Prec@1 52.246 (51.245)	Prec@5 92.383 (92.676)
Test: [10/10]	Time 0.162 (0.228)	Speed 6321.334 (4498.016)	Loss 1.1993 (1.2333)	Prec@1 57.908 (56.340)	Prec@5 95.918 (95.010)
 * Prec@1 56.340 Prec@5 95.010
 * Prec@1 56.340 Prec@5 95.010
 * Prec@1 56.340 Prec@5 95.010
 * Prec@1 56.340 Prec@5 95.010
Epoch: [9][10/49]	Time 0.381 (0.381)	Speed 2688.345 (2688.345)	Loss 1.2799651623 (1.2800)	Prec@1 55.176 (55.176)	Prec@5 93.945 (93.945)
Epoch: [9][20/49]	Time 0.323 (0.352)	Speed 3165.838 (2907.618)	Loss 1.3327479362 (1.3064)	Prec@1 54.785 (54.980)	Prec@5 92.383 (93.164)
Epoch: [9][30/49]	Time 0.327 (0.344)	Speed 3132.570 (2978.924)	Loss 1.2794010639 (1.2974)	Prec@1 54.883 (54.948)	Prec@5 93.652 (93.327)
Epoch: [9][40/49]	Time 0.326 (0.339)	Speed 3141.829 (3018.046)	Loss 1.2740464211 (1.2915)	Prec@1 55.957 (55.200)	Prec@5 94.141 (93.530)
Test: [10/10]	Time 0.150 (0.223)	Speed 6818.761 (4587.957)	Loss 1.0460 (1.0445)	Prec@1 61.607 (62.760)	Prec@5 97.066 (96.320)
 * Prec@1 62.760 Prec@5 96.320
 * Prec@1 62.760 Prec@5 96.320
 * Prec@1 62.760 Prec@5 96.320
 * Prec@1 62.760 Prec@5 96.320
Epoch: [10][10/49]	Time 0.385 (0.385)	Speed 2660.719 (2660.719)	Loss 1.2301123142 (1.2301)	Prec@1 56.836 (56.836)	Prec@5 93.555 (93.555)
Epoch: [10][20/49]	Time 0.323 (0.354)	Speed 3168.155 (2892.349)	Loss 1.2112150192 (1.2207)	Prec@1 57.129 (56.982)	Prec@5 95.312 (94.434)
Epoch: [10][30/49]	Time 0.322 (0.343)	Speed 3178.513 (2981.835)	Loss 1.1935985088 (1.2116)	Prec@1 58.105 (57.357)	Prec@5 94.922 (94.596)
Epoch: [10][40/49]	Time 0.324 (0.339)	Speed 3160.049 (3024.477)	Loss 1.1465983391 (1.1954)	Prec@1 58.203 (57.568)	Prec@5 96.094 (94.971)
Test: [10/10]	Time 0.162 (0.228)	Speed 6340.315 (4486.553)	Loss 1.0716 (1.0557)	Prec@1 63.648 (63.640)	Prec@5 96.301 (96.180)
 * Prec@1 63.640 Prec@5 96.180
 * Prec@1 63.640 Prec@5 96.180
 * Prec@1 63.640 Prec@5 96.180
 * Prec@1 63.640 Prec@5 96.180
Epoch: [11][10/49]	Time 0.387 (0.387)	Speed 2646.287 (2646.287)	Loss 1.2293273211 (1.2293)	Prec@1 55.762 (55.762)	Prec@5 94.922 (94.922)
Epoch: [11][20/49]	Time 0.323 (0.355)	Speed 3170.815 (2884.903)	Loss 1.1454118490 (1.1874)	Prec@1 60.742 (58.252)	Prec@5 93.848 (94.385)
Epoch: [11][30/49]	Time 0.324 (0.345)	Speed 3156.017 (2969.946)	Loss 1.1626927853 (1.1791)	Prec@1 59.375 (58.626)	Prec@5 94.434 (94.401)
Epoch: [11][40/49]	Time 0.322 (0.339)	Speed 3181.898 (3020.242)	Loss 1.1171283722 (1.1636)	Prec@1 60.547 (59.106)	Prec@5 95.020 (94.556)
Test: [10/10]	Time 0.172 (0.231)	Speed 5959.877 (4431.657)	Loss 0.9272 (0.9262)	Prec@1 68.878 (67.800)	Prec@5 97.832 (97.480)
 * Prec@1 67.800 Prec@5 97.480
 * Prec@1 67.800 Prec@5 97.480
 * Prec@1 67.800 Prec@5 97.480
 * Prec@1 67.800 Prec@5 97.480
Epoch: [12][10/49]	Time 0.376 (0.376)	Speed 2724.288 (2724.288)	Loss 1.0691959858 (1.0692)	Prec@1 63.281 (63.281)	Prec@5 95.312 (95.312)
Epoch: [12][20/49]	Time 0.324 (0.350)	Speed 3156.084 (2924.332)	Loss 1.1323400736 (1.1008)	Prec@1 59.863 (61.572)	Prec@5 95.410 (95.361)
Epoch: [12][30/49]	Time 0.324 (0.342)	Speed 3158.676 (2998.485)	Loss 1.0712326765 (1.0909)	Prec@1 60.840 (61.328)	Prec@5 95.410 (95.378)
Epoch: [12][40/49]	Time 0.327 (0.338)	Speed 3131.504 (3030.669)	Loss 1.1330267191 (1.1014)	Prec@1 62.793 (61.694)	Prec@5 95.117 (95.312)
Test: [10/10]	Time 0.162 (0.240)	Speed 6304.021 (4266.900)	Loss 0.8854 (0.9067)	Prec@1 69.898 (69.390)	Prec@5 97.577 (97.400)
 * Prec@1 69.390 Prec@5 97.400
 * Prec@1 69.390 Prec@5 97.400
 * Prec@1 69.390 Prec@5 97.400
 * Prec@1 69.390 Prec@5 97.400
Epoch: [13][10/49]	Time 0.391 (0.391)	Speed 2617.715 (2617.715)	Loss 1.0350129604 (1.0350)	Prec@1 63.086 (63.086)	Prec@5 95.898 (95.898)
Epoch: [13][20/49]	Time 0.325 (0.358)	Speed 3150.882 (2859.659)	Loss 1.0767836571 (1.0559)	Prec@1 60.156 (61.621)	Prec@5 95.996 (95.947)
Epoch: [13][30/49]	Time 0.327 (0.348)	Speed 3133.944 (2945.593)	Loss 0.9876823425 (1.0332)	Prec@1 67.480 (63.574)	Prec@5 95.801 (95.898)
Epoch: [13][40/49]	Time 0.323 (0.341)	Speed 3173.402 (2999.423)	Loss 0.9943271279 (1.0235)	Prec@1 63.770 (63.623)	Prec@5 96.484 (96.045)
Test: [10/10]	Time 0.160 (0.240)	Speed 6406.249 (4274.562)	Loss 0.7596 (0.7972)	Prec@1 73.342 (72.030)	Prec@5 98.724 (98.080)
 * Prec@1 72.030 Prec@5 98.080
 * Prec@1 72.030 Prec@5 98.080
 * Prec@1 72.030 Prec@5 98.080
 * Prec@1 72.030 Prec@5 98.080
Epoch: [14][10/49]	Time 0.381 (0.381)	Speed 2688.009 (2688.009)	Loss 0.9790105820 (0.9790)	Prec@1 65.137 (65.137)	Prec@5 97.266 (97.266)
Epoch: [14][20/49]	Time 0.325 (0.353)	Speed 3153.792 (2902.332)	Loss 1.0537035465 (1.0164)	Prec@1 61.719 (63.428)	Prec@5 95.508 (96.387)
Epoch: [14][30/49]	Time 0.326 (0.344)	Speed 3144.085 (2978.676)	Loss 0.9755605459 (1.0028)	Prec@1 63.965 (63.607)	Prec@5 96.875 (96.549)
Epoch: [14][40/49]	Time 0.324 (0.339)	Speed 3162.512 (3022.602)	Loss 0.9894011021 (0.9994)	Prec@1 65.527 (64.087)	Prec@5 95.801 (96.362)
Test: [10/10]	Time 0.162 (0.221)	Speed 6327.863 (4625.985)	Loss 0.8523 (0.8336)	Prec@1 69.388 (70.560)	Prec@5 98.469 (98.120)
 * Prec@1 70.560 Prec@5 98.120
 * Prec@1 70.560 Prec@5 98.120
 * Prec@1 70.560 Prec@5 98.120
 * Prec@1 70.560 Prec@5 98.120
Epoch: [15][10/49]	Time 0.418 (0.418)	Speed 2447.459 (2447.459)	Loss 0.9781475067 (0.9781)	Prec@1 65.723 (65.723)	Prec@5 95.703 (95.703)
Epoch: [15][20/49]	Time 0.323 (0.371)	Speed 3168.926 (2761.854)	Loss 0.9394525290 (0.9588)	Prec@1 66.699 (66.211)	Prec@5 95.605 (95.654)
Epoch: [15][30/49]	Time 0.322 (0.355)	Speed 3177.725 (2887.831)	Loss 0.9819976687 (0.9665)	Prec@1 66.113 (66.178)	Prec@5 96.777 (96.029)
Epoch: [15][40/49]	Time 0.323 (0.347)	Speed 3172.284 (2954.052)	Loss 0.9805476665 (0.9700)	Prec@1 66.113 (66.162)	Prec@5 95.898 (95.996)
Test: [10/10]	Time 0.176 (0.227)	Speed 5814.956 (4519.962)	Loss 0.6496 (0.6846)	Prec@1 77.041 (75.970)	Prec@5 98.724 (98.690)
 * Prec@1 75.970 Prec@5 98.690
 * Prec@1 75.970 Prec@5 98.690
 * Prec@1 75.970 Prec@5 98.690
 * Prec@1 75.970 Prec@5 98.690
Epoch: [16][10/49]	Time 0.375 (0.375)	Speed 2728.063 (2728.063)	Loss 0.9169037342 (0.9169)	Prec@1 69.043 (69.043)	Prec@5 95.996 (95.996)
Epoch: [16][20/49]	Time 0.326 (0.351)	Speed 3140.176 (2919.649)	Loss 0.8401682377 (0.8785)	Prec@1 70.801 (69.922)	Prec@5 97.754 (96.875)
Epoch: [16][30/49]	Time 0.322 (0.341)	Speed 3176.355 (3000.480)	Loss 0.9385991693 (0.8986)	Prec@1 69.531 (69.792)	Prec@5 96.094 (96.615)
Epoch: [16][40/49]	Time 0.323 (0.337)	Speed 3174.900 (3042.263)	Loss 0.8535666466 (0.8873)	Prec@1 68.848 (69.556)	Prec@5 97.266 (96.777)
 * Prec@1 76.320 Prec@5 98.450
 * Prec@1 76.320 Prec@5 98.450
Test: [10/10]	Time 0.187 (0.233)	Speed 5461.632 (4394.763)	Loss 0.7087 (0.6839)	Prec@1 75.765 (76.320)	Prec@5 98.852 (98.450)
 * Prec@1 76.320 Prec@5 98.450
 * Prec@1 76.320 Prec@5 98.450
Epoch: [17][10/49]	Time 0.383 (0.383)	Speed 2676.384 (2676.384)	Loss 0.8802174926 (0.8802)	Prec@1 69.922 (69.922)	Prec@5 96.289 (96.289)
Epoch: [17][20/49]	Time 0.325 (0.354)	Speed 3150.967 (2894.350)	Loss 0.9134308100 (0.8968)	Prec@1 68.457 (69.189)	Prec@5 97.070 (96.680)
Epoch: [17][30/49]	Time 0.327 (0.345)	Speed 3131.704 (2969.367)	Loss 0.8568350077 (0.8835)	Prec@1 69.922 (69.434)	Prec@5 95.996 (96.452)
Epoch: [17][40/49]	Time 0.326 (0.340)	Speed 3141.053 (3010.505)	Loss 0.9551533461 (0.9014)	Prec@1 67.188 (68.872)	Prec@5 96.387 (96.436)
Test: [10/10]	Time 0.159 (0.237)	Speed 6438.208 (4320.074)	Loss 0.6823 (0.6683)	Prec@1 75.510 (77.110)	Prec@5 98.724 (98.600)
 * Prec@1 77.110 Prec@5 98.600
 * Prec@1 77.110 Prec@5 98.600
 * Prec@1 77.110 Prec@5 98.600
 * Prec@1 77.110 Prec@5 98.600
Epoch: [18][10/49]	Time 0.384 (0.384)	Speed 2664.384 (2664.384)	Loss 0.8742593527 (0.8743)	Prec@1 69.824 (69.824)	Prec@5 96.289 (96.289)
Epoch: [18][20/49]	Time 0.327 (0.356)	Speed 3127.979 (2877.630)	Loss 0.8956544399 (0.8850)	Prec@1 70.703 (70.264)	Prec@5 96.680 (96.484)
Epoch: [18][30/49]	Time 0.322 (0.345)	Speed 3179.646 (2971.719)	Loss 0.8852813244 (0.8851)	Prec@1 68.945 (69.824)	Prec@5 96.973 (96.647)
Epoch: [18][40/49]	Time 0.321 (0.339)	Speed 3188.560 (3023.116)	Loss 0.8820998669 (0.8843)	Prec@1 70.117 (69.897)	Prec@5 96.777 (96.680)
 * Prec@1 78.300 Prec@5 98.950
 * Prec@1 78.300 Prec@5 98.950
Test: [10/10]	Time 0.168 (0.217)	Speed 6094.815 (4709.358)	Loss 0.5947 (0.6307)	Prec@1 79.719 (78.300)	Prec@5 99.490 (98.950)
 * Prec@1 78.300 Prec@5 98.950
 * Prec@1 78.300 Prec@5 98.950
Epoch: [19][10/49]	Time 0.376 (0.376)	Speed 2723.776 (2723.776)	Loss 0.8103907108 (0.8104)	Prec@1 71.875 (71.875)	Prec@5 97.461 (97.461)
Epoch: [19][20/49]	Time 0.323 (0.349)	Speed 3170.747 (2930.315)	Loss 0.8095772266 (0.8100)	Prec@1 72.461 (72.168)	Prec@5 97.070 (97.266)
Epoch: [19][30/49]	Time 0.326 (0.342)	Speed 3143.434 (2998.069)	Loss 0.8590852618 (0.8264)	Prec@1 70.312 (71.549)	Prec@5 96.582 (97.038)
Epoch: [19][40/49]	Time 0.322 (0.337)	Speed 3175.419 (3040.523)	Loss 0.8361029625 (0.8288)	Prec@1 69.824 (71.118)	Prec@5 96.582 (96.924)
 * Prec@1 79.670 Prec@5 98.980
Test: [10/10]	Time 0.182 (0.230)	Speed 5612.040 (4445.674)	Loss 0.5693 (0.5829)	Prec@1 78.954 (79.670)	Prec@5 99.235 (98.980)
 * Prec@1 79.670 Prec@5 98.980
 * Prec@1 79.670 Prec@5 98.980
 * Prec@1 79.670 Prec@5 98.980
Epoch: [20][10/49]	Time 0.390 (0.390)	Speed 2628.891 (2628.891)	Loss 0.7988687754 (0.7989)	Prec@1 72.363 (72.363)	Prec@5 97.559 (97.559)
Epoch: [20][20/49]	Time 0.324 (0.357)	Speed 3158.081 (2869.290)	Loss 0.8191676736 (0.8090)	Prec@1 72.949 (72.656)	Prec@5 97.363 (97.461)
Epoch: [20][30/49]	Time 0.327 (0.347)	Speed 3133.936 (2952.395)	Loss 0.8822515011 (0.8334)	Prec@1 68.457 (71.257)	Prec@5 97.168 (97.363)
Epoch: [20][40/49]	Time 0.327 (0.342)	Speed 3135.136 (2996.054)	Loss 0.8117721081 (0.8280)	Prec@1 70.801 (71.143)	Prec@5 97.949 (97.510)
Test: [10/10]	Time 0.177 (0.232)	Speed 5786.977 (4419.987)	Loss 0.7007 (0.7189)	Prec@1 75.510 (75.680)	Prec@5 98.469 (98.600)
 * Prec@1 75.680 Prec@5 98.600
 * Prec@1 75.680 Prec@5 98.600
 * Prec@1 75.680 Prec@5 98.600
 * Prec@1 75.680 Prec@5 98.600
Epoch: [21][10/49]	Time 0.418 (0.418)	Speed 2451.903 (2451.903)	Loss 0.8202013969 (0.8202)	Prec@1 71.680 (71.680)	Prec@5 96.973 (96.973)
Epoch: [21][20/49]	Time 0.324 (0.371)	Speed 3162.069 (2762.068)	Loss 0.7810001373 (0.8006)	Prec@1 71.777 (71.729)	Prec@5 97.949 (97.461)
Epoch: [21][30/49]	Time 0.323 (0.355)	Speed 3169.023 (2885.587)	Loss 0.8054085970 (0.8022)	Prec@1 72.266 (71.908)	Prec@5 97.656 (97.526)
Epoch: [21][40/49]	Time 0.325 (0.347)	Speed 3153.308 (2948.163)	Loss 0.7861620188 (0.7982)	Prec@1 71.289 (71.753)	Prec@5 97.852 (97.607)
Test: [10/10]	Time 0.182 (0.234)	Speed 5637.476 (4382.685)	Loss 0.6013 (0.5935)	Prec@1 78.571 (79.450)	Prec@5 98.852 (98.900)
 * Prec@1 79.450 Prec@5 98.900
 * Prec@1 79.450 Prec@5 98.900
 * Prec@1 79.450 Prec@5 98.900
 * Prec@1 79.450 Prec@5 98.900
Epoch: [22][10/49]	Time 0.402 (0.402)	Speed 2545.378 (2545.378)	Loss 0.7184348106 (0.7184)	Prec@1 75.195 (75.195)	Prec@5 97.559 (97.559)
Epoch: [22][20/49]	Time 0.325 (0.364)	Speed 3147.830 (2814.728)	Loss 0.7283259034 (0.7234)	Prec@1 73.633 (74.414)	Prec@5 97.656 (97.607)
Epoch: [22][30/49]	Time 0.325 (0.351)	Speed 3147.607 (2917.579)	Loss 0.7215828896 (0.7228)	Prec@1 75.293 (74.707)	Prec@5 96.680 (97.298)
Epoch: [22][40/49]	Time 0.324 (0.344)	Speed 3158.448 (2974.285)	Loss 0.7281813025 (0.7241)	Prec@1 74.707 (74.707)	Prec@5 97.656 (97.388)
Test: [10/10]	Time 0.168 (0.230)	Speed 6111.344 (4451.923)	Loss 0.6165 (0.6876)	Prec@1 78.699 (77.440)	Prec@5 98.980 (98.360)
 * Prec@1 77.440 Prec@5 98.360
 * Prec@1 77.440 Prec@5 98.360
 * Prec@1 77.440 Prec@5 98.360
 * Prec@1 77.440 Prec@5 98.360
Epoch: [23][10/49]	Time 0.404 (0.404)	Speed 2533.725 (2533.725)	Loss 0.7824353576 (0.7824)	Prec@1 74.121 (74.121)	Prec@5 96.582 (96.582)
Epoch: [23][20/49]	Time 0.324 (0.364)	Speed 3158.879 (2811.975)	Loss 0.7732659578 (0.7779)	Prec@1 71.875 (72.998)	Prec@5 97.852 (97.217)
Epoch: [23][30/49]	Time 0.328 (0.352)	Speed 3118.806 (2907.316)	Loss 0.7620176673 (0.7726)	Prec@1 74.219 (73.405)	Prec@5 98.145 (97.526)
Epoch: [23][40/49]	Time 0.325 (0.345)	Speed 3151.513 (2964.748)	Loss 0.7491797209 (0.7667)	Prec@1 73.340 (73.389)	Prec@5 96.973 (97.388)
Test: [10/10]	Time 0.173 (0.223)	Speed 5902.315 (4601.919)	Loss 0.5015 (0.5170)	Prec@1 81.633 (82.790)	Prec@5 99.745 (99.220)
 * Prec@1 82.790 Prec@5 99.220
 * Prec@1 82.790 Prec@5 99.220
 * Prec@1 82.790 Prec@5 99.220
 * Prec@1 82.790 Prec@5 99.220
Epoch: [24][10/49]	Time 0.376 (0.376)	Speed 2721.096 (2721.096)	Loss 0.7197774053 (0.7198)	Prec@1 74.414 (74.414)	Prec@5 98.047 (98.047)
Epoch: [24][20/49]	Time 0.323 (0.350)	Speed 3166.465 (2926.935)	Loss 0.7203161716 (0.7200)	Prec@1 74.805 (74.609)	Prec@5 98.242 (98.145)
Epoch: [24][30/49]	Time 0.325 (0.341)	Speed 3153.364 (2998.710)	Loss 0.6815785170 (0.7072)	Prec@1 76.367 (75.195)	Prec@5 97.949 (98.079)
Epoch: [24][40/49]	Time 0.324 (0.337)	Speed 3159.675 (3037.394)	Loss 0.7177691460 (0.7099)	Prec@1 74.219 (74.951)	Prec@5 98.340 (98.145)
Test: [10/10]	Time 0.178 (0.227)	Speed 5747.890 (4513.964)	Loss 0.4681 (0.4993)	Prec@1 82.398 (82.880)	Prec@5 99.617 (99.310)
 * Prec@1 82.880 Prec@5 99.310
 * Prec@1 82.880 Prec@5 99.310
 * Prec@1 82.880 Prec@5 99.310
 * Prec@1 82.880 Prec@5 99.310
Epoch: [25][10/49]	Time 0.383 (0.383)	Speed 2675.756 (2675.756)	Loss 0.6592231989 (0.6592)	Prec@1 77.930 (77.930)	Prec@5 97.559 (97.559)
Epoch: [25][20/49]	Time 0.325 (0.354)	Speed 3152.895 (2894.796)	Loss 0.6650381088 (0.6621)	Prec@1 76.270 (77.100)	Prec@5 97.559 (97.559)
Epoch: [25][30/49]	Time 0.328 (0.345)	Speed 3118.206 (2965.622)	Loss 0.6576135159 (0.6606)	Prec@1 77.148 (77.116)	Prec@5 97.852 (97.656)
Epoch: [25][40/49]	Time 0.325 (0.340)	Speed 3146.440 (3008.850)	Loss 0.7127407789 (0.6737)	Prec@1 75.000 (76.587)	Prec@5 97.949 (97.729)
Test: [10/10]	Time 0.171 (0.236)	Speed 5976.480 (4330.327)	Loss 0.4645 (0.5250)	Prec@1 83.801 (82.210)	Prec@5 99.362 (99.160)
 * Prec@1 82.210 Prec@5 99.160
 * Prec@1 82.210 Prec@5 99.160
 * Prec@1 82.210 Prec@5 99.160
 * Prec@1 82.210 Prec@5 99.160
Epoch: [26][10/49]	Time 0.414 (0.414)	Speed 2474.191 (2474.191)	Loss 0.6604458094 (0.6604)	Prec@1 78.223 (78.223)	Prec@5 97.754 (97.754)
Epoch: [26][20/49]	Time 0.325 (0.369)	Speed 3154.405 (2773.196)	Loss 0.7273514271 (0.6939)	Prec@1 73.926 (76.074)	Prec@5 97.559 (97.656)
Epoch: [26][30/49]	Time 0.324 (0.354)	Speed 3164.287 (2892.357)	Loss 0.6438456774 (0.6772)	Prec@1 78.027 (76.725)	Prec@5 98.145 (97.819)
Epoch: [26][40/49]	Time 0.322 (0.346)	Speed 3184.390 (2960.226)	Loss 0.5811464190 (0.6532)	Prec@1 80.078 (77.563)	Prec@5 98.340 (97.949)
Test: [10/10]	Time 0.169 (0.213)	Speed 6060.013 (4811.833)	Loss 0.5334 (0.5271)	Prec@1 81.122 (81.660)	Prec@5 99.107 (99.110)
 * Prec@1 81.660 Prec@5 99.110
 * Prec@1 81.660 Prec@5 99.110
 * Prec@1 81.660 Prec@5 99.110
 * Prec@1 81.660 Prec@5 99.110
Epoch: [27][10/49]	Time 0.421 (0.421)	Speed 2431.214 (2431.214)	Loss 0.6366574764 (0.6367)	Prec@1 78.418 (78.418)	Prec@5 97.656 (97.656)
Epoch: [27][20/49]	Time 0.323 (0.372)	Speed 3172.755 (2752.922)	Loss 0.7127598524 (0.6747)	Prec@1 74.121 (76.270)	Prec@5 97.949 (97.803)
Epoch: [27][30/49]	Time 0.326 (0.357)	Speed 3143.193 (2871.779)	Loss 0.6717290878 (0.6737)	Prec@1 76.367 (76.302)	Prec@5 98.145 (97.917)
Epoch: [27][40/49]	Time 0.324 (0.348)	Speed 3164.276 (2939.714)	Loss 0.6063656807 (0.6569)	Prec@1 78.223 (76.782)	Prec@5 98.730 (98.120)
Test: [10/10]	Time 0.168 (0.230)	Speed 6082.972 (4446.156)	Loss 0.5559 (0.5244)	Prec@1 81.505 (81.930)	Prec@5 99.107 (99.270)
 * Prec@1 81.930 Prec@5 99.270
 * Prec@1 81.930 Prec@5 99.270
 * Prec@1 81.930 Prec@5 99.270
 * Prec@1 81.930 Prec@5 99.270
Epoch: [28][10/49]	Time 0.397 (0.397)	Speed 2579.293 (2579.293)	Loss 0.6579463482 (0.6579)	Prec@1 77.344 (77.344)	Prec@5 97.852 (97.852)
Epoch: [28][20/49]	Time 0.326 (0.361)	Speed 3144.821 (2834.120)	Loss 0.6272292137 (0.6426)	Prec@1 77.441 (77.393)	Prec@5 97.656 (97.754)
Epoch: [28][30/49]	Time 0.323 (0.349)	Speed 3169.034 (2937.606)	Loss 0.6149536371 (0.6334)	Prec@1 79.590 (78.125)	Prec@5 98.828 (98.112)
Epoch: [28][40/49]	Time 0.322 (0.342)	Speed 3176.332 (2993.858)	Loss 0.6140913963 (0.6286)	Prec@1 78.809 (78.296)	Prec@5 98.340 (98.169)
 * Prec@1 83.430 Prec@5 99.290
 * Prec@1 83.430 Prec@5 99.290
Test: [10/10]	Time 0.172 (0.231)	Speed 5938.353 (4430.645)	Loss 0.4959 (0.4926)	Prec@1 81.760 (83.430)	Prec@5 99.617 (99.290)
 * Prec@1 83.430 Prec@5 99.290
 * Prec@1 83.430 Prec@5 99.290
Epoch: [29][10/49]	Time 0.379 (0.379)	Speed 2699.690 (2699.690)	Loss 0.6581968069 (0.6582)	Prec@1 77.930 (77.930)	Prec@5 98.145 (98.145)
Epoch: [29][20/49]	Time 0.324 (0.352)	Speed 3159.617 (2911.602)	Loss 0.5963966250 (0.6273)	Prec@1 79.395 (78.662)	Prec@5 98.145 (98.145)
Epoch: [29][30/49]	Time 0.326 (0.343)	Speed 3143.376 (2984.967)	Loss 0.5900214314 (0.6149)	Prec@1 79.688 (79.004)	Prec@5 98.730 (98.340)
Epoch: [29][40/49]	Time 0.329 (0.340)	Speed 3113.284 (3016.044)	Loss 0.7167451382 (0.6403)	Prec@1 75.684 (78.174)	Prec@5 96.973 (97.998)
 * Prec@1 83.730 Prec@5 99.270
Test: [10/10]	Time 0.167 (0.234)	Speed 6120.489 (4382.388)	Loss 0.4502 (0.4803)	Prec@1 82.526 (83.730)	Prec@5 99.745 (99.270)
 * Prec@1 83.730 Prec@5 99.270
 * Prec@1 83.730 Prec@5 99.270
 * Prec@1 83.730 Prec@5 99.270
Epoch: [30][10/49]	Time 0.384 (0.384)	Speed 2665.261 (2665.261)	Loss 0.5760989785 (0.5761)	Prec@1 79.395 (79.395)	Prec@5 98.633 (98.633)
Epoch: [30][20/49]	Time 0.325 (0.355)	Speed 3150.941 (2887.823)	Loss 0.5417137146 (0.5589)	Prec@1 81.543 (80.469)	Prec@5 98.730 (98.682)
Epoch: [30][30/49]	Time 0.325 (0.345)	Speed 3151.320 (2970.619)	Loss 0.5695607662 (0.5625)	Prec@1 80.469 (80.469)	Prec@5 98.047 (98.470)
Epoch: [30][40/49]	Time 0.323 (0.339)	Speed 3170.624 (3018.217)	Loss 0.5031629801 (0.5476)	Prec@1 81.055 (80.615)	Prec@5 99.316 (98.682)
 * Prec@1 89.070 Prec@5 99.680
 * Prec@1 89.070 Prec@5 99.680
Test: [10/10]	Time 0.174 (0.244)	Speed 5885.653 (4194.764)	Loss 0.3054 (0.3293)	Prec@1 89.031 (89.070)	Prec@5 100.000 (99.680)
 * Prec@1 89.070 Prec@5 99.680
 * Prec@1 89.070 Prec@5 99.680
Epoch: [31][10/49]	Time 0.386 (0.386)	Speed 2652.855 (2652.855)	Loss 0.5234075785 (0.5234)	Prec@1 82.520 (82.520)	Prec@5 98.633 (98.633)
Epoch: [31][20/49]	Time 0.323 (0.355)	Speed 3168.397 (2887.797)	Loss 0.4546147585 (0.4890)	Prec@1 83.398 (82.959)	Prec@5 98.926 (98.779)
Epoch: [31][30/49]	Time 0.324 (0.344)	Speed 3163.221 (2974.117)	Loss 0.4739866555 (0.4840)	Prec@1 83.691 (83.203)	Prec@5 98.730 (98.763)
Epoch: [31][40/49]	Time 0.324 (0.339)	Speed 3164.567 (3019.547)	Loss 0.5239577293 (0.4940)	Prec@1 82.227 (82.959)	Prec@5 98.535 (98.706)
 * Prec@1 89.550 Prec@5 99.670
 * Prec@1 89.550 Prec@5 99.670
Test: [10/10]	Time 0.167 (0.227)	Speed 6136.369 (4516.900)	Loss 0.2993 (0.3193)	Prec@1 89.286 (89.550)	Prec@5 100.000 (99.670)
 * Prec@1 89.550 Prec@5 99.670
 * Prec@1 89.550 Prec@5 99.670
Epoch: [32][10/49]	Time 0.383 (0.383)	Speed 2672.384 (2672.384)	Loss 0.5038986206 (0.5039)	Prec@1 82.422 (82.422)	Prec@5 98.438 (98.438)
Epoch: [32][20/49]	Time 0.327 (0.355)	Speed 3131.711 (2883.872)	Loss 0.5030332804 (0.5035)	Prec@1 81.543 (81.982)	Prec@5 99.121 (98.779)
Epoch: [32][30/49]	Time 0.323 (0.344)	Speed 3170.408 (2973.450)	Loss 0.5183503628 (0.5084)	Prec@1 83.398 (82.454)	Prec@5 98.242 (98.600)
Epoch: [32][40/49]	Time 0.325 (0.340)	Speed 3149.785 (3015.657)	Loss 0.4554278851 (0.4952)	Prec@1 83.887 (82.812)	Prec@5 98.438 (98.560)
Test: [10/10]	Time 0.165 (0.218)	Speed 6220.164 (4698.071)	Loss 0.2828 (0.3101)	Prec@1 89.796 (89.870)	Prec@5 100.000 (99.720)
 * Prec@1 89.870 Prec@5 99.720
 * Prec@1 89.870 Prec@5 99.720
 * Prec@1 89.870 Prec@5 99.720
 * Prec@1 89.870 Prec@5 99.720
Epoch: [33][10/49]	Time 0.390 (0.390)	Speed 2626.999 (2626.999)	Loss 0.4835069478 (0.4835)	Prec@1 83.496 (83.496)	Prec@5 98.047 (98.047)
Epoch: [33][20/49]	Time 0.325 (0.358)	Speed 3147.928 (2863.968)	Loss 0.4850046337 (0.4843)	Prec@1 82.715 (83.105)	Prec@5 99.121 (98.584)
Epoch: [33][30/49]	Time 0.325 (0.347)	Speed 3153.091 (2954.265)	Loss 0.4688237309 (0.4791)	Prec@1 83.594 (83.268)	Prec@5 99.023 (98.730)
Epoch: [33][40/49]	Time 0.324 (0.341)	Speed 3160.184 (3003.188)	Loss 0.4726466238 (0.4775)	Prec@1 84.668 (83.618)	Prec@5 98.340 (98.633)
 * Prec@1 89.680 Prec@5 99.680
Test: [10/10]	Time 0.165 (0.221)	Speed 6192.363 (4623.274)	Loss 0.2875 (0.3246)	Prec@1 89.668 (89.680)	Prec@5 99.872 (99.680)
 * Prec@1 89.680 Prec@5 99.680
 * Prec@1 89.680 Prec@5 99.680
 * Prec@1 89.680 Prec@5 99.680
Epoch: [34][10/49]	Time 0.409 (0.409)	Speed 2502.829 (2502.829)	Loss 0.5134509206 (0.5135)	Prec@1 81.934 (81.934)	Prec@5 98.633 (98.633)
Epoch: [34][20/49]	Time 0.326 (0.368)	Speed 3141.238 (2785.928)	Loss 0.4413464665 (0.4774)	Prec@1 84.570 (83.252)	Prec@5 99.414 (99.023)
Epoch: [34][30/49]	Time 0.325 (0.353)	Speed 3155.266 (2899.043)	Loss 0.4773660302 (0.4774)	Prec@1 82.520 (83.008)	Prec@5 98.535 (98.861)
Epoch: [34][40/49]	Time 0.325 (0.346)	Speed 3150.228 (2958.008)	Loss 0.4720494151 (0.4761)	Prec@1 83.301 (83.081)	Prec@5 98.926 (98.877)
 * Prec@1 90.180 Prec@5 99.710
Test: [10/10]	Time 0.169 (0.235)	Speed 6072.119 (4350.367)	Loss 0.2862 (0.3157)	Prec@1 88.903 (90.180)	Prec@5 100.000 (99.710)
 * Prec@1 90.180 Prec@5 99.710
 * Prec@1 90.180 Prec@5 99.710
 * Prec@1 90.180 Prec@5 99.710
Epoch: [35][10/49]	Time 0.385 (0.385)	Speed 2657.624 (2657.624)	Loss 0.4354575574 (0.4355)	Prec@1 84.180 (84.180)	Prec@5 99.023 (99.023)
Epoch: [35][20/49]	Time 0.324 (0.355)	Speed 3161.126 (2887.591)	Loss 0.4973405004 (0.4664)	Prec@1 82.422 (83.301)	Prec@5 98.926 (98.975)
Epoch: [35][30/49]	Time 0.326 (0.345)	Speed 3145.634 (2968.769)	Loss 0.4130628705 (0.4486)	Prec@1 85.645 (84.082)	Prec@5 99.121 (99.023)
Epoch: [35][40/49]	Time 0.326 (0.340)	Speed 3144.693 (3010.878)	Loss 0.3791242838 (0.4312)	Prec@1 87.109 (84.839)	Prec@5 99.414 (99.121)
Test: [10/10]	Time 0.164 (0.226)	Speed 6243.184 (4538.520)	Loss 0.2730 (0.3052)	Prec@1 90.306 (90.220)	Prec@5 100.000 (99.740)
 * Prec@1 90.220 Prec@5 99.740
 * Prec@1 90.220 Prec@5 99.740
 * Prec@1 90.220 Prec@5 99.740
 * Prec@1 90.220 Prec@5 99.740
Epoch: [36][10/49]	Time 0.393 (0.393)	Speed 2605.387 (2605.387)	Loss 0.4296885729 (0.4297)	Prec@1 85.449 (85.449)	Prec@5 98.535 (98.535)
Epoch: [36][20/49]	Time 0.328 (0.361)	Speed 3118.125 (2838.789)	Loss 0.4344555438 (0.4321)	Prec@1 86.426 (85.938)	Prec@5 98.242 (98.389)
Epoch: [36][30/49]	Time 0.322 (0.348)	Speed 3177.184 (2943.283)	Loss 0.4134559035 (0.4259)	Prec@1 85.742 (85.872)	Prec@5 99.121 (98.633)
Epoch: [36][40/49]	Time 0.323 (0.342)	Speed 3174.087 (2997.779)	Loss 0.5040731430 (0.4454)	Prec@1 82.031 (84.912)	Prec@5 99.023 (98.730)
Test: [10/10]	Time 0.172 (0.228)	Speed 5970.282 (4486.077)	Loss 0.2764 (0.3146)	Prec@1 89.923 (90.060)	Prec@5 100.000 (99.740)
 * Prec@1 90.060 Prec@5 99.740
 * Prec@1 90.060 Prec@5 99.740
 * Prec@1 90.060 Prec@5 99.740
 * Prec@1 90.060 Prec@5 99.740
Epoch: [37][10/49]	Time 0.409 (0.409)	Speed 2503.935 (2503.935)	Loss 0.4450517297 (0.4451)	Prec@1 85.645 (85.645)	Prec@5 98.828 (98.828)
Epoch: [37][20/49]	Time 0.324 (0.367)	Speed 3158.220 (2793.275)	Loss 0.3959921896 (0.4205)	Prec@1 86.523 (86.084)	Prec@5 98.633 (98.730)
Epoch: [37][30/49]	Time 0.324 (0.352)	Speed 3159.058 (2905.413)	Loss 0.5049031973 (0.4486)	Prec@1 83.203 (85.124)	Prec@5 98.730 (98.730)
Epoch: [37][40/49]	Time 0.323 (0.345)	Speed 3169.321 (2967.182)	Loss 0.4296657443 (0.4439)	Prec@1 85.449 (85.205)	Prec@5 98.828 (98.755)
Test: [10/10]	Time 0.169 (0.241)	Speed 6072.445 (4251.300)	Loss 0.2824 (0.3159)	Prec@1 90.689 (90.090)	Prec@5 99.872 (99.720)
 * Prec@1 90.090 Prec@5 99.720
 * Prec@1 90.090 Prec@5 99.720
 * Prec@1 90.090 Prec@5 99.720
 * Prec@1 90.090 Prec@5 99.720
Epoch: [38][10/49]	Time 0.401 (0.401)	Speed 2550.977 (2550.977)	Loss 0.4166313708 (0.4166)	Prec@1 85.254 (85.254)	Prec@5 99.219 (99.219)
Epoch: [38][20/49]	Time 0.324 (0.363)	Speed 3156.712 (2821.702)	Loss 0.4868689477 (0.4518)	Prec@1 82.715 (83.984)	Prec@5 98.926 (99.072)
Epoch: [38][30/49]	Time 0.328 (0.351)	Speed 3123.831 (2915.702)	Loss 0.4021733999 (0.4352)	Prec@1 84.277 (84.082)	Prec@5 99.707 (99.284)
Epoch: [38][40/49]	Time 0.324 (0.344)	Speed 3160.176 (2973.204)	Loss 0.4552581310 (0.4402)	Prec@1 83.594 (83.960)	Prec@5 99.023 (99.219)
Test: [10/10]	Time 0.174 (0.241)	Speed 5900.272 (4256.109)	Loss 0.2767 (0.3134)	Prec@1 90.434 (90.310)	Prec@5 100.000 (99.720)
 * Prec@1 90.310 Prec@5 99.720
 * Prec@1 90.310 Prec@5 99.720
 * Prec@1 90.310 Prec@5 99.720
 * Prec@1 90.310 Prec@5 99.720
Epoch: [39][10/49]	Time 0.382 (0.382)	Speed 2680.958 (2680.958)	Loss 0.4588615894 (0.4589)	Prec@1 83.691 (83.691)	Prec@5 98.242 (98.242)
Epoch: [39][20/49]	Time 0.323 (0.352)	Speed 3174.360 (2906.871)	Loss 0.4176545739 (0.4383)	Prec@1 85.742 (84.717)	Prec@5 99.316 (98.779)
Epoch: [39][30/49]	Time 0.322 (0.342)	Speed 3176.142 (2991.407)	Loss 0.4322479367 (0.4363)	Prec@1 85.449 (84.961)	Prec@5 98.828 (98.796)
Epoch: [39][40/49]	Time 0.323 (0.338)	Speed 3169.673 (3034.067)	Loss 0.4614206553 (0.4425)	Prec@1 84.277 (84.790)	Prec@5 98.633 (98.755)
 * Prec@1 90.390 Prec@5 99.790
 * Prec@1 90.390 Prec@5 99.790
Test: [10/10]	Time 0.181 (0.229)	Speed 5667.889 (4472.910)	Loss 0.2753 (0.3134)	Prec@1 89.796 (90.390)	Prec@5 100.000 (99.790)
 * Prec@1 90.390 Prec@5 99.790
 * Prec@1 90.390 Prec@5 99.790
Epoch: [40][10/49]	Time 0.382 (0.382)	Speed 2677.978 (2677.978)	Loss 0.4267264307 (0.4267)	Prec@1 85.352 (85.352)	Prec@5 99.023 (99.023)
Epoch: [40][20/49]	Time 0.324 (0.353)	Speed 3158.874 (2898.616)	Loss 0.4437070489 (0.4352)	Prec@1 84.570 (84.961)	Prec@5 98.633 (98.828)
Epoch: [40][30/49]	Time 0.324 (0.344)	Speed 3159.438 (2980.636)	Loss 0.3997775316 (0.4234)	Prec@1 86.816 (85.579)	Prec@5 99.121 (98.926)
Epoch: [40][40/49]	Time 0.323 (0.339)	Speed 3166.597 (3025.048)	Loss 0.4338195026 (0.4260)	Prec@1 83.984 (85.181)	Prec@5 98.926 (98.926)
Test: [10/10]	Time 0.173 (0.224)	Speed 5925.090 (4567.066)	Loss 0.2715 (0.2964)	Prec@1 91.327 (90.750)	Prec@5 100.000 (99.720)
 * Prec@1 90.750 Prec@5 99.720
 * Prec@1 90.750 Prec@5 99.720
 * Prec@1 90.750 Prec@5 99.720
 * Prec@1 90.750 Prec@5 99.720
Epoch: [41][10/49]	Time 0.373 (0.373)	Speed 2743.213 (2743.213)	Loss 0.4674831331 (0.4675)	Prec@1 83.789 (83.789)	Prec@5 98.340 (98.340)
Epoch: [41][20/49]	Time 0.322 (0.348)	Speed 3178.399 (2944.815)	Loss 0.4154948592 (0.4415)	Prec@1 85.449 (84.619)	Prec@5 98.828 (98.584)
Epoch: [41][30/49]	Time 0.324 (0.340)	Speed 3159.298 (3012.998)	Loss 0.4434136152 (0.4421)	Prec@1 83.496 (84.245)	Prec@5 98.926 (98.698)
Epoch: [41][40/49]	Time 0.323 (0.336)	Speed 3172.972 (3051.460)	Loss 0.3763328493 (0.4257)	Prec@1 87.500 (85.059)	Prec@5 98.633 (98.682)
Test: [10/10]	Time 0.178 (0.231)	Speed 5766.535 (4434.825)	Loss 0.2689 (0.3058)	Prec@1 90.179 (90.540)	Prec@5 100.000 (99.730)
 * Prec@1 90.540 Prec@5 99.730
 * Prec@1 90.540 Prec@5 99.730
 * Prec@1 90.540 Prec@5 99.730
 * Prec@1 90.540 Prec@5 99.730
Epoch: [42][10/49]	Time 0.402 (0.402)	Speed 2548.983 (2548.983)	Loss 0.3963766694 (0.3964)	Prec@1 87.109 (87.109)	Prec@5 98.926 (98.926)
Epoch: [42][20/49]	Time 0.323 (0.362)	Speed 3173.356 (2827.107)	Loss 0.3725543022 (0.3845)	Prec@1 86.816 (86.963)	Prec@5 99.414 (99.170)
Epoch: [42][30/49]	Time 0.325 (0.350)	Speed 3150.752 (2927.339)	Loss 0.4160608053 (0.3950)	Prec@1 85.156 (86.361)	Prec@5 99.121 (99.154)
Epoch: [42][40/49]	Time 0.325 (0.344)	Speed 3150.940 (2980.210)	Loss 0.4102246463 (0.3988)	Prec@1 86.426 (86.377)	Prec@5 99.023 (99.121)
Test: [10/10]	Time 0.184 (0.229)	Speed 5576.330 (4479.488)	Loss 0.2679 (0.3003)	Prec@1 90.689 (90.610)	Prec@5 100.000 (99.800)
 * Prec@1 90.610 Prec@5 99.800
 * Prec@1 90.610 Prec@5 99.800
 * Prec@1 90.610 Prec@5 99.800
 * Prec@1 90.610 Prec@5 99.800
Epoch: [43][10/49]	Time 0.423 (0.423)	Speed 2419.165 (2419.165)	Loss 0.4755440950 (0.4755)	Prec@1 83.496 (83.496)	Prec@5 98.828 (98.828)
Epoch: [43][20/49]	Time 0.325 (0.374)	Speed 3149.917 (2736.598)	Loss 0.4404494166 (0.4580)	Prec@1 83.691 (83.594)	Prec@5 98.438 (98.633)
Epoch: [43][30/49]	Time 0.327 (0.358)	Speed 3132.272 (2856.894)	Loss 0.4296254218 (0.4485)	Prec@1 84.961 (84.049)	Prec@5 98.828 (98.698)
Epoch: [43][40/49]	Time 0.324 (0.350)	Speed 3162.542 (2927.630)	Loss 0.3979343772 (0.4359)	Prec@1 85.840 (84.497)	Prec@5 99.023 (98.779)
Test: [10/10]	Time 0.151 (0.226)	Speed 6779.347 (4524.465)	Loss 0.2717 (0.3012)	Prec@1 90.179 (90.430)	Prec@5 100.000 (99.740)
 * Prec@1 90.430 Prec@5 99.740
 * Prec@1 90.430 Prec@5 99.740
 * Prec@1 90.430 Prec@5 99.740
 * Prec@1 90.430 Prec@5 99.740
Epoch: [44][10/49]	Time 0.416 (0.416)	Speed 2462.485 (2462.485)	Loss 0.4606167376 (0.4606)	Prec@1 85.352 (85.352)	Prec@5 98.340 (98.340)
Epoch: [44][20/49]	Time 0.324 (0.370)	Speed 3161.646 (2768.608)	Loss 0.4399474263 (0.4503)	Prec@1 85.742 (85.547)	Prec@5 98.730 (98.535)
Epoch: [44][30/49]	Time 0.323 (0.354)	Speed 3171.459 (2891.017)	Loss 0.4115348756 (0.4374)	Prec@1 86.328 (85.807)	Prec@5 98.730 (98.600)
Epoch: [44][40/49]	Time 0.322 (0.346)	Speed 3177.406 (2957.663)	Loss 0.5195143223 (0.4579)	Prec@1 82.520 (84.985)	Prec@5 98.535 (98.584)
Test: [10/10]	Time 0.168 (0.213)	Speed 6090.157 (4798.398)	Loss 0.2851 (0.2951)	Prec@1 90.306 (90.680)	Prec@5 100.000 (99.790)
 * Prec@1 90.680 Prec@5 99.790
 * Prec@1 90.680 Prec@5 99.790
 * Prec@1 90.680 Prec@5 99.790
 * Prec@1 90.680 Prec@5 99.790
Epoch: [45][10/49]	Time 0.401 (0.401)	Speed 2554.216 (2554.216)	Loss 0.4020174742 (0.4020)	Prec@1 86.133 (86.133)	Prec@5 98.730 (98.730)
Epoch: [45][20/49]	Time 0.325 (0.363)	Speed 3146.408 (2819.553)	Loss 0.4419870079 (0.4220)	Prec@1 84.180 (85.156)	Prec@5 99.121 (98.926)
Epoch: [45][30/49]	Time 0.324 (0.350)	Speed 3157.946 (2923.994)	Loss 0.3873879910 (0.4105)	Prec@1 85.547 (85.286)	Prec@5 99.023 (98.958)
Epoch: [45][40/49]	Time 0.324 (0.344)	Speed 3163.785 (2980.468)	Loss 0.4454413652 (0.4192)	Prec@1 83.594 (84.863)	Prec@5 98.633 (98.877)
Test: [10/10]	Time 0.170 (0.245)	Speed 6029.556 (4175.248)	Loss 0.2793 (0.3021)	Prec@1 90.306 (90.600)	Prec@5 100.000 (99.720)
 * Prec@1 90.600 Prec@5 99.720
 * Prec@1 90.600 Prec@5 99.720
 * Prec@1 90.600 Prec@5 99.720
 * Prec@1 90.600 Prec@5 99.720
Epoch: [46][10/49]	Time 0.406 (0.406)	Speed 2521.183 (2521.183)	Loss 0.3929793239 (0.3930)	Prec@1 87.402 (87.402)	Prec@5 99.219 (99.219)
Epoch: [46][20/49]	Time 0.325 (0.365)	Speed 3155.147 (2802.763)	Loss 0.4043826163 (0.3987)	Prec@1 85.645 (86.523)	Prec@5 98.926 (99.072)
Epoch: [46][30/49]	Time 0.324 (0.351)	Speed 3164.565 (2913.807)	Loss 0.3770047426 (0.3915)	Prec@1 87.793 (86.947)	Prec@5 98.828 (98.991)
Epoch: [46][40/49]	Time 0.323 (0.344)	Speed 3167.461 (2973.334)	Loss 0.4463670552 (0.4052)	Prec@1 83.984 (86.206)	Prec@5 98.926 (98.975)
Test: [10/10]	Time 0.163 (0.222)	Speed 6284.944 (4606.014)	Loss 0.2780 (0.3015)	Prec@1 90.306 (90.750)	Prec@5 100.000 (99.790)
 * Prec@1 90.750 Prec@5 99.790
 * Prec@1 90.750 Prec@5 99.790
 * Prec@1 90.750 Prec@5 99.790
 * Prec@1 90.750 Prec@5 99.790
Epoch: [47][10/49]	Time 0.377 (0.377)	Speed 2717.224 (2717.224)	Loss 0.3938919902 (0.3939)	Prec@1 86.133 (86.133)	Prec@5 98.926 (98.926)
Epoch: [47][20/49]	Time 0.324 (0.350)	Speed 3164.690 (2923.937)	Loss 0.3394917548 (0.3667)	Prec@1 87.793 (86.963)	Prec@5 99.316 (99.121)
Epoch: [47][30/49]	Time 0.326 (0.342)	Speed 3139.811 (2992.519)	Loss 0.3380205035 (0.3571)	Prec@1 88.281 (87.402)	Prec@5 99.414 (99.219)
Epoch: [47][40/49]	Time 0.323 (0.337)	Speed 3167.591 (3034.447)	Loss 0.3992094994 (0.3677)	Prec@1 86.328 (87.134)	Prec@5 98.926 (99.146)
Test: [10/10]	Time 0.169 (0.228)	Speed 6064.882 (4497.066)	Loss 0.2729 (0.3016)	Prec@1 90.816 (90.680)	Prec@5 100.000 (99.760)
 * Prec@1 90.680 Prec@5 99.760
 * Prec@1 90.680 Prec@5 99.760
 * Prec@1 90.680 Prec@5 99.760
 * Prec@1 90.680 Prec@5 99.760
Epoch: [48][10/49]	Time 0.409 (0.409)	Speed 2501.848 (2501.848)	Loss 0.3730073571 (0.3730)	Prec@1 86.133 (86.133)	Prec@5 99.512 (99.512)
Epoch: [48][20/49]	Time 0.323 (0.366)	Speed 3169.453 (2796.356)	Loss 0.4181493223 (0.3956)	Prec@1 85.742 (85.938)	Prec@5 98.242 (98.877)
Epoch: [48][30/49]	Time 0.326 (0.353)	Speed 3141.690 (2902.712)	Loss 0.4053616524 (0.3988)	Prec@1 86.035 (85.970)	Prec@5 99.316 (99.023)
Epoch: [48][40/49]	Time 0.326 (0.346)	Speed 3143.763 (2959.441)	Loss 0.3976938426 (0.3986)	Prec@1 86.621 (86.133)	Prec@5 99.219 (99.072)
Test: [10/10]	Time 0.163 (0.230)	Speed 6277.283 (4453.654)	Loss 0.2710 (0.3043)	Prec@1 90.434 (90.820)	Prec@5 100.000 (99.740)
 * Prec@1 90.820 Prec@5 99.740
 * Prec@1 90.820 Prec@5 99.740
 * Prec@1 90.820 Prec@5 99.740
 * Prec@1 90.820 Prec@5 99.740
Epoch: [49][10/49]	Time 0.388 (0.388)	Speed 2637.565 (2637.565)	Loss 0.4291130900 (0.4291)	Prec@1 85.547 (85.547)	Prec@5 98.438 (98.438)
Epoch: [49][20/49]	Time 0.323 (0.356)	Speed 3168.225 (2878.643)	Loss 0.3895027936 (0.4093)	Prec@1 86.035 (85.791)	Prec@5 98.828 (98.633)
Epoch: [49][30/49]	Time 0.325 (0.346)	Speed 3149.768 (2963.679)	Loss 0.4129624367 (0.4105)	Prec@1 84.375 (85.319)	Prec@5 99.023 (98.763)
Epoch: [49][40/49]	Time 0.323 (0.340)	Speed 3167.660 (3012.171)	Loss 0.3707742095 (0.4006)	Prec@1 87.500 (85.864)	Prec@5 99.414 (98.926)
Test: [10/10]	Time 0.164 (0.221)	Speed 6225.619 (4638.726)	Loss 0.2634 (0.3082)	Prec@1 91.327 (90.760)	Prec@5 99.872 (99.740)
 * Prec@1 90.760 Prec@5 99.740
 * Prec@1 90.760 Prec@5 99.740
 * Prec@1 90.760 Prec@5 99.740
 * Prec@1 90.760 Prec@5 99.740
