=> creating model 'resnet50'
Selected optimization level O2:  FP16 training with FP32 batchnorm and FP32 master weights.

Defaults for this optimization level are:
enabled                : True
opt_level              : O2
cast_model_type        : torch.float16
patch_torch_functions  : False
keep_batchnorm_fp32    : True
master_weights         : True
loss_scale             : dynamic
Processing user overrides (additional kwargs that are not None)...
After processing overrides, optimization options are:
enabled                : True
opt_level              : O2
cast_model_type        : torch.float16
patch_torch_functions  : False
keep_batchnorm_fp32    : True
master_weights         : True
loss_scale             : dynamic
Gradient overflow.  Skipping step, loss scaler 0 reducing loss scale to 32768.0
Gradient overflow.  Skipping step, loss scaler 0 reducing loss scale to 16384.0
Epoch: [0][10/5005]	Time 1.294 (1.294)	Speed 197.812 (197.812)	Loss 7.1207304001 (7.1207)	Prec@1 0.000 (0.000)	Prec@5 0.391 (0.391)
Epoch: [0][20/5005]	Time 0.321 (0.808)	Speed 797.697 (317.012)	Loss 7.0999040604 (7.1103)	Prec@1 0.000 (0.000)	Prec@5 0.391 (0.391)
Epoch: [0][30/5005]	Time 0.322 (0.646)	Speed 795.318 (396.497)	Loss 7.1488728523 (7.1232)	Prec@1 0.000 (0.000)	Prec@5 0.000 (0.260)
Epoch: [0][40/5005]	Time 0.316 (0.563)	Speed 808.963 (454.421)	Loss 7.0736804008 (7.1108)	Prec@1 0.000 (0.000)	Prec@5 0.781 (0.391)
Epoch: [0][50/5005]	Time 0.320 (0.515)	Speed 798.782 (497.299)	Loss 7.0338978767 (7.0954)	Prec@1 0.000 (0.000)	Prec@5 0.391 (0.391)
Epoch: [0][60/5005]	Time 0.320 (0.482)	Speed 799.848 (530.760)	Loss 6.9978146553 (7.0792)	Prec@1 0.391 (0.065)	Prec@5 0.391 (0.391)
Epoch: [0][70/5005]	Time 0.318 (0.459)	Speed 806.041 (557.983)	Loss 7.0337848663 (7.0727)	Prec@1 0.000 (0.056)	Prec@5 0.000 (0.335)
Epoch: [0][80/5005]	Time 0.317 (0.441)	Speed 807.329 (580.390)	Loss 6.9735307693 (7.0603)	Prec@1 0.000 (0.049)	Prec@5 0.391 (0.342)
Epoch: [0][90/5005]	Time 0.326 (0.428)	Speed 784.581 (597.673)	Loss 6.9900016785 (7.0525)	Prec@1 0.000 (0.043)	Prec@5 0.391 (0.347)
Epoch: [0][100/5005]	Time 0.320 (0.418)	Speed 799.816 (613.170)	Loss 6.9904232025 (7.0463)	Prec@1 0.000 (0.039)	Prec@5 0.000 (0.312)
Epoch: [0][110/5005]	Time 0.320 (0.409)	Speed 800.276 (626.486)	Loss 7.0007410049 (7.0421)	Prec@1 0.391 (0.071)	Prec@5 0.781 (0.355)
Epoch: [0][120/5005]	Time 0.320 (0.401)	Speed 799.603 (637.996)	Loss 6.9827694893 (7.0372)	Prec@1 0.000 (0.065)	Prec@5 0.781 (0.391)
Epoch: [0][130/5005]	Time 0.319 (0.395)	Speed 803.077 (648.247)	Loss 6.9351358414 (7.0293)	Prec@1 0.781 (0.120)	Prec@5 0.781 (0.421)
Epoch: [0][140/5005]	Time 0.319 (0.389)	Speed 803.711 (657.329)	Loss 6.9838271141 (7.0261)	Prec@1 0.000 (0.112)	Prec@5 0.391 (0.419)
Epoch: [0][150/5005]	Time 0.320 (0.385)	Speed 799.858 (665.231)	Loss 6.9066886902 (7.0181)	Prec@1 0.781 (0.156)	Prec@5 1.172 (0.469)
Epoch: [0][160/5005]	Time 0.324 (0.381)	Speed 790.313 (671.878)	Loss 6.9411921501 (7.0133)	Prec@1 0.000 (0.146)	Prec@5 0.781 (0.488)
Epoch: [0][170/5005]	Time 0.318 (0.377)	Speed 804.292 (678.448)	Loss 6.9419436455 (7.0091)	Prec@1 0.000 (0.138)	Prec@5 0.781 (0.506)
Epoch: [0][180/5005]	Time 0.325 (0.374)	Speed 787.311 (683.700)	Loss 6.9039463997 (7.0033)	Prec@1 0.000 (0.130)	Prec@5 0.000 (0.477)
Epoch: [0][190/5005]	Time 0.320 (0.372)	Speed 799.199 (688.940)	Loss 6.9147100449 (6.9986)	Prec@1 0.000 (0.123)	Prec@5 0.391 (0.473)
Epoch: [0][200/5005]	Time 0.318 (0.369)	Speed 804.187 (693.912)	Loss 6.9254527092 (6.9950)	Prec@1 0.000 (0.117)	Prec@5 0.391 (0.469)
Epoch: [0][210/5005]	Time 0.317 (0.366)	Speed 808.041 (698.611)	Loss 6.9288206100 (6.9918)	Prec@1 0.000 (0.112)	Prec@5 0.391 (0.465)
Epoch: [0][220/5005]	Time 0.321 (0.364)	Speed 796.601 (702.539)	Loss 6.9053893089 (6.9879)	Prec@1 0.000 (0.107)	Prec@5 0.781 (0.479)
Epoch: [0][230/5005]	Time 0.323 (0.363)	Speed 793.073 (706.044)	Loss 6.9037623405 (6.9842)	Prec@1 0.391 (0.119)	Prec@5 0.781 (0.493)
Epoch: [0][240/5005]	Time 0.318 (0.361)	Speed 805.415 (709.692)	Loss 6.8925957680 (6.9804)	Prec@1 0.000 (0.114)	Prec@5 1.172 (0.521)
Epoch: [0][250/5005]	Time 0.320 (0.359)	Speed 800.153 (712.916)	Loss 6.9319844246 (6.9785)	Prec@1 0.000 (0.109)	Prec@5 0.000 (0.500)
Epoch: [0][260/5005]	Time 0.319 (0.358)	Speed 803.551 (716.022)	Loss 6.9221196175 (6.9763)	Prec@1 0.391 (0.120)	Prec@5 0.391 (0.496)
Epoch: [0][270/5005]	Time 0.322 (0.356)	Speed 796.209 (718.703)	Loss 6.9244647026 (6.9744)	Prec@1 0.391 (0.130)	Prec@5 0.781 (0.506)
Epoch: [0][280/5005]	Time 0.319 (0.355)	Speed 803.162 (721.412)	Loss 6.8897938728 (6.9714)	Prec@1 0.000 (0.126)	Prec@5 2.344 (0.572)
Epoch: [0][290/5005]	Time 0.319 (0.354)	Speed 801.776 (723.914)	Loss 6.9213061333 (6.9696)	Prec@1 0.000 (0.121)	Prec@5 0.000 (0.552)
Epoch: [0][300/5005]	Time 0.320 (0.352)	Speed 800.903 (726.241)	Loss 6.9107794762 (6.9677)	Prec@1 0.000 (0.117)	Prec@5 0.391 (0.547)
Epoch: [0][310/5005]	Time 0.321 (0.351)	Speed 797.864 (728.351)	Loss 6.8951687813 (6.9653)	Prec@1 0.000 (0.113)	Prec@5 0.000 (0.529)
Epoch: [0][320/5005]	Time 0.329 (0.351)	Speed 778.717 (729.826)	Loss 6.9075541496 (6.9635)	Prec@1 0.391 (0.122)	Prec@5 0.781 (0.537)
Epoch: [0][330/5005]	Time 0.319 (0.350)	Speed 803.607 (731.862)	Loss 6.9260883331 (6.9624)	Prec@1 0.000 (0.118)	Prec@5 1.562 (0.568)
Epoch: [0][340/5005]	Time 0.325 (0.349)	Speed 788.153 (733.402)	Loss 6.9168796539 (6.9611)	Prec@1 0.000 (0.115)	Prec@5 0.000 (0.551)
Epoch: [0][350/5005]	Time 0.317 (0.348)	Speed 808.018 (735.343)	Loss 6.8930726051 (6.9591)	Prec@1 0.391 (0.123)	Prec@5 0.781 (0.558)
Epoch: [0][360/5005]	Time 0.315 (0.347)	Speed 811.737 (737.270)	Loss 6.8949079514 (6.9573)	Prec@1 0.000 (0.119)	Prec@5 1.562 (0.586)
Epoch: [0][370/5005]	Time 0.317 (0.346)	Speed 806.701 (738.989)	Loss 6.8905305862 (6.9555)	Prec@1 0.000 (0.116)	Prec@5 0.391 (0.581)
Epoch: [0][380/5005]	Time 0.318 (0.346)	Speed 805.005 (740.587)	Loss 6.8988351822 (6.9540)	Prec@1 0.000 (0.113)	Prec@5 0.000 (0.565)
Epoch: [0][390/5005]	Time 0.317 (0.345)	Speed 806.782 (742.149)	Loss 6.9064545631 (6.9528)	Prec@1 0.000 (0.110)	Prec@5 1.172 (0.581)
Epoch: [0][400/5005]	Time 0.316 (0.344)	Speed 809.485 (743.695)	Loss 6.9065485001 (6.9517)	Prec@1 0.781 (0.127)	Prec@5 1.172 (0.596)
Epoch: [0][410/5005]	Time 0.317 (0.344)	Speed 807.319 (745.127)	Loss 6.9301805496 (6.9511)	Prec@1 0.000 (0.124)	Prec@5 0.391 (0.591)
Epoch: [0][420/5005]	Time 0.317 (0.343)	Speed 807.874 (746.508)	Loss 6.8935947418 (6.9498)	Prec@1 0.000 (0.121)	Prec@5 0.781 (0.595)
Epoch: [0][430/5005]	Time 0.322 (0.342)	Speed 795.973 (747.588)	Loss 6.9134860039 (6.9489)	Prec@1 0.000 (0.118)	Prec@5 0.000 (0.581)
Epoch: [0][440/5005]	Time 0.319 (0.342)	Speed 801.329 (748.730)	Loss 6.8651957512 (6.9470)	Prec@1 0.000 (0.115)	Prec@5 0.391 (0.577)
Epoch: [0][450/5005]	Time 0.319 (0.341)	Speed 803.571 (749.867)	Loss 6.8867716789 (6.9457)	Prec@1 0.000 (0.113)	Prec@5 1.953 (0.608)
Epoch: [0][460/5005]	Time 0.321 (0.341)	Speed 797.123 (750.834)	Loss 6.8558459282 (6.9437)	Prec@1 0.000 (0.110)	Prec@5 1.172 (0.620)
Epoch: [0][470/5005]	Time 0.319 (0.340)	Speed 801.323 (751.842)	Loss 6.8934574127 (6.9427)	Prec@1 0.000 (0.108)	Prec@5 0.781 (0.623)
Epoch: [0][480/5005]	Time 0.323 (0.340)	Speed 791.588 (752.630)	Loss 6.8814277649 (6.9414)	Prec@1 0.000 (0.106)	Prec@5 0.391 (0.618)
Epoch: [0][490/5005]	Time 0.323 (0.340)	Speed 792.635 (753.406)	Loss 6.9103002548 (6.9407)	Prec@1 0.000 (0.104)	Prec@5 0.781 (0.622)
Epoch: [0][500/5005]	Time 0.319 (0.339)	Speed 801.709 (754.315)	Loss 6.8866448402 (6.9397)	Prec@1 0.000 (0.102)	Prec@5 1.172 (0.633)
Epoch: [0][510/5005]	Time 0.317 (0.339)	Speed 808.514 (755.307)	Loss 6.8684659004 (6.9383)	Prec@1 0.000 (0.100)	Prec@5 0.391 (0.628)
Epoch: [0][520/5005]	Time 0.322 (0.339)	Speed 794.847 (756.031)	Loss 6.8824129105 (6.9372)	Prec@1 0.391 (0.105)	Prec@5 1.562 (0.646)
Epoch: [0][530/5005]	Time 0.323 (0.338)	Speed 793.097 (756.698)	Loss 6.9479374886 (6.9374)	Prec@1 0.391 (0.111)	Prec@5 1.953 (0.671)
Epoch: [0][540/5005]	Time 0.317 (0.338)	Speed 807.507 (757.581)	Loss 6.9133701324 (6.9369)	Prec@1 0.781 (0.123)	Prec@5 0.781 (0.673)
Epoch: [0][550/5005]	Time 0.317 (0.338)	Speed 806.569 (758.418)	Loss 6.8907079697 (6.9361)	Prec@1 0.391 (0.128)	Prec@5 1.562 (0.689)
Epoch: [0][560/5005]	Time 0.326 (0.337)	Speed 785.989 (758.894)	Loss 6.9367160797 (6.9361)	Prec@1 0.000 (0.126)	Prec@5 0.000 (0.677)
Epoch: [0][570/5005]	Time 0.317 (0.337)	Speed 808.233 (759.707)	Loss 6.8771109581 (6.9351)	Prec@1 0.391 (0.130)	Prec@5 1.172 (0.685)
Epoch: [0][580/5005]	Time 0.318 (0.337)	Speed 805.490 (760.452)	Loss 6.8653626442 (6.9339)	Prec@1 0.000 (0.128)	Prec@5 1.562 (0.700)
Epoch: [0][590/5005]	Time 0.318 (0.336)	Speed 805.468 (761.173)	Loss 6.9597249031 (6.9343)	Prec@1 0.000 (0.126)	Prec@5 0.391 (0.695)
Epoch: [0][600/5005]	Time 0.319 (0.336)	Speed 803.451 (761.842)	Loss 6.8765511513 (6.9334)	Prec@1 0.000 (0.124)	Prec@5 0.391 (0.690)
Epoch: [0][610/5005]	Time 0.320 (0.336)	Speed 799.589 (762.432)	Loss 6.8828377724 (6.9325)	Prec@1 0.000 (0.122)	Prec@5 1.562 (0.704)
Epoch: [0][620/5005]	Time 0.319 (0.336)	Speed 801.698 (763.034)	Loss 6.8729791641 (6.9316)	Prec@1 0.000 (0.120)	Prec@5 0.781 (0.706)
Epoch: [0][630/5005]	Time 0.319 (0.335)	Speed 801.612 (763.618)	Loss 6.8971490860 (6.9310)	Prec@1 0.000 (0.118)	Prec@5 0.391 (0.701)
Epoch: [0][640/5005]	Time 0.318 (0.335)	Speed 804.892 (764.230)	Loss 6.8339071274 (6.9295)	Prec@1 0.391 (0.122)	Prec@5 1.172 (0.708)
Epoch: [0][650/5005]	Time 0.324 (0.335)	Speed 791.219 (764.631)	Loss 6.8642334938 (6.9285)	Prec@1 0.391 (0.126)	Prec@5 0.391 (0.703)
Epoch: [0][660/5005]	Time 0.320 (0.335)	Speed 799.966 (765.143)	Loss 6.8701624870 (6.9276)	Prec@1 0.000 (0.124)	Prec@5 0.781 (0.704)
Epoch: [0][670/5005]	Time 0.320 (0.334)	Speed 800.745 (765.651)	Loss 6.8520174026 (6.9265)	Prec@1 0.000 (0.122)	Prec@5 1.172 (0.711)
Epoch: [0][680/5005]	Time 0.320 (0.334)	Speed 800.261 (766.139)	Loss 6.8673386574 (6.9256)	Prec@1 0.000 (0.121)	Prec@5 1.562 (0.724)
Epoch: [0][690/5005]	Time 0.318 (0.334)	Speed 803.813 (766.659)	Loss 6.9196805954 (6.9255)	Prec@1 0.000 (0.119)	Prec@5 2.344 (0.747)
Epoch: [0][700/5005]	Time 0.320 (0.334)	Speed 799.837 (767.114)	Loss 6.8538541794 (6.9245)	Prec@1 0.000 (0.117)	Prec@5 1.172 (0.753)
Epoch: [0][710/5005]	Time 0.319 (0.334)	Speed 802.178 (767.587)	Loss 6.9078607559 (6.9243)	Prec@1 0.000 (0.116)	Prec@5 0.000 (0.743)
Epoch: [0][720/5005]	Time 0.328 (0.333)	Speed 781.337 (767.774)	Loss 6.9031400681 (6.9240)	Prec@1 0.000 (0.114)	Prec@5 0.000 (0.732)
Epoch: [0][730/5005]	Time 0.318 (0.333)	Speed 804.418 (768.254)	Loss 6.8696489334 (6.9232)	Prec@1 0.391 (0.118)	Prec@5 0.391 (0.728)
Epoch: [0][740/5005]	Time 0.316 (0.333)	Speed 810.246 (768.792)	Loss 6.8223643303 (6.9219)	Prec@1 0.391 (0.121)	Prec@5 1.562 (0.739)
Epoch: [0][750/5005]	Time 0.317 (0.333)	Speed 808.620 (769.297)	Loss 6.8325662613 (6.9207)	Prec@1 0.391 (0.125)	Prec@5 1.562 (0.750)
Epoch: [0][760/5005]	Time 0.318 (0.333)	Speed 805.508 (769.753)	Loss 6.9363789558 (6.9209)	Prec@1 0.000 (0.123)	Prec@5 1.562 (0.761)
Epoch: [0][770/5005]	Time 0.317 (0.332)	Speed 808.845 (770.236)	Loss 6.8382844925 (6.9198)	Prec@1 0.781 (0.132)	Prec@5 2.344 (0.781)
Epoch: [0][780/5005]	Time 0.316 (0.332)	Speed 809.316 (770.713)	Loss 6.8440747261 (6.9188)	Prec@1 0.391 (0.135)	Prec@5 1.172 (0.786)
Epoch: [0][790/5005]	Time 0.323 (0.332)	Speed 792.470 (770.981)	Loss 6.8867583275 (6.9184)	Prec@1 0.391 (0.138)	Prec@5 1.172 (0.791)
Epoch: [0][800/5005]	Time 0.317 (0.332)	Speed 808.706 (771.431)	Loss 6.8387017250 (6.9174)	Prec@1 0.000 (0.137)	Prec@5 0.781 (0.791)
Epoch: [0][810/5005]	Time 0.318 (0.332)	Speed 805.261 (771.831)	Loss 6.9305009842 (6.9176)	Prec@1 0.000 (0.135)	Prec@5 0.391 (0.786)
Epoch: [0][820/5005]	Time 0.321 (0.332)	Speed 796.973 (772.128)	Loss 6.8255953789 (6.9165)	Prec@1 0.391 (0.138)	Prec@5 1.953 (0.800)
Epoch: [0][830/5005]	Time 0.320 (0.331)	Speed 801.022 (772.464)	Loss 6.8169527054 (6.9153)	Prec@1 0.000 (0.136)	Prec@5 1.562 (0.809)
Epoch: [0][840/5005]	Time 0.318 (0.331)	Speed 804.959 (772.835)	Loss 6.8614168167 (6.9146)	Prec@1 0.391 (0.140)	Prec@5 2.344 (0.828)
Epoch: [0][850/5005]	Time 0.319 (0.331)	Speed 802.792 (773.175)	Loss 6.9036564827 (6.9145)	Prec@1 0.781 (0.147)	Prec@5 1.172 (0.832)
Epoch: [0][860/5005]	Time 0.317 (0.331)	Speed 807.634 (773.559)	Loss 6.9182758331 (6.9146)	Prec@1 0.000 (0.145)	Prec@5 0.000 (0.822)
Epoch: [0][870/5005]	Time 0.316 (0.331)	Speed 809.255 (773.951)	Loss 6.8755426407 (6.9141)	Prec@1 0.000 (0.144)	Prec@5 1.172 (0.826)
Epoch: [0][880/5005]	Time 0.327 (0.331)	Speed 783.060 (774.053)	Loss 6.8799591064 (6.9137)	Prec@1 0.000 (0.142)	Prec@5 1.562 (0.835)
Epoch: [0][890/5005]	Time 0.319 (0.331)	Speed 803.304 (774.370)	Loss 6.9219932556 (6.9138)	Prec@1 0.391 (0.145)	Prec@5 1.953 (0.847)
Epoch: [0][900/5005]	Time 0.317 (0.330)	Speed 807.075 (774.719)	Loss 6.7732429504 (6.9122)	Prec@1 0.391 (0.148)	Prec@5 2.734 (0.868)
/opt/conda/lib/python3.6/site-packages/PIL/TiffImagePlugin.py:754: UserWarning: Possibly corrupt EXIF data.  Expecting to read 2555904 bytes but only got 0. Skipping tag 0
  " Skipping tag %s" % (size, len(data), tag))
Epoch: [0][910/5005]	Time 0.318 (0.330)	Speed 805.978 (775.049)	Loss 6.8518242836 (6.9116)	Prec@1 0.391 (0.150)	Prec@5 1.953 (0.880)
Epoch: [0][920/5005]	Time 0.317 (0.330)	Speed 808.432 (775.397)	Loss 6.8783912659 (6.9112)	Prec@1 0.000 (0.149)	Prec@5 0.391 (0.875)
Epoch: [0][930/5005]	Time 0.326 (0.330)	Speed 785.976 (775.510)	Loss 6.8600859642 (6.9107)	Prec@1 0.000 (0.147)	Prec@5 1.172 (0.878)
Epoch: [0][940/5005]	Time 0.316 (0.330)	Speed 810.897 (775.870)	Loss 6.8420310020 (6.9099)	Prec@1 0.781 (0.154)	Prec@5 2.734 (0.898)
Epoch: [0][950/5005]	Time 0.317 (0.330)	Speed 807.452 (776.189)	Loss 6.8450021744 (6.9093)	Prec@1 0.000 (0.152)	Prec@5 1.953 (0.909)
Epoch: [0][960/5005]	Time 0.327 (0.330)	Speed 783.098 (776.261)	Loss 6.7796850204 (6.9079)	Prec@1 1.172 (0.163)	Prec@5 3.125 (0.932)
Epoch: [0][970/5005]	Time 0.318 (0.330)	Speed 804.503 (776.542)	Loss 6.7674450874 (6.9065)	Prec@1 1.172 (0.173)	Prec@5 1.953 (0.942)
Epoch: [0][980/5005]	Time 0.323 (0.330)	Speed 792.176 (776.698)	Loss 6.7813258171 (6.9052)	Prec@1 0.391 (0.175)	Prec@5 1.953 (0.953)
Epoch: [0][990/5005]	Time 0.323 (0.330)	Speed 793.460 (776.864)	Loss 6.8116121292 (6.9042)	Prec@1 0.781 (0.182)	Prec@5 1.562 (0.959)
Epoch: [0][1000/5005]	Time 0.316 (0.329)	Speed 809.631 (777.178)	Loss 6.7490944862 (6.9027)	Prec@1 0.391 (0.184)	Prec@5 3.125 (0.980)
Epoch: [0][1010/5005]	Time 0.318 (0.329)	Speed 805.419 (777.448)	Loss 6.7309083939 (6.9010)	Prec@1 0.391 (0.186)	Prec@5 2.344 (0.994)
Epoch: [0][1020/5005]	Time 0.316 (0.329)	Speed 809.741 (777.752)	Loss 6.8167181015 (6.9002)	Prec@1 0.391 (0.188)	Prec@5 0.781 (0.992)
Epoch: [0][1030/5005]	Time 0.315 (0.329)	Speed 812.041 (778.071)	Loss 6.8014974594 (6.8992)	Prec@1 1.172 (0.197)	Prec@5 3.125 (1.013)
Epoch: [0][1040/5005]	Time 0.316 (0.329)	Speed 810.907 (778.375)	Loss 6.7673764229 (6.8979)	Prec@1 0.781 (0.203)	Prec@5 1.562 (1.018)
Epoch: [0][1050/5005]	Time 0.322 (0.329)	Speed 795.220 (778.532)	Loss 6.7951860428 (6.8970)	Prec@1 0.781 (0.208)	Prec@5 1.953 (1.027)
Epoch: [0][1060/5005]	Time 0.320 (0.329)	Speed 800.586 (778.734)	Loss 6.7722382545 (6.8958)	Prec@1 0.000 (0.206)	Prec@5 1.172 (1.028)
Epoch: [0][1070/5005]	Time 0.318 (0.329)	Speed 805.372 (778.975)	Loss 6.7873191833 (6.8948)	Prec@1 0.781 (0.212)	Prec@5 2.734 (1.044)
Epoch: [0][1080/5005]	Time 0.318 (0.329)	Speed 804.557 (779.204)	Loss 6.7684774399 (6.8936)	Prec@1 0.391 (0.213)	Prec@5 1.953 (1.053)
Epoch: [0][1090/5005]	Time 0.321 (0.328)	Speed 798.563 (779.377)	Loss 6.7855982780 (6.8926)	Prec@1 0.391 (0.215)	Prec@5 3.125 (1.072)
Epoch: [0][1100/5005]	Time 0.320 (0.328)	Speed 800.986 (779.569)	Loss 6.7675199509 (6.8915)	Prec@1 0.391 (0.217)	Prec@5 1.953 (1.080)
Epoch: [0][1110/5005]	Time 0.321 (0.328)	Speed 796.783 (779.720)	Loss 6.7095913887 (6.8898)	Prec@1 0.781 (0.222)	Prec@5 1.953 (1.087)
Epoch: [0][1120/5005]	Time 0.318 (0.328)	Speed 804.272 (779.933)	Loss 6.7106146812 (6.8882)	Prec@1 0.391 (0.223)	Prec@5 1.562 (1.092)
Epoch: [0][1130/5005]	Time 0.318 (0.328)	Speed 804.173 (780.141)	Loss 6.8281383514 (6.8877)	Prec@1 0.000 (0.221)	Prec@5 0.781 (1.089)
Epoch: [0][1140/5005]	Time 0.322 (0.328)	Speed 795.410 (780.273)	Loss 6.7257819176 (6.8863)	Prec@1 0.000 (0.219)	Prec@5 1.953 (1.096)
/opt/conda/lib/python3.6/site-packages/PIL/TiffImagePlugin.py:754: UserWarning: Possibly corrupt EXIF data.  Expecting to read 19660800 bytes but only got 0. Skipping tag 0
  " Skipping tag %s" % (size, len(data), tag))
/opt/conda/lib/python3.6/site-packages/PIL/TiffImagePlugin.py:754: UserWarning: Possibly corrupt EXIF data.  Expecting to read 18481152 bytes but only got 0. Skipping tag 0
  " Skipping tag %s" % (size, len(data), tag))
/opt/conda/lib/python3.6/site-packages/PIL/TiffImagePlugin.py:754: UserWarning: Possibly corrupt EXIF data.  Expecting to read 37093376 bytes but only got 0. Skipping tag 0
  " Skipping tag %s" % (size, len(data), tag))
/opt/conda/lib/python3.6/site-packages/PIL/TiffImagePlugin.py:754: UserWarning: Possibly corrupt EXIF data.  Expecting to read 39976960 bytes but only got 0. Skipping tag 0
  " Skipping tag %s" % (size, len(data), tag))
/opt/conda/lib/python3.6/site-packages/PIL/TiffImagePlugin.py:754: UserWarning: Possibly corrupt EXIF data.  Expecting to read 34865152 bytes but only got 0. Skipping tag 0
  " Skipping tag %s" % (size, len(data), tag))
/opt/conda/lib/python3.6/site-packages/PIL/TiffImagePlugin.py:771: UserWarning: Corrupt EXIF data.  Expecting to read 12 bytes but only got 10.
  warnings.warn(str(msg))
Epoch: [0][1150/5005]	Time 0.320 (0.328)	Speed 799.446 (780.435)	Loss 6.7421202660 (6.8850)	Prec@1 0.391 (0.221)	Prec@5 2.344 (1.107)
Epoch: [0][1160/5005]	Time 0.316 (0.328)	Speed 809.863 (780.680)	Loss 6.7154741287 (6.8836)	Prec@1 0.391 (0.222)	Prec@5 3.125 (1.125)
Epoch: [0][1170/5005]	Time 0.321 (0.328)	Speed 796.926 (780.816)	Loss 6.7985563278 (6.8828)	Prec@1 1.172 (0.230)	Prec@5 1.172 (1.125)
Epoch: [0][1180/5005]	Time 0.320 (0.328)	Speed 799.568 (780.971)	Loss 6.7267332077 (6.8815)	Prec@1 0.781 (0.235)	Prec@5 1.953 (1.132)
Epoch: [0][1190/5005]	Time 0.324 (0.328)	Speed 790.675 (781.052)	Loss 6.7259936333 (6.8802)	Prec@1 1.172 (0.243)	Prec@5 3.516 (1.152)
Epoch: [0][1200/5005]	Time 0.321 (0.328)	Speed 797.338 (781.185)	Loss 6.6354446411 (6.8782)	Prec@1 1.562 (0.254)	Prec@5 4.297 (1.178)
Epoch: [0][1210/5005]	Time 0.319 (0.328)	Speed 802.376 (781.355)	Loss 6.6746525764 (6.8765)	Prec@1 0.391 (0.255)	Prec@5 2.344 (1.188)
Epoch: [0][1220/5005]	Time 0.315 (0.328)	Speed 812.409 (781.600)	Loss 6.6498265266 (6.8746)	Prec@1 0.000 (0.253)	Prec@5 0.391 (1.181)
Epoch: [0][1230/5005]	Time 0.319 (0.327)	Speed 801.391 (781.757)	Loss 6.7159581184 (6.8733)	Prec@1 0.391 (0.254)	Prec@5 1.172 (1.181)
Epoch: [0][1240/5005]	Time 0.319 (0.327)	Speed 803.465 (781.927)	Loss 6.6931562424 (6.8719)	Prec@1 0.000 (0.252)	Prec@5 0.781 (1.178)
/opt/conda/lib/python3.6/site-packages/PIL/TiffImagePlugin.py:771: UserWarning: Corrupt EXIF data.  Expecting to read 4 bytes but only got 0.
  warnings.warn(str(msg))
Epoch: [0][1250/5005]	Time 0.318 (0.327)	Speed 804.283 (782.101)	Loss 6.5796942711 (6.8695)	Prec@1 0.781 (0.256)	Prec@5 4.688 (1.206)
/opt/conda/lib/python3.6/site-packages/PIL/TiffImagePlugin.py:754: UserWarning: Possibly corrupt EXIF data.  Expecting to read 2555904 bytes but only got 0. Skipping tag 0
  " Skipping tag %s" % (size, len(data), tag))
Epoch: [0][1260/5005]	Time 0.320 (0.327)	Speed 800.964 (782.247)	Loss 6.6590270996 (6.8679)	Prec@1 1.172 (0.264)	Prec@5 2.734 (1.218)
Epoch: [0][1270/5005]	Time 0.317 (0.327)	Speed 808.067 (782.444)	Loss 6.7000236511 (6.8666)	Prec@1 0.391 (0.265)	Prec@5 1.172 (1.218)
Epoch: [0][1280/5005]	Time 0.318 (0.327)	Speed 805.587 (782.620)	Loss 6.6888508797 (6.8652)	Prec@1 0.391 (0.266)	Prec@5 2.734 (1.230)
Epoch: [0][1290/5005]	Time 0.320 (0.327)	Speed 799.064 (782.745)	Loss 6.6556196213 (6.8635)	Prec@1 0.391 (0.266)	Prec@5 1.562 (1.232)
Epoch: [0][1300/5005]	Time 0.316 (0.327)	Speed 809.241 (782.942)	Loss 6.6073555946 (6.8616)	Prec@1 0.781 (0.270)	Prec@5 2.344 (1.241)
Epoch: [0][1310/5005]	Time 0.319 (0.327)	Speed 802.107 (783.085)	Loss 6.6488189697 (6.8599)	Prec@1 1.172 (0.277)	Prec@5 2.344 (1.249)
Epoch: [0][1320/5005]	Time 0.319 (0.327)	Speed 803.445 (783.235)	Loss 6.5421285629 (6.8575)	Prec@1 1.562 (0.287)	Prec@5 2.344 (1.258)
Epoch: [0][1330/5005]	Time 0.318 (0.327)	Speed 804.269 (783.389)	Loss 6.6698846817 (6.8561)	Prec@1 0.391 (0.288)	Prec@5 2.344 (1.266)
Epoch: [0][1340/5005]	Time 0.318 (0.327)	Speed 805.417 (783.549)	Loss 6.5526232719 (6.8539)	Prec@1 0.391 (0.289)	Prec@5 1.953 (1.271)
Epoch: [0][1350/5005]	Time 0.318 (0.327)	Speed 804.580 (783.701)	Loss 6.4913005829 (6.8512)	Prec@1 0.781 (0.292)	Prec@5 4.688 (1.296)
Epoch: [0][1360/5005]	Time 0.319 (0.327)	Speed 803.242 (783.841)	Loss 6.5557842255 (6.8490)	Prec@1 1.562 (0.302)	Prec@5 3.516 (1.313)
Epoch: [0][1370/5005]	Time 0.316 (0.327)	Speed 809.979 (784.026)	Loss 6.5442008972 (6.8468)	Prec@1 0.781 (0.305)	Prec@5 3.516 (1.329)
Epoch: [0][1380/5005]	Time 0.322 (0.326)	Speed 795.095 (784.105)	Loss 6.5721578598 (6.8448)	Prec@1 0.781 (0.309)	Prec@5 2.734 (1.339)
Epoch: [0][1390/5005]	Time 0.317 (0.326)	Speed 808.192 (784.273)	Loss 6.5585055351 (6.8427)	Prec@1 1.172 (0.315)	Prec@5 3.516 (1.355)
Epoch: [0][1400/5005]	Time 0.325 (0.326)	Speed 786.630 (784.290)	Loss 6.5650691986 (6.8407)	Prec@1 1.172 (0.321)	Prec@5 2.734 (1.364)
Epoch: [0][1410/5005]	Time 0.318 (0.326)	Speed 805.928 (784.439)	Loss 6.4732728004 (6.8381)	Prec@1 1.172 (0.327)	Prec@5 3.516 (1.380)
Epoch: [0][1420/5005]	Time 0.320 (0.326)	Speed 800.055 (784.547)	Loss 6.6139197350 (6.8366)	Prec@1 1.172 (0.333)	Prec@5 2.344 (1.386)
Epoch: [0][1430/5005]	Time 0.318 (0.326)	Speed 805.420 (784.689)	Loss 6.5803437233 (6.8348)	Prec@1 0.781 (0.336)	Prec@5 2.734 (1.396)
Epoch: [0][1440/5005]	Time 0.322 (0.326)	Speed 795.481 (784.763)	Loss 6.4998250008 (6.8324)	Prec@1 0.781 (0.339)	Prec@5 4.297 (1.416)
Epoch: [0][1450/5005]	Time 0.319 (0.326)	Speed 801.766 (784.878)	Loss 6.4944453239 (6.8301)	Prec@1 1.172 (0.345)	Prec@5 3.906 (1.433)
Epoch: [0][1460/5005]	Time 0.323 (0.326)	Speed 792.673 (784.931)	Loss 6.5639686584 (6.8283)	Prec@1 0.391 (0.345)	Prec@5 3.125 (1.445)
Epoch: [0][1470/5005]	Time 0.318 (0.326)	Speed 804.897 (785.063)	Loss 6.5467619896 (6.8264)	Prec@1 0.391 (0.345)	Prec@5 1.562 (1.446)
Epoch: [0][1480/5005]	Time 0.321 (0.326)	Speed 797.544 (785.146)	Loss 6.5425472260 (6.8245)	Prec@1 0.391 (0.346)	Prec@5 3.906 (1.462)
Epoch: [0][1490/5005]	Time 0.317 (0.326)	Speed 806.513 (785.286)	Loss 6.4644627571 (6.8220)	Prec@1 1.953 (0.357)	Prec@5 4.688 (1.484)
Epoch: [0][1500/5005]	Time 0.318 (0.326)	Speed 805.753 (785.419)	Loss 6.5301957130 (6.8201)	Prec@1 0.781 (0.359)	Prec@5 3.516 (1.497)
Epoch: [0][1510/5005]	Time 0.322 (0.326)	Speed 795.413 (785.484)	Loss 6.4887852669 (6.8179)	Prec@1 0.391 (0.360)	Prec@5 3.906 (1.513)
Epoch: [0][1520/5005]	Time 0.319 (0.326)	Speed 802.167 (785.592)	Loss 6.4950227737 (6.8158)	Prec@1 1.172 (0.365)	Prec@5 5.469 (1.539)
Epoch: [0][1530/5005]	Time 0.318 (0.326)	Speed 805.763 (785.720)	Loss 6.5172901154 (6.8138)	Prec@1 0.391 (0.365)	Prec@5 2.344 (1.545)
Epoch: [0][1540/5005]	Time 0.317 (0.326)	Speed 806.940 (785.855)	Loss 6.4912223816 (6.8117)	Prec@1 0.391 (0.365)	Prec@5 5.078 (1.568)
Epoch: [0][1550/5005]	Time 0.319 (0.326)	Speed 802.438 (785.959)	Loss 6.4623746872 (6.8095)	Prec@1 1.562 (0.373)	Prec@5 4.688 (1.588)
Epoch: [0][1560/5005]	Time 0.319 (0.326)	Speed 802.246 (786.062)	Loss 6.4507074356 (6.8072)	Prec@1 1.562 (0.381)	Prec@5 5.469 (1.613)
Epoch: [0][1570/5005]	Time 0.319 (0.326)	Speed 802.578 (786.165)	Loss 6.5240564346 (6.8054)	Prec@1 1.953 (0.391)	Prec@5 4.297 (1.630)
Epoch: [0][1580/5005]	Time 0.317 (0.326)	Speed 807.325 (786.295)	Loss 6.5140757561 (6.8035)	Prec@1 1.953 (0.401)	Prec@5 3.906 (1.644)
Epoch: [0][1590/5005]	Time 0.318 (0.326)	Speed 804.258 (786.406)	Loss 6.3468046188 (6.8007)	Prec@1 1.953 (0.410)	Prec@5 5.469 (1.668)
Epoch: [0][1600/5005]	Time 0.319 (0.325)	Speed 802.174 (786.502)	Loss 6.5495672226 (6.7991)	Prec@1 0.781 (0.413)	Prec@5 2.344 (1.672)
Epoch: [0][1610/5005]	Time 0.322 (0.325)	Speed 795.843 (786.560)	Loss 6.4201917648 (6.7967)	Prec@1 2.344 (0.425)	Prec@5 5.078 (1.694)
Epoch: [0][1620/5005]	Time 0.319 (0.325)	Speed 801.553 (786.650)	Loss 6.4214291573 (6.7944)	Prec@1 0.391 (0.424)	Prec@5 2.734 (1.700)
Epoch: [0][1630/5005]	Time 0.324 (0.325)	Speed 789.861 (786.670)	Loss 6.4866027832 (6.7925)	Prec@1 0.781 (0.427)	Prec@5 4.297 (1.716)
Epoch: [0][1640/5005]	Time 0.325 (0.325)	Speed 787.435 (786.675)	Loss 6.4639439583 (6.7905)	Prec@1 2.344 (0.438)	Prec@5 4.688 (1.734)
Epoch: [0][1650/5005]	Time 0.316 (0.325)	Speed 810.763 (786.816)	Loss 6.3386802673 (6.7878)	Prec@1 1.562 (0.445)	Prec@5 5.078 (1.754)
Epoch: [0][1660/5005]	Time 0.317 (0.325)	Speed 807.283 (786.937)	Loss 6.3748641014 (6.7853)	Prec@1 1.172 (0.449)	Prec@5 4.688 (1.772)
Epoch: [0][1670/5005]	Time 0.317 (0.325)	Speed 808.705 (787.063)	Loss 6.4456963539 (6.7833)	Prec@1 1.562 (0.456)	Prec@5 3.906 (1.785)
Epoch: [0][1680/5005]	Time 0.319 (0.325)	Speed 803.716 (787.161)	Loss 6.4757604599 (6.7814)	Prec@1 2.344 (0.467)	Prec@5 4.297 (1.800)
Epoch: [0][1690/5005]	Time 0.318 (0.325)	Speed 803.881 (787.257)	Loss 6.4071297646 (6.7792)	Prec@1 0.781 (0.469)	Prec@5 3.516 (1.810)
Epoch: [0][1700/5005]	Time 0.321 (0.325)	Speed 798.495 (787.323)	Loss 6.4816846848 (6.7775)	Prec@1 1.562 (0.476)	Prec@5 2.734 (1.815)
Epoch: [0][1710/5005]	Time 0.320 (0.325)	Speed 799.767 (787.394)	Loss 6.3225593567 (6.7748)	Prec@1 1.562 (0.482)	Prec@5 6.250 (1.841)
Epoch: [0][1720/5005]	Time 0.317 (0.325)	Speed 808.381 (787.513)	Loss 6.3348259926 (6.7723)	Prec@1 1.562 (0.488)	Prec@5 5.859 (1.865)
Epoch: [0][1730/5005]	Time 0.317 (0.325)	Speed 807.049 (787.623)	Loss 6.4131960869 (6.7702)	Prec@1 1.172 (0.492)	Prec@5 3.125 (1.872)
Epoch: [0][1740/5005]	Time 0.317 (0.325)	Speed 807.609 (787.735)	Loss 6.3801560402 (6.7679)	Prec@1 1.953 (0.501)	Prec@5 5.859 (1.895)
Epoch: [0][1750/5005]	Time 0.320 (0.325)	Speed 799.342 (787.801)	Loss 6.3604850769 (6.7656)	Prec@1 0.391 (0.500)	Prec@5 3.906 (1.906)
Epoch: [0][1760/5005]	Time 0.324 (0.325)	Speed 789.551 (787.811)	Loss 6.3091416359 (6.7630)	Prec@1 1.562 (0.506)	Prec@5 6.641 (1.933)
Epoch: [0][1770/5005]	Time 0.324 (0.325)	Speed 791.099 (787.829)	Loss 6.3871684074 (6.7609)	Prec@1 0.781 (0.508)	Prec@5 4.297 (1.947)
Epoch: [0][1780/5005]	Time 0.320 (0.325)	Speed 800.585 (787.900)	Loss 6.3664340973 (6.7587)	Prec@1 1.172 (0.511)	Prec@5 5.078 (1.964)
Epoch: [0][1790/5005]	Time 0.320 (0.325)	Speed 800.265 (787.968)	Loss 6.2189788818 (6.7557)	Prec@1 1.172 (0.515)	Prec@5 3.906 (1.975)
Epoch: [0][1800/5005]	Time 0.320 (0.325)	Speed 800.569 (788.037)	Loss 6.2056407928 (6.7526)	Prec@1 2.344 (0.525)	Prec@5 5.469 (1.994)
Epoch: [0][1810/5005]	Time 0.316 (0.325)	Speed 809.753 (788.153)	Loss 6.3765411377 (6.7505)	Prec@1 1.562 (0.531)	Prec@5 5.078 (2.011)
Epoch: [0][1820/5005]	Time 0.324 (0.325)	Speed 790.551 (788.167)	Loss 6.1661710739 (6.7473)	Prec@1 1.562 (0.537)	Prec@5 7.422 (2.041)
Epoch: [0][1830/5005]	Time 0.322 (0.325)	Speed 795.987 (788.209)	Loss 6.3263206482 (6.7450)	Prec@1 1.562 (0.542)	Prec@5 5.078 (2.058)
Epoch: [0][1840/5005]	Time 0.321 (0.325)	Speed 797.508 (788.259)	Loss 6.2868108749 (6.7425)	Prec@1 1.172 (0.546)	Prec@5 3.906 (2.068)
Epoch: [0][1850/5005]	Time 0.318 (0.325)	Speed 805.292 (788.349)	Loss 6.2975168228 (6.7401)	Prec@1 1.172 (0.549)	Prec@5 6.250 (2.090)
Epoch: [0][1860/5005]	Time 0.320 (0.325)	Speed 799.838 (788.410)	Loss 6.3195214272 (6.7379)	Prec@1 1.953 (0.557)	Prec@5 3.906 (2.100)
/opt/conda/lib/python3.6/site-packages/PIL/TiffImagePlugin.py:754: UserWarning: Possibly corrupt EXIF data.  Expecting to read 1835008 bytes but only got 0. Skipping tag 0
  " Skipping tag %s" % (size, len(data), tag))
Epoch: [0][1870/5005]	Time 0.323 (0.325)	Speed 792.634 (788.432)	Loss 6.2317519188 (6.7352)	Prec@1 1.562 (0.562)	Prec@5 6.250 (2.122)
Epoch: [0][1880/5005]	Time 0.322 (0.325)	Speed 794.648 (788.465)	Loss 6.2457289696 (6.7326)	Prec@1 1.172 (0.565)	Prec@5 4.688 (2.136)
Epoch: [0][1890/5005]	Time 0.317 (0.325)	Speed 807.935 (788.566)	Loss 6.1249752045 (6.7293)	Prec@1 1.953 (0.573)	Prec@5 5.859 (2.156)
Epoch: [0][1900/5005]	Time 0.318 (0.325)	Speed 804.269 (788.647)	Loss 6.2854828835 (6.7270)	Prec@1 1.562 (0.578)	Prec@5 6.641 (2.179)
Epoch: [0][1910/5005]	Time 0.322 (0.325)	Speed 795.065 (788.680)	Loss 6.3245887756 (6.7249)	Prec@1 1.172 (0.581)	Prec@5 5.078 (2.194)
Epoch: [0][1920/5005]	Time 0.321 (0.325)	Speed 798.089 (788.728)	Loss 6.2336616516 (6.7223)	Prec@1 1.953 (0.588)	Prec@5 6.641 (2.218)
Epoch: [0][1930/5005]	Time 0.322 (0.325)	Speed 794.043 (788.756)	Loss 6.1518778801 (6.7194)	Prec@1 2.344 (0.597)	Prec@5 7.422 (2.245)
Epoch: [0][1940/5005]	Time 0.319 (0.325)	Speed 801.648 (788.821)	Loss 6.1601362228 (6.7165)	Prec@1 2.734 (0.608)	Prec@5 8.984 (2.279)
Epoch: [0][1950/5005]	Time 0.321 (0.325)	Speed 797.256 (788.864)	Loss 6.4289937019 (6.7150)	Prec@1 1.562 (0.613)	Prec@5 5.078 (2.294)
Epoch: [0][1960/5005]	Time 0.317 (0.324)	Speed 808.092 (788.960)	Loss 6.2650246620 (6.7127)	Prec@1 1.562 (0.618)	Prec@5 6.250 (2.314)
Epoch: [0][1970/5005]	Time 0.325 (0.324)	Speed 787.348 (788.952)	Loss 6.1575064659 (6.7099)	Prec@1 1.172 (0.621)	Prec@5 8.203 (2.344)
Epoch: [0][1980/5005]	Time 0.319 (0.324)	Speed 802.448 (789.019)	Loss 6.0237860680 (6.7064)	Prec@1 3.906 (0.637)	Prec@5 9.766 (2.381)
Epoch: [0][1990/5005]	Time 0.317 (0.324)	Speed 808.338 (789.113)	Loss 6.1058979034 (6.7034)	Prec@1 1.562 (0.642)	Prec@5 9.375 (2.416)
Epoch: [0][2000/5005]	Time 0.319 (0.324)	Speed 802.116 (789.177)	Loss 6.2256231308 (6.7010)	Prec@1 3.516 (0.656)	Prec@5 7.422 (2.441)
Epoch: [0][2010/5005]	Time 0.328 (0.324)	Speed 781.225 (789.137)	Loss 6.2213730812 (6.6986)	Prec@1 1.562 (0.661)	Prec@5 5.469 (2.456)
Epoch: [0][2020/5005]	Time 0.319 (0.324)	Speed 803.205 (789.206)	Loss 6.2069177628 (6.6962)	Prec@1 0.781 (0.661)	Prec@5 5.469 (2.471)
Epoch: [0][2030/5005]	Time 0.318 (0.324)	Speed 804.492 (789.280)	Loss 6.2194447517 (6.6939)	Prec@1 1.562 (0.666)	Prec@5 8.203 (2.500)
Epoch: [0][2040/5005]	Time 0.318 (0.324)	Speed 804.034 (789.351)	Loss 6.1804847717 (6.6913)	Prec@1 2.734 (0.676)	Prec@5 6.250 (2.518)
Epoch: [0][2050/5005]	Time 0.319 (0.324)	Speed 802.084 (789.412)	Loss 6.2711067200 (6.6893)	Prec@1 0.781 (0.676)	Prec@5 6.641 (2.538)
Epoch: [0][2060/5005]	Time 0.318 (0.324)	Speed 806.126 (789.491)	Loss 6.0239691734 (6.6861)	Prec@1 2.344 (0.685)	Prec@5 8.203 (2.566)
Epoch: [0][2070/5005]	Time 0.319 (0.324)	Speed 803.322 (789.557)	Loss 5.9648351669 (6.6826)	Prec@1 2.344 (0.693)	Prec@5 8.203 (2.593)
Epoch: [0][2080/5005]	Time 0.319 (0.324)	Speed 802.729 (789.619)	Loss 6.1903572083 (6.6802)	Prec@1 2.344 (0.700)	Prec@5 7.812 (2.618)
Epoch: [0][2090/5005]	Time 0.325 (0.324)	Speed 787.867 (789.611)	Loss 6.1079664230 (6.6775)	Prec@1 1.562 (0.705)	Prec@5 4.688 (2.628)
Epoch: [0][2100/5005]	Time 0.320 (0.324)	Speed 801.178 (789.665)	Loss 6.2732405663 (6.6756)	Prec@1 2.344 (0.712)	Prec@5 4.688 (2.638)
Epoch: [0][2110/5005]	Time 0.317 (0.324)	Speed 808.460 (789.752)	Loss 6.1653809547 (6.6731)	Prec@1 2.734 (0.722)	Prec@5 7.422 (2.660)
Epoch: [0][2120/5005]	Time 0.320 (0.324)	Speed 800.593 (789.803)	Loss 6.1778931618 (6.6708)	Prec@1 1.172 (0.724)	Prec@5 5.078 (2.672)
Epoch: [0][2130/5005]	Time 0.322 (0.324)	Speed 795.696 (789.830)	Loss 6.2372393608 (6.6688)	Prec@1 1.172 (0.726)	Prec@5 5.859 (2.687)
Epoch: [0][2140/5005]	Time 0.316 (0.324)	Speed 810.276 (789.923)	Loss 6.1669821739 (6.6664)	Prec@1 1.953 (0.732)	Prec@5 8.203 (2.712)
Epoch: [0][2150/5005]	Time 0.322 (0.324)	Speed 795.004 (789.947)	Loss 6.2734451294 (6.6646)	Prec@1 2.734 (0.741)	Prec@5 6.250 (2.729)
Epoch: [0][2160/5005]	Time 0.319 (0.324)	Speed 802.201 (790.003)	Loss 6.0495672226 (6.6617)	Prec@1 2.344 (0.749)	Prec@5 8.594 (2.756)
Epoch: [0][2170/5005]	Time 0.324 (0.324)	Speed 789.197 (789.999)	Loss 6.2609710693 (6.6599)	Prec@1 1.953 (0.754)	Prec@5 5.859 (2.770)
Epoch: [0][2180/5005]	Time 0.322 (0.324)	Speed 795.052 (790.022)	Loss 6.0464372635 (6.6571)	Prec@1 3.125 (0.765)	Prec@5 8.203 (2.795)
Epoch: [0][2190/5005]	Time 0.327 (0.324)	Speed 783.294 (789.991)	Loss 6.1212859154 (6.6546)	Prec@1 2.734 (0.774)	Prec@5 6.250 (2.811)
Epoch: [0][2200/5005]	Time 0.330 (0.324)	Speed 776.873 (789.930)	Loss 6.0160007477 (6.6517)	Prec@1 1.562 (0.778)	Prec@5 5.859 (2.825)
Epoch: [0][2210/5005]	Time 0.323 (0.324)	Speed 792.918 (789.944)	Loss 6.0807633400 (6.6492)	Prec@1 2.734 (0.787)	Prec@5 7.422 (2.846)
Epoch: [0][2220/5005]	Time 0.319 (0.324)	Speed 801.447 (789.995)	Loss 6.1127929688 (6.6467)	Prec@1 2.734 (0.795)	Prec@5 7.031 (2.865)
Epoch: [0][2230/5005]	Time 0.326 (0.324)	Speed 785.303 (789.974)	Loss 5.9958171844 (6.6438)	Prec@1 3.125 (0.806)	Prec@5 8.203 (2.889)
Epoch: [0][2240/5005]	Time 0.317 (0.324)	Speed 807.468 (790.050)	Loss 6.2611703873 (6.6421)	Prec@1 1.953 (0.811)	Prec@5 5.078 (2.898)
Epoch: [0][2250/5005]	Time 0.318 (0.324)	Speed 803.793 (790.110)	Loss 6.0437054634 (6.6394)	Prec@1 2.734 (0.819)	Prec@5 6.250 (2.913)
Epoch: [0][2260/5005]	Time 0.319 (0.324)	Speed 802.995 (790.166)	Loss 5.9768013954 (6.6365)	Prec@1 3.516 (0.831)	Prec@5 9.375 (2.942)
Epoch: [0][2270/5005]	Time 0.321 (0.324)	Speed 797.611 (790.199)	Loss 6.0520482063 (6.6339)	Prec@1 3.125 (0.841)	Prec@5 10.547 (2.975)
Epoch: [0][2280/5005]	Time 0.322 (0.324)	Speed 795.187 (790.220)	Loss 6.1839270592 (6.6320)	Prec@1 1.172 (0.843)	Prec@5 4.297 (2.981)
Epoch: [0][2290/5005]	Time 0.316 (0.324)	Speed 809.048 (790.301)	Loss 5.9881830215 (6.6292)	Prec@1 2.344 (0.849)	Prec@5 10.547 (3.014)
Epoch: [0][2300/5005]	Time 0.320 (0.324)	Speed 800.765 (790.346)	Loss 5.8657460213 (6.6258)	Prec@1 3.125 (0.859)	Prec@5 9.766 (3.043)
Epoch: [0][2310/5005]	Time 0.319 (0.324)	Speed 803.135 (790.400)	Loss 5.8740234375 (6.6226)	Prec@1 1.953 (0.864)	Prec@5 8.203 (3.066)
Epoch: [0][2320/5005]	Time 0.326 (0.324)	Speed 786.048 (790.381)	Loss 6.0411572456 (6.6201)	Prec@1 0.781 (0.864)	Prec@5 6.250 (3.080)
Epoch: [0][2330/5005]	Time 0.318 (0.324)	Speed 804.900 (790.442)	Loss 5.8341760635 (6.6167)	Prec@1 5.469 (0.884)	Prec@5 13.672 (3.125)
Epoch: [0][2340/5005]	Time 0.321 (0.324)	Speed 796.466 (790.468)	Loss 5.8290233612 (6.6133)	Prec@1 3.516 (0.895)	Prec@5 8.594 (3.148)
Epoch: [0][2350/5005]	Time 0.318 (0.324)	Speed 806.009 (790.533)	Loss 5.8740425110 (6.6102)	Prec@1 5.078 (0.913)	Prec@5 12.109 (3.187)
Epoch: [0][2360/5005]	Time 0.324 (0.324)	Speed 789.589 (790.529)	Loss 5.9426836967 (6.6074)	Prec@1 1.953 (0.917)	Prec@5 10.547 (3.218)
Epoch: [0][2370/5005]	Time 0.321 (0.324)	Speed 797.506 (790.558)	Loss 5.9981408119 (6.6048)	Prec@1 2.344 (0.923)	Prec@5 9.375 (3.244)
Epoch: [0][2380/5005]	Time 0.319 (0.324)	Speed 802.904 (790.609)	Loss 6.0191574097 (6.6023)	Prec@1 2.344 (0.929)	Prec@5 11.328 (3.278)
Epoch: [0][2390/5005]	Time 0.317 (0.324)	Speed 807.188 (790.677)	Loss 5.8535509109 (6.5992)	Prec@1 2.344 (0.935)	Prec@5 8.594 (3.300)
Epoch: [0][2400/5005]	Time 0.321 (0.324)	Speed 798.270 (790.708)	Loss 5.9368014336 (6.5964)	Prec@1 1.172 (0.936)	Prec@5 8.203 (3.320)
Epoch: [0][2410/5005]	Time 0.316 (0.324)	Speed 810.275 (790.788)	Loss 5.8369655609 (6.5933)	Prec@1 2.344 (0.942)	Prec@5 8.984 (3.344)
Epoch: [0][2420/5005]	Time 0.319 (0.324)	Speed 803.613 (790.840)	Loss 6.0809330940 (6.5912)	Prec@1 2.344 (0.948)	Prec@5 7.031 (3.359)
Epoch: [0][2430/5005]	Time 0.318 (0.324)	Speed 803.805 (790.892)	Loss 6.0075182915 (6.5888)	Prec@1 1.953 (0.952)	Prec@5 5.078 (3.366)
Epoch: [0][2440/5005]	Time 0.323 (0.324)	Speed 793.132 (790.901)	Loss 5.9097523689 (6.5860)	Prec@1 1.953 (0.956)	Prec@5 8.594 (3.388)
Epoch: [0][2450/5005]	Time 0.321 (0.324)	Speed 796.488 (790.924)	Loss 5.8766751289 (6.5831)	Prec@1 1.953 (0.960)	Prec@5 10.938 (3.418)
Epoch: [0][2460/5005]	Time 0.325 (0.324)	Speed 788.858 (790.916)	Loss 6.1509857178 (6.5813)	Prec@1 2.344 (0.965)	Prec@5 7.812 (3.436)
Epoch: [0][2470/5005]	Time 0.318 (0.324)	Speed 803.953 (790.968)	Loss 5.8726654053 (6.5785)	Prec@1 2.734 (0.973)	Prec@5 9.766 (3.462)
Epoch: [0][2480/5005]	Time 0.317 (0.324)	Speed 807.216 (791.032)	Loss 5.8379168510 (6.5755)	Prec@1 1.953 (0.977)	Prec@5 8.203 (3.481)
Epoch: [0][2490/5005]	Time 0.316 (0.324)	Speed 810.216 (791.107)	Loss 5.8651881218 (6.5726)	Prec@1 6.641 (0.999)	Prec@5 12.109 (3.516)
/opt/conda/lib/python3.6/site-packages/PIL/TiffImagePlugin.py:754: UserWarning: Possibly corrupt EXIF data.  Expecting to read 2555904 bytes but only got 0. Skipping tag 0
  " Skipping tag %s" % (size, len(data), tag))
Epoch: [0][2500/5005]	Time 0.317 (0.324)	Speed 807.690 (791.172)	Loss 5.7376308441 (6.5693)	Prec@1 3.125 (1.008)	Prec@5 9.375 (3.539)
Epoch: [0][2510/5005]	Time 0.318 (0.324)	Speed 804.610 (791.225)	Loss 5.9103040695 (6.5667)	Prec@1 3.906 (1.019)	Prec@5 10.156 (3.565)
Epoch: [0][2520/5005]	Time 0.321 (0.324)	Speed 798.532 (791.253)	Loss 5.8801546097 (6.5639)	Prec@1 2.344 (1.025)	Prec@5 9.375 (3.588)
Epoch: [0][2530/5005]	Time 0.316 (0.324)	Speed 810.180 (791.326)	Loss 5.7487926483 (6.5607)	Prec@1 4.688 (1.039)	Prec@5 11.719 (3.621)
Epoch: [0][2540/5005]	Time 0.318 (0.323)	Speed 803.987 (791.376)	Loss 5.8204154968 (6.5578)	Prec@1 3.906 (1.050)	Prec@5 11.328 (3.651)
Epoch: [0][2550/5005]	Time 0.318 (0.323)	Speed 804.806 (791.427)	Loss 5.9081764221 (6.5553)	Prec@1 1.953 (1.054)	Prec@5 7.422 (3.666)
Epoch: [0][2560/5005]	Time 0.318 (0.323)	Speed 806.239 (791.484)	Loss 6.0340528488 (6.5532)	Prec@1 1.953 (1.057)	Prec@5 7.812 (3.682)
Epoch: [0][2570/5005]	Time 0.317 (0.323)	Speed 807.418 (791.545)	Loss 5.9398727417 (6.5508)	Prec@1 3.906 (1.069)	Prec@5 11.328 (3.712)
Epoch: [0][2580/5005]	Time 0.320 (0.323)	Speed 800.593 (791.580)	Loss 5.7251825333 (6.5476)	Prec@1 2.734 (1.075)	Prec@5 9.766 (3.735)
Epoch: [0][2590/5005]	Time 0.317 (0.323)	Speed 807.514 (791.640)	Loss 5.8044590950 (6.5448)	Prec@1 4.297 (1.087)	Prec@5 10.938 (3.763)
Epoch: [0][2600/5005]	Time 0.319 (0.323)	Speed 802.610 (791.682)	Loss 5.8822708130 (6.5422)	Prec@1 2.344 (1.092)	Prec@5 12.109 (3.795)
Epoch: [0][2610/5005]	Time 0.318 (0.323)	Speed 804.347 (791.729)	Loss 5.9524078369 (6.5400)	Prec@1 2.344 (1.097)	Prec@5 10.547 (3.821)
Epoch: [0][2620/5005]	Time 0.316 (0.323)	Speed 809.574 (791.796)	Loss 5.8447904587 (6.5373)	Prec@1 2.344 (1.102)	Prec@5 8.984 (3.841)
Epoch: [0][2630/5005]	Time 0.318 (0.323)	Speed 805.498 (791.847)	Loss 5.9054207802 (6.5349)	Prec@1 4.297 (1.114)	Prec@5 8.594 (3.859)
Epoch: [0][2640/5005]	Time 0.324 (0.323)	Speed 789.412 (791.838)	Loss 5.8823966980 (6.5324)	Prec@1 3.516 (1.123)	Prec@5 12.109 (3.890)
Epoch: [0][2650/5005]	Time 0.321 (0.323)	Speed 798.293 (791.862)	Loss 6.0242476463 (6.5305)	Prec@1 2.734 (1.129)	Prec@5 8.984 (3.909)
Epoch: [0][2660/5005]	Time 0.324 (0.323)	Speed 791.023 (791.859)	Loss 5.6357841492 (6.5271)	Prec@1 1.953 (1.132)	Prec@5 12.500 (3.941)
Epoch: [0][2670/5005]	Time 0.320 (0.323)	Speed 800.305 (791.890)	Loss 5.8739151955 (6.5247)	Prec@1 5.078 (1.147)	Prec@5 11.719 (3.971)
Epoch: [0][2680/5005]	Time 0.321 (0.323)	Speed 797.137 (791.910)	Loss 5.9272708893 (6.5225)	Prec@1 1.562 (1.149)	Prec@5 10.547 (3.995)
Epoch: [0][2690/5005]	Time 0.317 (0.323)	Speed 808.585 (791.970)	Loss 5.8133964539 (6.5198)	Prec@1 1.172 (1.149)	Prec@5 10.547 (4.020)
Epoch: [0][2700/5005]	Time 0.318 (0.323)	Speed 804.765 (792.017)	Loss 5.7998347282 (6.5172)	Prec@1 3.125 (1.156)	Prec@5 9.766 (4.041)
Epoch: [0][2710/5005]	Time 0.324 (0.323)	Speed 790.786 (792.012)	Loss 5.8344244957 (6.5146)	Prec@1 2.734 (1.162)	Prec@5 11.328 (4.068)
Epoch: [0][2720/5005]	Time 0.319 (0.323)	Speed 801.434 (792.047)	Loss 5.8202447891 (6.5121)	Prec@1 4.688 (1.175)	Prec@5 10.938 (4.093)
Epoch: [0][2730/5005]	Time 0.316 (0.323)	Speed 808.882 (792.107)	Loss 5.8101744652 (6.5095)	Prec@1 0.391 (1.172)	Prec@5 10.547 (4.117)
Epoch: [0][2740/5005]	Time 0.319 (0.323)	Speed 803.120 (792.147)	Loss 5.8334031105 (6.5071)	Prec@1 1.953 (1.175)	Prec@5 9.375 (4.136)
Epoch: [0][2750/5005]	Time 0.322 (0.323)	Speed 795.777 (792.160)	Loss 5.6861643791 (6.5041)	Prec@1 5.859 (1.192)	Prec@5 12.500 (4.166)
Epoch: [0][2760/5005]	Time 0.319 (0.323)	Speed 802.334 (792.196)	Loss 5.6852216721 (6.5011)	Prec@1 3.906 (1.202)	Prec@5 11.719 (4.194)
Epoch: [0][2770/5005]	Time 0.318 (0.323)	Speed 805.066 (792.242)	Loss 5.6034116745 (6.4979)	Prec@1 4.688 (1.214)	Prec@5 12.109 (4.222)
Epoch: [0][2780/5005]	Time 0.316 (0.323)	Speed 808.930 (792.301)	Loss 5.7546429634 (6.4952)	Prec@1 4.297 (1.225)	Prec@5 10.938 (4.246)
Epoch: [0][2790/5005]	Time 0.318 (0.323)	Speed 805.223 (792.346)	Loss 5.8644261360 (6.4929)	Prec@1 1.953 (1.228)	Prec@5 7.812 (4.259)
Epoch: [0][2800/5005]	Time 0.316 (0.323)	Speed 809.720 (792.407)	Loss 5.5683403015 (6.4896)	Prec@1 5.078 (1.242)	Prec@5 14.844 (4.297)
Epoch: [0][2810/5005]	Time 0.322 (0.323)	Speed 795.421 (792.418)	Loss 5.7597494125 (6.4870)	Prec@1 2.344 (1.246)	Prec@5 8.984 (4.314)
Epoch: [0][2820/5005]	Time 0.320 (0.323)	Speed 800.383 (792.446)	Loss 5.8475198746 (6.4848)	Prec@1 4.297 (1.256)	Prec@5 10.156 (4.334)
Epoch: [0][2830/5005]	Time 0.319 (0.323)	Speed 803.542 (792.484)	Loss 5.8231067657 (6.4824)	Prec@1 3.516 (1.264)	Prec@5 8.594 (4.349)
Epoch: [0][2840/5005]	Time 0.317 (0.323)	Speed 806.585 (792.533)	Loss 5.6420130730 (6.4795)	Prec@1 2.734 (1.270)	Prec@5 12.109 (4.377)
Epoch: [0][2850/5005]	Time 0.317 (0.323)	Speed 808.751 (792.589)	Loss 5.7211246490 (6.4768)	Prec@1 6.641 (1.288)	Prec@5 12.109 (4.404)
Epoch: [0][2860/5005]	Time 0.321 (0.323)	Speed 797.165 (792.605)	Loss 5.7343006134 (6.4742)	Prec@1 2.344 (1.292)	Prec@5 10.547 (4.425)
Epoch: [0][2870/5005]	Time 0.319 (0.323)	Speed 801.736 (792.636)	Loss 5.7086157799 (6.4715)	Prec@1 4.688 (1.304)	Prec@5 14.062 (4.459)
Epoch: [0][2880/5005]	Time 0.322 (0.323)	Speed 795.704 (792.647)	Loss 5.5906152725 (6.4685)	Prec@1 5.859 (1.320)	Prec@5 15.234 (4.496)
Epoch: [0][2890/5005]	Time 0.320 (0.323)	Speed 799.800 (792.671)	Loss 5.6002845764 (6.4655)	Prec@1 5.078 (1.333)	Prec@5 14.062 (4.529)
Epoch: [0][2900/5005]	Time 0.317 (0.323)	Speed 807.067 (792.720)	Loss 5.8251423836 (6.4633)	Prec@1 4.688 (1.344)	Prec@5 10.156 (4.549)
Epoch: [0][2910/5005]	Time 0.318 (0.323)	Speed 804.533 (792.760)	Loss 5.6870346069 (6.4606)	Prec@1 3.125 (1.350)	Prec@5 10.547 (4.569)
Epoch: [0][2920/5005]	Time 0.318 (0.323)	Speed 805.612 (792.803)	Loss 5.6675934792 (6.4579)	Prec@1 4.297 (1.360)	Prec@5 10.547 (4.590)
Epoch: [0][2930/5005]	Time 0.320 (0.323)	Speed 799.903 (792.827)	Loss 5.5881237984 (6.4549)	Prec@1 4.688 (1.372)	Prec@5 14.844 (4.625)
Epoch: [0][2940/5005]	Time 0.321 (0.323)	Speed 797.840 (792.844)	Loss 5.5211453438 (6.4517)	Prec@1 3.125 (1.378)	Prec@5 12.500 (4.652)
Epoch: [0][2950/5005]	Time 0.321 (0.323)	Speed 796.968 (792.858)	Loss 5.7208466530 (6.4493)	Prec@1 4.297 (1.388)	Prec@5 10.938 (4.673)
Epoch: [0][2960/5005]	Time 0.319 (0.323)	Speed 802.174 (792.889)	Loss 5.8349218369 (6.4472)	Prec@1 2.344 (1.391)	Prec@5 12.109 (4.698)
Epoch: [0][2970/5005]	Time 0.319 (0.323)	Speed 802.752 (792.922)	Loss 5.7400875092 (6.4448)	Prec@1 2.734 (1.395)	Prec@5 10.547 (4.718)
Epoch: [0][2980/5005]	Time 0.317 (0.323)	Speed 807.822 (792.971)	Loss 5.7496395111 (6.4425)	Prec@1 5.078 (1.408)	Prec@5 13.672 (4.748)
Epoch: [0][2990/5005]	Time 0.318 (0.323)	Speed 805.788 (793.014)	Loss 5.5586676598 (6.4395)	Prec@1 6.250 (1.424)	Prec@5 12.109 (4.772)
Epoch: [0][3000/5005]	Time 0.317 (0.323)	Speed 808.049 (793.063)	Loss 5.5800061226 (6.4367)	Prec@1 5.859 (1.439)	Prec@5 14.453 (4.805)
Epoch: [0][3010/5005]	Time 0.318 (0.323)	Speed 805.183 (793.102)	Loss 5.5397300720 (6.4337)	Prec@1 3.125 (1.444)	Prec@5 13.281 (4.833)
Epoch: [0][3020/5005]	Time 0.319 (0.323)	Speed 801.842 (793.131)	Loss 5.5777983665 (6.4308)	Prec@1 7.812 (1.465)	Prec@5 16.406 (4.871)
Epoch: [0][3030/5005]	Time 0.317 (0.323)	Speed 808.052 (793.179)	Loss 5.5800414085 (6.4280)	Prec@1 5.078 (1.477)	Prec@5 12.500 (4.896)
Epoch: [0][3040/5005]	Time 0.318 (0.323)	Speed 804.251 (793.215)	Loss 5.6443743706 (6.4255)	Prec@1 5.859 (1.492)	Prec@5 12.109 (4.920)
Epoch: [0][3050/5005]	Time 0.321 (0.323)	Speed 798.085 (793.231)	Loss 5.6903195381 (6.4230)	Prec@1 3.906 (1.500)	Prec@5 13.672 (4.949)
Epoch: [0][3060/5005]	Time 0.321 (0.323)	Speed 798.122 (793.247)	Loss 5.6492223740 (6.4205)	Prec@1 3.906 (1.508)	Prec@5 10.156 (4.966)
Epoch: [0][3070/5005]	Time 0.317 (0.323)	Speed 807.634 (793.293)	Loss 5.6968765259 (6.4182)	Prec@1 1.953 (1.509)	Prec@5 11.719 (4.988)
Epoch: [0][3080/5005]	Time 0.319 (0.323)	Speed 802.048 (793.321)	Loss 5.4254083633 (6.4149)	Prec@1 3.906 (1.517)	Prec@5 13.672 (5.016)
Epoch: [0][3090/5005]	Time 0.317 (0.323)	Speed 807.945 (793.368)	Loss 5.4006242752 (6.4117)	Prec@1 4.688 (1.527)	Prec@5 14.844 (5.048)
Epoch: [0][3100/5005]	Time 0.323 (0.323)	Speed 793.522 (793.368)	Loss 5.5647711754 (6.4089)	Prec@1 5.078 (1.539)	Prec@5 17.188 (5.087)
Epoch: [0][3110/5005]	Time 0.319 (0.323)	Speed 802.130 (793.396)	Loss 5.5825486183 (6.4063)	Prec@1 5.078 (1.550)	Prec@5 14.844 (5.118)
Epoch: [0][3120/5005]	Time 0.319 (0.323)	Speed 802.967 (793.426)	Loss 5.6157331467 (6.4037)	Prec@1 4.297 (1.559)	Prec@5 14.062 (5.147)
Epoch: [0][3130/5005]	Time 0.320 (0.323)	Speed 798.892 (793.444)	Loss 5.6494455338 (6.4013)	Prec@1 1.953 (1.560)	Prec@5 9.375 (5.160)
Epoch: [0][3140/5005]	Time 0.317 (0.323)	Speed 808.487 (793.491)	Loss 5.5764460564 (6.3987)	Prec@1 5.469 (1.572)	Prec@5 16.406 (5.196)
Epoch: [0][3150/5005]	Time 0.316 (0.323)	Speed 809.110 (793.539)	Loss 5.7792057991 (6.3967)	Prec@1 3.125 (1.577)	Prec@5 7.031 (5.202)
Epoch: [0][3160/5005]	Time 0.316 (0.323)	Speed 808.980 (793.587)	Loss 5.6009922028 (6.3942)	Prec@1 6.250 (1.592)	Prec@5 15.234 (5.234)
Epoch: [0][3170/5005]	Time 0.319 (0.323)	Speed 801.944 (793.613)	Loss 5.5277299881 (6.3915)	Prec@1 2.734 (1.596)	Prec@5 15.234 (5.265)
Epoch: [0][3180/5005]	Time 0.316 (0.323)	Speed 809.314 (793.662)	Loss 5.6865987778 (6.3893)	Prec@1 4.688 (1.605)	Prec@5 12.500 (5.288)
Epoch: [0][3190/5005]	Time 0.318 (0.323)	Speed 805.018 (793.697)	Loss 5.6310811043 (6.3869)	Prec@1 5.469 (1.618)	Prec@5 12.891 (5.312)
Epoch: [0][3200/5005]	Time 0.322 (0.323)	Speed 794.189 (793.698)	Loss 5.6156306267 (6.3845)	Prec@1 6.641 (1.633)	Prec@5 15.625 (5.344)
Epoch: [0][3210/5005]	Time 0.320 (0.323)	Speed 800.899 (793.721)	Loss 5.5036706924 (6.3817)	Prec@1 4.297 (1.642)	Prec@5 16.406 (5.379)
Epoch: [0][3220/5005]	Time 0.321 (0.323)	Speed 796.298 (793.729)	Loss 5.4638252258 (6.3789)	Prec@1 5.078 (1.652)	Prec@5 16.406 (5.413)
Epoch: [0][3230/5005]	Time 0.323 (0.323)	Speed 792.905 (793.726)	Loss 5.4165296555 (6.3759)	Prec@1 7.422 (1.670)	Prec@5 20.312 (5.459)
Epoch: [0][3240/5005]	Time 0.325 (0.323)	Speed 786.894 (793.705)	Loss 5.5103182793 (6.3732)	Prec@1 3.516 (1.676)	Prec@5 12.109 (5.480)
Epoch: [0][3250/5005]	Time 0.320 (0.323)	Speed 801.010 (793.727)	Loss 5.6174144745 (6.3709)	Prec@1 2.734 (1.679)	Prec@5 11.328 (5.498)
Epoch: [0][3260/5005]	Time 0.320 (0.323)	Speed 800.459 (793.748)	Loss 5.4768810272 (6.3682)	Prec@1 5.469 (1.691)	Prec@5 13.281 (5.521)
Epoch: [0][3270/5005]	Time 0.322 (0.323)	Speed 795.585 (793.753)	Loss 5.5346221924 (6.3656)	Prec@1 4.297 (1.699)	Prec@5 14.062 (5.548)
Epoch: [0][3280/5005]	Time 0.319 (0.323)	Speed 803.711 (793.783)	Loss 5.6457066536 (6.3634)	Prec@1 4.688 (1.708)	Prec@5 16.016 (5.580)
Epoch: [0][3290/5005]	Time 0.317 (0.322)	Speed 807.301 (793.824)	Loss 5.4066181183 (6.3605)	Prec@1 5.859 (1.720)	Prec@5 17.578 (5.616)
Epoch: [0][3300/5005]	Time 0.318 (0.322)	Speed 805.506 (793.858)	Loss 5.4370656013 (6.3577)	Prec@1 3.906 (1.727)	Prec@5 14.062 (5.642)
Epoch: [0][3310/5005]	Time 0.323 (0.322)	Speed 792.609 (793.855)	Loss 5.5577397346 (6.3553)	Prec@1 7.031 (1.743)	Prec@5 17.188 (5.676)
Epoch: [0][3320/5005]	Time 0.317 (0.322)	Speed 808.475 (793.898)	Loss 5.4592599869 (6.3526)	Prec@1 4.297 (1.751)	Prec@5 14.844 (5.704)
Epoch: [0][3330/5005]	Time 0.324 (0.322)	Speed 790.597 (793.888)	Loss 5.3243594170 (6.3495)	Prec@1 3.906 (1.757)	Prec@5 16.016 (5.735)
Epoch: [0][3340/5005]	Time 0.317 (0.322)	Speed 808.243 (793.930)	Loss 5.5643949509 (6.3472)	Prec@1 3.516 (1.762)	Prec@5 16.797 (5.768)
Epoch: [0][3350/5005]	Time 0.316 (0.322)	Speed 809.407 (793.975)	Loss 5.3542780876 (6.3442)	Prec@1 7.031 (1.778)	Prec@5 19.922 (5.810)
Epoch: [0][3360/5005]	Time 0.318 (0.322)	Speed 805.580 (794.009)	Loss 5.3797626495 (6.3413)	Prec@1 7.812 (1.796)	Prec@5 20.312 (5.854)
Epoch: [0][3370/5005]	Time 0.317 (0.322)	Speed 807.317 (794.048)	Loss 5.5187101364 (6.3389)	Prec@1 3.906 (1.802)	Prec@5 14.453 (5.879)
Epoch: [0][3380/5005]	Time 0.320 (0.322)	Speed 800.971 (794.069)	Loss 5.4238896370 (6.3362)	Prec@1 3.516 (1.808)	Prec@5 14.844 (5.906)
Epoch: [0][3390/5005]	Time 0.321 (0.322)	Speed 798.251 (794.081)	Loss 5.4877204895 (6.3337)	Prec@1 6.641 (1.822)	Prec@5 17.188 (5.939)
Epoch: [0][3400/5005]	Time 0.319 (0.322)	Speed 802.916 (794.107)	Loss 5.4896874428 (6.3312)	Prec@1 5.859 (1.834)	Prec@5 14.844 (5.965)
Epoch: [0][3410/5005]	Time 0.318 (0.322)	Speed 805.172 (794.139)	Loss 5.3385510445 (6.3283)	Prec@1 4.688 (1.842)	Prec@5 17.578 (5.999)
Epoch: [0][3420/5005]	Time 0.316 (0.322)	Speed 809.298 (794.182)	Loss 5.3248143196 (6.3253)	Prec@1 9.375 (1.864)	Prec@5 19.531 (6.039)
Epoch: [0][3430/5005]	Time 0.317 (0.322)	Speed 806.572 (794.218)	Loss 5.4201421738 (6.3227)	Prec@1 7.422 (1.880)	Prec@5 17.578 (6.072)
Epoch: [0][3440/5005]	Time 0.321 (0.322)	Speed 797.418 (794.227)	Loss 5.5846095085 (6.3206)	Prec@1 4.688 (1.888)	Prec@5 16.406 (6.102)
Epoch: [0][3450/5005]	Time 0.321 (0.322)	Speed 796.276 (794.233)	Loss 5.2809109688 (6.3175)	Prec@1 8.203 (1.907)	Prec@5 20.703 (6.145)
Epoch: [0][3460/5005]	Time 0.323 (0.322)	Speed 792.305 (794.227)	Loss 5.5083446503 (6.3152)	Prec@1 3.516 (1.911)	Prec@5 14.062 (6.168)
Epoch: [0][3470/5005]	Time 0.317 (0.322)	Speed 808.075 (794.266)	Loss 5.3766117096 (6.3125)	Prec@1 5.469 (1.922)	Prec@5 19.531 (6.206)
Epoch: [0][3480/5005]	Time 0.319 (0.322)	Speed 803.246 (794.292)	Loss 5.5601215363 (6.3103)	Prec@1 5.469 (1.932)	Prec@5 14.062 (6.229)
Epoch: [0][3490/5005]	Time 0.318 (0.322)	Speed 804.455 (794.321)	Loss 5.3385009766 (6.3076)	Prec@1 6.250 (1.944)	Prec@5 18.359 (6.263)
Epoch: [0][3500/5005]	Time 0.324 (0.322)	Speed 789.266 (794.306)	Loss 5.4886436462 (6.3052)	Prec@1 6.250 (1.956)	Prec@5 17.578 (6.296)
Epoch: [0][3510/5005]	Time 0.320 (0.322)	Speed 799.809 (794.322)	Loss 5.3407783508 (6.3025)	Prec@1 6.641 (1.970)	Prec@5 17.578 (6.328)
Epoch: [0][3520/5005]	Time 0.322 (0.322)	Speed 793.867 (794.321)	Loss 5.3630075455 (6.2998)	Prec@1 6.250 (1.982)	Prec@5 14.844 (6.352)
Epoch: [0][3530/5005]	Time 0.323 (0.322)	Speed 792.052 (794.314)	Loss 5.4161839485 (6.2973)	Prec@1 5.859 (1.993)	Prec@5 17.969 (6.385)
Epoch: [0][3540/5005]	Time 0.321 (0.322)	Speed 798.243 (794.325)	Loss 5.3819155693 (6.2947)	Prec@1 3.516 (1.997)	Prec@5 14.062 (6.407)
Epoch: [0][3550/5005]	Time 0.321 (0.322)	Speed 797.305 (794.333)	Loss 5.2212448120 (6.2917)	Prec@1 7.812 (2.014)	Prec@5 20.703 (6.447)
Epoch: [0][3560/5005]	Time 0.318 (0.322)	Speed 806.249 (794.366)	Loss 5.3328223228 (6.2890)	Prec@1 9.375 (2.034)	Prec@5 19.922 (6.485)
Epoch: [0][3570/5005]	Time 0.316 (0.322)	Speed 808.997 (794.407)	Loss 5.2978625298 (6.2862)	Prec@1 5.469 (2.044)	Prec@5 18.750 (6.519)
Epoch: [0][3580/5005]	Time 0.321 (0.322)	Speed 797.963 (794.417)	Loss 5.3679261208 (6.2836)	Prec@1 5.859 (2.055)	Prec@5 19.531 (6.556)
Epoch: [0][3590/5005]	Time 0.318 (0.322)	Speed 805.635 (794.447)	Loss 5.3296446800 (6.2810)	Prec@1 4.688 (2.062)	Prec@5 14.453 (6.578)
Epoch: [0][3600/5005]	Time 0.317 (0.322)	Speed 808.672 (794.486)	Loss 5.3982715607 (6.2785)	Prec@1 6.250 (2.074)	Prec@5 17.969 (6.609)
Epoch: [0][3610/5005]	Time 0.315 (0.322)	Speed 812.367 (794.535)	Loss 5.5013675690 (6.2764)	Prec@1 3.906 (2.079)	Prec@5 16.016 (6.635)
Epoch: [0][3620/5005]	Time 0.316 (0.322)	Speed 809.374 (794.575)	Loss 5.5923285484 (6.2745)	Prec@1 3.125 (2.082)	Prec@5 11.719 (6.649)
Epoch: [0][3630/5005]	Time 0.318 (0.322)	Speed 805.988 (794.606)	Loss 5.4441828728 (6.2722)	Prec@1 5.469 (2.091)	Prec@5 14.453 (6.671)
Epoch: [0][3640/5005]	Time 0.317 (0.322)	Speed 807.916 (794.642)	Loss 5.4121842384 (6.2698)	Prec@1 4.688 (2.098)	Prec@5 17.969 (6.702)
Epoch: [0][3650/5005]	Time 0.318 (0.322)	Speed 804.121 (794.668)	Loss 5.2930178642 (6.2672)	Prec@1 7.422 (2.113)	Prec@5 22.266 (6.744)
Epoch: [0][3660/5005]	Time 0.322 (0.322)	Speed 795.183 (794.669)	Loss 5.5069508553 (6.2651)	Prec@1 5.859 (2.123)	Prec@5 19.141 (6.778)
Epoch: [0][3670/5005]	Time 0.318 (0.322)	Speed 805.783 (794.699)	Loss 5.1594748497 (6.2621)	Prec@1 6.250 (2.134)	Prec@5 18.359 (6.810)
Epoch: [0][3680/5005]	Time 0.318 (0.322)	Speed 804.379 (794.725)	Loss 5.4463105202 (6.2599)	Prec@1 4.688 (2.141)	Prec@5 15.234 (6.833)
Epoch: [0][3690/5005]	Time 0.320 (0.322)	Speed 800.543 (794.740)	Loss 5.2936582565 (6.2572)	Prec@1 7.031 (2.154)	Prec@5 17.578 (6.862)
Epoch: [0][3700/5005]	Time 0.318 (0.322)	Speed 805.406 (794.769)	Loss 5.3407397270 (6.2548)	Prec@1 8.203 (2.171)	Prec@5 19.922 (6.897)
Epoch: [0][3710/5005]	Time 0.318 (0.322)	Speed 806.181 (794.799)	Loss 5.3315463066 (6.2523)	Prec@1 7.031 (2.184)	Prec@5 21.875 (6.938)
Epoch: [0][3720/5005]	Time 0.319 (0.322)	Speed 803.763 (794.823)	Loss 5.2989120483 (6.2497)	Prec@1 10.938 (2.207)	Prec@5 19.531 (6.971)
Epoch: [0][3730/5005]	Time 0.316 (0.322)	Speed 809.445 (794.862)	Loss 5.6082348824 (6.2480)	Prec@1 3.906 (2.212)	Prec@5 15.625 (6.995)
Epoch: [0][3740/5005]	Time 0.320 (0.322)	Speed 801.132 (794.878)	Loss 5.3148021698 (6.2455)	Prec@1 5.859 (2.222)	Prec@5 18.750 (7.026)
Epoch: [0][3750/5005]	Time 0.316 (0.322)	Speed 808.910 (794.915)	Loss 5.4952630997 (6.2435)	Prec@1 7.031 (2.234)	Prec@5 16.797 (7.052)
Epoch: [0][3760/5005]	Time 0.321 (0.322)	Speed 797.045 (794.921)	Loss 5.5191097260 (6.2416)	Prec@1 5.469 (2.243)	Prec@5 17.188 (7.079)
Epoch: [0][3770/5005]	Time 0.317 (0.322)	Speed 806.420 (794.951)	Loss 5.2541565895 (6.2390)	Prec@1 9.766 (2.263)	Prec@5 23.438 (7.122)
Epoch: [0][3780/5005]	Time 0.322 (0.322)	Speed 796.249 (794.954)	Loss 5.4570255280 (6.2369)	Prec@1 7.812 (2.278)	Prec@5 15.234 (7.144)
Epoch: [0][3790/5005]	Time 0.317 (0.322)	Speed 807.809 (794.987)	Loss 5.2321915627 (6.2342)	Prec@1 6.641 (2.289)	Prec@5 21.094 (7.181)
Epoch: [0][3800/5005]	Time 0.316 (0.322)	Speed 809.259 (795.024)	Loss 5.6196541786 (6.2326)	Prec@1 4.688 (2.295)	Prec@5 13.281 (7.197)
Epoch: [0][3810/5005]	Time 0.317 (0.322)	Speed 807.108 (795.056)	Loss 5.4235048294 (6.2305)	Prec@1 7.422 (2.309)	Prec@5 16.406 (7.221)
Epoch: [0][3820/5005]	Time 0.319 (0.322)	Speed 803.463 (795.077)	Loss 5.2136726379 (6.2278)	Prec@1 6.250 (2.319)	Prec@5 19.922 (7.254)
Epoch: [0][3830/5005]	Time 0.317 (0.322)	Speed 806.316 (795.106)	Loss 5.2548723221 (6.2253)	Prec@1 6.641 (2.330)	Prec@5 20.703 (7.289)
Epoch: [0][3840/5005]	Time 0.317 (0.322)	Speed 806.629 (795.136)	Loss 5.1725540161 (6.2226)	Prec@1 10.938 (2.353)	Prec@5 23.438 (7.331)
Epoch: [0][3850/5005]	Time 0.319 (0.322)	Speed 802.244 (795.154)	Loss 5.3336143494 (6.2202)	Prec@1 7.812 (2.367)	Prec@5 17.969 (7.359)
Epoch: [0][3860/5005]	Time 0.318 (0.322)	Speed 806.277 (795.183)	Loss 5.2845745087 (6.2178)	Prec@1 4.688 (2.373)	Prec@5 19.531 (7.391)
Epoch: [0][3870/5005]	Time 0.319 (0.322)	Speed 803.463 (795.204)	Loss 5.2925667763 (6.2154)	Prec@1 5.469 (2.381)	Prec@5 15.625 (7.412)
Epoch: [0][3880/5005]	Time 0.317 (0.322)	Speed 808.714 (795.238)	Loss 5.3487982750 (6.2132)	Prec@1 4.688 (2.387)	Prec@5 14.844 (7.431)
Epoch: [0][3890/5005]	Time 0.315 (0.322)	Speed 812.674 (795.282)	Loss 5.4774308205 (6.2113)	Prec@1 4.297 (2.392)	Prec@5 16.016 (7.453)
Epoch: [0][3900/5005]	Time 0.323 (0.322)	Speed 791.425 (795.272)	Loss 5.1457967758 (6.2086)	Prec@1 7.422 (2.405)	Prec@5 21.875 (7.490)
Epoch: [0][3910/5005]	Time 0.319 (0.322)	Speed 802.543 (795.290)	Loss 5.3364419937 (6.2063)	Prec@1 7.812 (2.419)	Prec@5 17.578 (7.516)
Epoch: [0][3920/5005]	Time 0.316 (0.322)	Speed 810.752 (795.329)	Loss 5.2718977928 (6.2040)	Prec@1 7.031 (2.430)	Prec@5 21.484 (7.551)
Epoch: [0][3930/5005]	Time 0.318 (0.322)	Speed 803.877 (795.351)	Loss 5.2073626518 (6.2014)	Prec@1 7.812 (2.444)	Prec@5 21.875 (7.588)
Epoch: [0][3940/5005]	Time 0.319 (0.322)	Speed 801.538 (795.366)	Loss 5.1181273460 (6.1987)	Prec@1 8.203 (2.459)	Prec@5 25.000 (7.632)
Epoch: [0][3950/5005]	Time 0.321 (0.322)	Speed 796.910 (795.370)	Loss 5.0458097458 (6.1958)	Prec@1 7.031 (2.470)	Prec@5 25.391 (7.677)
Epoch: [0][3960/5005]	Time 0.316 (0.322)	Speed 809.412 (795.405)	Loss 5.4826045036 (6.1940)	Prec@1 5.469 (2.478)	Prec@5 15.625 (7.697)
Epoch: [0][3970/5005]	Time 0.317 (0.322)	Speed 808.123 (795.436)	Loss 5.0353288651 (6.1910)	Prec@1 9.766 (2.496)	Prec@5 25.000 (7.741)
Epoch: [0][3980/5005]	Time 0.316 (0.322)	Speed 810.884 (795.475)	Loss 5.1062750816 (6.1883)	Prec@1 9.375 (2.514)	Prec@5 22.266 (7.777)
Epoch: [0][3990/5005]	Time 0.317 (0.322)	Speed 807.146 (795.503)	Loss 5.2057394981 (6.1858)	Prec@1 6.250 (2.523)	Prec@5 21.875 (7.812)
Epoch: [0][4000/5005]	Time 0.320 (0.322)	Speed 801.140 (795.517)	Loss 5.2815809250 (6.1836)	Prec@1 5.078 (2.529)	Prec@5 20.312 (7.844)
Epoch: [0][4010/5005]	Time 0.317 (0.322)	Speed 807.518 (795.547)	Loss 5.3604426384 (6.1815)	Prec@1 5.078 (2.536)	Prec@5 18.359 (7.870)
Epoch: [0][4020/5005]	Time 0.320 (0.322)	Speed 799.471 (795.557)	Loss 5.1787223816 (6.1790)	Prec@1 7.031 (2.547)	Prec@5 21.875 (7.905)
Epoch: [0][4030/5005]	Time 0.317 (0.322)	Speed 807.581 (795.586)	Loss 5.0283465385 (6.1762)	Prec@1 10.938 (2.568)	Prec@5 20.312 (7.936)
Epoch: [0][4040/5005]	Time 0.315 (0.322)	Speed 813.860 (795.630)	Loss 5.1045041084 (6.1735)	Prec@1 8.984 (2.584)	Prec@5 19.922 (7.965)
Epoch: [0][4050/5005]	Time 0.317 (0.322)	Speed 808.540 (795.662)	Loss 5.1457719803 (6.1710)	Prec@1 5.078 (2.590)	Prec@5 19.141 (7.993)
Epoch: [0][4060/5005]	Time 0.316 (0.322)	Speed 810.209 (795.697)	Loss 5.3229126930 (6.1689)	Prec@1 3.906 (2.593)	Prec@5 16.406 (8.014)
Epoch: [0][4070/5005]	Time 0.317 (0.322)	Speed 808.214 (795.727)	Loss 5.1873316765 (6.1665)	Prec@1 5.859 (2.601)	Prec@5 22.656 (8.050)
Epoch: [0][4080/5005]	Time 0.317 (0.322)	Speed 808.757 (795.758)	Loss 5.2510342598 (6.1642)	Prec@1 8.203 (2.615)	Prec@5 21.875 (8.083)
Epoch: [0][4090/5005]	Time 0.317 (0.322)	Speed 808.049 (795.788)	Loss 5.0491595268 (6.1615)	Prec@1 8.984 (2.630)	Prec@5 22.656 (8.119)
Epoch: [0][4100/5005]	Time 0.317 (0.322)	Speed 808.489 (795.819)	Loss 5.2499790192 (6.1593)	Prec@1 7.031 (2.641)	Prec@5 21.094 (8.151)
Epoch: [0][4110/5005]	Time 0.321 (0.322)	Speed 796.984 (795.821)	Loss 5.1397728920 (6.1568)	Prec@1 8.984 (2.656)	Prec@5 19.141 (8.177)
Epoch: [0][4120/5005]	Time 0.318 (0.322)	Speed 806.292 (795.846)	Loss 5.3697724342 (6.1549)	Prec@1 7.812 (2.669)	Prec@5 19.531 (8.205)
Epoch: [0][4130/5005]	Time 0.316 (0.322)	Speed 810.439 (795.881)	Loss 5.1717500687 (6.1525)	Prec@1 5.859 (2.677)	Prec@5 21.094 (8.236)
Epoch: [0][4140/5005]	Time 0.321 (0.322)	Speed 797.797 (795.886)	Loss 5.2772078514 (6.1504)	Prec@1 7.812 (2.689)	Prec@5 20.312 (8.265)
Epoch: [0][4150/5005]	Time 0.317 (0.322)	Speed 808.843 (795.916)	Loss 5.3588762283 (6.1485)	Prec@1 5.078 (2.695)	Prec@5 17.188 (8.287)
Epoch: [0][4160/5005]	Time 0.320 (0.322)	Speed 800.702 (795.928)	Loss 5.2296805382 (6.1463)	Prec@1 8.984 (2.710)	Prec@5 21.875 (8.320)
Epoch: [0][4170/5005]	Time 0.316 (0.322)	Speed 809.706 (795.960)	Loss 4.9831953049 (6.1435)	Prec@1 10.547 (2.729)	Prec@5 23.828 (8.357)
Epoch: [0][4180/5005]	Time 0.316 (0.322)	Speed 809.151 (795.991)	Loss 5.1183576584 (6.1411)	Prec@1 11.328 (2.749)	Prec@5 23.047 (8.392)
Epoch: [0][4190/5005]	Time 0.317 (0.322)	Speed 807.718 (796.019)	Loss 5.1717610359 (6.1387)	Prec@1 8.594 (2.763)	Prec@5 19.141 (8.418)
Epoch: [0][4200/5005]	Time 0.317 (0.322)	Speed 807.357 (796.046)	Loss 5.1922841072 (6.1365)	Prec@1 6.641 (2.773)	Prec@5 19.531 (8.444)
Epoch: [0][4210/5005]	Time 0.326 (0.322)	Speed 786.432 (796.023)	Loss 5.3311796188 (6.1346)	Prec@1 7.422 (2.784)	Prec@5 21.875 (8.476)
Epoch: [0][4220/5005]	Time 0.318 (0.322)	Speed 803.850 (796.041)	Loss 5.1227178574 (6.1322)	Prec@1 7.812 (2.795)	Prec@5 22.656 (8.510)
Epoch: [0][4230/5005]	Time 0.320 (0.322)	Speed 800.295 (796.051)	Loss 5.2377696037 (6.1301)	Prec@1 8.203 (2.808)	Prec@5 21.875 (8.541)
Epoch: [0][4240/5005]	Time 0.317 (0.322)	Speed 808.720 (796.080)	Loss 5.0693287849 (6.1276)	Prec@1 11.719 (2.829)	Prec@5 23.047 (8.575)
Epoch: [0][4250/5005]	Time 0.316 (0.322)	Speed 810.545 (796.114)	Loss 5.2308831215 (6.1255)	Prec@1 6.250 (2.837)	Prec@5 22.266 (8.608)
Epoch: [0][4260/5005]	Time 0.320 (0.322)	Speed 800.125 (796.123)	Loss 5.1053423882 (6.1231)	Prec@1 8.203 (2.850)	Prec@5 22.656 (8.641)
Epoch: [0][4270/5005]	Time 0.319 (0.322)	Speed 803.063 (796.139)	Loss 4.9423575401 (6.1203)	Prec@1 9.375 (2.865)	Prec@5 23.438 (8.675)
Epoch: [0][4280/5005]	Time 0.317 (0.322)	Speed 807.916 (796.166)	Loss 5.0656404495 (6.1178)	Prec@1 7.422 (2.876)	Prec@5 21.484 (8.705)
Epoch: [0][4290/5005]	Time 0.321 (0.322)	Speed 797.421 (796.169)	Loss 5.1728625298 (6.1156)	Prec@1 8.203 (2.888)	Prec@5 19.141 (8.729)
Epoch: [0][4300/5005]	Time 0.321 (0.322)	Speed 798.271 (796.174)	Loss 5.0823268890 (6.1132)	Prec@1 10.938 (2.907)	Prec@5 24.219 (8.765)
Epoch: [0][4310/5005]	Time 0.317 (0.322)	Speed 807.021 (796.199)	Loss 5.2120599747 (6.1111)	Prec@1 8.984 (2.921)	Prec@5 22.656 (8.798)
Epoch: [0][4320/5005]	Time 0.318 (0.322)	Speed 803.906 (796.217)	Loss 5.1137623787 (6.1088)	Prec@1 10.156 (2.938)	Prec@5 20.703 (8.825)
Epoch: [0][4330/5005]	Time 0.324 (0.322)	Speed 789.577 (796.201)	Loss 5.3454742432 (6.1071)	Prec@1 5.078 (2.943)	Prec@5 15.625 (8.841)
Epoch: [0][4340/5005]	Time 0.319 (0.322)	Speed 801.468 (796.213)	Loss 5.3433537483 (6.1053)	Prec@1 4.688 (2.947)	Prec@5 17.969 (8.862)
Epoch: [0][4350/5005]	Time 0.320 (0.322)	Speed 800.629 (796.223)	Loss 5.1155967712 (6.1030)	Prec@1 8.594 (2.960)	Prec@5 23.438 (8.895)
Epoch: [0][4360/5005]	Time 0.325 (0.322)	Speed 788.858 (796.206)	Loss 5.0722265244 (6.1007)	Prec@1 7.031 (2.969)	Prec@5 21.484 (8.924)
Epoch: [0][4370/5005]	Time 0.323 (0.322)	Speed 792.363 (796.197)	Loss 5.3725571632 (6.0990)	Prec@1 7.031 (2.978)	Prec@5 19.531 (8.949)
Epoch: [0][4380/5005]	Time 0.321 (0.322)	Speed 798.493 (796.203)	Loss 5.1162881851 (6.0967)	Prec@1 6.641 (2.987)	Prec@5 21.875 (8.978)
Epoch: [0][4390/5005]	Time 0.315 (0.322)	Speed 813.516 (796.241)	Loss 5.3386263847 (6.0950)	Prec@1 6.250 (2.994)	Prec@5 16.016 (8.994)
Epoch: [0][4400/5005]	Time 0.321 (0.322)	Speed 797.972 (796.245)	Loss 4.8764133453 (6.0923)	Prec@1 10.156 (3.010)	Prec@5 26.953 (9.035)
Epoch: [0][4410/5005]	Time 0.320 (0.322)	Speed 801.028 (796.256)	Loss 5.2162289619 (6.0903)	Prec@1 7.422 (3.020)	Prec@5 22.266 (9.065)
Epoch: [0][4420/5005]	Time 0.316 (0.321)	Speed 809.455 (796.285)	Loss 5.0773444176 (6.0880)	Prec@1 7.812 (3.031)	Prec@5 22.266 (9.095)
Epoch: [0][4430/5005]	Time 0.320 (0.321)	Speed 800.511 (796.295)	Loss 5.1741700172 (6.0859)	Prec@1 7.422 (3.041)	Prec@5 18.750 (9.117)
Epoch: [0][4440/5005]	Time 0.316 (0.321)	Speed 810.169 (796.326)	Loss 5.0203595161 (6.0835)	Prec@1 9.766 (3.056)	Prec@5 21.094 (9.144)
Epoch: [0][4450/5005]	Time 0.320 (0.321)	Speed 799.076 (796.332)	Loss 5.2154374123 (6.0816)	Prec@1 6.250 (3.064)	Prec@5 22.266 (9.173)
Epoch: [0][4460/5005]	Time 0.325 (0.321)	Speed 788.176 (796.313)	Loss 5.1990680695 (6.0796)	Prec@1 7.031 (3.072)	Prec@5 18.750 (9.195)
Epoch: [0][4470/5005]	Time 0.316 (0.321)	Speed 809.663 (796.343)	Loss 5.1242403984 (6.0774)	Prec@1 8.594 (3.085)	Prec@5 24.609 (9.229)
Epoch: [0][4480/5005]	Time 0.319 (0.321)	Speed 802.717 (796.357)	Loss 5.2618880272 (6.0756)	Prec@1 6.641 (3.093)	Prec@5 22.656 (9.259)
Epoch: [0][4490/5005]	Time 0.319 (0.321)	Speed 801.313 (796.368)	Loss 5.0241780281 (6.0733)	Prec@1 9.375 (3.107)	Prec@5 23.828 (9.291)
Epoch: [0][4500/5005]	Time 0.323 (0.321)	Speed 792.885 (796.360)	Loss 5.0081620216 (6.0709)	Prec@1 9.766 (3.122)	Prec@5 25.391 (9.327)
Epoch: [0][4510/5005]	Time 0.323 (0.321)	Speed 792.322 (796.351)	Loss 5.0074253082 (6.0686)	Prec@1 7.422 (3.131)	Prec@5 19.922 (9.351)
Epoch: [0][4520/5005]	Time 0.323 (0.321)	Speed 791.366 (796.340)	Loss 5.1991128922 (6.0666)	Prec@1 7.031 (3.140)	Prec@5 19.922 (9.374)
Epoch: [0][4530/5005]	Time 0.317 (0.321)	Speed 808.022 (796.365)	Loss 5.0069351196 (6.0643)	Prec@1 8.594 (3.152)	Prec@5 23.047 (9.404)
Epoch: [0][4540/5005]	Time 0.319 (0.321)	Speed 803.610 (796.381)	Loss 5.1009869576 (6.0622)	Prec@1 8.594 (3.164)	Prec@5 23.828 (9.436)
Epoch: [0][4550/5005]	Time 0.317 (0.321)	Speed 807.011 (796.404)	Loss 4.9788722992 (6.0598)	Prec@1 9.766 (3.178)	Prec@5 23.828 (9.468)
Epoch: [0][4560/5005]	Time 0.321 (0.321)	Speed 796.736 (796.405)	Loss 5.1146078110 (6.0577)	Prec@1 10.547 (3.194)	Prec@5 25.000 (9.502)
Epoch: [0][4570/5005]	Time 0.319 (0.321)	Speed 803.684 (796.421)	Loss 4.9940261841 (6.0554)	Prec@1 8.984 (3.207)	Prec@5 21.875 (9.529)
Epoch: [0][4580/5005]	Time 0.319 (0.321)	Speed 803.464 (796.436)	Loss 5.2850012779 (6.0537)	Prec@1 6.250 (3.214)	Prec@5 19.531 (9.551)
Epoch: [0][4590/5005]	Time 0.319 (0.321)	Speed 803.016 (796.450)	Loss 5.1134161949 (6.0517)	Prec@1 6.641 (3.221)	Prec@5 21.875 (9.578)
Epoch: [0][4600/5005]	Time 0.319 (0.321)	Speed 801.700 (796.461)	Loss 5.1237130165 (6.0496)	Prec@1 6.641 (3.229)	Prec@5 20.703 (9.602)
Epoch: [0][4610/5005]	Time 0.322 (0.321)	Speed 795.375 (796.459)	Loss 5.2445363998 (6.0479)	Prec@1 7.031 (3.237)	Prec@5 18.359 (9.621)
Epoch: [0][4620/5005]	Time 0.317 (0.321)	Speed 808.119 (796.484)	Loss 5.0485601425 (6.0457)	Prec@1 6.641 (3.244)	Prec@5 18.750 (9.640)
Epoch: [0][4630/5005]	Time 0.319 (0.321)	Speed 802.573 (796.497)	Loss 4.9320220947 (6.0433)	Prec@1 11.719 (3.263)	Prec@5 23.828 (9.671)
Epoch: [0][4640/5005]	Time 0.322 (0.321)	Speed 796.246 (796.496)	Loss 5.1339397430 (6.0414)	Prec@1 7.422 (3.271)	Prec@5 17.578 (9.688)
Epoch: [0][4650/5005]	Time 0.317 (0.321)	Speed 808.305 (796.521)	Loss 5.0123896599 (6.0392)	Prec@1 10.156 (3.286)	Prec@5 25.781 (9.723)
Epoch: [0][4660/5005]	Time 0.319 (0.321)	Speed 803.489 (796.536)	Loss 4.9254426956 (6.0368)	Prec@1 10.938 (3.303)	Prec@5 22.656 (9.751)
Epoch: [0][4670/5005]	Time 0.324 (0.321)	Speed 790.922 (796.524)	Loss 5.0115156174 (6.0346)	Prec@1 10.547 (3.318)	Prec@5 24.609 (9.782)
Epoch: [0][4680/5005]	Time 0.317 (0.321)	Speed 807.153 (796.547)	Loss 5.1853709221 (6.0328)	Prec@1 6.250 (3.324)	Prec@5 16.797 (9.797)
Epoch: [0][4690/5005]	Time 0.317 (0.321)	Speed 807.187 (796.569)	Loss 4.8448643684 (6.0302)	Prec@1 10.547 (3.340)	Prec@5 24.219 (9.828)
Epoch: [0][4700/5005]	Time 0.322 (0.321)	Speed 794.229 (796.564)	Loss 5.0145640373 (6.0281)	Prec@1 8.594 (3.351)	Prec@5 24.609 (9.860)
Epoch: [0][4710/5005]	Time 0.319 (0.321)	Speed 801.709 (796.575)	Loss 4.8663687706 (6.0256)	Prec@1 9.375 (3.364)	Prec@5 26.172 (9.894)
Epoch: [0][4720/5005]	Time 0.318 (0.321)	Speed 805.679 (796.594)	Loss 4.8924994469 (6.0232)	Prec@1 8.594 (3.375)	Prec@5 22.266 (9.920)
Epoch: [0][4730/5005]	Time 0.324 (0.321)	Speed 790.305 (796.581)	Loss 4.9606699944 (6.0209)	Prec@1 9.375 (3.388)	Prec@5 24.219 (9.951)
Epoch: [0][4740/5005]	Time 0.322 (0.321)	Speed 795.905 (796.579)	Loss 4.8865771294 (6.0186)	Prec@1 8.594 (3.399)	Prec@5 23.047 (9.978)
Epoch: [0][4750/5005]	Time 0.316 (0.321)	Speed 811.169 (796.609)	Loss 4.8844952583 (6.0162)	Prec@1 10.547 (3.414)	Prec@5 25.391 (10.011)
Epoch: [0][4760/5005]	Time 0.319 (0.321)	Speed 803.496 (796.624)	Loss 5.0285720825 (6.0141)	Prec@1 7.422 (3.422)	Prec@5 25.781 (10.044)
Epoch: [0][4770/5005]	Time 0.321 (0.321)	Speed 798.589 (796.628)	Loss 5.0004186630 (6.0120)	Prec@1 8.594 (3.433)	Prec@5 23.438 (10.072)
Epoch: [0][4780/5005]	Time 0.324 (0.321)	Speed 791.256 (796.616)	Loss 5.0288968086 (6.0099)	Prec@1 6.641 (3.440)	Prec@5 26.562 (10.106)
Epoch: [0][4790/5005]	Time 0.317 (0.321)	Speed 808.108 (796.640)	Loss 5.0503001213 (6.0079)	Prec@1 8.984 (3.451)	Prec@5 22.266 (10.132)
Epoch: [0][4800/5005]	Time 0.322 (0.321)	Speed 795.962 (796.639)	Loss 4.8973965645 (6.0056)	Prec@1 10.156 (3.465)	Prec@5 26.562 (10.166)
Epoch: [0][4810/5005]	Time 0.316 (0.321)	Speed 810.042 (796.666)	Loss 4.9187831879 (6.0033)	Prec@1 9.375 (3.477)	Prec@5 23.828 (10.194)
Epoch: [0][4820/5005]	Time 0.318 (0.321)	Speed 803.978 (796.681)	Loss 5.0702838898 (6.0014)	Prec@1 6.641 (3.484)	Prec@5 23.438 (10.222)
Epoch: [0][4830/5005]	Time 0.322 (0.321)	Speed 796.259 (796.680)	Loss 4.9729118347 (5.9993)	Prec@1 8.594 (3.495)	Prec@5 24.609 (10.252)
Epoch: [0][4840/5005]	Time 0.319 (0.321)	Speed 803.717 (796.695)	Loss 4.9543004036 (5.9971)	Prec@1 10.547 (3.509)	Prec@5 22.656 (10.277)
Epoch: [0][4850/5005]	Time 0.321 (0.321)	Speed 796.638 (796.694)	Loss 4.9235973358 (5.9949)	Prec@1 12.500 (3.528)	Prec@5 26.953 (10.312)
Epoch: [0][4860/5005]	Time 0.321 (0.321)	Speed 798.001 (796.697)	Loss 4.9216442108 (5.9927)	Prec@1 7.031 (3.535)	Prec@5 25.781 (10.344)
Epoch: [0][4870/5005]	Time 0.320 (0.321)	Speed 799.130 (796.702)	Loss 5.0793552399 (5.9908)	Prec@1 7.031 (3.542)	Prec@5 23.438 (10.370)
Epoch: [0][4880/5005]	Time 0.319 (0.321)	Speed 803.627 (796.716)	Loss 4.8322501183 (5.9884)	Prec@1 14.062 (3.564)	Prec@5 28.125 (10.407)
Epoch: [0][4890/5005]	Time 0.318 (0.321)	Speed 804.173 (796.731)	Loss 4.8983078003 (5.9862)	Prec@1 8.594 (3.574)	Prec@5 28.516 (10.444)
Epoch: [0][4900/5005]	Time 0.316 (0.321)	Speed 809.706 (796.757)	Loss 4.7795791626 (5.9837)	Prec@1 10.156 (3.587)	Prec@5 26.953 (10.478)
Epoch: [0][4910/5005]	Time 0.314 (0.321)	Speed 814.411 (796.793)	Loss 4.9191374779 (5.9816)	Prec@1 11.328 (3.603)	Prec@5 21.875 (10.501)
Epoch: [0][4920/5005]	Time 0.319 (0.321)	Speed 802.720 (796.805)	Loss 5.1074914932 (5.9798)	Prec@1 8.203 (3.612)	Prec@5 23.438 (10.527)
Epoch: [0][4930/5005]	Time 0.315 (0.321)	Speed 811.524 (796.834)	Loss 5.0775728226 (5.9780)	Prec@1 7.422 (3.620)	Prec@5 21.875 (10.550)
Epoch: [0][4940/5005]	Time 0.319 (0.321)	Speed 802.368 (796.845)	Loss 4.8590397835 (5.9757)	Prec@1 10.938 (3.635)	Prec@5 29.297 (10.588)
Epoch: [0][4950/5005]	Time 0.319 (0.321)	Speed 803.327 (796.858)	Loss 4.7902507782 (5.9733)	Prec@1 14.453 (3.657)	Prec@5 30.469 (10.628)
Epoch: [0][4960/5005]	Time 0.318 (0.321)	Speed 806.145 (796.876)	Loss 4.9422221184 (5.9712)	Prec@1 6.641 (3.663)	Prec@5 22.656 (10.652)
Epoch: [0][4970/5005]	Time 0.321 (0.321)	Speed 796.901 (796.877)	Loss 5.0035085678 (5.9693)	Prec@1 7.812 (3.671)	Prec@5 22.656 (10.677)
Epoch: [0][4980/5005]	Time 0.316 (0.321)	Speed 810.417 (796.903)	Loss 4.8384380341 (5.9670)	Prec@1 12.109 (3.688)	Prec@5 25.781 (10.707)
Epoch: [0][4990/5005]	Time 0.317 (0.321)	Speed 808.672 (796.926)	Loss 4.8295989037 (5.9647)	Prec@1 14.062 (3.709)	Prec@5 27.734 (10.741)
Epoch: [0][5000/5005]	Time 0.322 (0.321)	Speed 796.061 (796.925)	Loss 5.0103254318 (5.9628)	Prec@1 8.984 (3.720)	Prec@5 24.219 (10.768)
Test: [10/196]	Time 0.106 (0.443)	Speed 2418.762 (578.045)	Loss 5.4397 (5.0259)	Prec@1 3.906 (10.352)	Prec@5 15.625 (26.484)
Test: [20/196]	Time 0.859 (0.387)	Speed 298.179 (661.026)	Loss 3.7283 (4.9341)	Prec@1 22.266 (10.703)	Prec@5 49.219 (26.953)
Test: [30/196]	Time 0.106 (0.343)	Speed 2425.669 (746.608)	Loss 5.0641 (4.8212)	Prec@1 5.078 (11.771)	Prec@5 20.703 (29.362)
Test: [40/196]	Time 0.748 (0.335)	Speed 342.144 (764.579)	Loss 5.5686 (4.9808)	Prec@1 2.344 (9.697)	Prec@5 6.641 (25.732)
Test: [50/196]	Time 0.106 (0.321)	Speed 2419.231 (798.191)	Loss 4.8924 (5.0307)	Prec@1 9.766 (8.766)	Prec@5 25.000 (24.453)
Test: [60/196]	Time 0.106 (0.313)	Speed 2422.812 (816.863)	Loss 5.5412 (5.0605)	Prec@1 3.516 (8.405)	Prec@5 14.453 (23.730)
Test: [70/196]	Time 0.106 (0.311)	Speed 2424.486 (822.832)	Loss 5.9699 (5.0851)	Prec@1 3.906 (8.449)	Prec@5 7.812 (23.331)
Test: [80/196]	Time 0.110 (0.303)	Speed 2323.312 (845.481)	Loss 3.8914 (5.0441)	Prec@1 19.531 (8.809)	Prec@5 37.109 (23.901)
Test: [90/196]	Time 0.105 (0.300)	Speed 2426.881 (852.488)	Loss 4.4958 (5.0751)	Prec@1 15.234 (8.529)	Prec@5 27.734 (23.225)
Test: [100/196]	Time 0.106 (0.293)	Speed 2420.240 (873.625)	Loss 4.2721 (5.0861)	Prec@1 10.156 (8.316)	Prec@5 28.516 (22.766)
Test: [110/196]	Time 0.106 (0.293)	Speed 2426.426 (873.268)	Loss 5.1550 (5.0789)	Prec@1 10.547 (8.228)	Prec@5 17.578 (22.635)
Test: [120/196]	Time 0.121 (0.288)	Speed 2117.922 (889.474)	Loss 4.5895 (5.0861)	Prec@1 11.328 (8.145)	Prec@5 33.203 (22.451)
Test: [130/196]	Time 0.106 (0.287)	Speed 2420.987 (892.329)	Loss 4.6455 (5.0791)	Prec@1 9.375 (8.209)	Prec@5 27.344 (22.599)
Test: [140/196]	Time 0.217 (0.283)	Speed 1180.103 (904.294)	Loss 4.8148 (5.0934)	Prec@1 18.750 (8.136)	Prec@5 30.859 (22.363)
Test: [150/196]	Time 0.106 (0.282)	Speed 2425.488 (908.858)	Loss 5.6620 (5.1039)	Prec@1 1.953 (8.083)	Prec@5 8.203 (22.151)
Test: [160/196]	Time 0.241 (0.280)	Speed 1062.270 (915.004)	Loss 4.6097 (5.1057)	Prec@1 12.891 (8.159)	Prec@5 34.375 (22.141)
Test: [170/196]	Time 0.106 (0.279)	Speed 2424.054 (917.553)	Loss 5.3417 (5.1210)	Prec@1 4.297 (7.969)	Prec@5 15.234 (21.772)
Test: [180/196]	Time 0.427 (0.278)	Speed 599.489 (921.655)	Loss 4.2363 (5.1145)	Prec@1 21.094 (8.062)	Prec@5 41.016 (21.916)
Test: [190/196]	Time 0.105 (0.277)	Speed 2433.762 (925.067)	Loss 5.5997 (5.1229)	Prec@1 1.172 (8.055)	Prec@5 11.328 (21.928)
 * Prec@1 8.282 Prec@5 22.202