=> creating model 'resnet50'
=> creating model 'resnet50'
=> creating model 'resnet50'
=> creating model 'resnet50'
Selected optimization level O1:  Insert automatic casts around Pytorch functions and Tensor methods.

Defaults for this optimization level are:
enabled                : True
opt_level              : O1
cast_model_type        : None
patch_torch_functions  : True
keep_batchnorm_fp32    : None
master_weights         : None
loss_scale             : dynamic
Processing user overrides (additional kwargs that are not None)...
After processing overrides, optimization options are:
enabled                : True
opt_level              : O1
cast_model_type        : None
patch_torch_functions  : True
keep_batchnorm_fp32    : None
master_weights         : None
loss_scale             : dynamic
Gradient overflow.  Skipping step, loss scaler 0 reducing loss scale to 32768.0
Gradient overflow.  Skipping step, loss scaler 0 reducing loss scale to 32768.0
Gradient overflow.  Skipping step, loss scaler 0 reducing loss scale to 32768.0
Gradient overflow.  Skipping step, loss scaler 0 reducing loss scale to 32768.0
Gradient overflow.  Skipping step, loss scaler 0 reducing loss scale to 16384.0
Gradient overflow.  Skipping step, loss scaler 0 reducing loss scale to 16384.0
Gradient overflow.  Skipping step, loss scaler 0 reducing loss scale to 16384.0
Gradient overflow.  Skipping step, loss scaler 0 reducing loss scale to 16384.0
/opt/conda/lib/python3.6/site-packages/torch/distributed/distributed_c10d.py:100: UserWarning: torch.distributed.reduce_op is deprecated, please use torch.distributed.ReduceOp instead
  warnings.warn("torch.distributed.reduce_op is deprecated, please use "
/opt/conda/lib/python3.6/site-packages/torch/distributed/distributed_c10d.py:100: UserWarning: torch.distributed.reduce_op is deprecated, please use torch.distributed.ReduceOp instead
  warnings.warn("torch.distributed.reduce_op is deprecated, please use "
/opt/conda/lib/python3.6/site-packages/torch/distributed/distributed_c10d.py:100: UserWarning: torch.distributed.reduce_op is deprecated, please use torch.distributed.ReduceOp instead
  warnings.warn("torch.distributed.reduce_op is deprecated, please use "
/opt/conda/lib/python3.6/site-packages/torch/distributed/distributed_c10d.py:100: UserWarning: torch.distributed.reduce_op is deprecated, please use torch.distributed.ReduceOp instead
  warnings.warn("torch.distributed.reduce_op is deprecated, please use "
Epoch: [0][10/1252]	Time 1.584 (1.584)	Speed 646.280 (646.280)	Loss 7.0486578941 (7.0487)	Prec@1 0.293 (0.293)	Prec@5 0.684 (0.684)
Epoch: [0][20/1252]	Time 0.323 (0.954)	Speed 3171.815 (1073.771)	Loss 7.0252566338 (7.0370)	Prec@1 0.098 (0.195)	Prec@5 0.879 (0.781)
Epoch: [0][30/1252]	Time 0.329 (0.745)	Speed 3113.075 (1373.739)	Loss 6.9858188629 (7.0199)	Prec@1 0.098 (0.163)	Prec@5 0.293 (0.618)
Epoch: [0][40/1252]	Time 0.322 (0.640)	Speed 3180.201 (1601.110)	Loss 6.9620027542 (7.0054)	Prec@1 0.098 (0.146)	Prec@5 0.488 (0.586)
Epoch: [0][50/1252]	Time 0.329 (0.578)	Speed 3109.064 (1773.108)	Loss 6.9178023338 (6.9879)	Prec@1 0.293 (0.176)	Prec@5 0.879 (0.645)
Epoch: [0][60/1252]	Time 0.331 (0.536)	Speed 3095.082 (1909.004)	Loss 6.9182991982 (6.9763)	Prec@1 0.000 (0.146)	Prec@5 0.391 (0.602)
Epoch: [0][70/1252]	Time 0.325 (0.506)	Speed 3153.356 (2023.050)	Loss 6.9111313820 (6.9670)	Prec@1 0.098 (0.140)	Prec@5 0.293 (0.558)
Epoch: [0][80/1252]	Time 0.326 (0.484)	Speed 3138.576 (2117.109)	Loss 6.9262256622 (6.9619)	Prec@1 0.195 (0.146)	Prec@5 0.391 (0.537)
Epoch: [0][90/1252]	Time 0.325 (0.466)	Speed 3152.879 (2197.315)	Loss 6.9033312798 (6.9554)	Prec@1 0.195 (0.152)	Prec@5 0.488 (0.532)
Epoch: [0][100/1252]	Time 0.327 (0.452)	Speed 3134.019 (2265.012)	Loss 6.8849849701 (6.9484)	Prec@1 0.098 (0.146)	Prec@5 1.270 (0.605)
/opt/conda/lib/python3.6/site-packages/PIL/TiffImagePlugin.py:754: UserWarning: Possibly corrupt EXIF data.  Expecting to read 2555904 bytes but only got 0. Skipping tag 0
  " Skipping tag %s" % (size, len(data), tag))
Epoch: [0][110/1252]	Time 0.330 (0.441)	Speed 3105.603 (2322.152)	Loss 6.8812747002 (6.9423)	Prec@1 0.000 (0.133)	Prec@5 1.074 (0.648)
Epoch: [0][120/1252]	Time 0.329 (0.432)	Speed 3113.884 (2372.419)	Loss 6.8891401291 (6.9378)	Prec@1 0.000 (0.122)	Prec@5 0.586 (0.643)
/opt/conda/lib/python3.6/site-packages/PIL/TiffImagePlugin.py:771: UserWarning: Corrupt EXIF data.  Expecting to read 4 bytes but only got 0.
  warnings.warn(str(msg))
Epoch: [0][130/1252]	Time 0.327 (0.424)	Speed 3129.772 (2417.417)	Loss 6.8651938438 (6.9322)	Prec@1 0.098 (0.120)	Prec@5 0.977 (0.669)
Epoch: [0][140/1252]	Time 0.329 (0.417)	Speed 3116.326 (2456.773)	Loss 6.8849172592 (6.9289)	Prec@1 0.391 (0.140)	Prec@5 1.172 (0.705)
Epoch: [0][150/1252]	Time 0.331 (0.411)	Speed 3094.614 (2491.002)	Loss 6.8924880028 (6.9264)	Prec@1 0.293 (0.150)	Prec@5 0.781 (0.710)
Epoch: [0][160/1252]	Time 0.329 (0.406)	Speed 3113.882 (2522.539)	Loss 6.8760137558 (6.9233)	Prec@1 0.488 (0.171)	Prec@5 0.879 (0.720)
Epoch: [0][170/1252]	Time 0.329 (0.401)	Speed 3116.286 (2551.131)	Loss 6.8718419075 (6.9203)	Prec@1 0.098 (0.167)	Prec@5 1.270 (0.753)
Epoch: [0][180/1252]	Time 0.325 (0.397)	Speed 3154.969 (2578.549)	Loss 6.8835902214 (6.9182)	Prec@1 0.293 (0.174)	Prec@5 1.074 (0.770)
Epoch: [0][190/1252]	Time 0.323 (0.393)	Speed 3171.770 (2604.184)	Loss 6.8962593079 (6.9171)	Prec@1 0.391 (0.185)	Prec@5 1.855 (0.828)
Epoch: [0][200/1252]	Time 0.326 (0.390)	Speed 3140.697 (2626.618)	Loss 6.8654174805 (6.9145)	Prec@1 0.098 (0.181)	Prec@5 1.074 (0.840)
Epoch: [0][210/1252]	Time 0.329 (0.387)	Speed 3113.421 (2646.322)	Loss 6.8590507507 (6.9118)	Prec@1 0.391 (0.191)	Prec@5 1.074 (0.851)
/opt/conda/lib/python3.6/site-packages/PIL/TiffImagePlugin.py:754: UserWarning: Possibly corrupt EXIF data.  Expecting to read 2555904 bytes but only got 0. Skipping tag 0
  " Skipping tag %s" % (size, len(data), tag))
Epoch: [0][220/1252]	Time 0.323 (0.384)	Speed 3166.347 (2666.226)	Loss 6.8386116028 (6.9085)	Prec@1 0.781 (0.218)	Prec@5 1.465 (0.879)
Epoch: [0][230/1252]	Time 0.326 (0.382)	Speed 3139.671 (2683.822)	Loss 6.8292822838 (6.9051)	Prec@1 0.488 (0.229)	Prec@5 1.660 (0.913)
Epoch: [0][240/1252]	Time 0.332 (0.379)	Speed 3081.573 (2698.333)	Loss 6.8185486794 (6.9015)	Prec@1 0.098 (0.224)	Prec@5 1.855 (0.952)
Epoch: [0][250/1252]	Time 0.329 (0.377)	Speed 3112.431 (2712.770)	Loss 6.8407115936 (6.8990)	Prec@1 0.098 (0.219)	Prec@5 0.586 (0.938)
Epoch: [0][260/1252]	Time 0.327 (0.376)	Speed 3131.850 (2726.804)	Loss 6.7886304855 (6.8948)	Prec@1 0.781 (0.240)	Prec@5 1.758 (0.969)
Epoch: [0][270/1252]	Time 0.326 (0.374)	Speed 3139.437 (2740.143)	Loss 6.7523117065 (6.8895)	Prec@1 0.293 (0.242)	Prec@5 1.367 (0.984)
Epoch: [0][280/1252]	Time 0.329 (0.372)	Speed 3115.825 (2751.994)	Loss 6.7644615173 (6.8850)	Prec@1 0.488 (0.251)	Prec@5 1.660 (1.008)
Epoch: [0][290/1252]	Time 0.326 (0.371)	Speed 3141.669 (2763.815)	Loss 6.7487821579 (6.8803)	Prec@1 0.488 (0.259)	Prec@5 2.246 (1.051)
Epoch: [0][300/1252]	Time 0.325 (0.369)	Speed 3150.057 (2775.157)	Loss 6.7388010025 (6.8756)	Prec@1 0.391 (0.264)	Prec@5 2.441 (1.097)
Epoch: [0][310/1252]	Time 0.326 (0.368)	Speed 3142.688 (2785.666)	Loss 6.6952915192 (6.8698)	Prec@1 0.781 (0.280)	Prec@5 2.441 (1.140)
Epoch: [0][320/1252]	Time 0.329 (0.366)	Speed 3116.325 (2794.934)	Loss 6.6461954117 (6.8628)	Prec@1 1.172 (0.308)	Prec@5 3.125 (1.202)
Epoch: [0][330/1252]	Time 0.324 (0.365)	Speed 3158.771 (2804.723)	Loss 6.6502394676 (6.8564)	Prec@1 0.781 (0.323)	Prec@5 2.930 (1.255)
Epoch: [0][340/1252]	Time 0.329 (0.364)	Speed 3110.917 (2812.866)	Loss 6.6088008881 (6.8491)	Prec@1 0.586 (0.330)	Prec@5 2.246 (1.284)
Epoch: [0][350/1252]	Time 0.325 (0.363)	Speed 3154.375 (2821.594)	Loss 6.5955009460 (6.8419)	Prec@1 0.488 (0.335)	Prec@5 2.832 (1.328)
Epoch: [0][360/1252]	Time 0.321 (0.362)	Speed 3188.929 (2830.651)	Loss 6.5477046967 (6.8337)	Prec@1 1.562 (0.369)	Prec@5 4.395 (1.413)
Epoch: [0][370/1252]	Time 0.325 (0.361)	Speed 3149.408 (2838.416)	Loss 6.5074281693 (6.8249)	Prec@1 0.977 (0.385)	Prec@5 3.613 (1.473)
Epoch: [0][380/1252]	Time 0.327 (0.360)	Speed 3127.693 (2845.341)	Loss 6.5492162704 (6.8176)	Prec@1 1.172 (0.406)	Prec@5 4.492 (1.552)
Epoch: [0][390/1252]	Time 0.325 (0.359)	Speed 3147.238 (2852.357)	Loss 6.5340824127 (6.8103)	Prec@1 1.270 (0.428)	Prec@5 4.395 (1.625)
/opt/conda/lib/python3.6/site-packages/PIL/TiffImagePlugin.py:754: UserWarning: Possibly corrupt EXIF data.  Expecting to read 2555904 bytes but only got 0. Skipping tag 0
  " Skipping tag %s" % (size, len(data), tag))
Epoch: [0][400/1252]	Time 0.327 (0.358)	Speed 3127.779 (2858.650)	Loss 6.4254751205 (6.8007)	Prec@1 1.465 (0.454)	Prec@5 4.199 (1.689)
/opt/conda/lib/python3.6/site-packages/PIL/TiffImagePlugin.py:754: UserWarning: Possibly corrupt EXIF data.  Expecting to read 1835008 bytes but only got 0. Skipping tag 0
  " Skipping tag %s" % (size, len(data), tag))
Epoch: [0][410/1252]	Time 0.330 (0.358)	Speed 3098.913 (2864.066)	Loss 6.3851580620 (6.7906)	Prec@1 1.270 (0.474)	Prec@5 4.980 (1.770)
Epoch: [0][420/1252]	Time 0.331 (0.357)	Speed 3090.740 (2869.076)	Loss 6.3905844688 (6.7811)	Prec@1 1.660 (0.502)	Prec@5 4.883 (1.844)
Epoch: [0][430/1252]	Time 0.333 (0.356)	Speed 3071.032 (2873.470)	Loss 6.4265775681 (6.7728)	Prec@1 1.367 (0.522)	Prec@5 5.176 (1.921)
Epoch: [0][440/1252]	Time 0.325 (0.356)	Speed 3154.194 (2879.294)	Loss 6.3653354645 (6.7636)	Prec@1 1.660 (0.548)	Prec@5 4.395 (1.978)
Epoch: [0][450/1252]	Time 0.334 (0.355)	Speed 3065.774 (2883.191)	Loss 6.3639211655 (6.7547)	Prec@1 1.270 (0.564)	Prec@5 4.199 (2.027)
Epoch: [0][460/1252]	Time 0.328 (0.355)	Speed 3117.794 (2887.915)	Loss 6.3452730179 (6.7458)	Prec@1 1.465 (0.584)	Prec@5 4.883 (2.089)
Epoch: [0][470/1252]	Time 0.325 (0.354)	Speed 3150.670 (2893.049)	Loss 6.2852082253 (6.7360)	Prec@1 2.051 (0.615)	Prec@5 6.250 (2.178)
Epoch: [0][480/1252]	Time 0.324 (0.353)	Speed 3164.863 (2898.235)	Loss 6.2537951469 (6.7259)	Prec@1 1.758 (0.639)	Prec@5 6.543 (2.268)
Epoch: [0][490/1252]	Time 0.328 (0.353)	Speed 3121.965 (2902.480)	Loss 6.2722697258 (6.7167)	Prec@1 1.953 (0.666)	Prec@5 4.980 (2.324)
Epoch: [0][500/1252]	Time 0.323 (0.352)	Speed 3166.071 (2907.321)	Loss 6.2655367851 (6.7076)	Prec@1 1.562 (0.684)	Prec@5 6.152 (2.400)
/opt/conda/lib/python3.6/site-packages/PIL/TiffImagePlugin.py:754: UserWarning: Possibly corrupt EXIF data.  Expecting to read 2555904 bytes but only got 0. Skipping tag 0
  " Skipping tag %s" % (size, len(data), tag))
Epoch: [0][510/1252]	Time 0.325 (0.352)	Speed 3148.806 (2911.699)	Loss 6.2379283905 (6.6984)	Prec@1 2.441 (0.718)	Prec@5 6.445 (2.480)
Epoch: [0][520/1252]	Time 0.327 (0.351)	Speed 3133.897 (2915.674)	Loss 6.2084989548 (6.6890)	Prec@1 2.246 (0.747)	Prec@5 6.836 (2.563)
/opt/conda/lib/python3.6/site-packages/PIL/TiffImagePlugin.py:754: UserWarning: Possibly corrupt EXIF data.  Expecting to read 19660800 bytes but only got 0. Skipping tag 0
  " Skipping tag %s" % (size, len(data), tag))
/opt/conda/lib/python3.6/site-packages/PIL/TiffImagePlugin.py:754: UserWarning: Possibly corrupt EXIF data.  Expecting to read 18481152 bytes but only got 0. Skipping tag 0
  " Skipping tag %s" % (size, len(data), tag))
/opt/conda/lib/python3.6/site-packages/PIL/TiffImagePlugin.py:754: UserWarning: Possibly corrupt EXIF data.  Expecting to read 37093376 bytes but only got 0. Skipping tag 0
  " Skipping tag %s" % (size, len(data), tag))
/opt/conda/lib/python3.6/site-packages/PIL/TiffImagePlugin.py:754: UserWarning: Possibly corrupt EXIF data.  Expecting to read 39976960 bytes but only got 0. Skipping tag 0
  " Skipping tag %s" % (size, len(data), tag))
/opt/conda/lib/python3.6/site-packages/PIL/TiffImagePlugin.py:754: UserWarning: Possibly corrupt EXIF data.  Expecting to read 34865152 bytes but only got 0. Skipping tag 0
  " Skipping tag %s" % (size, len(data), tag))
/opt/conda/lib/python3.6/site-packages/PIL/TiffImagePlugin.py:771: UserWarning: Corrupt EXIF data.  Expecting to read 12 bytes but only got 10.
  warnings.warn(str(msg))
Epoch: [0][530/1252]	Time 0.326 (0.351)	Speed 3145.103 (2919.693)	Loss 6.1292934418 (6.6785)	Prec@1 2.637 (0.783)	Prec@5 7.520 (2.657)
Epoch: [0][540/1252]	Time 0.325 (0.350)	Speed 3150.197 (2923.655)	Loss 6.2142810822 (6.6699)	Prec@1 2.246 (0.810)	Prec@5 6.641 (2.731)
Epoch: [0][550/1252]	Time 0.326 (0.350)	Speed 3139.558 (2927.315)	Loss 6.1035957336 (6.6596)	Prec@1 3.613 (0.861)	Prec@5 8.789 (2.841)
Epoch: [0][560/1252]	Time 0.330 (0.349)	Speed 3100.562 (2930.239)	Loss 6.1821451187 (6.6510)	Prec@1 1.855 (0.879)	Prec@5 6.934 (2.914)
Epoch: [0][570/1252]	Time 0.333 (0.349)	Speed 3075.797 (2932.673)	Loss 5.9978475571 (6.6396)	Prec@1 3.223 (0.920)	Prec@5 8.203 (3.007)
Epoch: [0][580/1252]	Time 0.329 (0.349)	Speed 3116.850 (2935.664)	Loss 6.0350937843 (6.6292)	Prec@1 2.734 (0.951)	Prec@5 8.691 (3.105)
Epoch: [0][590/1252]	Time 0.329 (0.348)	Speed 3113.263 (2938.505)	Loss 6.0299000740 (6.6190)	Prec@1 1.660 (0.963)	Prec@5 8.203 (3.191)
Epoch: [0][600/1252]	Time 0.324 (0.348)	Speed 3158.593 (2941.922)	Loss 5.9306812286 (6.6075)	Prec@1 4.297 (1.019)	Prec@5 10.449 (3.312)
Epoch: [0][610/1252]	Time 0.324 (0.348)	Speed 3158.989 (2945.240)	Loss 5.9997348785 (6.5976)	Prec@1 3.125 (1.053)	Prec@5 8.887 (3.404)
Epoch: [0][620/1252]	Time 0.323 (0.347)	Speed 3170.490 (2948.618)	Loss 5.9994640350 (6.5879)	Prec@1 2.246 (1.073)	Prec@5 8.203 (3.481)
Epoch: [0][630/1252]	Time 0.330 (0.347)	Speed 3107.025 (2951.007)	Loss 5.9121837616 (6.5772)	Prec@1 3.320 (1.108)	Prec@5 8.008 (3.553)
Epoch: [0][640/1252]	Time 0.330 (0.347)	Speed 3101.621 (2953.247)	Loss 5.9083461761 (6.5667)	Prec@1 2.051 (1.123)	Prec@5 9.180 (3.641)
Epoch: [0][650/1252]	Time 0.327 (0.346)	Speed 3130.138 (2955.817)	Loss 5.9206228256 (6.5568)	Prec@1 2.148 (1.139)	Prec@5 8.496 (3.715)
Epoch: [0][660/1252]	Time 0.327 (0.346)	Speed 3131.895 (2958.337)	Loss 5.8752021790 (6.5465)	Prec@1 3.418 (1.173)	Prec@5 9.180 (3.798)
Epoch: [0][670/1252]	Time 0.339 (0.346)	Speed 3024.593 (2959.305)	Loss 5.9164328575 (6.5371)	Prec@1 3.613 (1.210)	Prec@5 10.156 (3.893)
Epoch: [0][680/1252]	Time 0.326 (0.346)	Speed 3140.129 (2961.813)	Loss 5.7666225433 (6.5257)	Prec@1 4.199 (1.254)	Prec@5 11.621 (4.007)
Epoch: [0][690/1252]	Time 0.327 (0.345)	Speed 3127.918 (2964.094)	Loss 5.7455091476 (6.5144)	Prec@1 4.199 (1.296)	Prec@5 10.352 (4.099)
Epoch: [0][700/1252]	Time 0.325 (0.345)	Speed 3152.245 (2966.624)	Loss 5.8545398712 (6.5050)	Prec@1 2.930 (1.320)	Prec@5 10.938 (4.196)
Epoch: [0][710/1252]	Time 0.326 (0.345)	Speed 3138.940 (2968.919)	Loss 5.7292881012 (6.4941)	Prec@1 4.004 (1.358)	Prec@5 11.426 (4.298)
Epoch: [0][720/1252]	Time 0.328 (0.345)	Speed 3125.266 (2970.984)	Loss 5.7140231133 (6.4832)	Prec@1 3.418 (1.386)	Prec@5 11.816 (4.403)
Epoch: [0][730/1252]	Time 0.329 (0.344)	Speed 3111.855 (2972.827)	Loss 5.7199554443 (6.4728)	Prec@1 4.004 (1.422)	Prec@5 12.793 (4.518)
Epoch: [0][740/1252]	Time 0.322 (0.344)	Speed 3178.100 (2975.424)	Loss 5.7582035065 (6.4631)	Prec@1 4.004 (1.457)	Prec@5 12.109 (4.620)
Epoch: [0][750/1252]	Time 0.326 (0.344)	Speed 3137.116 (2977.470)	Loss 5.7153320312 (6.4532)	Prec@1 3.711 (1.487)	Prec@5 12.109 (4.720)
Epoch: [0][760/1252]	Time 0.336 (0.344)	Speed 3050.612 (2978.410)	Loss 5.6477308273 (6.4426)	Prec@1 5.371 (1.538)	Prec@5 15.137 (4.857)
Epoch: [0][770/1252]	Time 0.325 (0.344)	Speed 3149.639 (2980.514)	Loss 5.6612911224 (6.4324)	Prec@1 3.906 (1.569)	Prec@5 13.477 (4.969)
Epoch: [0][780/1252]	Time 0.326 (0.343)	Speed 3142.066 (2982.480)	Loss 5.6740441322 (6.4227)	Prec@1 4.590 (1.608)	Prec@5 13.281 (5.076)
Epoch: [0][790/1252]	Time 0.329 (0.343)	Speed 3113.128 (2984.065)	Loss 5.6810407639 (6.4133)	Prec@1 3.711 (1.634)	Prec@5 11.523 (5.157)
Epoch: [0][800/1252]	Time 0.324 (0.343)	Speed 3163.125 (2986.179)	Loss 5.7328038216 (6.4048)	Prec@1 4.297 (1.667)	Prec@5 12.305 (5.247)
Epoch: [0][810/1252]	Time 0.323 (0.343)	Speed 3171.801 (2988.338)	Loss 5.6869878769 (6.3959)	Prec@1 4.199 (1.699)	Prec@5 12.012 (5.330)
Epoch: [0][820/1252]	Time 0.325 (0.342)	Speed 3146.003 (2990.165)	Loss 5.6186151505 (6.3865)	Prec@1 4.590 (1.734)	Prec@5 13.379 (5.428)
Epoch: [0][830/1252]	Time 0.324 (0.342)	Speed 3158.229 (2992.083)	Loss 5.6028413773 (6.3770)	Prec@1 5.176 (1.775)	Prec@5 15.332 (5.548)
Epoch: [0][840/1252]	Time 0.327 (0.342)	Speed 3133.352 (2993.690)	Loss 5.6139030457 (6.3679)	Prec@1 3.613 (1.797)	Prec@5 13.477 (5.642)
Epoch: [0][850/1252]	Time 0.332 (0.342)	Speed 3088.378 (2994.770)	Loss 5.6957216263 (6.3600)	Prec@1 4.590 (1.830)	Prec@5 13.379 (5.733)
Epoch: [0][860/1252]	Time 0.326 (0.342)	Speed 3139.530 (2996.377)	Loss 5.5517883301 (6.3506)	Prec@1 6.250 (1.882)	Prec@5 14.355 (5.833)
Epoch: [0][870/1252]	Time 0.323 (0.342)	Speed 3167.640 (2998.240)	Loss 5.4561223984 (6.3403)	Prec@1 5.371 (1.922)	Prec@5 16.992 (5.962)
Epoch: [0][880/1252]	Time 0.325 (0.341)	Speed 3148.951 (2999.872)	Loss 5.4688720703 (6.3304)	Prec@1 5.762 (1.965)	Prec@5 15.527 (6.070)
Epoch: [0][890/1252]	Time 0.327 (0.341)	Speed 3130.830 (3001.282)	Loss 5.4965319633 (6.3211)	Prec@1 5.371 (2.004)	Prec@5 16.797 (6.191)
Epoch: [0][900/1252]	Time 0.322 (0.341)	Speed 3176.215 (3003.120)	Loss 5.3590869904 (6.3104)	Prec@1 6.641 (2.055)	Prec@5 17.773 (6.319)
Epoch: [0][910/1252]	Time 0.323 (0.341)	Speed 3170.788 (3004.866)	Loss 5.5019116402 (6.3015)	Prec@1 5.859 (2.097)	Prec@5 16.602 (6.432)
Epoch: [0][920/1252]	Time 0.327 (0.341)	Speed 3132.460 (3006.197)	Loss 5.4632987976 (6.2924)	Prec@1 4.883 (2.127)	Prec@5 15.137 (6.527)
Epoch: [0][930/1252]	Time 0.327 (0.340)	Speed 3129.672 (3007.473)	Loss 5.4370284081 (6.2832)	Prec@1 5.078 (2.159)	Prec@5 14.551 (6.613)
Epoch: [0][940/1252]	Time 0.324 (0.340)	Speed 3159.874 (3009.017)	Loss 5.4001865387 (6.2738)	Prec@1 5.762 (2.197)	Prec@5 17.578 (6.730)
Epoch: [0][950/1252]	Time 0.324 (0.340)	Speed 3155.958 (3010.492)	Loss 5.3534703255 (6.2641)	Prec@1 5.469 (2.232)	Prec@5 17.188 (6.840)
Epoch: [0][960/1252]	Time 0.328 (0.340)	Speed 3124.912 (3011.641)	Loss 5.3629631996 (6.2547)	Prec@1 7.031 (2.282)	Prec@5 18.750 (6.964)
Epoch: [0][970/1252]	Time 0.324 (0.340)	Speed 3159.254 (3013.092)	Loss 5.3473668098 (6.2454)	Prec@1 6.348 (2.324)	Prec@5 18.555 (7.084)
Epoch: [0][980/1252]	Time 0.323 (0.340)	Speed 3173.698 (3014.649)	Loss 5.2843537331 (6.2356)	Prec@1 6.055 (2.362)	Prec@5 18.652 (7.202)
Epoch: [0][990/1252]	Time 0.327 (0.340)	Speed 3131.032 (3015.781)	Loss 5.2733354568 (6.2258)	Prec@1 6.445 (2.403)	Prec@5 19.043 (7.321)
Epoch: [0][1000/1252]	Time 0.327 (0.339)	Speed 3126.755 (3016.852)	Loss 5.2500648499 (6.2161)	Prec@1 7.422 (2.453)	Prec@5 20.117 (7.449)
Epoch: [0][1010/1252]	Time 0.326 (0.339)	Speed 3139.093 (3018.016)	Loss 5.2526078224 (6.2065)	Prec@1 7.129 (2.499)	Prec@5 19.434 (7.568)
Epoch: [0][1020/1252]	Time 0.325 (0.339)	Speed 3150.497 (3019.261)	Loss 5.2238163948 (6.1969)	Prec@1 7.031 (2.544)	Prec@5 21.680 (7.706)
Epoch: [0][1030/1252]	Time 0.325 (0.339)	Speed 3154.795 (3020.520)	Loss 5.3175048828 (6.1884)	Prec@1 8.301 (2.600)	Prec@5 19.434 (7.820)
Epoch: [0][1040/1252]	Time 0.327 (0.339)	Speed 3126.969 (3021.509)	Loss 5.3085761070 (6.1799)	Prec@1 6.348 (2.636)	Prec@5 18.848 (7.926)
Epoch: [0][1050/1252]	Time 0.324 (0.339)	Speed 3158.599 (3022.759)	Loss 5.2311935425 (6.1709)	Prec@1 7.617 (2.683)	Prec@5 20.996 (8.051)
Epoch: [0][1060/1252]	Time 0.323 (0.339)	Speed 3168.015 (3024.067)	Loss 5.2620792389 (6.1623)	Prec@1 6.055 (2.715)	Prec@5 17.871 (8.143)
Epoch: [0][1070/1252]	Time 0.329 (0.339)	Speed 3108.246 (3024.833)	Loss 5.2711124420 (6.1540)	Prec@1 7.715 (2.762)	Prec@5 19.238 (8.247)
Epoch: [0][1080/1252]	Time 0.332 (0.338)	Speed 3081.708 (3025.350)	Loss 5.1298308372 (6.1445)	Prec@1 8.496 (2.815)	Prec@5 22.559 (8.379)
Epoch: [0][1090/1252]	Time 0.325 (0.338)	Speed 3152.336 (3026.468)	Loss 5.2675132751 (6.1364)	Prec@1 6.641 (2.850)	Prec@5 19.629 (8.483)
Epoch: [0][1100/1252]	Time 0.334 (0.338)	Speed 3069.917 (3026.857)	Loss 5.1952466965 (6.1279)	Prec@1 7.031 (2.888)	Prec@5 20.898 (8.596)
Epoch: [0][1110/1252]	Time 0.326 (0.338)	Speed 3145.193 (3027.884)	Loss 5.1969513893 (6.1195)	Prec@1 8.887 (2.942)	Prec@5 20.898 (8.706)
Epoch: [0][1120/1252]	Time 0.330 (0.338)	Speed 3103.662 (3028.544)	Loss 5.1183867455 (6.1106)	Prec@1 8.496 (2.992)	Prec@5 22.559 (8.830)
Epoch: [0][1130/1252]	Time 0.323 (0.338)	Speed 3173.784 (3029.771)	Loss 5.0998969078 (6.1016)	Prec@1 9.277 (3.047)	Prec@5 21.484 (8.942)
Epoch: [0][1140/1252]	Time 0.326 (0.338)	Speed 3137.012 (3030.680)	Loss 5.1430635452 (6.0932)	Prec@1 9.082 (3.100)	Prec@5 22.266 (9.059)
Epoch: [0][1150/1252]	Time 0.324 (0.338)	Speed 3161.174 (3031.768)	Loss 5.0664463043 (6.0843)	Prec@1 8.984 (3.151)	Prec@5 23.340 (9.183)
Epoch: [0][1160/1252]	Time 0.333 (0.338)	Speed 3077.443 (3032.156)	Loss 4.9892940521 (6.0748)	Prec@1 8.594 (3.198)	Prec@5 24.023 (9.311)
Epoch: [0][1170/1252]	Time 0.332 (0.338)	Speed 3086.495 (3032.612)	Loss 5.1147947311 (6.0666)	Prec@1 8.398 (3.243)	Prec@5 21.387 (9.414)
Epoch: [0][1180/1252]	Time 0.325 (0.338)	Speed 3151.582 (3033.583)	Loss 4.9664125443 (6.0573)	Prec@1 9.570 (3.296)	Prec@5 23.438 (9.533)
Epoch: [0][1190/1252]	Time 0.323 (0.337)	Speed 3168.955 (3034.672)	Loss 5.1009078026 (6.0493)	Prec@1 9.277 (3.347)	Prec@5 22.656 (9.643)
Epoch: [0][1200/1252]	Time 0.328 (0.337)	Speed 3123.290 (3035.390)	Loss 5.0373182297 (6.0408)	Prec@1 8.203 (3.387)	Prec@5 22.363 (9.749)
Epoch: [0][1210/1252]	Time 0.328 (0.337)	Speed 3125.018 (3036.110)	Loss 5.0699777603 (6.0328)	Prec@1 7.617 (3.422)	Prec@5 23.145 (9.860)
Epoch: [0][1220/1252]	Time 0.325 (0.337)	Speed 3152.169 (3037.026)	Loss 5.0953254700 (6.0251)	Prec@1 8.789 (3.466)	Prec@5 23.828 (9.975)
Epoch: [0][1230/1252]	Time 0.324 (0.337)	Speed 3160.725 (3037.993)	Loss 5.0350160599 (6.0171)	Prec@1 8.496 (3.507)	Prec@5 24.316 (10.091)
Epoch: [0][1240/1252]	Time 0.328 (0.337)	Speed 3120.245 (3038.639)	Loss 5.0617356300 (6.0094)	Prec@1 8.105 (3.544)	Prec@5 22.461 (10.191)
Epoch: [0][1250/1252]	Time 0.324 (0.337)	Speed 3161.212 (3039.582)	Loss 4.9070186615 (6.0006)	Prec@1 10.156 (3.597)	Prec@5 25.293 (10.312)
Test: [10/49]	Time 0.136 (0.512)	Speed 7504.800 (2000.406)	Loss 5.2728 (5.2753)	Prec@1 5.762 (7.266)	Prec@5 19.922 (19.287)
Test: [20/49]	Time 0.609 (0.426)	Speed 1680.586 (2405.092)	Loss 5.3581 (5.2707)	Prec@1 6.543 (7.461)	Prec@5 17.188 (19.463)
Test: [30/49]	Time 0.125 (0.396)	Speed 8205.162 (2587.326)	Loss 5.2828 (5.2686)	Prec@1 7.324 (7.415)	Prec@5 19.727 (19.590)
Test: [40/49]	Time 0.737 (0.382)	Speed 1389.964 (2678.177)	Loss 5.2544 (5.2691)	Prec@1 7.910 (7.354)	Prec@5 21.777 (19.648)
 * Prec@1 7.280 Prec@5 19.612
 * Prec@1 7.280 Prec@5 19.612
 * Prec@1 7.280 Prec@5 19.612
 * Prec@1 7.280 Prec@5 19.612