=> creating model 'resnet50'
Selected optimization level O3:  Pure FP16 training.
Defaults for this optimization level are:
enabled                : True
opt_level              : O3
cast_model_type        : torch.float16
patch_torch_functions  : False
keep_batchnorm_fp32    : False
master_weights         : False
loss_scale             : 1.0
Processing user overrides (additional kwargs that are not None)...
After processing overrides, optimization options are:
enabled                : True
opt_level              : O3
cast_model_type        : torch.float16
patch_torch_functions  : False
keep_batchnorm_fp32    : True
master_weights         : False
loss_scale             : 1.0
Epoch: [0][10/5005]	Time 1.324 (1.324)	Speed 193.425 (193.425)	Loss 7.0517430305 (7.0517)	Prec@1 0.000 (0.000)	Prec@5 0.000 (0.000)
Epoch: [0][20/5005]	Time 0.308 (0.816)	Speed 829.931 (313.731)	Loss 7.0344324112 (7.0431)	Prec@1 0.000 (0.000)	Prec@5 0.000 (0.000)
Epoch: [0][30/5005]	Time 0.308 (0.647)	Speed 829.983 (395.792)	Loss 7.0526695251 (7.0463)	Prec@1 0.391 (0.130)	Prec@5 1.172 (0.391)
Epoch: [0][40/5005]	Time 0.309 (0.562)	Speed 828.213 (455.210)	Loss 7.1410574913 (7.0700)	Prec@1 0.000 (0.098)	Prec@5 0.781 (0.488)
Epoch: [0][50/5005]	Time 0.308 (0.512)	Speed 830.042 (500.405)	Loss 7.1049947739 (7.0770)	Prec@1 0.000 (0.078)	Prec@5 1.172 (0.625)
Epoch: [0][60/5005]	Time 0.309 (0.478)	Speed 829.817 (535.858)	Loss 7.0360708237 (7.0702)	Prec@1 0.000 (0.065)	Prec@5 0.781 (0.651)
Epoch: [0][70/5005]	Time 0.308 (0.454)	Speed 830.039 (564.436)	Loss 7.0245289803 (7.0636)	Prec@1 0.000 (0.056)	Prec@5 0.391 (0.614)
Epoch: [0][80/5005]	Time 0.308 (0.435)	Speed 830.136 (587.959)	Loss 7.1067934036 (7.0690)	Prec@1 0.000 (0.049)	Prec@5 0.000 (0.537)
Epoch: [0][90/5005]	Time 0.311 (0.422)	Speed 822.862 (607.220)	Loss 7.0790286064 (7.0701)	Prec@1 0.000 (0.043)	Prec@5 0.000 (0.477)
Epoch: [0][100/5005]	Time 0.308 (0.410)	Speed 829.921 (623.963)	Loss 7.0406122208 (7.0672)	Prec@1 0.000 (0.039)	Prec@5 0.781 (0.508)
Epoch: [0][110/5005]	Time 0.308 (0.401)	Speed 830.233 (638.382)	Loss 6.9959330559 (7.0607)	Prec@1 0.000 (0.036)	Prec@5 0.781 (0.533)
Epoch: [0][120/5005]	Time 0.308 (0.393)	Speed 830.024 (650.906)	Loss 7.0029783249 (7.0559)	Prec@1 0.000 (0.033)	Prec@5 0.781 (0.553)
Epoch: [0][130/5005]	Time 0.309 (0.387)	Speed 829.613 (661.873)	Loss 6.9631147385 (7.0488)	Prec@1 0.000 (0.030)	Prec@5 1.172 (0.601)
Epoch: [0][140/5005]	Time 0.308 (0.381)	Speed 830.197 (671.599)	Loss 6.9542264938 (7.0420)	Prec@1 0.000 (0.028)	Prec@5 0.000 (0.558)
Epoch: [0][150/5005]	Time 0.308 (0.376)	Speed 830.112 (680.259)	Loss 6.9666581154 (7.0370)	Prec@1 0.000 (0.026)	Prec@5 0.391 (0.547)
Epoch: [0][160/5005]	Time 0.308 (0.372)	Speed 830.283 (688.029)	Loss 6.9888882637 (7.0340)	Prec@1 0.781 (0.073)	Prec@5 1.172 (0.586)
Epoch: [0][170/5005]	Time 0.308 (0.368)	Speed 829.847 (695.016)	Loss 6.9749050140 (7.0305)	Prec@1 0.000 (0.069)	Prec@5 0.000 (0.551)
Epoch: [0][180/5005]	Time 0.309 (0.365)	Speed 829.807 (701.345)	Loss 6.9598069191 (7.0266)	Prec@1 0.000 (0.065)	Prec@5 0.781 (0.564)
Epoch: [0][190/5005]	Time 0.308 (0.362)	Speed 830.144 (707.119)	Loss 6.9089016914 (7.0204)	Prec@1 0.000 (0.062)	Prec@5 0.000 (0.535)
Epoch: [0][200/5005]	Time 0.308 (0.359)	Speed 830.294 (712.403)	Loss 6.9241247177 (7.0156)	Prec@1 0.000 (0.059)	Prec@5 1.562 (0.586)
Epoch: [0][210/5005]	Time 0.308 (0.357)	Speed 829.858 (717.238)	Loss 6.9248542786 (7.0113)	Prec@1 0.000 (0.056)	Prec@5 0.000 (0.558)
Epoch: [0][220/5005]	Time 0.308 (0.355)	Speed 830.212 (721.702)	Loss 6.9399576187 (7.0080)	Prec@1 0.000 (0.053)	Prec@5 0.781 (0.568)
Epoch: [0][230/5005]	Time 0.308 (0.353)	Speed 830.310 (725.829)	Loss 6.8931908607 (7.0030)	Prec@1 0.000 (0.051)	Prec@5 0.000 (0.543)
Epoch: [0][240/5005]	Time 0.309 (0.351)	Speed 827.780 (729.573)	Loss 6.9266033173 (6.9998)	Prec@1 0.000 (0.049)	Prec@5 0.000 (0.521)
Epoch: [0][250/5005]	Time 0.311 (0.349)	Speed 824.377 (732.945)	Loss 6.9286861420 (6.9970)	Prec@1 0.000 (0.047)	Prec@5 0.391 (0.516)
Epoch: [0][260/5005]	Time 0.308 (0.348)	Speed 829.944 (736.255)	Loss 6.9166169167 (6.9939)	Prec@1 0.000 (0.045)	Prec@5 0.781 (0.526)
Epoch: [0][270/5005]	Time 0.309 (0.346)	Speed 829.603 (739.336)	Loss 6.9025807381 (6.9905)	Prec@1 0.391 (0.058)	Prec@5 0.781 (0.535)
Epoch: [0][280/5005]	Time 0.308 (0.345)	Speed 830.238 (742.238)	Loss 6.9141077995 (6.9878)	Prec@1 0.391 (0.070)	Prec@5 1.172 (0.558)
Epoch: [0][290/5005]	Time 0.309 (0.344)	Speed 829.364 (744.937)	Loss 6.9273471832 (6.9857)	Prec@1 0.000 (0.067)	Prec@5 0.781 (0.566)
Epoch: [0][300/5005]	Time 0.308 (0.342)	Speed 830.058 (747.492)	Loss 6.9183850288 (6.9835)	Prec@1 0.000 (0.065)	Prec@5 0.781 (0.573)
Epoch: [0][310/5005]	Time 0.308 (0.341)	Speed 830.274 (749.904)	Loss 6.8932886124 (6.9806)	Prec@1 0.781 (0.088)	Prec@5 1.172 (0.592)
Epoch: [0][320/5005]	Time 0.308 (0.340)	Speed 829.943 (752.171)	Loss 6.9161682129 (6.9785)	Prec@1 0.000 (0.085)	Prec@5 0.391 (0.586)
Epoch: [0][330/5005]	Time 0.308 (0.339)	Speed 830.221 (754.319)	Loss 6.8651485443 (6.9751)	Prec@1 0.000 (0.083)	Prec@5 0.781 (0.592)
Epoch: [0][340/5005]	Time 0.308 (0.338)	Speed 830.071 (756.350)	Loss 6.9549174309 (6.9745)	Prec@1 0.000 (0.080)	Prec@5 0.000 (0.574)
Epoch: [0][350/5005]	Time 0.309 (0.338)	Speed 829.329 (758.256)	Loss 6.9021234512 (6.9724)	Prec@1 0.000 (0.078)	Prec@5 0.781 (0.580)
Epoch: [0][360/5005]	Time 0.308 (0.337)	Speed 830.124 (760.084)	Loss 6.9266633987 (6.9712)	Prec@1 0.000 (0.076)	Prec@5 0.391 (0.575)
Epoch: [0][370/5005]	Time 0.308 (0.336)	Speed 830.011 (761.819)	Loss 6.9027690887 (6.9693)	Prec@1 0.000 (0.074)	Prec@5 1.172 (0.591)
Epoch: [0][380/5005]	Time 0.308 (0.335)	Speed 830.054 (763.470)	Loss 6.8931298256 (6.9673)	Prec@1 0.000 (0.072)	Prec@5 0.391 (0.586)
Epoch: [0][390/5005]	Time 0.308 (0.335)	Speed 830.164 (765.046)	Loss 6.9126663208 (6.9659)	Prec@1 0.391 (0.080)	Prec@5 0.391 (0.581)
Epoch: [0][400/5005]	Time 0.309 (0.334)	Speed 828.672 (766.517)	Loss 6.8781690598 (6.9637)	Prec@1 0.000 (0.078)	Prec@5 0.781 (0.586)
Epoch: [0][410/5005]	Time 0.308 (0.333)	Speed 830.024 (767.951)	Loss 6.9128460884 (6.9625)	Prec@1 0.000 (0.076)	Prec@5 0.000 (0.572)
Epoch: [0][420/5005]	Time 0.309 (0.333)	Speed 829.680 (769.313)	Loss 6.9133234024 (6.9613)	Prec@1 0.391 (0.084)	Prec@5 0.781 (0.577)
Epoch: [0][430/5005]	Time 0.309 (0.332)	Speed 829.795 (770.620)	Loss 6.9160218239 (6.9603)	Prec@1 0.391 (0.091)	Prec@5 0.391 (0.572)
Epoch: [0][440/5005]	Time 0.308 (0.332)	Speed 830.096 (771.877)	Loss 6.8779597282 (6.9584)	Prec@1 0.000 (0.089)	Prec@5 0.781 (0.577)
Epoch: [0][450/5005]	Time 0.309 (0.331)	Speed 828.024 (773.041)	Loss 6.8926506042 (6.9569)	Prec@1 0.391 (0.095)	Prec@5 0.391 (0.573)
Epoch: [0][460/5005]	Time 0.308 (0.331)	Speed 830.041 (774.197)	Loss 6.8776016235 (6.9552)	Prec@1 0.000 (0.093)	Prec@5 0.781 (0.577)
Epoch: [0][470/5005]	Time 0.308 (0.330)	Speed 830.113 (775.308)	Loss 6.8703145981 (6.9534)	Prec@1 1.172 (0.116)	Prec@5 1.562 (0.598)
Epoch: [0][480/5005]	Time 0.308 (0.330)	Speed 830.057 (776.375)	Loss 6.9075026512 (6.9524)	Prec@1 0.000 (0.114)	Prec@5 0.391 (0.594)
Epoch: [0][490/5005]	Time 0.308 (0.329)	Speed 830.113 (777.402)	Loss 6.9231133461 (6.9518)	Prec@1 0.000 (0.112)	Prec@5 0.391 (0.590)
Epoch: [0][500/5005]	Time 0.308 (0.329)	Speed 830.333 (778.395)	Loss 6.9263291359 (6.9513)	Prec@1 0.000 (0.109)	Prec@5 0.391 (0.586)
Epoch: [0][510/5005]	Time 0.308 (0.328)	Speed 829.997 (779.345)	Loss 6.9110436440 (6.9505)	Prec@1 0.000 (0.107)	Prec@5 0.391 (0.582)
Epoch: [0][520/5005]	Time 0.314 (0.328)	Speed 815.721 (780.014)	Loss 6.9637203217 (6.9508)	Prec@1 0.000 (0.105)	Prec@5 1.172 (0.593)
Epoch: [0][530/5005]	Time 0.308 (0.328)	Speed 830.591 (780.911)	Loss 6.8961033821 (6.9498)	Prec@1 0.000 (0.103)	Prec@5 1.172 (0.604)
Epoch: [0][540/5005]	Time 0.308 (0.327)	Speed 830.189 (781.770)	Loss 6.9015917778 (6.9489)	Prec@1 0.000 (0.101)	Prec@5 0.000 (0.593)
/opt/conda/lib/python3.6/site-packages/PIL/TiffImagePlugin.py:754: UserWarning: Possibly corrupt EXIF data.  Expecting to read 19660800 bytes but only got 0. Skipping tag 0
  " Skipping tag %s" % (size, len(data), tag))
/opt/conda/lib/python3.6/site-packages/PIL/TiffImagePlugin.py:754: UserWarning: Possibly corrupt EXIF data.  Expecting to read 18481152 bytes but only got 0. Skipping tag 0
  " Skipping tag %s" % (size, len(data), tag))
/opt/conda/lib/python3.6/site-packages/PIL/TiffImagePlugin.py:754: UserWarning: Possibly corrupt EXIF data.  Expecting to read 37093376 bytes but only got 0. Skipping tag 0
  " Skipping tag %s" % (size, len(data), tag))
/opt/conda/lib/python3.6/site-packages/PIL/TiffImagePlugin.py:754: UserWarning: Possibly corrupt EXIF data.  Expecting to read 39976960 bytes but only got 0. Skipping tag 0
  " Skipping tag %s" % (size, len(data), tag))
/opt/conda/lib/python3.6/site-packages/PIL/TiffImagePlugin.py:754: UserWarning: Possibly corrupt EXIF data.  Expecting to read 34865152 bytes but only got 0. Skipping tag 0
  " Skipping tag %s" % (size, len(data), tag))
/opt/conda/lib/python3.6/site-packages/PIL/TiffImagePlugin.py:771: UserWarning: Corrupt EXIF data.  Expecting to read 12 bytes but only got 10.
  warnings.warn(str(msg))
Epoch: [0][550/5005]	Time 0.308 (0.327)	Speed 830.311 (782.602)	Loss 6.9508900642 (6.9489)	Prec@1 0.000 (0.099)	Prec@5 0.000 (0.582)
Epoch: [0][560/5005]	Time 0.311 (0.327)	Speed 824.010 (783.305)	Loss 6.9193429947 (6.9484)	Prec@1 0.000 (0.098)	Prec@5 0.781 (0.586)
Epoch: [0][570/5005]	Time 0.308 (0.326)	Speed 830.461 (784.086)	Loss 6.9397563934 (6.9482)	Prec@1 0.000 (0.096)	Prec@5 1.172 (0.596)
Epoch: [0][580/5005]	Time 0.308 (0.326)	Speed 830.371 (784.840)	Loss 6.9168839455 (6.9477)	Prec@1 0.391 (0.101)	Prec@5 0.781 (0.599)
Epoch: [0][590/5005]	Time 0.308 (0.326)	Speed 830.118 (785.567)	Loss 6.8963236809 (6.9468)	Prec@1 0.000 (0.099)	Prec@5 1.172 (0.609)
Epoch: [0][600/5005]	Time 0.309 (0.326)	Speed 828.923 (786.252)	Loss 6.8903322220 (6.9459)	Prec@1 0.000 (0.098)	Prec@5 1.953 (0.632)
Epoch: [0][610/5005]	Time 0.308 (0.325)	Speed 829.844 (786.930)	Loss 6.8601846695 (6.9445)	Prec@1 0.000 (0.096)	Prec@5 0.391 (0.628)
Epoch: [0][620/5005]	Time 0.308 (0.325)	Speed 830.467 (787.596)	Loss 6.8826165199 (6.9435)	Prec@1 0.000 (0.095)	Prec@5 0.391 (0.624)
Epoch: [0][630/5005]	Time 0.308 (0.325)	Speed 830.594 (788.243)	Loss 6.8973717690 (6.9427)	Prec@1 0.000 (0.093)	Prec@5 1.172 (0.632)
Epoch: [0][640/5005]	Time 0.308 (0.325)	Speed 830.539 (788.871)	Loss 6.9441275597 (6.9428)	Prec@1 0.000 (0.092)	Prec@5 0.391 (0.629)
Epoch: [0][650/5005]	Time 0.308 (0.324)	Speed 830.591 (789.481)	Loss 6.9263162613 (6.9425)	Prec@1 0.000 (0.090)	Prec@5 0.391 (0.625)
Epoch: [0][660/5005]	Time 0.308 (0.324)	Speed 830.562 (790.073)	Loss 6.9382410049 (6.9424)	Prec@1 0.000 (0.089)	Prec@5 0.781 (0.627)
Epoch: [0][670/5005]	Time 0.308 (0.324)	Speed 830.493 (790.648)	Loss 6.9055542946 (6.9419)	Prec@1 0.000 (0.087)	Prec@5 0.000 (0.618)
Epoch: [0][680/5005]	Time 0.309 (0.324)	Speed 828.279 (791.176)	Loss 6.8809742928 (6.9410)	Prec@1 0.000 (0.086)	Prec@5 1.172 (0.626)
Epoch: [0][690/5005]	Time 0.308 (0.323)	Speed 830.411 (791.718)	Loss 6.8717527390 (6.9400)	Prec@1 0.781 (0.096)	Prec@5 1.562 (0.640)
Epoch: [0][700/5005]	Time 0.308 (0.323)	Speed 830.712 (792.250)	Loss 6.9673328400 (6.9404)	Prec@1 0.000 (0.095)	Prec@5 0.000 (0.631)
Epoch: [0][710/5005]	Time 0.309 (0.323)	Speed 828.667 (792.740)	Loss 6.8524365425 (6.9391)	Prec@1 0.781 (0.105)	Prec@5 1.953 (0.649)
Epoch: [0][720/5005]	Time 0.308 (0.323)	Speed 830.445 (793.240)	Loss 6.9169225693 (6.9388)	Prec@1 0.391 (0.109)	Prec@5 0.781 (0.651)
Epoch: [0][730/5005]	Time 0.308 (0.323)	Speed 830.671 (793.730)	Loss 6.9086594582 (6.9384)	Prec@1 0.391 (0.112)	Prec@5 1.562 (0.664)
Epoch: [0][740/5005]	Time 0.308 (0.322)	Speed 830.558 (794.206)	Loss 6.9046478271 (6.9380)	Prec@1 0.391 (0.116)	Prec@5 1.172 (0.670)
Epoch: [0][750/5005]	Time 0.310 (0.322)	Speed 825.436 (794.607)	Loss 6.8626165390 (6.9370)	Prec@1 0.000 (0.115)	Prec@5 1.172 (0.677)
Epoch: [0][760/5005]	Time 0.310 (0.322)	Speed 826.816 (795.015)	Loss 6.9070472717 (6.9366)	Prec@1 0.391 (0.118)	Prec@5 1.562 (0.689)
Epoch: [0][770/5005]	Time 0.308 (0.322)	Speed 830.327 (795.454)	Loss 6.9147377014 (6.9363)	Prec@1 0.000 (0.117)	Prec@5 0.391 (0.685)
Epoch: [0][780/5005]	Time 0.308 (0.322)	Speed 830.604 (795.886)	Loss 6.8716096878 (6.9355)	Prec@1 0.781 (0.125)	Prec@5 1.172 (0.691)
Epoch: [0][790/5005]	Time 0.310 (0.322)	Speed 826.290 (796.257)	Loss 6.9288439751 (6.9354)	Prec@1 0.000 (0.124)	Prec@5 1.172 (0.697)
Epoch: [0][800/5005]	Time 0.308 (0.321)	Speed 830.604 (796.668)	Loss 6.8969159126 (6.9349)	Prec@1 0.000 (0.122)	Prec@5 1.562 (0.708)
Epoch: [0][810/5005]	Time 0.308 (0.321)	Speed 830.618 (797.071)	Loss 6.9221777916 (6.9347)	Prec@1 0.391 (0.125)	Prec@5 0.781 (0.709)
Epoch: [0][820/5005]	Time 0.308 (0.321)	Speed 830.573 (797.463)	Loss 6.8870582581 (6.9342)	Prec@1 0.000 (0.124)	Prec@5 0.781 (0.710)
Epoch: [0][830/5005]	Time 0.309 (0.321)	Speed 829.754 (797.837)	Loss 6.8699779510 (6.9334)	Prec@1 0.000 (0.122)	Prec@5 1.172 (0.715)
Epoch: [0][840/5005]	Time 0.308 (0.321)	Speed 830.675 (798.213)	Loss 6.9222211838 (6.9332)	Prec@1 0.391 (0.126)	Prec@5 0.391 (0.711)
Epoch: [0][850/5005]	Time 0.308 (0.321)	Speed 830.367 (798.576)	Loss 6.9360818863 (6.9333)	Prec@1 0.000 (0.124)	Prec@5 0.000 (0.703)
Epoch: [0][860/5005]	Time 0.309 (0.320)	Speed 828.355 (798.910)	Loss 6.8571839333 (6.9324)	Prec@1 0.781 (0.132)	Prec@5 0.781 (0.704)
Epoch: [0][870/5005]	Time 0.308 (0.320)	Speed 829.947 (799.254)	Loss 6.8971929550 (6.9320)	Prec@1 0.391 (0.135)	Prec@5 1.172 (0.709)
Epoch: [0][880/5005]	Time 0.310 (0.320)	Speed 827.018 (799.559)	Loss 6.9263772964 (6.9319)	Prec@1 0.000 (0.133)	Prec@5 0.000 (0.701)
Epoch: [0][890/5005]	Time 0.308 (0.320)	Speed 830.502 (799.894)	Loss 6.8675603867 (6.9312)	Prec@1 0.391 (0.136)	Prec@5 1.953 (0.715)
Epoch: [0][900/5005]	Time 0.308 (0.320)	Speed 830.738 (800.224)	Loss 6.8632378578 (6.9304)	Prec@1 0.000 (0.135)	Prec@5 0.391 (0.712)
Epoch: [0][910/5005]	Time 0.308 (0.320)	Speed 830.901 (800.549)	Loss 6.9232335091 (6.9304)	Prec@1 0.000 (0.133)	Prec@5 0.000 (0.704)
Epoch: [0][920/5005]	Time 0.308 (0.320)	Speed 830.779 (800.866)	Loss 6.8571248055 (6.9296)	Prec@1 0.000 (0.132)	Prec@5 1.562 (0.713)
Epoch: [0][930/5005]	Time 0.309 (0.320)	Speed 828.533 (801.153)	Loss 6.9260435104 (6.9295)	Prec@1 0.000 (0.130)	Prec@5 0.391 (0.710)
Epoch: [0][940/5005]	Time 0.308 (0.319)	Speed 830.838 (801.458)	Loss 6.8228278160 (6.9284)	Prec@1 0.000 (0.129)	Prec@5 1.172 (0.715)
Epoch: [0][950/5005]	Time 0.308 (0.319)	Speed 830.866 (801.757)	Loss 6.9552159309 (6.9287)	Prec@1 0.000 (0.127)	Prec@5 0.781 (0.715)
Epoch: [0][960/5005]	Time 0.308 (0.319)	Speed 830.881 (802.049)	Loss 6.8551988602 (6.9279)	Prec@1 0.781 (0.134)	Prec@5 1.562 (0.724)
Epoch: [0][970/5005]	Time 0.308 (0.319)	Speed 830.632 (802.334)	Loss 6.9104747772 (6.9277)	Prec@1 0.391 (0.137)	Prec@5 1.953 (0.737)
Epoch: [0][980/5005]	Time 0.308 (0.319)	Speed 830.647 (802.613)	Loss 6.8374900818 (6.9268)	Prec@1 0.000 (0.136)	Prec@5 0.391 (0.733)
Epoch: [0][990/5005]	Time 0.308 (0.319)	Speed 830.604 (802.887)	Loss 6.9412865639 (6.9270)	Prec@1 0.000 (0.134)	Prec@5 0.000 (0.726)
Epoch: [0][1000/5005]	Time 0.308 (0.319)	Speed 830.531 (803.154)	Loss 6.8371291161 (6.9261)	Prec@1 0.781 (0.141)	Prec@5 1.953 (0.738)
Epoch: [0][1010/5005]	Time 0.308 (0.319)	Speed 830.574 (803.416)	Loss 6.8473649025 (6.9253)	Prec@1 0.781 (0.147)	Prec@5 1.562 (0.746)
Epoch: [0][1020/5005]	Time 0.308 (0.319)	Speed 830.946 (803.678)	Loss 6.8527646065 (6.9246)	Prec@1 0.000 (0.146)	Prec@5 1.172 (0.751)
Epoch: [0][1030/5005]	Time 0.308 (0.318)	Speed 830.863 (803.933)	Loss 6.8448476791 (6.9238)	Prec@1 0.781 (0.152)	Prec@5 1.172 (0.755)
Epoch: [0][1040/5005]	Time 0.309 (0.318)	Speed 828.081 (804.158)	Loss 6.8147101402 (6.9228)	Prec@1 0.391 (0.154)	Prec@5 1.172 (0.759)
Epoch: [0][1050/5005]	Time 0.308 (0.318)	Speed 831.035 (804.406)	Loss 6.8312687874 (6.9219)	Prec@1 0.781 (0.160)	Prec@5 2.734 (0.778)
Epoch: [0][1060/5005]	Time 0.308 (0.318)	Speed 830.967 (804.649)	Loss 6.8923335075 (6.9216)	Prec@1 0.391 (0.162)	Prec@5 0.781 (0.778)
Epoch: [0][1070/5005]	Time 0.308 (0.318)	Speed 830.877 (804.886)	Loss 6.7790513039 (6.9203)	Prec@1 0.000 (0.161)	Prec@5 1.172 (0.781)
Epoch: [0][1080/5005]	Time 0.308 (0.318)	Speed 830.756 (805.118)	Loss 6.8250060081 (6.9194)	Prec@1 0.391 (0.163)	Prec@5 1.562 (0.788)
Epoch: [0][1090/5005]	Time 0.308 (0.318)	Speed 830.896 (805.348)	Loss 6.8580679893 (6.9188)	Prec@1 0.391 (0.165)	Prec@5 1.172 (0.792)
Epoch: [0][1100/5005]	Time 0.308 (0.318)	Speed 831.103 (805.575)	Loss 6.8674278259 (6.9184)	Prec@1 0.391 (0.167)	Prec@5 1.562 (0.799)
Epoch: [0][1110/5005]	Time 0.308 (0.318)	Speed 830.927 (805.796)	Loss 6.7820663452 (6.9171)	Prec@1 0.391 (0.169)	Prec@5 1.953 (0.809)
Epoch: [0][1120/5005]	Time 0.310 (0.318)	Speed 826.298 (805.975)	Loss 6.8589682579 (6.9166)	Prec@1 0.391 (0.171)	Prec@5 1.562 (0.816)
Epoch: [0][1130/5005]	Time 0.308 (0.318)	Speed 831.065 (806.190)	Loss 6.8138628006 (6.9157)	Prec@1 0.391 (0.173)	Prec@5 0.391 (0.812)
Epoch: [0][1140/5005]	Time 0.309 (0.317)	Speed 827.710 (806.374)	Loss 6.8337678909 (6.9150)	Prec@1 0.000 (0.171)	Prec@5 1.562 (0.819)
Epoch: [0][1150/5005]	Time 0.308 (0.317)	Speed 830.814 (806.580)	Loss 6.7685294151 (6.9137)	Prec@1 0.391 (0.173)	Prec@5 2.344 (0.832)
Epoch: [0][1160/5005]	Time 0.308 (0.317)	Speed 831.147 (806.786)	Loss 6.7999105453 (6.9127)	Prec@1 0.781 (0.178)	Prec@5 2.344 (0.845)
Epoch: [0][1170/5005]	Time 0.308 (0.317)	Speed 830.879 (806.986)	Loss 6.7706007957 (6.9115)	Prec@1 0.781 (0.184)	Prec@5 2.734 (0.861)
Epoch: [0][1180/5005]	Time 0.308 (0.317)	Speed 830.887 (807.183)	Loss 6.8110775948 (6.9107)	Prec@1 0.000 (0.182)	Prec@5 1.172 (0.864)
Epoch: [0][1190/5005]	Time 0.308 (0.317)	Speed 830.938 (807.377)	Loss 6.8676190376 (6.9103)	Prec@1 1.562 (0.194)	Prec@5 2.344 (0.876)
Epoch: [0][1200/5005]	Time 0.309 (0.317)	Speed 829.449 (807.556)	Loss 6.8144249916 (6.9095)	Prec@1 0.000 (0.192)	Prec@5 0.391 (0.872)
Epoch: [0][1210/5005]	Time 0.308 (0.317)	Speed 831.090 (807.745)	Loss 6.7477865219 (6.9082)	Prec@1 0.781 (0.197)	Prec@5 3.906 (0.897)
Epoch: [0][1220/5005]	Time 0.308 (0.317)	Speed 831.185 (807.931)	Loss 6.7814631462 (6.9071)	Prec@1 1.953 (0.211)	Prec@5 3.125 (0.916)
Epoch: [0][1230/5005]	Time 0.308 (0.317)	Speed 831.046 (808.114)	Loss 6.8890786171 (6.9070)	Prec@1 0.000 (0.210)	Prec@5 1.172 (0.918)
Epoch: [0][1240/5005]	Time 0.308 (0.317)	Speed 831.088 (808.294)	Loss 6.8294310570 (6.9064)	Prec@1 0.000 (0.208)	Prec@5 0.781 (0.917)
Epoch: [0][1250/5005]	Time 0.308 (0.317)	Speed 831.449 (808.474)	Loss 6.6880764961 (6.9046)	Prec@1 0.391 (0.209)	Prec@5 1.172 (0.919)
Epoch: [0][1260/5005]	Time 0.308 (0.317)	Speed 831.134 (808.649)	Loss 6.6976351738 (6.9030)	Prec@1 0.781 (0.214)	Prec@5 3.906 (0.942)
Epoch: [0][1270/5005]	Time 0.308 (0.317)	Speed 831.322 (808.823)	Loss 6.8529973030 (6.9026)	Prec@1 0.000 (0.212)	Prec@5 1.172 (0.944)
Epoch: [0][1280/5005]	Time 0.309 (0.316)	Speed 828.994 (808.977)	Loss 6.7197661400 (6.9011)	Prec@1 0.391 (0.214)	Prec@5 1.562 (0.949)
Epoch: [0][1290/5005]	Time 0.308 (0.316)	Speed 831.261 (809.145)	Loss 6.7451000214 (6.8999)	Prec@1 0.781 (0.218)	Prec@5 1.953 (0.957)
Epoch: [0][1300/5005]	Time 0.308 (0.316)	Speed 831.356 (809.311)	Loss 6.7763924599 (6.8990)	Prec@1 0.000 (0.216)	Prec@5 2.344 (0.968)
Epoch: [0][1310/5005]	Time 0.308 (0.316)	Speed 830.957 (809.472)	Loss 6.7303934097 (6.8977)	Prec@1 0.781 (0.221)	Prec@5 1.953 (0.975)
Epoch: [0][1320/5005]	Time 0.308 (0.316)	Speed 829.937 (809.624)	Loss 6.7206435204 (6.8964)	Prec@1 0.391 (0.222)	Prec@5 2.734 (0.988)
Epoch: [0][1330/5005]	Time 0.308 (0.316)	Speed 831.053 (809.781)	Loss 6.6325216293 (6.8944)	Prec@1 0.781 (0.226)	Prec@5 3.125 (1.004)
Epoch: [0][1340/5005]	Time 0.308 (0.316)	Speed 831.051 (809.935)	Loss 6.6381015778 (6.8925)	Prec@1 0.391 (0.227)	Prec@5 2.344 (1.014)
Epoch: [0][1350/5005]	Time 0.309 (0.316)	Speed 829.801 (810.079)	Loss 6.6553616524 (6.8907)	Prec@1 1.172 (0.234)	Prec@5 3.906 (1.036)
Epoch: [0][1360/5005]	Time 0.311 (0.316)	Speed 824.233 (810.181)	Loss 6.7865200043 (6.8899)	Prec@1 0.391 (0.236)	Prec@5 1.562 (1.040)
Epoch: [0][1370/5005]	Time 0.308 (0.316)	Speed 831.103 (810.330)	Loss 6.6740026474 (6.8884)	Prec@1 0.781 (0.240)	Prec@5 1.562 (1.044)
Epoch: [0][1380/5005]	Time 0.308 (0.316)	Speed 830.930 (810.476)	Loss 6.7700443268 (6.8875)	Prec@1 0.391 (0.241)	Prec@5 3.125 (1.059)
Epoch: [0][1390/5005]	Time 0.308 (0.316)	Speed 831.065 (810.620)	Loss 6.6506032944 (6.8858)	Prec@1 0.000 (0.239)	Prec@5 1.953 (1.065)
Epoch: [0][1400/5005]	Time 0.308 (0.316)	Speed 831.346 (810.765)	Loss 6.7213191986 (6.8846)	Prec@1 0.391 (0.240)	Prec@5 1.172 (1.066)
Epoch: [0][1410/5005]	Time 0.308 (0.316)	Speed 831.113 (810.905)	Loss 6.7079348564 (6.8834)	Prec@1 1.562 (0.249)	Prec@5 3.906 (1.086)
Epoch: [0][1420/5005]	Time 0.308 (0.316)	Speed 830.893 (811.043)	Loss 6.6753582954 (6.8819)	Prec@1 0.000 (0.248)	Prec@5 1.953 (1.092)
Epoch: [0][1430/5005]	Time 0.308 (0.316)	Speed 831.346 (811.181)	Loss 6.6220965385 (6.8801)	Prec@1 1.562 (0.257)	Prec@5 3.125 (1.106)
Epoch: [0][1440/5005]	Time 0.308 (0.316)	Speed 831.068 (811.316)	Loss 6.7268028259 (6.8790)	Prec@1 0.000 (0.255)	Prec@5 1.172 (1.107)
Epoch: [0][1450/5005]	Time 0.309 (0.315)	Speed 828.329 (811.431)	Loss 6.7291979790 (6.8780)	Prec@1 0.000 (0.253)	Prec@5 0.391 (1.102)
Epoch: [0][1460/5005]	Time 0.310 (0.315)	Speed 826.881 (811.535)	Loss 6.7322006226 (6.8770)	Prec@1 0.781 (0.257)	Prec@5 2.344 (1.110)
Epoch: [0][1470/5005]	Time 0.308 (0.315)	Speed 830.999 (811.664)	Loss 6.7215843201 (6.8759)	Prec@1 0.781 (0.260)	Prec@5 1.953 (1.116)
Epoch: [0][1480/5005]	Time 0.308 (0.315)	Speed 831.099 (811.793)	Loss 6.7424583435 (6.8750)	Prec@1 0.781 (0.264)	Prec@5 3.125 (1.130)
Epoch: [0][1490/5005]	Time 0.308 (0.315)	Speed 831.120 (811.919)	Loss 6.5513997078 (6.8729)	Prec@1 1.953 (0.275)	Prec@5 4.688 (1.154)
Epoch: [0][1500/5005]	Time 0.308 (0.315)	Speed 831.514 (812.047)	Loss 6.6425290108 (6.8713)	Prec@1 0.781 (0.279)	Prec@5 2.344 (1.161)
Epoch: [0][1510/5005]	Time 0.308 (0.315)	Speed 831.279 (812.171)	Loss 6.6995620728 (6.8702)	Prec@1 0.781 (0.282)	Prec@5 1.953 (1.167)
Epoch: [0][1520/5005]	Time 0.308 (0.315)	Speed 831.571 (812.296)	Loss 6.6884927750 (6.8690)	Prec@1 1.172 (0.288)	Prec@5 1.562 (1.169)
Epoch: [0][1530/5005]	Time 0.308 (0.315)	Speed 831.158 (812.416)	Loss 6.7122535706 (6.8680)	Prec@1 0.391 (0.289)	Prec@5 2.344 (1.177)
Epoch: [0][1540/5005]	Time 0.308 (0.315)	Speed 831.263 (812.536)	Loss 6.5422143936 (6.8659)	Prec@1 0.781 (0.292)	Prec@5 3.125 (1.190)
Epoch: [0][1550/5005]	Time 0.308 (0.315)	Speed 831.143 (812.653)	Loss 6.7204899788 (6.8649)	Prec@1 0.781 (0.295)	Prec@5 1.562 (1.192)
Epoch: [0][1560/5005]	Time 0.309 (0.315)	Speed 829.551 (812.760)	Loss 6.6488904953 (6.8635)	Prec@1 0.000 (0.293)	Prec@5 2.344 (1.199)
Epoch: [0][1570/5005]	Time 0.308 (0.315)	Speed 831.140 (812.874)	Loss 6.5339198112 (6.8614)	Prec@1 0.781 (0.296)	Prec@5 3.906 (1.217)
Epoch: [0][1580/5005]	Time 0.308 (0.315)	Speed 830.824 (812.985)	Loss 6.6313714981 (6.8600)	Prec@1 0.000 (0.294)	Prec@5 3.125 (1.229)
Epoch: [0][1590/5005]	Time 0.308 (0.315)	Speed 830.802 (813.095)	Loss 6.5679111481 (6.8581)	Prec@1 0.391 (0.295)	Prec@5 3.125 (1.241)
Epoch: [0][1600/5005]	Time 0.308 (0.315)	Speed 830.997 (813.204)	Loss 6.5742425919 (6.8564)	Prec@1 1.562 (0.303)	Prec@5 3.516 (1.255)
Epoch: [0][1610/5005]	Time 0.308 (0.315)	Speed 830.896 (813.312)	Loss 6.4651646614 (6.8539)	Prec@1 1.562 (0.311)	Prec@5 6.641 (1.288)
Epoch: [0][1620/5005]	Time 0.308 (0.315)	Speed 831.235 (813.420)	Loss 6.4640674591 (6.8515)	Prec@1 0.781 (0.313)	Prec@5 4.297 (1.307)
Epoch: [0][1630/5005]	Time 0.308 (0.315)	Speed 831.052 (813.526)	Loss 6.4712743759 (6.8492)	Prec@1 1.172 (0.319)	Prec@5 3.906 (1.323)
Epoch: [0][1640/5005]	Time 0.308 (0.315)	Speed 830.912 (813.630)	Loss 6.4868712425 (6.8470)	Prec@1 0.781 (0.322)	Prec@5 2.734 (1.331)
Epoch: [0][1650/5005]	Time 0.308 (0.315)	Speed 831.439 (813.736)	Loss 6.5840039253 (6.8454)	Prec@1 1.172 (0.327)	Prec@5 3.906 (1.347)
Epoch: [0][1660/5005]	Time 0.308 (0.315)	Speed 831.273 (813.839)	Loss 6.4842877388 (6.8432)	Prec@1 1.953 (0.337)	Prec@5 6.250 (1.377)
Epoch: [0][1670/5005]	Time 0.308 (0.315)	Speed 830.980 (813.940)	Loss 6.4531612396 (6.8409)	Prec@1 1.172 (0.342)	Prec@5 3.906 (1.392)
Epoch: [0][1680/5005]	Time 0.308 (0.314)	Speed 830.938 (814.039)	Loss 6.4653182030 (6.8386)	Prec@1 1.172 (0.346)	Prec@5 4.688 (1.411)
Epoch: [0][1690/5005]	Time 0.308 (0.314)	Speed 830.026 (814.131)	Loss 6.4742488861 (6.8365)	Prec@1 0.391 (0.347)	Prec@5 3.906 (1.426)
Epoch: [0][1700/5005]	Time 0.308 (0.314)	Speed 830.806 (814.228)	Loss 6.5933704376 (6.8351)	Prec@1 1.562 (0.354)	Prec@5 2.734 (1.434)
Epoch: [0][1710/5005]	Time 0.308 (0.314)	Speed 830.954 (814.323)	Loss 6.6233267784 (6.8338)	Prec@1 0.000 (0.352)	Prec@5 2.734 (1.441)
Epoch: [0][1720/5005]	Time 0.308 (0.314)	Speed 831.035 (814.419)	Loss 6.5160160065 (6.8320)	Prec@1 1.562 (0.359)	Prec@5 4.688 (1.460)
Epoch: [0][1730/5005]	Time 0.308 (0.314)	Speed 830.970 (814.512)	Loss 6.5864329338 (6.8306)	Prec@1 0.781 (0.361)	Prec@5 1.953 (1.463)
Epoch: [0][1740/5005]	Time 0.310 (0.314)	Speed 825.093 (814.572)	Loss 6.5147166252 (6.8287)	Prec@1 1.562 (0.368)	Prec@5 3.516 (1.475)
Epoch: [0][1750/5005]	Time 0.308 (0.314)	Speed 830.842 (814.664)	Loss 6.5236997604 (6.8270)	Prec@1 1.172 (0.373)	Prec@5 3.125 (1.484)
Epoch: [0][1760/5005]	Time 0.309 (0.314)	Speed 829.660 (814.747)	Loss 6.4674119949 (6.8250)	Prec@1 0.391 (0.373)	Prec@5 3.906 (1.498)
Epoch: [0][1770/5005]	Time 0.309 (0.314)	Speed 829.780 (814.831)	Loss 6.4272990227 (6.8227)	Prec@1 1.953 (0.382)	Prec@5 4.688 (1.516)
Epoch: [0][1780/5005]	Time 0.308 (0.314)	Speed 831.019 (814.920)	Loss 6.4197735786 (6.8204)	Prec@1 1.562 (0.388)	Prec@5 5.469 (1.538)
Epoch: [0][1790/5005]	Time 0.308 (0.314)	Speed 831.140 (815.009)	Loss 6.4063811302 (6.8181)	Prec@1 1.172 (0.393)	Prec@5 5.469 (1.560)
Epoch: [0][1800/5005]	Time 0.308 (0.314)	Speed 831.163 (815.097)	Loss 6.5621342659 (6.8167)	Prec@1 1.562 (0.399)	Prec@5 3.516 (1.571)
Epoch: [0][1810/5005]	Time 0.308 (0.314)	Speed 830.942 (815.183)	Loss 6.4291882515 (6.8146)	Prec@1 0.781 (0.401)	Prec@5 5.469 (1.593)
Epoch: [0][1820/5005]	Time 0.309 (0.314)	Speed 827.331 (815.248)	Loss 6.4814000130 (6.8127)	Prec@1 1.172 (0.406)	Prec@5 3.516 (1.603)
Epoch: [0][1830/5005]	Time 0.311 (0.314)	Speed 822.577 (815.288)	Loss 6.4285216331 (6.8106)	Prec@1 1.562 (0.412)	Prec@5 5.469 (1.624)
Epoch: [0][1840/5005]	Time 0.308 (0.314)	Speed 830.160 (815.367)	Loss 6.5227103233 (6.8091)	Prec@1 1.172 (0.416)	Prec@5 4.297 (1.639)
Epoch: [0][1850/5005]	Time 0.308 (0.314)	Speed 831.204 (815.451)	Loss 6.3697962761 (6.8067)	Prec@1 1.562 (0.422)	Prec@5 5.469 (1.660)
Epoch: [0][1860/5005]	Time 0.310 (0.314)	Speed 826.074 (815.508)	Loss 6.4848098755 (6.8050)	Prec@1 0.391 (0.422)	Prec@5 3.125 (1.668)
Epoch: [0][1870/5005]	Time 0.310 (0.314)	Speed 825.389 (815.560)	Loss 6.4317932129 (6.8030)	Prec@1 0.781 (0.424)	Prec@5 3.906 (1.679)
Epoch: [0][1880/5005]	Time 0.308 (0.314)	Speed 830.744 (815.639)	Loss 6.4487724304 (6.8011)	Prec@1 2.734 (0.436)	Prec@5 5.859 (1.702)
Epoch: [0][1890/5005]	Time 0.308 (0.314)	Speed 830.771 (815.718)	Loss 6.4929251671 (6.7995)	Prec@1 1.953 (0.444)	Prec@5 4.297 (1.715)
Epoch: [0][1900/5005]	Time 0.309 (0.314)	Speed 827.745 (815.780)	Loss 6.3731470108 (6.7972)	Prec@1 1.172 (0.448)	Prec@5 5.859 (1.737)
Epoch: [0][1910/5005]	Time 0.309 (0.314)	Speed 829.003 (815.848)	Loss 6.3966779709 (6.7951)	Prec@1 1.172 (0.452)	Prec@5 6.641 (1.763)
Epoch: [0][1920/5005]	Time 0.308 (0.314)	Speed 830.908 (815.925)	Loss 6.2905158997 (6.7925)	Prec@1 2.344 (0.462)	Prec@5 5.469 (1.782)
Epoch: [0][1930/5005]	Time 0.308 (0.314)	Speed 830.857 (816.001)	Loss 6.3621859550 (6.7903)	Prec@1 2.344 (0.472)	Prec@5 6.641 (1.807)
Epoch: [0][1940/5005]	Time 0.309 (0.314)	Speed 829.563 (816.070)	Loss 6.3621320724 (6.7881)	Prec@1 1.562 (0.477)	Prec@5 5.469 (1.826)
Epoch: [0][1950/5005]	Time 0.309 (0.314)	Speed 829.139 (816.136)	Loss 6.4208264351 (6.7862)	Prec@1 1.172 (0.481)	Prec@5 6.641 (1.851)
Epoch: [0][1960/5005]	Time 0.308 (0.314)	Speed 831.087 (816.211)	Loss 6.2994704247 (6.7837)	Prec@1 1.562 (0.486)	Prec@5 5.078 (1.867)
Epoch: [0][1970/5005]	Time 0.308 (0.314)	Speed 831.228 (816.286)	Loss 6.4773631096 (6.7821)	Prec@1 1.953 (0.494)	Prec@5 5.469 (1.886)
Epoch: [0][1980/5005]	Time 0.309 (0.314)	Speed 827.335 (816.341)	Loss 6.4018111229 (6.7802)	Prec@1 1.953 (0.501)	Prec@5 4.688 (1.900)
Epoch: [0][1990/5005]	Time 0.308 (0.314)	Speed 830.654 (816.412)	Loss 6.3947291374 (6.7783)	Prec@1 1.172 (0.504)	Prec@5 4.297 (1.912)
Epoch: [0][2000/5005]	Time 0.308 (0.314)	Speed 831.158 (816.484)	Loss 6.2727875710 (6.7757)	Prec@1 2.344 (0.514)	Prec@5 7.422 (1.939)
Epoch: [0][2010/5005]	Time 0.308 (0.314)	Speed 830.992 (816.555)	Loss 6.2572808266 (6.7732)	Prec@1 1.953 (0.521)	Prec@5 6.250 (1.961)
Epoch: [0][2020/5005]	Time 0.308 (0.313)	Speed 830.788 (816.624)	Loss 6.2116169930 (6.7704)	Prec@1 1.172 (0.524)	Prec@5 8.594 (1.994)
Epoch: [0][2030/5005]	Time 0.308 (0.313)	Speed 830.946 (816.694)	Loss 6.1705226898 (6.7674)	Prec@1 1.562 (0.529)	Prec@5 7.031 (2.019)
Epoch: [0][2040/5005]	Time 0.308 (0.313)	Speed 831.207 (816.764)	Loss 6.3850464821 (6.7656)	Prec@1 1.172 (0.532)	Prec@5 5.078 (2.034)
Epoch: [0][2050/5005]	Time 0.308 (0.313)	Speed 830.905 (816.831)	Loss 6.3223958015 (6.7634)	Prec@1 2.344 (0.541)	Prec@5 5.469 (2.050)
Epoch: [0][2060/5005]	Time 0.308 (0.313)	Speed 831.177 (816.900)	Loss 6.3640308380 (6.7615)	Prec@1 1.562 (0.546)	Prec@5 5.078 (2.065)
Epoch: [0][2070/5005]	Time 0.310 (0.313)	Speed 825.754 (816.942)	Loss 6.2724857330 (6.7591)	Prec@1 1.562 (0.551)	Prec@5 5.078 (2.080)
/opt/conda/lib/python3.6/site-packages/PIL/TiffImagePlugin.py:754: UserWarning: Possibly corrupt EXIF data.  Expecting to read 2555904 bytes but only got 0. Skipping tag 0
  " Skipping tag %s" % (size, len(data), tag))
Epoch: [0][2080/5005]	Time 0.308 (0.313)	Speed 830.857 (817.008)	Loss 6.3631935120 (6.7572)	Prec@1 1.953 (0.558)	Prec@5 3.906 (2.088)
Epoch: [0][2090/5005]	Time 0.308 (0.313)	Speed 830.753 (817.073)	Loss 6.4273581505 (6.7556)	Prec@1 1.172 (0.561)	Prec@5 3.125 (2.093)
Epoch: [0][2100/5005]	Time 0.308 (0.313)	Speed 831.020 (817.138)	Loss 6.2351131439 (6.7531)	Prec@1 1.562 (0.565)	Prec@5 5.469 (2.109)
/opt/conda/lib/python3.6/site-packages/PIL/TiffImagePlugin.py:754: UserWarning: Possibly corrupt EXIF data.  Expecting to read 2555904 bytes but only got 0. Skipping tag 0
  " Skipping tag %s" % (size, len(data), tag))
Epoch: [0][2110/5005]	Time 0.308 (0.313)	Speed 830.865 (817.202)	Loss 6.2395029068 (6.7507)	Prec@1 1.172 (0.568)	Prec@5 6.250 (2.129)
Epoch: [0][2120/5005]	Time 0.308 (0.313)	Speed 831.118 (817.266)	Loss 6.0781149864 (6.7475)	Prec@1 3.125 (0.580)	Prec@5 8.984 (2.161)
Epoch: [0][2130/5005]	Time 0.308 (0.313)	Speed 830.849 (817.329)	Loss 6.1322288513 (6.7446)	Prec@1 2.344 (0.589)	Prec@5 7.031 (2.184)
Epoch: [0][2140/5005]	Time 0.309 (0.313)	Speed 828.526 (817.381)	Loss 6.1920208931 (6.7421)	Prec@1 2.734 (0.599)	Prec@5 8.203 (2.212)
Epoch: [0][2150/5005]	Time 0.308 (0.313)	Speed 830.806 (817.442)	Loss 6.2714147568 (6.7399)	Prec@1 0.391 (0.598)	Prec@5 4.297 (2.222)
Epoch: [0][2160/5005]	Time 0.308 (0.313)	Speed 831.228 (817.505)	Loss 6.1603202820 (6.7372)	Prec@1 1.562 (0.602)	Prec@5 5.078 (2.235)
Epoch: [0][2170/5005]	Time 0.309 (0.313)	Speed 829.012 (817.557)	Loss 6.1724843979 (6.7346)	Prec@1 2.734 (0.612)	Prec@5 5.859 (2.252)
Epoch: [0][2180/5005]	Time 0.308 (0.313)	Speed 830.453 (817.616)	Loss 6.0534086227 (6.7315)	Prec@1 1.172 (0.615)	Prec@5 5.859 (2.268)
Epoch: [0][2190/5005]	Time 0.308 (0.313)	Speed 830.742 (817.675)	Loss 6.2395062447 (6.7292)	Prec@1 1.562 (0.619)	Prec@5 7.422 (2.292)
Epoch: [0][2200/5005]	Time 0.308 (0.313)	Speed 831.159 (817.735)	Loss 6.2293300629 (6.7269)	Prec@1 2.344 (0.627)	Prec@5 5.859 (2.308)
Epoch: [0][2210/5005]	Time 0.308 (0.313)	Speed 830.983 (817.794)	Loss 5.9486913681 (6.7234)	Prec@1 3.516 (0.640)	Prec@5 9.766 (2.342)
Epoch: [0][2220/5005]	Time 0.308 (0.313)	Speed 830.365 (817.850)	Loss 6.1615471840 (6.7209)	Prec@1 2.344 (0.648)	Prec@5 7.812 (2.367)
Epoch: [0][2230/5005]	Time 0.308 (0.313)	Speed 831.226 (817.909)	Loss 6.1213145256 (6.7182)	Prec@1 1.562 (0.652)	Prec@5 6.250 (2.384)
Epoch: [0][2240/5005]	Time 0.308 (0.313)	Speed 831.050 (817.966)	Loss 6.1634354591 (6.7157)	Prec@1 1.953 (0.657)	Prec@5 5.469 (2.398)
Epoch: [0][2250/5005]	Time 0.308 (0.313)	Speed 831.191 (818.024)	Loss 6.1340928078 (6.7131)	Prec@1 1.172 (0.660)	Prec@5 6.250 (2.415)
Epoch: [0][2260/5005]	Time 0.308 (0.313)	Speed 830.743 (818.080)	Loss 6.1438741684 (6.7106)	Prec@1 2.344 (0.667)	Prec@5 7.812 (2.439)
Epoch: [0][2270/5005]	Time 0.308 (0.313)	Speed 830.483 (818.133)	Loss 6.1705827713 (6.7082)	Prec@1 2.734 (0.676)	Prec@5 6.250 (2.456)
Epoch: [0][2280/5005]	Time 0.308 (0.313)	Speed 831.328 (818.190)	Loss 6.2334942818 (6.7062)	Prec@1 3.125 (0.687)	Prec@5 7.031 (2.476)
Epoch: [0][2290/5005]	Time 0.308 (0.313)	Speed 830.573 (818.244)	Loss 6.1727957726 (6.7038)	Prec@1 1.562 (0.691)	Prec@5 6.641 (2.494)
Epoch: [0][2300/5005]	Time 0.308 (0.313)	Speed 831.173 (818.299)	Loss 6.1087079048 (6.7012)	Prec@1 3.125 (0.701)	Prec@5 7.812 (2.517)
/opt/conda/lib/python3.6/site-packages/PIL/TiffImagePlugin.py:754: UserWarning: Possibly corrupt EXIF data.  Expecting to read 2555904 bytes but only got 0. Skipping tag 0
  " Skipping tag %s" % (size, len(data), tag))
Epoch: [0][2310/5005]	Time 0.309 (0.313)	Speed 828.071 (818.341)	Loss 6.1437826157 (6.6988)	Prec@1 0.000 (0.698)	Prec@5 3.125 (2.520)
Epoch: [0][2320/5005]	Time 0.314 (0.313)	Speed 816.402 (818.332)	Loss 6.0977649689 (6.6962)	Prec@1 2.734 (0.707)	Prec@5 6.250 (2.536)
Epoch: [0][2330/5005]	Time 0.308 (0.313)	Speed 831.262 (818.387)	Loss 6.0968847275 (6.6937)	Prec@1 2.734 (0.716)	Prec@5 7.422 (2.557)
Epoch: [0][2340/5005]	Time 0.308 (0.313)	Speed 831.249 (818.441)	Loss 6.0672011375 (6.6910)	Prec@1 3.125 (0.726)	Prec@5 8.594 (2.582)
Epoch: [0][2350/5005]	Time 0.308 (0.313)	Speed 830.894 (818.493)	Loss 6.1686716080 (6.6888)	Prec@1 1.953 (0.731)	Prec@5 6.641 (2.600)
Epoch: [0][2360/5005]	Time 0.308 (0.313)	Speed 831.114 (818.546)	Loss 6.3037896156 (6.6871)	Prec@1 1.562 (0.735)	Prec@5 5.469 (2.612)
Epoch: [0][2370/5005]	Time 0.308 (0.313)	Speed 831.054 (818.598)	Loss 6.2139573097 (6.6851)	Prec@1 1.953 (0.740)	Prec@5 7.422 (2.632)
Epoch: [0][2380/5005]	Time 0.308 (0.313)	Speed 830.824 (818.649)	Loss 6.0788340569 (6.6826)	Prec@1 1.562 (0.744)	Prec@5 8.203 (2.656)
Epoch: [0][2390/5005]	Time 0.308 (0.313)	Speed 830.931 (818.699)	Loss 6.0223541260 (6.6798)	Prec@1 3.125 (0.753)	Prec@5 10.156 (2.687)
Epoch: [0][2400/5005]	Time 0.308 (0.313)	Speed 830.179 (818.746)	Loss 5.9258680344 (6.6767)	Prec@1 3.125 (0.763)	Prec@5 8.594 (2.712)
Epoch: [0][2410/5005]	Time 0.308 (0.313)	Speed 830.807 (818.796)	Loss 6.0921912193 (6.6743)	Prec@1 1.953 (0.768)	Prec@5 7.422 (2.731)
Epoch: [0][2420/5005]	Time 0.309 (0.313)	Speed 829.112 (818.838)	Loss 5.9955482483 (6.6715)	Prec@1 4.688 (0.784)	Prec@5 10.156 (2.762)
Epoch: [0][2430/5005]	Time 0.308 (0.313)	Speed 830.731 (818.886)	Loss 6.0038442612 (6.6687)	Prec@1 3.516 (0.796)	Prec@5 10.547 (2.794)
Epoch: [0][2440/5005]	Time 0.308 (0.313)	Speed 831.192 (818.936)	Loss 6.1350517273 (6.6665)	Prec@1 2.344 (0.802)	Prec@5 5.859 (2.806)
Epoch: [0][2450/5005]	Time 0.308 (0.313)	Speed 830.940 (818.984)	Loss 6.0687570572 (6.6641)	Prec@1 1.562 (0.805)	Prec@5 7.812 (2.827)
Epoch: [0][2460/5005]	Time 0.308 (0.313)	Speed 831.041 (819.032)	Loss 6.0078206062 (6.6614)	Prec@1 2.344 (0.811)	Prec@5 8.594 (2.850)
Epoch: [0][2470/5005]	Time 0.308 (0.313)	Speed 830.230 (819.077)	Loss 5.8677353859 (6.6582)	Prec@1 2.734 (0.819)	Prec@5 11.719 (2.886)
Epoch: [0][2480/5005]	Time 0.308 (0.313)	Speed 831.166 (819.125)	Loss 6.1062874794 (6.6560)	Prec@1 1.172 (0.821)	Prec@5 5.859 (2.898)
Epoch: [0][2490/5005]	Time 0.308 (0.313)	Speed 830.621 (819.171)	Loss 6.0780663490 (6.6537)	Prec@1 1.562 (0.824)	Prec@5 6.641 (2.913)
Epoch: [0][2500/5005]	Time 0.310 (0.313)	Speed 826.273 (819.199)	Loss 5.9252843857 (6.6507)	Prec@1 3.125 (0.833)	Prec@5 10.547 (2.944)
Epoch: [0][2510/5005]	Time 0.308 (0.312)	Speed 830.720 (819.244)	Loss 6.1287126541 (6.6487)	Prec@1 1.562 (0.836)	Prec@5 7.031 (2.960)
Epoch: [0][2520/5005]	Time 0.310 (0.312)	Speed 825.553 (819.269)	Loss 6.0323481560 (6.6462)	Prec@1 3.125 (0.845)	Prec@5 7.812 (2.979)
Epoch: [0][2530/5005]	Time 0.308 (0.312)	Speed 831.024 (819.315)	Loss 5.8881363869 (6.6432)	Prec@1 1.562 (0.848)	Prec@5 7.422 (2.997)
/opt/conda/lib/python3.6/site-packages/PIL/TiffImagePlugin.py:754: UserWarning: Possibly corrupt EXIF data.  Expecting to read 1835008 bytes but only got 0. Skipping tag 0
  " Skipping tag %s" % (size, len(data), tag))
Epoch: [0][2540/5005]	Time 0.308 (0.312)	Speed 831.203 (819.361)	Loss 6.0742835999 (6.6410)	Prec@1 0.781 (0.847)	Prec@5 6.641 (3.011)
Epoch: [0][2550/5005]	Time 0.313 (0.312)	Speed 818.636 (819.358)	Loss 5.9651684761 (6.6383)	Prec@1 2.734 (0.855)	Prec@5 9.766 (3.038)
Epoch: [0][2560/5005]	Time 0.309 (0.312)	Speed 828.758 (819.394)	Loss 5.8493399620 (6.6352)	Prec@1 3.516 (0.865)	Prec@5 9.375 (3.062)
Epoch: [0][2570/5005]	Time 0.308 (0.312)	Speed 831.183 (819.440)	Loss 5.9138655663 (6.6324)	Prec@1 3.516 (0.875)	Prec@5 10.938 (3.093)
Epoch: [0][2580/5005]	Time 0.308 (0.312)	Speed 830.992 (819.484)	Loss 5.8186860085 (6.6293)	Prec@1 3.516 (0.886)	Prec@5 7.422 (3.110)
Epoch: [0][2590/5005]	Time 0.308 (0.312)	Speed 831.087 (819.528)	Loss 5.9257645607 (6.6266)	Prec@1 3.516 (0.896)	Prec@5 10.156 (3.137)
Epoch: [0][2600/5005]	Time 0.309 (0.312)	Speed 827.886 (819.560)	Loss 5.9880008698 (6.6241)	Prec@1 4.297 (0.909)	Prec@5 10.938 (3.167)
Epoch: [0][2610/5005]	Time 0.308 (0.312)	Speed 830.811 (819.602)	Loss 5.8657402992 (6.6212)	Prec@1 3.516 (0.919)	Prec@5 10.938 (3.197)
Epoch: [0][2620/5005]	Time 0.308 (0.312)	Speed 830.544 (819.644)	Loss 5.8099622726 (6.6181)	Prec@1 3.125 (0.927)	Prec@5 11.328 (3.228)
Epoch: [0][2630/5005]	Time 0.308 (0.312)	Speed 830.260 (819.683)	Loss 5.9299030304 (6.6155)	Prec@1 2.344 (0.933)	Prec@5 8.594 (3.248)
Epoch: [0][2640/5005]	Time 0.308 (0.312)	Speed 829.872 (819.722)	Loss 5.7568979263 (6.6122)	Prec@1 3.516 (0.943)	Prec@5 10.938 (3.277)
Epoch: [0][2650/5005]	Time 0.308 (0.312)	Speed 830.865 (819.763)	Loss 5.8518176079 (6.6094)	Prec@1 2.344 (0.948)	Prec@5 10.156 (3.303)
Epoch: [0][2660/5005]	Time 0.308 (0.312)	Speed 830.690 (819.804)	Loss 5.9922628403 (6.6071)	Prec@1 2.734 (0.955)	Prec@5 6.641 (3.316)
Epoch: [0][2670/5005]	Time 0.308 (0.312)	Speed 830.728 (819.844)	Loss 5.8364105225 (6.6042)	Prec@1 1.953 (0.958)	Prec@5 9.766 (3.340)
Epoch: [0][2680/5005]	Time 0.310 (0.312)	Speed 826.305 (819.868)	Loss 5.8400425911 (6.6013)	Prec@1 3.125 (0.966)	Prec@5 12.500 (3.374)
Epoch: [0][2690/5005]	Time 0.308 (0.312)	Speed 831.193 (819.909)	Loss 5.8270716667 (6.5984)	Prec@1 2.734 (0.973)	Prec@5 9.766 (3.398)
Epoch: [0][2700/5005]	Time 0.308 (0.312)	Speed 830.936 (819.950)	Loss 5.9290404320 (6.5960)	Prec@1 3.906 (0.984)	Prec@5 10.547 (3.424)
Epoch: [0][2710/5005]	Time 0.308 (0.312)	Speed 831.088 (819.990)	Loss 5.9622035027 (6.5936)	Prec@1 3.906 (0.995)	Prec@5 11.328 (3.454)
Epoch: [0][2720/5005]	Time 0.308 (0.312)	Speed 830.826 (820.030)	Loss 5.9174709320 (6.5911)	Prec@1 1.172 (0.995)	Prec@5 9.766 (3.477)
Epoch: [0][2730/5005]	Time 0.309 (0.312)	Speed 829.772 (820.065)	Loss 6.0109300613 (6.5890)	Prec@1 2.344 (1.000)	Prec@5 7.812 (3.493)
Epoch: [0][2740/5005]	Time 0.308 (0.312)	Speed 830.580 (820.103)	Loss 5.8057446480 (6.5861)	Prec@1 3.516 (1.009)	Prec@5 9.766 (3.516)
Epoch: [0][2750/5005]	Time 0.309 (0.312)	Speed 829.240 (820.136)	Loss 5.8055148125 (6.5833)	Prec@1 3.125 (1.017)	Prec@5 11.328 (3.544)
Epoch: [0][2760/5005]	Time 0.309 (0.312)	Speed 829.716 (820.170)	Loss 5.9191765785 (6.5809)	Prec@1 1.953 (1.020)	Prec@5 10.156 (3.568)
Epoch: [0][2770/5005]	Time 0.308 (0.312)	Speed 830.776 (820.208)	Loss 5.9146151543 (6.5785)	Prec@1 3.906 (1.031)	Prec@5 9.375 (3.589)
Epoch: [0][2780/5005]	Time 0.308 (0.312)	Speed 830.740 (820.245)	Loss 5.8054113388 (6.5757)	Prec@1 1.953 (1.034)	Prec@5 8.984 (3.608)
Epoch: [0][2790/5005]	Time 0.309 (0.312)	Speed 827.474 (820.271)	Loss 5.8776607513 (6.5732)	Prec@1 2.734 (1.040)	Prec@5 12.109 (3.639)
Epoch: [0][2800/5005]	Time 0.308 (0.312)	Speed 831.096 (820.309)	Loss 5.9026679993 (6.5708)	Prec@1 1.562 (1.042)	Prec@5 9.375 (3.659)
Epoch: [0][2810/5005]	Time 0.308 (0.312)	Speed 830.878 (820.346)	Loss 5.8520622253 (6.5683)	Prec@1 1.562 (1.044)	Prec@5 10.156 (3.682)
Epoch: [0][2820/5005]	Time 0.308 (0.312)	Speed 831.103 (820.384)	Loss 5.7199754715 (6.5653)	Prec@1 4.297 (1.056)	Prec@5 10.938 (3.708)
Epoch: [0][2830/5005]	Time 0.308 (0.312)	Speed 830.942 (820.421)	Loss 5.8015856743 (6.5626)	Prec@1 2.344 (1.060)	Prec@5 10.938 (3.734)
Epoch: [0][2840/5005]	Time 0.309 (0.312)	Speed 827.483 (820.445)	Loss 5.7101869583 (6.5596)	Prec@1 4.688 (1.073)	Prec@5 12.500 (3.765)
Epoch: [0][2850/5005]	Time 0.310 (0.312)	Speed 825.090 (820.461)	Loss 5.8115978241 (6.5569)	Prec@1 4.688 (1.086)	Prec@5 13.281 (3.798)
Epoch: [0][2860/5005]	Time 0.308 (0.312)	Speed 830.961 (820.498)	Loss 5.8630933762 (6.5545)	Prec@1 1.953 (1.089)	Prec@5 11.328 (3.824)
Epoch: [0][2870/5005]	Time 0.308 (0.312)	Speed 830.905 (820.533)	Loss 5.6388688087 (6.5513)	Prec@1 3.125 (1.096)	Prec@5 13.672 (3.859)
Epoch: [0][2880/5005]	Time 0.310 (0.312)	Speed 826.496 (820.554)	Loss 5.8525152206 (6.5489)	Prec@1 3.906 (1.105)	Prec@5 12.109 (3.887)
Epoch: [0][2890/5005]	Time 0.308 (0.312)	Speed 830.981 (820.590)	Loss 5.8245553970 (6.5464)	Prec@1 3.906 (1.115)	Prec@5 10.547 (3.910)
Epoch: [0][2900/5005]	Time 0.308 (0.312)	Speed 831.120 (820.626)	Loss 5.7817668915 (6.5437)	Prec@1 3.125 (1.122)	Prec@5 10.547 (3.933)
Epoch: [0][2910/5005]	Time 0.309 (0.312)	Speed 828.615 (820.653)	Loss 5.7819151878 (6.5411)	Prec@1 3.516 (1.130)	Prec@5 12.891 (3.964)
Epoch: [0][2920/5005]	Time 0.308 (0.312)	Speed 830.809 (820.687)	Loss 5.8758983612 (6.5388)	Prec@1 2.734 (1.136)	Prec@5 10.156 (3.985)
Epoch: [0][2930/5005]	Time 0.308 (0.312)	Speed 830.791 (820.721)	Loss 5.6752419472 (6.5359)	Prec@1 3.516 (1.144)	Prec@5 14.453 (4.021)
Epoch: [0][2940/5005]	Time 0.308 (0.312)	Speed 830.721 (820.755)	Loss 5.8150930405 (6.5334)	Prec@1 4.297 (1.155)	Prec@5 11.719 (4.047)
Epoch: [0][2950/5005]	Time 0.309 (0.312)	Speed 829.706 (820.785)	Loss 5.8324007988 (6.5311)	Prec@1 2.344 (1.159)	Prec@5 8.594 (4.062)
Epoch: [0][2960/5005]	Time 0.309 (0.312)	Speed 829.498 (820.814)	Loss 5.8168330193 (6.5287)	Prec@1 3.906 (1.168)	Prec@5 11.328 (4.087)
Epoch: [0][2970/5005]	Time 0.308 (0.312)	Speed 830.685 (820.847)	Loss 5.6793985367 (6.5258)	Prec@1 4.297 (1.178)	Prec@5 13.281 (4.118)
Epoch: [0][2980/5005]	Time 0.308 (0.312)	Speed 830.824 (820.880)	Loss 5.7077312469 (6.5231)	Prec@1 2.344 (1.182)	Prec@5 9.375 (4.136)
Epoch: [0][2990/5005]	Time 0.308 (0.312)	Speed 830.888 (820.913)	Loss 5.8422083855 (6.5208)	Prec@1 2.344 (1.186)	Prec@5 8.594 (4.151)
Epoch: [0][3000/5005]	Time 0.308 (0.312)	Speed 830.887 (820.946)	Loss 5.8627080917 (6.5186)	Prec@1 3.906 (1.195)	Prec@5 9.375 (4.168)
Epoch: [0][3010/5005]	Time 0.308 (0.312)	Speed 830.659 (820.978)	Loss 5.8972282410 (6.5165)	Prec@1 1.953 (1.198)	Prec@5 10.156 (4.188)
Epoch: [0][3020/5005]	Time 0.308 (0.312)	Speed 830.775 (821.010)	Loss 5.7607846260 (6.5140)	Prec@1 2.734 (1.203)	Prec@5 10.938 (4.210)
Epoch: [0][3030/5005]	Time 0.309 (0.312)	Speed 829.693 (821.038)	Loss 5.6984596252 (6.5113)	Prec@1 5.078 (1.216)	Prec@5 13.672 (4.241)
Epoch: [0][3040/5005]	Time 0.308 (0.312)	Speed 830.816 (821.070)	Loss 5.9147777557 (6.5094)	Prec@1 2.734 (1.221)	Prec@5 7.422 (4.252)
Epoch: [0][3050/5005]	Time 0.308 (0.312)	Speed 830.933 (821.102)	Loss 5.6961030960 (6.5067)	Prec@1 4.297 (1.231)	Prec@5 17.188 (4.294)
Epoch: [0][3060/5005]	Time 0.309 (0.312)	Speed 829.788 (821.130)	Loss 5.9034566879 (6.5047)	Prec@1 2.344 (1.234)	Prec@5 8.594 (4.308)
Epoch: [0][3070/5005]	Time 0.308 (0.312)	Speed 830.613 (821.160)	Loss 5.5562715530 (6.5016)	Prec@1 5.078 (1.247)	Prec@5 12.500 (4.335)
Epoch: [0][3080/5005]	Time 0.308 (0.312)	Speed 830.016 (821.189)	Loss 5.6265954971 (6.4988)	Prec@1 3.125 (1.253)	Prec@5 12.500 (4.362)
Epoch: [0][3090/5005]	Time 0.309 (0.312)	Speed 829.422 (821.215)	Loss 5.8391070366 (6.4967)	Prec@1 2.344 (1.257)	Prec@5 8.203 (4.374)
Epoch: [0][3100/5005]	Time 0.308 (0.312)	Speed 830.136 (821.244)	Loss 5.6791563034 (6.4940)	Prec@1 3.516 (1.264)	Prec@5 11.719 (4.398)
Epoch: [0][3110/5005]	Time 0.308 (0.312)	Speed 830.713 (821.274)	Loss 5.6158747673 (6.4912)	Prec@1 4.297 (1.274)	Prec@5 14.453 (4.430)
Epoch: [0][3120/5005]	Time 0.308 (0.312)	Speed 830.875 (821.304)	Loss 5.6249885559 (6.4884)	Prec@1 4.688 (1.285)	Prec@5 14.453 (4.462)
Epoch: [0][3130/5005]	Time 0.309 (0.312)	Speed 829.689 (821.331)	Loss 5.6471986771 (6.4857)	Prec@1 5.469 (1.298)	Prec@5 12.500 (4.488)
Epoch: [0][3140/5005]	Time 0.308 (0.312)	Speed 830.739 (821.360)	Loss 5.9078555107 (6.4839)	Prec@1 3.125 (1.304)	Prec@5 10.547 (4.507)
Epoch: [0][3150/5005]	Time 0.308 (0.312)	Speed 830.329 (821.389)	Loss 5.7368054390 (6.4815)	Prec@1 6.250 (1.319)	Prec@5 12.891 (4.534)
Epoch: [0][3160/5005]	Time 0.308 (0.312)	Speed 830.838 (821.418)	Loss 5.6764431000 (6.4790)	Prec@1 3.906 (1.328)	Prec@5 11.719 (4.556)
Epoch: [0][3170/5005]	Time 0.308 (0.312)	Speed 830.832 (821.447)	Loss 5.6069102287 (6.4762)	Prec@1 4.688 (1.338)	Prec@5 15.234 (4.590)
Epoch: [0][3180/5005]	Time 0.311 (0.312)	Speed 823.622 (821.454)	Loss 5.7582640648 (6.4740)	Prec@1 3.125 (1.344)	Prec@5 10.156 (4.608)
Epoch: [0][3190/5005]	Time 0.308 (0.312)	Speed 830.617 (821.483)	Loss 5.7238721848 (6.4716)	Prec@1 1.953 (1.346)	Prec@5 11.328 (4.629)
Epoch: [0][3200/5005]	Time 0.308 (0.312)	Speed 830.367 (821.510)	Loss 5.5848116875 (6.4688)	Prec@1 4.297 (1.355)	Prec@5 13.672 (4.657)
Epoch: [0][3210/5005]	Time 0.309 (0.312)	Speed 828.865 (821.533)	Loss 5.6197938919 (6.4662)	Prec@1 3.125 (1.360)	Prec@5 12.500 (4.681)
Epoch: [0][3220/5005]	Time 0.308 (0.312)	Speed 830.660 (821.561)	Loss 5.6419262886 (6.4636)	Prec@1 4.688 (1.371)	Prec@5 14.062 (4.711)
Epoch: [0][3230/5005]	Time 0.308 (0.312)	Speed 830.628 (821.589)	Loss 5.4718184471 (6.4606)	Prec@1 7.031 (1.388)	Prec@5 18.750 (4.754)
Epoch: [0][3240/5005]	Time 0.308 (0.312)	Speed 830.152 (821.615)	Loss 5.4998002052 (6.4576)	Prec@1 5.078 (1.400)	Prec@5 12.891 (4.779)
Epoch: [0][3250/5005]	Time 0.308 (0.312)	Speed 830.594 (821.642)	Loss 5.6066098213 (6.4550)	Prec@1 3.516 (1.406)	Prec@5 13.672 (4.806)
Epoch: [0][3260/5005]	Time 0.308 (0.312)	Speed 830.742 (821.670)	Loss 5.4367060661 (6.4519)	Prec@1 6.250 (1.421)	Prec@5 15.234 (4.838)
/opt/conda/lib/python3.6/site-packages/PIL/TiffImagePlugin.py:771: UserWarning: Corrupt EXIF data.  Expecting to read 4 bytes but only got 0.
  warnings.warn(str(msg))
Epoch: [0][3270/5005]	Time 0.308 (0.312)	Speed 830.049 (821.695)	Loss 5.6532206535 (6.4494)	Prec@1 4.688 (1.431)	Prec@5 11.328 (4.858)
Epoch: [0][3280/5005]	Time 0.311 (0.312)	Speed 822.545 (821.698)	Loss 5.7160124779 (6.4472)	Prec@1 5.078 (1.442)	Prec@5 13.281 (4.884)
Epoch: [0][3290/5005]	Time 0.310 (0.312)	Speed 826.918 (821.713)	Loss 5.4934625626 (6.4443)	Prec@1 3.516 (1.449)	Prec@5 16.797 (4.920)
Epoch: [0][3300/5005]	Time 0.308 (0.312)	Speed 830.582 (821.740)	Loss 5.5415239334 (6.4415)	Prec@1 3.125 (1.454)	Prec@5 14.062 (4.948)
Epoch: [0][3310/5005]	Time 0.309 (0.312)	Speed 829.076 (821.762)	Loss 5.8015341759 (6.4396)	Prec@1 2.734 (1.457)	Prec@5 10.938 (4.966)
Epoch: [0][3320/5005]	Time 0.308 (0.312)	Speed 830.595 (821.788)	Loss 5.7156095505 (6.4374)	Prec@1 4.297 (1.466)	Prec@5 11.328 (4.985)
Epoch: [0][3330/5005]	Time 0.308 (0.312)	Speed 830.594 (821.815)	Loss 5.6314468384 (6.4350)	Prec@1 4.688 (1.476)	Prec@5 11.328 (5.004)
Epoch: [0][3340/5005]	Time 0.309 (0.311)	Speed 828.791 (821.835)	Loss 5.7377557755 (6.4329)	Prec@1 3.516 (1.482)	Prec@5 9.375 (5.017)
Epoch: [0][3350/5005]	Time 0.308 (0.311)	Speed 830.081 (821.860)	Loss 5.6790585518 (6.4307)	Prec@1 5.469 (1.494)	Prec@5 14.844 (5.047)
Epoch: [0][3360/5005]	Time 0.308 (0.311)	Speed 830.490 (821.885)	Loss 5.5834593773 (6.4282)	Prec@1 6.250 (1.508)	Prec@5 13.281 (5.071)
Epoch: [0][3370/5005]	Time 0.308 (0.311)	Speed 830.406 (821.910)	Loss 5.1926302910 (6.4245)	Prec@1 5.859 (1.521)	Prec@5 17.578 (5.108)
Epoch: [0][3380/5005]	Time 0.308 (0.311)	Speed 830.602 (821.935)	Loss 5.7402038574 (6.4225)	Prec@1 1.562 (1.521)	Prec@5 10.938 (5.126)
Epoch: [0][3390/5005]	Time 0.308 (0.311)	Speed 830.684 (821.961)	Loss 5.7578616142 (6.4205)	Prec@1 3.906 (1.528)	Prec@5 12.109 (5.146)
Epoch: [0][3400/5005]	Time 0.308 (0.311)	Speed 830.702 (821.986)	Loss 5.2439680099 (6.4170)	Prec@1 7.812 (1.546)	Prec@5 20.703 (5.192)
Epoch: [0][3410/5005]	Time 0.308 (0.311)	Speed 830.380 (822.011)	Loss 5.4962358475 (6.4143)	Prec@1 5.078 (1.557)	Prec@5 19.141 (5.233)
Epoch: [0][3420/5005]	Time 0.309 (0.311)	Speed 827.787 (822.028)	Loss 5.5977940559 (6.4120)	Prec@1 5.859 (1.569)	Prec@5 17.578 (5.269)
Epoch: [0][3430/5005]	Time 0.308 (0.311)	Speed 830.555 (822.052)	Loss 5.5236983299 (6.4094)	Prec@1 4.688 (1.578)	Prec@5 16.016 (5.300)
Epoch: [0][3440/5005]	Time 0.308 (0.311)	Speed 830.133 (822.075)	Loss 5.6892986298 (6.4073)	Prec@1 4.688 (1.587)	Prec@5 16.406 (5.332)
Epoch: [0][3450/5005]	Time 0.308 (0.311)	Speed 830.213 (822.099)	Loss 5.4499721527 (6.4045)	Prec@1 4.688 (1.596)	Prec@5 14.844 (5.360)
Epoch: [0][3460/5005]	Time 0.308 (0.311)	Speed 830.139 (822.122)	Loss 5.6074604988 (6.4022)	Prec@1 5.469 (1.608)	Prec@5 16.406 (5.392)
Epoch: [0][3470/5005]	Time 0.308 (0.311)	Speed 830.395 (822.145)	Loss 5.5050511360 (6.3996)	Prec@1 5.859 (1.620)	Prec@5 16.797 (5.425)
Epoch: [0][3480/5005]	Time 0.308 (0.311)	Speed 830.503 (822.169)	Loss 5.5497121811 (6.3972)	Prec@1 5.859 (1.632)	Prec@5 10.156 (5.438)
Epoch: [0][3490/5005]	Time 0.308 (0.311)	Speed 830.256 (822.192)	Loss 5.4620170593 (6.3945)	Prec@1 4.297 (1.640)	Prec@5 17.578 (5.473)
Epoch: [0][3500/5005]	Time 0.310 (0.311)	Speed 826.811 (822.205)	Loss 5.5548124313 (6.3921)	Prec@1 4.688 (1.648)	Prec@5 15.234 (5.501)
Epoch: [0][3510/5005]	Time 0.310 (0.311)	Speed 826.879 (822.219)	Loss 5.3890938759 (6.3892)	Prec@1 6.641 (1.663)	Prec@5 14.453 (5.527)
Epoch: [0][3520/5005]	Time 0.314 (0.311)	Speed 816.192 (822.201)	Loss 5.4937844276 (6.3867)	Prec@1 4.297 (1.670)	Prec@5 11.719 (5.544)
Epoch: [0][3530/5005]	Time 0.308 (0.311)	Speed 830.456 (822.224)	Loss 5.5106816292 (6.3842)	Prec@1 5.469 (1.681)	Prec@5 15.625 (5.573)
Epoch: [0][3540/5005]	Time 0.308 (0.311)	Speed 830.197 (822.247)	Loss 5.2676653862 (6.3810)	Prec@1 6.641 (1.695)	Prec@5 20.312 (5.614)
Epoch: [0][3550/5005]	Time 0.308 (0.311)	Speed 830.492 (822.270)	Loss 5.4813804626 (6.3785)	Prec@1 4.297 (1.702)	Prec@5 16.016 (5.644)
Epoch: [0][3560/5005]	Time 0.312 (0.311)	Speed 820.538 (822.265)	Loss 5.4440317154 (6.3759)	Prec@1 4.297 (1.710)	Prec@5 16.406 (5.674)
Epoch: [0][3570/5005]	Time 0.308 (0.311)	Speed 830.469 (822.288)	Loss 5.3396067619 (6.3730)	Prec@1 7.031 (1.724)	Prec@5 14.453 (5.699)
Epoch: [0][3580/5005]	Time 0.308 (0.311)	Speed 830.294 (822.310)	Loss 5.4044570923 (6.3703)	Prec@1 5.469 (1.735)	Prec@5 20.703 (5.740)
Epoch: [0][3590/5005]	Time 0.310 (0.311)	Speed 826.589 (822.322)	Loss 5.5817341805 (6.3681)	Prec@1 4.297 (1.742)	Prec@5 12.109 (5.758)
Epoch: [0][3600/5005]	Time 0.308 (0.311)	Speed 830.374 (822.344)	Loss 5.5032010078 (6.3657)	Prec@1 4.688 (1.750)	Prec@5 15.234 (5.785)
Epoch: [0][3610/5005]	Time 0.309 (0.311)	Speed 827.490 (822.358)	Loss 5.5216093063 (6.3633)	Prec@1 5.859 (1.762)	Prec@5 17.969 (5.818)
Epoch: [0][3620/5005]	Time 0.308 (0.311)	Speed 830.361 (822.380)	Loss 5.4278297424 (6.3608)	Prec@1 3.125 (1.765)	Prec@5 14.453 (5.842)
Epoch: [0][3630/5005]	Time 0.308 (0.311)	Speed 830.406 (822.402)	Loss 5.6176013947 (6.3587)	Prec@1 2.734 (1.768)	Prec@5 11.719 (5.858)
Epoch: [0][3640/5005]	Time 0.308 (0.311)	Speed 830.507 (822.424)	Loss 5.5127215385 (6.3564)	Prec@1 4.688 (1.776)	Prec@5 12.109 (5.875)
Epoch: [0][3650/5005]	Time 0.309 (0.311)	Speed 829.759 (822.444)	Loss 5.4192805290 (6.3538)	Prec@1 7.031 (1.790)	Prec@5 16.797 (5.905)
Epoch: [0][3660/5005]	Time 0.309 (0.311)	Speed 828.716 (822.461)	Loss 5.5117769241 (6.3515)	Prec@1 3.906 (1.796)	Prec@5 11.719 (5.921)
Epoch: [0][3670/5005]	Time 0.308 (0.311)	Speed 830.571 (822.483)	Loss 5.5552401543 (6.3494)	Prec@1 4.688 (1.804)	Prec@5 14.453 (5.945)
Epoch: [0][3680/5005]	Time 0.308 (0.311)	Speed 830.507 (822.504)	Loss 5.6546659470 (6.3475)	Prec@1 3.516 (1.809)	Prec@5 16.016 (5.972)
Epoch: [0][3690/5005]	Time 0.308 (0.311)	Speed 829.845 (822.524)	Loss 5.2482957840 (6.3445)	Prec@1 6.641 (1.822)	Prec@5 18.750 (6.007)
Epoch: [0][3700/5005]	Time 0.308 (0.311)	Speed 830.655 (822.546)	Loss 5.5130982399 (6.3422)	Prec@1 4.297 (1.829)	Prec@5 15.234 (6.031)
Epoch: [0][3710/5005]	Time 0.308 (0.311)	Speed 830.810 (822.568)	Loss 5.2734117508 (6.3394)	Prec@1 5.859 (1.839)	Prec@5 21.094 (6.072)
Epoch: [0][3720/5005]	Time 0.308 (0.311)	Speed 830.406 (822.589)	Loss 5.4389410019 (6.3369)	Prec@1 7.812 (1.855)	Prec@5 20.312 (6.110)
Epoch: [0][3730/5005]	Time 0.308 (0.311)	Speed 830.385 (822.609)	Loss 5.3816490173 (6.3344)	Prec@1 3.906 (1.861)	Prec@5 18.359 (6.143)
Epoch: [0][3740/5005]	Time 0.308 (0.311)	Speed 830.581 (822.630)	Loss 5.5625920296 (6.3323)	Prec@1 5.859 (1.872)	Prec@5 15.234 (6.167)
Epoch: [0][3750/5005]	Time 0.308 (0.311)	Speed 830.391 (822.651)	Loss 5.5382833481 (6.3302)	Prec@1 5.078 (1.880)	Prec@5 14.844 (6.191)
Epoch: [0][3760/5005]	Time 0.308 (0.311)	Speed 830.382 (822.671)	Loss 5.2176909447 (6.3272)	Prec@1 8.203 (1.897)	Prec@5 21.094 (6.230)
Epoch: [0][3770/5005]	Time 0.309 (0.311)	Speed 828.486 (822.687)	Loss 5.5067787170 (6.3251)	Prec@1 6.641 (1.910)	Prec@5 17.578 (6.260)
Epoch: [0][3780/5005]	Time 0.308 (0.311)	Speed 830.043 (822.706)	Loss 5.4353356361 (6.3227)	Prec@1 4.688 (1.917)	Prec@5 18.750 (6.293)
Epoch: [0][3790/5005]	Time 0.308 (0.311)	Speed 830.694 (822.727)	Loss 5.3312349319 (6.3201)	Prec@1 5.469 (1.926)	Prec@5 15.625 (6.318)
Epoch: [0][3800/5005]	Time 0.308 (0.311)	Speed 830.499 (822.747)	Loss 5.4535732269 (6.3178)	Prec@1 3.125 (1.929)	Prec@5 17.969 (6.349)
Epoch: [0][3810/5005]	Time 0.308 (0.311)	Speed 830.430 (822.767)	Loss 5.5123562813 (6.3157)	Prec@1 5.859 (1.940)	Prec@5 16.406 (6.375)
/opt/conda/lib/python3.6/site-packages/PIL/TiffImagePlugin.py:754: UserWarning: Possibly corrupt EXIF data.  Expecting to read 2555904 bytes but only got 0. Skipping tag 0
  " Skipping tag %s" % (size, len(data), tag))
Epoch: [0][3820/5005]	Time 0.308 (0.311)	Speed 830.366 (822.787)	Loss 5.5290765762 (6.3136)	Prec@1 4.297 (1.946)	Prec@5 15.234 (6.398)
Epoch: [0][3830/5005]	Time 0.309 (0.311)	Speed 829.225 (822.803)	Loss 5.2503738403 (6.3109)	Prec@1 7.031 (1.959)	Prec@5 18.359 (6.430)
Epoch: [0][3840/5005]	Time 0.308 (0.311)	Speed 829.824 (822.822)	Loss 5.3989057541 (6.3085)	Prec@1 7.422 (1.973)	Prec@5 20.312 (6.466)
Epoch: [0][3850/5005]	Time 0.309 (0.311)	Speed 827.446 (822.833)	Loss 5.5258455276 (6.3065)	Prec@1 4.688 (1.981)	Prec@5 17.188 (6.494)
Epoch: [0][3860/5005]	Time 0.308 (0.311)	Speed 830.303 (822.853)	Loss 5.5097332001 (6.3044)	Prec@1 4.297 (1.987)	Prec@5 15.234 (6.516)
Epoch: [0][3870/5005]	Time 0.308 (0.311)	Speed 830.313 (822.872)	Loss 5.2274527550 (6.3016)	Prec@1 7.812 (2.002)	Prec@5 20.703 (6.553)
Epoch: [0][3880/5005]	Time 0.309 (0.311)	Speed 828.488 (822.886)	Loss 5.5978198051 (6.2998)	Prec@1 6.250 (2.013)	Prec@5 13.672 (6.571)
Epoch: [0][3890/5005]	Time 0.308 (0.311)	Speed 830.506 (822.906)	Loss 5.2687306404 (6.2971)	Prec@1 7.031 (2.025)	Prec@5 19.922 (6.605)
Epoch: [0][3900/5005]	Time 0.310 (0.311)	Speed 826.018 (822.913)	Loss 5.3438358307 (6.2947)	Prec@1 5.469 (2.034)	Prec@5 16.797 (6.632)
Epoch: [0][3910/5005]	Time 0.308 (0.311)	Speed 830.446 (822.933)	Loss 5.3427696228 (6.2923)	Prec@1 6.641 (2.046)	Prec@5 15.234 (6.654)
Epoch: [0][3920/5005]	Time 0.308 (0.311)	Speed 830.179 (822.951)	Loss 5.4694037437 (6.2902)	Prec@1 4.688 (2.053)	Prec@5 12.891 (6.670)
Epoch: [0][3930/5005]	Time 0.308 (0.311)	Speed 830.402 (822.970)	Loss 5.3419861794 (6.2878)	Prec@1 7.031 (2.065)	Prec@5 21.875 (6.708)
Epoch: [0][3940/5005]	Time 0.309 (0.311)	Speed 828.752 (822.984)	Loss 5.1690802574 (6.2849)	Prec@1 8.203 (2.081)	Prec@5 18.750 (6.739)
Epoch: [0][3950/5005]	Time 0.308 (0.311)	Speed 830.363 (823.003)	Loss 5.3326444626 (6.2825)	Prec@1 7.812 (2.096)	Prec@5 18.750 (6.769)
Epoch: [0][3960/5005]	Time 0.308 (0.311)	Speed 830.282 (823.021)	Loss 5.5590710640 (6.2807)	Prec@1 3.516 (2.099)	Prec@5 14.453 (6.789)
Epoch: [0][3970/5005]	Time 0.308 (0.311)	Speed 830.237 (823.039)	Loss 5.3068151474 (6.2782)	Prec@1 8.984 (2.116)	Prec@5 17.969 (6.817)
Epoch: [0][3980/5005]	Time 0.308 (0.311)	Speed 830.069 (823.057)	Loss 5.3469319344 (6.2759)	Prec@1 4.297 (2.122)	Prec@5 16.406 (6.841)
Epoch: [0][3990/5005]	Time 0.309 (0.311)	Speed 829.007 (823.071)	Loss 5.3477139473 (6.2736)	Prec@1 8.203 (2.137)	Prec@5 19.141 (6.872)
Epoch: [0][4000/5005]	Time 0.308 (0.311)	Speed 830.261 (823.089)	Loss 5.3921833038 (6.2714)	Prec@1 6.641 (2.148)	Prec@5 19.922 (6.904)
Epoch: [0][4010/5005]	Time 0.308 (0.311)	Speed 830.081 (823.106)	Loss 5.2144298553 (6.2687)	Prec@1 6.641 (2.160)	Prec@5 21.484 (6.941)
Epoch: [0][4020/5005]	Time 0.308 (0.311)	Speed 830.323 (823.124)	Loss 5.4022021294 (6.2666)	Prec@1 6.641 (2.171)	Prec@5 15.625 (6.962)
Epoch: [0][4030/5005]	Time 0.308 (0.311)	Speed 830.287 (823.142)	Loss 5.5437140465 (6.2648)	Prec@1 4.297 (2.176)	Prec@5 14.062 (6.980)
Epoch: [0][4040/5005]	Time 0.309 (0.311)	Speed 827.608 (823.153)	Loss 5.4149985313 (6.2627)	Prec@1 5.078 (2.183)	Prec@5 17.969 (7.007)
Epoch: [0][4050/5005]	Time 0.308 (0.311)	Speed 830.362 (823.171)	Loss 5.5168671608 (6.2608)	Prec@1 3.516 (2.187)	Prec@5 14.844 (7.026)
Epoch: [0][4060/5005]	Time 0.308 (0.311)	Speed 830.283 (823.188)	Loss 5.3425998688 (6.2586)	Prec@1 4.297 (2.192)	Prec@5 15.625 (7.048)
Epoch: [0][4070/5005]	Time 0.308 (0.311)	Speed 830.406 (823.205)	Loss 5.2496972084 (6.2561)	Prec@1 9.375 (2.209)	Prec@5 19.531 (7.078)
Epoch: [0][4080/5005]	Time 0.308 (0.311)	Speed 830.220 (823.223)	Loss 5.2547655106 (6.2536)	Prec@1 7.422 (2.222)	Prec@5 19.531 (7.109)
Epoch: [0][4090/5005]	Time 0.308 (0.311)	Speed 830.501 (823.240)	Loss 5.2960672379 (6.2513)	Prec@1 7.422 (2.235)	Prec@5 21.094 (7.143)
Epoch: [0][4100/5005]	Time 0.309 (0.311)	Speed 828.898 (823.254)	Loss 5.1519474983 (6.2486)	Prec@1 7.812 (2.248)	Prec@5 19.922 (7.174)
Epoch: [0][4110/5005]	Time 0.308 (0.311)	Speed 830.345 (823.271)	Loss 5.4657959938 (6.2467)	Prec@1 7.812 (2.262)	Prec@5 17.578 (7.199)
Epoch: [0][4120/5005]	Time 0.308 (0.311)	Speed 830.582 (823.289)	Loss 5.2444734573 (6.2443)	Prec@1 8.203 (2.276)	Prec@5 20.703 (7.232)
Epoch: [0][4130/5005]	Time 0.308 (0.311)	Speed 830.404 (823.306)	Loss 5.1420731544 (6.2416)	Prec@1 6.250 (2.286)	Prec@5 17.578 (7.257)
Epoch: [0][4140/5005]	Time 0.308 (0.311)	Speed 830.619 (823.323)	Loss 5.4088010788 (6.2396)	Prec@1 4.688 (2.292)	Prec@5 16.406 (7.279)
Epoch: [0][4150/5005]	Time 0.308 (0.311)	Speed 830.310 (823.340)	Loss 5.3569498062 (6.2375)	Prec@1 3.125 (2.294)	Prec@5 17.188 (7.303)
Epoch: [0][4160/5005]	Time 0.308 (0.311)	Speed 830.253 (823.356)	Loss 5.2821507454 (6.2352)	Prec@1 8.203 (2.308)	Prec@5 19.531 (7.333)
Epoch: [0][4170/5005]	Time 0.309 (0.311)	Speed 829.336 (823.371)	Loss 5.2741184235 (6.2329)	Prec@1 7.812 (2.321)	Prec@5 21.484 (7.367)
Epoch: [0][4180/5005]	Time 0.308 (0.311)	Speed 830.401 (823.387)	Loss 5.2545332909 (6.2305)	Prec@1 8.203 (2.335)	Prec@5 21.875 (7.401)
Epoch: [0][4190/5005]	Time 0.308 (0.311)	Speed 830.072 (823.403)	Loss 5.2133221626 (6.2281)	Prec@1 10.547 (2.355)	Prec@5 21.484 (7.435)
Epoch: [0][4200/5005]	Time 0.308 (0.311)	Speed 830.434 (823.420)	Loss 5.3837575912 (6.2261)	Prec@1 5.078 (2.361)	Prec@5 18.359 (7.461)
Epoch: [0][4210/5005]	Time 0.308 (0.311)	Speed 830.398 (823.436)	Loss 5.5143013000 (6.2244)	Prec@1 5.859 (2.370)	Prec@5 14.453 (7.478)
Epoch: [0][4220/5005]	Time 0.308 (0.311)	Speed 830.310 (823.452)	Loss 5.2943973541 (6.2222)	Prec@1 8.594 (2.384)	Prec@5 21.875 (7.512)
Epoch: [0][4230/5005]	Time 0.308 (0.311)	Speed 830.357 (823.468)	Loss 5.2051959038 (6.2198)	Prec@1 8.984 (2.400)	Prec@5 18.750 (7.538)
Epoch: [0][4240/5005]	Time 0.308 (0.311)	Speed 830.263 (823.484)	Loss 5.3014302254 (6.2176)	Prec@1 6.250 (2.409)	Prec@5 19.922 (7.567)
Epoch: [0][4250/5005]	Time 0.308 (0.311)	Speed 830.224 (823.500)	Loss 5.3583550453 (6.2156)	Prec@1 6.250 (2.418)	Prec@5 15.625 (7.586)
Epoch: [0][4260/5005]	Time 0.308 (0.311)	Speed 829.992 (823.515)	Loss 5.1920747757 (6.2132)	Prec@1 7.812 (2.431)	Prec@5 21.094 (7.618)
Epoch: [0][4270/5005]	Time 0.309 (0.311)	Speed 829.660 (823.529)	Loss 5.2645783424 (6.2110)	Prec@1 7.422 (2.443)	Prec@5 17.188 (7.641)
Epoch: [0][4280/5005]	Time 0.308 (0.311)	Speed 830.395 (823.545)	Loss 5.1730508804 (6.2085)	Prec@1 7.422 (2.454)	Prec@5 21.094 (7.672)
Epoch: [0][4290/5005]	Time 0.308 (0.311)	Speed 830.049 (823.560)	Loss 5.2855701447 (6.2064)	Prec@1 6.250 (2.463)	Prec@5 17.969 (7.696)
Epoch: [0][4300/5005]	Time 0.308 (0.311)	Speed 830.165 (823.576)	Loss 5.3534293175 (6.2044)	Prec@1 5.469 (2.470)	Prec@5 16.406 (7.716)
Epoch: [0][4310/5005]	Time 0.308 (0.311)	Speed 830.450 (823.591)	Loss 5.1228837967 (6.2019)	Prec@1 5.469 (2.477)	Prec@5 17.969 (7.740)
Epoch: [0][4320/5005]	Time 0.308 (0.311)	Speed 830.300 (823.607)	Loss 5.3024196625 (6.1998)	Prec@1 9.375 (2.493)	Prec@5 19.531 (7.767)
Epoch: [0][4330/5005]	Time 0.308 (0.311)	Speed 829.882 (823.621)	Loss 5.2743411064 (6.1977)	Prec@1 4.688 (2.498)	Prec@5 19.531 (7.794)
Epoch: [0][4340/5005]	Time 0.308 (0.311)	Speed 830.338 (823.637)	Loss 5.2986345291 (6.1956)	Prec@1 3.906 (2.501)	Prec@5 17.578 (7.817)
Epoch: [0][4350/5005]	Time 0.308 (0.311)	Speed 829.983 (823.651)	Loss 5.1412048340 (6.1932)	Prec@1 10.938 (2.521)	Prec@5 20.312 (7.846)
Epoch: [0][4360/5005]	Time 0.308 (0.311)	Speed 830.582 (823.667)	Loss 5.3180365562 (6.1912)	Prec@1 5.859 (2.528)	Prec@5 20.312 (7.874)
Epoch: [0][4370/5005]	Time 0.308 (0.311)	Speed 830.303 (823.682)	Loss 5.2763152122 (6.1891)	Prec@1 5.469 (2.535)	Prec@5 17.969 (7.897)
Epoch: [0][4380/5005]	Time 0.308 (0.311)	Speed 830.416 (823.697)	Loss 5.3953180313 (6.1873)	Prec@1 8.203 (2.548)	Prec@5 17.969 (7.920)
Epoch: [0][4390/5005]	Time 0.308 (0.311)	Speed 830.295 (823.712)	Loss 5.2233619690 (6.1851)	Prec@1 5.078 (2.554)	Prec@5 19.141 (7.946)
Epoch: [0][4400/5005]	Time 0.308 (0.311)	Speed 830.327 (823.727)	Loss 5.3146467209 (6.1831)	Prec@1 10.547 (2.572)	Prec@5 19.922 (7.973)
Epoch: [0][4410/5005]	Time 0.308 (0.311)	Speed 829.965 (823.741)	Loss 5.0820131302 (6.1806)	Prec@1 9.766 (2.588)	Prec@5 21.484 (8.004)
Epoch: [0][4420/5005]	Time 0.309 (0.311)	Speed 828.362 (823.751)	Loss 5.2095408440 (6.1784)	Prec@1 6.250 (2.597)	Prec@5 17.188 (8.025)
Epoch: [0][4430/5005]	Time 0.308 (0.311)	Speed 830.409 (823.766)	Loss 5.2390933037 (6.1763)	Prec@1 6.641 (2.606)	Prec@5 21.875 (8.056)
Epoch: [0][4440/5005]	Time 0.308 (0.311)	Speed 830.171 (823.781)	Loss 5.0994749069 (6.1739)	Prec@1 6.641 (2.615)	Prec@5 22.266 (8.088)
Epoch: [0][4450/5005]	Time 0.308 (0.311)	Speed 830.516 (823.796)	Loss 5.2419061661 (6.1718)	Prec@1 5.078 (2.620)	Prec@5 21.484 (8.118)
Epoch: [0][4460/5005]	Time 0.308 (0.311)	Speed 830.419 (823.810)	Loss 5.2845282555 (6.1698)	Prec@1 6.641 (2.629)	Prec@5 18.359 (8.141)
Epoch: [0][4470/5005]	Time 0.308 (0.311)	Speed 830.395 (823.825)	Loss 5.1170001030 (6.1674)	Prec@1 10.547 (2.647)	Prec@5 23.438 (8.175)
Epoch: [0][4480/5005]	Time 0.308 (0.311)	Speed 830.372 (823.840)	Loss 5.2662191391 (6.1654)	Prec@1 6.250 (2.655)	Prec@5 18.750 (8.199)
Epoch: [0][4490/5005]	Time 0.308 (0.311)	Speed 830.370 (823.854)	Loss 5.1513094902 (6.1631)	Prec@1 7.422 (2.666)	Prec@5 20.312 (8.226)
Epoch: [0][4500/5005]	Time 0.308 (0.311)	Speed 829.945 (823.867)	Loss 5.1689271927 (6.1609)	Prec@1 5.469 (2.672)	Prec@5 18.750 (8.249)
Epoch: [0][4510/5005]	Time 0.308 (0.311)	Speed 829.902 (823.881)	Loss 5.2263073921 (6.1589)	Prec@1 6.250 (2.680)	Prec@5 20.703 (8.277)
Epoch: [0][4520/5005]	Time 0.308 (0.311)	Speed 829.988 (823.894)	Loss 5.2543520927 (6.1569)	Prec@1 7.422 (2.690)	Prec@5 20.312 (8.303)
Epoch: [0][4530/5005]	Time 0.308 (0.311)	Speed 830.047 (823.908)	Loss 5.2432694435 (6.1549)	Prec@1 6.641 (2.699)	Prec@5 21.875 (8.333)
Epoch: [0][4540/5005]	Time 0.309 (0.311)	Speed 827.710 (823.916)	Loss 5.2260794640 (6.1528)	Prec@1 6.641 (2.708)	Prec@5 14.844 (8.348)
Epoch: [0][4550/5005]	Time 0.309 (0.311)	Speed 828.172 (823.925)	Loss 5.3200697899 (6.1510)	Prec@1 8.984 (2.721)	Prec@5 21.094 (8.376)
Epoch: [0][4560/5005]	Time 0.308 (0.311)	Speed 830.435 (823.939)	Loss 5.2663474083 (6.1490)	Prec@1 7.422 (2.732)	Prec@5 18.750 (8.398)
Epoch: [0][4570/5005]	Time 0.308 (0.311)	Speed 830.043 (823.953)	Loss 5.1783227921 (6.1469)	Prec@1 7.422 (2.742)	Prec@5 19.531 (8.423)
Epoch: [0][4580/5005]	Time 0.309 (0.311)	Speed 829.757 (823.965)	Loss 5.1338253021 (6.1447)	Prec@1 8.594 (2.755)	Prec@5 19.922 (8.448)
Epoch: [0][4590/5005]	Time 0.308 (0.311)	Speed 830.511 (823.979)	Loss 5.3136439323 (6.1429)	Prec@1 5.469 (2.761)	Prec@5 16.016 (8.464)
Epoch: [0][4600/5005]	Time 0.308 (0.311)	Speed 830.181 (823.993)	Loss 5.1509575844 (6.1407)	Prec@1 7.812 (2.772)	Prec@5 22.656 (8.495)
Epoch: [0][4610/5005]	Time 0.309 (0.311)	Speed 828.266 (824.002)	Loss 5.1196494102 (6.1385)	Prec@1 7.812 (2.783)	Prec@5 20.703 (8.522)
Epoch: [0][4620/5005]	Time 0.309 (0.311)	Speed 827.527 (824.010)	Loss 5.0884165764 (6.1362)	Prec@1 8.594 (2.795)	Prec@5 22.656 (8.552)
Epoch: [0][4630/5005]	Time 0.309 (0.311)	Speed 829.720 (824.022)	Loss 5.1095204353 (6.1340)	Prec@1 9.375 (2.809)	Prec@5 20.703 (8.579)
Epoch: [0][4640/5005]	Time 0.309 (0.311)	Speed 828.572 (824.032)	Loss 5.1476712227 (6.1319)	Prec@1 11.328 (2.828)	Prec@5 23.828 (8.611)
Epoch: [0][4650/5005]	Time 0.308 (0.311)	Speed 830.027 (824.044)	Loss 5.0592517853 (6.1296)	Prec@1 9.375 (2.842)	Prec@5 23.047 (8.642)
Epoch: [0][4660/5005]	Time 0.308 (0.311)	Speed 830.162 (824.057)	Loss 4.9839520454 (6.1271)	Prec@1 12.109 (2.862)	Prec@5 22.266 (8.672)
Epoch: [0][4670/5005]	Time 0.308 (0.311)	Speed 830.345 (824.071)	Loss 5.0937151909 (6.1249)	Prec@1 9.375 (2.876)	Prec@5 23.828 (8.704)
Epoch: [0][4680/5005]	Time 0.308 (0.311)	Speed 829.915 (824.083)	Loss 5.3943381310 (6.1234)	Prec@1 4.688 (2.880)	Prec@5 15.625 (8.719)
Epoch: [0][4690/5005]	Time 0.308 (0.311)	Speed 829.959 (824.096)	Loss 5.1219892502 (6.1212)	Prec@1 6.641 (2.888)	Prec@5 19.531 (8.742)
Epoch: [0][4700/5005]	Time 0.308 (0.311)	Speed 830.437 (824.109)	Loss 4.9436445236 (6.1187)	Prec@1 7.812 (2.898)	Prec@5 20.312 (8.767)
Epoch: [0][4710/5005]	Time 0.308 (0.311)	Speed 829.897 (824.121)	Loss 4.9464778900 (6.1162)	Prec@1 11.328 (2.916)	Prec@5 25.391 (8.802)
Epoch: [0][4720/5005]	Time 0.308 (0.311)	Speed 830.142 (824.134)	Loss 5.2200679779 (6.1143)	Prec@1 5.078 (2.921)	Prec@5 19.141 (8.824)
Epoch: [0][4730/5005]	Time 0.308 (0.311)	Speed 830.357 (824.147)	Loss 5.1455979347 (6.1123)	Prec@1 7.812 (2.931)	Prec@5 21.875 (8.851)
Epoch: [0][4740/5005]	Time 0.308 (0.311)	Speed 830.513 (824.160)	Loss 4.9243903160 (6.1098)	Prec@1 12.109 (2.950)	Prec@5 23.047 (8.881)
Epoch: [0][4750/5005]	Time 0.308 (0.311)	Speed 830.115 (824.173)	Loss 5.0999045372 (6.1077)	Prec@1 8.594 (2.962)	Prec@5 23.828 (8.913)
Epoch: [0][4760/5005]	Time 0.308 (0.311)	Speed 830.157 (824.185)	Loss 5.0854735374 (6.1055)	Prec@1 4.688 (2.966)	Prec@5 19.922 (8.936)
Epoch: [0][4770/5005]	Time 0.308 (0.311)	Speed 829.996 (824.197)	Loss 5.1451702118 (6.1035)	Prec@1 8.594 (2.978)	Prec@5 20.703 (8.961)
Epoch: [0][4780/5005]	Time 0.308 (0.311)	Speed 830.087 (824.209)	Loss 5.1043205261 (6.1014)	Prec@1 8.594 (2.989)	Prec@5 19.141 (8.982)
Epoch: [0][4790/5005]	Time 0.308 (0.311)	Speed 829.856 (824.221)	Loss 5.0521712303 (6.0992)	Prec@1 10.547 (3.005)	Prec@5 25.391 (9.016)
Epoch: [0][4800/5005]	Time 0.308 (0.311)	Speed 830.310 (824.234)	Loss 5.1711473465 (6.0973)	Prec@1 8.984 (3.018)	Prec@5 21.484 (9.042)
Epoch: [0][4810/5005]	Time 0.308 (0.311)	Speed 830.092 (824.246)	Loss 4.9231896400 (6.0948)	Prec@1 9.766 (3.032)	Prec@5 20.312 (9.066)
Epoch: [0][4820/5005]	Time 0.308 (0.311)	Speed 830.236 (824.258)	Loss 5.0161504745 (6.0926)	Prec@1 7.031 (3.040)	Prec@5 20.703 (9.090)
Epoch: [0][4830/5005]	Time 0.308 (0.311)	Speed 830.347 (824.271)	Loss 5.2436685562 (6.0908)	Prec@1 7.812 (3.050)	Prec@5 22.266 (9.117)
Epoch: [0][4840/5005]	Time 0.308 (0.311)	Speed 830.001 (824.283)	Loss 4.9113154411 (6.0884)	Prec@1 5.469 (3.055)	Prec@5 21.094 (9.142)
Epoch: [0][4850/5005]	Time 0.309 (0.311)	Speed 829.643 (824.293)	Loss 5.0954284668 (6.0864)	Prec@1 8.594 (3.066)	Prec@5 23.047 (9.170)
Epoch: [0][4860/5005]	Time 0.308 (0.311)	Speed 830.246 (824.306)	Loss 5.2895555496 (6.0847)	Prec@1 6.641 (3.074)	Prec@5 21.094 (9.195)
Epoch: [0][4870/5005]	Time 0.310 (0.311)	Speed 826.220 (824.310)	Loss 5.0822978020 (6.0827)	Prec@1 8.984 (3.086)	Prec@5 20.703 (9.219)
Epoch: [0][4880/5005]	Time 0.308 (0.311)	Speed 830.045 (824.321)	Loss 5.1070971489 (6.0807)	Prec@1 8.984 (3.098)	Prec@5 24.609 (9.250)
Epoch: [0][4890/5005]	Time 0.309 (0.311)	Speed 829.037 (824.331)	Loss 4.8650484085 (6.0782)	Prec@1 13.672 (3.119)	Prec@5 24.609 (9.282)
Epoch: [0][4900/5005]	Time 0.308 (0.311)	Speed 830.354 (824.343)	Loss 5.0459208488 (6.0761)	Prec@1 8.203 (3.130)	Prec@5 18.750 (9.301)
Epoch: [0][4910/5005]	Time 0.309 (0.311)	Speed 828.776 (824.352)	Loss 5.0491304398 (6.0740)	Prec@1 8.984 (3.142)	Prec@5 19.922 (9.322)
Epoch: [0][4920/5005]	Time 0.308 (0.311)	Speed 829.952 (824.363)	Loss 5.0356626511 (6.0719)	Prec@1 8.984 (3.154)	Prec@5 23.047 (9.350)
Epoch: [0][4930/5005]	Time 0.308 (0.311)	Speed 830.172 (824.375)	Loss 5.1334958076 (6.0700)	Prec@1 5.078 (3.157)	Prec@5 21.094 (9.374)
Epoch: [0][4940/5005]	Time 0.309 (0.311)	Speed 829.419 (824.385)	Loss 4.8699512482 (6.0675)	Prec@1 11.328 (3.174)	Prec@5 26.953 (9.410)
Epoch: [0][4950/5005]	Time 0.309 (0.311)	Speed 828.646 (824.394)	Loss 4.9318737984 (6.0652)	Prec@1 10.938 (3.190)	Prec@5 23.828 (9.439)
Epoch: [0][4960/5005]	Time 0.308 (0.311)	Speed 830.182 (824.405)	Loss 4.9814739227 (6.0631)	Prec@1 12.500 (3.208)	Prec@5 26.953 (9.474)
Epoch: [0][4970/5005]	Time 0.308 (0.311)	Speed 829.849 (824.416)	Loss 5.0481796265 (6.0610)	Prec@1 7.031 (3.216)	Prec@5 22.266 (9.500)
Epoch: [0][4980/5005]	Time 0.308 (0.311)	Speed 829.843 (824.427)	Loss 5.0390977859 (6.0590)	Prec@1 8.984 (3.228)	Prec@5 25.781 (9.533)
Epoch: [0][4990/5005]	Time 0.308 (0.311)	Speed 830.124 (824.438)	Loss 4.9741668701 (6.0568)	Prec@1 8.984 (3.239)	Prec@5 23.438 (9.561)
Epoch: [0][5000/5005]	Time 0.308 (0.311)	Speed 830.253 (824.450)	Loss 5.0496401787 (6.0548)	Prec@1 10.547 (3.254)	Prec@5 23.828 (9.589)
Test: [10/196]	Time 0.107 (0.436)	Speed 2388.721 (587.749)	Loss 4.6928 (4.6416)	Prec@1 10.938 (12.148)	Prec@5 31.641 (31.289)
Test: [20/196]	Time 0.782 (0.373)	Speed 327.351 (686.360)	Loss 4.7591 (4.8215)	Prec@1 13.672 (11.270)	Prec@5 32.422 (27.227)
Test: [30/196]	Time 0.105 (0.332)	Speed 2433.078 (771.981)	Loss 4.7798 (4.7130)	Prec@1 11.719 (11.784)	Prec@5 27.344 (29.440)
Test: [40/196]	Time 0.517 (0.322)	Speed 495.499 (793.931)	Loss 4.9243 (4.8300)	Prec@1 4.688 (10.098)	Prec@5 16.797 (26.289)
Test: [50/196]	Time 0.105 (0.313)	Speed 2430.149 (818.371)	Loss 4.8647 (4.8525)	Prec@1 6.250 (9.320)	Prec@5 22.266 (25.438)
Test: [60/196]	Time 0.105 (0.309)	Speed 2433.084 (829.759)	Loss 4.6732 (4.8818)	Prec@1 8.203 (8.874)	Prec@5 26.562 (24.889)
Test: [70/196]	Time 0.119 (0.309)	Speed 2152.080 (827.561)	Loss 5.5443 (4.8686)	Prec@1 2.734 (9.258)	Prec@5 9.766 (25.223)
Test: [80/196]	Time 0.105 (0.304)	Speed 2436.872 (842.019)	Loss 4.1214 (4.8689)	Prec@1 15.625 (9.512)	Prec@5 36.328 (25.376)
Test: [90/196]	Time 0.106 (0.303)	Speed 2415.894 (843.855)	Loss 4.8562 (4.9044)	Prec@1 10.938 (9.275)	Prec@5 21.484 (24.722)
Test: [100/196]	Time 0.105 (0.298)	Speed 2429.000 (858.860)	Loss 4.6803 (4.9198)	Prec@1 8.984 (9.293)	Prec@5 28.906 (24.664)
Test: [110/196]	Time 0.105 (0.300)	Speed 2434.071 (853.646)	Loss 5.7909 (4.9362)	Prec@1 2.344 (9.165)	Prec@5 9.766 (24.460)
Test: [120/196]	Time 0.105 (0.295)	Speed 2431.943 (869.116)	Loss 5.0137 (4.9526)	Prec@1 7.422 (9.062)	Prec@5 22.656 (24.274)
Test: [130/196]	Time 0.131 (0.295)	Speed 1948.372 (867.606)	Loss 4.8391 (4.9581)	Prec@1 4.297 (9.032)	Prec@5 19.141 (24.267)
Test: [140/196]	Time 0.105 (0.291)	Speed 2439.956 (880.161)	Loss 4.7159 (4.9709)	Prec@1 10.938 (8.917)	Prec@5 27.734 (24.023)
Test: [150/196]	Time 0.329 (0.292)	Speed 778.028 (876.162)	Loss 5.8258 (4.9981)	Prec@1 2.734 (8.706)	Prec@5 8.203 (23.510)
Test: [160/196]	Time 0.105 (0.290)	Speed 2432.009 (881.776)	Loss 4.9926 (5.0102)	Prec@1 7.422 (8.647)	Prec@5 22.266 (23.308)
Test: [170/196]	Time 0.481 (0.293)	Speed 532.031 (873.268)	Loss 5.0025 (5.0229)	Prec@1 4.297 (8.408)	Prec@5 20.703 (22.960)
Test: [180/196]	Time 0.105 (0.291)	Speed 2437.519 (880.987)	Loss 4.3721 (5.0228)	Prec@1 12.891 (8.383)	Prec@5 28.906 (22.967)
Test: [190/196]	Time 0.348 (0.292)	Speed 735.781 (877.182)	Loss 4.9209 (4.9891)	Prec@1 8.984 (8.697)	Prec@5 24.219 (23.536)
 * Prec@1 9.126 Prec@5 24.084