Files already downloaded and verified
Files already downloaded and verified
start train
epoch: 1         iter:    20     loss: 6.877     time used: 2.101
epoch: 1         iter:    40     loss: 5.824     time used: 1.875
epoch: 1         iter:    60     loss: 3.242     time used: 1.876
epoch: 1         iter:    80     loss: 2.384     time used: 1.875
epoch: 1         iter:   100     loss: 2.377     time used: 1.873
epoch: 1         iter:   120     loss: 2.370     time used: 1.873
epoch: 2         iter:    20     loss: 2.358     time used: 2.616
epoch: 2         iter:    40     loss: 2.352     time used: 1.890
epoch: 2         iter:    60     loss: 2.348     time used: 1.878
epoch: 2         iter:    80     loss: 2.346     time used: 1.885
epoch: 2         iter:   100     loss: 2.349     time used: 1.889
epoch: 2         iter:   120     loss: 2.340     time used: 1.892
epoch: 3         iter:    20     loss: 2.333     time used: 2.656
epoch: 3         iter:    40     loss: 2.337     time used: 1.888
epoch: 3         iter:    60     loss: 2.329     time used: 1.889
epoch: 3         iter:    80     loss: 2.328     time used: 1.890
epoch: 3         iter:   100     loss: 2.325     time used: 1.888
epoch: 3         iter:   120     loss: 2.319     time used: 1.892
epoch: 4         iter:    20     loss: 2.299     time used: 2.668
epoch: 4         iter:    40     loss: 2.275     time used: 1.907
epoch: 4         iter:    60     loss: 2.213     time used: 1.901
epoch: 4         iter:    80     loss: 2.148     time used: 1.895
epoch: 4         iter:   100     loss: 2.104     time used: 1.898
epoch: 4         iter:   120     loss: 2.058     time used: 1.906
epoch: 5         iter:    20     loss: 2.052     time used: 2.675
epoch: 5         iter:    40     loss: 2.016     time used: 1.903
epoch: 5         iter:    60     loss: 2.003     time used: 1.906
epoch: 5         iter:    80     loss: 2.012     time used: 1.900
epoch: 5         iter:   100     loss: 1.970     time used: 1.904
epoch: 5         iter:   120     loss: 1.966     time used: 1.902
epoch: 6         iter:    20     loss: 1.937     time used: 2.686
epoch: 6         iter:    40     loss: 1.920     time used: 1.894
epoch: 6         iter:    60     loss: 1.926     time used: 1.896
epoch: 6         iter:    80     loss: 1.901     time used: 1.897
epoch: 6         iter:   100     loss: 1.926     time used: 1.898
epoch: 6         iter:   120     loss: 1.887     time used: 1.899
epoch: 7         iter:    20     loss: 1.913     time used: 2.666
epoch: 7         iter:    40     loss: 1.875     time used: 1.900
epoch: 7         iter:    60     loss: 1.867     time used: 1.901
epoch: 7         iter:    80     loss: 1.851     time used: 1.900
epoch: 7         iter:   100     loss: 1.867     time used: 1.902
epoch: 7         iter:   120     loss: 1.805     time used: 1.899
epoch: 8         iter:    20     loss: 1.794     time used: 2.703
epoch: 8         iter:    40     loss: 1.799     time used: 1.911
epoch: 8         iter:    60     loss: 1.790     time used: 1.915
epoch: 8         iter:    80     loss: 1.753     time used: 1.913
epoch: 8         iter:   100     loss: 1.743     time used: 1.913
epoch: 8         iter:   120     loss: 1.740     time used: 1.915
epoch: 9         iter:    20     loss: 1.710     time used: 2.680
epoch: 9         iter:    40     loss: 1.703     time used: 1.904
epoch: 9         iter:    60     loss: 1.681     time used: 1.902
epoch: 9         iter:    80     loss: 1.665     time used: 1.901
epoch: 9         iter:   100     loss: 1.670     time used: 1.907
epoch: 9         iter:   120     loss: 1.651     time used: 1.904
epoch: 10        iter:    20     loss: 1.626     time used: 2.677
epoch: 10        iter:    40     loss: 1.615     time used: 1.898
epoch: 10        iter:    60     loss: 1.625     time used: 1.885
epoch: 10        iter:    80     loss: 1.583     time used: 1.881
epoch: 10        iter:   100     loss: 1.589     time used: 1.880
epoch: 10        iter:   120     loss: 1.596     time used: 1.879
epoch: 11        iter:    20     loss: 1.563     time used: 2.611
epoch: 11        iter:    40     loss: 1.554     time used: 1.886
epoch: 11        iter:    60     loss: 1.558     time used: 1.885
epoch: 11        iter:    80     loss: 1.598     time used: 1.881
epoch: 11        iter:   100     loss: 1.518     time used: 1.888
epoch: 11        iter:   120     loss: 1.515     time used: 1.889
epoch: 12        iter:    20     loss: 1.496     time used: 2.579
epoch: 12        iter:    40     loss: 1.488     time used: 1.912
epoch: 12        iter:    60     loss: 1.479     time used: 1.911
epoch: 12        iter:    80     loss: 1.478     time used: 1.920
epoch: 12        iter:   100     loss: 1.442     time used: 1.920
epoch: 12        iter:   120     loss: 1.450     time used: 1.907
epoch: 13        iter:    20     loss: 1.452     time used: 2.692
epoch: 13        iter:    40     loss: 1.461     time used: 1.905
epoch: 13        iter:    60     loss: 1.468     time used: 1.904
epoch: 13        iter:    80     loss: 1.400     time used: 1.901
epoch: 13        iter:   100     loss: 1.406     time used: 1.901
epoch: 13        iter:   120     loss: 1.407     time used: 1.902
epoch: 14        iter:    20     loss: 1.368     time used: 2.635
epoch: 14        iter:    40     loss: 1.374     time used: 1.900
epoch: 14        iter:    60     loss: 1.349     time used: 1.900
epoch: 14        iter:    80     loss: 1.359     time used: 1.898
epoch: 14        iter:   100     loss: 1.337     time used: 1.901
epoch: 14        iter:   120     loss: 1.324     time used: 1.903
epoch: 15        iter:    20     loss: 1.325     time used: 2.673
epoch: 15        iter:    40     loss: 1.277     time used: 1.898
epoch: 15        iter:    60     loss: 1.318     time used: 1.903
epoch: 15        iter:    80     loss: 1.287     time used: 1.899
epoch: 15        iter:   100     loss: 1.268     time used: 1.900
epoch: 15        iter:   120     loss: 1.262     time used: 1.900
epoch: 16        iter:    20     loss: 1.253     time used: 2.632
epoch: 16        iter:    40     loss: 1.262     time used: 1.907
epoch: 16        iter:    60     loss: 1.240     time used: 1.909
epoch: 16        iter:    80     loss: 1.248     time used: 1.909
epoch: 16        iter:   100     loss: 1.197     time used: 1.907
epoch: 16        iter:   120     loss: 1.221     time used: 1.907
epoch: 17        iter:    20     loss: 1.205     time used: 2.672
epoch: 17        iter:    40     loss: 1.221     time used: 1.899
epoch: 17        iter:    60     loss: 1.191     time used: 1.907
epoch: 17        iter:    80     loss: 1.186     time used: 1.901
epoch: 17        iter:   100     loss: 1.133     time used: 1.908
epoch: 17        iter:   120     loss: 1.193     time used: 1.903
epoch: 18        iter:    20     loss: 1.168     time used: 2.637
epoch: 18        iter:    40     loss: 1.125     time used: 1.902
epoch: 18        iter:    60     loss: 1.158     time used: 1.901
epoch: 18        iter:    80     loss: 1.129     time used: 1.903
epoch: 18        iter:   100     loss: 1.138     time used: 1.901
epoch: 18        iter:   120     loss: 1.126     time used: 1.900
epoch: 19        iter:    20     loss: 1.111     time used: 2.700
epoch: 19        iter:    40     loss: 1.084     time used: 1.922
epoch: 19        iter:    60     loss: 1.055     time used: 1.918
epoch: 19        iter:    80     loss: 1.088     time used: 1.920
epoch: 19        iter:   100     loss: 1.094     time used: 1.923
epoch: 19        iter:   120     loss: 1.072     time used: 1.921
epoch: 20        iter:    20     loss: 1.052     time used: 2.703
epoch: 20        iter:    40     loss: 1.025     time used: 1.904
epoch: 20        iter:    60     loss: 1.052     time used: 1.908
epoch: 20        iter:    80     loss: 1.088     time used: 1.906
epoch: 20        iter:   100     loss: 1.024     time used: 1.906
epoch: 20        iter:   120     loss: 1.007     time used: 1.906
epoch: 21        iter:    20     loss: 0.999     time used: 2.693
epoch: 21        iter:    40     loss: 1.065     time used: 1.911
epoch: 21        iter:    60     loss: 1.018     time used: 1.916
epoch: 21        iter:    80     loss: 0.991     time used: 1.918
epoch: 21        iter:   100     loss: 0.974     time used: 1.909
epoch: 21        iter:   120     loss: 1.008     time used: 1.916
epoch: 22        iter:    20     loss: 0.961     time used: 2.698
epoch: 22        iter:    40     loss: 0.945     time used: 1.909
epoch: 22        iter:    60     loss: 0.969     time used: 1.903
epoch: 22        iter:    80     loss: 0.950     time used: 1.917
epoch: 22        iter:   100     loss: 0.972     time used: 1.903
epoch: 22        iter:   120     loss: 0.927     time used: 1.904
epoch: 23        iter:    20     loss: 0.935     time used: 2.712
epoch: 23        iter:    40     loss: 0.887     time used: 1.909
epoch: 23        iter:    60     loss: 0.903     time used: 1.922
epoch: 23        iter:    80     loss: 0.911     time used: 1.917
epoch: 23        iter:   100     loss: 0.943     time used: 1.911
epoch: 23        iter:   120     loss: 0.932     time used: 1.909
epoch: 24        iter:    20     loss: 0.882     time used: 2.684
epoch: 24        iter:    40     loss: 0.900     time used: 1.886
epoch: 24        iter:    60     loss: 0.888     time used: 1.886
epoch: 24        iter:    80     loss: 0.861     time used: 1.887
epoch: 24        iter:   100     loss: 0.891     time used: 1.887
epoch: 24        iter:   120     loss: 0.852     time used: 1.890
epoch: 25        iter:    20     loss: 0.800     time used: 2.636
epoch: 25        iter:    40     loss: 0.839     time used: 1.900
epoch: 25        iter:    60     loss: 0.822     time used: 1.898
epoch: 25        iter:    80     loss: 0.830     time used: 1.897
epoch: 25        iter:   100     loss: 0.831     time used: 1.905
epoch: 25        iter:   120     loss: 0.798     time used: 1.908
epoch: 26        iter:    20     loss: 0.772     time used: 2.687
epoch: 26        iter:    40     loss: 0.791     time used: 1.907
epoch: 26        iter:    60     loss: 0.783     time used: 1.904
epoch: 26        iter:    80     loss: 0.787     time used: 1.907
epoch: 26        iter:   100     loss: 0.831     time used: 1.905
epoch: 26        iter:   120     loss: 0.803     time used: 1.909
epoch: 27        iter:    20     loss: 0.745     time used: 2.683
epoch: 27        iter:    40     loss: 0.768     time used: 1.905
epoch: 27        iter:    60     loss: 0.794     time used: 1.904
epoch: 27        iter:    80     loss: 0.763     time used: 1.903
epoch: 27        iter:   100     loss: 0.723     time used: 1.904
epoch: 27        iter:   120     loss: 0.730     time used: 1.902
epoch: 28        iter:    20     loss: 0.771     time used: 2.674
epoch: 28        iter:    40     loss: 0.743     time used: 1.900
epoch: 28        iter:    60     loss: 0.714     time used: 1.899
epoch: 28        iter:    80     loss: 0.696     time used: 1.905
epoch: 28        iter:   100     loss: 0.726     time used: 1.905
epoch: 28        iter:   120     loss: 0.718     time used: 1.906
epoch: 29        iter:    20     loss: 0.656     time used: 2.634
epoch: 29        iter:    40     loss: 0.684     time used: 1.902
epoch: 29        iter:    60     loss: 0.658     time used: 1.902
epoch: 29        iter:    80     loss: 0.627     time used: 1.903
epoch: 29        iter:   100     loss: 0.689     time used: 1.901
epoch: 29        iter:   120     loss: 0.677     time used: 1.908
epoch: 30        iter:    20     loss: 0.610     time used: 2.688
epoch: 30        iter:    40     loss: 0.617     time used: 1.903
epoch: 30        iter:    60     loss: 0.713     time used: 1.902
epoch: 30        iter:    80     loss: 0.653     time used: 1.903
epoch: 30        iter:   100     loss: 0.719     time used: 1.902
epoch: 30        iter:   120     loss: 0.606     time used: 1.903
epoch: 31        iter:    20     loss: 0.579     time used: 2.691
epoch: 31        iter:    40     loss: 0.600     time used: 1.907
epoch: 31        iter:    60     loss: 0.570     time used: 1.905
epoch: 31        iter:    80     loss: 0.589     time used: 1.909
epoch: 31        iter:   100     loss: 0.616     time used: 1.906
epoch: 31        iter:   120     loss: 0.609     time used: 1.901
epoch: 32        iter:    20     loss: 0.511     time used: 2.688
epoch: 32        iter:    40     loss: 0.541     time used: 1.905
epoch: 32        iter:    60     loss: 0.550     time used: 1.906
epoch: 32        iter:    80     loss: 0.573     time used: 1.906
epoch: 32        iter:   100     loss: 0.558     time used: 1.904
epoch: 32        iter:   120     loss: 0.553     time used: 1.906
epoch: 33        iter:    20     loss: 0.480     time used: 2.670
epoch: 33        iter:    40     loss: 0.481     time used: 1.903
epoch: 33        iter:    60     loss: 0.525     time used: 1.902
epoch: 33        iter:    80     loss: 0.475     time used: 1.901
epoch: 33        iter:   100     loss: 0.513     time used: 1.906
epoch: 33        iter:   120     loss: 0.502     time used: 1.907
epoch: 34        iter:    20     loss: 0.403     time used: 2.701
epoch: 34        iter:    40     loss: 0.486     time used: 1.914
epoch: 34        iter:    60     loss: 0.442     time used: 1.917
epoch: 34        iter:    80     loss: 0.471     time used: 1.902
epoch: 34        iter:   100     loss: 0.448     time used: 1.917
epoch: 34        iter:   120     loss: 0.497     time used: 1.920
epoch: 35        iter:    20     loss: 0.364     time used: 2.715
epoch: 35        iter:    40     loss: 0.373     time used: 1.915
epoch: 35        iter:    60     loss: 0.402     time used: 1.910
epoch: 35        iter:    80     loss: 0.419     time used: 1.907
epoch: 35        iter:   100     loss: 0.421     time used: 1.907
epoch: 35        iter:   120     loss: 0.480     time used: 1.905
epoch: 36        iter:    20     loss: 0.381     time used: 2.657
epoch: 36        iter:    40     loss: 0.345     time used: 1.884
epoch: 36        iter:    60     loss: 0.377     time used: 1.880
epoch: 36        iter:    80     loss: 0.394     time used: 1.883
epoch: 36        iter:   100     loss: 0.384     time used: 1.884
epoch: 36        iter:   120     loss: 0.389     time used: 1.881
epoch: 37        iter:    20     loss: 0.370     time used: 2.607
epoch: 37        iter:    40     loss: 0.338     time used: 1.885
epoch: 37        iter:    60     loss: 0.314     time used: 1.885
epoch: 37        iter:    80     loss: 0.353     time used: 1.890
epoch: 37        iter:   100     loss: 0.326     time used: 1.889
epoch: 37        iter:   120     loss: 0.427     time used: 1.889
epoch: 38        iter:    20     loss: 0.268     time used: 2.624
epoch: 38        iter:    40     loss: 0.293     time used: 1.886
epoch: 38        iter:    60     loss: 0.272     time used: 1.888
epoch: 38        iter:    80     loss: 0.303     time used: 1.886
epoch: 38        iter:   100     loss: 0.301     time used: 1.887
epoch: 38        iter:   120     loss: 0.337     time used: 1.885
epoch: 39        iter:    20     loss: 0.257     time used: 2.637
epoch: 39        iter:    40     loss: 0.285     time used: 1.906
epoch: 39        iter:    60     loss: 0.276     time used: 1.905
epoch: 39        iter:    80     loss: 0.279     time used: 1.908
epoch: 39        iter:   100     loss: 0.288     time used: 1.907
epoch: 39        iter:   120     loss: 0.290     time used: 1.917
epoch: 40        iter:    20     loss: 0.223     time used: 2.703
epoch: 40        iter:    40     loss: 0.221     time used: 1.899
epoch: 40        iter:    60     loss: 0.233     time used: 1.902
epoch: 40        iter:    80     loss: 0.237     time used: 1.905
epoch: 40        iter:   100     loss: 0.269     time used: 1.902
epoch: 40        iter:   120     loss: 0.246     time used: 1.903
total time: 486.917
Finished Training
Accuracy of plane : 82 %
Accuracy of   car : 87 %
Accuracy of  bird : 48 %
Accuracy of   cat : 50 %
Accuracy of  deer : 50 %
Accuracy of   dog : 51 %
Accuracy of  frog : 71 %
Accuracy of horse : 83 %
Accuracy of  ship : 81 %
Accuracy of truck : 84 %
Total accuracy: 68 %