=> creating model 'resnet50'
=> creating model 'resnet50'
=> creating model 'resnet50'
=> creating model 'resnet50'
Selected optimization level O2:  FP16 training with FP32 batchnorm and FP32 master weights.

Defaults for this optimization level are:
enabled                : True
opt_level              : O2
cast_model_type        : torch.float16
patch_torch_functions  : False
keep_batchnorm_fp32    : True
master_weights         : True
loss_scale             : dynamic
Processing user overrides (additional kwargs that are not None)...
After processing overrides, optimization options are:
enabled                : True
opt_level              : O2
cast_model_type        : torch.float16
patch_torch_functions  : False
keep_batchnorm_fp32    : True
master_weights         : True
loss_scale             : dynamic
Files already downloaded and verified
Files already downloaded and verified
Files already downloaded and verified
Files already downloaded and verified
Files already downloaded and verified
Files already downloaded and verified
Files already downloaded and verified
Files already downloaded and verified
Gradient overflow.  Skipping step, loss scaler 0 reducing loss scale to 32768.0
Gradient overflow.  Skipping step, loss scaler 0 reducing loss scale to 32768.0
Gradient overflow.  Skipping step, loss scaler 0 reducing loss scale to 32768.0
Gradient overflow.  Skipping step, loss scaler 0 reducing loss scale to 32768.0
Gradient overflow.  Skipping step, loss scaler 0 reducing loss scale to 16384.0
Gradient overflow.  Skipping step, loss scaler 0 reducing loss scale to 16384.0
Gradient overflow.  Skipping step, loss scaler 0 reducing loss scale to 16384.0
Gradient overflow.  Skipping step, loss scaler 0 reducing loss scale to 16384.0
/opt/conda/lib/python3.6/site-packages/torch/distributed/distributed_c10d.py:100: UserWarning: torch.distributed.reduce_op is deprecated, please use torch.distributed.ReduceOp instead
  warnings.warn("torch.distributed.reduce_op is deprecated, please use "
/opt/conda/lib/python3.6/site-packages/torch/distributed/distributed_c10d.py:100: UserWarning: torch.distributed.reduce_op is deprecated, please use torch.distributed.ReduceOp instead
  warnings.warn("torch.distributed.reduce_op is deprecated, please use "
/opt/conda/lib/python3.6/site-packages/torch/distributed/distributed_c10d.py:100: UserWarning: torch.distributed.reduce_op is deprecated, please use torch.distributed.ReduceOp instead
  warnings.warn("torch.distributed.reduce_op is deprecated, please use "
/opt/conda/lib/python3.6/site-packages/torch/distributed/distributed_c10d.py:100: UserWarning: torch.distributed.reduce_op is deprecated, please use torch.distributed.ReduceOp instead
  warnings.warn("torch.distributed.reduce_op is deprecated, please use "
Epoch: [0][10/49]	Time 1.355 (1.355)	Speed 755.700 (755.700)	Loss 4.0114154816 (4.0114)	Prec@1 8.594 (8.594)	Prec@5 53.809 (53.809)
Epoch: [0][20/49]	Time 0.355 (0.855)	Speed 2884.766 (1197.658)	Loss 4.0531229973 (4.0323)	Prec@1 10.742 (9.668)	Prec@5 50.879 (52.344)
Epoch: [0][30/49]	Time 0.349 (0.686)	Speed 2936.935 (1492.228)	Loss 3.6222820282 (3.8956)	Prec@1 12.207 (10.514)	Prec@5 50.195 (51.628)
Epoch: [0][40/49]	Time 0.347 (0.601)	Speed 2949.582 (1702.528)	Loss 2.7876195908 (3.6186)	Prec@1 11.621 (10.791)	Prec@5 52.051 (51.733)
 * Prec@1 16.050 Prec@5 56.930
 * Prec@1 16.050 Prec@5 56.930
Test: [10/10]	Time 2.044 (0.430)	Speed 501.088 (2383.859)	Loss 2.4175 (2.3936)	Prec@1 16.837 (16.050)	Prec@5 57.398 (56.930)
 * Prec@1 16.050 Prec@5 56.930
 * Prec@1 16.050 Prec@5 56.930
Epoch: [1][10/49]	Time 0.423 (0.423)	Speed 2423.618 (2423.618)	Loss 2.2149891853 (2.2150)	Prec@1 17.773 (17.773)	Prec@5 70.117 (70.117)
Epoch: [1][20/49]	Time 0.349 (0.386)	Speed 2934.554 (2654.726)	Loss 2.0911908150 (2.1531)	Prec@1 20.508 (19.141)	Prec@5 74.707 (72.412)
Epoch: [1][30/49]	Time 0.358 (0.376)	Speed 2860.324 (2719.894)	Loss 2.0361695290 (2.1141)	Prec@1 20.605 (19.629)	Prec@5 76.660 (73.828)
Epoch: [1][40/49]	Time 0.353 (0.371)	Speed 2899.164 (2762.600)	Loss 2.0346717834 (2.0943)	Prec@1 23.047 (20.483)	Prec@5 77.246 (74.683)
Test: [10/10]	Time 0.194 (0.252)	Speed 5273.807 (4068.406)	Loss 1.9816 (1.9753)	Prec@1 27.041 (26.110)	Prec@5 82.143 (81.530)
 * Prec@1 26.110 Prec@5 81.530
 * Prec@1 26.110 Prec@5 81.530
 * Prec@1 26.110 Prec@5 81.530
 * Prec@1 26.110 Prec@5 81.530
Epoch: [2][10/49]	Time 0.407 (0.407)	Speed 2513.995 (2513.995)	Loss 1.9881515503 (1.9882)	Prec@1 25.586 (25.586)	Prec@5 79.785 (79.785)
Epoch: [2][20/49]	Time 0.351 (0.379)	Speed 2915.683 (2699.981)	Loss 1.9496508837 (1.9689)	Prec@1 28.223 (26.904)	Prec@5 83.887 (81.836)
Epoch: [2][30/49]	Time 0.351 (0.370)	Speed 2917.573 (2768.813)	Loss 1.8866450787 (1.9415)	Prec@1 25.586 (26.465)	Prec@5 85.156 (82.943)
Epoch: [2][40/49]	Time 0.348 (0.364)	Speed 2939.230 (2809.537)	Loss 1.8619832993 (1.9216)	Prec@1 31.348 (27.686)	Prec@5 83.789 (83.154)
 * Prec@1 32.080 Prec@5 86.720
 * Prec@1 32.080 Prec@5 86.720
Test: [10/10]	Time 0.203 (0.239)	Speed 5043.030 (4284.142)	Loss 1.7819 (1.7881)	Prec@1 30.612 (32.080)	Prec@5 88.903 (86.720)
 * Prec@1 32.080 Prec@5 86.720
 * Prec@1 32.080 Prec@5 86.720
Epoch: [3][10/49]	Time 0.423 (0.423)	Speed 2422.274 (2422.274)	Loss 1.8264181614 (1.8264)	Prec@1 30.176 (30.176)	Prec@5 85.156 (85.156)
Epoch: [3][20/49]	Time 0.353 (0.388)	Speed 2899.041 (2639.300)	Loss 1.7755835056 (1.8010)	Prec@1 34.277 (32.227)	Prec@5 86.816 (85.986)
Epoch: [3][30/49]	Time 0.347 (0.374)	Speed 2951.343 (2735.715)	Loss 1.8187881708 (1.8069)	Prec@1 31.250 (31.901)	Prec@5 84.766 (85.579)
Epoch: [3][40/49]	Time 0.352 (0.369)	Speed 2908.352 (2776.924)	Loss 1.7706098557 (1.7978)	Prec@1 32.422 (32.031)	Prec@5 87.305 (86.011)
Test: [10/10]	Time 0.188 (0.239)	Speed 5433.428 (4280.269)	Loss 1.7082 (1.7214)	Prec@1 35.587 (35.390)	Prec@5 87.755 (87.790)
 * Prec@1 35.390 Prec@5 87.790
 * Prec@1 35.390 Prec@5 87.790
 * Prec@1 35.390 Prec@5 87.790
 * Prec@1 35.390 Prec@5 87.790
Epoch: [4][10/49]	Time 0.417 (0.417)	Speed 2453.909 (2453.909)	Loss 1.7792570591 (1.7793)	Prec@1 33.105 (33.105)	Prec@5 86.621 (86.621)
Epoch: [4][20/49]	Time 0.348 (0.383)	Speed 2939.575 (2674.876)	Loss 1.6321482658 (1.7057)	Prec@1 41.895 (37.500)	Prec@5 88.477 (87.549)
Epoch: [4][30/49]	Time 0.356 (0.374)	Speed 2873.310 (2737.904)	Loss 1.6988550425 (1.7034)	Prec@1 37.012 (37.337)	Prec@5 88.477 (87.858)
Epoch: [4][40/49]	Time 0.344 (0.366)	Speed 2979.710 (2794.600)	Loss 1.6610535383 (1.6928)	Prec@1 39.453 (37.866)	Prec@5 88.281 (87.964)
Test: [10/10]	Time 0.191 (0.242)	Speed 5348.638 (4225.338)	Loss 1.5954 (1.6480)	Prec@1 40.689 (39.540)	Prec@5 89.796 (88.660)
 * Prec@1 39.540 Prec@5 88.660
 * Prec@1 39.540 Prec@5 88.660
 * Prec@1 39.540 Prec@5 88.660
 * Prec@1 39.540 Prec@5 88.660
Epoch: [5][10/49]	Time 0.413 (0.413)	Speed 2477.151 (2477.151)	Loss 1.6951162815 (1.6951)	Prec@1 35.254 (35.254)	Prec@5 89.160 (89.160)
Epoch: [5][20/49]	Time 0.348 (0.381)	Speed 2945.155 (2690.956)	Loss 1.6923458576 (1.6937)	Prec@1 38.867 (37.061)	Prec@5 87.207 (88.184)
Epoch: [5][30/49]	Time 0.360 (0.374)	Speed 2846.418 (2740.855)	Loss 1.6358211040 (1.6744)	Prec@1 40.820 (38.314)	Prec@5 88.574 (88.314)
Epoch: [5][40/49]	Time 0.358 (0.370)	Speed 2863.119 (2770.431)	Loss 1.5987374783 (1.6555)	Prec@1 42.480 (39.355)	Prec@5 88.281 (88.306)
 * Prec@1 44.030 Prec@5 91.380
 * Prec@1 44.030 Prec@5 91.380
Test: [10/10]	Time 0.193 (0.241)	Speed 5312.325 (4251.070)	Loss 1.5321 (1.5321)	Prec@1 44.388 (44.030)	Prec@5 92.857 (91.380)
 * Prec@1 44.030 Prec@5 91.380
 * Prec@1 44.030 Prec@5 91.380
Epoch: [6][10/49]	Time 0.431 (0.431)	Speed 2376.168 (2376.168)	Loss 1.5099399090 (1.5099)	Prec@1 43.262 (43.262)	Prec@5 89.648 (89.648)
Epoch: [6][20/49]	Time 0.364 (0.397)	Speed 2814.067 (2576.645)	Loss 1.5005625486 (1.5053)	Prec@1 45.898 (44.580)	Prec@5 91.602 (90.625)
Epoch: [6][30/49]	Time 0.353 (0.383)	Speed 2901.808 (2676.621)	Loss 1.4495899677 (1.4867)	Prec@1 48.438 (45.866)	Prec@5 91.406 (90.885)
Epoch: [6][40/49]	Time 0.349 (0.374)	Speed 2931.188 (2736.026)	Loss 1.4276665449 (1.4719)	Prec@1 49.219 (46.704)	Prec@5 92.090 (91.187)
 * Prec@1 45.780 Prec@5 91.780
 * Prec@1 45.780 Prec@5 91.780
Test: [10/10]	Time 0.198 (0.248)	Speed 5172.914 (4124.149)	Loss 1.4821 (1.4876)	Prec@1 44.898 (45.780)	Prec@5 91.709 (91.780)
 * Prec@1 45.780 Prec@5 91.780
 * Prec@1 45.780 Prec@5 91.780
Epoch: [7][10/49]	Time 0.429 (0.429)	Speed 2386.125 (2386.125)	Loss 1.3212509155 (1.3213)	Prec@1 52.832 (52.832)	Prec@5 92.676 (92.676)
Epoch: [7][20/49]	Time 0.355 (0.392)	Speed 2887.949 (2613.163)	Loss 1.3223838806 (1.3218)	Prec@1 52.441 (52.637)	Prec@5 93.652 (93.164)
Epoch: [7][30/49]	Time 0.353 (0.379)	Speed 2900.327 (2702.351)	Loss 1.3867477179 (1.3435)	Prec@1 50.293 (51.855)	Prec@5 92.090 (92.806)
Epoch: [7][40/49]	Time 0.362 (0.375)	Speed 2829.830 (2733.131)	Loss 1.3833968639 (1.3534)	Prec@1 49.414 (51.245)	Prec@5 93.750 (93.042)
 * Prec@1 48.960 Prec@5 92.350
Test: [10/10]	Time 0.191 (0.239)	Speed 5351.284 (4291.145)	Loss 1.3440 (1.4107)	Prec@1 50.893 (48.960)	Prec@5 94.260 (92.350)
 * Prec@1 48.960 Prec@5 92.350
 * Prec@1 48.960 Prec@5 92.350
 * Prec@1 48.960 Prec@5 92.350
Epoch: [8][10/49]	Time 0.422 (0.422)	Speed 2426.590 (2426.590)	Loss 1.2495932579 (1.2496)	Prec@1 54.199 (54.199)	Prec@5 93.750 (93.750)
Epoch: [8][20/49]	Time 0.360 (0.391)	Speed 2842.264 (2618.030)	Loss 1.3017212152 (1.2757)	Prec@1 54.395 (54.297)	Prec@5 93.457 (93.604)
Epoch: [8][30/49]	Time 0.345 (0.376)	Speed 2968.992 (2725.420)	Loss 1.3020948172 (1.2845)	Prec@1 54.297 (54.297)	Prec@5 94.141 (93.783)
Epoch: [8][40/49]	Time 0.349 (0.369)	Speed 2935.261 (2775.016)	Loss 1.2486560345 (1.2755)	Prec@1 56.055 (54.736)	Prec@5 94.922 (94.067)
Test: [10/10]	Time 0.209 (0.241)	Speed 4894.583 (4257.277)	Loss 1.4493 (1.5003)	Prec@1 49.362 (46.960)	Prec@5 92.219 (90.870)
 * Prec@1 46.960 Prec@5 90.870
 * Prec@1 46.960 Prec@5 90.870
 * Prec@1 46.960 Prec@5 90.870
 * Prec@1 46.960 Prec@5 90.870
Epoch: [9][10/49]	Time 0.447 (0.447)	Speed 2289.060 (2289.060)	Loss 1.1827900410 (1.1828)	Prec@1 58.008 (58.008)	Prec@5 94.531 (94.531)
Epoch: [9][20/49]	Time 0.347 (0.397)	Speed 2948.609 (2577.308)	Loss 1.2621828318 (1.2225)	Prec@1 54.980 (56.494)	Prec@5 93.262 (93.896)
Epoch: [9][30/49]	Time 0.350 (0.382)	Speed 2924.153 (2683.404)	Loss 1.1904699802 (1.2118)	Prec@1 57.520 (56.836)	Prec@5 93.848 (93.880)
Epoch: [9][40/49]	Time 0.343 (0.372)	Speed 2982.947 (2752.505)	Loss 1.1958729029 (1.2078)	Prec@1 56.055 (56.641)	Prec@5 93.945 (93.896)
Test: [10/10]	Time 0.194 (0.242)	Speed 5275.582 (4228.442)	Loss 1.3459 (1.3734)	Prec@1 52.551 (51.100)	Prec@5 92.602 (92.620)
 * Prec@1 51.100 Prec@5 92.620
 * Prec@1 51.100 Prec@5 92.620
 * Prec@1 51.100 Prec@5 92.620
 * Prec@1 51.100 Prec@5 92.620
Epoch: [10][10/49]	Time 0.413 (0.413)	Speed 2477.869 (2477.869)	Loss 1.1310291290 (1.1310)	Prec@1 62.793 (62.793)	Prec@5 95.410 (95.410)
Epoch: [10][20/49]	Time 0.356 (0.384)	Speed 2879.559 (2663.655)	Loss 1.0847657919 (1.1079)	Prec@1 59.766 (61.279)	Prec@5 95.898 (95.654)
Epoch: [10][30/49]	Time 0.350 (0.373)	Speed 2927.793 (2746.241)	Loss 1.1016204357 (1.1058)	Prec@1 60.547 (61.035)	Prec@5 95.117 (95.475)
Epoch: [10][40/49]	Time 0.358 (0.369)	Speed 2860.436 (2773.926)	Loss 1.0814390182 (1.0997)	Prec@1 61.719 (61.206)	Prec@5 95.020 (95.361)
Test: [10/10]	Time 0.196 (0.247)	Speed 5225.873 (4147.418)	Loss 1.3805 (1.4178)	Prec@1 52.041 (50.180)	Prec@5 90.816 (91.550)
 * Prec@1 50.180 Prec@5 91.550
 * Prec@1 50.180 Prec@5 91.550
 * Prec@1 50.180 Prec@5 91.550
 * Prec@1 50.180 Prec@5 91.550
Epoch: [11][10/49]	Time 0.439 (0.439)	Speed 2330.164 (2330.164)	Loss 1.1244301796 (1.1244)	Prec@1 59.082 (59.082)	Prec@5 93.945 (93.945)
Epoch: [11][20/49]	Time 0.351 (0.395)	Speed 2915.461 (2590.159)	Loss 1.0022912025 (1.0634)	Prec@1 64.453 (61.768)	Prec@5 95.801 (94.873)
Epoch: [11][30/49]	Time 0.348 (0.380)	Speed 2942.277 (2697.778)	Loss 1.0847902298 (1.0705)	Prec@1 61.230 (61.589)	Prec@5 94.727 (94.824)
Epoch: [11][40/49]	Time 0.364 (0.376)	Speed 2815.295 (2726.228)	Loss 1.0625770092 (1.0685)	Prec@1 62.695 (61.865)	Prec@5 95.312 (94.946)
Test: [10/10]	Time 0.196 (0.252)	Speed 5224.087 (4055.939)	Loss 1.2029 (1.2293)	Prec@1 55.230 (56.410)	Prec@5 94.133 (94.400)
 * Prec@1 56.410 Prec@5 94.400
 * Prec@1 56.410 Prec@5 94.400
 * Prec@1 56.410 Prec@5 94.400
 * Prec@1 56.410 Prec@5 94.400
Epoch: [12][10/49]	Time 0.426 (0.426)	Speed 2403.236 (2403.236)	Loss 0.9863310456 (0.9863)	Prec@1 64.746 (64.746)	Prec@5 95.996 (95.996)
Epoch: [12][20/49]	Time 0.351 (0.389)	Speed 2916.774 (2635.219)	Loss 1.0121172667 (0.9992)	Prec@1 65.137 (64.941)	Prec@5 95.996 (95.996)
Epoch: [12][30/49]	Time 0.357 (0.378)	Speed 2871.850 (2709.641)	Loss 1.0223641396 (1.0069)	Prec@1 62.695 (64.193)	Prec@5 96.777 (96.257)
Epoch: [12][40/49]	Time 0.355 (0.372)	Speed 2886.926 (2751.889)	Loss 1.0382968187 (1.0148)	Prec@1 64.160 (64.185)	Prec@5 95.508 (96.069)
 * Prec@1 54.720 Prec@5 91.620
Test: [10/10]	Time 0.202 (0.258)	Speed 5064.814 (3975.697)	Loss 1.3276 (1.3569)	Prec@1 55.612 (54.720)	Prec@5 93.112 (91.620)
 * Prec@1 54.720 Prec@5 91.620
 * Prec@1 54.720 Prec@5 91.620
 * Prec@1 54.720 Prec@5 91.620
Epoch: [13][10/49]	Time 0.452 (0.452)	Speed 2267.814 (2267.814)	Loss 0.9658305645 (0.9658)	Prec@1 65.527 (65.527)	Prec@5 97.168 (97.168)
Epoch: [13][20/49]	Time 0.355 (0.403)	Speed 2881.155 (2537.954)	Loss 1.0184954405 (0.9922)	Prec@1 65.332 (65.430)	Prec@5 95.996 (96.582)
Epoch: [13][30/49]	Time 0.354 (0.387)	Speed 2889.471 (2645.222)	Loss 0.9875348806 (0.9906)	Prec@1 65.527 (65.462)	Prec@5 94.922 (96.029)
Epoch: [13][40/49]	Time 0.358 (0.380)	Speed 2862.113 (2696.303)	Loss 0.9036592841 (0.9689)	Prec@1 68.945 (66.333)	Prec@5 96.387 (96.118)
Test: [10/10]	Time 0.190 (0.242)	Speed 5403.691 (4236.064)	Loss 1.1913 (1.2220)	Prec@1 56.760 (57.730)	Prec@5 93.750 (93.320)
 * Prec@1 57.730 Prec@5 93.320
 * Prec@1 57.730 Prec@5 93.320
 * Prec@1 57.730 Prec@5 93.320
 * Prec@1 57.730 Prec@5 93.320
Epoch: [14][10/49]	Time 0.419 (0.419)	Speed 2442.732 (2442.732)	Loss 0.9473998547 (0.9474)	Prec@1 67.480 (67.480)	Prec@5 96.875 (96.875)
Epoch: [14][20/49]	Time 0.355 (0.387)	Speed 2880.796 (2643.740)	Loss 0.9195494652 (0.9335)	Prec@1 67.480 (67.480)	Prec@5 97.363 (97.119)
Epoch: [14][30/49]	Time 0.353 (0.376)	Speed 2897.580 (2723.263)	Loss 0.9286658764 (0.9319)	Prec@1 68.457 (67.806)	Prec@5 96.875 (97.038)
Epoch: [14][40/49]	Time 0.349 (0.369)	Speed 2936.408 (2773.595)	Loss 0.9023040533 (0.9245)	Prec@1 68.164 (67.896)	Prec@5 96.875 (96.997)
Test: [10/10]	Time 0.207 (0.245)	Speed 4958.722 (4176.597)	Loss 1.2501 (1.2856)	Prec@1 55.230 (55.350)	Prec@5 92.857 (92.970)
 * Prec@1 55.350 Prec@5 92.970
 * Prec@1 55.350 Prec@5 92.970
 * Prec@1 55.350 Prec@5 92.970
 * Prec@1 55.350 Prec@5 92.970
Epoch: [15][10/49]	Time 0.467 (0.467)	Speed 2193.618 (2193.618)	Loss 0.8999019861 (0.8999)	Prec@1 68.457 (68.457)	Prec@5 96.289 (96.289)
Epoch: [15][20/49]	Time 0.355 (0.411)	Speed 2881.073 (2490.781)	Loss 0.8705570698 (0.8852)	Prec@1 68.164 (68.311)	Prec@5 97.266 (96.777)
Epoch: [15][30/49]	Time 0.355 (0.392)	Speed 2882.897 (2609.072)	Loss 0.8693413138 (0.8799)	Prec@1 69.043 (68.555)	Prec@5 96.582 (96.712)
Epoch: [15][40/49]	Time 0.356 (0.383)	Speed 2872.557 (2670.305)	Loss 0.8863686919 (0.8815)	Prec@1 69.238 (68.726)	Prec@5 97.168 (96.826)
Test: [10/10]	Time 0.203 (0.246)	Speed 5032.842 (4169.496)	Loss 1.1438 (1.1966)	Prec@1 60.459 (59.030)	Prec@5 94.770 (93.890)
 * Prec@1 59.030 Prec@5 93.890
 * Prec@1 59.030 Prec@5 93.890
 * Prec@1 59.030 Prec@5 93.890
 * Prec@1 59.030 Prec@5 93.890
Epoch: [16][10/49]	Time 0.424 (0.424)	Speed 2417.894 (2417.894)	Loss 0.8704221249 (0.8704)	Prec@1 69.922 (69.922)	Prec@5 96.973 (96.973)
Epoch: [16][20/49]	Time 0.359 (0.391)	Speed 2851.505 (2616.859)	Loss 0.8374643326 (0.8539)	Prec@1 71.680 (70.801)	Prec@5 97.266 (97.119)
Epoch: [16][30/49]	Time 0.353 (0.379)	Speed 2897.580 (2704.187)	Loss 0.8407043219 (0.8495)	Prec@1 70.215 (70.605)	Prec@5 96.875 (97.038)
Epoch: [16][40/49]	Time 0.353 (0.372)	Speed 2899.940 (2750.605)	Loss 0.7672065496 (0.8289)	Prec@1 72.070 (70.972)	Prec@5 97.949 (97.266)
 * Prec@1 57.270 Prec@5 92.580
 * Prec@1 57.270 Prec@5 92.580
 * Prec@1 57.270 Prec@5 92.580
Test: [10/10]	Time 0.201 (0.272)	Speed 5097.945 (3769.230)	Loss 1.2625 (1.2867)	Prec@1 55.995 (57.270)	Prec@5 92.857 (92.580)
 * Prec@1 57.270 Prec@5 92.580
Epoch: [17][10/49]	Time 0.455 (0.455)	Speed 2249.509 (2249.509)	Loss 0.8425219059 (0.8425)	Prec@1 70.996 (70.996)	Prec@5 97.070 (97.070)
Epoch: [17][20/49]	Time 0.356 (0.406)	Speed 2874.373 (2523.839)	Loss 0.9052441716 (0.8739)	Prec@1 66.895 (68.945)	Prec@5 96.973 (97.021)
Epoch: [17][30/49]	Time 0.349 (0.387)	Speed 2934.788 (2647.409)	Loss 0.8191648722 (0.8556)	Prec@1 72.070 (69.987)	Prec@5 97.461 (97.168)
Epoch: [17][40/49]	Time 0.363 (0.381)	Speed 2820.391 (2688.634)	Loss 0.9084108472 (0.8688)	Prec@1 69.629 (69.897)	Prec@5 95.898 (96.851)
Test: [10/10]	Time 0.198 (0.241)	Speed 5175.726 (4246.791)	Loss 1.1607 (1.1932)	Prec@1 61.480 (59.660)	Prec@5 94.515 (93.710)
 * Prec@1 59.660 Prec@5 93.710
 * Prec@1 59.660 Prec@5 93.710
 * Prec@1 59.660 Prec@5 93.710
 * Prec@1 59.660 Prec@5 93.710
Epoch: [18][10/49]	Time 0.429 (0.429)	Speed 2387.904 (2387.904)	Loss 0.8801513314 (0.8802)	Prec@1 69.043 (69.043)	Prec@5 96.973 (96.973)
Epoch: [18][20/49]	Time 0.352 (0.390)	Speed 2910.547 (2623.449)	Loss 0.8790078163 (0.8796)	Prec@1 69.043 (69.043)	Prec@5 96.680 (96.826)
Epoch: [18][30/49]	Time 0.351 (0.377)	Speed 2915.799 (2714.160)	Loss 0.7564209700 (0.8385)	Prec@1 73.535 (70.540)	Prec@5 97.949 (97.201)
Epoch: [18][40/49]	Time 0.349 (0.370)	Speed 2935.318 (2766.265)	Loss 0.8051298857 (0.8302)	Prec@1 71.875 (70.874)	Prec@5 98.047 (97.412)
Test: [10/10]	Time 0.204 (0.247)	Speed 5011.385 (4145.367)	Loss 1.2024 (1.2194)	Prec@1 57.653 (58.160)	Prec@5 93.878 (92.990)
 * Prec@1 58.160 Prec@5 92.990
 * Prec@1 58.160 Prec@5 92.990
 * Prec@1 58.160 Prec@5 92.990
 * Prec@1 58.160 Prec@5 92.990
Epoch: [19][10/49]	Time 0.436 (0.436)	Speed 2347.277 (2347.277)	Loss 0.7280004025 (0.7280)	Prec@1 73.633 (73.633)	Prec@5 97.852 (97.852)
Epoch: [19][20/49]	Time 0.352 (0.394)	Speed 2907.217 (2597.412)	Loss 0.7032144070 (0.7156)	Prec@1 74.902 (74.268)	Prec@5 98.340 (98.096)
Epoch: [19][30/49]	Time 0.346 (0.378)	Speed 2960.763 (2708.197)	Loss 0.7481857538 (0.7265)	Prec@1 74.219 (74.251)	Prec@5 98.047 (98.079)
Epoch: [19][40/49]	Time 0.359 (0.373)	Speed 2856.085 (2743.715)	Loss 0.7318263054 (0.7278)	Prec@1 74.023 (74.194)	Prec@5 97.168 (97.852)
 * Prec@1 57.870 Prec@5 92.940
 * Prec@1 57.870 Prec@5 92.940
Test: [10/10]	Time 0.184 (0.235)	Speed 5561.614 (4353.945)	Loss 1.2301 (1.2537)	Prec@1 57.526 (57.870)	Prec@5 94.260 (92.940)
 * Prec@1 57.870 Prec@5 92.940
 * Prec@1 57.870 Prec@5 92.940
Epoch: [20][10/49]	Time 0.445 (0.445)	Speed 2298.869 (2298.869)	Loss 0.7946487665 (0.7946)	Prec@1 74.316 (74.316)	Prec@5 96.289 (96.289)
Epoch: [20][20/49]	Time 0.354 (0.399)	Speed 2896.350 (2563.252)	Loss 0.8087598085 (0.8017)	Prec@1 71.289 (72.803)	Prec@5 96.680 (96.484)
Epoch: [20][30/49]	Time 0.357 (0.385)	Speed 2867.818 (2657.323)	Loss 0.8298926950 (0.8111)	Prec@1 70.898 (72.168)	Prec@5 96.973 (96.647)
Epoch: [20][40/49]	Time 0.357 (0.378)	Speed 2865.381 (2706.452)	Loss 0.6925566792 (0.7815)	Prec@1 75.586 (73.022)	Prec@5 97.559 (96.875)
 * Prec@1 60.100 Prec@5 93.840
 * Prec@1 60.100 Prec@5 93.840
Test: [10/10]	Time 0.196 (0.241)	Speed 5214.706 (4246.244)	Loss 1.2005 (1.2008)	Prec@1 60.459 (60.100)	Prec@5 93.878 (93.840)
 * Prec@1 60.100 Prec@5 93.840
 * Prec@1 60.100 Prec@5 93.840
Epoch: [21][10/49]	Time 0.425 (0.425)	Speed 2412.001 (2412.001)	Loss 0.7314784527 (0.7315)	Prec@1 74.414 (74.414)	Prec@5 97.754 (97.754)
Epoch: [21][20/49]	Time 0.357 (0.391)	Speed 2868.898 (2620.684)	Loss 0.7461243272 (0.7388)	Prec@1 74.707 (74.561)	Prec@5 97.949 (97.852)
Epoch: [21][30/49]	Time 0.361 (0.381)	Speed 2837.900 (2689.298)	Loss 0.8165135384 (0.7647)	Prec@1 71.484 (73.535)	Prec@5 96.973 (97.559)
Epoch: [21][40/49]	Time 0.358 (0.375)	Speed 2860.999 (2730.262)	Loss 0.7625598907 (0.7642)	Prec@1 73.535 (73.535)	Prec@5 97.266 (97.485)
Test: [10/10]	Time 0.191 (0.252)	Speed 5350.577 (4065.308)	Loss 1.1494 (1.1770)	Prec@1 61.224 (60.700)	Prec@5 94.643 (93.720)
 * Prec@1 60.700 Prec@5 93.720
 * Prec@1 60.700 Prec@5 93.720
 * Prec@1 60.700 Prec@5 93.720
 * Prec@1 60.700 Prec@5 93.720
Epoch: [22][10/49]	Time 0.422 (0.422)	Speed 2425.946 (2425.946)	Loss 0.6931883097 (0.6932)	Prec@1 75.684 (75.684)	Prec@5 97.852 (97.852)
Epoch: [22][20/49]	Time 0.352 (0.387)	Speed 2904.993 (2643.945)	Loss 0.6938519478 (0.6935)	Prec@1 75.586 (75.635)	Prec@5 97.754 (97.803)
Epoch: [22][30/49]	Time 0.363 (0.379)	Speed 2824.456 (2701.496)	Loss 0.6351028681 (0.6740)	Prec@1 77.539 (76.270)	Prec@5 98.926 (98.177)
Epoch: [22][40/49]	Time 0.356 (0.373)	Speed 2878.323 (2743.634)	Loss 0.7155227661 (0.6844)	Prec@1 75.293 (76.025)	Prec@5 97.754 (98.071)
Test: [10/10]	Time 0.192 (0.247)	Speed 5334.528 (4146.616)	Loss 1.1418 (1.2093)	Prec@1 60.459 (59.920)	Prec@5 94.898 (93.650)
 * Prec@1 59.920 Prec@5 93.650
 * Prec@1 59.920 Prec@5 93.650
 * Prec@1 59.920 Prec@5 93.650
 * Prec@1 59.920 Prec@5 93.650
Epoch: [23][10/49]	Time 0.454 (0.454)	Speed 2256.544 (2256.544)	Loss 0.7069987059 (0.7070)	Prec@1 76.660 (76.660)	Prec@5 98.047 (98.047)
Epoch: [23][20/49]	Time 0.352 (0.403)	Speed 2908.505 (2541.378)	Loss 0.7454247475 (0.7262)	Prec@1 74.805 (75.732)	Prec@5 97.559 (97.803)
Epoch: [23][30/49]	Time 0.356 (0.387)	Speed 2873.124 (2643.107)	Loss 0.7157431841 (0.7227)	Prec@1 74.414 (75.293)	Prec@5 97.949 (97.852)
Epoch: [23][40/49]	Time 0.353 (0.379)	Speed 2897.268 (2702.373)	Loss 0.6743230224 (0.7106)	Prec@1 75.293 (75.293)	Prec@5 97.754 (97.827)
Test: [10/10]	Time 0.203 (0.249)	Speed 5046.930 (4109.023)	Loss 1.1063 (1.1791)	Prec@1 61.097 (60.710)	Prec@5 95.153 (93.750)
 * Prec@1 60.710 Prec@5 93.750
 * Prec@1 60.710 Prec@5 93.750
 * Prec@1 60.710 Prec@5 93.750
 * Prec@1 60.710 Prec@5 93.750
Epoch: [24][10/49]	Time 0.417 (0.417)	Speed 2452.729 (2452.729)	Loss 0.6837636232 (0.6838)	Prec@1 75.879 (75.879)	Prec@5 98.438 (98.438)
Epoch: [24][20/49]	Time 0.361 (0.389)	Speed 2833.377 (2629.348)	Loss 0.6977076530 (0.6907)	Prec@1 75.684 (75.781)	Prec@5 97.852 (98.145)
Epoch: [24][30/49]	Time 0.355 (0.378)	Speed 2886.645 (2709.861)	Loss 0.6206229925 (0.6674)	Prec@1 79.395 (76.986)	Prec@5 97.266 (97.852)
Epoch: [24][40/49]	Time 0.352 (0.372)	Speed 2905.352 (2756.225)	Loss 0.6907319427 (0.6732)	Prec@1 75.781 (76.685)	Prec@5 98.047 (97.900)
Test: [10/10]	Time 0.189 (0.237)	Speed 5416.947 (4313.015)	Loss 1.0896 (1.1475)	Prec@1 64.286 (61.660)	Prec@5 94.260 (94.660)
 * Prec@1 61.660 Prec@5 94.660
 * Prec@1 61.660 Prec@5 94.660
 * Prec@1 61.660 Prec@5 94.660
 * Prec@1 61.660 Prec@5 94.660
Epoch: [25][10/49]	Time 0.422 (0.422)	Speed 2426.040 (2426.040)	Loss 0.6566031575 (0.6566)	Prec@1 76.465 (76.465)	Prec@5 97.949 (97.949)
Epoch: [25][20/49]	Time 0.353 (0.388)	Speed 2900.691 (2642.218)	Loss 0.6081531048 (0.6324)	Prec@1 77.246 (76.855)	Prec@5 98.242 (98.096)
Epoch: [25][30/49]	Time 0.356 (0.377)	Speed 2878.265 (2716.477)	Loss 0.6397003531 (0.6348)	Prec@1 77.441 (77.051)	Prec@5 97.852 (98.014)
Epoch: [25][40/49]	Time 0.352 (0.371)	Speed 2911.754 (2762.799)	Loss 0.6642050147 (0.6422)	Prec@1 77.539 (77.173)	Prec@5 98.047 (98.022)
Test: [10/10]	Time 0.197 (0.251)	Speed 5209.317 (4071.667)	Loss 1.1192 (1.1598)	Prec@1 62.755 (61.660)	Prec@5 95.153 (94.240)
 * Prec@1 61.660 Prec@5 94.240
 * Prec@1 61.660 Prec@5 94.240
 * Prec@1 61.660 Prec@5 94.240
 * Prec@1 61.660 Prec@5 94.240
Epoch: [26][10/49]	Time 0.426 (0.426)	Speed 2406.099 (2406.099)	Loss 0.6454921365 (0.6455)	Prec@1 77.148 (77.148)	Prec@5 98.730 (98.730)
Epoch: [26][20/49]	Time 0.361 (0.393)	Speed 2834.983 (2602.993)	Loss 0.6435812116 (0.6445)	Prec@1 77.051 (77.100)	Prec@5 98.730 (98.730)
Epoch: [26][30/49]	Time 0.351 (0.379)	Speed 2914.182 (2699.066)	Loss 0.7095212936 (0.6662)	Prec@1 75.098 (76.432)	Prec@5 97.363 (98.275)
Epoch: [26][40/49]	Time 0.364 (0.375)	Speed 2815.549 (2727.273)	Loss 0.6153538823 (0.6535)	Prec@1 78.516 (76.953)	Prec@5 98.242 (98.267)
 * Prec@1 60.250 Prec@5 93.560
Test: [10/10]	Time 0.202 (0.243)	Speed 5060.827 (4216.610)	Loss 1.1575 (1.2000)	Prec@1 61.224 (60.250)	Prec@5 94.133 (93.560)
 * Prec@1 60.250 Prec@5 93.560
 * Prec@1 60.250 Prec@5 93.560
 * Prec@1 60.250 Prec@5 93.560
Epoch: [27][10/49]	Time 0.455 (0.455)	Speed 2250.062 (2250.062)	Loss 0.6390335560 (0.6390)	Prec@1 78.027 (78.027)	Prec@5 98.047 (98.047)
Epoch: [27][20/49]	Time 0.359 (0.407)	Speed 2849.195 (2514.431)	Loss 0.6413774490 (0.6402)	Prec@1 77.637 (77.832)	Prec@5 98.340 (98.193)
Epoch: [27][30/49]	Time 0.355 (0.390)	Speed 2888.157 (2627.775)	Loss 0.6734544635 (0.6513)	Prec@1 76.465 (77.376)	Prec@5 97.266 (97.884)
Epoch: [27][40/49]	Time 0.352 (0.380)	Speed 2905.477 (2692.102)	Loss 0.6869082451 (0.6602)	Prec@1 75.684 (76.953)	Prec@5 97.852 (97.876)
Test: [10/10]	Time 0.197 (0.258)	Speed 5195.523 (3970.804)	Loss 1.2321 (1.1969)	Prec@1 59.694 (60.340)	Prec@5 93.367 (94.090)
 * Prec@1 60.340 Prec@5 94.090
 * Prec@1 60.340 Prec@5 94.090
 * Prec@1 60.340 Prec@5 94.090
 * Prec@1 60.340 Prec@5 94.090
Epoch: [28][10/49]	Time 0.440 (0.440)	Speed 2324.864 (2324.864)	Loss 0.6656760573 (0.6657)	Prec@1 75.098 (75.098)	Prec@5 97.754 (97.754)
Epoch: [28][20/49]	Time 0.355 (0.398)	Speed 2887.482 (2575.809)	Loss 0.6350998282 (0.6504)	Prec@1 78.027 (76.562)	Prec@5 97.852 (97.803)
Epoch: [28][30/49]	Time 0.354 (0.383)	Speed 2893.638 (2673.699)	Loss 0.6662037373 (0.6557)	Prec@1 76.465 (76.530)	Prec@5 97.656 (97.754)
Epoch: [28][40/49]	Time 0.351 (0.375)	Speed 2918.523 (2730.972)	Loss 0.6211518049 (0.6470)	Prec@1 77.441 (76.758)	Prec@5 98.438 (97.925)
 * Prec@1 61.600 Prec@5 94.170
 * Prec@1 61.600 Prec@5 94.170
Test: [10/10]	Time 0.192 (0.252)	Speed 5341.275 (4060.095)	Loss 1.0861 (1.1445)	Prec@1 61.990 (61.600)	Prec@5 94.260 (94.170)
 * Prec@1 61.600 Prec@5 94.170
 * Prec@1 61.600 Prec@5 94.170
Epoch: [29][10/49]	Time 0.442 (0.442)	Speed 2318.592 (2318.592)	Loss 0.6816093922 (0.6816)	Prec@1 76.855 (76.855)	Prec@5 97.559 (97.559)
Epoch: [29][20/49]	Time 0.354 (0.398)	Speed 2891.744 (2573.644)	Loss 0.5586682558 (0.6201)	Prec@1 80.273 (78.564)	Prec@5 98.535 (98.047)
Epoch: [29][30/49]	Time 0.354 (0.383)	Speed 2889.398 (2670.937)	Loss 0.6520883441 (0.6308)	Prec@1 76.953 (78.027)	Prec@5 97.559 (97.884)
Epoch: [29][40/49]	Time 0.353 (0.376)	Speed 2904.736 (2725.786)	Loss 0.7081755400 (0.6501)	Prec@1 75.879 (77.490)	Prec@5 96.484 (97.534)
Test: [10/10]	Time 0.191 (0.250)	Speed 5351.851 (4103.610)	Loss 1.1563 (1.2126)	Prec@1 62.245 (59.900)	Prec@5 93.112 (93.460)
 * Prec@1 59.900 Prec@5 93.460
 * Prec@1 59.900 Prec@5 93.460
 * Prec@1 59.900 Prec@5 93.460
 * Prec@1 59.900 Prec@5 93.460
Epoch: [30][10/49]	Time 0.442 (0.442)	Speed 2318.434 (2318.434)	Loss 0.5764098167 (0.5764)	Prec@1 79.883 (79.883)	Prec@5 98.340 (98.340)
Epoch: [30][20/49]	Time 0.355 (0.398)	Speed 2885.923 (2571.239)	Loss 0.5377782583 (0.5571)	Prec@1 81.445 (80.664)	Prec@5 98.633 (98.486)
Epoch: [30][30/49]	Time 0.352 (0.383)	Speed 2909.138 (2674.799)	Loss 0.6033786535 (0.5725)	Prec@1 78.711 (80.013)	Prec@5 97.852 (98.275)
Epoch: [30][40/49]	Time 0.347 (0.374)	Speed 2954.938 (2739.733)	Loss 0.5223745108 (0.5600)	Prec@1 80.859 (80.225)	Prec@5 99.121 (98.486)
 * Prec@1 63.280 Prec@5 94.260
Test: [10/10]	Time 0.186 (0.248)	Speed 5500.882 (4123.529)	Loss 1.1118 (1.1569)	Prec@1 64.413 (63.280)	Prec@5 94.133 (94.260)
 * Prec@1 63.280 Prec@5 94.260
 * Prec@1 63.280 Prec@5 94.260
 * Prec@1 63.280 Prec@5 94.260
Epoch: [31][10/49]	Time 0.424 (0.424)	Speed 2414.777 (2414.777)	Loss 0.4680472016 (0.4680)	Prec@1 84.277 (84.277)	Prec@5 98.438 (98.438)
Epoch: [31][20/49]	Time 0.352 (0.388)	Speed 2912.316 (2640.312)	Loss 0.4300073087 (0.4490)	Prec@1 85.449 (84.863)	Prec@5 98.926 (98.682)
Epoch: [31][30/49]	Time 0.359 (0.378)	Speed 2854.151 (2707.940)	Loss 0.4636230171 (0.4539)	Prec@1 83.789 (84.505)	Prec@5 98.730 (98.698)
Epoch: [31][40/49]	Time 0.354 (0.372)	Speed 2895.977 (2752.622)	Loss 0.5054060221 (0.4668)	Prec@1 82.227 (83.936)	Prec@5 98.340 (98.608)
 * Prec@1 64.000 Prec@5 94.480
Test: [10/10]	Time 0.201 (0.257)	Speed 5101.681 (3983.960)	Loss 1.1062 (1.1328)	Prec@1 63.776 (64.000)	Prec@5 94.005 (94.480)
 * Prec@1 64.000 Prec@5 94.480
 * Prec@1 64.000 Prec@5 94.480
 * Prec@1 64.000 Prec@5 94.480
Epoch: [32][10/49]	Time 0.417 (0.417)	Speed 2454.199 (2454.199)	Loss 0.4480238557 (0.4480)	Prec@1 84.375 (84.375)	Prec@5 99.023 (99.023)
Epoch: [32][20/49]	Time 0.357 (0.387)	Speed 2872.292 (2646.837)	Loss 0.4516505301 (0.4498)	Prec@1 85.254 (84.814)	Prec@5 99.023 (99.023)
Epoch: [32][30/49]	Time 0.362 (0.379)	Speed 2828.884 (2704.859)	Loss 0.4603030682 (0.4533)	Prec@1 84.180 (84.603)	Prec@5 98.926 (98.991)
Epoch: [32][40/49]	Time 0.352 (0.372)	Speed 2907.839 (2752.900)	Loss 0.4695504308 (0.4574)	Prec@1 83.496 (84.326)	Prec@5 98.633 (98.901)
Test: [10/10]	Time 0.201 (0.243)	Speed 5104.512 (4206.829)	Loss 1.1300 (1.1497)	Prec@1 63.138 (63.800)	Prec@5 93.878 (94.440)
 * Prec@1 63.800 Prec@5 94.440
 * Prec@1 63.800 Prec@5 94.440
 * Prec@1 63.800 Prec@5 94.440
 * Prec@1 63.800 Prec@5 94.440
Epoch: [33][10/49]	Time 0.452 (0.452)	Speed 2265.125 (2265.125)	Loss 0.4291093647 (0.4291)	Prec@1 84.375 (84.375)	Prec@5 99.219 (99.219)
Epoch: [33][20/49]	Time 0.352 (0.402)	Speed 2910.468 (2547.563)	Loss 0.4939208031 (0.4615)	Prec@1 82.324 (83.350)	Prec@5 98.535 (98.877)
Epoch: [33][30/49]	Time 0.355 (0.386)	Speed 2883.817 (2650.582)	Loss 0.4662618339 (0.4631)	Prec@1 83.301 (83.333)	Prec@5 98.926 (98.893)
Epoch: [33][40/49]	Time 0.357 (0.379)	Speed 2871.747 (2702.617)	Loss 0.4402088523 (0.4574)	Prec@1 85.156 (83.789)	Prec@5 98.633 (98.828)
Test: [10/10]	Time 0.185 (0.245)	Speed 5546.058 (4182.361)	Loss 1.1058 (1.1447)	Prec@1 63.393 (64.160)	Prec@5 94.388 (94.260)
 * Prec@1 64.160 Prec@5 94.260
 * Prec@1 64.160 Prec@5 94.260
 * Prec@1 64.160 Prec@5 94.260
 * Prec@1 64.160 Prec@5 94.260
Epoch: [34][10/49]	Time 0.419 (0.419)	Speed 2445.467 (2445.467)	Loss 0.4872136712 (0.4872)	Prec@1 83.594 (83.594)	Prec@5 98.535 (98.535)
Epoch: [34][20/49]	Time 0.361 (0.390)	Speed 2835.798 (2626.208)	Loss 0.4248502851 (0.4560)	Prec@1 85.156 (84.375)	Prec@5 98.730 (98.633)
Epoch: [34][30/49]	Time 0.356 (0.379)	Speed 2878.504 (2705.245)	Loss 0.4689063430 (0.4603)	Prec@1 83.887 (84.212)	Prec@5 98.828 (98.698)
Epoch: [34][40/49]	Time 0.356 (0.373)	Speed 2880.121 (2746.942)	Loss 0.4472634494 (0.4571)	Prec@1 83.691 (84.082)	Prec@5 98.730 (98.706)
Test: [10/10]	Time 0.185 (0.244)	Speed 5538.934 (4201.830)	Loss 1.1165 (1.1361)	Prec@1 64.668 (64.480)	Prec@5 95.281 (94.530)
 * Prec@1 64.480 Prec@5 94.530
 * Prec@1 64.480 Prec@5 94.530
 * Prec@1 64.480 Prec@5 94.530
 * Prec@1 64.480 Prec@5 94.530
Epoch: [35][10/49]	Time 0.410 (0.410)	Speed 2496.055 (2496.055)	Loss 0.3948776126 (0.3949)	Prec@1 86.035 (86.035)	Prec@5 98.535 (98.535)
Epoch: [35][20/49]	Time 0.355 (0.382)	Speed 2887.792 (2677.671)	Loss 0.4523934126 (0.4236)	Prec@1 83.594 (84.814)	Prec@5 99.219 (98.877)
Epoch: [35][30/49]	Time 0.353 (0.373)	Speed 2897.813 (2747.239)	Loss 0.4257791638 (0.4244)	Prec@1 86.133 (85.254)	Prec@5 99.121 (98.958)
Epoch: [35][40/49]	Time 0.354 (0.368)	Speed 2895.352 (2782.828)	Loss 0.3937921226 (0.4167)	Prec@1 87.109 (85.718)	Prec@5 99.023 (98.975)
Test: [10/10]	Time 0.189 (0.248)	Speed 5420.133 (4132.954)	Loss 1.1587 (1.1963)	Prec@1 63.010 (63.230)	Prec@5 93.750 (93.940)
 * Prec@1 63.230 Prec@5 93.940
 * Prec@1 63.230 Prec@5 93.940
 * Prec@1 63.230 Prec@5 93.940
 * Prec@1 63.230 Prec@5 93.940
Epoch: [36][10/49]	Time 0.457 (0.457)	Speed 2238.382 (2238.382)	Loss 0.3943306208 (0.3943)	Prec@1 85.938 (85.938)	Prec@5 99.512 (99.512)
Epoch: [36][20/49]	Time 0.355 (0.406)	Speed 2883.016 (2520.129)	Loss 0.4151436090 (0.4047)	Prec@1 84.766 (85.352)	Prec@5 99.316 (99.414)
Epoch: [36][30/49]	Time 0.355 (0.389)	Speed 2881.159 (2629.981)	Loss 0.4693488479 (0.4263)	Prec@1 82.227 (84.310)	Prec@5 99.316 (99.382)
Epoch: [36][40/49]	Time 0.353 (0.380)	Speed 2899.288 (2692.506)	Loss 0.4758825302 (0.4387)	Prec@1 82.031 (83.740)	Prec@5 99.512 (99.414)
Test: [10/10]	Time 0.183 (0.249)	Speed 5582.012 (4106.271)	Loss 1.1605 (1.2098)	Prec@1 63.265 (63.570)	Prec@5 94.260 (94.060)
 * Prec@1 63.570 Prec@5 94.060
 * Prec@1 63.570 Prec@5 94.060
 * Prec@1 63.570 Prec@5 94.060
 * Prec@1 63.570 Prec@5 94.060
Epoch: [37][10/49]	Time 0.449 (0.449)	Speed 2280.920 (2280.920)	Loss 0.4416552782 (0.4417)	Prec@1 84.082 (84.082)	Prec@5 98.730 (98.730)
Epoch: [37][20/49]	Time 0.355 (0.402)	Speed 2886.094 (2548.067)	Loss 0.3985244036 (0.4201)	Prec@1 85.449 (84.766)	Prec@5 99.805 (99.268)
Epoch: [37][30/49]	Time 0.354 (0.386)	Speed 2889.416 (2652.521)	Loss 0.4344017506 (0.4249)	Prec@1 85.156 (84.896)	Prec@5 99.219 (99.251)
Epoch: [37][40/49]	Time 0.349 (0.377)	Speed 2937.204 (2718.390)	Loss 0.4243337512 (0.4247)	Prec@1 85.840 (85.132)	Prec@5 98.828 (99.146)
Test: [10/10]	Time 0.198 (0.250)	Speed 5160.161 (4097.339)	Loss 1.1049 (1.1731)	Prec@1 64.031 (64.040)	Prec@5 95.281 (94.290)
 * Prec@1 64.040 Prec@5 94.290
 * Prec@1 64.040 Prec@5 94.290
 * Prec@1 64.040 Prec@5 94.290
 * Prec@1 64.040 Prec@5 94.290
Epoch: [38][10/49]	Time 0.439 (0.439)	Speed 2331.769 (2331.769)	Loss 0.4302543998 (0.4303)	Prec@1 85.156 (85.156)	Prec@5 99.512 (99.512)
Epoch: [38][20/49]	Time 0.354 (0.397)	Speed 2893.175 (2582.311)	Loss 0.4561128020 (0.4432)	Prec@1 84.082 (84.619)	Prec@5 98.926 (99.219)
Epoch: [38][30/49]	Time 0.357 (0.383)	Speed 2868.093 (2671.026)	Loss 0.4367687702 (0.4410)	Prec@1 85.059 (84.766)	Prec@5 98.535 (98.991)
Epoch: [38][40/49]	Time 0.354 (0.376)	Speed 2896.745 (2724.093)	Loss 0.4226682782 (0.4365)	Prec@1 86.035 (85.083)	Prec@5 98.535 (98.877)
Test: [10/10]	Time 0.195 (0.243)	Speed 5243.597 (4210.175)	Loss 1.1231 (1.1859)	Prec@1 63.903 (64.210)	Prec@5 94.643 (94.050)
 * Prec@1 64.210 Prec@5 94.050
 * Prec@1 64.210 Prec@5 94.050
 * Prec@1 64.210 Prec@5 94.050
 * Prec@1 64.210 Prec@5 94.050
Epoch: [39][10/49]	Time 0.451 (0.451)	Speed 2270.305 (2270.305)	Loss 0.4889141917 (0.4889)	Prec@1 83.789 (83.789)	Prec@5 98.535 (98.535)
Epoch: [39][20/49]	Time 0.354 (0.403)	Speed 2888.702 (2542.441)	Loss 0.4156423211 (0.4523)	Prec@1 84.961 (84.375)	Prec@5 99.609 (99.072)
Epoch: [39][30/49]	Time 0.353 (0.386)	Speed 2898.797 (2651.075)	Loss 0.4292345345 (0.4446)	Prec@1 85.547 (84.766)	Prec@5 98.438 (98.861)
Epoch: [39][40/49]	Time 0.350 (0.377)	Speed 2929.130 (2715.519)	Loss 0.4382000268 (0.4430)	Prec@1 86.035 (85.083)	Prec@5 98.535 (98.779)
Test: [10/10]	Time 0.206 (0.243)	Speed 4980.192 (4208.793)	Loss 1.1242 (1.2072)	Prec@1 64.286 (63.640)	Prec@5 94.515 (93.550)
 * Prec@1 63.640 Prec@5 93.550
 * Prec@1 63.640 Prec@5 93.550
 * Prec@1 63.640 Prec@5 93.550
 * Prec@1 63.640 Prec@5 93.550
Epoch: [40][10/49]	Time 0.438 (0.438)	Speed 2338.787 (2338.787)	Loss 0.3920771182 (0.3921)	Prec@1 86.816 (86.816)	Prec@5 99.316 (99.316)
Epoch: [40][20/49]	Time 0.372 (0.405)	Speed 2755.060 (2529.914)	Loss 0.4676424861 (0.4299)	Prec@1 83.789 (85.303)	Prec@5 98.535 (98.926)
Epoch: [40][30/49]	Time 0.356 (0.388)	Speed 2878.990 (2636.471)	Loss 0.3563157022 (0.4053)	Prec@1 87.207 (85.938)	Prec@5 99.512 (99.121)
Epoch: [40][40/49]	Time 0.358 (0.381)	Speed 2860.197 (2689.056)	Loss 0.3719642162 (0.3970)	Prec@1 86.621 (86.108)	Prec@5 99.121 (99.121)
Test: [10/10]	Time 0.192 (0.235)	Speed 5342.112 (4363.268)	Loss 1.1225 (1.1955)	Prec@1 64.031 (63.980)	Prec@5 94.770 (94.400)
 * Prec@1 63.980 Prec@5 94.400
 * Prec@1 63.980 Prec@5 94.400
 * Prec@1 63.980 Prec@5 94.400
 * Prec@1 63.980 Prec@5 94.400
Epoch: [41][10/49]	Time 0.440 (0.440)	Speed 2328.212 (2328.212)	Loss 0.4285063148 (0.4285)	Prec@1 86.523 (86.523)	Prec@5 98.730 (98.730)
Epoch: [41][20/49]	Time 0.358 (0.399)	Speed 2862.199 (2567.737)	Loss 0.3788807392 (0.4037)	Prec@1 86.719 (86.621)	Prec@5 99.316 (99.023)
Epoch: [41][30/49]	Time 0.354 (0.384)	Speed 2893.651 (2667.900)	Loss 0.3585307002 (0.3886)	Prec@1 87.598 (86.947)	Prec@5 99.219 (99.089)
Epoch: [41][40/49]	Time 0.352 (0.376)	Speed 2910.016 (2724.572)	Loss 0.4288465381 (0.3987)	Prec@1 84.961 (86.450)	Prec@5 98.340 (98.901)
Test: [10/10]	Time 0.191 (0.250)	Speed 5369.864 (4100.847)	Loss 1.1425 (1.2283)	Prec@1 64.158 (63.490)	Prec@5 94.643 (94.040)
 * Prec@1 63.490 Prec@5 94.040
 * Prec@1 63.490 Prec@5 94.040
 * Prec@1 63.490 Prec@5 94.040
 * Prec@1 63.490 Prec@5 94.040
Epoch: [42][10/49]	Time 0.447 (0.447)	Speed 2289.858 (2289.858)	Loss 0.4103814960 (0.4104)	Prec@1 84.473 (84.473)	Prec@5 99.121 (99.121)
Epoch: [42][20/49]	Time 0.353 (0.400)	Speed 2904.074 (2560.648)	Loss 0.4174391627 (0.4139)	Prec@1 85.254 (84.863)	Prec@5 99.121 (99.121)
Epoch: [42][30/49]	Time 0.354 (0.385)	Speed 2890.153 (2661.805)	Loss 0.4274763763 (0.4184)	Prec@1 83.887 (84.538)	Prec@5 98.828 (99.023)
Epoch: [42][40/49]	Time 0.353 (0.377)	Speed 2904.691 (2718.637)	Loss 0.4224271178 (0.4194)	Prec@1 84.766 (84.595)	Prec@5 98.730 (98.950)
Test: [10/10]	Time 0.204 (0.245)	Speed 5022.978 (4183.851)	Loss 1.1066 (1.2015)	Prec@1 63.138 (63.720)	Prec@5 94.133 (94.130)
 * Prec@1 63.720 Prec@5 94.130
 * Prec@1 63.720 Prec@5 94.130
 * Prec@1 63.720 Prec@5 94.130
 * Prec@1 63.720 Prec@5 94.130
Epoch: [43][10/49]	Time 0.441 (0.441)	Speed 2321.906 (2321.906)	Loss 0.4407832623 (0.4408)	Prec@1 85.449 (85.449)	Prec@5 98.730 (98.730)
Epoch: [43][20/49]	Time 0.355 (0.398)	Speed 2882.775 (2572.120)	Loss 0.4002683163 (0.4205)	Prec@1 86.621 (86.035)	Prec@5 98.926 (98.828)
Epoch: [43][30/49]	Time 0.362 (0.386)	Speed 2825.442 (2651.358)	Loss 0.4202585518 (0.4204)	Prec@1 84.277 (85.449)	Prec@5 99.414 (99.023)
Epoch: [43][40/49]	Time 0.364 (0.381)	Speed 2815.766 (2690.634)	Loss 0.3920673728 (0.4133)	Prec@1 86.230 (85.645)	Prec@5 98.926 (98.999)
 * Prec@1 63.940 Prec@5 93.830
Test: [10/10]	Time 0.203 (0.249)	Speed 5038.374 (4110.631)	Loss 1.1707 (1.2358)	Prec@1 64.286 (63.940)	Prec@5 94.260 (93.830)
 * Prec@1 63.940 Prec@5 93.830
 * Prec@1 63.940 Prec@5 93.830
 * Prec@1 63.940 Prec@5 93.830
Epoch: [44][10/49]	Time 0.464 (0.464)	Speed 2207.633 (2207.633)	Loss 0.4181734622 (0.4182)	Prec@1 85.059 (85.059)	Prec@5 98.828 (98.828)
Epoch: [44][20/49]	Time 0.358 (0.411)	Speed 2859.183 (2491.516)	Loss 0.4304986596 (0.4243)	Prec@1 85.254 (85.156)	Prec@5 99.023 (98.926)
Epoch: [44][30/49]	Time 0.354 (0.392)	Speed 2894.157 (2612.677)	Loss 0.4358347058 (0.4282)	Prec@1 84.961 (85.091)	Prec@5 99.023 (98.958)
Epoch: [44][40/49]	Time 0.356 (0.383)	Speed 2876.941 (2674.084)	Loss 0.3875482976 (0.4180)	Prec@1 86.719 (85.498)	Prec@5 98.730 (98.901)
Test: [10/10]	Time 0.194 (0.253)	Speed 5281.304 (4040.491)	Loss 1.1478 (1.2179)	Prec@1 64.923 (64.070)	Prec@5 94.770 (94.200)
 * Prec@1 64.070 Prec@5 94.200
 * Prec@1 64.070 Prec@5 94.200
 * Prec@1 64.070 Prec@5 94.200
 * Prec@1 64.070 Prec@5 94.200
Epoch: [45][10/49]	Time 0.436 (0.436)	Speed 2347.573 (2347.573)	Loss 0.3930740654 (0.3931)	Prec@1 86.035 (86.035)	Prec@5 99.023 (99.023)
Epoch: [45][20/49]	Time 0.365 (0.401)	Speed 2804.431 (2555.746)	Loss 0.4037719667 (0.3984)	Prec@1 85.742 (85.889)	Prec@5 99.023 (99.023)
Epoch: [45][30/49]	Time 0.358 (0.386)	Speed 2863.417 (2650.684)	Loss 0.3868171275 (0.3946)	Prec@1 86.816 (86.198)	Prec@5 98.633 (98.893)
Epoch: [45][40/49]	Time 0.356 (0.379)	Speed 2874.729 (2703.356)	Loss 0.4116439223 (0.3988)	Prec@1 86.426 (86.255)	Prec@5 99.121 (98.950)
Test: [10/10]	Time 0.198 (0.251)	Speed 5169.054 (4079.090)	Loss 1.1530 (1.2112)	Prec@1 64.668 (63.890)	Prec@5 94.898 (93.950)
 * Prec@1 63.890 Prec@5 93.950
 * Prec@1 63.890 Prec@5 93.950
 * Prec@1 63.890 Prec@5 93.950
 * Prec@1 63.890 Prec@5 93.950
Epoch: [46][10/49]	Time 0.450 (0.450)	Speed 2274.910 (2274.910)	Loss 0.3840608299 (0.3841)	Prec@1 86.719 (86.719)	Prec@5 99.219 (99.219)
Epoch: [46][20/49]	Time 0.355 (0.403)	Speed 2883.931 (2543.472)	Loss 0.4194425344 (0.4018)	Prec@1 84.668 (85.693)	Prec@5 98.730 (98.975)
Epoch: [46][30/49]	Time 0.361 (0.389)	Speed 2838.745 (2634.826)	Loss 0.4264726043 (0.4100)	Prec@1 85.059 (85.482)	Prec@5 99.023 (98.991)
Epoch: [46][40/49]	Time 0.355 (0.380)	Speed 2884.405 (2693.082)	Loss 0.4261901379 (0.4140)	Prec@1 85.059 (85.376)	Prec@5 98.340 (98.828)
 * Prec@1 64.110 Prec@5 94.150
Test: [10/10]	Time 0.204 (0.249)	Speed 5029.442 (4109.337)	Loss 1.1583 (1.2058)	Prec@1 64.031 (64.110)	Prec@5 94.898 (94.150)
 * Prec@1 64.110 Prec@5 94.150
 * Prec@1 64.110 Prec@5 94.150
 * Prec@1 64.110 Prec@5 94.150
Epoch: [47][10/49]	Time 0.440 (0.440)	Speed 2325.611 (2325.611)	Loss 0.4250412881 (0.4250)	Prec@1 85.352 (85.352)	Prec@5 98.633 (98.633)
Epoch: [47][20/49]	Time 0.354 (0.397)	Speed 2891.585 (2577.899)	Loss 0.3881865144 (0.4066)	Prec@1 85.645 (85.498)	Prec@5 98.633 (98.633)
Epoch: [47][30/49]	Time 0.358 (0.384)	Speed 2862.049 (2666.132)	Loss 0.3601652086 (0.3911)	Prec@1 88.086 (86.361)	Prec@5 98.633 (98.633)
Epoch: [47][40/49]	Time 0.353 (0.376)	Speed 2900.695 (2721.143)	Loss 0.3782854378 (0.3879)	Prec@1 86.914 (86.499)	Prec@5 99.121 (98.755)
 * Prec@1 64.070 Prec@5 93.910
 * Prec@1 64.070 Prec@5 93.910
 * Prec@1 64.070 Prec@5 93.910
Test: [10/10]	Time 0.196 (0.243)	Speed 5232.615 (4211.981)	Loss 1.1301 (1.2333)	Prec@1 65.944 (64.070)	Prec@5 94.515 (93.910)
 * Prec@1 64.070 Prec@5 93.910
Epoch: [48][10/49]	Time 0.453 (0.453)	Speed 2262.529 (2262.529)	Loss 0.3958225250 (0.3958)	Prec@1 86.230 (86.230)	Prec@5 98.828 (98.828)
Epoch: [48][20/49]	Time 0.359 (0.406)	Speed 2851.744 (2523.195)	Loss 0.3959653974 (0.3959)	Prec@1 86.426 (86.328)	Prec@5 99.219 (99.023)
Epoch: [48][30/49]	Time 0.357 (0.390)	Speed 2866.100 (2628.001)	Loss 0.3449425101 (0.3789)	Prec@1 87.402 (86.686)	Prec@5 99.609 (99.219)
Epoch: [48][40/49]	Time 0.358 (0.382)	Speed 2864.001 (2683.278)	Loss 0.3620573282 (0.3747)	Prec@1 86.816 (86.719)	Prec@5 99.414 (99.268)
Test: [10/10]	Time 0.203 (0.237)	Speed 5043.634 (4316.371)	Loss 1.1332 (1.2391)	Prec@1 65.051 (63.970)	Prec@5 94.515 (93.570)
 * Prec@1 63.970 Prec@5 93.570
 * Prec@1 63.970 Prec@5 93.570
 * Prec@1 63.970 Prec@5 93.570
 * Prec@1 63.970 Prec@5 93.570
Epoch: [49][10/49]	Time 0.444 (0.444)	Speed 2303.915 (2303.915)	Loss 0.3739651442 (0.3740)	Prec@1 86.523 (86.523)	Prec@5 98.926 (98.926)
Epoch: [49][20/49]	Time 0.356 (0.400)	Speed 2872.980 (2557.170)	Loss 0.3715971708 (0.3728)	Prec@1 86.035 (86.279)	Prec@5 98.730 (98.828)
Epoch: [49][30/49]	Time 0.360 (0.387)	Speed 2844.042 (2646.140)	Loss 0.4067094326 (0.3841)	Prec@1 86.133 (86.230)	Prec@5 99.023 (98.893)
Epoch: [49][40/49]	Time 0.356 (0.379)	Speed 2878.152 (2700.564)	Loss 0.4065283239 (0.3897)	Prec@1 85.938 (86.157)	Prec@5 98.730 (98.853)
Test: [10/10]	Time 0.198 (0.243)	Speed 5179.190 (4206.082)	Loss 1.1717 (1.2706)	Prec@1 66.582 (63.850)	Prec@5 94.898 (93.800)
 * Prec@1 63.850 Prec@5 93.800
 * Prec@1 63.850 Prec@5 93.800
 * Prec@1 63.850 Prec@5 93.800
 * Prec@1 63.850 Prec@5 93.800