=> creating model 'resnet50'
=> creating model 'resnet50'
=> creating model 'resnet50'
=> creating model 'resnet50'
Selected optimization level O2:  FP16 training with FP32 batchnorm and FP32 master weights.

Defaults for this optimization level are:
enabled                : True
opt_level              : O2
cast_model_type        : torch.float16
patch_torch_functions  : False
keep_batchnorm_fp32    : True
master_weights         : True
loss_scale             : dynamic
Processing user overrides (additional kwargs that are not None)...
After processing overrides, optimization options are:
enabled                : True
opt_level              : O2
cast_model_type        : torch.float16
patch_torch_functions  : False
keep_batchnorm_fp32    : True
master_weights         : True
loss_scale             : dynamic
Files already downloaded and verified
Files already downloaded and verified
Files already downloaded and verified
Files already downloaded and verified
Files already downloaded and verified
Files already downloaded and verified
Files already downloaded and verified
Files already downloaded and verified
Gradient overflow.  Skipping step, loss scaler 0 reducing loss scale to 32768.0
Gradient overflow.  Skipping step, loss scaler 0 reducing loss scale to 32768.0
Gradient overflow.  Skipping step, loss scaler 0 reducing loss scale to 32768.0
Gradient overflow.  Skipping step, loss scaler 0 reducing loss scale to 32768.0
Gradient overflow.  Skipping step, loss scaler 0 reducing loss scale to 16384.0
Gradient overflow.  Skipping step, loss scaler 0 reducing loss scale to 16384.0
Gradient overflow.  Skipping step, loss scaler 0 reducing loss scale to 16384.0
Gradient overflow.  Skipping step, loss scaler 0 reducing loss scale to 16384.0
Gradient overflow.  Skipping step, loss scaler 0 reducing loss scale to 8192.0
Gradient overflow.  Skipping step, loss scaler 0 reducing loss scale to 8192.0
Gradient overflow.  Skipping step, loss scaler 0 reducing loss scale to 8192.0
Gradient overflow.  Skipping step, loss scaler 0 reducing loss scale to 8192.0
/opt/conda/lib/python3.6/site-packages/torch/distributed/distributed_c10d.py:100: UserWarning: torch.distributed.reduce_op is deprecated, please use torch.distributed.ReduceOp instead
  warnings.warn("torch.distributed.reduce_op is deprecated, please use "
/opt/conda/lib/python3.6/site-packages/torch/distributed/distributed_c10d.py:100: UserWarning: torch.distributed.reduce_op is deprecated, please use torch.distributed.ReduceOp instead
  warnings.warn("torch.distributed.reduce_op is deprecated, please use "
/opt/conda/lib/python3.6/site-packages/torch/distributed/distributed_c10d.py:100: UserWarning: torch.distributed.reduce_op is deprecated, please use torch.distributed.ReduceOp instead
  warnings.warn("torch.distributed.reduce_op is deprecated, please use "
/opt/conda/lib/python3.6/site-packages/torch/distributed/distributed_c10d.py:100: UserWarning: torch.distributed.reduce_op is deprecated, please use torch.distributed.ReduceOp instead
  warnings.warn("torch.distributed.reduce_op is deprecated, please use "
Epoch: [0][10/49]	Time 1.618 (1.618)	Speed 632.858 (632.858)	Loss 4.4099559784 (4.4100)	Prec@1 8.594 (8.594)	Prec@5 50.977 (50.977)
Epoch: [0][20/49]	Time 0.375 (0.997)	Speed 2728.293 (1027.399)	Loss 8.6871852875 (6.5486)	Prec@1 9.766 (9.180)	Prec@5 49.707 (50.342)
Epoch: [0][30/49]	Time 0.352 (0.782)	Speed 2911.363 (1309.961)	Loss 3.2211959362 (5.4394)	Prec@1 9.766 (9.375)	Prec@5 51.074 (50.586)
Epoch: [0][40/49]	Time 0.369 (0.679)	Speed 2771.794 (1508.909)	Loss 2.4977478981 (4.7040)	Prec@1 10.938 (9.766)	Prec@5 55.566 (51.831)
Test: [10/10]	Time 2.677 (0.512)	Speed 382.475 (1998.587)	Loss 2.2910 (2.2887)	Prec@1 15.944 (16.920)	Prec@5 60.842 (61.350)
 * Prec@1 16.920 Prec@5 61.350
 * Prec@1 16.920 Prec@5 61.350
 * Prec@1 16.920 Prec@5 61.350
 * Prec@1 16.920 Prec@5 61.350
Epoch: [1][10/49]	Time 0.435 (0.435)	Speed 2355.737 (2355.737)	Loss 2.1700339317 (2.1700)	Prec@1 16.797 (16.797)	Prec@5 73.340 (73.340)
Epoch: [1][20/49]	Time 0.368 (0.401)	Speed 2785.319 (2552.581)	Loss 2.1067996025 (2.1384)	Prec@1 20.605 (18.701)	Prec@5 76.074 (74.707)
Epoch: [1][30/49]	Time 0.358 (0.387)	Speed 2857.466 (2646.713)	Loss 2.0310704708 (2.1026)	Prec@1 21.777 (19.727)	Prec@5 77.734 (75.716)
Epoch: [1][40/49]	Time 0.359 (0.380)	Speed 2854.013 (2695.663)	Loss 2.0421423912 (2.0875)	Prec@1 22.949 (20.532)	Prec@5 77.637 (76.196)
 * Prec@1 26.070 Prec@5 81.630
 * Prec@1 26.070 Prec@5 81.630
 * Prec@1 26.070 Prec@5 81.630
Test: [10/10]	Time 0.205 (0.289)	Speed 4992.035 (3537.681)	Loss 1.9241 (1.9557)	Prec@1 27.551 (26.070)	Prec@5 83.418 (81.630)
 * Prec@1 26.070 Prec@5 81.630
Epoch: [2][10/49]	Time 0.444 (0.444)	Speed 2307.577 (2307.577)	Loss 1.9503036737 (1.9503)	Prec@1 24.121 (24.121)	Prec@5 81.445 (81.445)
Epoch: [2][20/49]	Time 0.370 (0.407)	Speed 2769.115 (2517.366)	Loss 1.9042730331 (1.9273)	Prec@1 26.562 (25.342)	Prec@5 84.180 (82.812)
Epoch: [2][30/49]	Time 0.352 (0.389)	Speed 2907.331 (2635.187)	Loss 1.8883386850 (1.9143)	Prec@1 26.660 (25.781)	Prec@5 84.961 (83.529)
Epoch: [2][40/49]	Time 0.365 (0.383)	Speed 2806.655 (2676.059)	Loss 1.9010220766 (1.9110)	Prec@1 29.980 (26.831)	Prec@5 83.984 (83.643)
Test: [10/10]	Time 0.225 (0.259)	Speed 4560.072 (3950.951)	Loss 1.8330 (1.8281)	Prec@1 29.847 (31.100)	Prec@5 87.245 (86.120)
 * Prec@1 31.100 Prec@5 86.120
 * Prec@1 31.100 Prec@5 86.120
 * Prec@1 31.100 Prec@5 86.120
 * Prec@1 31.100 Prec@5 86.120
Epoch: [3][10/49]	Time 0.442 (0.442)	Speed 2316.366 (2316.366)	Loss 1.9118803740 (1.9119)	Prec@1 30.371 (30.371)	Prec@5 82.520 (82.520)
Epoch: [3][20/49]	Time 0.361 (0.401)	Speed 2839.026 (2551.202)	Loss 1.8245248795 (1.8682)	Prec@1 29.883 (30.127)	Prec@5 84.180 (83.350)
Epoch: [3][30/49]	Time 0.366 (0.390)	Speed 2794.609 (2627.486)	Loss 1.8287508488 (1.8551)	Prec@1 32.520 (30.924)	Prec@5 84.375 (83.691)
Epoch: [3][40/49]	Time 0.358 (0.382)	Speed 2860.523 (2682.111)	Loss 1.7916382551 (1.8392)	Prec@1 33.496 (31.567)	Prec@5 87.109 (84.546)
Test: [10/10]	Time 0.214 (0.272)	Speed 4776.448 (3771.261)	Loss 1.6222 (1.6419)	Prec@1 36.607 (38.380)	Prec@5 89.158 (89.940)
 * Prec@1 38.380 Prec@5 89.940
 * Prec@1 38.380 Prec@5 89.940
 * Prec@1 38.380 Prec@5 89.940
 * Prec@1 38.380 Prec@5 89.940
Epoch: [4][10/49]	Time 0.422 (0.422)	Speed 2425.587 (2425.587)	Loss 1.8329470158 (1.8329)	Prec@1 29.590 (29.590)	Prec@5 84.766 (84.766)
Epoch: [4][20/49]	Time 0.360 (0.391)	Speed 2843.205 (2617.845)	Loss 1.7269312143 (1.7799)	Prec@1 37.891 (33.740)	Prec@5 87.305 (86.035)
Epoch: [4][30/49]	Time 0.373 (0.385)	Speed 2747.918 (2659.812)	Loss 1.7414611578 (1.7671)	Prec@1 35.547 (34.342)	Prec@5 87.695 (86.589)
Epoch: [4][40/49]	Time 0.359 (0.379)	Speed 2850.680 (2705.092)	Loss 1.7113122940 (1.7532)	Prec@1 34.863 (34.473)	Prec@5 88.770 (87.134)
Test: [10/10]	Time 0.230 (0.265)	Speed 4459.181 (3866.436)	Loss 1.5636 (1.5525)	Prec@1 42.219 (42.540)	Prec@5 92.092 (91.840)
 * Prec@1 42.540 Prec@5 91.840
 * Prec@1 42.540 Prec@5 91.840
 * Prec@1 42.540 Prec@5 91.840
 * Prec@1 42.540 Prec@5 91.840
Epoch: [5][10/49]	Time 0.445 (0.445)	Speed 2300.868 (2300.868)	Loss 1.6520497799 (1.6520)	Prec@1 36.328 (36.328)	Prec@5 90.039 (90.039)
Epoch: [5][20/49]	Time 0.367 (0.406)	Speed 2790.889 (2522.299)	Loss 1.7401624918 (1.6961)	Prec@1 35.254 (35.791)	Prec@5 87.305 (88.672)
Epoch: [5][30/49]	Time 0.357 (0.390)	Speed 2865.515 (2627.189)	Loss 1.6126317978 (1.6683)	Prec@1 41.504 (37.695)	Prec@5 87.988 (88.444)
Epoch: [5][40/49]	Time 0.364 (0.383)	Speed 2809.788 (2670.577)	Loss 1.5951672792 (1.6500)	Prec@1 42.969 (39.014)	Prec@5 88.574 (88.477)
Test: [10/10]	Time 0.194 (0.247)	Speed 5270.455 (4138.926)	Loss 1.4252 (1.4258)	Prec@1 48.852 (47.180)	Prec@5 93.878 (93.640)
 * Prec@1 47.180 Prec@5 93.640
 * Prec@1 47.180 Prec@5 93.640
 * Prec@1 47.180 Prec@5 93.640
 * Prec@1 47.180 Prec@5 93.640
Epoch: [6][10/49]	Time 0.430 (0.430)	Speed 2382.936 (2382.936)	Loss 1.5977571011 (1.5978)	Prec@1 42.773 (42.773)	Prec@5 89.062 (89.062)
Epoch: [6][20/49]	Time 0.366 (0.398)	Speed 2795.255 (2572.680)	Loss 1.5627076626 (1.5802)	Prec@1 43.164 (42.969)	Prec@5 90.039 (89.551)
Epoch: [6][30/49]	Time 0.360 (0.385)	Speed 2846.058 (2657.777)	Loss 1.5501334667 (1.5702)	Prec@1 45.508 (43.815)	Prec@5 90.234 (89.779)
Epoch: [6][40/49]	Time 0.357 (0.378)	Speed 2869.943 (2707.822)	Loss 1.5142005682 (1.5562)	Prec@1 43.457 (43.726)	Prec@5 90.039 (89.844)
Test: [10/10]	Time 0.206 (0.266)	Speed 4976.764 (3855.452)	Loss 1.3217 (1.3129)	Prec@1 52.934 (52.280)	Prec@5 94.643 (94.620)
 * Prec@1 52.280 Prec@5 94.620
 * Prec@1 52.280 Prec@5 94.620
 * Prec@1 52.280 Prec@5 94.620
 * Prec@1 52.280 Prec@5 94.620
Epoch: [7][10/49]	Time 0.443 (0.443)	Speed 2312.261 (2312.261)	Loss 1.4485762119 (1.4486)	Prec@1 47.559 (47.559)	Prec@5 92.090 (92.090)
Epoch: [7][20/49]	Time 0.357 (0.400)	Speed 2871.976 (2561.904)	Loss 1.5026464462 (1.4756)	Prec@1 45.410 (46.484)	Prec@5 90.332 (91.211)
Epoch: [7][30/49]	Time 0.370 (0.390)	Speed 2771.116 (2628.041)	Loss 1.4182265997 (1.4565)	Prec@1 48.047 (47.005)	Prec@5 92.188 (91.536)
Epoch: [7][40/49]	Time 0.368 (0.384)	Speed 2785.081 (2665.617)	Loss 1.4700330496 (1.4599)	Prec@1 47.168 (47.046)	Prec@5 91.797 (91.602)
Test: [10/10]	Time 0.209 (0.273)	Speed 4902.371 (3754.115)	Loss 1.2019 (1.1884)	Prec@1 54.847 (56.470)	Prec@5 95.153 (95.450)
 * Prec@1 56.470 Prec@5 95.450
 * Prec@1 56.470 Prec@5 95.450
 * Prec@1 56.470 Prec@5 95.450
 * Prec@1 56.470 Prec@5 95.450
Epoch: [8][10/49]	Time 0.454 (0.454)	Speed 2254.420 (2254.420)	Loss 1.3450407982 (1.3450)	Prec@1 49.902 (49.902)	Prec@5 93.945 (93.945)
Epoch: [8][20/49]	Time 0.387 (0.421)	Speed 2645.923 (2434.532)	Loss 1.3058121204 (1.3254)	Prec@1 52.441 (51.172)	Prec@5 94.043 (93.994)
Epoch: [8][30/49]	Time 0.393 (0.411)	Speed 2605.855 (2489.081)	Loss 1.3135616779 (1.3215)	Prec@1 51.758 (51.367)	Prec@5 93.555 (93.848)
Epoch: [8][40/49]	Time 0.376 (0.403)	Speed 2724.117 (2543.954)	Loss 1.3005045652 (1.3162)	Prec@1 53.906 (52.002)	Prec@5 94.531 (94.019)
Test: [10/10]	Time 0.216 (0.272)	Speed 4748.034 (3760.120)	Loss 1.1167 (1.1417)	Prec@1 61.097 (59.300)	Prec@5 96.046 (95.750)
 * Prec@1 59.300 Prec@5 95.750
 * Prec@1 59.300 Prec@5 95.750
 * Prec@1 59.300 Prec@5 95.750
 * Prec@1 59.300 Prec@5 95.750
Epoch: [9][10/49]	Time 0.432 (0.432)	Speed 2370.577 (2370.577)	Loss 1.2431391478 (1.2431)	Prec@1 54.395 (54.395)	Prec@5 93.945 (93.945)
Epoch: [9][20/49]	Time 0.363 (0.398)	Speed 2820.641 (2576.099)	Loss 1.3497325182 (1.2964)	Prec@1 50.195 (52.295)	Prec@5 93.555 (93.750)
Epoch: [9][30/49]	Time 0.368 (0.388)	Speed 2780.969 (2640.951)	Loss 1.2269742489 (1.2733)	Prec@1 56.348 (53.646)	Prec@5 94.434 (93.978)
Epoch: [9][40/49]	Time 0.374 (0.384)	Speed 2740.882 (2665.244)	Loss 1.2696634531 (1.2724)	Prec@1 54.590 (53.882)	Prec@5 93.750 (93.921)
Test: [10/10]	Time 0.206 (0.260)	Speed 4981.572 (3943.140)	Loss 1.0164 (1.0200)	Prec@1 64.031 (64.070)	Prec@5 97.577 (96.870)
 * Prec@1 64.070 Prec@5 96.870
 * Prec@1 64.070 Prec@5 96.870
 * Prec@1 64.070 Prec@5 96.870
 * Prec@1 64.070 Prec@5 96.870
Epoch: [10][10/49]	Time 0.430 (0.430)	Speed 2380.405 (2380.405)	Loss 1.1921089888 (1.1921)	Prec@1 57.520 (57.520)	Prec@5 94.141 (94.141)
Epoch: [10][20/49]	Time 0.368 (0.399)	Speed 2779.274 (2564.422)	Loss 1.1489146948 (1.1705)	Prec@1 57.031 (57.275)	Prec@5 95.020 (94.580)
Epoch: [10][30/49]	Time 0.374 (0.391)	Speed 2734.614 (2618.749)	Loss 1.1599810123 (1.1670)	Prec@1 58.301 (57.617)	Prec@5 94.336 (94.499)
Epoch: [10][40/49]	Time 0.397 (0.393)	Speed 2579.778 (2608.896)	Loss 1.1353821754 (1.1591)	Prec@1 60.449 (58.325)	Prec@5 94.238 (94.434)
Test: [10/10]	Time 0.214 (0.253)	Speed 4795.449 (4041.240)	Loss 0.9117 (0.9430)	Prec@1 68.878 (67.220)	Prec@5 98.087 (97.270)
 * Prec@1 67.220 Prec@5 97.270
 * Prec@1 67.220 Prec@5 97.270
 * Prec@1 67.220 Prec@5 97.270
 * Prec@1 67.220 Prec@5 97.270
Epoch: [11][10/49]	Time 0.433 (0.433)	Speed 2363.995 (2363.995)	Loss 1.2110931873 (1.2111)	Prec@1 56.152 (56.152)	Prec@5 93.945 (93.945)
Epoch: [11][20/49]	Time 0.363 (0.398)	Speed 2822.874 (2573.136)	Loss 1.1036219597 (1.1574)	Prec@1 60.938 (58.545)	Prec@5 94.336 (94.141)
Epoch: [11][30/49]	Time 0.360 (0.385)	Speed 2843.803 (2657.446)	Loss 1.1525399685 (1.1558)	Prec@1 58.594 (58.561)	Prec@5 95.508 (94.596)
Epoch: [11][40/49]	Time 0.364 (0.380)	Speed 2813.207 (2694.747)	Loss 1.1553151608 (1.1556)	Prec@1 59.473 (58.789)	Prec@5 94.727 (94.629)
Test: [10/10]	Time 0.214 (0.255)	Speed 4783.880 (4011.513)	Loss 0.8841 (0.8663)	Prec@1 68.367 (69.790)	Prec@5 98.342 (97.860)
 * Prec@1 69.790 Prec@5 97.860
 * Prec@1 69.790 Prec@5 97.860
 * Prec@1 69.790 Prec@5 97.860
 * Prec@1 69.790 Prec@5 97.860
Epoch: [12][10/49]	Time 0.417 (0.417)	Speed 2456.002 (2456.002)	Loss 1.0020275116 (1.0020)	Prec@1 65.332 (65.332)	Prec@5 96.289 (96.289)
Epoch: [12][20/49]	Time 0.371 (0.394)	Speed 2758.879 (2598.645)	Loss 1.0518596172 (1.0269)	Prec@1 64.062 (64.697)	Prec@5 96.484 (96.387)
Epoch: [12][30/49]	Time 0.350 (0.379)	Speed 2929.221 (2700.223)	Loss 1.0348951817 (1.0296)	Prec@1 62.988 (64.128)	Prec@5 95.410 (96.061)
Epoch: [12][40/49]	Time 0.373 (0.378)	Speed 2746.964 (2711.758)	Loss 1.1346367598 (1.0559)	Prec@1 60.449 (63.208)	Prec@5 95.410 (95.898)
 * Prec@1 72.800 Prec@5 97.870
Test: [10/10]	Time 0.209 (0.270)	Speed 4911.211 (3790.180)	Loss 0.7963 (0.7812)	Prec@1 70.408 (72.800)	Prec@5 97.577 (97.870)
 * Prec@1 72.800 Prec@5 97.870
 * Prec@1 72.800 Prec@5 97.870
 * Prec@1 72.800 Prec@5 97.870
Epoch: [13][10/49]	Time 0.430 (0.430)	Speed 2382.352 (2382.352)	Loss 0.9841148853 (0.9841)	Prec@1 64.355 (64.355)	Prec@5 95.898 (95.898)
Epoch: [13][20/49]	Time 0.350 (0.390)	Speed 2927.114 (2626.786)	Loss 1.0498962402 (1.0170)	Prec@1 63.672 (64.014)	Prec@5 96.680 (96.289)
Epoch: [13][30/49]	Time 0.364 (0.381)	Speed 2813.559 (2686.226)	Loss 0.9682552218 (1.0008)	Prec@1 67.383 (65.137)	Prec@5 96.387 (96.322)
Epoch: [13][40/49]	Time 0.360 (0.376)	Speed 2845.866 (2724.433)	Loss 0.9460693598 (0.9871)	Prec@1 66.895 (65.576)	Prec@5 96.777 (96.436)
 * Prec@1 75.270 Prec@5 98.590
 * Prec@1 75.270 Prec@5 98.590
Test: [10/10]	Time 0.213 (0.274)	Speed 4805.536 (3742.315)	Loss 0.6783 (0.7080)	Prec@1 77.041 (75.270)	Prec@5 98.980 (98.590)
 * Prec@1 75.270 Prec@5 98.590
 * Prec@1 75.270 Prec@5 98.590
Epoch: [14][10/49]	Time 0.419 (0.419)	Speed 2443.523 (2443.523)	Loss 1.0161577463 (1.0162)	Prec@1 63.477 (63.477)	Prec@5 96.094 (96.094)
Epoch: [14][20/49]	Time 0.359 (0.389)	Speed 2851.602 (2631.838)	Loss 0.9587265253 (0.9874)	Prec@1 66.113 (64.795)	Prec@5 96.191 (96.143)
Epoch: [14][30/49]	Time 0.365 (0.381)	Speed 2808.023 (2688.057)	Loss 0.9367058277 (0.9705)	Prec@1 66.699 (65.430)	Prec@5 96.387 (96.224)
Epoch: [14][40/49]	Time 0.360 (0.376)	Speed 2842.488 (2725.070)	Loss 0.9105210900 (0.9555)	Prec@1 66.699 (65.747)	Prec@5 97.754 (96.606)
Test: [10/10]	Time 0.206 (0.278)	Speed 4976.499 (3685.510)	Loss 0.7147 (0.7033)	Prec@1 75.000 (75.760)	Prec@5 98.597 (98.460)
 * Prec@1 75.760 Prec@5 98.460
 * Prec@1 75.760 Prec@5 98.460
 * Prec@1 75.760 Prec@5 98.460
 * Prec@1 75.760 Prec@5 98.460
Epoch: [15][10/49]	Time 0.429 (0.429)	Speed 2388.075 (2388.075)	Loss 0.9041763544 (0.9042)	Prec@1 68.262 (68.262)	Prec@5 96.484 (96.484)
Epoch: [15][20/49]	Time 0.362 (0.395)	Speed 2830.128 (2590.378)	Loss 0.8554821014 (0.8798)	Prec@1 69.922 (69.092)	Prec@5 96.973 (96.729)
Epoch: [15][30/49]	Time 0.368 (0.386)	Speed 2780.060 (2650.662)	Loss 0.9908732176 (0.9168)	Prec@1 63.281 (67.155)	Prec@5 96.875 (96.777)
Epoch: [15][40/49]	Time 0.357 (0.379)	Speed 2866.318 (2701.475)	Loss 0.9197708368 (0.9176)	Prec@1 67.285 (67.188)	Prec@5 96.582 (96.729)
 * Prec@1 76.710 Prec@5 98.590
Test: [10/10]	Time 0.203 (0.256)	Speed 5040.929 (3997.173)	Loss 0.6452 (0.6767)	Prec@1 77.168 (76.710)	Prec@5 98.724 (98.590)
 * Prec@1 76.710 Prec@5 98.590
 * Prec@1 76.710 Prec@5 98.590
 * Prec@1 76.710 Prec@5 98.590
Epoch: [16][10/49]	Time 0.422 (0.422)	Speed 2425.845 (2425.845)	Loss 0.9015669823 (0.9016)	Prec@1 67.871 (67.871)	Prec@5 96.484 (96.484)
Epoch: [16][20/49]	Time 0.359 (0.391)	Speed 2849.962 (2620.856)	Loss 0.8496155143 (0.8756)	Prec@1 70.117 (68.994)	Prec@5 97.363 (96.924)
Epoch: [16][30/49]	Time 0.361 (0.381)	Speed 2839.784 (2689.983)	Loss 0.8876062632 (0.8796)	Prec@1 68.262 (68.750)	Prec@5 97.656 (97.168)
Epoch: [16][40/49]	Time 0.359 (0.375)	Speed 2853.309 (2729.036)	Loss 0.8649660349 (0.8759)	Prec@1 69.434 (68.921)	Prec@5 97.461 (97.241)
Test: [10/10]	Time 0.192 (0.267)	Speed 5325.024 (3839.210)	Loss 0.6152 (0.6282)	Prec@1 78.827 (78.500)	Prec@5 99.362 (98.850)
 * Prec@1 78.500 Prec@5 98.850
 * Prec@1 78.500 Prec@5 98.850
 * Prec@1 78.500 Prec@5 98.850
 * Prec@1 78.500 Prec@5 98.850
Epoch: [17][10/49]	Time 0.420 (0.420)	Speed 2435.892 (2435.892)	Loss 0.8602712750 (0.8603)	Prec@1 70.898 (70.898)	Prec@5 96.973 (96.973)
Epoch: [17][20/49]	Time 0.359 (0.390)	Speed 2855.279 (2628.965)	Loss 0.8982648253 (0.8793)	Prec@1 68.555 (69.727)	Prec@5 97.461 (97.217)
Epoch: [17][30/49]	Time 0.369 (0.383)	Speed 2775.534 (2676.071)	Loss 0.7910309434 (0.8499)	Prec@1 72.949 (70.801)	Prec@5 97.754 (97.396)
Epoch: [17][40/49]	Time 0.362 (0.378)	Speed 2825.999 (2712.041)	Loss 0.8895154595 (0.8598)	Prec@1 70.117 (70.630)	Prec@5 97.070 (97.314)
 * Prec@1 78.980 Prec@5 98.840
Test: [10/10]	Time 0.204 (0.271)	Speed 5020.887 (3779.766)	Loss 0.5905 (0.6071)	Prec@1 78.827 (78.980)	Prec@5 99.745 (98.840)
 * Prec@1 78.980 Prec@5 98.840
 * Prec@1 78.980 Prec@5 98.840
 * Prec@1 78.980 Prec@5 98.840
Epoch: [18][10/49]	Time 0.419 (0.419)	Speed 2445.254 (2445.254)	Loss 0.8413406014 (0.8413)	Prec@1 69.531 (69.531)	Prec@5 97.266 (97.266)
Epoch: [18][20/49]	Time 0.365 (0.392)	Speed 2807.806 (2614.019)	Loss 0.8926519156 (0.8670)	Prec@1 69.238 (69.385)	Prec@5 96.191 (96.729)
Epoch: [18][30/49]	Time 0.361 (0.381)	Speed 2836.611 (2684.231)	Loss 0.7969101667 (0.8436)	Prec@1 71.875 (70.215)	Prec@5 97.363 (96.940)
Epoch: [18][40/49]	Time 0.351 (0.374)	Speed 2914.974 (2738.423)	Loss 0.8887605667 (0.8549)	Prec@1 68.945 (69.897)	Prec@5 96.387 (96.802)
Test: [10/10]	Time 0.209 (0.275)	Speed 4898.373 (3729.028)	Loss 0.5683 (0.5646)	Prec@1 79.592 (81.230)	Prec@5 99.362 (99.030)
 * Prec@1 81.230 Prec@5 99.030
 * Prec@1 81.230 Prec@5 99.030
 * Prec@1 81.230 Prec@5 99.030
 * Prec@1 81.230 Prec@5 99.030
Epoch: [19][10/49]	Time 0.416 (0.416)	Speed 2462.250 (2462.250)	Loss 0.7622600794 (0.7623)	Prec@1 72.559 (72.559)	Prec@5 97.949 (97.949)
Epoch: [19][20/49]	Time 0.372 (0.394)	Speed 2754.599 (2600.233)	Loss 0.7881871462 (0.7752)	Prec@1 71.680 (72.119)	Prec@5 97.266 (97.607)
Epoch: [19][30/49]	Time 0.354 (0.381)	Speed 2891.035 (2690.441)	Loss 0.8323352337 (0.7943)	Prec@1 70.117 (71.452)	Prec@5 97.168 (97.461)
Epoch: [19][40/49]	Time 0.353 (0.374)	Speed 2897.367 (2739.352)	Loss 0.7948046923 (0.7944)	Prec@1 71.387 (71.436)	Prec@5 96.973 (97.339)
 * Prec@1 79.200 Prec@5 98.950
Test: [10/10]	Time 0.216 (0.265)	Speed 4748.869 (3870.114)	Loss 0.6038 (0.6080)	Prec@1 78.827 (79.200)	Prec@5 99.107 (98.950)
 * Prec@1 79.200 Prec@5 98.950
 * Prec@1 79.200 Prec@5 98.950
 * Prec@1 79.200 Prec@5 98.950
Epoch: [20][10/49]	Time 0.449 (0.449)	Speed 2278.932 (2278.932)	Loss 0.8068454862 (0.8068)	Prec@1 73.047 (73.047)	Prec@5 97.559 (97.559)
Epoch: [20][20/49]	Time 0.354 (0.402)	Speed 2888.888 (2547.913)	Loss 0.8463310599 (0.8266)	Prec@1 70.410 (71.729)	Prec@5 96.289 (96.924)
Epoch: [20][30/49]	Time 0.360 (0.388)	Speed 2846.661 (2640.276)	Loss 0.8436558247 (0.8323)	Prec@1 71.094 (71.517)	Prec@5 96.289 (96.712)
Epoch: [20][40/49]	Time 0.353 (0.379)	Speed 2896.969 (2700.088)	Loss 0.7043904662 (0.8003)	Prec@1 74.707 (72.314)	Prec@5 98.438 (97.144)
Test: [10/10]	Time 0.213 (0.255)	Speed 4800.729 (4021.704)	Loss 0.5340 (0.5309)	Prec@1 79.719 (81.640)	Prec@5 99.617 (99.240)
 * Prec@1 81.640 Prec@5 99.240
 * Prec@1 81.640 Prec@5 99.240
 * Prec@1 81.640 Prec@5 99.240
 * Prec@1 81.640 Prec@5 99.240
Epoch: [21][10/49]	Time 0.423 (0.423)	Speed 2423.021 (2423.021)	Loss 0.7614333630 (0.7614)	Prec@1 72.754 (72.754)	Prec@5 98.145 (98.145)
Epoch: [21][20/49]	Time 0.367 (0.395)	Speed 2788.800 (2593.075)	Loss 0.7961260080 (0.7788)	Prec@1 72.852 (72.803)	Prec@5 97.363 (97.754)
Epoch: [21][30/49]	Time 0.361 (0.384)	Speed 2837.737 (2669.803)	Loss 0.7555263638 (0.7710)	Prec@1 74.023 (73.210)	Prec@5 96.484 (97.331)
Epoch: [21][40/49]	Time 0.360 (0.378)	Speed 2843.813 (2711.278)	Loss 0.7633745670 (0.7691)	Prec@1 73.340 (73.242)	Prec@5 97.852 (97.461)
Test: [10/10]	Time 0.199 (0.254)	Speed 5138.350 (4027.277)	Loss 0.5128 (0.5342)	Prec@1 81.122 (81.370)	Prec@5 99.745 (99.050)
 * Prec@1 81.370 Prec@5 99.050
 * Prec@1 81.370 Prec@5 99.050
 * Prec@1 81.370 Prec@5 99.050
 * Prec@1 81.370 Prec@5 99.050
Epoch: [22][10/49]	Time 0.458 (0.458)	Speed 2234.203 (2234.203)	Loss 0.7143068910 (0.7143)	Prec@1 75.391 (75.391)	Prec@5 97.754 (97.754)
Epoch: [22][20/49]	Time 0.363 (0.411)	Speed 2818.697 (2492.644)	Loss 0.7265225649 (0.7204)	Prec@1 75.195 (75.293)	Prec@5 97.852 (97.803)
Epoch: [22][30/49]	Time 0.355 (0.392)	Speed 2885.486 (2611.141)	Loss 0.6719690561 (0.7043)	Prec@1 77.148 (75.911)	Prec@5 97.852 (97.819)
Epoch: [22][40/49]	Time 0.374 (0.388)	Speed 2735.951 (2641.264)	Loss 0.7292345166 (0.7105)	Prec@1 73.438 (75.293)	Prec@5 97.168 (97.656)
Test: [10/10]	Time 0.203 (0.269)	Speed 5040.959 (3802.048)	Loss 0.4978 (0.5194)	Prec@1 82.526 (82.450)	Prec@5 99.235 (99.110)
 * Prec@1 82.450 Prec@5 99.110
 * Prec@1 82.450 Prec@5 99.110
 * Prec@1 82.450 Prec@5 99.110
 * Prec@1 82.450 Prec@5 99.110
Epoch: [23][10/49]	Time 0.423 (0.423)	Speed 2418.716 (2418.716)	Loss 0.7219974995 (0.7220)	Prec@1 75.781 (75.781)	Prec@5 96.777 (96.777)
Epoch: [23][20/49]	Time 0.361 (0.392)	Speed 2840.406 (2612.655)	Loss 0.7273014784 (0.7246)	Prec@1 73.633 (74.707)	Prec@5 98.145 (97.461)
Epoch: [23][30/49]	Time 0.357 (0.380)	Speed 2871.175 (2693.495)	Loss 0.7282016277 (0.7258)	Prec@1 73.340 (74.251)	Prec@5 97.266 (97.396)
Epoch: [23][40/49]	Time 0.367 (0.377)	Speed 2787.378 (2716.368)	Loss 0.7284618020 (0.7265)	Prec@1 73.828 (74.146)	Prec@5 97.949 (97.534)
Test: [10/10]	Time 0.210 (0.264)	Speed 4879.824 (3882.979)	Loss 0.5150 (0.5194)	Prec@1 82.653 (82.750)	Prec@5 99.235 (98.990)
 * Prec@1 82.750 Prec@5 98.990
 * Prec@1 82.750 Prec@5 98.990
 * Prec@1 82.750 Prec@5 98.990
 * Prec@1 82.750 Prec@5 98.990
Epoch: [24][10/49]	Time 0.420 (0.420)	Speed 2437.903 (2437.903)	Loss 0.7252756357 (0.7253)	Prec@1 74.023 (74.023)	Prec@5 98.145 (98.145)
Epoch: [24][20/49]	Time 0.360 (0.390)	Speed 2841.392 (2624.229)	Loss 0.7079181075 (0.7166)	Prec@1 76.465 (75.244)	Prec@5 97.363 (97.754)
Epoch: [24][30/49]	Time 0.358 (0.380)	Speed 2857.473 (2697.627)	Loss 0.6482745409 (0.6938)	Prec@1 77.539 (76.009)	Prec@5 97.656 (97.721)
Epoch: [24][40/49]	Time 0.363 (0.376)	Speed 2817.629 (2726.659)	Loss 0.6296380162 (0.6778)	Prec@1 76.953 (76.245)	Prec@5 98.145 (97.827)
Test: [10/10]	Time 0.211 (0.264)	Speed 4859.264 (3872.993)	Loss 0.4761 (0.4651)	Prec@1 82.908 (83.960)	Prec@5 99.872 (99.340)
 * Prec@1 83.960 Prec@5 99.340
 * Prec@1 83.960 Prec@5 99.340
 * Prec@1 83.960 Prec@5 99.340
 * Prec@1 83.960 Prec@5 99.340
Epoch: [25][10/49]	Time 0.422 (0.422)	Speed 2426.770 (2426.770)	Loss 0.6785349250 (0.6785)	Prec@1 75.684 (75.684)	Prec@5 96.973 (96.973)
Epoch: [25][20/49]	Time 0.356 (0.389)	Speed 2879.793 (2633.944)	Loss 0.6718053818 (0.6752)	Prec@1 76.172 (75.928)	Prec@5 98.633 (97.803)
Epoch: [25][30/49]	Time 0.356 (0.378)	Speed 2875.934 (2709.952)	Loss 0.6172449589 (0.6559)	Prec@1 78.418 (76.758)	Prec@5 98.047 (97.884)
Epoch: [25][40/49]	Time 0.358 (0.373)	Speed 2859.686 (2745.896)	Loss 0.7078614831 (0.6689)	Prec@1 74.609 (76.221)	Prec@5 97.754 (97.852)
Test: [10/10]	Time 0.203 (0.264)	Speed 5055.984 (3886.015)	Loss 0.4900 (0.4796)	Prec@1 85.077 (83.700)	Prec@5 99.362 (99.160)
 * Prec@1 83.700 Prec@5 99.160
 * Prec@1 83.700 Prec@5 99.160
 * Prec@1 83.700 Prec@5 99.160
 * Prec@1 83.700 Prec@5 99.160
Epoch: [26][10/49]	Time 0.439 (0.439)	Speed 2330.910 (2330.910)	Loss 0.6469992995 (0.6470)	Prec@1 76.660 (76.660)	Prec@5 97.949 (97.949)
Epoch: [26][20/49]	Time 0.366 (0.403)	Speed 2798.528 (2543.404)	Loss 0.7167859077 (0.6819)	Prec@1 74.512 (75.586)	Prec@5 97.754 (97.852)
Epoch: [26][30/49]	Time 0.357 (0.387)	Speed 2868.611 (2643.292)	Loss 0.6010171771 (0.6549)	Prec@1 78.711 (76.628)	Prec@5 98.926 (98.210)
Epoch: [26][40/49]	Time 0.373 (0.384)	Speed 2742.219 (2667.349)	Loss 0.5989766121 (0.6409)	Prec@1 78.125 (77.002)	Prec@5 98.145 (98.193)
 * Prec@1 85.190 Prec@5 99.270
 * Prec@1 85.190 Prec@5 99.270
Test: [10/10]	Time 0.220 (0.257)	Speed 4654.842 (3985.868)	Loss 0.4623 (0.4442)	Prec@1 84.821 (85.190)	Prec@5 99.362 (99.270)
 * Prec@1 85.190 Prec@5 99.270
 * Prec@1 85.190 Prec@5 99.270
Epoch: [27][10/49]	Time 0.422 (0.422)	Speed 2427.311 (2427.311)	Loss 0.6355516315 (0.6356)	Prec@1 77.832 (77.832)	Prec@5 98.340 (98.340)
Epoch: [27][20/49]	Time 0.368 (0.395)	Speed 2780.603 (2591.973)	Loss 0.6969832182 (0.6663)	Prec@1 76.172 (77.002)	Prec@5 98.047 (98.193)
Epoch: [27][30/49]	Time 0.358 (0.383)	Speed 2864.160 (2676.766)	Loss 0.6526870728 (0.6617)	Prec@1 77.637 (77.214)	Prec@5 97.852 (98.079)
Epoch: [27][40/49]	Time 0.364 (0.378)	Speed 2813.810 (2709.760)	Loss 0.6251968145 (0.6526)	Prec@1 77.930 (77.393)	Prec@5 97.363 (97.900)
Test: [10/10]	Time 0.224 (0.267)	Speed 4571.098 (3836.232)	Loss 0.4944 (0.4851)	Prec@1 81.122 (83.420)	Prec@5 99.490 (99.310)
 * Prec@1 83.420 Prec@5 99.310
 * Prec@1 83.420 Prec@5 99.310
 * Prec@1 83.420 Prec@5 99.310
 * Prec@1 83.420 Prec@5 99.310
Epoch: [28][10/49]	Time 0.450 (0.450)	Speed 2278.082 (2278.082)	Loss 0.6164685488 (0.6165)	Prec@1 77.734 (77.734)	Prec@5 98.535 (98.535)
Epoch: [28][20/49]	Time 0.359 (0.404)	Speed 2855.434 (2534.291)	Loss 0.6186152101 (0.6175)	Prec@1 78.906 (78.320)	Prec@5 97.461 (97.998)
Epoch: [28][30/49]	Time 0.355 (0.388)	Speed 2882.669 (2640.668)	Loss 0.6483913064 (0.6278)	Prec@1 77.832 (78.158)	Prec@5 98.242 (98.079)
Epoch: [28][40/49]	Time 0.367 (0.383)	Speed 2788.820 (2676.211)	Loss 0.6062371731 (0.6224)	Prec@1 78.320 (78.198)	Prec@5 97.949 (98.047)
Test: [10/10]	Time 0.213 (0.252)	Speed 4808.210 (4062.775)	Loss 0.4370 (0.4487)	Prec@1 82.398 (84.550)	Prec@5 99.490 (99.350)
 * Prec@1 84.550 Prec@5 99.350
 * Prec@1 84.550 Prec@5 99.350
 * Prec@1 84.550 Prec@5 99.350
 * Prec@1 84.550 Prec@5 99.350
Epoch: [29][10/49]	Time 0.452 (0.452)	Speed 2267.629 (2267.629)	Loss 0.6073433161 (0.6073)	Prec@1 79.297 (79.297)	Prec@5 98.828 (98.828)
Epoch: [29][20/49]	Time 0.357 (0.404)	Speed 2865.412 (2531.713)	Loss 0.5585056543 (0.5829)	Prec@1 81.152 (80.225)	Prec@5 98.047 (98.438)
Epoch: [29][30/49]	Time 0.368 (0.392)	Speed 2783.645 (2610.466)	Loss 0.6434653997 (0.6031)	Prec@1 77.148 (79.199)	Prec@5 98.145 (98.340)
Epoch: [29][40/49]	Time 0.352 (0.382)	Speed 2911.506 (2679.735)	Loss 0.6841847897 (0.6234)	Prec@1 75.781 (78.345)	Prec@5 97.656 (98.169)
Test: [10/10]	Time 0.200 (0.247)	Speed 5116.388 (4137.480)	Loss 0.4333 (0.4241)	Prec@1 84.439 (85.840)	Prec@5 99.872 (99.400)
 * Prec@1 85.840 Prec@5 99.400
 * Prec@1 85.840 Prec@5 99.400
 * Prec@1 85.840 Prec@5 99.400
 * Prec@1 85.840 Prec@5 99.400
Epoch: [30][10/49]	Time 0.417 (0.417)	Speed 2456.743 (2456.743)	Loss 0.6127634048 (0.6128)	Prec@1 77.344 (77.344)	Prec@5 98.730 (98.730)
Epoch: [30][20/49]	Time 0.348 (0.382)	Speed 2943.266 (2678.087)	Loss 0.5406819582 (0.5767)	Prec@1 80.762 (79.053)	Prec@5 98.047 (98.389)
Epoch: [30][30/49]	Time 0.339 (0.368)	Speed 3024.328 (2784.342)	Loss 0.5785419941 (0.5773)	Prec@1 78.906 (79.004)	Prec@5 98.438 (98.405)
Epoch: [30][40/49]	Time 0.352 (0.364)	Speed 2910.556 (2814.858)	Loss 0.5132693648 (0.5613)	Prec@1 82.227 (79.810)	Prec@5 99.414 (98.657)
Test: [10/10]	Time 0.218 (0.241)	Speed 4706.421 (4240.760)	Loss 0.3488 (0.3388)	Prec@1 86.607 (88.600)	Prec@5 99.617 (99.600)
 * Prec@1 88.600 Prec@5 99.600
 * Prec@1 88.600 Prec@5 99.600
 * Prec@1 88.600 Prec@5 99.600
 * Prec@1 88.600 Prec@5 99.600
Epoch: [31][10/49]	Time 0.423 (0.423)	Speed 2418.739 (2418.739)	Loss 0.4964791238 (0.4965)	Prec@1 82.617 (82.617)	Prec@5 98.633 (98.633)
Epoch: [31][20/49]	Time 0.350 (0.387)	Speed 2926.169 (2648.367)	Loss 0.4466579556 (0.4716)	Prec@1 83.398 (83.008)	Prec@5 99.414 (99.023)
Epoch: [31][30/49]	Time 0.354 (0.376)	Speed 2889.380 (2724.109)	Loss 0.4955288768 (0.4796)	Prec@1 83.008 (83.008)	Prec@5 98.145 (98.730)
Epoch: [31][40/49]	Time 0.352 (0.370)	Speed 2912.203 (2768.817)	Loss 0.5200775862 (0.4897)	Prec@1 80.664 (82.422)	Prec@5 99.023 (98.804)
 * Prec@1 88.470 Prec@5 99.630
Test: [10/10]	Time 0.211 (0.265)	Speed 4851.146 (3868.002)	Loss 0.3410 (0.3332)	Prec@1 87.372 (88.470)	Prec@5 99.745 (99.630)
 * Prec@1 88.470 Prec@5 99.630
 * Prec@1 88.470 Prec@5 99.630
 * Prec@1 88.470 Prec@5 99.630
Epoch: [32][10/49]	Time 0.453 (0.453)	Speed 2260.212 (2260.212)	Loss 0.4424416423 (0.4424)	Prec@1 84.473 (84.473)	Prec@5 98.828 (98.828)
Epoch: [32][20/49]	Time 0.358 (0.406)	Speed 2856.612 (2523.655)	Loss 0.5022057295 (0.4723)	Prec@1 83.594 (84.033)	Prec@5 98.535 (98.682)
Epoch: [32][30/49]	Time 0.361 (0.391)	Speed 2835.337 (2619.645)	Loss 0.5154183507 (0.4867)	Prec@1 82.324 (83.464)	Prec@5 98.438 (98.600)
Epoch: [32][40/49]	Time 0.360 (0.383)	Speed 2845.961 (2672.781)	Loss 0.4559865594 (0.4790)	Prec@1 83.691 (83.521)	Prec@5 99.219 (98.755)
Test: [10/10]	Time 0.207 (0.253)	Speed 4955.764 (4045.312)	Loss 0.3396 (0.3262)	Prec@1 87.117 (88.930)	Prec@5 99.872 (99.660)
 * Prec@1 88.930 Prec@5 99.660
 * Prec@1 88.930 Prec@5 99.660
 * Prec@1 88.930 Prec@5 99.660
 * Prec@1 88.930 Prec@5 99.660
Epoch: [33][10/49]	Time 0.420 (0.420)	Speed 2439.885 (2439.885)	Loss 0.4536575973 (0.4537)	Prec@1 83.105 (83.105)	Prec@5 98.730 (98.730)
Epoch: [33][20/49]	Time 0.359 (0.389)	Speed 2854.112 (2630.793)	Loss 0.4912165999 (0.4724)	Prec@1 84.082 (83.594)	Prec@5 98.926 (98.828)
Epoch: [33][30/49]	Time 0.359 (0.379)	Speed 2849.983 (2700.012)	Loss 0.4824426770 (0.4758)	Prec@1 82.520 (83.236)	Prec@5 98.828 (98.828)
Epoch: [33][40/49]	Time 0.345 (0.371)	Speed 2964.556 (2761.620)	Loss 0.4500979483 (0.4694)	Prec@1 85.254 (83.740)	Prec@5 99.316 (98.950)
 * Prec@1 89.050 Prec@5 99.640
Test: [10/10]	Time 0.214 (0.255)	Speed 4784.295 (4017.170)	Loss 0.3447 (0.3258)	Prec@1 86.862 (89.050)	Prec@5 99.745 (99.640)
 * Prec@1 89.050 Prec@5 99.640
 * Prec@1 89.050 Prec@5 99.640
 * Prec@1 89.050 Prec@5 99.640
Epoch: [34][10/49]	Time 0.442 (0.442)	Speed 2317.545 (2317.545)	Loss 0.4778442383 (0.4778)	Prec@1 82.715 (82.715)	Prec@5 99.316 (99.316)
Epoch: [34][20/49]	Time 0.349 (0.395)	Speed 2933.176 (2589.270)	Loss 0.4385261238 (0.4582)	Prec@1 84.863 (83.789)	Prec@5 99.414 (99.365)
Epoch: [34][30/49]	Time 0.359 (0.383)	Speed 2855.209 (2672.235)	Loss 0.5012657046 (0.4725)	Prec@1 82.422 (83.333)	Prec@5 98.535 (99.089)
Epoch: [34][40/49]	Time 0.364 (0.378)	Speed 2812.423 (2705.956)	Loss 0.4606561661 (0.4696)	Prec@1 83.496 (83.374)	Prec@5 98.828 (99.023)
Test: [10/10]	Time 0.190 (0.248)	Speed 5385.600 (4121.004)	Loss 0.3403 (0.3168)	Prec@1 87.117 (89.160)	Prec@5 99.745 (99.670)
 * Prec@1 89.160 Prec@5 99.670
 * Prec@1 89.160 Prec@5 99.670
 * Prec@1 89.160 Prec@5 99.670
 * Prec@1 89.160 Prec@5 99.670
Epoch: [35][10/49]	Time 0.423 (0.423)	Speed 2421.780 (2421.780)	Loss 0.4695429802 (0.4695)	Prec@1 83.203 (83.203)	Prec@5 98.730 (98.730)
Epoch: [35][20/49]	Time 0.360 (0.391)	Speed 2847.927 (2617.623)	Loss 0.4309429526 (0.4502)	Prec@1 84.961 (84.082)	Prec@5 98.828 (98.779)
Epoch: [35][30/49]	Time 0.356 (0.379)	Speed 2877.121 (2698.760)	Loss 0.4620153606 (0.4542)	Prec@1 84.375 (84.180)	Prec@5 99.121 (98.893)
Epoch: [35][40/49]	Time 0.356 (0.374)	Speed 2873.358 (2740.389)	Loss 0.4081101418 (0.4427)	Prec@1 85.547 (84.521)	Prec@5 98.828 (98.877)
Test: [10/10]	Time 0.229 (0.260)	Speed 4475.985 (3942.529)	Loss 0.3347 (0.3184)	Prec@1 87.245 (89.260)	Prec@5 99.872 (99.630)
 * Prec@1 89.260 Prec@5 99.630
 * Prec@1 89.260 Prec@5 99.630
 * Prec@1 89.260 Prec@5 99.630
 * Prec@1 89.260 Prec@5 99.630
Epoch: [36][10/49]	Time 0.417 (0.417)	Speed 2456.484 (2456.484)	Loss 0.4185769856 (0.4186)	Prec@1 85.938 (85.938)	Prec@5 98.926 (98.926)
Epoch: [36][20/49]	Time 0.347 (0.382)	Speed 2953.345 (2682.097)	Loss 0.4387962818 (0.4287)	Prec@1 84.668 (85.303)	Prec@5 99.023 (98.975)
Epoch: [36][30/49]	Time 0.350 (0.371)	Speed 2926.432 (2758.879)	Loss 0.4492507577 (0.4355)	Prec@1 82.812 (84.473)	Prec@5 99.512 (99.154)
Epoch: [36][40/49]	Time 0.364 (0.369)	Speed 2810.866 (2771.695)	Loss 0.4811115563 (0.4469)	Prec@1 82.910 (84.082)	Prec@5 99.023 (99.121)
Test: [10/10]	Time 0.210 (0.246)	Speed 4886.436 (4165.760)	Loss 0.3239 (0.3150)	Prec@1 87.372 (89.390)	Prec@5 99.745 (99.650)
 * Prec@1 89.390 Prec@5 99.650
 * Prec@1 89.390 Prec@5 99.650
 * Prec@1 89.390 Prec@5 99.650
 * Prec@1 89.390 Prec@5 99.650
Epoch: [37][10/49]	Time 0.414 (0.414)	Speed 2476.408 (2476.408)	Loss 0.5219271779 (0.5219)	Prec@1 82.422 (82.422)	Prec@5 98.340 (98.340)
Epoch: [37][20/49]	Time 0.353 (0.383)	Speed 2901.959 (2672.348)	Loss 0.4005000889 (0.4612)	Prec@1 86.035 (84.229)	Prec@5 98.730 (98.535)
Epoch: [37][30/49]	Time 0.362 (0.376)	Speed 2827.224 (2722.053)	Loss 0.4489930868 (0.4571)	Prec@1 85.254 (84.570)	Prec@5 98.730 (98.600)
Epoch: [37][40/49]	Time 0.357 (0.371)	Speed 2870.964 (2757.814)	Loss 0.3907700181 (0.4405)	Prec@1 87.598 (85.327)	Prec@5 98.828 (98.657)
Test: [10/10]	Time 0.196 (0.249)	Speed 5236.801 (4111.326)	Loss 0.3289 (0.3137)	Prec@1 87.628 (89.250)	Prec@5 100.000 (99.700)
 * Prec@1 89.250 Prec@5 99.700
 * Prec@1 89.250 Prec@5 99.700
 * Prec@1 89.250 Prec@5 99.700
 * Prec@1 89.250 Prec@5 99.700
Epoch: [38][10/49]	Time 0.452 (0.452)	Speed 2264.343 (2264.343)	Loss 0.4631672800 (0.4632)	Prec@1 82.617 (82.617)	Prec@5 99.414 (99.414)
Epoch: [38][20/49]	Time 0.363 (0.408)	Speed 2818.479 (2511.205)	Loss 0.4614214897 (0.4623)	Prec@1 83.398 (83.008)	Prec@5 98.438 (98.926)
Epoch: [38][30/49]	Time 0.362 (0.393)	Speed 2825.447 (2607.887)	Loss 0.4094054997 (0.4447)	Prec@1 85.938 (83.984)	Prec@5 99.316 (99.056)
Epoch: [38][40/49]	Time 0.356 (0.384)	Speed 2875.813 (2670.076)	Loss 0.4174589813 (0.4379)	Prec@1 86.035 (84.497)	Prec@5 98.926 (99.023)
Test: [10/10]	Time 0.206 (0.238)	Speed 4971.591 (4305.999)	Loss 0.3331 (0.3130)	Prec@1 86.862 (89.430)	Prec@5 99.872 (99.680)
 * Prec@1 89.430 Prec@5 99.680
 * Prec@1 89.430 Prec@5 99.680
 * Prec@1 89.430 Prec@5 99.680
 * Prec@1 89.430 Prec@5 99.680
Epoch: [39][10/49]	Time 0.420 (0.420)	Speed 2439.124 (2439.124)	Loss 0.4532889724 (0.4533)	Prec@1 84.180 (84.180)	Prec@5 99.023 (99.023)
Epoch: [39][20/49]	Time 0.355 (0.388)	Speed 2882.090 (2642.169)	Loss 0.4466975629 (0.4500)	Prec@1 84.766 (84.473)	Prec@5 98.730 (98.877)
Epoch: [39][30/49]	Time 0.356 (0.377)	Speed 2874.356 (2715.282)	Loss 0.4211668074 (0.4404)	Prec@1 84.082 (84.342)	Prec@5 99.414 (99.056)
Epoch: [39][40/49]	Time 0.351 (0.371)	Speed 2914.659 (2762.524)	Loss 0.4270347357 (0.4370)	Prec@1 85.059 (84.521)	Prec@5 99.219 (99.097)
 * Prec@1 89.690 Prec@5 99.660
Test: [10/10]	Time 0.210 (0.252)	Speed 4887.737 (4064.327)	Loss 0.3334 (0.3060)	Prec@1 87.500 (89.690)	Prec@5 99.872 (99.660)
 * Prec@1 89.690 Prec@5 99.660
 * Prec@1 89.690 Prec@5 99.660
 * Prec@1 89.690 Prec@5 99.660
Epoch: [40][10/49]	Time 0.418 (0.418)	Speed 2448.104 (2448.104)	Loss 0.3765145540 (0.3765)	Prec@1 87.793 (87.793)	Prec@5 98.926 (98.926)
Epoch: [40][20/49]	Time 0.352 (0.385)	Speed 2910.290 (2659.264)	Loss 0.3855819404 (0.3810)	Prec@1 86.719 (87.256)	Prec@5 99.219 (99.072)
Epoch: [40][30/49]	Time 0.352 (0.374)	Speed 2905.350 (2736.526)	Loss 0.3898917437 (0.3840)	Prec@1 85.938 (86.816)	Prec@5 99.121 (99.089)
Epoch: [40][40/49]	Time 0.348 (0.368)	Speed 2939.319 (2784.555)	Loss 0.4061431885 (0.3895)	Prec@1 85.840 (86.572)	Prec@5 99.414 (99.170)
Test: [10/10]	Time 0.193 (0.237)	Speed 5292.549 (4318.954)	Loss 0.3120 (0.3022)	Prec@1 88.520 (89.930)	Prec@5 99.872 (99.740)
 * Prec@1 89.930 Prec@5 99.740
 * Prec@1 89.930 Prec@5 99.740
 * Prec@1 89.930 Prec@5 99.740
 * Prec@1 89.930 Prec@5 99.740
Epoch: [41][10/49]	Time 0.420 (0.420)	Speed 2439.610 (2439.610)	Loss 0.4818313122 (0.4818)	Prec@1 83.789 (83.789)	Prec@5 98.535 (98.535)
Epoch: [41][20/49]	Time 0.356 (0.388)	Speed 2873.836 (2638.980)	Loss 0.3634774089 (0.4227)	Prec@1 87.500 (85.645)	Prec@5 99.316 (98.926)
Epoch: [41][30/49]	Time 0.358 (0.378)	Speed 2864.199 (2710.012)	Loss 0.3687177896 (0.4047)	Prec@1 87.500 (86.263)	Prec@5 98.828 (98.893)
Epoch: [41][40/49]	Time 0.353 (0.372)	Speed 2896.833 (2754.421)	Loss 0.4067587256 (0.4052)	Prec@1 84.375 (85.791)	Prec@5 99.219 (98.975)
Test: [10/10]	Time 0.207 (0.241)	Speed 4938.975 (4251.452)	Loss 0.3193 (0.3032)	Prec@1 87.117 (89.680)	Prec@5 99.872 (99.780)
 * Prec@1 89.680 Prec@5 99.780
 * Prec@1 89.680 Prec@5 99.780
 * Prec@1 89.680 Prec@5 99.780
 * Prec@1 89.680 Prec@5 99.780
Epoch: [42][10/49]	Time 0.476 (0.476)	Speed 2152.068 (2152.068)	Loss 0.3577402532 (0.3577)	Prec@1 88.184 (88.184)	Prec@5 99.512 (99.512)
Epoch: [42][20/49]	Time 0.352 (0.414)	Speed 2908.023 (2473.578)	Loss 0.4032878280 (0.3805)	Prec@1 86.621 (87.402)	Prec@5 99.023 (99.268)
Epoch: [42][30/49]	Time 0.357 (0.395)	Speed 2865.819 (2591.824)	Loss 0.3914902210 (0.3842)	Prec@1 87.207 (87.337)	Prec@5 98.926 (99.154)
Epoch: [42][40/49]	Time 0.359 (0.386)	Speed 2850.349 (2651.957)	Loss 0.4708741903 (0.4058)	Prec@1 82.324 (86.084)	Prec@5 99.023 (99.121)
Test: [10/10]	Time 0.200 (0.252)	Speed 5119.718 (4063.948)	Loss 0.3153 (0.3038)	Prec@1 87.500 (89.880)	Prec@5 99.872 (99.720)
 * Prec@1 89.880 Prec@5 99.720
 * Prec@1 89.880 Prec@5 99.720
 * Prec@1 89.880 Prec@5 99.720
 * Prec@1 89.880 Prec@5 99.720
Epoch: [43][10/49]	Time 0.456 (0.456)	Speed 2247.922 (2247.922)	Loss 0.4313491583 (0.4313)	Prec@1 84.961 (84.961)	Prec@5 98.633 (98.633)
Epoch: [43][20/49]	Time 0.355 (0.405)	Speed 2887.763 (2527.984)	Loss 0.4452220798 (0.4383)	Prec@1 84.863 (84.912)	Prec@5 98.340 (98.486)
Epoch: [43][30/49]	Time 0.355 (0.389)	Speed 2881.270 (2635.710)	Loss 0.4038069248 (0.4268)	Prec@1 83.594 (84.473)	Prec@5 99.121 (98.698)
Epoch: [43][40/49]	Time 0.349 (0.379)	Speed 2930.433 (2703.690)	Loss 0.4019433558 (0.4206)	Prec@1 85.547 (84.741)	Prec@5 99.316 (98.853)
Test: [10/10]	Time 0.220 (0.252)	Speed 4664.843 (4061.138)	Loss 0.3178 (0.3007)	Prec@1 87.500 (89.960)	Prec@5 99.872 (99.700)
 * Prec@1 89.960 Prec@5 99.700
 * Prec@1 89.960 Prec@5 99.700
 * Prec@1 89.960 Prec@5 99.700
 * Prec@1 89.960 Prec@5 99.700
Epoch: [44][10/49]	Time 0.428 (0.428)	Speed 2393.219 (2393.219)	Loss 0.3980842233 (0.3981)	Prec@1 85.938 (85.938)	Prec@5 99.316 (99.316)
Epoch: [44][20/49]	Time 0.354 (0.391)	Speed 2889.486 (2618.042)	Loss 0.4071330130 (0.4026)	Prec@1 86.914 (86.426)	Prec@5 98.926 (99.121)
Epoch: [44][30/49]	Time 0.353 (0.378)	Speed 2900.372 (2705.840)	Loss 0.4257850349 (0.4103)	Prec@1 84.961 (85.938)	Prec@5 99.121 (99.121)
Epoch: [44][40/49]	Time 0.359 (0.374)	Speed 2848.536 (2740.157)	Loss 0.4097016454 (0.4102)	Prec@1 85.742 (85.889)	Prec@5 99.219 (99.146)
Test: [10/10]	Time 0.213 (0.241)	Speed 4805.230 (4246.577)	Loss 0.3074 (0.3000)	Prec@1 87.628 (90.050)	Prec@5 99.872 (99.740)
 * Prec@1 90.050 Prec@5 99.740
 * Prec@1 90.050 Prec@5 99.740
 * Prec@1 90.050 Prec@5 99.740
 * Prec@1 90.050 Prec@5 99.740
Epoch: [45][10/49]	Time 0.429 (0.429)	Speed 2388.744 (2388.744)	Loss 0.4074675441 (0.4075)	Prec@1 84.961 (84.961)	Prec@5 99.219 (99.219)
Epoch: [45][20/49]	Time 0.356 (0.392)	Speed 2877.522 (2610.451)	Loss 0.3583297729 (0.3829)	Prec@1 86.426 (85.693)	Prec@5 99.121 (99.170)
Epoch: [45][30/49]	Time 0.347 (0.377)	Speed 2948.423 (2714.157)	Loss 0.4055026174 (0.3904)	Prec@1 85.254 (85.547)	Prec@5 99.219 (99.186)
Epoch: [45][40/49]	Time 0.359 (0.373)	Speed 2853.164 (2747.623)	Loss 0.3864886463 (0.3894)	Prec@1 87.012 (85.913)	Prec@5 99.414 (99.243)
Test: [10/10]	Time 0.213 (0.254)	Speed 4816.120 (4028.678)	Loss 0.3053 (0.3030)	Prec@1 88.648 (90.290)	Prec@5 100.000 (99.730)
 * Prec@1 90.290 Prec@5 99.730
 * Prec@1 90.290 Prec@5 99.730
 * Prec@1 90.290 Prec@5 99.730
 * Prec@1 90.290 Prec@5 99.730
Epoch: [46][10/49]	Time 0.434 (0.434)	Speed 2361.775 (2361.775)	Loss 0.4120726883 (0.4121)	Prec@1 86.035 (86.035)	Prec@5 99.023 (99.023)
Epoch: [46][20/49]	Time 0.356 (0.395)	Speed 2879.521 (2595.076)	Loss 0.4651016295 (0.4386)	Prec@1 84.863 (85.449)	Prec@5 98.828 (98.926)
Epoch: [46][30/49]	Time 0.360 (0.383)	Speed 2843.223 (2672.834)	Loss 0.4074915648 (0.4282)	Prec@1 84.863 (85.254)	Prec@5 98.828 (98.893)
Epoch: [46][40/49]	Time 0.358 (0.377)	Speed 2857.157 (2716.649)	Loss 0.4456087351 (0.4326)	Prec@1 83.887 (84.912)	Prec@5 99.023 (98.926)
Test: [10/10]	Time 0.214 (0.258)	Speed 4793.806 (3974.305)	Loss 0.3135 (0.3025)	Prec@1 88.393 (89.880)	Prec@5 99.872 (99.770)
 * Prec@1 89.880 Prec@5 99.770
 * Prec@1 89.880 Prec@5 99.770
 * Prec@1 89.880 Prec@5 99.770
 * Prec@1 89.880 Prec@5 99.770
Epoch: [47][10/49]	Time 0.439 (0.439)	Speed 2332.812 (2332.812)	Loss 0.4013572335 (0.4014)	Prec@1 85.645 (85.645)	Prec@5 98.926 (98.926)
Epoch: [47][20/49]	Time 0.356 (0.397)	Speed 2877.099 (2576.524)	Loss 0.3645453453 (0.3830)	Prec@1 87.402 (86.523)	Prec@5 99.219 (99.072)
Epoch: [47][30/49]	Time 0.357 (0.384)	Speed 2866.255 (2666.366)	Loss 0.3931736350 (0.3864)	Prec@1 85.938 (86.328)	Prec@5 99.121 (99.089)
Epoch: [47][40/49]	Time 0.354 (0.377)	Speed 2891.255 (2719.243)	Loss 0.3973690271 (0.3891)	Prec@1 85.645 (86.157)	Prec@5 99.121 (99.097)
Test: [10/10]	Time 0.204 (0.253)	Speed 5023.265 (4048.658)	Loss 0.3170 (0.3035)	Prec@1 87.500 (89.720)	Prec@5 99.872 (99.650)
 * Prec@1 89.720 Prec@5 99.650
 * Prec@1 89.720 Prec@5 99.650
 * Prec@1 89.720 Prec@5 99.650
 * Prec@1 89.720 Prec@5 99.650
Epoch: [48][10/49]	Time 0.476 (0.476)	Speed 2153.340 (2153.340)	Loss 0.3569470942 (0.3569)	Prec@1 87.891 (87.891)	Prec@5 99.219 (99.219)
Epoch: [48][20/49]	Time 0.358 (0.417)	Speed 2857.033 (2455.770)	Loss 0.4180223942 (0.3875)	Prec@1 85.059 (86.475)	Prec@5 98.730 (98.975)
Epoch: [48][30/49]	Time 0.366 (0.400)	Speed 2800.693 (2560.900)	Loss 0.3882349730 (0.3877)	Prec@1 86.035 (86.328)	Prec@5 99.121 (99.023)
Epoch: [48][40/49]	Time 0.352 (0.388)	Speed 2910.355 (2640.153)	Loss 0.3691468239 (0.3831)	Prec@1 87.207 (86.548)	Prec@5 99.316 (99.097)
Test: [10/10]	Time 0.225 (0.246)	Speed 4541.373 (4166.570)	Loss 0.3058 (0.2925)	Prec@1 87.883 (90.020)	Prec@5 99.872 (99.710)
 * Prec@1 90.020 Prec@5 99.710
 * Prec@1 90.020 Prec@5 99.710
 * Prec@1 90.020 Prec@5 99.710
 * Prec@1 90.020 Prec@5 99.710
Epoch: [49][10/49]	Time 0.457 (0.457)	Speed 2242.000 (2242.000)	Loss 0.4460318685 (0.4460)	Prec@1 84.277 (84.277)	Prec@5 98.926 (98.926)
Epoch: [49][20/49]	Time 0.349 (0.403)	Speed 2932.467 (2541.167)	Loss 0.4106877446 (0.4284)	Prec@1 85.254 (84.766)	Prec@5 99.121 (99.023)
Epoch: [49][30/49]	Time 0.358 (0.388)	Speed 2858.952 (2638.944)	Loss 0.4021976888 (0.4196)	Prec@1 86.035 (85.189)	Prec@5 98.926 (98.991)
Epoch: [49][40/49]	Time 0.352 (0.379)	Speed 2910.662 (2702.003)	Loss 0.3530370295 (0.4030)	Prec@1 87.305 (85.718)	Prec@5 99.512 (99.121)
Test: [10/10]	Time 0.206 (0.261)	Speed 4971.159 (3920.759)	Loss 0.3247 (0.3018)	Prec@1 88.776 (89.980)	Prec@5 99.745 (99.700)
 * Prec@1 89.980 Prec@5 99.700
 * Prec@1 89.980 Prec@5 99.700
 * Prec@1 89.980 Prec@5 99.700
 * Prec@1 89.980 Prec@5 99.700