=> creating model 'resnet50'
=> creating model 'resnet50'
=> creating model 'resnet50'
=> creating model 'resnet50'
Selected optimization level O2:  FP16 training with FP32 batchnorm and FP32 master weights.

Defaults for this optimization level are:
enabled                : True
opt_level              : O2
cast_model_type        : torch.float16
patch_torch_functions  : False
keep_batchnorm_fp32    : True
master_weights         : True
loss_scale             : dynamic
Processing user overrides (additional kwargs that are not None)...
After processing overrides, optimization options are:
enabled                : True
opt_level              : O2
cast_model_type        : torch.float16
patch_torch_functions  : False
keep_batchnorm_fp32    : True
master_weights         : True
loss_scale             : dynamic
Files already downloaded and verified
Files already downloaded and verified
Files already downloaded and verified
Files already downloaded and verified
Files already downloaded and verified
Files already downloaded and verified
Files already downloaded and verified
Files already downloaded and verified
Gradient overflow.  Skipping step, loss scaler 0 reducing loss scale to 32768.0
Gradient overflow.  Skipping step, loss scaler 0 reducing loss scale to 32768.0
Gradient overflow.  Skipping step, loss scaler 0 reducing loss scale to 32768.0
Gradient overflow.  Skipping step, loss scaler 0 reducing loss scale to 32768.0
Gradient overflow.  Skipping step, loss scaler 0 reducing loss scale to 16384.0
Gradient overflow.  Skipping step, loss scaler 0 reducing loss scale to 16384.0
Gradient overflow.  Skipping step, loss scaler 0 reducing loss scale to 16384.0
Gradient overflow.  Skipping step, loss scaler 0 reducing loss scale to 16384.0
Gradient overflow.  Skipping step, loss scaler 0 reducing loss scale to 8192.0
Gradient overflow.  Skipping step, loss scaler 0 reducing loss scale to 8192.0
Gradient overflow.  Skipping step, loss scaler 0 reducing loss scale to 8192.0
Gradient overflow.  Skipping step, loss scaler 0 reducing loss scale to 8192.0
/opt/conda/lib/python3.6/site-packages/torch/distributed/distributed_c10d.py:100: UserWarning: torch.distributed.reduce_op is deprecated, please use torch.distributed.ReduceOp instead
  warnings.warn("torch.distributed.reduce_op is deprecated, please use "
/opt/conda/lib/python3.6/site-packages/torch/distributed/distributed_c10d.py:100: UserWarning: torch.distributed.reduce_op is deprecated, please use torch.distributed.ReduceOp instead
  warnings.warn("torch.distributed.reduce_op is deprecated, please use "
/opt/conda/lib/python3.6/site-packages/torch/distributed/distributed_c10d.py:100: UserWarning: torch.distributed.reduce_op is deprecated, please use torch.distributed.ReduceOp instead
  warnings.warn("torch.distributed.reduce_op is deprecated, please use "
/opt/conda/lib/python3.6/site-packages/torch/distributed/distributed_c10d.py:100: UserWarning: torch.distributed.reduce_op is deprecated, please use torch.distributed.ReduceOp instead
  warnings.warn("torch.distributed.reduce_op is deprecated, please use "
Epoch: [0][10/49]	Time 1.373 (1.373)	Speed 746.070 (746.070)	Loss 4.4647560120 (4.4648)	Prec@1 8.594 (8.594)	Prec@5 48.730 (48.730)
Epoch: [0][20/49]	Time 0.353 (0.863)	Speed 2902.622 (1187.033)	Loss 4.2359085083 (4.3503)	Prec@1 12.500 (10.547)	Prec@5 52.344 (50.537)
Epoch: [0][30/49]	Time 0.345 (0.690)	Speed 2970.915 (1484.069)	Loss 3.3582127094 (4.0196)	Prec@1 10.840 (10.645)	Prec@5 50.293 (50.456)
Epoch: [0][40/49]	Time 0.354 (0.606)	Speed 2894.400 (1689.928)	Loss 2.9701132774 (3.7572)	Prec@1 11.426 (10.840)	Prec@5 50.391 (50.439)
Test: [10/10]	Time 2.281 (0.457)	Speed 448.980 (2241.935)	Loss 2.6443 (2.6153)	Prec@1 11.862 (11.850)	Prec@5 58.163 (56.870)
 * Prec@1 11.850 Prec@5 56.870
 * Prec@1 11.850 Prec@5 56.870
 * Prec@1 11.850 Prec@5 56.870
 * Prec@1 11.850 Prec@5 56.870
Epoch: [1][10/49]	Time 0.412 (0.412)	Speed 2485.669 (2485.669)	Loss 2.3284754753 (2.3285)	Prec@1 19.336 (19.336)	Prec@5 62.500 (62.500)
Epoch: [1][20/49]	Time 0.360 (0.386)	Speed 2841.695 (2651.785)	Loss 2.1747844219 (2.2516)	Prec@1 17.578 (18.457)	Prec@5 73.730 (68.115)
Epoch: [1][30/49]	Time 0.354 (0.375)	Speed 2891.476 (2727.141)	Loss 2.0409111977 (2.1814)	Prec@1 21.582 (19.499)	Prec@5 76.953 (71.061)
Epoch: [1][40/49]	Time 0.350 (0.369)	Speed 2929.407 (2775.043)	Loss 2.0183770657 (2.1406)	Prec@1 22.656 (20.288)	Prec@5 79.688 (73.218)
Test: [10/10]	Time 0.186 (0.243)	Speed 5519.332 (4205.454)	Loss 1.8966 (1.8859)	Prec@1 28.444 (27.750)	Prec@5 83.418 (83.650)
 * Prec@1 27.750 Prec@5 83.650
 * Prec@1 27.750 Prec@5 83.650
 * Prec@1 27.750 Prec@5 83.650
 * Prec@1 27.750 Prec@5 83.650
Epoch: [2][10/49]	Time 0.401 (0.401)	Speed 2555.548 (2555.548)	Loss 1.9508669376 (1.9509)	Prec@1 25.488 (25.488)	Prec@5 81.055 (81.055)
Epoch: [2][20/49]	Time 0.353 (0.377)	Speed 2903.374 (2718.380)	Loss 1.9061739445 (1.9285)	Prec@1 28.418 (26.953)	Prec@5 82.617 (81.836)
Epoch: [2][30/49]	Time 0.352 (0.368)	Speed 2911.446 (2779.826)	Loss 1.8851015568 (1.9140)	Prec@1 26.953 (26.953)	Prec@5 84.961 (82.878)
Epoch: [2][40/49]	Time 0.354 (0.365)	Speed 2890.482 (2806.688)	Loss 1.8661420345 (1.9021)	Prec@1 31.641 (28.125)	Prec@5 84.766 (83.350)
Test: [10/10]	Time 0.189 (0.246)	Speed 5418.334 (4167.962)	Loss 1.7357 (1.7372)	Prec@1 34.184 (32.630)	Prec@5 87.628 (88.530)
 * Prec@1 32.630 Prec@5 88.530
 * Prec@1 32.630 Prec@5 88.530
 * Prec@1 32.630 Prec@5 88.530
 * Prec@1 32.630 Prec@5 88.530
Epoch: [3][10/49]	Time 0.417 (0.417)	Speed 2455.566 (2455.566)	Loss 1.8980538845 (1.8981)	Prec@1 30.762 (30.762)	Prec@5 83.398 (83.398)
Epoch: [3][20/49]	Time 0.355 (0.386)	Speed 2888.555 (2654.520)	Loss 1.8352863789 (1.8667)	Prec@1 31.934 (31.348)	Prec@5 84.375 (83.887)
Epoch: [3][30/49]	Time 0.357 (0.376)	Speed 2869.158 (2722.406)	Loss 1.7196654081 (1.8177)	Prec@1 34.668 (32.454)	Prec@5 86.230 (84.668)
Epoch: [3][40/49]	Time 0.351 (0.370)	Speed 2917.229 (2768.631)	Loss 1.8147772551 (1.8169)	Prec@1 31.738 (32.275)	Prec@5 86.230 (85.059)
 * Prec@1 37.480 Prec@5 90.630
Test: [10/10]	Time 0.192 (0.241)	Speed 5328.459 (4245.950)	Loss 1.6496 (1.6468)	Prec@1 36.735 (37.480)	Prec@5 90.434 (90.630)
 * Prec@1 37.480 Prec@5 90.630
 * Prec@1 37.480 Prec@5 90.630
 * Prec@1 37.480 Prec@5 90.630
Epoch: [4][10/49]	Time 0.425 (0.425)	Speed 2407.417 (2407.417)	Loss 1.7717497349 (1.7717)	Prec@1 34.180 (34.180)	Prec@5 87.500 (87.500)
Epoch: [4][20/49]	Time 0.361 (0.393)	Speed 2836.109 (2604.239)	Loss 1.7101968527 (1.7410)	Prec@1 39.062 (36.621)	Prec@5 85.645 (86.572)
Epoch: [4][30/49]	Time 0.345 (0.377)	Speed 2971.727 (2716.202)	Loss 1.7921887636 (1.7580)	Prec@1 34.863 (36.035)	Prec@5 86.035 (86.393)
Epoch: [4][40/49]	Time 0.356 (0.372)	Speed 2879.590 (2755.286)	Loss 1.6995923519 (1.7434)	Prec@1 37.500 (36.401)	Prec@5 88.965 (87.036)
 * Prec@1 44.770 Prec@5 91.680
 * Prec@1 44.770 Prec@5 91.680
 * Prec@1 44.770 Prec@5 91.680
Test: [10/10]	Time 0.183 (0.249)	Speed 5598.178 (4106.490)	Loss 1.5127 (1.5244)	Prec@1 45.026 (44.770)	Prec@5 92.474 (91.680)
 * Prec@1 44.770 Prec@5 91.680
Epoch: [5][10/49]	Time 0.420 (0.420)	Speed 2440.314 (2440.314)	Loss 1.5874481201 (1.5874)	Prec@1 41.309 (41.309)	Prec@5 88.965 (88.965)
Epoch: [5][20/49]	Time 0.355 (0.387)	Speed 2885.926 (2644.479)	Loss 1.7532478571 (1.6703)	Prec@1 37.500 (39.404)	Prec@5 86.719 (87.842)
Epoch: [5][30/49]	Time 0.352 (0.375)	Speed 2912.256 (2728.094)	Loss 1.6372191906 (1.6593)	Prec@1 41.406 (40.072)	Prec@5 88.184 (87.956)
Epoch: [5][40/49]	Time 0.357 (0.371)	Speed 2864.897 (2761.055)	Loss 1.5372533798 (1.6288)	Prec@1 45.215 (41.357)	Prec@5 89.844 (88.428)
Test: [10/10]	Time 0.204 (0.246)	Speed 5029.636 (4166.601)	Loss 1.3885 (1.3701)	Prec@1 50.255 (49.810)	Prec@5 94.133 (93.740)
 * Prec@1 49.810 Prec@5 93.740
 * Prec@1 49.810 Prec@5 93.740
 * Prec@1 49.810 Prec@5 93.740
 * Prec@1 49.810 Prec@5 93.740
Epoch: [6][10/49]	Time 0.420 (0.420)	Speed 2437.249 (2437.249)	Loss 1.5088062286 (1.5088)	Prec@1 45.215 (45.215)	Prec@5 90.820 (90.820)
Epoch: [6][20/49]	Time 0.348 (0.384)	Speed 2943.716 (2666.648)	Loss 1.5213143826 (1.5151)	Prec@1 44.238 (44.727)	Prec@5 89.746 (90.283)
Epoch: [6][30/49]	Time 0.359 (0.376)	Speed 2852.629 (2725.887)	Loss 1.4262316227 (1.4855)	Prec@1 49.121 (46.191)	Prec@5 92.383 (90.983)
Epoch: [6][40/49]	Time 0.366 (0.373)	Speed 2800.051 (2744.057)	Loss 1.4459408522 (1.4756)	Prec@1 48.633 (46.802)	Prec@5 90.918 (90.967)
Test: [10/10]	Time 0.195 (0.242)	Speed 5246.793 (4231.081)	Loss 1.2303 (1.2142)	Prec@1 55.995 (56.610)	Prec@5 95.918 (95.520)
 * Prec@1 56.610 Prec@5 95.520
 * Prec@1 56.610 Prec@5 95.520
 * Prec@1 56.610 Prec@5 95.520
 * Prec@1 56.610 Prec@5 95.520
Epoch: [7][10/49]	Time 0.409 (0.409)	Speed 2504.147 (2504.147)	Loss 1.4241909981 (1.4242)	Prec@1 49.805 (49.805)	Prec@5 90.332 (90.332)
Epoch: [7][20/49]	Time 0.360 (0.384)	Speed 2848.041 (2665.046)	Loss 1.3873215914 (1.4058)	Prec@1 51.172 (50.488)	Prec@5 92.578 (91.455)
Epoch: [7][30/49]	Time 0.351 (0.373)	Speed 2918.016 (2744.351)	Loss 1.3791242838 (1.3969)	Prec@1 52.832 (51.270)	Prec@5 93.066 (91.992)
Epoch: [7][40/49]	Time 0.345 (0.366)	Speed 2969.089 (2797.284)	Loss 1.4229813814 (1.4034)	Prec@1 48.438 (50.562)	Prec@5 93.262 (92.310)
Test: [10/10]	Time 0.188 (0.247)	Speed 5435.546 (4151.953)	Loss 1.1481 (1.1492)	Prec@1 57.143 (57.760)	Prec@5 96.301 (95.800)
 * Prec@1 57.760 Prec@5 95.800
 * Prec@1 57.760 Prec@5 95.800
 * Prec@1 57.760 Prec@5 95.800
 * Prec@1 57.760 Prec@5 95.800
Epoch: [8][10/49]	Time 0.412 (0.412)	Speed 2484.310 (2484.310)	Loss 1.2844878435 (1.2845)	Prec@1 52.734 (52.734)	Prec@5 94.141 (94.141)
Epoch: [8][20/49]	Time 0.357 (0.385)	Speed 2864.394 (2660.848)	Loss 1.3024830818 (1.2935)	Prec@1 54.297 (53.516)	Prec@5 93.066 (93.604)
Epoch: [8][30/49]	Time 0.348 (0.373)	Speed 2940.800 (2748.049)	Loss 1.2830135822 (1.2900)	Prec@1 54.199 (53.743)	Prec@5 93.457 (93.555)
Epoch: [8][40/49]	Time 0.361 (0.370)	Speed 2839.499 (2770.355)	Loss 1.2025108337 (1.2681)	Prec@1 57.129 (54.590)	Prec@5 94.531 (93.799)
Test: [10/10]	Time 0.190 (0.241)	Speed 5393.912 (4253.797)	Loss 1.0952 (1.0943)	Prec@1 60.714 (61.310)	Prec@5 96.811 (96.210)
 * Prec@1 61.310 Prec@5 96.210
 * Prec@1 61.310 Prec@5 96.210
 * Prec@1 61.310 Prec@5 96.210
 * Prec@1 61.310 Prec@5 96.210
Epoch: [9][10/49]	Time 0.412 (0.412)	Speed 2485.267 (2485.267)	Loss 1.2338562012 (1.2339)	Prec@1 55.957 (55.957)	Prec@5 93.750 (93.750)
Epoch: [9][20/49]	Time 0.355 (0.383)	Speed 2886.533 (2670.913)	Loss 1.2117098570 (1.2228)	Prec@1 57.715 (56.836)	Prec@5 94.434 (94.092)
Epoch: [9][30/49]	Time 0.356 (0.374)	Speed 2879.082 (2736.875)	Loss 1.2220587730 (1.2225)	Prec@1 56.250 (56.641)	Prec@5 94.336 (94.173)
Epoch: [9][40/49]	Time 0.354 (0.369)	Speed 2896.083 (2775.013)	Loss 1.1829245090 (1.2126)	Prec@1 57.812 (56.934)	Prec@5 94.629 (94.287)
Test: [10/10]	Time 0.197 (0.245)	Speed 5208.193 (4173.990)	Loss 0.9502 (0.9616)	Prec@1 66.964 (66.080)	Prec@5 97.321 (97.260)
 * Prec@1 66.080 Prec@5 97.260
 * Prec@1 66.080 Prec@5 97.260
 * Prec@1 66.080 Prec@5 97.260
 * Prec@1 66.080 Prec@5 97.260
Epoch: [10][10/49]	Time 0.399 (0.399)	Speed 2567.873 (2567.873)	Loss 1.1027952433 (1.1028)	Prec@1 60.156 (60.156)	Prec@5 95.312 (95.312)
Epoch: [10][20/49]	Time 0.357 (0.378)	Speed 2866.446 (2708.958)	Loss 1.1718845367 (1.1373)	Prec@1 59.766 (59.961)	Prec@5 94.824 (95.068)
Epoch: [10][30/49]	Time 0.351 (0.369)	Speed 2921.246 (2776.207)	Loss 1.1056277752 (1.1268)	Prec@1 61.426 (60.449)	Prec@5 95.996 (95.378)
Epoch: [10][40/49]	Time 0.349 (0.364)	Speed 2935.032 (2814.280)	Loss 1.0732543468 (1.1134)	Prec@1 59.961 (60.327)	Prec@5 94.922 (95.264)
 * Prec@1 69.800 Prec@5 97.780
 * Prec@1 69.800 Prec@5 97.780
 * Prec@1 69.800 Prec@5 97.780
Test: [10/10]	Time 0.191 (0.243)	Speed 5348.692 (4207.664)	Loss 0.8433 (0.8737)	Prec@1 70.791 (69.800)	Prec@5 98.087 (97.780)
 * Prec@1 69.800 Prec@5 97.780
Epoch: [11][10/49]	Time 0.415 (0.415)	Speed 2467.423 (2467.423)	Loss 1.1138542891 (1.1139)	Prec@1 59.668 (59.668)	Prec@5 95.215 (95.215)
Epoch: [11][20/49]	Time 0.356 (0.386)	Speed 2875.671 (2655.951)	Loss 1.1085053682 (1.1112)	Prec@1 60.156 (59.912)	Prec@5 94.629 (94.922)
Epoch: [11][30/49]	Time 0.354 (0.375)	Speed 2892.918 (2730.505)	Loss 1.0583117008 (1.0936)	Prec@1 61.719 (60.514)	Prec@5 95.898 (95.247)
Epoch: [11][40/49]	Time 0.350 (0.369)	Speed 2929.182 (2777.604)	Loss 1.0359241962 (1.0791)	Prec@1 63.281 (61.206)	Prec@5 95.508 (95.312)
 * Prec@1 73.060 Prec@5 98.390
 * Prec@1 73.060 Prec@5 98.390
 * Prec@1 73.060 Prec@5 98.390
Test: [10/10]	Time 0.186 (0.250)	Speed 5505.232 (4099.675)	Loss 0.7414 (0.7674)	Prec@1 74.107 (73.060)	Prec@5 98.724 (98.390)
 * Prec@1 73.060 Prec@5 98.390
Epoch: [12][10/49]	Time 0.419 (0.419)	Speed 2446.136 (2446.136)	Loss 1.0054639578 (1.0055)	Prec@1 64.355 (64.355)	Prec@5 95.605 (95.605)
Epoch: [12][20/49]	Time 0.350 (0.384)	Speed 2924.513 (2664.019)	Loss 1.0094282627 (1.0074)	Prec@1 63.770 (64.062)	Prec@5 96.680 (96.143)
Epoch: [12][30/49]	Time 0.366 (0.378)	Speed 2796.955 (2706.904)	Loss 1.0006797314 (1.0052)	Prec@1 64.355 (64.160)	Prec@5 95.996 (96.094)
Epoch: [12][40/49]	Time 0.361 (0.374)	Speed 2836.731 (2738.234)	Loss 1.0732946396 (1.0222)	Prec@1 61.914 (63.599)	Prec@5 95.215 (95.874)
Test: [10/10]	Time 0.197 (0.248)	Speed 5191.071 (4129.309)	Loss 0.7024 (0.7391)	Prec@1 74.362 (73.870)	Prec@5 98.852 (98.570)
 * Prec@1 73.870 Prec@5 98.570
 * Prec@1 73.870 Prec@5 98.570
 * Prec@1 73.870 Prec@5 98.570
 * Prec@1 73.870 Prec@5 98.570
Epoch: [13][10/49]	Time 0.417 (0.417)	Speed 2456.724 (2456.724)	Loss 1.0122176409 (1.0122)	Prec@1 64.062 (64.062)	Prec@5 95.703 (95.703)
Epoch: [13][20/49]	Time 0.350 (0.383)	Speed 2927.614 (2671.578)	Loss 1.0322648287 (1.0222)	Prec@1 63.379 (63.721)	Prec@5 95.117 (95.410)
Epoch: [13][30/49]	Time 0.354 (0.373)	Speed 2893.716 (2741.735)	Loss 0.9231998920 (0.9892)	Prec@1 68.359 (65.267)	Prec@5 95.996 (95.605)
Epoch: [13][40/49]	Time 0.363 (0.371)	Speed 2817.065 (2760.187)	Loss 0.9236326218 (0.9728)	Prec@1 68.164 (65.991)	Prec@5 96.875 (95.923)
Test: [10/10]	Time 0.193 (0.227)	Speed 5295.316 (4507.312)	Loss 0.6355 (0.6682)	Prec@1 79.209 (77.220)	Prec@5 99.490 (98.820)
 * Prec@1 77.220 Prec@5 98.820
 * Prec@1 77.220 Prec@5 98.820
 * Prec@1 77.220 Prec@5 98.820
 * Prec@1 77.220 Prec@5 98.820
Epoch: [14][10/49]	Time 0.419 (0.419)	Speed 2444.790 (2444.790)	Loss 0.9008575678 (0.9009)	Prec@1 69.043 (69.043)	Prec@5 96.191 (96.191)
Epoch: [14][20/49]	Time 0.349 (0.384)	Speed 2929.950 (2665.473)	Loss 0.8696256280 (0.8852)	Prec@1 66.895 (67.969)	Prec@5 97.754 (96.973)
Epoch: [14][30/49]	Time 0.364 (0.377)	Speed 2815.789 (2713.763)	Loss 0.8990560174 (0.8898)	Prec@1 69.141 (68.359)	Prec@5 97.168 (97.038)
Epoch: [14][40/49]	Time 0.359 (0.373)	Speed 2851.379 (2746.906)	Loss 0.9269772768 (0.8991)	Prec@1 66.797 (67.969)	Prec@5 96.875 (96.997)
Test: [10/10]	Time 0.182 (0.239)	Speed 5616.282 (4276.596)	Loss 0.6150 (0.6559)	Prec@1 77.168 (77.540)	Prec@5 99.107 (98.410)
 * Prec@1 77.540 Prec@5 98.410
 * Prec@1 77.540 Prec@5 98.410
 * Prec@1 77.540 Prec@5 98.410
 * Prec@1 77.540 Prec@5 98.410
Epoch: [15][10/49]	Time 0.420 (0.420)	Speed 2437.626 (2437.626)	Loss 0.9251323342 (0.9251)	Prec@1 68.359 (68.359)	Prec@5 96.680 (96.680)
Epoch: [15][20/49]	Time 0.351 (0.386)	Speed 2915.288 (2655.145)	Loss 0.8637922406 (0.8945)	Prec@1 69.531 (68.945)	Prec@5 96.484 (96.582)
Epoch: [15][30/49]	Time 0.357 (0.376)	Speed 2868.659 (2722.695)	Loss 0.9025261402 (0.8972)	Prec@1 69.727 (69.206)	Prec@5 97.168 (96.777)
Epoch: [15][40/49]	Time 0.346 (0.368)	Speed 2962.791 (2778.995)	Loss 0.8806725740 (0.8930)	Prec@1 69.141 (69.189)	Prec@5 97.559 (96.973)
Test: [10/10]	Time 0.194 (0.240)	Speed 5264.853 (4265.233)	Loss 0.5823 (0.6382)	Prec@1 78.827 (78.230)	Prec@5 98.724 (98.730)
 * Prec@1 78.230 Prec@5 98.730
 * Prec@1 78.230 Prec@5 98.730
 * Prec@1 78.230 Prec@5 98.730
 * Prec@1 78.230 Prec@5 98.730
Epoch: [16][10/49]	Time 0.405 (0.405)	Speed 2527.172 (2527.172)	Loss 0.8969241381 (0.8969)	Prec@1 69.629 (69.629)	Prec@5 96.777 (96.777)
Epoch: [16][20/49]	Time 0.359 (0.382)	Speed 2853.147 (2680.285)	Loss 0.8462422490 (0.8716)	Prec@1 70.312 (69.971)	Prec@5 98.047 (97.412)
Epoch: [16][30/49]	Time 0.347 (0.370)	Speed 2953.460 (2765.550)	Loss 0.8969405890 (0.8800)	Prec@1 66.504 (68.815)	Prec@5 96.875 (97.233)
Epoch: [16][40/49]	Time 0.353 (0.366)	Speed 2903.679 (2798.835)	Loss 0.8731855750 (0.8783)	Prec@1 69.238 (68.921)	Prec@5 97.461 (97.290)
Test: [10/10]	Time 0.200 (0.248)	Speed 5108.325 (4127.290)	Loss 0.5638 (0.5841)	Prec@1 79.719 (80.130)	Prec@5 99.872 (98.960)
 * Prec@1 80.130 Prec@5 98.960
 * Prec@1 80.130 Prec@5 98.960
 * Prec@1 80.130 Prec@5 98.960
 * Prec@1 80.130 Prec@5 98.960
Epoch: [17][10/49]	Time 0.420 (0.420)	Speed 2440.919 (2440.919)	Loss 0.8240662813 (0.8241)	Prec@1 69.336 (69.336)	Prec@5 98.047 (98.047)
Epoch: [17][20/49]	Time 0.364 (0.392)	Speed 2812.996 (2613.782)	Loss 0.8453755379 (0.8347)	Prec@1 70.801 (70.068)	Prec@5 96.387 (97.217)
Epoch: [17][30/49]	Time 0.355 (0.380)	Speed 2880.925 (2697.149)	Loss 0.7630897760 (0.8108)	Prec@1 73.242 (71.126)	Prec@5 97.070 (97.168)
Epoch: [17][40/49]	Time 0.358 (0.374)	Speed 2861.445 (2736.429)	Loss 0.8648047447 (0.8243)	Prec@1 69.434 (70.703)	Prec@5 97.852 (97.339)
Test: [10/10]	Time 0.198 (0.244)	Speed 5163.797 (4189.465)	Loss 0.5506 (0.5922)	Prec@1 80.102 (79.730)	Prec@5 98.980 (98.950)
 * Prec@1 79.730 Prec@5 98.950
 * Prec@1 79.730 Prec@5 98.950
 * Prec@1 79.730 Prec@5 98.950
 * Prec@1 79.730 Prec@5 98.950
Epoch: [18][10/49]	Time 0.458 (0.458)	Speed 2237.942 (2237.942)	Loss 0.8350281715 (0.8350)	Prec@1 72.461 (72.461)	Prec@5 96.777 (96.777)
Epoch: [18][20/49]	Time 0.347 (0.402)	Speed 2949.397 (2544.880)	Loss 0.8332291842 (0.8341)	Prec@1 71.582 (72.021)	Prec@5 97.363 (97.070)
Epoch: [18][30/49]	Time 0.354 (0.386)	Speed 2889.372 (2650.206)	Loss 0.8194903731 (0.8292)	Prec@1 70.410 (71.484)	Prec@5 97.949 (97.363)
Epoch: [18][40/49]	Time 0.351 (0.378)	Speed 2915.632 (2711.926)	Loss 0.8221821189 (0.8275)	Prec@1 71.094 (71.387)	Prec@5 97.266 (97.339)
 * Prec@1 82.180 Prec@5 99.060
 * Prec@1 82.180 Prec@5 99.060
 * Prec@1 82.180 Prec@5 99.060
Test: [10/10]	Time 0.191 (0.250)	Speed 5362.770 (4089.556)	Loss 0.4951 (0.5268)	Prec@1 82.270 (82.180)	Prec@5 98.980 (99.060)
 * Prec@1 82.180 Prec@5 99.060
Epoch: [19][10/49]	Time 0.413 (0.413)	Speed 2482.189 (2482.189)	Loss 0.7335937023 (0.7336)	Prec@1 73.633 (73.633)	Prec@5 97.559 (97.559)
Epoch: [19][20/49]	Time 0.354 (0.384)	Speed 2888.613 (2670.023)	Loss 0.7425804138 (0.7381)	Prec@1 73.633 (73.633)	Prec@5 97.461 (97.510)
Epoch: [19][30/49]	Time 0.351 (0.373)	Speed 2915.839 (2747.223)	Loss 0.8150275946 (0.7637)	Prec@1 72.363 (73.210)	Prec@5 97.266 (97.428)
Epoch: [19][40/49]	Time 0.355 (0.368)	Speed 2884.456 (2780.292)	Loss 0.7545326948 (0.7614)	Prec@1 75.684 (73.828)	Prec@5 97.266 (97.388)
Test: [10/10]	Time 0.200 (0.245)	Speed 5124.446 (4173.719)	Loss 0.5436 (0.5315)	Prec@1 79.974 (81.630)	Prec@5 99.872 (99.290)
 * Prec@1 81.630 Prec@5 99.290
 * Prec@1 81.630 Prec@5 99.290
 * Prec@1 81.630 Prec@5 99.290
 * Prec@1 81.630 Prec@5 99.290
Epoch: [20][10/49]	Time 0.450 (0.450)	Speed 2273.074 (2273.074)	Loss 0.8013936877 (0.8014)	Prec@1 72.559 (72.559)	Prec@5 96.680 (96.680)
Epoch: [20][20/49]	Time 0.354 (0.402)	Speed 2892.853 (2545.784)	Loss 0.8018220663 (0.8016)	Prec@1 71.484 (72.021)	Prec@5 97.168 (96.924)
Epoch: [20][30/49]	Time 0.353 (0.386)	Speed 2904.320 (2655.038)	Loss 0.8248977661 (0.8094)	Prec@1 70.312 (71.452)	Prec@5 97.363 (97.070)
Epoch: [20][40/49]	Time 0.357 (0.379)	Speed 2868.597 (2705.390)	Loss 0.7017856240 (0.7825)	Prec@1 75.488 (72.461)	Prec@5 97.852 (97.266)
 * Prec@1 82.620 Prec@5 99.260
 * Prec@1 82.620 Prec@5 99.260
 * Prec@1 82.620 Prec@5 99.260
Test: [10/10]	Time 0.212 (0.250)	Speed 4830.077 (4093.361)	Loss 0.4922 (0.5032)	Prec@1 83.036 (82.620)	Prec@5 99.362 (99.260)
 * Prec@1 82.620 Prec@5 99.260
Epoch: [21][10/49]	Time 0.411 (0.411)	Speed 2491.998 (2491.998)	Loss 0.7492411733 (0.7492)	Prec@1 73.047 (73.047)	Prec@5 97.168 (97.168)
Epoch: [21][20/49]	Time 0.357 (0.384)	Speed 2871.715 (2668.416)	Loss 0.7675622106 (0.7584)	Prec@1 72.754 (72.900)	Prec@5 97.461 (97.314)
Epoch: [21][30/49]	Time 0.356 (0.375)	Speed 2876.330 (2734.298)	Loss 0.7001012564 (0.7390)	Prec@1 73.047 (72.949)	Prec@5 97.852 (97.493)
Epoch: [21][40/49]	Time 0.354 (0.369)	Speed 2892.624 (2772.232)	Loss 0.7723532915 (0.7473)	Prec@1 73.340 (73.047)	Prec@5 97.266 (97.437)
Test: [10/10]	Time 0.187 (0.241)	Speed 5477.143 (4255.582)	Loss 0.4769 (0.4816)	Prec@1 84.056 (83.830)	Prec@5 99.490 (99.220)
 * Prec@1 83.830 Prec@5 99.220
 * Prec@1 83.830 Prec@5 99.220
 * Prec@1 83.830 Prec@5 99.220
 * Prec@1 83.830 Prec@5 99.220
Epoch: [22][10/49]	Time 0.423 (0.423)	Speed 2418.104 (2418.104)	Loss 0.7167363167 (0.7167)	Prec@1 75.586 (75.586)	Prec@5 96.973 (96.973)
Epoch: [22][20/49]	Time 0.358 (0.391)	Speed 2860.120 (2620.604)	Loss 0.7133235931 (0.7150)	Prec@1 76.172 (75.879)	Prec@5 97.754 (97.363)
Epoch: [22][30/49]	Time 0.346 (0.376)	Speed 2957.113 (2723.928)	Loss 0.7525058985 (0.7275)	Prec@1 74.121 (75.293)	Prec@5 97.363 (97.363)
Epoch: [22][40/49]	Time 0.354 (0.370)	Speed 2894.797 (2764.726)	Loss 0.7591841221 (0.7354)	Prec@1 74.609 (75.122)	Prec@5 96.582 (97.168)
Test: [10/10]	Time 0.190 (0.242)	Speed 5378.309 (4228.119)	Loss 0.4386 (0.4766)	Prec@1 83.546 (83.700)	Prec@5 99.872 (99.180)
 * Prec@1 83.700 Prec@5 99.180
 * Prec@1 83.700 Prec@5 99.180
 * Prec@1 83.700 Prec@5 99.180
 * Prec@1 83.700 Prec@5 99.180
Epoch: [23][10/49]	Time 0.460 (0.460)	Speed 2227.434 (2227.434)	Loss 0.6783394217 (0.6783)	Prec@1 75.488 (75.488)	Prec@5 97.266 (97.266)
Epoch: [23][20/49]	Time 0.351 (0.405)	Speed 2916.170 (2525.691)	Loss 0.7433915138 (0.7109)	Prec@1 74.219 (74.854)	Prec@5 97.949 (97.607)
Epoch: [23][30/49]	Time 0.343 (0.385)	Speed 2981.487 (2661.307)	Loss 0.7076616287 (0.7098)	Prec@1 73.438 (74.382)	Prec@5 98.047 (97.754)
Epoch: [23][40/49]	Time 0.347 (0.375)	Speed 2947.042 (2727.417)	Loss 0.7328112721 (0.7156)	Prec@1 73.828 (74.243)	Prec@5 98.242 (97.876)
 * Prec@1 84.260 Prec@5 99.300
 * Prec@1 84.260 Prec@5 99.300
 * Prec@1 84.260 Prec@5 99.300
Test: [10/10]	Time 0.189 (0.238)	Speed 5414.147 (4294.134)	Loss 0.4346 (0.4636)	Prec@1 84.056 (84.260)	Prec@5 99.745 (99.300)
 * Prec@1 84.260 Prec@5 99.300
Epoch: [24][10/49]	Time 0.426 (0.426)	Speed 2402.558 (2402.558)	Loss 0.6768573523 (0.6769)	Prec@1 75.684 (75.684)	Prec@5 98.145 (98.145)
Epoch: [24][20/49]	Time 0.357 (0.391)	Speed 2870.871 (2615.920)	Loss 0.6877416968 (0.6823)	Prec@1 76.660 (76.172)	Prec@5 97.168 (97.656)
Epoch: [24][30/49]	Time 0.352 (0.378)	Speed 2906.110 (2705.989)	Loss 0.6835427880 (0.6827)	Prec@1 75.586 (75.977)	Prec@5 97.852 (97.721)
Epoch: [24][40/49]	Time 0.352 (0.372)	Speed 2907.452 (2753.691)	Loss 0.7150984406 (0.6908)	Prec@1 75.098 (75.757)	Prec@5 97.070 (97.559)
Test: [10/10]	Time 0.193 (0.227)	Speed 5308.786 (4510.929)	Loss 0.4059 (0.4285)	Prec@1 86.224 (85.320)	Prec@5 100.000 (99.450)
 * Prec@1 85.320 Prec@5 99.450
 * Prec@1 85.320 Prec@5 99.450
 * Prec@1 85.320 Prec@5 99.450
 * Prec@1 85.320 Prec@5 99.450
Epoch: [25][10/49]	Time 0.416 (0.416)	Speed 2458.689 (2458.689)	Loss 0.6306480765 (0.6306)	Prec@1 78.418 (78.418)	Prec@5 97.754 (97.754)
Epoch: [25][20/49]	Time 0.352 (0.384)	Speed 2912.851 (2666.570)	Loss 0.6127346754 (0.6217)	Prec@1 79.883 (79.150)	Prec@5 98.145 (97.949)
Epoch: [25][30/49]	Time 0.351 (0.373)	Speed 2920.874 (2746.271)	Loss 0.6308606863 (0.6247)	Prec@1 77.539 (78.613)	Prec@5 98.145 (98.014)
Epoch: [25][40/49]	Time 0.356 (0.369)	Speed 2878.677 (2778.217)	Loss 0.6965578198 (0.6427)	Prec@1 75.391 (77.808)	Prec@5 97.754 (97.949)
Test: [10/10]	Time 0.202 (0.236)	Speed 5071.572 (4345.411)	Loss 0.4173 (0.4329)	Prec@1 85.332 (85.170)	Prec@5 99.490 (99.290)
 * Prec@1 85.170 Prec@5 99.290
 * Prec@1 85.170 Prec@5 99.290
 * Prec@1 85.170 Prec@5 99.290
 * Prec@1 85.170 Prec@5 99.290
Epoch: [26][10/49]	Time 0.471 (0.471)	Speed 2174.926 (2174.926)	Loss 0.6371534467 (0.6372)	Prec@1 78.613 (78.613)	Prec@5 97.559 (97.559)
Epoch: [26][20/49]	Time 0.351 (0.411)	Speed 2919.480 (2492.794)	Loss 0.7258409262 (0.6815)	Prec@1 73.633 (76.123)	Prec@5 98.145 (97.852)
Epoch: [26][30/49]	Time 0.353 (0.391)	Speed 2901.753 (2615.674)	Loss 0.6289769411 (0.6640)	Prec@1 79.980 (77.409)	Prec@5 97.656 (97.786)
Epoch: [26][40/49]	Time 0.367 (0.385)	Speed 2790.589 (2657.314)	Loss 0.6118141413 (0.6509)	Prec@1 79.883 (78.027)	Prec@5 97.559 (97.729)
Test: [10/10]	Time 0.198 (0.242)	Speed 5170.722 (4229.165)	Loss 0.4224 (0.4242)	Prec@1 85.204 (85.740)	Prec@5 99.617 (99.410)
 * Prec@1 85.740 Prec@5 99.410
 * Prec@1 85.740 Prec@5 99.410
 * Prec@1 85.740 Prec@5 99.410
 * Prec@1 85.740 Prec@5 99.410
Epoch: [27][10/49]	Time 0.415 (0.415)	Speed 2469.197 (2469.197)	Loss 0.6094965935 (0.6095)	Prec@1 77.539 (77.539)	Prec@5 97.852 (97.852)
Epoch: [27][20/49]	Time 0.360 (0.387)	Speed 2847.550 (2644.911)	Loss 0.6370993853 (0.6233)	Prec@1 77.930 (77.734)	Prec@5 98.535 (98.193)
Epoch: [27][30/49]	Time 0.361 (0.378)	Speed 2837.681 (2706.190)	Loss 0.6362587214 (0.6276)	Prec@1 76.855 (77.441)	Prec@5 97.949 (98.112)
Epoch: [27][40/49]	Time 0.349 (0.371)	Speed 2937.052 (2760.435)	Loss 0.6624702811 (0.6363)	Prec@1 76.562 (77.222)	Prec@5 98.242 (98.145)
Test: [10/10]	Time 0.204 (0.237)	Speed 5024.241 (4313.192)	Loss 0.4140 (0.4150)	Prec@1 83.929 (85.340)	Prec@5 99.872 (99.530)
 * Prec@1 85.340 Prec@5 99.530
 * Prec@1 85.340 Prec@5 99.530
 * Prec@1 85.340 Prec@5 99.530
 * Prec@1 85.340 Prec@5 99.530
Epoch: [28][10/49]	Time 0.481 (0.481)	Speed 2127.553 (2127.553)	Loss 0.6489135027 (0.6489)	Prec@1 76.465 (76.465)	Prec@5 98.047 (98.047)
Epoch: [28][20/49]	Time 0.363 (0.422)	Speed 2822.127 (2426.106)	Loss 0.5970051289 (0.6230)	Prec@1 79.102 (77.783)	Prec@5 98.047 (98.047)
Epoch: [28][30/49]	Time 0.355 (0.400)	Speed 2880.671 (2560.803)	Loss 0.6466420293 (0.6309)	Prec@1 78.027 (77.865)	Prec@5 97.949 (98.014)
Epoch: [28][40/49]	Time 0.353 (0.388)	Speed 2902.400 (2638.435)	Loss 0.6027013063 (0.6238)	Prec@1 78.027 (77.905)	Prec@5 98.242 (98.071)
Test: [10/10]	Time 0.189 (0.245)	Speed 5410.955 (4175.977)	Loss 0.4140 (0.4158)	Prec@1 83.291 (85.720)	Prec@5 99.745 (99.490)
 * Prec@1 85.720 Prec@5 99.490
 * Prec@1 85.720 Prec@5 99.490
 * Prec@1 85.720 Prec@5 99.490
 * Prec@1 85.720 Prec@5 99.490
Epoch: [29][10/49]	Time 0.432 (0.432)	Speed 2371.093 (2371.093)	Loss 0.6495561600 (0.6496)	Prec@1 77.148 (77.148)	Prec@5 97.363 (97.363)
Epoch: [29][20/49]	Time 0.350 (0.391)	Speed 2923.643 (2618.537)	Loss 0.5716899633 (0.6106)	Prec@1 80.371 (78.760)	Prec@5 98.730 (98.047)
Epoch: [29][30/49]	Time 0.355 (0.379)	Speed 2888.331 (2702.688)	Loss 0.6388489604 (0.6200)	Prec@1 76.172 (77.897)	Prec@5 98.242 (98.112)
Epoch: [29][40/49]	Time 0.358 (0.374)	Speed 2859.669 (2740.295)	Loss 0.6868681908 (0.6367)	Prec@1 76.270 (77.490)	Prec@5 98.145 (98.120)
Test: [10/10]	Time 0.201 (0.247)	Speed 5104.925 (4149.634)	Loss 0.4037 (0.4136)	Prec@1 83.036 (85.810)	Prec@5 99.362 (99.370)
 * Prec@1 85.810 Prec@5 99.370
 * Prec@1 85.810 Prec@5 99.370
 * Prec@1 85.810 Prec@5 99.370
 * Prec@1 85.810 Prec@5 99.370
Epoch: [30][10/49]	Time 0.421 (0.421)	Speed 2432.815 (2432.815)	Loss 0.5478932858 (0.5479)	Prec@1 79.297 (79.297)	Prec@5 98.730 (98.730)
Epoch: [30][20/49]	Time 0.357 (0.389)	Speed 2871.065 (2633.834)	Loss 0.5582562089 (0.5531)	Prec@1 80.566 (79.932)	Prec@5 98.145 (98.438)
Epoch: [30][30/49]	Time 0.349 (0.376)	Speed 2933.878 (2726.789)	Loss 0.5143113136 (0.5402)	Prec@1 82.422 (80.762)	Prec@5 98.633 (98.503)
Epoch: [30][40/49]	Time 0.358 (0.371)	Speed 2858.679 (2758.607)	Loss 0.4922529459 (0.5282)	Prec@1 82.617 (81.226)	Prec@5 98.926 (98.608)
 * Prec@1 89.030 Prec@5 99.660
 * Prec@1 89.030 Prec@5 99.660
 * Prec@1 89.030 Prec@5 99.660
Test: [10/10]	Time 0.198 (0.237)	Speed 5169.403 (4315.948)	Loss 0.3207 (0.3215)	Prec@1 87.117 (89.030)	Prec@5 100.000 (99.660)
 * Prec@1 89.030 Prec@5 99.660
Epoch: [31][10/49]	Time 0.435 (0.435)	Speed 2356.139 (2356.139)	Loss 0.4923245311 (0.4923)	Prec@1 84.277 (84.277)	Prec@5 97.949 (97.949)
Epoch: [31][20/49]	Time 0.354 (0.394)	Speed 2894.752 (2597.821)	Loss 0.4541479647 (0.4732)	Prec@1 84.766 (84.521)	Prec@5 98.926 (98.438)
Epoch: [31][30/49]	Time 0.353 (0.380)	Speed 2902.991 (2692.157)	Loss 0.4791665971 (0.4752)	Prec@1 83.789 (84.277)	Prec@5 98.438 (98.438)
Epoch: [31][40/49]	Time 0.355 (0.374)	Speed 2881.302 (2737.076)	Loss 0.4785809517 (0.4761)	Prec@1 84.180 (84.253)	Prec@5 98.535 (98.462)
Test: [10/10]	Time 0.198 (0.248)	Speed 5179.290 (4127.399)	Loss 0.3086 (0.3084)	Prec@1 88.265 (89.320)	Prec@5 100.000 (99.630)
 * Prec@1 89.320 Prec@5 99.630
 * Prec@1 89.320 Prec@5 99.630
 * Prec@1 89.320 Prec@5 99.630
 * Prec@1 89.320 Prec@5 99.630
Epoch: [32][10/49]	Time 0.410 (0.410)	Speed 2495.876 (2495.876)	Loss 0.4634438157 (0.4634)	Prec@1 82.812 (82.812)	Prec@5 98.633 (98.633)
Epoch: [32][20/49]	Time 0.346 (0.378)	Speed 2963.616 (2709.709)	Loss 0.4423608780 (0.4529)	Prec@1 85.156 (83.984)	Prec@5 99.023 (98.828)
Epoch: [32][30/49]	Time 0.355 (0.370)	Speed 2881.341 (2764.602)	Loss 0.4741355181 (0.4600)	Prec@1 84.277 (84.082)	Prec@5 98.535 (98.730)
Epoch: [32][40/49]	Time 0.346 (0.364)	Speed 2963.810 (2811.850)	Loss 0.4485394359 (0.4571)	Prec@1 85.059 (84.326)	Prec@5 98.926 (98.779)
Test: [10/10]	Time 0.192 (0.230)	Speed 5340.146 (4453.934)	Loss 0.2976 (0.2998)	Prec@1 88.138 (89.580)	Prec@5 99.745 (99.640)
 * Prec@1 89.580 Prec@5 99.640
 * Prec@1 89.580 Prec@5 99.640
 * Prec@1 89.580 Prec@5 99.640
 * Prec@1 89.580 Prec@5 99.640
Epoch: [33][10/49]	Time 0.412 (0.412)	Speed 2485.857 (2485.857)	Loss 0.4227902293 (0.4228)	Prec@1 85.059 (85.059)	Prec@5 99.121 (99.121)
Epoch: [33][20/49]	Time 0.357 (0.385)	Speed 2866.862 (2662.800)	Loss 0.4497862756 (0.4363)	Prec@1 84.473 (84.766)	Prec@5 99.219 (99.170)
Epoch: [33][30/49]	Time 0.361 (0.377)	Speed 2835.204 (2717.890)	Loss 0.4541269541 (0.4422)	Prec@1 83.594 (84.375)	Prec@5 98.926 (99.089)
Epoch: [33][40/49]	Time 0.360 (0.373)	Speed 2844.569 (2748.490)	Loss 0.4292972386 (0.4390)	Prec@1 85.156 (84.570)	Prec@5 98.438 (98.926)
 * Prec@1 89.810 Prec@5 99.600
 * Prec@1 89.810 Prec@5 99.600
Test: [10/10]	Time 0.186 (0.251)	Speed 5494.899 (4082.807)	Loss 0.3012 (0.2973)	Prec@1 87.883 (89.810)	Prec@5 99.872 (99.600)
 * Prec@1 89.810 Prec@5 99.600
 * Prec@1 89.810 Prec@5 99.600
Epoch: [34][10/49]	Time 0.411 (0.411)	Speed 2490.385 (2490.385)	Loss 0.4933391809 (0.4933)	Prec@1 82.324 (82.324)	Prec@5 98.926 (98.926)
Epoch: [34][20/49]	Time 0.359 (0.385)	Speed 2853.646 (2659.670)	Loss 0.4520876408 (0.4727)	Prec@1 84.473 (83.398)	Prec@5 98.535 (98.730)
Epoch: [34][30/49]	Time 0.346 (0.372)	Speed 2957.503 (2752.051)	Loss 0.4800981879 (0.4752)	Prec@1 81.348 (82.715)	Prec@5 98.730 (98.730)
Epoch: [34][40/49]	Time 0.360 (0.369)	Speed 2847.657 (2775.345)	Loss 0.4398331344 (0.4663)	Prec@1 84.570 (83.179)	Prec@5 98.926 (98.779)
 * Prec@1 89.900 Prec@5 99.660
Test: [10/10]	Time 0.193 (0.245)	Speed 5298.393 (4185.192)	Loss 0.3020 (0.2955)	Prec@1 88.010 (89.900)	Prec@5 100.000 (99.660)
 * Prec@1 89.900 Prec@5 99.660
 * Prec@1 89.900 Prec@5 99.660
 * Prec@1 89.900 Prec@5 99.660
Epoch: [35][10/49]	Time 0.416 (0.416)	Speed 2462.717 (2462.717)	Loss 0.3973525465 (0.3974)	Prec@1 86.621 (86.621)	Prec@5 98.633 (98.633)
Epoch: [35][20/49]	Time 0.356 (0.386)	Speed 2880.080 (2655.097)	Loss 0.4255349636 (0.4114)	Prec@1 84.863 (85.742)	Prec@5 99.121 (98.877)
Epoch: [35][30/49]	Time 0.357 (0.376)	Speed 2864.890 (2721.528)	Loss 0.4417750239 (0.4216)	Prec@1 86.230 (85.905)	Prec@5 98.633 (98.796)
Epoch: [35][40/49]	Time 0.354 (0.371)	Speed 2891.877 (2762.206)	Loss 0.3694902062 (0.4085)	Prec@1 87.109 (86.206)	Prec@5 99.512 (98.975)
 * Prec@1 89.960 Prec@5 99.650
 * Prec@1 89.960 Prec@5 99.650
Test: [10/10]	Time 0.189 (0.235)	Speed 5431.779 (4364.636)	Loss 0.3060 (0.2962)	Prec@1 87.883 (89.960)	Prec@5 99.872 (99.650)
 * Prec@1 89.960 Prec@5 99.650
 * Prec@1 89.960 Prec@5 99.650
Epoch: [36][10/49]	Time 0.408 (0.408)	Speed 2510.465 (2510.465)	Loss 0.4246677160 (0.4247)	Prec@1 85.449 (85.449)	Prec@5 98.730 (98.730)
Epoch: [36][20/49]	Time 0.352 (0.380)	Speed 2910.797 (2695.850)	Loss 0.4011602402 (0.4129)	Prec@1 84.570 (85.010)	Prec@5 99.121 (98.926)
Epoch: [36][30/49]	Time 0.354 (0.371)	Speed 2891.626 (2758.095)	Loss 0.3604143560 (0.3954)	Prec@1 87.988 (86.003)	Prec@5 99.414 (99.089)
Epoch: [36][40/49]	Time 0.350 (0.366)	Speed 2925.084 (2798.029)	Loss 0.4685277343 (0.4137)	Prec@1 83.105 (85.278)	Prec@5 99.023 (99.072)
Test: [10/10]	Time 0.203 (0.248)	Speed 5056.502 (4137.129)	Loss 0.3084 (0.2931)	Prec@1 88.265 (90.130)	Prec@5 99.872 (99.670)
 * Prec@1 90.130 Prec@5 99.670
 * Prec@1 90.130 Prec@5 99.670
 * Prec@1 90.130 Prec@5 99.670
 * Prec@1 90.130 Prec@5 99.670
Epoch: [37][10/49]	Time 0.407 (0.407)	Speed 2514.156 (2514.156)	Loss 0.3913885951 (0.3914)	Prec@1 86.816 (86.816)	Prec@5 98.926 (98.926)
Epoch: [37][20/49]	Time 0.355 (0.381)	Speed 2884.566 (2686.654)	Loss 0.3926294446 (0.3920)	Prec@1 85.254 (86.035)	Prec@5 98.828 (98.877)
Epoch: [37][30/49]	Time 0.351 (0.371)	Speed 2918.467 (2759.722)	Loss 0.4486922622 (0.4109)	Prec@1 84.766 (85.612)	Prec@5 99.219 (98.991)
Epoch: [37][40/49]	Time 0.351 (0.366)	Speed 2920.106 (2798.143)	Loss 0.4340088964 (0.4167)	Prec@1 84.668 (85.376)	Prec@5 98.828 (98.950)
Test: [10/10]	Time 0.190 (0.234)	Speed 5398.387 (4378.184)	Loss 0.2959 (0.2903)	Prec@1 88.776 (89.970)	Prec@5 99.872 (99.690)
 * Prec@1 89.970 Prec@5 99.690
 * Prec@1 89.970 Prec@5 99.690
 * Prec@1 89.970 Prec@5 99.690
 * Prec@1 89.970 Prec@5 99.690
git@github.com:aaron-xichen/pytorch-playground.gitEpoch: [38][10/49]	Time 0.441 (0.441)	Speed 2321.598 (2321.598)	Loss 0.4444343448 (0.4444)	Prec@1 85.254 (85.254)	Prec@5 99.023 (99.023)
Epoch: [38][20/49]	Time 0.356 (0.399)	Speed 2875.932 (2569.205)	Loss 0.4184527397 (0.4314)	Prec@1 84.961 (85.107)	Prec@5 98.633 (98.828)
Epoch: [38][30/49]	Time 0.355 (0.384)	Speed 2885.196 (2666.553)	Loss 0.3827868104 (0.4152)	Prec@1 85.742 (85.319)	Prec@5 99.316 (98.991)
Epoch: [38][40/49]	Time 0.348 (0.375)	Speed 2942.603 (2730.593)	Loss 0.4115042686 (0.4143)	Prec@1 86.719 (85.669)	Prec@5 98.730 (98.926)
Test: [10/10]	Time 0.192 (0.241)	Speed 5321.211 (4240.913)	Loss 0.2895 (0.2911)	Prec@1 89.923 (90.450)	Prec@5 99.872 (99.660)
 * Prec@1 90.450 Prec@5 99.660
 * Prec@1 90.450 Prec@5 99.660
 * Prec@1 90.450 Prec@5 99.660
 * Prec@1 90.450 Prec@5 99.660
Epoch: [39][10/49]	Time 0.444 (0.444)	Speed 2304.904 (2304.904)	Loss 0.3845210373 (0.3845)	Prec@1 86.719 (86.719)	Prec@5 99.316 (99.316)
Epoch: [39][20/49]	Time 0.366 (0.405)	Speed 2794.079 (2526.027)	Loss 0.4031943679 (0.3939)	Prec@1 85.156 (85.938)	Prec@5 99.121 (99.219)
Epoch: [39][30/49]	Time 0.346 (0.386)	Speed 2959.818 (2655.770)	Loss 0.4126032591 (0.4001)	Prec@1 84.473 (85.449)	Prec@5 99.121 (99.186)
Epoch: [39][40/49]	Time 0.363 (0.380)	Speed 2821.451 (2695.339)	Loss 0.4792478085 (0.4199)	Prec@1 82.324 (84.668)	Prec@5 98.828 (99.097)
Test: [10/10]	Time 0.217 (0.244)	Speed 4729.421 (4205.000)	Loss 0.3007 (0.2885)	Prec@1 88.520 (90.390)	Prec@5 100.000 (99.700)
 * Prec@1 90.390 Prec@5 99.700
 * Prec@1 90.390 Prec@5 99.700
 * Prec@1 90.390 Prec@5 99.700
 * Prec@1 90.390 Prec@5 99.700
Epoch: [40][10/49]	Time 0.439 (0.439)	Speed 2332.098 (2332.098)	Loss 0.4298750460 (0.4299)	Prec@1 86.230 (86.230)	Prec@5 98.926 (98.926)
Epoch: [40][20/49]	Time 0.354 (0.397)	Speed 2890.645 (2581.505)	Loss 0.3960078359 (0.4129)	Prec@1 86.328 (86.279)	Prec@5 98.828 (98.877)
Epoch: [40][30/49]	Time 0.354 (0.382)	Speed 2896.113 (2678.494)	Loss 0.3599978089 (0.3953)	Prec@1 87.891 (86.816)	Prec@5 98.633 (98.796)
Epoch: [40][40/49]	Time 0.352 (0.375)	Speed 2905.216 (2731.791)	Loss 0.4118573368 (0.3994)	Prec@1 86.328 (86.694)	Prec@5 99.219 (98.901)
 * Prec@1 90.590 Prec@5 99.690
 * Prec@1 90.590 Prec@5 99.690
Test: [10/10]	Time 0.193 (0.242)	Speed 5301.126 (4231.653)	Loss 0.2843 (0.2852)	Prec@1 90.051 (90.590)	Prec@5 99.872 (99.690)
 * Prec@1 90.590 Prec@5 99.690
 * Prec@1 90.590 Prec@5 99.690
Epoch: [41][10/49]	Time 0.406 (0.406)	Speed 2524.064 (2524.064)	Loss 0.4161252081 (0.4161)	Prec@1 86.816 (86.816)	Prec@5 99.121 (99.121)
Epoch: [41][20/49]	Time 0.350 (0.378)	Speed 2922.046 (2708.513)	Loss 0.3674176335 (0.3918)	Prec@1 87.207 (87.012)	Prec@5 99.121 (99.121)
Epoch: [41][30/49]	Time 0.369 (0.375)	Speed 2772.806 (2729.610)	Loss 0.4180682600 (0.4005)	Prec@1 85.645 (86.556)	Prec@5 98.633 (98.958)
Epoch: [41][40/49]	Time 0.354 (0.370)	Speed 2895.332 (2769.237)	Loss 0.4302161634 (0.4080)	Prec@1 84.668 (86.084)	Prec@5 99.121 (98.999)
Test: [10/10]	Time 0.198 (0.244)	Speed 5180.545 (4197.016)	Loss 0.2988 (0.2854)	Prec@1 88.776 (90.480)	Prec@5 99.745 (99.700)
 * Prec@1 90.480 Prec@5 99.700
 * Prec@1 90.480 Prec@5 99.700
 * Prec@1 90.480 Prec@5 99.700
 * Prec@1 90.480 Prec@5 99.700
Epoch: [42][10/49]	Time 0.428 (0.428)	Speed 2392.342 (2392.342)	Loss 0.3950599134 (0.3951)	Prec@1 87.109 (87.109)	Prec@5 98.730 (98.730)
Epoch: [42][20/49]	Time 0.363 (0.395)	Speed 2821.202 (2589.133)	Loss 0.4079704285 (0.4015)	Prec@1 85.645 (86.377)	Prec@5 98.633 (98.682)
Epoch: [42][30/49]	Time 0.361 (0.384)	Speed 2832.692 (2665.528)	Loss 0.4305047095 (0.4112)	Prec@1 83.984 (85.579)	Prec@5 98.633 (98.665)
Epoch: [42][40/49]	Time 0.358 (0.378)	Speed 2860.310 (2711.694)	Loss 0.4541462064 (0.4219)	Prec@1 84.570 (85.327)	Prec@5 99.023 (98.755)
Test: [10/10]	Time 0.198 (0.242)	Speed 5175.676 (4238.593)	Loss 0.2895 (0.2789)	Prec@1 88.010 (90.740)	Prec@5 99.872 (99.700)
 * Prec@1 90.740 Prec@5 99.700
 * Prec@1 90.740 Prec@5 99.700
 * Prec@1 90.740 Prec@5 99.700
 * Prec@1 90.740 Prec@5 99.700
Epoch: [43][10/49]	Time 0.423 (0.423)	Speed 2418.021 (2418.021)	Loss 0.4158947468 (0.4159)	Prec@1 84.570 (84.570)	Prec@5 99.121 (99.121)
Epoch: [43][20/49]	Time 0.354 (0.389)	Speed 2890.630 (2633.288)	Loss 0.4176911116 (0.4168)	Prec@1 85.840 (85.205)	Prec@5 98.926 (99.023)
Epoch: [43][30/49]	Time 0.358 (0.379)	Speed 2861.517 (2705.209)	Loss 0.3840367794 (0.4059)	Prec@1 86.719 (85.710)	Prec@5 98.730 (98.926)
Epoch: [43][40/49]	Time 0.356 (0.373)	Speed 2880.385 (2746.975)	Loss 0.4172190130 (0.4087)	Prec@1 84.863 (85.498)	Prec@5 99.219 (98.999)
Test: [10/10]	Time 0.181 (0.239)	Speed 5650.589 (4292.342)	Loss 0.2776 (0.2788)	Prec@1 89.031 (90.580)	Prec@5 99.872 (99.650)
 * Prec@1 90.580 Prec@5 99.650
 * Prec@1 90.580 Prec@5 99.650
 * Prec@1 90.580 Prec@5 99.650
 * Prec@1 90.580 Prec@5 99.650
Epoch: [44][10/49]	Time 0.464 (0.464)	Speed 2206.334 (2206.334)	Loss 0.3779883981 (0.3780)	Prec@1 86.816 (86.816)	Prec@5 99.219 (99.219)
Epoch: [44][20/49]	Time 0.350 (0.407)	Speed 2929.285 (2516.924)	Loss 0.4186858833 (0.3983)	Prec@1 84.473 (85.645)	Prec@5 98.535 (98.877)
Epoch: [44][30/49]	Time 0.354 (0.389)	Speed 2893.710 (2631.122)	Loss 0.4272223711 (0.4080)	Prec@1 85.059 (85.449)	Prec@5 99.023 (98.926)
Epoch: [44][40/49]	Time 0.349 (0.379)	Speed 2933.981 (2700.820)	Loss 0.4063219726 (0.4076)	Prec@1 85.254 (85.400)	Prec@5 99.023 (98.950)
Test: [10/10]	Time 0.191 (0.253)	Speed 5359.497 (4045.727)	Loss 0.2834 (0.2819)	Prec@1 89.541 (90.680)	Prec@5 99.872 (99.630)
 * Prec@1 90.680 Prec@5 99.630
 * Prec@1 90.680 Prec@5 99.630
 * Prec@1 90.680 Prec@5 99.630
 * Prec@1 90.680 Prec@5 99.630
Epoch: [45][10/49]	Time 0.456 (0.456)	Speed 2245.199 (2245.199)	Loss 0.4124270082 (0.4124)	Prec@1 86.035 (86.035)	Prec@5 98.926 (98.926)
Epoch: [45][20/49]	Time 0.348 (0.402)	Speed 2944.459 (2547.719)	Loss 0.3811074793 (0.3968)	Prec@1 85.742 (85.889)	Prec@5 99.414 (99.170)
Epoch: [45][30/49]	Time 0.355 (0.386)	Speed 2888.430 (2651.993)	Loss 0.4013612270 (0.3983)	Prec@1 86.719 (86.165)	Prec@5 98.633 (98.991)
Epoch: [45][40/49]	Time 0.349 (0.377)	Speed 2931.699 (2716.794)	Loss 0.3912632763 (0.3965)	Prec@1 85.938 (86.108)	Prec@5 99.121 (99.023)
Test: [10/10]	Time 0.196 (0.246)	Speed 5219.757 (4164.745)	Loss 0.2863 (0.2850)	Prec@1 89.031 (90.600)	Prec@5 99.617 (99.640)
 * Prec@1 90.600 Prec@5 99.640
 * Prec@1 90.600 Prec@5 99.640
 * Prec@1 90.600 Prec@5 99.640
 * Prec@1 90.600 Prec@5 99.640
Epoch: [46][10/49]	Time 0.445 (0.445)	Speed 2303.332 (2303.332)	Loss 0.3602111340 (0.3602)	Prec@1 87.109 (87.109)	Prec@5 99.316 (99.316)
Epoch: [46][20/49]	Time 0.358 (0.401)	Speed 2861.393 (2552.213)	Loss 0.4050681591 (0.3826)	Prec@1 83.984 (85.547)	Prec@5 99.121 (99.219)
Epoch: [46][30/49]	Time 0.359 (0.387)	Speed 2851.126 (2644.634)	Loss 0.4104173779 (0.3919)	Prec@1 86.035 (85.710)	Prec@5 98.535 (98.991)
Epoch: [46][40/49]	Time 0.364 (0.381)	Speed 2814.055 (2685.048)	Loss 0.4525520802 (0.4071)	Prec@1 84.375 (85.376)	Prec@5 97.949 (98.730)
Test: [10/10]	Time 0.190 (0.239)	Speed 5390.412 (4287.761)	Loss 0.3045 (0.2828)	Prec@1 88.648 (90.880)	Prec@5 99.872 (99.690)
 * Prec@1 90.880 Prec@5 99.690
 * Prec@1 90.880 Prec@5 99.690
 * Prec@1 90.880 Prec@5 99.690
 * Prec@1 90.880 Prec@5 99.690
Epoch: [47][10/49]	Time 0.420 (0.420)	Speed 2435.222 (2435.222)	Loss 0.3875484467 (0.3875)	Prec@1 86.816 (86.816)	Prec@5 98.828 (98.828)
Epoch: [47][20/49]	Time 0.361 (0.391)	Speed 2836.790 (2620.712)	Loss 0.3378849626 (0.3627)	Prec@1 88.770 (87.793)	Prec@5 99.219 (99.023)
Epoch: [47][30/49]	Time 0.359 (0.380)	Speed 2849.364 (2692.740)	Loss 0.3886640072 (0.3714)	Prec@1 86.328 (87.305)	Prec@5 99.707 (99.251)
Epoch: [47][40/49]	Time 0.352 (0.373)	Speed 2908.580 (2743.640)	Loss 0.3862799108 (0.3751)	Prec@1 86.328 (87.061)	Prec@5 99.023 (99.194)
 * Prec@1 90.530 Prec@5 99.680
 * Prec@1 90.530 Prec@5 99.680
 * Prec@1 90.530 Prec@5 99.680
Test: [10/10]	Time 0.183 (0.240)	Speed 5599.142 (4272.411)	Loss 0.2825 (0.2814)	Prec@1 89.796 (90.530)	Prec@5 99.617 (99.680)
 * Prec@1 90.530 Prec@5 99.680
Epoch: [48][10/49]	Time 0.447 (0.447)	Speed 2288.793 (2288.793)	Loss 0.3745476007 (0.3745)	Prec@1 86.426 (86.426)	Prec@5 99.023 (99.023)
Epoch: [48][20/49]	Time 0.358 (0.403)	Speed 2856.375 (2541.278)	Loss 0.4296081960 (0.4021)	Prec@1 84.570 (85.498)	Prec@5 98.828 (98.926)
Epoch: [48][30/49]	Time 0.352 (0.386)	Speed 2906.781 (2652.453)	Loss 0.3532848656 (0.3858)	Prec@1 86.621 (85.872)	Prec@5 99.512 (99.121)
Epoch: [48][40/49]	Time 0.355 (0.378)	Speed 2881.347 (2706.198)	Loss 0.3984261155 (0.3890)	Prec@1 87.207 (86.206)	Prec@5 98.730 (99.023)
Test: [10/10]	Time 0.196 (0.253)	Speed 5216.530 (4047.672)	Loss 0.2878 (0.2794)	Prec@1 89.668 (90.700)	Prec@5 99.745 (99.660)
 * Prec@1 90.700 Prec@5 99.660
 * Prec@1 90.700 Prec@5 99.660
 * Prec@1 90.700 Prec@5 99.660
 * Prec@1 90.700 Prec@5 99.660
Epoch: [49][10/49]	Time 0.457 (0.457)	Speed 2239.249 (2239.249)	Loss 0.3755799532 (0.3756)	Prec@1 85.449 (85.449)	Prec@5 99.414 (99.414)
Epoch: [49][20/49]	Time 0.360 (0.409)	Speed 2846.618 (2506.666)	Loss 0.3646826446 (0.3701)	Prec@1 86.914 (86.182)	Prec@5 99.316 (99.365)
Epoch: [49][30/49]	Time 0.354 (0.390)	Speed 2889.663 (2622.530)	Loss 0.3904115260 (0.3769)	Prec@1 86.621 (86.328)	Prec@5 99.121 (99.284)
Epoch: [49][40/49]	Time 0.359 (0.383)	Speed 2849.300 (2675.770)	Loss 0.3707939386 (0.3754)	Prec@1 87.207 (86.548)	Prec@5 99.121 (99.243)
Test: [10/10]	Time 0.198 (0.247)	Speed 5160.942 (4149.910)	Loss 0.2633 (0.2680)	Prec@1 90.434 (91.090)	Prec@5 99.872 (99.660)
 * Prec@1 91.090 Prec@5 99.660
 * Prec@1 91.090 Prec@5 99.660
 * Prec@1 91.090 Prec@5 99.660
 * Prec@1 91.090 Prec@5 99.660