=> creating model 'resnet50'
=> creating model 'resnet50'
=> creating model 'resnet50'
=> creating model 'resnet50'
Selected optimization level O2:  FP16 training with FP32 batchnorm and FP32 master weights.

Defaults for this optimization level are:
enabled                : True
opt_level              : O2
cast_model_type        : torch.float16
patch_torch_functions  : False
keep_batchnorm_fp32    : True
master_weights         : True
loss_scale             : dynamic
Processing user overrides (additional kwargs that are not None)...
After processing overrides, optimization options are:
enabled                : True
opt_level              : O2
cast_model_type        : torch.float16
patch_torch_functions  : False
keep_batchnorm_fp32    : True
master_weights         : True
loss_scale             : dynamic
Files already downloaded and verified
Files already downloaded and verified
Files already downloaded and verified
Files already downloaded and verified
Files already downloaded and verified
Files already downloaded and verified
Files already downloaded and verified
Files already downloaded and verified
Gradient overflow.  Skipping step, loss scaler 0 reducing loss scale to 32768.0
Gradient overflow.  Skipping step, loss scaler 0 reducing loss scale to 32768.0
Gradient overflow.  Skipping step, loss scaler 0 reducing loss scale to 32768.0
Gradient overflow.  Skipping step, loss scaler 0 reducing loss scale to 32768.0
Gradient overflow.  Skipping step, loss scaler 0 reducing loss scale to 16384.0
Gradient overflow.  Skipping step, loss scaler 0 reducing loss scale to 16384.0
Gradient overflow.  Skipping step, loss scaler 0 reducing loss scale to 16384.0
Gradient overflow.  Skipping step, loss scaler 0 reducing loss scale to 16384.0
Gradient overflow.  Skipping step, loss scaler 0 reducing loss scale to 8192.0
Gradient overflow.  Skipping step, loss scaler 0 reducing loss scale to 8192.0
Gradient overflow.  Skipping step, loss scaler 0 reducing loss scale to 8192.0
Gradient overflow.  Skipping step, loss scaler 0 reducing loss scale to 8192.0
/opt/conda/lib/python3.6/site-packages/torch/distributed/distributed_c10d.py:100: UserWarning: torch.distributed.reduce_op is deprecated, please use torch.distributed.ReduceOp instead
  warnings.warn("torch.distributed.reduce_op is deprecated, please use "
/opt/conda/lib/python3.6/site-packages/torch/distributed/distributed_c10d.py:100: UserWarning: torch.distributed.reduce_op is deprecated, please use torch.distributed.ReduceOp instead
  warnings.warn("torch.distributed.reduce_op is deprecated, please use "
/opt/conda/lib/python3.6/site-packages/torch/distributed/distributed_c10d.py:100: UserWarning: torch.distributed.reduce_op is deprecated, please use torch.distributed.ReduceOp instead
  warnings.warn("torch.distributed.reduce_op is deprecated, please use "
/opt/conda/lib/python3.6/site-packages/torch/distributed/distributed_c10d.py:100: UserWarning: torch.distributed.reduce_op is deprecated, please use torch.distributed.ReduceOp instead
  warnings.warn("torch.distributed.reduce_op is deprecated, please use "
Epoch: [0][10/49]	Time 1.620 (1.620)	Speed 632.024 (632.024)	Loss 3.5451998711 (3.5452)	Prec@1 10.449 (10.449)	Prec@5 49.805 (49.805)
Epoch: [0][20/49]	Time 0.355 (0.988)	Speed 2884.931 (1036.889)	Loss 4.0842685699 (3.8147)	Prec@1 13.574 (12.012)	Prec@5 52.148 (50.977)
Epoch: [0][30/49]	Time 0.356 (0.777)	Speed 2872.460 (1317.534)	Loss 3.5236721039 (3.7177)	Prec@1 8.203 (10.742)	Prec@5 49.805 (50.586)
Epoch: [0][40/49]	Time 0.356 (0.672)	Speed 2874.133 (1523.860)	Loss 3.4501097202 (3.6508)	Prec@1 10.254 (10.620)	Prec@5 52.539 (51.074)
Test: [10/10]	Time 2.292 (0.462)	Speed 446.675 (2214.247)	Loss 2.9004 (2.6866)	Prec@1 10.969 (11.220)	Prec@5 46.811 (51.030)
 * Prec@1 11.220 Prec@5 51.030
 * Prec@1 11.220 Prec@5 51.030
 * Prec@1 11.220 Prec@5 51.030
 * Prec@1 11.220 Prec@5 51.030
Epoch: [1][10/49]	Time 0.422 (0.422)	Speed 2426.496 (2426.496)	Loss 2.2787389755 (2.2787)	Prec@1 13.086 (13.086)	Prec@5 61.816 (61.816)
Epoch: [1][20/49]	Time 0.359 (0.390)	Speed 2853.224 (2622.615)	Loss 2.1743595600 (2.2265)	Prec@1 18.945 (16.016)	Prec@5 70.801 (66.309)
Epoch: [1][30/49]	Time 0.352 (0.378)	Speed 2910.282 (2711.970)	Loss 2.0705320835 (2.1745)	Prec@1 19.727 (17.253)	Prec@5 76.172 (69.596)
Epoch: [1][40/49]	Time 0.355 (0.372)	Speed 2886.769 (2753.655)	Loss 2.0370411873 (2.1402)	Prec@1 20.508 (18.066)	Prec@5 77.832 (71.655)
 * Prec@1 25.290 Prec@5 80.250
Test: [10/10]	Time 0.186 (0.244)	Speed 5507.484 (4193.406)	Loss 1.9614 (1.9905)	Prec@1 26.403 (25.290)	Prec@5 81.250 (80.250)
 * Prec@1 25.290 Prec@5 80.250
 * Prec@1 25.290 Prec@5 80.250
 * Prec@1 25.290 Prec@5 80.250
Epoch: [2][10/49]	Time 0.419 (0.419)	Speed 2444.649 (2444.649)	Loss 2.0320086479 (2.0320)	Prec@1 24.316 (24.316)	Prec@5 80.176 (80.176)
Epoch: [2][20/49]	Time 0.354 (0.386)	Speed 2895.695 (2651.124)	Loss 1.9219934940 (1.9770)	Prec@1 25.098 (24.707)	Prec@5 82.324 (81.250)
Epoch: [2][30/49]	Time 0.348 (0.373)	Speed 2944.816 (2742.288)	Loss 1.8642739058 (1.9394)	Prec@1 29.980 (26.465)	Prec@5 85.742 (82.747)
Epoch: [2][40/49]	Time 0.362 (0.371)	Speed 2827.645 (2763.141)	Loss 1.8426301479 (1.9152)	Prec@1 32.324 (27.930)	Prec@5 85.059 (83.325)
 * Prec@1 31.520 Prec@5 84.760
Test: [10/10]	Time 0.178 (0.246)	Speed 5756.472 (4157.096)	Loss 1.8354 (1.8287)	Prec@1 29.719 (31.520)	Prec@5 84.184 (84.760)
 * Prec@1 31.520 Prec@5 84.760
 * Prec@1 31.520 Prec@5 84.760
 * Prec@1 31.520 Prec@5 84.760
Epoch: [3][10/49]	Time 0.423 (0.423)	Speed 2422.233 (2422.233)	Loss 1.8403587341 (1.8404)	Prec@1 31.738 (31.738)	Prec@5 84.766 (84.766)
Epoch: [3][20/49]	Time 0.355 (0.389)	Speed 2886.352 (2634.004)	Loss 1.7762094736 (1.8083)	Prec@1 34.180 (32.959)	Prec@5 86.035 (85.400)
Epoch: [3][30/49]	Time 0.369 (0.382)	Speed 2772.345 (2678.558)	Loss 1.8764371872 (1.8310)	Prec@1 29.395 (31.771)	Prec@5 83.594 (84.798)
Epoch: [3][40/49]	Time 0.364 (0.378)	Speed 2815.815 (2711.602)	Loss 1.7792830467 (1.8181)	Prec@1 36.230 (32.886)	Prec@5 86.133 (85.132)
 * Prec@1 33.470 Prec@5 86.610
 * Prec@1 33.470 Prec@5 86.610
Test: [10/10]	Time 0.189 (0.266)	Speed 5422.548 (3853.934)	Loss 1.7492 (1.7730)	Prec@1 33.929 (33.470)	Prec@5 88.138 (86.610)
 * Prec@1 33.470 Prec@5 86.610
 * Prec@1 33.470 Prec@5 86.610
Epoch: [4][10/49]	Time 0.437 (0.437)	Speed 2342.659 (2342.659)	Loss 1.8003638983 (1.8004)	Prec@1 31.641 (31.641)	Prec@5 86.719 (86.719)
Epoch: [4][20/49]	Time 0.357 (0.397)	Speed 2867.558 (2578.669)	Loss 1.7248194218 (1.7626)	Prec@1 39.258 (35.449)	Prec@5 86.230 (86.475)
Epoch: [4][30/49]	Time 0.355 (0.383)	Speed 2880.678 (2672.048)	Loss 1.7055805922 (1.7436)	Prec@1 37.988 (36.296)	Prec@5 87.012 (86.654)
Epoch: [4][40/49]	Time 0.359 (0.377)	Speed 2852.835 (2715.062)	Loss 1.6746826172 (1.7264)	Prec@1 38.379 (36.816)	Prec@5 87.988 (86.987)
Test: [10/10]	Time 0.194 (0.257)	Speed 5275.051 (3977.381)	Loss 1.6287 (1.6626)	Prec@1 41.327 (39.690)	Prec@5 89.541 (88.250)
 * Prec@1 39.690 Prec@5 88.250
 * Prec@1 39.690 Prec@5 88.250
 * Prec@1 39.690 Prec@5 88.250
 * Prec@1 39.690 Prec@5 88.250
Epoch: [5][10/49]	Time 0.440 (0.440)	Speed 2329.427 (2329.427)	Loss 1.7236297131 (1.7236)	Prec@1 35.352 (35.352)	Prec@5 88.574 (88.574)
Epoch: [5][20/49]	Time 0.355 (0.397)	Speed 2884.707 (2577.499)	Loss 1.7178755999 (1.7208)	Prec@1 36.914 (36.133)	Prec@5 86.914 (87.744)
Epoch: [5][30/49]	Time 0.356 (0.384)	Speed 2875.058 (2669.597)	Loss 1.6159690619 (1.6858)	Prec@1 42.090 (38.118)	Prec@5 89.453 (88.314)
Epoch: [5][40/49]	Time 0.362 (0.378)	Speed 2831.297 (2708.266)	Loss 1.6445519924 (1.6755)	Prec@1 41.113 (38.867)	Prec@5 87.598 (88.135)
 * Prec@1 44.260 Prec@5 90.700
Test: [10/10]	Time 0.184 (0.247)	Speed 5571.136 (4140.051)	Loss 1.5463 (1.5504)	Prec@1 44.388 (44.260)	Prec@5 91.327 (90.700)
 * Prec@1 44.260 Prec@5 90.700
 * Prec@1 44.260 Prec@5 90.700
 * Prec@1 44.260 Prec@5 90.700
Epoch: [6][10/49]	Time 0.440 (0.440)	Speed 2325.929 (2325.929)	Loss 1.5445188284 (1.5445)	Prec@1 44.141 (44.141)	Prec@5 87.793 (87.793)
Epoch: [6][20/49]	Time 0.367 (0.404)	Speed 2791.681 (2537.611)	Loss 1.6002354622 (1.5724)	Prec@1 42.871 (43.506)	Prec@5 89.258 (88.525)
Epoch: [6][30/49]	Time 0.361 (0.389)	Speed 2840.364 (2631.093)	Loss 1.5455296040 (1.5634)	Prec@1 44.531 (43.848)	Prec@5 90.723 (89.258)
Epoch: [6][40/49]	Time 0.362 (0.382)	Speed 2827.361 (2677.560)	Loss 1.4830414057 (1.5433)	Prec@1 44.922 (44.116)	Prec@5 91.016 (89.697)
 * Prec@1 46.660 Prec@5 92.040
Test: [10/10]	Time 0.184 (0.260)	Speed 5555.046 (3944.451)	Loss 1.4769 (1.4779)	Prec@1 46.556 (46.660)	Prec@5 92.219 (92.040)
 * Prec@1 46.660 Prec@5 92.040
 * Prec@1 46.660 Prec@5 92.040
 * Prec@1 46.660 Prec@5 92.040
Epoch: [7][10/49]	Time 0.433 (0.433)	Speed 2362.513 (2362.513)	Loss 1.4551047087 (1.4551)	Prec@1 47.070 (47.070)	Prec@5 90.625 (90.625)
Epoch: [7][20/49]	Time 0.357 (0.395)	Speed 2870.466 (2591.837)	Loss 1.4395073652 (1.4473)	Prec@1 48.047 (47.559)	Prec@5 91.504 (91.064)
Epoch: [7][30/49]	Time 0.369 (0.386)	Speed 2775.581 (2650.321)	Loss 1.3991353512 (1.4312)	Prec@1 47.266 (47.461)	Prec@5 92.090 (91.406)
Epoch: [7][40/49]	Time 0.360 (0.380)	Speed 2843.049 (2696.011)	Loss 1.4488043785 (1.4356)	Prec@1 46.191 (47.144)	Prec@5 91.211 (91.357)
Test: [10/10]	Time 0.191 (0.251)	Speed 5355.882 (4080.982)	Loss 1.4706 (1.4567)	Prec@1 46.939 (46.770)	Prec@5 91.964 (91.730)
 * Prec@1 46.770 Prec@5 91.730
 * Prec@1 46.770 Prec@5 91.730
 * Prec@1 46.770 Prec@5 91.730
 * Prec@1 46.770 Prec@5 91.730
Epoch: [8][10/49]	Time 0.417 (0.417)	Speed 2453.633 (2453.633)	Loss 1.3312420845 (1.3312)	Prec@1 50.586 (50.586)	Prec@5 93.359 (93.359)
Epoch: [8][20/49]	Time 0.353 (0.385)	Speed 2897.172 (2657.020)	Loss 1.3389760256 (1.3351)	Prec@1 50.586 (50.586)	Prec@5 94.141 (93.750)
Epoch: [8][30/49]	Time 0.355 (0.375)	Speed 2881.506 (2727.859)	Loss 1.3644876480 (1.3449)	Prec@1 51.270 (50.814)	Prec@5 91.797 (93.099)
Epoch: [8][40/49]	Time 0.368 (0.373)	Speed 2785.575 (2742.063)	Loss 1.2383825779 (1.3183)	Prec@1 56.152 (52.148)	Prec@5 93.945 (93.311)
Test: [10/10]	Time 0.184 (0.240)	Speed 5576.149 (4264.654)	Loss 1.4657 (1.4886)	Prec@1 47.704 (45.840)	Prec@5 91.837 (90.830)
 * Prec@1 45.840 Prec@5 90.830
 * Prec@1 45.840 Prec@5 90.830
 * Prec@1 45.840 Prec@5 90.830
 * Prec@1 45.840 Prec@5 90.830
Epoch: [9][10/49]	Time 0.460 (0.460)	Speed 2225.484 (2225.484)	Loss 1.2642209530 (1.2642)	Prec@1 53.906 (53.906)	Prec@5 94.141 (94.141)
Epoch: [9][20/49]	Time 0.361 (0.411)	Speed 2836.030 (2493.933)	Loss 1.2874803543 (1.2759)	Prec@1 54.297 (54.102)	Prec@5 94.141 (94.141)
Epoch: [9][30/49]	Time 0.366 (0.396)	Speed 2799.072 (2587.975)	Loss 1.2634937763 (1.2717)	Prec@1 55.469 (54.557)	Prec@5 92.969 (93.750)
Epoch: [9][40/49]	Time 0.362 (0.387)	Speed 2825.719 (2643.580)	Loss 1.2314611673 (1.2617)	Prec@1 55.762 (54.858)	Prec@5 95.020 (94.067)
 * Prec@1 51.330 Prec@5 92.880
Test: [10/10]	Time 0.180 (0.241)	Speed 5703.073 (4243.017)	Loss 1.3532 (1.3446)	Prec@1 52.168 (51.330)	Prec@5 92.857 (92.880)
 * Prec@1 51.330 Prec@5 92.880
 * Prec@1 51.330 Prec@5 92.880
 * Prec@1 51.330 Prec@5 92.880
Epoch: [10][10/49]	Time 0.447 (0.447)	Speed 2289.417 (2289.417)	Loss 1.2172963619 (1.2173)	Prec@1 57.422 (57.422)	Prec@5 93.750 (93.750)
Epoch: [10][20/49]	Time 0.364 (0.406)	Speed 2814.622 (2524.998)	Loss 1.2583112717 (1.2378)	Prec@1 56.934 (57.178)	Prec@5 93.066 (93.408)
Epoch: [10][30/49]	Time 0.362 (0.391)	Speed 2829.638 (2618.985)	Loss 1.1377682686 (1.2045)	Prec@1 57.520 (57.292)	Prec@5 94.531 (93.783)
Epoch: [10][40/49]	Time 0.368 (0.385)	Speed 2784.086 (2658.397)	Loss 1.1479301453 (1.1903)	Prec@1 58.105 (57.495)	Prec@5 94.238 (93.896)
 * Prec@1 53.690 Prec@5 92.250
 * Prec@1 53.690 Prec@5 92.250
Test: [10/10]	Time 0.182 (0.247)	Speed 5631.939 (4152.078)	Loss 1.3125 (1.3204)	Prec@1 53.189 (53.690)	Prec@5 93.495 (92.250)
 * Prec@1 53.690 Prec@5 92.250
 * Prec@1 53.690 Prec@5 92.250
Epoch: [11][10/49]	Time 0.425 (0.425)	Speed 2411.763 (2411.763)	Loss 1.1933960915 (1.1934)	Prec@1 58.105 (58.105)	Prec@5 93.555 (93.555)
Epoch: [11][20/49]	Time 0.355 (0.390)	Speed 2888.513 (2628.697)	Loss 1.1109254360 (1.1522)	Prec@1 61.426 (59.766)	Prec@5 95.020 (94.287)
Epoch: [11][30/49]	Time 0.360 (0.380)	Speed 2848.343 (2698.049)	Loss 1.2053561211 (1.1699)	Prec@1 58.105 (59.212)	Prec@5 94.141 (94.238)
Epoch: [11][40/49]	Time 0.355 (0.373)	Speed 2882.810 (2741.983)	Loss 1.1534031630 (1.1658)	Prec@1 61.426 (59.766)	Prec@5 93.848 (94.141)
Test: [10/10]	Time 0.183 (0.238)	Speed 5606.670 (4304.978)	Loss 1.3235 (1.3344)	Prec@1 52.041 (53.210)	Prec@5 92.857 (92.020)
 * Prec@1 53.210 Prec@5 92.020
 * Prec@1 53.210 Prec@5 92.020
 * Prec@1 53.210 Prec@5 92.020
 * Prec@1 53.210 Prec@5 92.020
Epoch: [12][10/49]	Time 0.436 (0.436)	Speed 2346.517 (2346.517)	Loss 1.0989978313 (1.0990)	Prec@1 61.621 (61.621)	Prec@5 95.312 (95.312)
Epoch: [12][20/49]	Time 0.353 (0.395)	Speed 2902.929 (2595.235)	Loss 1.0770697594 (1.0880)	Prec@1 62.695 (62.158)	Prec@5 95.410 (95.361)
Epoch: [12][30/49]	Time 0.356 (0.382)	Speed 2873.110 (2681.689)	Loss 1.0531626940 (1.0764)	Prec@1 63.184 (62.500)	Prec@5 95.117 (95.280)
Epoch: [12][40/49]	Time 0.366 (0.378)	Speed 2794.989 (2709.144)	Loss 1.0858265162 (1.0788)	Prec@1 61.816 (62.329)	Prec@5 95.312 (95.288)
Test: [10/10]	Time 0.192 (0.248)	Speed 5339.701 (4132.192)	Loss 1.2807 (1.3120)	Prec@1 56.378 (54.930)	Prec@5 92.347 (92.000)
 * Prec@1 54.930 Prec@5 92.000
 * Prec@1 54.930 Prec@5 92.000
 * Prec@1 54.930 Prec@5 92.000
 * Prec@1 54.930 Prec@5 92.000
Epoch: [13][10/49]	Time 0.433 (0.433)	Speed 2364.017 (2364.017)	Loss 1.0449018478 (1.0449)	Prec@1 60.742 (60.742)	Prec@5 96.191 (96.191)
Epoch: [13][20/49]	Time 0.354 (0.394)	Speed 2892.799 (2601.813)	Loss 1.0431327820 (1.0440)	Prec@1 62.598 (61.670)	Prec@5 96.094 (96.143)
Epoch: [13][30/49]	Time 0.351 (0.379)	Speed 2920.865 (2700.126)	Loss 0.9763041735 (1.0214)	Prec@1 65.039 (62.793)	Prec@5 96.484 (96.257)
Epoch: [13][40/49]	Time 0.357 (0.374)	Speed 2866.414 (2739.863)	Loss 0.9621776938 (1.0066)	Prec@1 66.113 (63.623)	Prec@5 95.410 (96.045)
 * Prec@1 55.980 Prec@5 92.530
 * Prec@1 55.980 Prec@5 92.530
 * Prec@1 55.980 Prec@5 92.530
Test: [10/10]	Time 0.177 (0.250)	Speed 5801.689 (4094.855)	Loss 1.2688 (1.2688)	Prec@1 55.102 (55.980)	Prec@5 93.112 (92.530)
 * Prec@1 55.980 Prec@5 92.530
Epoch: [14][10/49]	Time 0.438 (0.438)	Speed 2335.615 (2335.615)	Loss 0.9718067050 (0.9718)	Prec@1 66.309 (66.309)	Prec@5 96.973 (96.973)
Epoch: [14][20/49]	Time 0.363 (0.401)	Speed 2822.704 (2556.162)	Loss 0.9551943541 (0.9635)	Prec@1 67.285 (66.797)	Prec@5 95.508 (96.240)
Epoch: [14][30/49]	Time 0.359 (0.387)	Speed 2848.933 (2646.829)	Loss 1.0033558607 (0.9768)	Prec@1 66.016 (66.536)	Prec@5 95.801 (96.094)
Epoch: [14][40/49]	Time 0.352 (0.378)	Speed 2908.841 (2707.805)	Loss 0.9479727745 (0.9696)	Prec@1 65.820 (66.357)	Prec@5 96.387 (96.167)
Test: [10/10]	Time 0.180 (0.265)	Speed 5673.841 (3868.113)	Loss 1.2053 (1.2386)	Prec@1 57.398 (57.410)	Prec@5 92.730 (92.600)
 * Prec@1 57.410 Prec@5 92.600
 * Prec@1 57.410 Prec@5 92.600
 * Prec@1 57.410 Prec@5 92.600
 * Prec@1 57.410 Prec@5 92.600
Epoch: [15][10/49]	Time 0.406 (0.406)	Speed 2519.623 (2519.623)	Loss 0.9207929969 (0.9208)	Prec@1 68.750 (68.750)	Prec@5 96.094 (96.094)
Epoch: [15][20/49]	Time 0.360 (0.383)	Speed 2847.320 (2673.467)	Loss 0.9030176401 (0.9119)	Prec@1 68.848 (68.799)	Prec@5 96.582 (96.338)
Epoch: [15][30/49]	Time 0.358 (0.375)	Speed 2860.860 (2733.143)	Loss 0.9432347417 (0.9223)	Prec@1 66.113 (67.904)	Prec@5 96.777 (96.484)
Epoch: [15][40/49]	Time 0.374 (0.374)	Speed 2740.704 (2735.029)	Loss 0.9280526638 (0.9238)	Prec@1 68.750 (68.115)	Prec@5 95.996 (96.362)
 * Prec@1 58.520 Prec@5 92.900
 * Prec@1 58.520 Prec@5 92.900
Test: [10/10]	Time 0.180 (0.259)	Speed 5676.428 (3959.606)	Loss 1.1571 (1.2057)	Prec@1 59.184 (58.520)	Prec@5 92.857 (92.900)
 * Prec@1 58.520 Prec@5 92.900
 * Prec@1 58.520 Prec@5 92.900
Epoch: [16][10/49]	Time 0.428 (0.428)	Speed 2394.113 (2394.113)	Loss 0.8889547586 (0.8890)	Prec@1 69.629 (69.629)	Prec@5 96.680 (96.680)
Epoch: [16][20/49]	Time 0.350 (0.389)	Speed 2927.864 (2634.223)	Loss 0.8956912756 (0.8923)	Prec@1 68.457 (69.043)	Prec@5 97.363 (97.021)
Epoch: [16][30/49]	Time 0.355 (0.378)	Speed 2882.915 (2712.211)	Loss 0.9284781218 (0.9044)	Prec@1 68.066 (68.717)	Prec@5 95.703 (96.582)
Epoch: [16][40/49]	Time 0.364 (0.374)	Speed 2814.496 (2737.079)	Loss 0.8462405205 (0.8898)	Prec@1 69.434 (68.896)	Prec@5 97.168 (96.729)
 * Prec@1 56.830 Prec@5 92.150
 * Prec@1 56.830 Prec@5 92.150
Test: [10/10]	Time 0.194 (0.248)	Speed 5291.910 (4134.697)	Loss 1.2285 (1.2736)	Prec@1 56.760 (56.830)	Prec@5 92.985 (92.150)
 * Prec@1 56.830 Prec@5 92.150
 * Prec@1 56.830 Prec@5 92.150
Epoch: [17][10/49]	Time 0.453 (0.453)	Speed 2260.693 (2260.693)	Loss 0.8880391121 (0.8880)	Prec@1 66.602 (66.602)	Prec@5 96.973 (96.973)
Epoch: [17][20/49]	Time 0.370 (0.412)	Speed 2765.593 (2487.784)	Loss 0.9079171419 (0.8980)	Prec@1 68.555 (67.578)	Prec@5 96.191 (96.582)
Epoch: [17][30/49]	Time 0.360 (0.394)	Speed 2843.315 (2595.986)	Loss 0.8354231715 (0.8771)	Prec@1 70.996 (68.717)	Prec@5 97.461 (96.875)
Epoch: [17][40/49]	Time 0.357 (0.385)	Speed 2868.555 (2659.154)	Loss 0.9087226987 (0.8850)	Prec@1 68.945 (68.774)	Prec@5 97.070 (96.924)
 * Prec@1 58.150 Prec@5 92.930
 * Prec@1 58.150 Prec@5 92.930
Test: [10/10]	Time 0.185 (0.239)	Speed 5537.999 (4287.035)	Loss 1.2045 (1.2206)	Prec@1 58.801 (58.150)	Prec@5 93.622 (92.930)
 * Prec@1 58.150 Prec@5 92.930
 * Prec@1 58.150 Prec@5 92.930
Epoch: [18][10/49]	Time 0.461 (0.461)	Speed 2223.313 (2223.313)	Loss 0.8493507504 (0.8494)	Prec@1 71.289 (71.289)	Prec@5 96.484 (96.484)
Epoch: [18][20/49]	Time 0.354 (0.407)	Speed 2892.252 (2514.045)	Loss 0.8182247877 (0.8338)	Prec@1 71.777 (71.533)	Prec@5 96.289 (96.387)
Epoch: [18][30/49]	Time 0.355 (0.390)	Speed 2887.637 (2627.351)	Loss 0.8311744928 (0.8329)	Prec@1 72.266 (71.777)	Prec@5 96.484 (96.419)
Epoch: [18][40/49]	Time 0.357 (0.381)	Speed 2871.484 (2684.408)	Loss 0.8802245259 (0.8447)	Prec@1 68.945 (71.069)	Prec@5 97.266 (96.631)
 * Prec@1 57.170 Prec@5 91.760
 * Prec@1 57.170 Prec@5 91.760
Test: [10/10]	Time 0.175 (0.240)	Speed 5852.403 (4258.369)	Loss 1.3082 (1.3027)	Prec@1 58.418 (57.170)	Prec@5 91.071 (91.760)
 * Prec@1 57.170 Prec@5 91.760
 * Prec@1 57.170 Prec@5 91.760
Epoch: [19][10/49]	Time 0.450 (0.450)	Speed 2277.804 (2277.804)	Loss 0.7844374180 (0.7844)	Prec@1 72.754 (72.754)	Prec@5 96.680 (96.680)
Epoch: [19][20/49]	Time 0.350 (0.400)	Speed 2928.438 (2562.465)	Loss 0.7233169079 (0.7539)	Prec@1 74.023 (73.389)	Prec@5 97.461 (97.070)
Epoch: [19][30/49]	Time 0.364 (0.388)	Speed 2810.830 (2640.229)	Loss 0.8097360730 (0.7725)	Prec@1 71.191 (72.656)	Prec@5 96.973 (97.038)
Epoch: [19][40/49]	Time 0.361 (0.381)	Speed 2834.371 (2686.228)	Loss 0.8141715527 (0.7829)	Prec@1 71.875 (72.461)	Prec@5 97.559 (97.168)
Test: [10/10]	Time 0.181 (0.246)	Speed 5643.669 (4154.770)	Loss 1.2294 (1.2879)	Prec@1 58.673 (57.170)	Prec@5 92.219 (92.410)
 * Prec@1 57.170 Prec@5 92.410
 * Prec@1 57.170 Prec@5 92.410
 * Prec@1 57.170 Prec@5 92.410
 * Prec@1 57.170 Prec@5 92.410
Epoch: [20][10/49]	Time 0.440 (0.440)	Speed 2328.354 (2328.354)	Loss 0.7598004341 (0.7598)	Prec@1 73.730 (73.730)	Prec@5 97.070 (97.070)
Epoch: [20][20/49]	Time 0.364 (0.402)	Speed 2811.512 (2547.224)	Loss 0.7848947048 (0.7723)	Prec@1 73.145 (73.438)	Prec@5 96.094 (96.582)
Epoch: [20][30/49]	Time 0.353 (0.386)	Speed 2902.372 (2655.539)	Loss 0.7577395439 (0.7675)	Prec@1 73.828 (73.568)	Prec@5 96.680 (96.615)
Epoch: [20][40/49]	Time 0.352 (0.377)	Speed 2908.368 (2714.534)	Loss 0.7344911098 (0.7592)	Prec@1 74.805 (73.877)	Prec@5 98.145 (96.997)
Test: [10/10]	Time 0.189 (0.255)	Speed 5415.185 (4014.161)	Loss 1.1776 (1.2275)	Prec@1 60.842 (59.130)	Prec@5 93.878 (93.300)
 * Prec@1 59.130 Prec@5 93.300
 * Prec@1 59.130 Prec@5 93.300
 * Prec@1 59.130 Prec@5 93.300
 * Prec@1 59.130 Prec@5 93.300
Epoch: [21][10/49]	Time 0.401 (0.401)	Speed 2551.136 (2551.136)	Loss 0.7745757103 (0.7746)	Prec@1 72.266 (72.266)	Prec@5 97.656 (97.656)
Epoch: [21][20/49]	Time 0.358 (0.380)	Speed 2860.668 (2697.051)	Loss 0.8279320002 (0.8013)	Prec@1 70.117 (71.191)	Prec@5 96.973 (97.314)
Epoch: [21][30/49]	Time 0.362 (0.374)	Speed 2830.046 (2739.971)	Loss 0.7460057139 (0.7828)	Prec@1 74.219 (72.201)	Prec@5 97.266 (97.298)
Epoch: [21][40/49]	Time 0.362 (0.371)	Speed 2828.467 (2761.572)	Loss 0.7618841529 (0.7776)	Prec@1 73.145 (72.437)	Prec@5 98.145 (97.510)
Test: [10/10]	Time 0.185 (0.243)	Speed 5526.306 (4216.250)	Loss 1.3290 (1.3915)	Prec@1 58.418 (57.480)	Prec@5 93.112 (92.460)
 * Prec@1 57.480 Prec@5 92.460
 * Prec@1 57.480 Prec@5 92.460
 * Prec@1 57.480 Prec@5 92.460
 * Prec@1 57.480 Prec@5 92.460
Epoch: [22][10/49]	Time 0.422 (0.422)	Speed 2426.150 (2426.150)	Loss 0.6990002394 (0.6990)	Prec@1 75.977 (75.977)	Prec@5 98.047 (98.047)
Epoch: [22][20/49]	Time 0.364 (0.393)	Speed 2814.392 (2605.889)	Loss 0.7198365927 (0.7094)	Prec@1 75.391 (75.684)	Prec@5 96.973 (97.510)
Epoch: [22][30/49]	Time 0.349 (0.378)	Speed 2931.308 (2706.026)	Loss 0.7421102524 (0.7203)	Prec@1 75.293 (75.553)	Prec@5 97.461 (97.493)
Epoch: [22][40/49]	Time 0.359 (0.374)	Speed 2849.595 (2740.544)	Loss 0.7577297091 (0.7297)	Prec@1 74.512 (75.293)	Prec@5 97.168 (97.412)
Test: [10/10]	Time 0.185 (0.245)	Speed 5525.922 (4176.164)	Loss 1.1570 (1.2261)	Prec@1 60.714 (59.070)	Prec@5 93.367 (92.220)
 * Prec@1 59.070 Prec@5 92.220
 * Prec@1 59.070 Prec@5 92.220
 * Prec@1 59.070 Prec@5 92.220
 * Prec@1 59.070 Prec@5 92.220
Epoch: [23][10/49]	Time 0.457 (0.457)	Speed 2239.095 (2239.095)	Loss 0.7346462011 (0.7346)	Prec@1 73.047 (73.047)	Prec@5 97.949 (97.949)
Epoch: [23][20/49]	Time 0.352 (0.405)	Speed 2908.731 (2530.359)	Loss 0.7135453224 (0.7241)	Prec@1 74.512 (73.779)	Prec@5 97.852 (97.900)
Epoch: [23][30/49]	Time 0.365 (0.392)	Speed 2802.664 (2615.052)	Loss 0.7118643522 (0.7200)	Prec@1 75.293 (74.284)	Prec@5 97.461 (97.754)
Epoch: [23][40/49]	Time 0.360 (0.384)	Speed 2844.430 (2668.857)	Loss 0.7002608180 (0.7151)	Prec@1 75.488 (74.585)	Prec@5 97.852 (97.778)
 * Prec@1 59.000 Prec@5 92.470
Test: [10/10]	Time 0.176 (0.244)	Speed 5808.743 (4192.085)	Loss 1.2105 (1.2758)	Prec@1 59.056 (59.000)	Prec@5 94.133 (92.470)
 * Prec@1 59.000 Prec@5 92.470
 * Prec@1 59.000 Prec@5 92.470
 * Prec@1 59.000 Prec@5 92.470
Epoch: [24][10/49]	Time 0.469 (0.469)	Speed 2181.135 (2181.135)	Loss 0.7540200949 (0.7540)	Prec@1 72.656 (72.656)	Prec@5 98.047 (98.047)
Epoch: [24][20/49]	Time 0.363 (0.416)	Speed 2817.990 (2458.997)	Loss 0.7434411645 (0.7487)	Prec@1 76.270 (74.463)	Prec@5 97.559 (97.803)
Epoch: [24][30/49]	Time 0.363 (0.399)	Speed 2821.597 (2569.045)	Loss 0.6936900616 (0.7304)	Prec@1 76.270 (75.065)	Prec@5 97.559 (97.721)
Epoch: [24][40/49]	Time 0.365 (0.390)	Speed 2801.850 (2623.543)	Loss 0.6530749798 (0.7111)	Prec@1 76.562 (75.439)	Prec@5 98.438 (97.900)
Test: [10/10]	Time 0.178 (0.241)	Speed 5740.699 (4249.714)	Loss 1.2183 (1.2633)	Prec@1 58.673 (57.760)	Prec@5 92.347 (92.670)
 * Prec@1 57.760 Prec@5 92.670
 * Prec@1 57.760 Prec@5 92.670
 * Prec@1 57.760 Prec@5 92.670
 * Prec@1 57.760 Prec@5 92.670
Epoch: [25][10/49]	Time 0.455 (0.455)	Speed 2250.744 (2250.744)	Loss 0.6967908740 (0.6968)	Prec@1 76.074 (76.074)	Prec@5 97.363 (97.363)
Epoch: [25][20/49]	Time 0.360 (0.407)	Speed 2845.485 (2513.411)	Loss 0.6916019917 (0.6942)	Prec@1 75.000 (75.537)	Prec@5 97.559 (97.461)
Epoch: [25][30/49]	Time 0.366 (0.394)	Speed 2797.636 (2601.511)	Loss 0.6408222914 (0.6764)	Prec@1 77.051 (76.042)	Prec@5 97.656 (97.526)
Epoch: [25][40/49]	Time 0.360 (0.385)	Speed 2845.973 (2658.603)	Loss 0.7721059918 (0.7003)	Prec@1 73.242 (75.342)	Prec@5 97.559 (97.534)
 * Prec@1 60.270 Prec@5 94.150
 * Prec@1 60.270 Prec@5 94.150
Test: [10/10]	Time 0.187 (0.250)	Speed 5479.931 (4097.311)	Loss 1.1720 (1.2203)	Prec@1 60.587 (60.270)	Prec@5 93.240 (94.150)
 * Prec@1 60.270 Prec@5 94.150
 * Prec@1 60.270 Prec@5 94.150
Epoch: [26][10/49]	Time 0.424 (0.424)	Speed 2415.839 (2415.839)	Loss 0.6656818390 (0.6657)	Prec@1 76.855 (76.855)	Prec@5 97.266 (97.266)
Epoch: [26][20/49]	Time 0.356 (0.390)	Speed 2879.908 (2627.541)	Loss 0.6803816557 (0.6730)	Prec@1 77.051 (76.953)	Prec@5 98.242 (97.754)
Epoch: [26][30/49]	Time 0.366 (0.382)	Speed 2800.540 (2682.782)	Loss 0.6203626990 (0.6555)	Prec@1 78.418 (77.441)	Prec@5 98.047 (97.852)
Epoch: [26][40/49]	Time 0.363 (0.377)	Speed 2817.351 (2715.205)	Loss 0.6302327514 (0.6492)	Prec@1 80.176 (78.125)	Prec@5 97.656 (97.803)
Test: [10/10]	Time 0.186 (0.249)	Speed 5513.451 (4113.374)	Loss 1.1744 (1.2628)	Prec@1 59.949 (58.700)	Prec@5 94.388 (93.630)
 * Prec@1 58.700 Prec@5 93.630
 * Prec@1 58.700 Prec@5 93.630
 * Prec@1 58.700 Prec@5 93.630
 * Prec@1 58.700 Prec@5 93.630
Epoch: [27][10/49]	Time 0.469 (0.469)	Speed 2184.526 (2184.526)	Loss 0.6246907711 (0.6247)	Prec@1 77.930 (77.930)	Prec@5 98.828 (98.828)
Epoch: [27][20/49]	Time 0.363 (0.416)	Speed 2821.949 (2462.659)	Loss 0.6744394302 (0.6496)	Prec@1 76.465 (77.197)	Prec@5 97.754 (98.291)
Epoch: [27][30/49]	Time 0.367 (0.400)	Speed 2790.305 (2562.977)	Loss 0.6538789868 (0.6510)	Prec@1 77.539 (77.311)	Prec@5 98.145 (98.242)
Epoch: [27][40/49]	Time 0.365 (0.391)	Speed 2806.896 (2619.894)	Loss 0.6970138550 (0.6625)	Prec@1 75.586 (76.880)	Prec@5 96.875 (97.900)
Test: [10/10]	Time 0.177 (0.239)	Speed 5801.227 (4284.231)	Loss 1.1139 (1.1609)	Prec@1 62.755 (61.110)	Prec@5 95.026 (94.060)
 * Prec@1 61.110 Prec@5 94.060
 * Prec@1 61.110 Prec@5 94.060
 * Prec@1 61.110 Prec@5 94.060
 * Prec@1 61.110 Prec@5 94.060
Epoch: [28][10/49]	Time 0.413 (0.413)	Speed 2481.027 (2481.027)	Loss 0.6431848407 (0.6432)	Prec@1 77.637 (77.637)	Prec@5 97.656 (97.656)
Epoch: [28][20/49]	Time 0.360 (0.386)	Speed 2846.186 (2651.091)	Loss 0.6656499505 (0.6544)	Prec@1 77.051 (77.344)	Prec@5 97.656 (97.656)
Epoch: [28][30/49]	Time 0.357 (0.377)	Speed 2867.897 (2719.623)	Loss 0.6425643563 (0.6505)	Prec@1 76.953 (77.214)	Prec@5 96.973 (97.428)
Epoch: [28][40/49]	Time 0.370 (0.375)	Speed 2765.825 (2731.029)	Loss 0.6168701649 (0.6421)	Prec@1 79.395 (77.759)	Prec@5 97.754 (97.510)
 * Prec@1 60.170 Prec@5 93.320
 * Prec@1 60.170 Prec@5 93.320
Test: [10/10]	Time 0.181 (0.235)	Speed 5643.342 (4366.728)	Loss 1.1685 (1.2043)	Prec@1 61.224 (60.170)	Prec@5 93.750 (93.320)
 * Prec@1 60.170 Prec@5 93.320
 * Prec@1 60.170 Prec@5 93.320
Epoch: [29][10/49]	Time 0.439 (0.439)	Speed 2331.110 (2331.110)	Loss 0.6214241982 (0.6214)	Prec@1 78.027 (78.027)	Prec@5 97.949 (97.949)
Epoch: [29][20/49]	Time 0.354 (0.397)	Speed 2891.796 (2581.357)	Loss 0.5759238005 (0.5987)	Prec@1 79.004 (78.516)	Prec@5 98.730 (98.340)
Epoch: [29][30/49]	Time 0.354 (0.382)	Speed 2892.122 (2677.250)	Loss 0.6412031651 (0.6129)	Prec@1 76.660 (77.897)	Prec@5 97.656 (98.112)
Epoch: [29][40/49]	Time 0.351 (0.375)	Speed 2915.605 (2733.109)	Loss 0.7217379808 (0.6401)	Prec@1 75.586 (77.319)	Prec@5 97.070 (97.852)
Test: [10/10]	Time 0.176 (0.244)	Speed 5808.374 (4192.295)	Loss 1.1349 (1.1863)	Prec@1 62.117 (61.040)	Prec@5 93.878 (93.850)
 * Prec@1 61.040 Prec@5 93.850
 * Prec@1 61.040 Prec@5 93.850
 * Prec@1 61.040 Prec@5 93.850
 * Prec@1 61.040 Prec@5 93.850
Epoch: [30][10/49]	Time 0.426 (0.426)	Speed 2404.989 (2404.989)	Loss 0.5814656019 (0.5815)	Prec@1 79.102 (79.102)	Prec@5 98.340 (98.340)
Epoch: [30][20/49]	Time 0.354 (0.390)	Speed 2895.732 (2627.644)	Loss 0.5368470550 (0.5592)	Prec@1 80.762 (79.932)	Prec@5 97.949 (98.145)
Epoch: [30][30/49]	Time 0.359 (0.379)	Speed 2854.928 (2699.274)	Loss 0.5321120620 (0.5501)	Prec@1 80.664 (80.176)	Prec@5 97.949 (98.079)
Epoch: [30][40/49]	Time 0.355 (0.373)	Speed 2886.940 (2743.866)	Loss 0.4576000869 (0.5270)	Prec@1 84.082 (81.152)	Prec@5 98.926 (98.291)
Test: [10/10]	Time 0.186 (0.251)	Speed 5494.063 (4074.290)	Loss 1.1410 (1.1889)	Prec@1 63.138 (62.580)	Prec@5 94.133 (93.630)
 * Prec@1 62.580 Prec@5 93.630
 * Prec@1 62.580 Prec@5 93.630
 * Prec@1 62.580 Prec@5 93.630
 * Prec@1 62.580 Prec@5 93.630
Epoch: [31][10/49]	Time 0.415 (0.415)	Speed 2464.876 (2464.876)	Loss 0.5278036594 (0.5278)	Prec@1 81.738 (81.738)	Prec@5 98.242 (98.242)
Epoch: [31][20/49]	Time 0.356 (0.386)	Speed 2879.505 (2656.106)	Loss 0.5085291862 (0.5182)	Prec@1 82.520 (82.129)	Prec@5 98.633 (98.438)
Epoch: [31][30/49]	Time 0.350 (0.374)	Speed 2926.040 (2740.375)	Loss 0.4742870629 (0.5035)	Prec@1 82.910 (82.389)	Prec@5 98.730 (98.535)
Epoch: [31][40/49]	Time 0.359 (0.370)	Speed 2852.890 (2767.663)	Loss 0.4750834703 (0.4964)	Prec@1 82.910 (82.520)	Prec@5 98.926 (98.633)
Test: [10/10]	Time 0.179 (0.261)	Speed 5730.306 (3922.036)	Loss 1.1855 (1.2166)	Prec@1 61.735 (62.070)	Prec@5 93.240 (93.520)
 * Prec@1 62.070 Prec@5 93.520
 * Prec@1 62.070 Prec@5 93.520
 * Prec@1 62.070 Prec@5 93.520
 * Prec@1 62.070 Prec@5 93.520
Epoch: [32][10/49]	Time 0.459 (0.459)	Speed 2229.052 (2229.052)	Loss 0.4621210098 (0.4621)	Prec@1 83.789 (83.789)	Prec@5 98.340 (98.340)
Epoch: [32][20/49]	Time 0.356 (0.408)	Speed 2873.060 (2510.412)	Loss 0.4454610348 (0.4538)	Prec@1 85.547 (84.668)	Prec@5 98.926 (98.633)
Epoch: [32][30/49]	Time 0.356 (0.391)	Speed 2877.703 (2621.961)	Loss 0.5178267956 (0.4751)	Prec@1 82.812 (84.049)	Prec@5 98.242 (98.503)
Epoch: [32][40/49]	Time 0.367 (0.385)	Speed 2790.370 (2662.129)	Loss 0.5059401989 (0.4828)	Prec@1 82.520 (83.667)	Prec@5 98.926 (98.608)
Test: [10/10]	Time 0.185 (0.235)	Speed 5533.917 (4348.660)	Loss 1.1671 (1.2111)	Prec@1 63.393 (62.370)	Prec@5 93.240 (93.580)
 * Prec@1 62.370 Prec@5 93.580
 * Prec@1 62.370 Prec@5 93.580
 * Prec@1 62.370 Prec@5 93.580
 * Prec@1 62.370 Prec@5 93.580
Epoch: [33][10/49]	Time 0.448 (0.448)	Speed 2285.253 (2285.253)	Loss 0.4651275277 (0.4651)	Prec@1 83.105 (83.105)	Prec@5 98.730 (98.730)
Epoch: [33][20/49]	Time 0.357 (0.403)	Speed 2866.829 (2543.216)	Loss 0.5007867813 (0.4830)	Prec@1 82.715 (82.910)	Prec@5 98.340 (98.535)
Epoch: [33][30/49]	Time 0.358 (0.388)	Speed 2863.950 (2641.836)	Loss 0.4215199947 (0.4625)	Prec@1 84.961 (83.594)	Prec@5 98.535 (98.535)
Epoch: [33][40/49]	Time 0.352 (0.379)	Speed 2912.823 (2704.743)	Loss 0.4469953477 (0.4586)	Prec@1 84.082 (83.716)	Prec@5 99.121 (98.682)
Test: [10/10]	Time 0.174 (0.240)	Speed 5892.283 (4273.886)	Loss 1.1562 (1.2034)	Prec@1 64.413 (63.190)	Prec@5 93.750 (93.550)
 * Prec@1 63.190 Prec@5 93.550
 * Prec@1 63.190 Prec@5 93.550
 * Prec@1 63.190 Prec@5 93.550
 * Prec@1 63.190 Prec@5 93.550
Epoch: [34][10/49]	Time 0.433 (0.433)	Speed 2363.578 (2363.578)	Loss 0.4907606840 (0.4908)	Prec@1 83.301 (83.301)	Prec@5 98.535 (98.535)
Epoch: [34][20/49]	Time 0.355 (0.394)	Speed 2886.483 (2598.990)	Loss 0.4506314993 (0.4707)	Prec@1 84.180 (83.740)	Prec@5 98.828 (98.682)
Epoch: [34][30/49]	Time 0.356 (0.381)	Speed 2880.092 (2686.389)	Loss 0.4726266265 (0.4713)	Prec@1 83.984 (83.822)	Prec@5 98.730 (98.698)
Epoch: [34][40/49]	Time 0.356 (0.375)	Speed 2875.681 (2731.337)	Loss 0.4696564674 (0.4709)	Prec@1 83.301 (83.691)	Prec@5 98.242 (98.584)
Test: [10/10]	Time 0.180 (0.241)	Speed 5684.339 (4250.511)	Loss 1.2143 (1.2502)	Prec@1 64.158 (62.550)	Prec@5 93.240 (93.610)
 * Prec@1 62.550 Prec@5 93.610
 * Prec@1 62.550 Prec@5 93.610
 * Prec@1 62.550 Prec@5 93.610
 * Prec@1 62.550 Prec@5 93.610
Epoch: [35][10/49]	Time 0.460 (0.460)	Speed 2226.188 (2226.188)	Loss 0.4032008350 (0.4032)	Prec@1 85.742 (85.742)	Prec@5 98.828 (98.828)
Epoch: [35][20/49]	Time 0.354 (0.407)	Speed 2892.830 (2516.101)	Loss 0.4345559478 (0.4189)	Prec@1 85.547 (85.645)	Prec@5 99.023 (98.926)
Epoch: [35][30/49]	Time 0.359 (0.391)	Speed 2853.011 (2619.201)	Loss 0.4445959330 (0.4275)	Prec@1 83.984 (85.091)	Prec@5 98.438 (98.763)
Epoch: [35][40/49]	Time 0.350 (0.381)	Speed 2923.243 (2689.124)	Loss 0.3986012042 (0.4202)	Prec@1 85.645 (85.229)	Prec@5 98.633 (98.730)
Test: [10/10]	Time 0.184 (0.239)	Speed 5580.264 (4290.468)	Loss 1.2193 (1.2563)	Prec@1 64.031 (62.600)	Prec@5 93.750 (93.430)
 * Prec@1 62.600 Prec@5 93.430
 * Prec@1 62.600 Prec@5 93.430
 * Prec@1 62.600 Prec@5 93.430
 * Prec@1 62.600 Prec@5 93.430
Epoch: [36][10/49]	Time 0.459 (0.459)	Speed 2232.799 (2232.799)	Loss 0.4456462562 (0.4456)	Prec@1 84.082 (84.082)	Prec@5 98.438 (98.438)
Epoch: [36][20/49]	Time 0.354 (0.406)	Speed 2891.248 (2519.717)	Loss 0.4152901471 (0.4305)	Prec@1 86.426 (85.254)	Prec@5 98.926 (98.682)
Epoch: [36][30/49]	Time 0.353 (0.389)	Speed 2899.620 (2634.786)	Loss 0.4475604296 (0.4362)	Prec@1 84.082 (84.863)	Prec@5 98.535 (98.633)
Epoch: [36][40/49]	Time 0.360 (0.381)	Speed 2845.323 (2684.444)	Loss 0.4601907730 (0.4422)	Prec@1 84.570 (84.790)	Prec@5 99.023 (98.730)
 * Prec@1 62.600 Prec@5 93.080
 * Prec@1 62.600 Prec@5 93.080
Test: [10/10]	Time 0.182 (0.228)	Speed 5614.204 (4485.833)	Loss 1.1987 (1.2572)	Prec@1 63.776 (62.600)	Prec@5 93.240 (93.080)
 * Prec@1 62.600 Prec@5 93.080
 * Prec@1 62.600 Prec@5 93.080
Epoch: [37][10/49]	Time 0.449 (0.449)	Speed 2281.934 (2281.934)	Loss 0.4273550212 (0.4274)	Prec@1 84.375 (84.375)	Prec@5 98.926 (98.926)
Epoch: [37][20/49]	Time 0.358 (0.403)	Speed 2862.316 (2539.385)	Loss 0.3710519373 (0.3992)	Prec@1 86.914 (85.645)	Prec@5 99.316 (99.121)
Epoch: [37][30/49]	Time 0.353 (0.387)	Speed 2898.820 (2648.866)	Loss 0.4217422009 (0.4067)	Prec@1 85.352 (85.547)	Prec@5 99.316 (99.186)
Epoch: [37][40/49]	Time 0.360 (0.380)	Speed 2843.228 (2694.922)	Loss 0.4109558463 (0.4078)	Prec@1 86.035 (85.669)	Prec@5 98.926 (99.121)
Test: [10/10]	Time 0.186 (0.240)	Speed 5501.805 (4273.341)	Loss 1.1992 (1.2288)	Prec@1 61.862 (62.560)	Prec@5 93.878 (93.450)
 * Prec@1 62.560 Prec@5 93.450
 * Prec@1 62.560 Prec@5 93.450
 * Prec@1 62.560 Prec@5 93.450
 * Prec@1 62.560 Prec@5 93.450
Epoch: [38][10/49]	Time 0.465 (0.465)	Speed 2200.632 (2200.632)	Loss 0.4093661904 (0.4094)	Prec@1 85.547 (85.547)	Prec@5 99.121 (99.121)
Epoch: [38][20/49]	Time 0.358 (0.412)	Speed 2861.066 (2487.763)	Loss 0.4203059971 (0.4148)	Prec@1 84.277 (84.912)	Prec@5 99.023 (99.072)
Epoch: [38][30/49]	Time 0.356 (0.393)	Speed 2876.599 (2605.144)	Loss 0.3972176015 (0.4090)	Prec@1 85.059 (84.961)	Prec@5 99.121 (99.089)
Epoch: [38][40/49]	Time 0.359 (0.385)	Speed 2851.742 (2662.707)	Loss 0.3706135750 (0.3994)	Prec@1 87.500 (85.596)	Prec@5 99.219 (99.121)
Test: [10/10]	Time 0.174 (0.231)	Speed 5881.229 (4432.886)	Loss 1.2256 (1.2670)	Prec@1 64.031 (62.380)	Prec@5 93.622 (93.160)
 * Prec@1 62.380 Prec@5 93.160
 * Prec@1 62.380 Prec@5 93.160
 * Prec@1 62.380 Prec@5 93.160
 * Prec@1 62.380 Prec@5 93.160
Epoch: [39][10/49]	Time 0.452 (0.452)	Speed 2266.820 (2266.820)	Loss 0.4451951981 (0.4452)	Prec@1 85.352 (85.352)	Prec@5 99.121 (99.121)
Epoch: [39][20/49]	Time 0.351 (0.402)	Speed 2914.539 (2550.194)	Loss 0.4146431088 (0.4299)	Prec@1 84.668 (85.010)	Prec@5 99.121 (99.121)
Epoch: [39][30/49]	Time 0.365 (0.389)	Speed 2808.294 (2630.789)	Loss 0.4345390201 (0.4315)	Prec@1 85.156 (85.059)	Prec@5 98.535 (98.926)
Epoch: [39][40/49]	Time 0.354 (0.380)	Speed 2894.187 (2692.039)	Loss 0.4339883327 (0.4321)	Prec@1 85.645 (85.205)	Prec@5 98.633 (98.853)
Test: [10/10]	Time 0.188 (0.252)	Speed 5439.807 (4057.148)	Loss 1.2801 (1.3153)	Prec@1 61.480 (61.600)	Prec@5 92.602 (92.770)
 * Prec@1 61.600 Prec@5 92.770
 * Prec@1 61.600 Prec@5 92.770
 * Prec@1 61.600 Prec@5 92.770
 * Prec@1 61.600 Prec@5 92.770
Epoch: [40][10/49]	Time 0.444 (0.444)	Speed 2307.235 (2307.235)	Loss 0.3957521915 (0.3958)	Prec@1 86.914 (86.914)	Prec@5 99.023 (99.023)
Epoch: [40][20/49]	Time 0.359 (0.402)	Speed 2849.601 (2549.896)	Loss 0.4034361243 (0.3996)	Prec@1 85.645 (86.279)	Prec@5 99.219 (99.121)
Epoch: [40][30/49]	Time 0.355 (0.386)	Speed 2887.093 (2653.189)	Loss 0.3537763953 (0.3843)	Prec@1 87.207 (86.589)	Prec@5 99.316 (99.186)
Epoch: [40][40/49]	Time 0.354 (0.378)	Speed 2894.477 (2709.659)	Loss 0.4113121331 (0.3911)	Prec@1 85.742 (86.377)	Prec@5 99.023 (99.146)
Test: [10/10]	Time 0.175 (0.229)	Speed 5842.626 (4477.118)	Loss 1.2172 (1.2419)	Prec@1 63.520 (62.860)	Prec@5 93.495 (93.580)
 * Prec@1 62.860 Prec@5 93.580
 * Prec@1 62.860 Prec@5 93.580
 * Prec@1 62.860 Prec@5 93.580
 * Prec@1 62.860 Prec@5 93.580
Epoch: [41][10/49]	Time 0.452 (0.452)	Speed 2263.759 (2263.759)	Loss 0.4364177287 (0.4364)	Prec@1 83.887 (83.887)	Prec@5 99.219 (99.219)
Epoch: [41][20/49]	Time 0.350 (0.401)	Speed 2927.195 (2553.081)	Loss 0.3694170415 (0.4029)	Prec@1 87.598 (85.742)	Prec@5 99.023 (99.121)
Epoch: [41][30/49]	Time 0.351 (0.384)	Speed 2920.462 (2664.822)	Loss 0.4286170900 (0.4115)	Prec@1 85.254 (85.579)	Prec@5 98.340 (98.861)
Epoch: [41][40/49]	Time 0.358 (0.378)	Speed 2862.538 (2711.646)	Loss 0.4076128900 (0.4105)	Prec@1 86.328 (85.767)	Prec@5 98.828 (98.853)
Test: [10/10]	Time 0.189 (0.246)	Speed 5415.513 (4170.881)	Loss 1.2375 (1.2760)	Prec@1 62.245 (62.220)	Prec@5 93.367 (93.320)
 * Prec@1 62.220 Prec@5 93.320
 * Prec@1 62.220 Prec@5 93.320
 * Prec@1 62.220 Prec@5 93.320
 * Prec@1 62.220 Prec@5 93.320
Epoch: [42][10/49]	Time 0.465 (0.465)	Speed 2203.690 (2203.690)	Loss 0.4103595614 (0.4104)	Prec@1 84.375 (84.375)	Prec@5 99.023 (99.023)
Epoch: [42][20/49]	Time 0.360 (0.412)	Speed 2847.591 (2484.601)	Loss 0.4039540291 (0.4072)	Prec@1 86.133 (85.254)	Prec@5 99.414 (99.219)
Epoch: [42][30/49]	Time 0.362 (0.395)	Speed 2827.196 (2589.185)	Loss 0.4212607443 (0.4119)	Prec@1 85.156 (85.221)	Prec@5 99.121 (99.186)
Epoch: [42][40/49]	Time 0.360 (0.387)	Speed 2841.850 (2648.044)	Loss 0.4406027198 (0.4190)	Prec@1 84.277 (84.985)	Prec@5 99.121 (99.170)
Test: [10/10]	Time 0.187 (0.229)	Speed 5470.174 (4477.029)	Loss 1.2267 (1.3056)	Prec@1 63.010 (62.270)	Prec@5 92.602 (92.770)
 * Prec@1 62.270 Prec@5 92.770
 * Prec@1 62.270 Prec@5 92.770
 * Prec@1 62.270 Prec@5 92.770
 * Prec@1 62.270 Prec@5 92.770
Epoch: [43][10/49]	Time 0.462 (0.462)	Speed 2215.891 (2215.891)	Loss 0.3940120637 (0.3940)	Prec@1 86.523 (86.523)	Prec@5 98.828 (98.828)
Epoch: [43][20/49]	Time 0.358 (0.410)	Speed 2858.831 (2496.632)	Loss 0.3662388027 (0.3801)	Prec@1 87.500 (87.012)	Prec@5 99.219 (99.023)
Epoch: [43][30/49]	Time 0.350 (0.390)	Speed 2922.691 (2624.145)	Loss 0.3564412594 (0.3722)	Prec@1 86.621 (86.882)	Prec@5 99.023 (99.023)
Epoch: [43][40/49]	Time 0.362 (0.383)	Speed 2831.257 (2673.029)	Loss 0.4093333483 (0.3815)	Prec@1 85.449 (86.523)	Prec@5 98.730 (98.950)
Test: [10/10]	Time 0.191 (0.243)	Speed 5349.718 (4215.387)	Loss 1.2199 (1.2465)	Prec@1 64.668 (63.350)	Prec@5 94.005 (93.550)
 * Prec@1 63.350 Prec@5 93.550
 * Prec@1 63.350 Prec@5 93.550
 * Prec@1 63.350 Prec@5 93.550
 * Prec@1 63.350 Prec@5 93.550
Epoch: [44][10/49]	Time 0.426 (0.426)	Speed 2403.216 (2403.216)	Loss 0.4351907969 (0.4352)	Prec@1 84.668 (84.668)	Prec@5 99.316 (99.316)
Epoch: [44][20/49]	Time 0.365 (0.395)	Speed 2808.966 (2590.298)	Loss 0.3835696876 (0.4094)	Prec@1 86.914 (85.791)	Prec@5 99.023 (99.170)
Epoch: [44][30/49]	Time 0.364 (0.385)	Speed 2811.948 (2660.194)	Loss 0.4261974394 (0.4150)	Prec@1 84.668 (85.417)	Prec@5 99.219 (99.186)
Epoch: [44][40/49]	Time 0.357 (0.378)	Speed 2871.860 (2710.130)	Loss 0.3693968952 (0.4036)	Prec@1 87.207 (85.864)	Prec@5 99.121 (99.170)
Test: [10/10]	Time 0.182 (0.241)	Speed 5636.810 (4243.734)	Loss 1.2384 (1.2839)	Prec@1 63.393 (61.990)	Prec@5 93.240 (93.320)
 * Prec@1 61.990 Prec@5 93.320
 * Prec@1 61.990 Prec@5 93.320
 * Prec@1 61.990 Prec@5 93.320
 * Prec@1 61.990 Prec@5 93.320
Epoch: [45][10/49]	Time 0.458 (0.458)	Speed 2235.767 (2235.767)	Loss 0.4336146116 (0.4336)	Prec@1 84.180 (84.180)	Prec@5 98.730 (98.730)
Epoch: [45][20/49]	Time 0.366 (0.412)	Speed 2801.308 (2486.789)	Loss 0.4283301234 (0.4310)	Prec@1 85.254 (84.717)	Prec@5 98.828 (98.779)
Epoch: [45][30/49]	Time 0.356 (0.393)	Speed 2873.076 (2603.468)	Loss 0.3863329887 (0.4161)	Prec@1 86.230 (85.221)	Prec@5 99.023 (98.861)
Epoch: [45][40/49]	Time 0.357 (0.384)	Speed 2872.136 (2665.810)	Loss 0.3924635053 (0.4102)	Prec@1 85.840 (85.376)	Prec@5 99.219 (98.950)
Test: [10/10]	Time 0.188 (0.239)	Speed 5454.107 (4282.638)	Loss 1.2440 (1.2757)	Prec@1 64.031 (62.700)	Prec@5 92.985 (93.180)
 * Prec@1 62.700 Prec@5 93.180
 * Prec@1 62.700 Prec@5 93.180
 * Prec@1 62.700 Prec@5 93.180
 * Prec@1 62.700 Prec@5 93.180
Epoch: [46][10/49]	Time 0.459 (0.459)	Speed 2229.546 (2229.546)	Loss 0.3577713370 (0.3578)	Prec@1 87.500 (87.500)	Prec@5 99.414 (99.414)
Epoch: [46][20/49]	Time 0.360 (0.410)	Speed 2844.201 (2499.643)	Loss 0.4544221759 (0.4061)	Prec@1 84.668 (86.084)	Prec@5 99.023 (99.219)
Epoch: [46][30/49]	Time 0.354 (0.391)	Speed 2892.222 (2618.100)	Loss 0.4148680866 (0.4090)	Prec@1 85.742 (85.970)	Prec@5 98.535 (98.991)
Epoch: [46][40/49]	Time 0.358 (0.383)	Speed 2861.347 (2674.950)	Loss 0.3765285611 (0.4009)	Prec@1 87.793 (86.426)	Prec@5 98.730 (98.926)
Test: [10/10]	Time 0.193 (0.247)	Speed 5313.633 (4145.389)	Loss 1.2819 (1.3165)	Prec@1 63.138 (62.150)	Prec@5 92.730 (92.790)
 * Prec@1 62.150 Prec@5 92.790
 * Prec@1 62.150 Prec@5 92.790
 * Prec@1 62.150 Prec@5 92.790
 * Prec@1 62.150 Prec@5 92.790
Epoch: [47][10/49]	Time 0.473 (0.473)	Speed 2166.715 (2166.715)	Loss 0.4007264078 (0.4007)	Prec@1 85.840 (85.840)	Prec@5 98.730 (98.730)
Epoch: [47][20/49]	Time 0.354 (0.413)	Speed 2892.586 (2477.579)	Loss 0.3910388947 (0.3959)	Prec@1 86.328 (86.084)	Prec@5 99.023 (98.877)
Epoch: [47][30/49]	Time 0.349 (0.392)	Speed 2935.201 (2613.396)	Loss 0.3549887538 (0.3823)	Prec@1 87.207 (86.458)	Prec@5 99.219 (98.991)
Epoch: [47][40/49]	Time 0.361 (0.384)	Speed 2840.158 (2666.623)	Loss 0.3561961353 (0.3757)	Prec@1 87.891 (86.816)	Prec@5 99.121 (99.023)
Test: [10/10]	Time 0.186 (0.236)	Speed 5508.833 (4336.980)	Loss 1.2811 (1.3260)	Prec@1 63.520 (61.880)	Prec@5 93.112 (92.710)
 * Prec@1 61.880 Prec@5 92.710
 * Prec@1 61.880 Prec@5 92.710
 * Prec@1 61.880 Prec@5 92.710
 * Prec@1 61.880 Prec@5 92.710
Epoch: [48][10/49]	Time 0.446 (0.446)	Speed 2297.780 (2297.780)	Loss 0.3793153167 (0.3793)	Prec@1 87.500 (87.500)	Prec@5 98.340 (98.340)
Epoch: [48][20/49]	Time 0.349 (0.397)	Speed 2935.382 (2577.739)	Loss 0.3897862136 (0.3846)	Prec@1 86.523 (87.012)	Prec@5 98.340 (98.340)
Epoch: [48][30/49]	Time 0.365 (0.387)	Speed 2803.190 (2648.749)	Loss 0.3464157581 (0.3718)	Prec@1 87.988 (87.337)	Prec@5 99.316 (98.665)
Epoch: [48][40/49]	Time 0.361 (0.380)	Speed 2832.875 (2692.499)	Loss 0.3841396570 (0.3749)	Prec@1 86.230 (87.061)	Prec@5 98.633 (98.657)
Test: [10/10]	Time 0.187 (0.241)	Speed 5472.697 (4247.870)	Loss 1.2827 (1.3434)	Prec@1 62.755 (61.130)	Prec@5 93.367 (92.610)
 * Prec@1 61.130 Prec@5 92.610
 * Prec@1 61.130 Prec@5 92.610
 * Prec@1 61.130 Prec@5 92.610
 * Prec@1 61.130 Prec@5 92.610
Epoch: [49][10/49]	Time 0.459 (0.459)	Speed 2231.270 (2231.270)	Loss 0.4102018178 (0.4102)	Prec@1 85.840 (85.840)	Prec@5 98.633 (98.633)
Epoch: [49][20/49]	Time 0.359 (0.409)	Speed 2855.813 (2505.203)	Loss 0.3552516401 (0.3827)	Prec@1 87.109 (86.475)	Prec@5 98.828 (98.730)
Epoch: [49][30/49]	Time 0.354 (0.391)	Speed 2890.526 (2621.699)	Loss 0.3915424347 (0.3857)	Prec@1 87.012 (86.654)	Prec@5 99.219 (98.893)
Epoch: [49][40/49]	Time 0.358 (0.382)	Speed 2864.137 (2678.377)	Loss 0.3519970775 (0.3772)	Prec@1 87.109 (86.768)	Prec@5 99.219 (98.975)
Test: [10/10]	Time 0.181 (0.233)	Speed 5647.728 (4401.381)	Loss 1.2712 (1.3194)	Prec@1 63.648 (62.520)	Prec@5 93.240 (93.030)
 * Prec@1 62.520 Prec@5 93.030
 * Prec@1 62.520 Prec@5 93.030
 * Prec@1 62.520 Prec@5 93.030
 * Prec@1 62.520 Prec@5 93.030