=> creating model 'resnet50'
=> creating model 'resnet50'
=> creating model 'resnet50'
=> creating model 'resnet50'
Selected optimization level O2:  FP16 training with FP32 batchnorm and FP32 master weights.

Defaults for this optimization level are:
enabled                : True
opt_level              : O2
cast_model_type        : torch.float16
patch_torch_functions  : False
keep_batchnorm_fp32    : True
master_weights         : True
loss_scale             : dynamic
Processing user overrides (additional kwargs that are not None)...
After processing overrides, optimization options are:
enabled                : True
opt_level              : O2
cast_model_type        : torch.float16
patch_torch_functions  : False
keep_batchnorm_fp32    : True
master_weights         : True
loss_scale             : dynamic
Files already downloaded and verified
Files already downloaded and verified
Files already downloaded and verified
Files already downloaded and verified
Files already downloaded and verified
Files already downloaded and verified
Files already downloaded and verified
Files already downloaded and verified
Gradient overflow.  Skipping step, loss scaler 0 reducing loss scale to 32768.0
Gradient overflow.  Skipping step, loss scaler 0 reducing loss scale to 32768.0
Gradient overflow.  Skipping step, loss scaler 0 reducing loss scale to 32768.0
Gradient overflow.  Skipping step, loss scaler 0 reducing loss scale to 32768.0
Gradient overflow.  Skipping step, loss scaler 0 reducing loss scale to 16384.0
Gradient overflow.  Skipping step, loss scaler 0 reducing loss scale to 16384.0
Gradient overflow.  Skipping step, loss scaler 0 reducing loss scale to 16384.0
Gradient overflow.  Skipping step, loss scaler 0 reducing loss scale to 16384.0
Gradient overflow.  Skipping step, loss scaler 0 reducing loss scale to 8192.0
Gradient overflow.  Skipping step, loss scaler 0 reducing loss scale to 8192.0
Gradient overflow.  Skipping step, loss scaler 0 reducing loss scale to 8192.0
Gradient overflow.  Skipping step, loss scaler 0 reducing loss scale to 8192.0
/opt/conda/lib/python3.6/site-packages/torch/distributed/distributed_c10d.py:100: UserWarning: torch.distributed.reduce_op is deprecated, please use torch.distributed.ReduceOp instead
  warnings.warn("torch.distributed.reduce_op is deprecated, please use "
/opt/conda/lib/python3.6/site-packages/torch/distributed/distributed_c10d.py:100: UserWarning: torch.distributed.reduce_op is deprecated, please use torch.distributed.ReduceOp instead
  warnings.warn("torch.distributed.reduce_op is deprecated, please use "
/opt/conda/lib/python3.6/site-packages/torch/distributed/distributed_c10d.py:100: UserWarning: torch.distributed.reduce_op is deprecated, please use torch.distributed.ReduceOp instead
  warnings.warn("torch.distributed.reduce_op is deprecated, please use "
/opt/conda/lib/python3.6/site-packages/torch/distributed/distributed_c10d.py:100: UserWarning: torch.distributed.reduce_op is deprecated, please use torch.distributed.ReduceOp instead
  warnings.warn("torch.distributed.reduce_op is deprecated, please use "
Epoch: [0][10/49]	Time 1.602 (1.602)	Speed 639.387 (639.387)	Loss 2.6341729164 (2.6342)	Prec@1 11.133 (11.133)	Prec@5 51.465 (51.465)
Epoch: [0][20/49]	Time 0.357 (0.979)	Speed 2872.255 (1045.940)	Loss 4.9159851074 (3.7751)	Prec@1 9.473 (10.303)	Prec@5 49.316 (50.391)
Epoch: [0][30/49]	Time 0.349 (0.769)	Speed 2935.134 (1331.643)	Loss 4.6031246185 (4.0511)	Prec@1 9.766 (10.124)	Prec@5 49.609 (50.130)
Epoch: [0][40/49]	Time 0.350 (0.664)	Speed 2924.104 (1541.520)	Loss 5.0901637077 (4.3109)	Prec@1 11.230 (10.400)	Prec@5 49.121 (49.878)
 * Prec@1 11.770 Prec@5 53.470
Test: [10/10]	Time 2.150 (0.436)	Speed 476.245 (2347.763)	Loss 2.7632 (2.7228)	Prec@1 12.245 (11.770)	Prec@5 51.658 (53.470)
 * Prec@1 11.770 Prec@5 53.470
 * Prec@1 11.770 Prec@5 53.470
 * Prec@1 11.770 Prec@5 53.470
Epoch: [1][10/49]	Time 0.430 (0.430)	Speed 2381.897 (2381.897)	Loss 2.3373241425 (2.3373)	Prec@1 10.547 (10.547)	Prec@5 59.375 (59.375)
Epoch: [1][20/49]	Time 0.350 (0.390)	Speed 2925.069 (2625.686)	Loss 2.1648321152 (2.2511)	Prec@1 20.020 (15.283)	Prec@5 70.703 (65.039)
Epoch: [1][30/49]	Time 0.365 (0.382)	Speed 2804.150 (2682.596)	Loss 2.0889170170 (2.1970)	Prec@1 19.531 (16.699)	Prec@5 73.828 (67.969)
Epoch: [1][40/49]	Time 0.367 (0.378)	Speed 2793.932 (2709.589)	Loss 2.0525145531 (2.1609)	Prec@1 21.289 (17.847)	Prec@5 77.246 (70.288)
Test: [10/10]	Time 0.181 (0.248)	Speed 5651.146 (4133.027)	Loss 1.9803 (2.0115)	Prec@1 23.597 (24.260)	Prec@5 79.082 (78.630)
 * Prec@1 24.260 Prec@5 78.630
 * Prec@1 24.260 Prec@5 78.630
 * Prec@1 24.260 Prec@5 78.630
 * Prec@1 24.260 Prec@5 78.630
Epoch: [2][10/49]	Time 0.425 (0.425)	Speed 2406.907 (2406.907)	Loss 1.9920866489 (1.9921)	Prec@1 23.438 (23.438)	Prec@5 79.492 (79.492)
Epoch: [2][20/49]	Time 0.353 (0.389)	Speed 2897.594 (2629.555)	Loss 1.9563642740 (1.9742)	Prec@1 24.609 (24.023)	Prec@5 80.957 (80.225)
Epoch: [2][30/49]	Time 0.355 (0.378)	Speed 2886.319 (2709.912)	Loss 1.9229577780 (1.9571)	Prec@1 27.051 (25.033)	Prec@5 83.301 (81.250)
Epoch: [2][40/49]	Time 0.355 (0.372)	Speed 2886.995 (2752.114)	Loss 1.9026162624 (1.9435)	Prec@1 26.660 (25.439)	Prec@5 82.520 (81.567)
Test: [10/10]	Time 0.198 (0.246)	Speed 5181.514 (4161.667)	Loss 1.8682 (1.8991)	Prec@1 30.612 (29.780)	Prec@5 84.439 (82.760)
 * Prec@1 29.780 Prec@5 82.760
 * Prec@1 29.780 Prec@5 82.760
 * Prec@1 29.780 Prec@5 82.760
 * Prec@1 29.780 Prec@5 82.760
Epoch: [3][10/49]	Time 0.419 (0.419)	Speed 2444.610 (2444.610)	Loss 1.9141035080 (1.9141)	Prec@1 29.785 (29.785)	Prec@5 82.031 (82.031)
Epoch: [3][20/49]	Time 0.349 (0.384)	Speed 2931.485 (2666.001)	Loss 1.8217086792 (1.8679)	Prec@1 32.715 (31.250)	Prec@5 84.570 (83.301)
Epoch: [3][30/49]	Time 0.366 (0.378)	Speed 2799.226 (2708.978)	Loss 1.8530517817 (1.8630)	Prec@1 29.590 (30.697)	Prec@5 83.691 (83.431)
Epoch: [3][40/49]	Time 0.357 (0.373)	Speed 2865.824 (2746.557)	Loss 1.7992688417 (1.8470)	Prec@1 31.738 (30.957)	Prec@5 86.523 (84.204)
Test: [10/10]	Time 0.186 (0.248)	Speed 5517.814 (4134.821)	Loss 1.7273 (1.7484)	Prec@1 34.821 (35.620)	Prec@5 87.628 (86.970)
 * Prec@1 35.620 Prec@5 86.970
 * Prec@1 35.620 Prec@5 86.970
 * Prec@1 35.620 Prec@5 86.970
 * Prec@1 35.620 Prec@5 86.970
Epoch: [4][10/49]	Time 0.437 (0.437)	Speed 2341.761 (2341.761)	Loss 1.8121261597 (1.8121)	Prec@1 33.301 (33.301)	Prec@5 84.473 (84.473)
Epoch: [4][20/49]	Time 0.351 (0.394)	Speed 2913.327 (2596.461)	Loss 1.7763869762 (1.7943)	Prec@1 33.887 (33.594)	Prec@5 85.645 (85.059)
Epoch: [4][30/49]	Time 0.350 (0.379)	Speed 2928.674 (2698.495)	Loss 1.7973370552 (1.7953)	Prec@1 34.766 (33.984)	Prec@5 85.156 (85.091)
Epoch: [4][40/49]	Time 0.357 (0.374)	Speed 2864.634 (2738.197)	Loss 1.7259218693 (1.7779)	Prec@1 36.816 (34.692)	Prec@5 87.109 (85.596)
Test: [10/10]	Time 0.179 (0.241)	Speed 5719.683 (4256.487)	Loss 1.6933 (1.7156)	Prec@1 37.883 (36.180)	Prec@5 88.010 (88.300)
 * Prec@1 36.180 Prec@5 88.300
 * Prec@1 36.180 Prec@5 88.300
 * Prec@1 36.180 Prec@5 88.300
 * Prec@1 36.180 Prec@5 88.300
Epoch: [5][10/49]	Time 0.415 (0.415)	Speed 2468.670 (2468.670)	Loss 1.7088847160 (1.7089)	Prec@1 35.645 (35.645)	Prec@5 88.770 (88.770)
Epoch: [5][20/49]	Time 0.354 (0.384)	Speed 2895.714 (2665.194)	Loss 1.7541075945 (1.7315)	Prec@1 37.500 (36.572)	Prec@5 87.305 (88.037)
Epoch: [5][30/49]	Time 0.362 (0.377)	Speed 2827.113 (2717.066)	Loss 1.6510821581 (1.7047)	Prec@1 40.039 (37.728)	Prec@5 88.379 (88.151)
Epoch: [5][40/49]	Time 0.357 (0.372)	Speed 2867.080 (2753.078)	Loss 1.5753000975 (1.6723)	Prec@1 42.188 (38.843)	Prec@5 89.844 (88.574)
Test: [10/10]	Time 0.200 (0.236)	Speed 5123.871 (4344.397)	Loss 1.6043 (1.6115)	Prec@1 41.709 (41.310)	Prec@5 89.413 (89.430)
 * Prec@1 41.310 Prec@5 89.430
 * Prec@1 41.310 Prec@5 89.430
 * Prec@1 41.310 Prec@5 89.430
 * Prec@1 41.310 Prec@5 89.430
Epoch: [6][10/49]	Time 0.424 (0.424)	Speed 2417.744 (2417.744)	Loss 1.5177432299 (1.5177)	Prec@1 43.164 (43.164)	Prec@5 91.113 (91.113)
Epoch: [6][20/49]	Time 0.359 (0.391)	Speed 2850.252 (2616.244)	Loss 1.5876280069 (1.5527)	Prec@1 40.234 (41.699)	Prec@5 91.309 (91.211)
Epoch: [6][30/49]	Time 0.359 (0.381)	Speed 2849.017 (2689.490)	Loss 1.5317299366 (1.5457)	Prec@1 44.629 (42.676)	Prec@5 91.016 (91.146)
Epoch: [6][40/49]	Time 0.359 (0.375)	Speed 2854.078 (2728.831)	Loss 1.4502824545 (1.5218)	Prec@1 45.898 (43.481)	Prec@5 91.992 (91.357)
Test: [10/10]	Time 0.198 (0.246)	Speed 5182.039 (4156.429)	Loss 1.4787 (1.4994)	Prec@1 46.811 (44.290)	Prec@5 91.199 (91.820)
 * Prec@1 44.290 Prec@5 91.820
 * Prec@1 44.290 Prec@5 91.820
 * Prec@1 44.290 Prec@5 91.820
 * Prec@1 44.290 Prec@5 91.820
Epoch: [7][10/49]	Time 0.429 (0.429)	Speed 2385.615 (2385.615)	Loss 1.4492961168 (1.4493)	Prec@1 48.438 (48.438)	Prec@5 91.309 (91.309)
Epoch: [7][20/49]	Time 0.355 (0.392)	Speed 2887.071 (2612.498)	Loss 1.4308464527 (1.4401)	Prec@1 49.707 (49.072)	Prec@5 91.113 (91.211)
Epoch: [7][30/49]	Time 0.353 (0.379)	Speed 2901.235 (2702.139)	Loss 1.4477052689 (1.4426)	Prec@1 48.633 (48.926)	Prec@5 90.723 (91.048)
Epoch: [7][40/49]	Time 0.361 (0.374)	Speed 2837.769 (2734.816)	Loss 1.4673240185 (1.4488)	Prec@1 46.973 (48.438)	Prec@5 92.676 (91.455)
 * Prec@1 46.010 Prec@5 90.840
 * Prec@1 46.010 Prec@5 90.840
Test: [10/10]	Time 0.188 (0.247)	Speed 5460.660 (4152.034)	Loss 1.4173 (1.4713)	Prec@1 47.321 (46.010)	Prec@5 92.474 (90.840)
 * Prec@1 46.010 Prec@5 90.840
 * Prec@1 46.010 Prec@5 90.840
Epoch: [8][10/49]	Time 0.425 (0.425)	Speed 2407.595 (2407.595)	Loss 1.3549011946 (1.3549)	Prec@1 52.051 (52.051)	Prec@5 93.164 (93.164)
Epoch: [8][20/49]	Time 0.358 (0.391)	Speed 2863.396 (2615.788)	Loss 1.3617714643 (1.3583)	Prec@1 51.270 (51.660)	Prec@5 93.652 (93.408)
Epoch: [8][30/49]	Time 0.358 (0.380)	Speed 2861.991 (2693.010)	Loss 1.3119100332 (1.3429)	Prec@1 53.711 (52.344)	Prec@5 94.336 (93.717)
Epoch: [8][40/49]	Time 0.362 (0.376)	Speed 2826.709 (2725.235)	Loss 1.2879951000 (1.3291)	Prec@1 53.516 (52.637)	Prec@5 94.434 (93.896)
Test: [10/10]	Time 0.196 (0.243)	Speed 5213.484 (4209.876)	Loss 1.4325 (1.5019)	Prec@1 47.194 (45.750)	Prec@5 92.219 (90.870)
 * Prec@1 45.750 Prec@5 90.870
 * Prec@1 45.750 Prec@5 90.870
 * Prec@1 45.750 Prec@5 90.870
 * Prec@1 45.750 Prec@5 90.870
Epoch: [9][10/49]	Time 0.453 (0.453)	Speed 2260.662 (2260.662)	Loss 1.2587158680 (1.2587)	Prec@1 54.785 (54.785)	Prec@5 94.141 (94.141)
Epoch: [9][20/49]	Time 0.359 (0.406)	Speed 2851.798 (2522.054)	Loss 1.2901130915 (1.2744)	Prec@1 54.590 (54.688)	Prec@5 93.359 (93.750)
Epoch: [9][30/49]	Time 0.354 (0.389)	Speed 2890.589 (2633.994)	Loss 1.2747880220 (1.2745)	Prec@1 55.371 (54.915)	Prec@5 92.969 (93.490)
Epoch: [9][40/49]	Time 0.355 (0.380)	Speed 2880.850 (2691.655)	Loss 1.2600603104 (1.2709)	Prec@1 56.836 (55.396)	Prec@5 93.262 (93.433)
 * Prec@1 49.220 Prec@5 91.930
 * Prec@1 49.220 Prec@5 91.930
Test: [10/10]	Time 0.200 (0.247)	Speed 5124.691 (4148.790)	Loss 1.4023 (1.4304)	Prec@1 50.765 (49.220)	Prec@5 92.219 (91.930)
 * Prec@1 49.220 Prec@5 91.930
 * Prec@1 49.220 Prec@5 91.930
Epoch: [10][10/49]	Time 0.420 (0.420)	Speed 2436.913 (2436.913)	Loss 1.2447633743 (1.2448)	Prec@1 57.324 (57.324)	Prec@5 94.727 (94.727)
Epoch: [10][20/49]	Time 0.363 (0.392)	Speed 2818.833 (2613.997)	Loss 1.2422403097 (1.2435)	Prec@1 56.738 (57.031)	Prec@5 93.848 (94.287)
Epoch: [10][30/49]	Time 0.356 (0.380)	Speed 2873.625 (2695.165)	Loss 1.1561673880 (1.2144)	Prec@1 59.277 (57.780)	Prec@5 94.824 (94.466)
Epoch: [10][40/49]	Time 0.362 (0.375)	Speed 2831.778 (2728.067)	Loss 1.1381298304 (1.1953)	Prec@1 60.449 (58.447)	Prec@5 93.164 (94.141)
 * Prec@1 51.630 Prec@5 92.670
 * Prec@1 51.630 Prec@5 92.670
 * Prec@1 51.630 Prec@5 92.670
Test: [10/10]	Time 0.185 (0.246)	Speed 5523.420 (4157.406)	Loss 1.3207 (1.3514)	Prec@1 53.316 (51.630)	Prec@5 93.240 (92.670)
 * Prec@1 51.630 Prec@5 92.670
Epoch: [11][10/49]	Time 0.433 (0.433)	Speed 2366.214 (2366.214)	Loss 1.2152448893 (1.2152)	Prec@1 57.031 (57.031)	Prec@5 95.117 (95.117)
Epoch: [11][20/49]	Time 0.353 (0.393)	Speed 2897.694 (2605.123)	Loss 1.1144988537 (1.1649)	Prec@1 62.305 (59.668)	Prec@5 95.312 (95.215)
Epoch: [11][30/49]	Time 0.360 (0.382)	Speed 2847.019 (2681.054)	Loss 1.1605253220 (1.1634)	Prec@1 57.617 (58.984)	Prec@5 94.629 (95.020)
Epoch: [11][40/49]	Time 0.361 (0.377)	Speed 2837.791 (2718.593)	Loss 1.1341793537 (1.1561)	Prec@1 59.082 (59.009)	Prec@5 95.410 (95.117)
 * Prec@1 52.960 Prec@5 93.230
 * Prec@1 52.960 Prec@5 93.230
Test: [10/10]	Time 0.200 (0.244)	Speed 5113.342 (4203.398)	Loss 1.2888 (1.3211)	Prec@1 53.699 (52.960)	Prec@5 93.367 (93.230)
 * Prec@1 52.960 Prec@5 93.230
 * Prec@1 52.960 Prec@5 93.230
Epoch: [12][10/49]	Time 0.424 (0.424)	Speed 2412.711 (2412.711)	Loss 1.0750050545 (1.0750)	Prec@1 62.012 (62.012)	Prec@5 95.117 (95.117)
Epoch: [12][20/49]	Time 0.354 (0.389)	Speed 2894.815 (2631.868)	Loss 1.1328531504 (1.1039)	Prec@1 61.230 (61.621)	Prec@5 94.824 (94.971)
Epoch: [12][30/49]	Time 0.353 (0.377)	Speed 2904.781 (2716.956)	Loss 1.0987612009 (1.1022)	Prec@1 59.863 (61.035)	Prec@5 96.484 (95.475)
Epoch: [12][40/49]	Time 0.356 (0.372)	Speed 2879.105 (2755.757)	Loss 1.0630223751 (1.0924)	Prec@1 62.988 (61.523)	Prec@5 95.996 (95.605)
 * Prec@1 53.790 Prec@5 92.770
 * Prec@1 53.790 Prec@5 92.770
Test: [10/10]	Time 0.192 (0.244)	Speed 5339.854 (4195.682)	Loss 1.3020 (1.3352)	Prec@1 54.464 (53.790)	Prec@5 93.622 (92.770)
 * Prec@1 53.790 Prec@5 92.770
 * Prec@1 53.790 Prec@5 92.770
Epoch: [13][10/49]	Time 0.423 (0.423)	Speed 2420.748 (2420.748)	Loss 1.0650324821 (1.0650)	Prec@1 63.965 (63.965)	Prec@5 95.117 (95.117)
Epoch: [13][20/49]	Time 0.352 (0.387)	Speed 2910.373 (2643.076)	Loss 1.0775122643 (1.0713)	Prec@1 62.695 (63.330)	Prec@5 95.801 (95.459)
Epoch: [13][30/49]	Time 0.357 (0.377)	Speed 2865.961 (2713.417)	Loss 1.0347144604 (1.0591)	Prec@1 64.355 (63.672)	Prec@5 95.020 (95.312)
Epoch: [13][40/49]	Time 0.353 (0.371)	Speed 2904.052 (2758.690)	Loss 1.0026974678 (1.0450)	Prec@1 65.723 (64.185)	Prec@5 95.312 (95.312)
 * Prec@1 56.560 Prec@5 93.910
Test: [10/10]	Time 0.188 (0.245)	Speed 5438.409 (4186.094)	Loss 1.1849 (1.2316)	Prec@1 57.781 (56.560)	Prec@5 94.260 (93.910)
 * Prec@1 56.560 Prec@5 93.910
 * Prec@1 56.560 Prec@5 93.910
 * Prec@1 56.560 Prec@5 93.910
Epoch: [14][10/49]	Time 0.416 (0.416)	Speed 2463.629 (2463.629)	Loss 1.0068397522 (1.0068)	Prec@1 63.965 (63.965)	Prec@5 96.582 (96.582)
Epoch: [14][20/49]	Time 0.352 (0.384)	Speed 2908.999 (2667.854)	Loss 0.9669116139 (0.9869)	Prec@1 64.844 (64.404)	Prec@5 95.605 (96.094)
Epoch: [14][30/49]	Time 0.362 (0.377)	Speed 2825.138 (2718.299)	Loss 0.9754020572 (0.9831)	Prec@1 65.527 (64.779)	Prec@5 96.289 (96.159)
Epoch: [14][40/49]	Time 0.359 (0.372)	Speed 2849.615 (2749.981)	Loss 1.0015965700 (0.9877)	Prec@1 64.258 (64.648)	Prec@5 96.191 (96.167)
Test: [10/10]	Time 0.198 (0.248)	Speed 5168.476 (4133.087)	Loss 1.2076 (1.2597)	Prec@1 56.378 (56.660)	Prec@5 93.750 (92.490)
 * Prec@1 56.660 Prec@5 92.490
 * Prec@1 56.660 Prec@5 92.490
 * Prec@1 56.660 Prec@5 92.490
 * Prec@1 56.660 Prec@5 92.490
Epoch: [15][10/49]	Time 0.414 (0.414)	Speed 2471.085 (2471.085)	Loss 0.9273567200 (0.9274)	Prec@1 68.262 (68.262)	Prec@5 96.484 (96.484)
Epoch: [15][20/49]	Time 0.356 (0.385)	Speed 2876.911 (2658.600)	Loss 0.9161741734 (0.9218)	Prec@1 67.285 (67.773)	Prec@5 96.191 (96.338)
Epoch: [15][30/49]	Time 0.353 (0.375)	Speed 2899.237 (2734.248)	Loss 1.0165523291 (0.9534)	Prec@1 65.430 (66.992)	Prec@5 96.191 (96.289)
Epoch: [15][40/49]	Time 0.357 (0.370)	Speed 2867.659 (2766.423)	Loss 0.9782041311 (0.9596)	Prec@1 64.844 (66.455)	Prec@5 96.387 (96.313)
 * Prec@1 57.370 Prec@5 92.320
 * Prec@1 57.370 Prec@5 92.320
Test: [10/10]	Time 0.194 (0.239)	Speed 5274.526 (4277.866)	Loss 1.2396 (1.2497)	Prec@1 57.526 (57.370)	Prec@5 92.730 (92.320)
 * Prec@1 57.370 Prec@5 92.320
 * Prec@1 57.370 Prec@5 92.320
Epoch: [16][10/49]	Time 0.425 (0.425)	Speed 2411.905 (2411.905)	Loss 0.9329540730 (0.9330)	Prec@1 66.406 (66.406)	Prec@5 96.875 (96.875)
Epoch: [16][20/49]	Time 0.351 (0.388)	Speed 2920.222 (2641.834)	Loss 0.8959078193 (0.9144)	Prec@1 68.066 (67.236)	Prec@5 97.266 (97.070)
Epoch: [16][30/49]	Time 0.356 (0.377)	Speed 2876.541 (2715.695)	Loss 0.9807568789 (0.9365)	Prec@1 64.844 (66.439)	Prec@5 97.070 (97.070)
Epoch: [16][40/49]	Time 0.364 (0.374)	Speed 2815.173 (2739.900)	Loss 0.9150760770 (0.9312)	Prec@1 68.652 (66.992)	Prec@5 96.484 (96.924)
 * Prec@1 57.640 Prec@5 93.340
 * Prec@1 57.640 Prec@5 93.340
 * Prec@1 57.640 Prec@5 93.340
Test: [10/10]	Time 0.200 (0.264)	Speed 5123.113 (3873.904)	Loss 1.1879 (1.2237)	Prec@1 59.566 (57.640)	Prec@5 94.005 (93.340)
 * Prec@1 57.640 Prec@5 93.340
Epoch: [17][10/49]	Time 0.434 (0.434)	Speed 2357.944 (2357.944)	Loss 0.9003393054 (0.9003)	Prec@1 69.434 (69.434)	Prec@5 96.680 (96.680)
Epoch: [17][20/49]	Time 0.363 (0.399)	Speed 2821.607 (2569.023)	Loss 0.9407246113 (0.9205)	Prec@1 68.262 (68.848)	Prec@5 97.363 (97.021)
Epoch: [17][30/49]	Time 0.365 (0.387)	Speed 2805.396 (2643.260)	Loss 0.8967694044 (0.9126)	Prec@1 69.043 (68.913)	Prec@5 96.973 (97.005)
Epoch: [17][40/49]	Time 0.351 (0.378)	Speed 2920.455 (2707.506)	Loss 0.9297776818 (0.9169)	Prec@1 65.820 (68.140)	Prec@5 96.875 (96.973)
 * Prec@1 58.320 Prec@5 92.860
 * Prec@1 58.320 Prec@5 92.860
Test: [10/10]	Time 0.196 (0.260)	Speed 5213.301 (3931.518)	Loss 1.1960 (1.2321)	Prec@1 58.673 (58.320)	Prec@5 94.133 (92.860)
 * Prec@1 58.320 Prec@5 92.860
 * Prec@1 58.320 Prec@5 92.860
Epoch: [18][10/49]	Time 0.427 (0.427)	Speed 2398.856 (2398.856)	Loss 0.8904731870 (0.8905)	Prec@1 68.750 (68.750)	Prec@5 96.191 (96.191)
Epoch: [18][20/49]	Time 0.364 (0.395)	Speed 2813.365 (2589.628)	Loss 0.8669571877 (0.8787)	Prec@1 69.922 (69.336)	Prec@5 96.484 (96.338)
Epoch: [18][30/49]	Time 0.357 (0.383)	Speed 2867.420 (2676.045)	Loss 0.8276678324 (0.8617)	Prec@1 70.117 (69.596)	Prec@5 97.461 (96.712)
Epoch: [18][40/49]	Time 0.358 (0.376)	Speed 2862.874 (2720.428)	Loss 0.9254692793 (0.8776)	Prec@1 68.066 (69.214)	Prec@5 96.582 (96.680)
Test: [10/10]	Time 0.181 (0.232)	Speed 5668.584 (4415.557)	Loss 1.1685 (1.2258)	Prec@1 59.694 (58.010)	Prec@5 95.153 (93.550)
 * Prec@1 58.010 Prec@5 93.550
 * Prec@1 58.010 Prec@5 93.550
 * Prec@1 58.010 Prec@5 93.550
 * Prec@1 58.010 Prec@5 93.550
Epoch: [19][10/49]	Time 0.454 (0.454)	Speed 2257.147 (2257.147)	Loss 0.8405278921 (0.8405)	Prec@1 70.117 (70.117)	Prec@5 96.875 (96.875)
Epoch: [19][20/49]	Time 0.365 (0.409)	Speed 2806.546 (2502.043)	Loss 0.8346199393 (0.8376)	Prec@1 70.605 (70.361)	Prec@5 97.461 (97.168)
Epoch: [19][30/49]	Time 0.356 (0.392)	Speed 2872.813 (2614.521)	Loss 0.8608161211 (0.8453)	Prec@1 69.922 (70.215)	Prec@5 96.875 (97.070)
Epoch: [19][40/49]	Time 0.355 (0.382)	Speed 2884.896 (2677.249)	Loss 0.8573185205 (0.8483)	Prec@1 69.824 (70.117)	Prec@5 96.777 (96.997)
Test: [10/10]	Time 0.199 (0.241)	Speed 5132.891 (4242.436)	Loss 1.1883 (1.2351)	Prec@1 58.546 (58.090)	Prec@5 94.133 (93.400)
 * Prec@1 58.090 Prec@5 93.400
 * Prec@1 58.090 Prec@5 93.400
 * Prec@1 58.090 Prec@5 93.400
 * Prec@1 58.090 Prec@5 93.400
Epoch: [20][10/49]	Time 0.437 (0.437)	Speed 2342.742 (2342.742)	Loss 0.8167316318 (0.8167)	Prec@1 70.996 (70.996)	Prec@5 97.461 (97.461)
Epoch: [20][20/49]	Time 0.358 (0.397)	Speed 2861.891 (2576.425)	Loss 0.7973334789 (0.8070)	Prec@1 72.656 (71.826)	Prec@5 97.363 (97.412)
Epoch: [20][30/49]	Time 0.363 (0.386)	Speed 2819.685 (2652.710)	Loss 0.9107121229 (0.8416)	Prec@1 68.750 (70.801)	Prec@5 96.875 (97.233)
Epoch: [20][40/49]	Time 0.353 (0.378)	Speed 2898.902 (2710.252)	Loss 0.7724572420 (0.8243)	Prec@1 71.680 (71.021)	Prec@5 98.242 (97.485)
 * Prec@1 59.070 Prec@5 93.920
Test: [10/10]	Time 0.183 (0.255)	Speed 5590.680 (4020.384)	Loss 1.1350 (1.2086)	Prec@1 59.821 (59.070)	Prec@5 95.281 (93.920)
 * Prec@1 59.070 Prec@5 93.920
 * Prec@1 59.070 Prec@5 93.920
 * Prec@1 59.070 Prec@5 93.920
Epoch: [21][10/49]	Time 0.421 (0.421)	Speed 2434.576 (2434.576)	Loss 0.8073748946 (0.8074)	Prec@1 71.094 (71.094)	Prec@5 97.070 (97.070)
Epoch: [21][20/49]	Time 0.352 (0.387)	Speed 2905.028 (2649.077)	Loss 0.8626057506 (0.8350)	Prec@1 70.020 (70.557)	Prec@5 97.559 (97.314)
Epoch: [21][30/49]	Time 0.362 (0.378)	Speed 2829.072 (2706.475)	Loss 0.8055247068 (0.8252)	Prec@1 72.266 (71.126)	Prec@5 96.387 (97.005)
Epoch: [21][40/49]	Time 0.356 (0.373)	Speed 2879.696 (2747.797)	Loss 0.7920976281 (0.8169)	Prec@1 72.461 (71.460)	Prec@5 97.168 (97.046)
 * Prec@1 59.890 Prec@5 92.770
Test: [10/10]	Time 0.199 (0.237)	Speed 5136.083 (4312.004)	Loss 1.1651 (1.2278)	Prec@1 62.117 (59.890)	Prec@5 92.985 (92.770)
 * Prec@1 59.890 Prec@5 92.770
 * Prec@1 59.890 Prec@5 92.770
 * Prec@1 59.890 Prec@5 92.770
Epoch: [22][10/49]	Time 0.433 (0.433)	Speed 2365.031 (2365.031)	Loss 0.7875840664 (0.7876)	Prec@1 71.680 (71.680)	Prec@5 97.754 (97.754)
Epoch: [22][20/49]	Time 0.365 (0.399)	Speed 2808.385 (2567.711)	Loss 0.7414592505 (0.7645)	Prec@1 75.684 (73.682)	Prec@5 97.461 (97.607)
Epoch: [22][30/49]	Time 0.358 (0.385)	Speed 2861.478 (2658.694)	Loss 0.7359424233 (0.7550)	Prec@1 74.609 (73.991)	Prec@5 97.559 (97.591)
Epoch: [22][40/49]	Time 0.350 (0.376)	Speed 2922.532 (2720.084)	Loss 0.8207139969 (0.7714)	Prec@1 72.852 (73.706)	Prec@5 97.656 (97.607)
 * Prec@1 60.620 Prec@5 93.250
 * Prec@1 60.620 Prec@5 93.250
Test: [10/10]	Time 0.200 (0.250)	Speed 5123.761 (4102.314)	Loss 1.1393 (1.1985)	Prec@1 60.587 (60.620)	Prec@5 93.622 (93.250)
 * Prec@1 60.620 Prec@5 93.250
 * Prec@1 60.620 Prec@5 93.250
Epoch: [23][10/49]	Time 0.427 (0.427)	Speed 2400.716 (2400.716)	Loss 0.7322463989 (0.7322)	Prec@1 75.293 (75.293)	Prec@5 97.461 (97.461)
Epoch: [23][20/49]	Time 0.353 (0.390)	Speed 2900.535 (2627.063)	Loss 0.7655130625 (0.7489)	Prec@1 73.438 (74.365)	Prec@5 97.852 (97.656)
Epoch: [23][30/49]	Time 0.361 (0.380)	Speed 2834.811 (2692.845)	Loss 0.7480191588 (0.7486)	Prec@1 74.707 (74.479)	Prec@5 97.949 (97.754)
Epoch: [23][40/49]	Time 0.351 (0.373)	Speed 2917.048 (2745.601)	Loss 0.7238101959 (0.7424)	Prec@1 74.023 (74.365)	Prec@5 97.363 (97.656)
Test: [10/10]	Time 0.187 (0.250)	Speed 5467.423 (4095.044)	Loss 1.1761 (1.2588)	Prec@1 58.546 (57.760)	Prec@5 94.643 (92.820)
 * Prec@1 57.760 Prec@5 92.820
 * Prec@1 57.760 Prec@5 92.820
 * Prec@1 57.760 Prec@5 92.820
 * Prec@1 57.760 Prec@5 92.820
Epoch: [24][10/49]	Time 0.457 (0.457)	Speed 2239.327 (2239.327)	Loss 0.7530843019 (0.7531)	Prec@1 72.754 (72.754)	Prec@5 97.363 (97.363)
Epoch: [24][20/49]	Time 0.356 (0.407)	Speed 2874.615 (2517.511)	Loss 0.7655774355 (0.7593)	Prec@1 74.902 (73.828)	Prec@5 98.047 (97.705)
Epoch: [24][30/49]	Time 0.360 (0.391)	Speed 2842.037 (2617.126)	Loss 0.7252339125 (0.7480)	Prec@1 75.391 (74.349)	Prec@5 97.168 (97.526)
Epoch: [24][40/49]	Time 0.357 (0.383)	Speed 2868.181 (2675.677)	Loss 0.6716500521 (0.7289)	Prec@1 76.270 (74.829)	Prec@5 97.949 (97.632)
Test: [10/10]	Time 0.174 (0.233)	Speed 5875.774 (4403.558)	Loss 1.1091 (1.1801)	Prec@1 60.969 (60.490)	Prec@5 94.643 (93.570)
 * Prec@1 60.490 Prec@5 93.570
 * Prec@1 60.490 Prec@5 93.570
 * Prec@1 60.490 Prec@5 93.570
 * Prec@1 60.490 Prec@5 93.570
Epoch: [25][10/49]	Time 0.443 (0.443)	Speed 2312.137 (2312.137)	Loss 0.6935029030 (0.6935)	Prec@1 74.219 (74.219)	Prec@5 98.047 (98.047)
Epoch: [25][20/49]	Time 0.359 (0.401)	Speed 2850.751 (2553.348)	Loss 0.6673148274 (0.6804)	Prec@1 77.832 (76.025)	Prec@5 98.242 (98.145)
Epoch: [25][30/49]	Time 0.356 (0.386)	Speed 2880.128 (2653.712)	Loss 0.6314648986 (0.6641)	Prec@1 78.125 (76.725)	Prec@5 98.145 (98.145)
Epoch: [25][40/49]	Time 0.362 (0.380)	Speed 2828.328 (2695.313)	Loss 0.7218331695 (0.6785)	Prec@1 75.684 (76.465)	Prec@5 97.461 (97.974)
Test: [10/10]	Time 0.182 (0.222)	Speed 5627.917 (4612.573)	Loss 1.1546 (1.2377)	Prec@1 61.480 (59.580)	Prec@5 93.750 (93.440)
 * Prec@1 59.580 Prec@5 93.440
 * Prec@1 59.580 Prec@5 93.440
 * Prec@1 59.580 Prec@5 93.440
 * Prec@1 59.580 Prec@5 93.440
Epoch: [26][10/49]	Time 0.452 (0.452)	Speed 2267.317 (2267.317)	Loss 0.7351151705 (0.7351)	Prec@1 75.391 (75.391)	Prec@5 98.242 (98.242)
Epoch: [26][20/49]	Time 0.359 (0.405)	Speed 2853.879 (2527.007)	Loss 0.7437364459 (0.7394)	Prec@1 74.414 (74.902)	Prec@5 97.754 (97.998)
Epoch: [26][30/49]	Time 0.359 (0.390)	Speed 2848.402 (2625.765)	Loss 0.6917566657 (0.7235)	Prec@1 75.586 (75.130)	Prec@5 98.047 (98.014)
Epoch: [26][40/49]	Time 0.361 (0.383)	Speed 2835.008 (2675.126)	Loss 0.6670023203 (0.7094)	Prec@1 76.074 (75.366)	Prec@5 98.535 (98.145)
 * Prec@1 60.720 Prec@5 94.320
 * Prec@1 60.720 Prec@5 94.320
Test: [10/10]	Time 0.183 (0.253)	Speed 5609.951 (4052.866)	Loss 1.0874 (1.1578)	Prec@1 62.755 (60.720)	Prec@5 94.898 (94.320)
 * Prec@1 60.720 Prec@5 94.320
 * Prec@1 60.720 Prec@5 94.320
Epoch: [27][10/49]	Time 0.418 (0.418)	Speed 2450.495 (2450.495)	Loss 0.6597288251 (0.6597)	Prec@1 78.906 (78.906)	Prec@5 97.852 (97.852)
Epoch: [27][20/49]	Time 0.357 (0.388)	Speed 2866.262 (2642.122)	Loss 0.7031888962 (0.6815)	Prec@1 75.000 (76.953)	Prec@5 98.340 (98.096)
Epoch: [27][30/49]	Time 0.363 (0.379)	Speed 2824.457 (2700.227)	Loss 0.7219206095 (0.6949)	Prec@1 74.023 (75.977)	Prec@5 97.559 (97.917)
Epoch: [27][40/49]	Time 0.360 (0.374)	Speed 2847.783 (2735.664)	Loss 0.6725668907 (0.6894)	Prec@1 75.977 (75.977)	Prec@5 98.047 (97.949)
Test: [10/10]	Time 0.192 (0.253)	Speed 5336.404 (4044.939)	Loss 1.1029 (1.1223)	Prec@1 62.500 (61.800)	Prec@5 95.536 (94.650)
 * Prec@1 61.800 Prec@5 94.650
 * Prec@1 61.800 Prec@5 94.650
 * Prec@1 61.800 Prec@5 94.650
 * Prec@1 61.800 Prec@5 94.650
Epoch: [28][10/49]	Time 0.434 (0.434)	Speed 2358.329 (2358.329)	Loss 0.6633721590 (0.6634)	Prec@1 76.660 (76.660)	Prec@5 97.656 (97.656)
Epoch: [28][20/49]	Time 0.358 (0.396)	Speed 2858.105 (2584.276)	Loss 0.6798113585 (0.6716)	Prec@1 75.684 (76.172)	Prec@5 97.266 (97.461)
Epoch: [28][30/49]	Time 0.358 (0.383)	Speed 2863.255 (2671.026)	Loss 0.6333321929 (0.6588)	Prec@1 77.344 (76.562)	Prec@5 98.340 (97.754)
Epoch: [28][40/49]	Time 0.364 (0.379)	Speed 2812.753 (2705.101)	Loss 0.6695805192 (0.6615)	Prec@1 75.781 (76.367)	Prec@5 97.949 (97.803)
Test: [10/10]	Time 0.198 (0.257)	Speed 5176.973 (3988.576)	Loss 1.1567 (1.1699)	Prec@1 59.949 (61.420)	Prec@5 94.005 (93.370)
 * Prec@1 61.420 Prec@5 93.370
 * Prec@1 61.420 Prec@5 93.370
 * Prec@1 61.420 Prec@5 93.370
 * Prec@1 61.420 Prec@5 93.370
Epoch: [29][10/49]	Time 0.450 (0.450)	Speed 2277.688 (2277.688)	Loss 0.6753878593 (0.6754)	Prec@1 76.660 (76.660)	Prec@5 97.949 (97.949)
Epoch: [29][20/49]	Time 0.361 (0.405)	Speed 2838.615 (2527.403)	Loss 0.6221984625 (0.6488)	Prec@1 78.516 (77.588)	Prec@5 98.242 (98.096)
Epoch: [29][30/49]	Time 0.352 (0.387)	Speed 2911.136 (2643.557)	Loss 0.6576055884 (0.6517)	Prec@1 77.051 (77.409)	Prec@5 97.852 (98.014)
Epoch: [29][40/49]	Time 0.349 (0.378)	Speed 2935.810 (2711.026)	Loss 0.7047654986 (0.6650)	Prec@1 75.391 (76.904)	Prec@5 98.535 (98.145)
Test: [10/10]	Time 0.205 (0.249)	Speed 5003.229 (4107.323)	Loss 1.1789 (1.1850)	Prec@1 61.097 (60.990)	Prec@5 93.622 (93.680)
 * Prec@1 60.990 Prec@5 93.680
 * Prec@1 60.990 Prec@5 93.680
 * Prec@1 60.990 Prec@5 93.680
 * Prec@1 60.990 Prec@5 93.680
Epoch: [30][10/49]	Time 0.461 (0.461)	Speed 2221.579 (2221.579)	Loss 0.6584813595 (0.6585)	Prec@1 75.879 (75.879)	Prec@5 97.852 (97.852)
Epoch: [30][20/49]	Time 0.349 (0.405)	Speed 2931.983 (2527.818)	Loss 0.5694323182 (0.6140)	Prec@1 80.371 (78.125)	Prec@5 98.828 (98.340)
Epoch: [30][30/49]	Time 0.361 (0.390)	Speed 2834.311 (2622.342)	Loss 0.6032533646 (0.6104)	Prec@1 78.418 (78.223)	Prec@5 98.926 (98.535)
Epoch: [30][40/49]	Time 0.364 (0.384)	Speed 2815.566 (2668.118)	Loss 0.5402340889 (0.5929)	Prec@1 81.543 (79.053)	Prec@5 98.242 (98.462)
Test: [10/10]	Time 0.189 (0.244)	Speed 5404.446 (4192.787)	Loss 1.0929 (1.1185)	Prec@1 63.776 (63.840)	Prec@5 94.515 (94.410)
 * Prec@1 63.840 Prec@5 94.410
 * Prec@1 63.840 Prec@5 94.410
 * Prec@1 63.840 Prec@5 94.410
 * Prec@1 63.840 Prec@5 94.410
Epoch: [31][10/49]	Time 0.415 (0.415)	Speed 2467.344 (2467.344)	Loss 0.5188130140 (0.5188)	Prec@1 82.812 (82.812)	Prec@5 98.535 (98.535)
Epoch: [31][20/49]	Time 0.361 (0.388)	Speed 2832.743 (2637.448)	Loss 0.4815557599 (0.5002)	Prec@1 83.496 (83.154)	Prec@5 98.633 (98.584)
Epoch: [31][30/49]	Time 0.351 (0.376)	Speed 2915.371 (2724.008)	Loss 0.5457625389 (0.5154)	Prec@1 81.348 (82.552)	Prec@5 98.242 (98.470)
Epoch: [31][40/49]	Time 0.361 (0.372)	Speed 2836.297 (2751.238)	Loss 0.5301789045 (0.5191)	Prec@1 82.520 (82.544)	Prec@5 97.852 (98.315)
 * Prec@1 64.400 Prec@5 94.580
 * Prec@1 64.400 Prec@5 94.580
Test: [10/10]	Time 0.196 (0.240)	Speed 5223.413 (4266.520)	Loss 1.0813 (1.1102)	Prec@1 63.648 (64.400)	Prec@5 94.133 (94.580)
 * Prec@1 64.400 Prec@5 94.580
 * Prec@1 64.400 Prec@5 94.580
Epoch: [32][10/49]	Time 0.415 (0.415)	Speed 2470.323 (2470.323)	Loss 0.5097867250 (0.5098)	Prec@1 82.422 (82.422)	Prec@5 98.242 (98.242)
Epoch: [32][20/49]	Time 0.358 (0.386)	Speed 2859.926 (2650.886)	Loss 0.4940371513 (0.5019)	Prec@1 82.715 (82.568)	Prec@5 98.633 (98.438)
Epoch: [32][30/49]	Time 0.361 (0.378)	Speed 2834.933 (2709.521)	Loss 0.5166025162 (0.5068)	Prec@1 83.008 (82.715)	Prec@5 98.438 (98.438)
Epoch: [32][40/49]	Time 0.355 (0.372)	Speed 2883.924 (2751.114)	Loss 0.4558320045 (0.4941)	Prec@1 84.570 (83.179)	Prec@5 98.145 (98.364)
Test: [10/10]	Time 0.188 (0.248)	Speed 5438.347 (4133.461)	Loss 1.0681 (1.1173)	Prec@1 63.648 (64.280)	Prec@5 94.388 (94.430)
 * Prec@1 64.280 Prec@5 94.430
 * Prec@1 64.280 Prec@5 94.430
 * Prec@1 64.280 Prec@5 94.430
 * Prec@1 64.280 Prec@5 94.430
Epoch: [33][10/49]	Time 0.433 (0.433)	Speed 2366.375 (2366.375)	Loss 0.5282765627 (0.5283)	Prec@1 81.250 (81.250)	Prec@5 98.730 (98.730)
Epoch: [33][20/49]	Time 0.355 (0.394)	Speed 2883.747 (2599.569)	Loss 0.5529074073 (0.5406)	Prec@1 79.883 (80.566)	Prec@5 98.047 (98.389)
Epoch: [33][30/49]	Time 0.360 (0.383)	Speed 2844.958 (2676.522)	Loss 0.4900783896 (0.5238)	Prec@1 83.008 (81.380)	Prec@5 98.535 (98.438)
Epoch: [33][40/49]	Time 0.353 (0.375)	Speed 2900.429 (2729.194)	Loss 0.4855133295 (0.5142)	Prec@1 83.887 (82.007)	Prec@5 98.926 (98.560)
 * Prec@1 63.970 Prec@5 94.440
 * Prec@1 63.970 Prec@5 94.440
 * Prec@1 63.970 Prec@5 94.440
Test: [10/10]	Time 0.192 (0.258)	Speed 5345.896 (3976.369)	Loss 1.0885 (1.1454)	Prec@1 64.158 (63.970)	Prec@5 94.770 (94.440)
 * Prec@1 63.970 Prec@5 94.440
Epoch: [34][10/49]	Time 0.444 (0.444)	Speed 2307.863 (2307.863)	Loss 0.5337694883 (0.5338)	Prec@1 81.738 (81.738)	Prec@5 98.438 (98.438)
Epoch: [34][20/49]	Time 0.366 (0.405)	Speed 2796.398 (2528.752)	Loss 0.4742945135 (0.5040)	Prec@1 82.617 (82.178)	Prec@5 98.730 (98.584)
Epoch: [34][30/49]	Time 0.351 (0.387)	Speed 2915.361 (2645.702)	Loss 0.4923980534 (0.5002)	Prec@1 82.520 (82.292)	Prec@5 99.121 (98.763)
Epoch: [34][40/49]	Time 0.366 (0.382)	Speed 2799.183 (2682.472)	Loss 0.4920020103 (0.4981)	Prec@1 83.105 (82.495)	Prec@5 98.730 (98.755)
 * Prec@1 63.730 Prec@5 94.330
Test: [10/10]	Time 0.193 (0.236)	Speed 5298.687 (4334.019)	Loss 1.0637 (1.1362)	Prec@1 64.031 (63.730)	Prec@5 95.281 (94.330)
 * Prec@1 63.730 Prec@5 94.330
 * Prec@1 63.730 Prec@5 94.330
 * Prec@1 63.730 Prec@5 94.330
Epoch: [35][10/49]	Time 0.453 (0.453)	Speed 2262.579 (2262.579)	Loss 0.4194504321 (0.4195)	Prec@1 85.742 (85.742)	Prec@5 99.121 (99.121)
Epoch: [35][20/49]	Time 0.351 (0.402)	Speed 2914.113 (2547.346)	Loss 0.4535457492 (0.4365)	Prec@1 84.082 (84.912)	Prec@5 99.023 (99.072)
Epoch: [35][30/49]	Time 0.356 (0.387)	Speed 2874.131 (2647.692)	Loss 0.4242238402 (0.4324)	Prec@1 84.863 (84.896)	Prec@5 98.926 (99.023)
Epoch: [35][40/49]	Time 0.351 (0.378)	Speed 2916.327 (2710.102)	Loss 0.4448192120 (0.4355)	Prec@1 84.766 (84.863)	Prec@5 98.633 (98.926)
 * Prec@1 64.280 Prec@5 94.440
 * Prec@1 64.280 Prec@5 94.440
Test: [10/10]	Time 0.198 (0.257)	Speed 5162.301 (3987.138)	Loss 1.0848 (1.1375)	Prec@1 64.413 (64.280)	Prec@5 94.770 (94.440)
 * Prec@1 64.280 Prec@5 94.440
 * Prec@1 64.280 Prec@5 94.440
Epoch: [36][10/49]	Time 0.462 (0.462)	Speed 2216.316 (2216.316)	Loss 0.4752085805 (0.4752)	Prec@1 83.691 (83.691)	Prec@5 98.340 (98.340)
Epoch: [36][20/49]	Time 0.378 (0.420)	Speed 2711.877 (2439.181)	Loss 0.4633678198 (0.4693)	Prec@1 84.082 (83.887)	Prec@5 98.730 (98.535)
Epoch: [36][30/49]	Time 0.366 (0.402)	Speed 2797.462 (2547.956)	Loss 0.4629610181 (0.4672)	Prec@1 83.301 (83.691)	Prec@5 98.828 (98.633)
Epoch: [36][40/49]	Time 0.377 (0.396)	Speed 2716.571 (2588.116)	Loss 0.5444700718 (0.4865)	Prec@1 81.348 (83.105)	Prec@5 98.730 (98.657)
Test: [10/10]	Time 0.185 (0.246)	Speed 5540.085 (4162.686)	Loss 1.0812 (1.1466)	Prec@1 64.668 (64.060)	Prec@5 95.026 (94.440)
 * Prec@1 64.060 Prec@5 94.440
 * Prec@1 64.060 Prec@5 94.440
 * Prec@1 64.060 Prec@5 94.440
 * Prec@1 64.060 Prec@5 94.440
Epoch: [37][10/49]	Time 0.461 (0.461)	Speed 2221.639 (2221.639)	Loss 0.4744690657 (0.4745)	Prec@1 83.984 (83.984)	Prec@5 98.633 (98.633)
Epoch: [37][20/49]	Time 0.355 (0.408)	Speed 2883.145 (2509.531)	Loss 0.4369494915 (0.4557)	Prec@1 84.766 (84.375)	Prec@5 98.633 (98.633)
Epoch: [37][30/49]	Time 0.351 (0.389)	Speed 2920.083 (2632.924)	Loss 0.5117896795 (0.4744)	Prec@1 83.105 (83.952)	Prec@5 98.438 (98.568)
Epoch: [37][40/49]	Time 0.362 (0.382)	Speed 2829.260 (2679.408)	Loss 0.4533945322 (0.4692)	Prec@1 84.570 (84.106)	Prec@5 99.121 (98.706)
 * Prec@1 63.890 Prec@5 94.390
 * Prec@1 63.890 Prec@5 94.390
 * Prec@1 63.890 Prec@5 94.390
Test: [10/10]	Time 0.180 (0.235)	Speed 5685.204 (4348.412)	Loss 1.0920 (1.1402)	Prec@1 64.286 (63.890)	Prec@5 94.770 (94.390)
 * Prec@1 63.890 Prec@5 94.390
Epoch: [38][10/49]	Time 0.459 (0.459)	Speed 2228.610 (2228.610)	Loss 0.4623590708 (0.4624)	Prec@1 83.594 (83.594)	Prec@5 99.023 (99.023)
Epoch: [38][20/49]	Time 0.363 (0.411)	Speed 2819.914 (2489.634)	Loss 0.4893570244 (0.4759)	Prec@1 82.812 (83.203)	Prec@5 98.535 (98.779)
Epoch: [38][30/49]	Time 0.364 (0.395)	Speed 2815.915 (2589.655)	Loss 0.4699096084 (0.4739)	Prec@1 82.812 (83.073)	Prec@5 98.633 (98.730)
Epoch: [38][40/49]	Time 0.360 (0.387)	Speed 2846.387 (2649.396)	Loss 0.4420420229 (0.4659)	Prec@1 85.352 (83.643)	Prec@5 97.949 (98.535)
Test: [10/10]	Time 0.199 (0.254)	Speed 5146.860 (4032.704)	Loss 1.1144 (1.1674)	Prec@1 64.796 (64.190)	Prec@5 94.133 (94.020)
 * Prec@1 64.190 Prec@5 94.020
 * Prec@1 64.190 Prec@5 94.020
 * Prec@1 64.190 Prec@5 94.020
 * Prec@1 64.190 Prec@5 94.020
Epoch: [39][10/49]	Time 0.446 (0.446)	Speed 2296.383 (2296.383)	Loss 0.4441128969 (0.4441)	Prec@1 84.863 (84.863)	Prec@5 98.535 (98.535)
Epoch: [39][20/49]	Time 0.356 (0.401)	Speed 2878.569 (2554.728)	Loss 0.4569573104 (0.4505)	Prec@1 83.984 (84.424)	Prec@5 99.121 (98.828)
Epoch: [39][30/49]	Time 0.353 (0.385)	Speed 2904.841 (2661.662)	Loss 0.4628904760 (0.4547)	Prec@1 83.887 (84.245)	Prec@5 98.145 (98.600)
Epoch: [39][40/49]	Time 0.357 (0.378)	Speed 2867.205 (2710.235)	Loss 0.4621331990 (0.4565)	Prec@1 84.082 (84.204)	Prec@5 99.023 (98.706)
 * Prec@1 64.050 Prec@5 94.190
 * Prec@1 64.050 Prec@5 94.190
 * Prec@1 64.050 Prec@5 94.190
Test: [10/10]	Time 0.190 (0.239)	Speed 5392.510 (4277.778)	Loss 1.1160 (1.1540)	Prec@1 63.520 (64.050)	Prec@5 95.026 (94.190)
 * Prec@1 64.050 Prec@5 94.190
Epoch: [40][10/49]	Time 0.445 (0.445)	Speed 2302.622 (2302.622)	Loss 0.4420883060 (0.4421)	Prec@1 84.961 (84.961)	Prec@5 98.730 (98.730)
Epoch: [40][20/49]	Time 0.355 (0.400)	Speed 2887.115 (2561.954)	Loss 0.4458070993 (0.4439)	Prec@1 84.082 (84.521)	Prec@5 98.828 (98.779)
Epoch: [40][30/49]	Time 0.357 (0.385)	Speed 2867.820 (2656.393)	Loss 0.4086902738 (0.4322)	Prec@1 84.570 (84.538)	Prec@5 99.512 (99.023)
Epoch: [40][40/49]	Time 0.361 (0.379)	Speed 2837.047 (2699.365)	Loss 0.4507422745 (0.4368)	Prec@1 84.570 (84.546)	Prec@5 98.926 (98.999)
Test: [10/10]	Time 0.185 (0.249)	Speed 5544.712 (4110.133)	Loss 1.1073 (1.1614)	Prec@1 64.668 (64.000)	Prec@5 94.643 (94.040)
 * Prec@1 64.000 Prec@5 94.040
 * Prec@1 64.000 Prec@5 94.040
 * Prec@1 64.000 Prec@5 94.040
 * Prec@1 64.000 Prec@5 94.040
Epoch: [41][10/49]	Time 0.453 (0.453)	Speed 2260.112 (2260.112)	Loss 0.4315960705 (0.4316)	Prec@1 84.473 (84.473)	Prec@5 98.828 (98.828)
Epoch: [41][20/49]	Time 0.358 (0.406)	Speed 2859.723 (2524.806)	Loss 0.4125348330 (0.4221)	Prec@1 84.863 (84.668)	Prec@5 99.121 (98.975)
Epoch: [41][30/49]	Time 0.357 (0.389)	Speed 2870.574 (2630.420)	Loss 0.3906088769 (0.4116)	Prec@1 85.449 (84.928)	Prec@5 98.828 (98.926)
Epoch: [41][40/49]	Time 0.350 (0.379)	Speed 2929.879 (2699.395)	Loss 0.4453697503 (0.4200)	Prec@1 84.277 (84.766)	Prec@5 98.730 (98.877)
Test: [10/10]	Time 0.184 (0.259)	Speed 5567.922 (3953.144)	Loss 1.1431 (1.1886)	Prec@1 65.051 (63.440)	Prec@5 93.878 (93.620)
 * Prec@1 63.440 Prec@5 93.620
 * Prec@1 63.440 Prec@5 93.620
 * Prec@1 63.440 Prec@5 93.620
 * Prec@1 63.440 Prec@5 93.620
Epoch: [42][10/49]	Time 0.456 (0.456)	Speed 2247.267 (2247.267)	Loss 0.4301490188 (0.4301)	Prec@1 84.668 (84.668)	Prec@5 99.121 (99.121)
Epoch: [42][20/49]	Time 0.350 (0.403)	Speed 2928.562 (2543.075)	Loss 0.4671905041 (0.4487)	Prec@1 85.156 (84.912)	Prec@5 99.121 (99.121)
Epoch: [42][30/49]	Time 0.358 (0.388)	Speed 2856.451 (2639.604)	Loss 0.4326491356 (0.4433)	Prec@1 83.887 (84.570)	Prec@5 98.926 (99.056)
Epoch: [42][40/49]	Time 0.358 (0.380)	Speed 2863.647 (2692.262)	Loss 0.5026157498 (0.4582)	Prec@1 81.738 (83.862)	Prec@5 98.340 (98.877)
 * Prec@1 64.430 Prec@5 94.200
 * Prec@1 64.430 Prec@5 94.200
Test: [10/10]	Time 0.194 (0.247)	Speed 5284.650 (4138.098)	Loss 1.1084 (1.1755)	Prec@1 65.051 (64.430)	Prec@5 94.770 (94.200)
 * Prec@1 64.430 Prec@5 94.200
 * Prec@1 64.430 Prec@5 94.200
Epoch: [43][10/49]	Time 0.424 (0.424)	Speed 2416.507 (2416.507)	Loss 0.4417180717 (0.4417)	Prec@1 83.496 (83.496)	Prec@5 99.805 (99.805)
Epoch: [43][20/49]	Time 0.364 (0.394)	Speed 2815.636 (2600.848)	Loss 0.4514163733 (0.4466)	Prec@1 84.766 (84.131)	Prec@5 98.633 (99.219)
Epoch: [43][30/49]	Time 0.358 (0.382)	Speed 2863.477 (2682.870)	Loss 0.4128783345 (0.4353)	Prec@1 84.668 (84.310)	Prec@5 99.414 (99.284)
Epoch: [43][40/49]	Time 0.364 (0.377)	Speed 2813.596 (2714.399)	Loss 0.4139516056 (0.4300)	Prec@1 85.645 (84.644)	Prec@5 99.023 (99.219)
Test: [10/10]	Time 0.188 (0.245)	Speed 5434.363 (4176.550)	Loss 1.1445 (1.2006)	Prec@1 62.883 (62.910)	Prec@5 94.515 (93.810)
 * Prec@1 62.910 Prec@5 93.810
 * Prec@1 62.910 Prec@5 93.810
 * Prec@1 62.910 Prec@5 93.810
 * Prec@1 62.910 Prec@5 93.810
Epoch: [44][10/49]	Time 0.466 (0.466)	Speed 2196.746 (2196.746)	Loss 0.4487907290 (0.4488)	Prec@1 84.473 (84.473)	Prec@5 99.121 (99.121)
Epoch: [44][20/49]	Time 0.356 (0.411)	Speed 2875.287 (2490.629)	Loss 0.4098254442 (0.4293)	Prec@1 85.742 (85.107)	Prec@5 98.926 (99.023)
Epoch: [44][30/49]	Time 0.358 (0.393)	Speed 2862.153 (2603.269)	Loss 0.4656456709 (0.4414)	Prec@1 82.227 (84.147)	Prec@5 98.926 (98.991)
Epoch: [44][40/49]	Time 0.361 (0.385)	Speed 2832.647 (2657.059)	Loss 0.4121967256 (0.4341)	Prec@1 85.840 (84.570)	Prec@5 99.121 (99.023)
Test: [10/10]	Time 0.181 (0.234)	Speed 5645.048 (4379.434)	Loss 1.1220 (1.1869)	Prec@1 64.158 (63.710)	Prec@5 93.878 (93.910)
 * Prec@1 63.710 Prec@5 93.910
 * Prec@1 63.710 Prec@5 93.910
 * Prec@1 63.710 Prec@5 93.910
 * Prec@1 63.710 Prec@5 93.910
Epoch: [45][10/49]	Time 0.483 (0.483)	Speed 2119.976 (2119.976)	Loss 0.4546695948 (0.4547)	Prec@1 84.082 (84.082)	Prec@5 98.828 (98.828)
Epoch: [45][20/49]	Time 0.356 (0.419)	Speed 2877.784 (2441.427)	Loss 0.4527355433 (0.4537)	Prec@1 84.180 (84.131)	Prec@5 98.828 (98.828)
Epoch: [45][30/49]	Time 0.350 (0.396)	Speed 2922.106 (2583.063)	Loss 0.4317006469 (0.4464)	Prec@1 85.059 (84.440)	Prec@5 99.414 (99.023)
Epoch: [45][40/49]	Time 0.357 (0.387)	Speed 2865.615 (2648.345)	Loss 0.4443283975 (0.4459)	Prec@1 84.277 (84.399)	Prec@5 98.926 (98.999)
 * Prec@1 64.260 Prec@5 93.840
 * Prec@1 64.260 Prec@5 93.840
Test: [10/10]	Time 0.183 (0.234)	Speed 5610.801 (4374.505)	Loss 1.0888 (1.1741)	Prec@1 63.903 (64.260)	Prec@5 95.026 (93.840)
 * Prec@1 64.260 Prec@5 93.840
 * Prec@1 64.260 Prec@5 93.840
Epoch: [46][10/49]	Time 0.451 (0.451)	Speed 2270.105 (2270.105)	Loss 0.4203758538 (0.4204)	Prec@1 86.230 (86.230)	Prec@5 99.121 (99.121)
Epoch: [46][20/49]	Time 0.356 (0.403)	Speed 2879.778 (2538.853)	Loss 0.4553641975 (0.4379)	Prec@1 83.984 (85.107)	Prec@5 98.828 (98.975)
Epoch: [46][30/49]	Time 0.368 (0.391)	Speed 2785.268 (2616.000)	Loss 0.4299170375 (0.4352)	Prec@1 85.645 (85.286)	Prec@5 99.219 (99.056)
Epoch: [46][40/49]	Time 0.348 (0.381)	Speed 2943.913 (2690.933)	Loss 0.4117833972 (0.4294)	Prec@1 85.449 (85.327)	Prec@5 99.023 (99.048)
Test: [10/10]	Time 0.193 (0.247)	Speed 5295.185 (4139.931)	Loss 1.1081 (1.1853)	Prec@1 65.434 (64.280)	Prec@5 94.260 (94.240)
 * Prec@1 64.280 Prec@5 94.240
 * Prec@1 64.280 Prec@5 94.240
 * Prec@1 64.280 Prec@5 94.240
 * Prec@1 64.280 Prec@5 94.240
Epoch: [47][10/49]	Time 0.448 (0.448)	Speed 2286.354 (2286.354)	Loss 0.4092621803 (0.4093)	Prec@1 85.449 (85.449)	Prec@5 98.535 (98.535)
Epoch: [47][20/49]	Time 0.346 (0.397)	Speed 2957.322 (2578.910)	Loss 0.3860384822 (0.3977)	Prec@1 86.816 (86.133)	Prec@5 99.414 (98.975)
Epoch: [47][30/49]	Time 0.353 (0.382)	Speed 2899.824 (2677.687)	Loss 0.4079744220 (0.4011)	Prec@1 85.742 (86.003)	Prec@5 99.219 (99.056)
Epoch: [47][40/49]	Time 0.361 (0.377)	Speed 2838.757 (2716.216)	Loss 0.3758382797 (0.3948)	Prec@1 87.891 (86.475)	Prec@5 99.023 (99.048)
Test: [10/10]	Time 0.178 (0.256)	Speed 5752.571 (4001.856)	Loss 1.1623 (1.2177)	Prec@1 63.138 (63.270)	Prec@5 94.898 (93.930)
 * Prec@1 63.270 Prec@5 93.930
 * Prec@1 63.270 Prec@5 93.930
 * Prec@1 63.270 Prec@5 93.930
 * Prec@1 63.270 Prec@5 93.930
Epoch: [48][10/49]	Time 0.462 (0.462)	Speed 2214.635 (2214.635)	Loss 0.3957233429 (0.3957)	Prec@1 85.742 (85.742)	Prec@5 99.121 (99.121)
Epoch: [48][20/49]	Time 0.349 (0.406)	Speed 2932.807 (2523.621)	Loss 0.4700356722 (0.4329)	Prec@1 83.301 (84.521)	Prec@5 98.242 (98.682)
Epoch: [48][30/49]	Time 0.360 (0.390)	Speed 2846.036 (2622.658)	Loss 0.4573521912 (0.4410)	Prec@1 82.422 (83.822)	Prec@5 98.730 (98.698)
Epoch: [48][40/49]	Time 0.364 (0.384)	Speed 2813.436 (2667.885)	Loss 0.4209242165 (0.4360)	Prec@1 84.277 (83.936)	Prec@5 98.730 (98.706)
Test: [10/10]	Time 0.195 (0.245)	Speed 5255.377 (4182.614)	Loss 1.1456 (1.2158)	Prec@1 64.796 (64.070)	Prec@5 94.260 (93.800)
 * Prec@1 64.070 Prec@5 93.800
 * Prec@1 64.070 Prec@5 93.800
 * Prec@1 64.070 Prec@5 93.800
 * Prec@1 64.070 Prec@5 93.800
Epoch: [49][10/49]	Time 0.472 (0.472)	Speed 2167.426 (2167.426)	Loss 0.4066186249 (0.4066)	Prec@1 85.547 (85.547)	Prec@5 98.926 (98.926)
Epoch: [49][20/49]	Time 0.377 (0.425)	Speed 2713.707 (2409.997)	Loss 0.3941522241 (0.4004)	Prec@1 85.840 (85.693)	Prec@5 99.121 (99.023)
Epoch: [49][30/49]	Time 0.384 (0.411)	Speed 2666.645 (2489.875)	Loss 0.4494338036 (0.4167)	Prec@1 83.398 (84.928)	Prec@5 99.219 (99.089)
Epoch: [49][40/49]	Time 0.385 (0.405)	Speed 2659.187 (2530.149)	Loss 0.3897424936 (0.4100)	Prec@1 85.742 (85.132)	Prec@5 98.926 (99.048)
Test: [10/10]	Time 0.189 (0.255)	Speed 5431.813 (4017.176)	Loss 1.1421 (1.2208)	Prec@1 65.306 (64.170)	Prec@5 94.260 (93.820)
 * Prec@1 64.170 Prec@5 93.820
 * Prec@1 64.170 Prec@5 93.820
 * Prec@1 64.170 Prec@5 93.820
 * Prec@1 64.170 Prec@5 93.820